Number of rows/cols is 32
Number of nnz is    514
#d1 vertices: 0
#d2 vertices: 0
min degree: 9
************************************************************************
Algo is 1
Compress matrix 0
Apply Dulmage-Mendehlson 0
Sorting 0
Single run 1
************************************************************************
Perman: [veni] running with 32 rows:
	1 of 21 in 5.32218 - percent 1
	2 of 21 in 10.6429 - percent 1
	3 of 21 in 15.9645 - percent 1
	4 of 21 in 21.2856 - percent 1
	5 of 21 in 26.6083 - percent 1
	6 of 21 in 31.93 - percent 1
	7 of 21 in 37.2523 - percent 1
	8 of 21 in 42.5734 - percent 1
	9 of 21 in 47.894 - percent 1
	10 of 21 in 53.2154 - percent 1
	11 of 21 in 58.5369 - percent 1
	12 of 21 in 63.8585 - percent 1
	13 of 21 in 69.1793 - percent 1
	14 of 21 in 74.5004 - percent 1
	15 of 21 in 79.8215 - percent 1
	16 of 21 in 85.1424 - percent 1
	17 of 21 in 90.4631 - percent 1
	18 of 21 in 95.784 - percent 1
	19 of 21 in 101.105 - percent 1
	20 of 21 in 106.425 - percent 1
	21 of 21 in 111.747 - percent 1
 [vidi] 1 0 /home/kaya/sparyser/ErdosRenyi/erdos_32.0.50.0.mtx_0 32 0 114.273
Overall perman is: 0 in 114.273
