Number of rows/cols is 32
Number of nnz is    492
#d1 vertices: 0
#d2 vertices: 0
min degree: 9
************************************************************************
Algo is 1
Compress matrix 0
Apply Dulmage-Mendehlson 0
Sorting 0
Single run 1
************************************************************************
Perman: [veni] running with 32 rows:
	1 of 21 in 5.41138 - percent 1
	2 of 21 in 10.8229 - percent 1
	3 of 21 in 16.2343 - percent 1
	4 of 21 in 21.6458 - percent 1
	5 of 21 in 27.0504 - percent 1
	6 of 21 in 32.3601 - percent 1
	7 of 21 in 37.6699 - percent 1
	8 of 21 in 42.9791 - percent 1
	9 of 21 in 48.2887 - percent 1
	10 of 21 in 53.5976 - percent 1
	11 of 21 in 58.9063 - percent 1
	12 of 21 in 64.2154 - percent 1
	13 of 21 in 69.5246 - percent 1
	14 of 21 in 74.8339 - percent 1
	15 of 21 in 80.1429 - percent 1
	16 of 21 in 85.4518 - percent 1
	17 of 21 in 90.7608 - percent 1
	18 of 21 in 96.0699 - percent 1
	19 of 21 in 101.379 - percent 1
	20 of 21 in 106.688 - percent 1
	21 of 21 in 111.998 - percent 1
 [vidi] 1 0 /home/kaya/sparyser/ErdosRenyi/erdos_32.0.50.1.mtx_0 32 0 114.519
Overall perman is: 0 in 114.519
