Number of rows/cols is 32
Number of nnz is    394
#d1 vertices: 0
#d2 vertices: 0
min degree: 6
************************************************************************
Algo is 3
Compress matrix 0
Apply Dulmage-Mendehlson 0
Sorting 1
Single run 1
************************************************************************
Perman: [veni] running with 32 rows:
	1 of 21 in 1.75587 - percent 0.131503
	2 of 21 in 3.65699 - percent 0.123594
	3 of 21 in 5.44719 - percent 0.118102
	5 of 21 in 9.88843 - percent 0.122268
	7 of 21 in 13.7667 - percent 0.120294
	9 of 21 in 18.5845 - percent 0.125911
	13 of 21 in 26.6304 - percent 0.124354
	17 of 21 in 36.2187 - percent 0.131809
	20 of 21 in 44.1906 - percent 0.135948
	21 of 21 in 45.9627 - percent 0.134142
 [vidi] 3 1 /home/kaya/sparyser/ErdosRenyi/erdos_32.0.40.1.mtx_0 32 0 46.9005
Overall perman is: 0 in 46.9006
