Number of rows/cols is 32
Number of nnz is    401
#d1 vertices: 0
#d2 vertices: 0
min degree: 6
************************************************************************
Algo is 1
Compress matrix 0
Apply Dulmage-Mendehlson 0
Sorting 0
Single run 1
************************************************************************
Perman: [veni] running with 32 rows:
	1 of 21 in 5.31939 - percent 1
	2 of 21 in 10.6387 - percent 1
	3 of 21 in 15.9578 - percent 1
	4 of 21 in 21.2772 - percent 1
	5 of 21 in 26.5966 - percent 1
	6 of 21 in 31.916 - percent 1
	7 of 21 in 37.2357 - percent 1
	8 of 21 in 42.5548 - percent 1
	9 of 21 in 47.8738 - percent 1
	10 of 21 in 53.1924 - percent 1
	11 of 21 in 58.5109 - percent 1
	12 of 21 in 63.8291 - percent 1
	13 of 21 in 69.1476 - percent 1
	14 of 21 in 74.4661 - percent 1
	15 of 21 in 79.7847 - percent 1
	16 of 21 in 85.103 - percent 1
	17 of 21 in 90.4214 - percent 1
	18 of 21 in 95.7395 - percent 1
	19 of 21 in 101.058 - percent 1
	20 of 21 in 106.376 - percent 1
	21 of 21 in 111.695 - percent 1
 [vidi] 1 0 /home/kaya/sparyser/ErdosRenyi/erdos_32.0.40.2.mtx_0 32 0 114.22
Overall perman is: 0 in 114.22
