Number of rows/cols is 32
Number of nnz is    401
#d1 vertices: 0
#d2 vertices: 0
min degree: 6
************************************************************************
Algo is 3
Compress matrix 0
Apply Dulmage-Mendehlson 0
Sorting 3
Single run 1
************************************************************************
Perman: [veni] running with 32 rows:
	1 of 21 in 2.11813 - percent 0.183899
	3 of 21 in 5.24293 - percent 0.142503
	6 of 21 in 9.88065 - percent 0.131162
	13 of 21 in 22.4045 - percent 0.136592
	14 of 21 in 24.4207 - percent 0.138952
	15 of 21 in 26.8023 - percent 0.144728
	16 of 21 in 28.6138 - percent 0.144858
	17 of 21 in 30.0953 - percent 0.142745
	18 of 21 in 32.1032 - percent 0.143845
 [vidi] 3 3 /home/kaya/sparyser/ErdosRenyi/erdos_32.0.40.2.mtx_0 32 0 38.0165
Overall perman is: 0 in 38.0166
