Number of rows/cols is 32
Number of nnz is    204
#d1 vertices: 1
#d2 vertices: 2
min degree: 1
************************************************************************
Algo is 1
Compress matrix 0
Apply Dulmage-Mendehlson 0
Sorting 0
Single run 1
************************************************************************
Perman: [veni] running with 32 rows:
	1 of 21 in 5.32271 - percent 1
	2 of 21 in 10.645 - percent 1
	3 of 21 in 15.9668 - percent 1
	4 of 21 in 21.2889 - percent 1
	5 of 21 in 26.6113 - percent 1
	6 of 21 in 31.9334 - percent 1
	7 of 21 in 37.2557 - percent 1
	8 of 21 in 42.5775 - percent 1
	9 of 21 in 47.8995 - percent 1
	10 of 21 in 53.2212 - percent 1
	11 of 21 in 58.543 - percent 1
	12 of 21 in 63.8649 - percent 1
	13 of 21 in 69.1867 - percent 1
	14 of 21 in 74.5087 - percent 1
	15 of 21 in 79.8303 - percent 1
	16 of 21 in 85.1521 - percent 1
	17 of 21 in 90.4741 - percent 1
	18 of 21 in 95.7958 - percent 1
	19 of 21 in 101.118 - percent 1
	20 of 21 in 106.44 - percent 1
	21 of 21 in 111.761 - percent 1
 [vidi] 1 0 /home/kaya/sparyser/ErdosRenyi/erdos_32.0.20.1.mtx_0 32 158775317594 114.288
Overall perman is: 158775317594 in 114.288
