Number of rows/cols is 32
Number of nnz is    317
#d1 vertices: 0
#d2 vertices: 1
min degree: 2
************************************************************************
Algo is 3
Compress matrix 0
Apply Dulmage-Mendehlson 0
Sorting 3
Single run 1
************************************************************************
Perman: [veni] running with 32 rows:
	3 of 21 in 3.18949 - percent 0.0895352
	4 of 21 in 4.29395 - percent 0.0893129
	6 of 21 in 6.34653 - percent 0.0866546
	7 of 21 in 7.41005 - percent 0.0864395
	12 of 21 in 12.6806 - percent 0.0857216
	18 of 21 in 19.5357 - percent 0.089891
	20 of 21 in 21.708 - percent 0.0896519
 [vidi] 3 3 /home/kaya/sparyser/ErdosRenyi/erdos_32.0.30.1.mtx_0 32 3116390532964352000 23.2502
Overall perman is: 3116390532964352000 in 23.2503
