Number of rows/cols is 32
Number of nnz is    394
#d1 vertices: 0
#d2 vertices: 0
min degree: 6
************************************************************************
Algo is 1
Compress matrix 0
Apply Dulmage-Mendehlson 0
Sorting 0
Single run 1
************************************************************************
Perman: [veni] running with 32 rows:
	1 of 21 in 5.31795 - percent 1
	2 of 21 in 10.636 - percent 1
	3 of 21 in 15.9539 - percent 1
	4 of 21 in 21.2717 - percent 1
	5 of 21 in 26.5897 - percent 1
	6 of 21 in 31.9077 - percent 1
	7 of 21 in 37.2258 - percent 1
	8 of 21 in 42.5438 - percent 1
	9 of 21 in 47.8617 - percent 1
	10 of 21 in 53.1791 - percent 1
	11 of 21 in 58.4966 - percent 1
	12 of 21 in 63.8137 - percent 1
	13 of 21 in 69.131 - percent 1
	14 of 21 in 74.4483 - percent 1
	15 of 21 in 79.7657 - percent 1
	16 of 21 in 85.0829 - percent 1
	17 of 21 in 90.4002 - percent 1
	18 of 21 in 95.7176 - percent 1
	19 of 21 in 101.035 - percent 1
	20 of 21 in 106.352 - percent 1
	21 of 21 in 111.669 - percent 1
 [vidi] 1 0 /home/kaya/sparyser/ErdosRenyi/erdos_32.0.40.1.mtx_0 32 0 114.194
Overall perman is: 0 in 114.194
