Number of rows/cols is 32
Number of nnz is    206
#d1 vertices: 1
#d2 vertices: 2
min degree: 1
************************************************************************
Algo is 1
Compress matrix 0
Apply Dulmage-Mendehlson 0
Sorting 0
Single run 1
************************************************************************
Perman: [veni] running with 32 rows:
	1 of 21 in 5.31934 - percent 1
	2 of 21 in 10.6386 - percent 1
	3 of 21 in 15.9577 - percent 1
	4 of 21 in 21.277 - percent 1
	5 of 21 in 26.5964 - percent 1
	6 of 21 in 31.9155 - percent 1
	7 of 21 in 37.235 - percent 1
	8 of 21 in 42.5543 - percent 1
	9 of 21 in 47.8733 - percent 1
	10 of 21 in 53.1918 - percent 1
	11 of 21 in 58.5104 - percent 1
	12 of 21 in 63.8289 - percent 1
	13 of 21 in 69.1474 - percent 1
	14 of 21 in 74.466 - percent 1
	15 of 21 in 79.7847 - percent 1
	16 of 21 in 85.1035 - percent 1
	17 of 21 in 90.422 - percent 1
	18 of 21 in 95.7402 - percent 1
	19 of 21 in 101.059 - percent 1
	20 of 21 in 106.377 - percent 1
	21 of 21 in 111.696 - percent 1
 [vidi] 1 0 /home/kaya/sparyser/ErdosRenyi/erdos_32.0.20.0.mtx_0 32 380261712616 114.221
Overall perman is: 380261712616 in 114.221
