Number of rows/cols is 32
Number of nnz is    433
#d1 vertices: 0
#d2 vertices: 0
min degree: 7
************************************************************************
Algo is 1
Compress matrix 0
Apply Dulmage-Mendehlson 0
Sorting 0
Single run 1
************************************************************************
Perman: [veni] running with 32 rows:
	1 of 21 in 5.30778 - percent 1
	2 of 21 in 10.6153 - percent 1
	3 of 21 in 15.9229 - percent 1
	4 of 21 in 21.2305 - percent 1
	5 of 21 in 26.5385 - percent 1
	6 of 21 in 31.8458 - percent 1
	7 of 21 in 37.1537 - percent 1
	8 of 21 in 42.4612 - percent 1
	9 of 21 in 47.7688 - percent 1
	10 of 21 in 53.0761 - percent 1
	11 of 21 in 58.383 - percent 1
	12 of 21 in 63.6898 - percent 1
	13 of 21 in 68.9969 - percent 1
	14 of 21 in 74.3043 - percent 1
	15 of 21 in 79.6116 - percent 1
	16 of 21 in 84.9186 - percent 1
	17 of 21 in 90.2257 - percent 1
	18 of 21 in 95.5331 - percent 1
	19 of 21 in 100.84 - percent 1
	20 of 21 in 106.147 - percent 1
	21 of 21 in 111.455 - percent 1
 [vidi] 1 0 /home/kaya/sparyser/ErdosRenyi/erdos_32.0.40.0.mtx_0 32 0 113.975
Overall perman is: 0 in 113.975
