Number of rows/cols is 32
Number of nnz is    433
#d1 vertices: 0
#d2 vertices: 0
min degree: 7
************************************************************************
Algo is 3
Compress matrix 0
Apply Dulmage-Mendehlson 0
Sorting 3
Single run 1
************************************************************************
Perman: [veni] running with 32 rows:
	1 of 21 in 3.17233 - percent 0.22145
	2 of 21 in 6.06475 - percent 0.202272
	3 of 21 in 9.01732 - percent 0.19811
	4 of 21 in 11.9396 - percent 0.193951
	5 of 21 in 14.7834 - percent 0.189419
	6 of 21 in 17.9116 - percent 0.19009
	8 of 21 in 24.5136 - percent 0.195158
	10 of 21 in 30.6143 - percent 0.192723
	11 of 21 in 33.6847 - percent 0.192681
	12 of 21 in 36.7097 - percent 0.191375
	13 of 21 in 40.1311 - percent 0.192798
	16 of 21 in 49.9087 - percent 0.196153
 [vidi] 3 3 /home/kaya/sparyser/ErdosRenyi/erdos_32.0.40.0.mtx_0 32 0 66.8527
Overall perman is: 0 in 66.8527
