Number of rows/cols is 32
Number of nnz is    307
#d1 vertices: 0
#d2 vertices: 0
min degree: 3
************************************************************************
Algo is 3
Compress matrix 0
Apply Dulmage-Mendehlson 0
Sorting 3
Single run 1
************************************************************************
Perman: [veni] running with 32 rows:
	1 of 21 in 1.21233 - percent 0.0871937
	2 of 21 in 1.98797 - percent 0.0708276
	9 of 21 in 7.63791 - percent 0.0577134
	14 of 21 in 11.8516 - percent 0.0577137
	15 of 21 in 13.4448 - percent 0.0620316
 [vidi] 3 3 /home/kaya/sparyser/ErdosRenyi/erdos_32.0.30.0.mtx_0 32 1257011637139510272 19.4983
Overall perman is: 1257011637139510272 in 19.4983
