Number of rows/cols is 32
Number of nnz is    224
#d1 vertices: 0
#d2 vertices: 1
min degree: 2
************************************************************************
Algo is 1
Compress matrix 0
Apply Dulmage-Mendehlson 0
Sorting 0
Single run 1
************************************************************************
Perman: [veni] running with 32 rows:
	1 of 21 in 5.40095 - percent 1
	2 of 21 in 10.8013 - percent 1
	3 of 21 in 16.2016 - percent 1
	4 of 21 in 21.6022 - percent 1
	5 of 21 in 27.0026 - percent 1
	6 of 21 in 32.403 - percent 1
	7 of 21 in 37.8033 - percent 1
	8 of 21 in 43.2038 - percent 1
	9 of 21 in 48.6041 - percent 1
	10 of 21 in 54.0039 - percent 1
	11 of 21 in 59.4036 - percent 1
	12 of 21 in 64.8032 - percent 1
	13 of 21 in 70.2029 - percent 1
	14 of 21 in 75.6025 - percent 1
	15 of 21 in 81.0025 - percent 1
	16 of 21 in 86.4023 - percent 1
	17 of 21 in 91.8022 - percent 1
	18 of 21 in 97.2017 - percent 1
	19 of 21 in 102.602 - percent 1
	20 of 21 in 108.001 - percent 1
	21 of 21 in 113.401 - percent 1
 [vidi] 1 0 /home/kaya/sparyser/ErdosRenyi/erdos_32.0.20.2.mtx_0 32 31069679629478 115.936
Overall perman is: 31069679629478 in 115.936
