Number of rows/cols is 32
Number of nnz is    514
#d1 vertices: 0
#d2 vertices: 0
min degree: 9
************************************************************************
Algo is 3
Compress matrix 0
Apply Dulmage-Mendehlson 0
Sorting 1
Single run 1
************************************************************************
Perman: [veni] running with 32 rows:
	2 of 21 in 7.51571 - percent 0.225394
	3 of 21 in 11.1418 - percent 0.218094
	4 of 21 in 14.8842 - percent 0.216895
	5 of 21 in 18.4695 - percent 0.211997
	6 of 21 in 22.1665 - percent 0.21054
	9 of 21 in 33.57 - percent 0.216903
	12 of 21 in 44.7739 - percent 0.213109
	14 of 21 in 53.089 - percent 0.219378
	15 of 21 in 57.6903 - percent 0.226726
	18 of 21 in 70.1287 - percent 0.229102
	19 of 21 in 74.1691 - percent 0.229088
 [vidi] 3 1 /home/kaya/sparyser/ErdosRenyi/erdos_32.0.50.0.mtx_0 32 0 83.6075
Overall perman is: 0 in 83.6075
