Number of rows/cols is 48
Number of nnz is    400
#d1 vertices: 0
#d2 vertices: 0
min degree: 5
************************************************************************
Algo is 1
Compress matrix 0
Apply Dulmage-Mendehlson 0
Sorting 1
Single run 0
************************************************************************
Perman: [veni] running with 48 rows:
	1 of 1407374 in 8.33128 - percent 1
	2 of 1407374 in 16.6627 - percent 1
	3 of 1407374 in 24.9942 - percent 1
	4 of 1407374 in 33.3257 - percent 1
	5 of 1407374 in 41.6571 - percent 1
	6 of 1407374 in 49.9885 - percent 1
	7 of 1407374 in 58.3199 - percent 1
	8 of 1407374 in 66.6514 - percent 1
	9 of 1407374 in 74.9828 - percent 1
	10 of 1407374 in 83.3143 - percent 1
	11 of 1407374 in 91.646 - percent 1
	12 of 1407374 in 99.9776 - percent 1
	13 of 1407374 in 108.309 - percent 1
	14 of 1407374 in 116.64 - percent 1
	15 of 1407374 in 124.972 - percent 1
	16 of 1407374 in 133.303 - percent 1
	17 of 1407374 in 141.635 - percent 1
	18 of 1407374 in 149.966 - percent 1
	19 of 1407374 in 158.298 - percent 1
	20 of 1407374 in 166.629 - percent 1
	21 of 1407374 in 174.96 - percent 1
	22 of 1407374 in 183.291 - percent 1
	23 of 1407374 in 191.622 - percent 1
	24 of 1407374 in 199.954 - percent 1
	25 of 1407374 in 208.285 - percent 1
	26 of 1407374 in 216.616 - percent 1
	27 of 1407374 in 224.947 - percent 1
	28 of 1407374 in 233.278 - percent 1
	29 of 1407374 in 241.609 - percent 1
	30 of 1407374 in 249.94 - percent 1
	31 of 1407374 in 258.272 - percent 1
	32 of 1407374 in 266.603 - percent 1
	33 of 1407374 in 274.934 - percent 1
	34 of 1407374 in 283.265 - percent 1
	35 of 1407374 in 291.596 - percent 1
	36 of 1407374 in 299.928 - percent 1
	37 of 1407374 in 308.259 - percent 1
	38 of 1407374 in 316.59 - percent 1
	39 of 1407374 in 324.921 - percent 1
	40 of 1407374 in 333.253 - percent 1
	41 of 1407374 in 341.584 - percent 1
	42 of 1407374 in 349.915 - percent 1
	43 of 1407374 in 358.246 - percent 1
	44 of 1407374 in 366.577 - percent 1
	45 of 1407374 in 374.909 - percent 1
	46 of 1407374 in 383.24 - percent 1
	47 of 1407374 in 391.571 - percent 1
	48 of 1407374 in 399.902 - percent 1
	49 of 1407374 in 408.234 - percent 1
	50 of 1407374 in 416.565 - percent 1
	51 of 1407374 in 424.896 - percent 1
	52 of 1407374 in 433.227 - percent 1
	53 of 1407374 in 441.558 - percent 1
	54 of 1407374 in 449.889 - percent 1
	55 of 1407374 in 458.221 - percent 1
	56 of 1407374 in 466.552 - percent 1
	57 of 1407374 in 474.883 - percent 1
	58 of 1407374 in 483.214 - percent 1
	59 of 1407374 in 491.546 - percent 1
	60 of 1407374 in 499.877 - percent 1
	61 of 1407374 in 508.208 - percent 1
	62 of 1407374 in 516.539 - percent 1
	63 of 1407374 in 524.87 - percent 1
	64 of 1407374 in 533.202 - percent 1
	65 of 1407374 in 541.533 - percent 1
	66 of 1407374 in 549.864 - percent 1
	67 of 1407374 in 558.195 - percent 1
	68 of 1407374 in 566.526 - percent 1
	69 of 1407374 in 574.857 - percent 1
	70 of 1407374 in 583.188 - percent 1
	71 of 1407374 in 591.519 - percent 1
	72 of 1407374 in 599.851 - percent 1
	73 of 1407374 in 608.182 - percent 1
	74 of 1407374 in 616.513 - percent 1
	75 of 1407374 in 624.844 - percent 1
	76 of 1407374 in 633.175 - percent 1
	77 of 1407374 in 641.506 - percent 1
	78 of 1407374 in 649.837 - percent 1
	79 of 1407374 in 658.169 - percent 1
	80 of 1407374 in 666.5 - percent 1
	81 of 1407374 in 674.832 - percent 1
	82 of 1407374 in 683.163 - percent 1
	83 of 1407374 in 691.495 - percent 1
	84 of 1407374 in 699.827 - percent 1
	85 of 1407374 in 708.159 - percent 1
	86 of 1407374 in 716.491 - percent 1
	87 of 1407374 in 724.822 - percent 1
	88 of 1407374 in 733.154 - percent 1
	89 of 1407374 in 741.486 - percent 1
	90 of 1407374 in 749.818 - percent 1
	91 of 1407374 in 758.15 - percent 1
	92 of 1407374 in 766.482 - percent 1
	93 of 1407374 in 774.814 - percent 1
	94 of 1407374 in 783.146 - percent 1
	95 of 1407374 in 791.477 - percent 1
	96 of 1407374 in 799.809 - percent 1
	97 of 1407374 in 808.141 - percent 1
	98 of 1407374 in 816.473 - percent 1
	99 of 1407374 in 824.805 - percent 1
	100 of 1407374 in 833.137 - percent 1
	101 of 1407374 in 841.468 - percent 1
	102 of 1407374 in 849.8 - percent 1
	103 of 1407374 in 858.132 - percent 1
	104 of 1407374 in 866.463 - percent 1
	105 of 1407374 in 874.795 - percent 1
	106 of 1407374 in 883.127 - percent 1
	107 of 1407374 in 891.459 - percent 1
	108 of 1407374 in 899.791 - percent 1
	109 of 1407374 in 908.122 - percent 1
	110 of 1407374 in 916.454 - percent 1
	111 of 1407374 in 924.786 - percent 1
	112 of 1407374 in 933.118 - percent 1
	113 of 1407374 in 941.45 - percent 1
	114 of 1407374 in 949.782 - percent 1
	115 of 1407374 in 958.113 - percent 1
	116 of 1407374 in 966.444 - percent 1
	117 of 1407374 in 974.775 - percent 1
	118 of 1407374 in 983.106 - percent 1
	119 of 1407374 in 991.437 - percent 1
	120 of 1407374 in 999.769 - percent 1
	121 of 1407374 in 1008.1 - percent 1
	122 of 1407374 in 1016.43 - percent 1
	123 of 1407374 in 1024.76 - percent 1
	124 of 1407374 in 1033.09 - percent 1
	125 of 1407374 in 1041.42 - percent 1
	126 of 1407374 in 1049.76 - percent 1
	127 of 1407374 in 1058.09 - percent 1
	128 of 1407374 in 1066.42 - percent 1
	129 of 1407374 in 1074.75 - percent 1
	130 of 1407374 in 1083.08 - percent 1
	131 of 1407374 in 1091.41 - percent 1
	132 of 1407374 in 1099.74 - percent 1
	133 of 1407374 in 1108.07 - percent 1
	134 of 1407374 in 1116.4 - percent 1
	135 of 1407374 in 1124.74 - percent 1
	136 of 1407374 in 1133.07 - percent 1
	137 of 1407374 in 1141.4 - percent 1
	138 of 1407374 in 1149.73 - percent 1
	139 of 1407374 in 1158.06 - percent 1
	140 of 1407374 in 1166.39 - percent 1
	141 of 1407374 in 1174.72 - percent 1
	142 of 1407374 in 1183.05 - percent 1
	143 of 1407374 in 1191.38 - percent 1
	144 of 1407374 in 1199.72 - percent 1
	145 of 1407374 in 1208.05 - percent 1
	146 of 1407374 in 1216.38 - percent 1
	147 of 1407374 in 1224.71 - percent 1
	148 of 1407374 in 1233.04 - percent 1
	149 of 1407374 in 1241.37 - percent 1
	150 of 1407374 in 1249.7 - percent 1
	151 of 1407374 in 1258.03 - percent 1
	152 of 1407374 in 1266.37 - percent 1
	153 of 1407374 in 1274.7 - percent 1
	154 of 1407374 in 1283.03 - percent 1
	155 of 1407374 in 1291.36 - percent 1
	156 of 1407374 in 1299.69 - percent 1
	157 of 1407374 in 1308.02 - percent 1
	158 of 1407374 in 1316.35 - percent 1
	159 of 1407374 in 1324.68 - percent 1
	160 of 1407374 in 1333.01 - percent 1
	161 of 1407374 in 1341.34 - percent 1
	162 of 1407374 in 1349.68 - percent 1
	163 of 1407374 in 1358.01 - percent 1
	164 of 1407374 in 1366.34 - percent 1
	165 of 1407374 in 1374.67 - percent 1
	166 of 1407374 in 1383 - percent 1
	167 of 1407374 in 1391.33 - percent 1
	168 of 1407374 in 1399.66 - percent 1
	169 of 1407374 in 1407.99 - percent 1
	170 of 1407374 in 1416.33 - percent 1
	171 of 1407374 in 1424.66 - percent 1
	172 of 1407374 in 1432.99 - percent 1
	173 of 1407374 in 1441.32 - percent 1
	174 of 1407374 in 1449.65 - percent 1
	175 of 1407374 in 1457.98 - percent 1
	176 of 1407374 in 1466.31 - percent 1
	177 of 1407374 in 1474.64 - percent 1
	178 of 1407374 in 1482.97 - percent 1
	179 of 1407374 in 1491.31 - percent 1
	180 of 1407374 in 1499.64 - percent 1
	181 of 1407374 in 1507.97 - percent 1
	182 of 1407374 in 1516.3 - percent 1
	183 of 1407374 in 1524.63 - percent 1
	184 of 1407374 in 1532.96 - percent 1
	185 of 1407374 in 1541.29 - percent 1
	186 of 1407374 in 1549.62 - percent 1
	187 of 1407374 in 1557.95 - percent 1
	188 of 1407374 in 1566.29 - percent 1
	189 of 1407374 in 1574.62 - percent 1
	190 of 1407374 in 1582.95 - percent 1
	191 of 1407374 in 1591.28 - percent 1
	192 of 1407374 in 1599.61 - percent 1
	193 of 1407374 in 1607.94 - percent 1
	194 of 1407374 in 1616.27 - percent 1
	195 of 1407374 in 1624.6 - percent 1
	196 of 1407374 in 1632.93 - percent 1
	197 of 1407374 in 1641.27 - percent 1
	198 of 1407374 in 1649.6 - percent 1
	199 of 1407374 in 1657.93 - percent 1
	200 of 1407374 in 1666.26 - percent 1
	201 of 1407374 in 1674.59 - percent 1
	202 of 1407374 in 1682.92 - percent 1
	203 of 1407374 in 1691.25 - percent 1
	204 of 1407374 in 1699.58 - percent 1
	205 of 1407374 in 1707.92 - percent 1
	206 of 1407374 in 1716.25 - percent 1
	207 of 1407374 in 1724.58 - percent 1
	208 of 1407374 in 1732.91 - percent 1
	209 of 1407374 in 1741.24 - percent 1
	210 of 1407374 in 1749.57 - percent 1
	211 of 1407374 in 1757.9 - percent 1
	212 of 1407374 in 1766.23 - percent 1
	213 of 1407374 in 1774.56 - percent 1
	214 of 1407374 in 1782.9 - percent 1
	215 of 1407374 in 1791.23 - percent 1
	216 of 1407374 in 1799.56 - percent 1
