Number of rows/cols is 48
Number of nnz is    400
#d1 vertices: 0
#d2 vertices: 0
min degree: 5
************************************************************************
Algo is 1
Compress matrix 0
Apply Dulmage-Mendehlson 0
Sorting 3
Single run 0
************************************************************************
Perman: [veni] running with 48 rows:
	1 of 1407374 in 8.33811 - percent 1
	2 of 1407374 in 16.6762 - percent 1
	3 of 1407374 in 25.0142 - percent 1
	4 of 1407374 in 33.3524 - percent 1
	5 of 1407374 in 41.6907 - percent 1
	6 of 1407374 in 50.0289 - percent 1
	7 of 1407374 in 58.3671 - percent 1
	8 of 1407374 in 66.7053 - percent 1
	9 of 1407374 in 75.0435 - percent 1
	10 of 1407374 in 83.3816 - percent 1
	11 of 1407374 in 91.7196 - percent 1
	12 of 1407374 in 100.058 - percent 1
	13 of 1407374 in 108.396 - percent 1
	14 of 1407374 in 116.734 - percent 1
	15 of 1407374 in 125.072 - percent 1
	16 of 1407374 in 133.41 - percent 1
	17 of 1407374 in 141.749 - percent 1
	18 of 1407374 in 150.087 - percent 1
	19 of 1407374 in 158.425 - percent 1
	20 of 1407374 in 166.762 - percent 1
	21 of 1407374 in 175.099 - percent 1
	22 of 1407374 in 183.436 - percent 1
	23 of 1407374 in 191.773 - percent 1
	24 of 1407374 in 200.11 - percent 1
	25 of 1407374 in 208.447 - percent 1
	26 of 1407374 in 216.784 - percent 1
	27 of 1407374 in 225.121 - percent 1
	28 of 1407374 in 233.458 - percent 1
	29 of 1407374 in 241.795 - percent 1
	30 of 1407374 in 250.132 - percent 1
	31 of 1407374 in 258.469 - percent 1
	32 of 1407374 in 266.806 - percent 1
	33 of 1407374 in 275.143 - percent 1
	34 of 1407374 in 283.48 - percent 1
	35 of 1407374 in 291.817 - percent 1
	36 of 1407374 in 300.15 - percent 1
	37 of 1407374 in 308.484 - percent 1
	38 of 1407374 in 316.817 - percent 1
	39 of 1407374 in 325.151 - percent 1
	40 of 1407374 in 333.484 - percent 1
	41 of 1407374 in 341.817 - percent 1
	42 of 1407374 in 350.151 - percent 1
	43 of 1407374 in 358.485 - percent 1
	44 of 1407374 in 366.818 - percent 1
	45 of 1407374 in 375.151 - percent 1
	46 of 1407374 in 383.485 - percent 1
	47 of 1407374 in 391.818 - percent 1
	48 of 1407374 in 400.152 - percent 1
	49 of 1407374 in 408.485 - percent 1
	50 of 1407374 in 416.818 - percent 1
	51 of 1407374 in 425.151 - percent 1
	52 of 1407374 in 433.485 - percent 1
	53 of 1407374 in 441.818 - percent 1
	54 of 1407374 in 450.151 - percent 1
	55 of 1407374 in 458.485 - percent 1
	56 of 1407374 in 466.818 - percent 1
	57 of 1407374 in 475.151 - percent 1
	58 of 1407374 in 483.485 - percent 1
	59 of 1407374 in 491.818 - percent 1
	60 of 1407374 in 500.151 - percent 1
	61 of 1407374 in 508.484 - percent 1
	62 of 1407374 in 516.817 - percent 1
	63 of 1407374 in 525.151 - percent 1
	64 of 1407374 in 533.484 - percent 1
	65 of 1407374 in 541.817 - percent 1
	66 of 1407374 in 550.15 - percent 1
	67 of 1407374 in 558.483 - percent 1
	68 of 1407374 in 566.816 - percent 1
	69 of 1407374 in 575.148 - percent 1
	70 of 1407374 in 583.482 - percent 1
	71 of 1407374 in 591.815 - percent 1
	72 of 1407374 in 600.148 - percent 1
	73 of 1407374 in 608.481 - percent 1
	74 of 1407374 in 616.814 - percent 1
	75 of 1407374 in 625.147 - percent 1
	76 of 1407374 in 633.48 - percent 1
	77 of 1407374 in 641.813 - percent 1
	78 of 1407374 in 650.146 - percent 1
	79 of 1407374 in 658.479 - percent 1
	80 of 1407374 in 666.811 - percent 1
	81 of 1407374 in 675.144 - percent 1
	82 of 1407374 in 683.477 - percent 1
	83 of 1407374 in 691.81 - percent 1
	84 of 1407374 in 700.143 - percent 1
	85 of 1407374 in 708.476 - percent 1
	86 of 1407374 in 716.809 - percent 1
	87 of 1407374 in 725.142 - percent 1
	88 of 1407374 in 733.475 - percent 1
	89 of 1407374 in 741.808 - percent 1
	90 of 1407374 in 750.141 - percent 1
	91 of 1407374 in 758.474 - percent 1
	92 of 1407374 in 766.807 - percent 1
	93 of 1407374 in 775.14 - percent 1
	94 of 1407374 in 783.473 - percent 1
	95 of 1407374 in 791.806 - percent 1
	96 of 1407374 in 800.139 - percent 1
	97 of 1407374 in 808.472 - percent 1
	98 of 1407374 in 816.806 - percent 1
	99 of 1407374 in 825.138 - percent 1
	100 of 1407374 in 833.471 - percent 1
	101 of 1407374 in 841.804 - percent 1
	102 of 1407374 in 850.137 - percent 1
	103 of 1407374 in 858.47 - percent 1
	104 of 1407374 in 866.803 - percent 1
	105 of 1407374 in 875.135 - percent 1
	106 of 1407374 in 883.469 - percent 1
	107 of 1407374 in 891.801 - percent 1
	108 of 1407374 in 900.134 - percent 1
	109 of 1407374 in 908.467 - percent 1
	110 of 1407374 in 916.799 - percent 1
	111 of 1407374 in 925.131 - percent 1
	112 of 1407374 in 933.464 - percent 1
	113 of 1407374 in 941.797 - percent 1
	114 of 1407374 in 950.129 - percent 1
	115 of 1407374 in 958.462 - percent 1
	116 of 1407374 in 966.795 - percent 1
	117 of 1407374 in 975.128 - percent 1
	118 of 1407374 in 983.461 - percent 1
	119 of 1407374 in 991.794 - percent 1
	120 of 1407374 in 1000.13 - percent 1
	121 of 1407374 in 1008.46 - percent 1
	122 of 1407374 in 1016.79 - percent 1
	123 of 1407374 in 1025.13 - percent 1
	124 of 1407374 in 1033.46 - percent 1
	125 of 1407374 in 1041.79 - percent 1
	126 of 1407374 in 1050.12 - percent 1
	127 of 1407374 in 1058.46 - percent 1
	128 of 1407374 in 1066.79 - percent 1
	129 of 1407374 in 1075.12 - percent 1
	130 of 1407374 in 1083.46 - percent 1
	131 of 1407374 in 1091.79 - percent 1
	132 of 1407374 in 1100.12 - percent 1
	133 of 1407374 in 1108.46 - percent 1
	134 of 1407374 in 1116.79 - percent 1
	135 of 1407374 in 1125.12 - percent 1
	136 of 1407374 in 1133.45 - percent 1
	137 of 1407374 in 1141.79 - percent 1
	138 of 1407374 in 1150.12 - percent 1
	139 of 1407374 in 1158.45 - percent 1
	140 of 1407374 in 1166.79 - percent 1
	141 of 1407374 in 1175.12 - percent 1
	142 of 1407374 in 1183.45 - percent 1
	143 of 1407374 in 1191.79 - percent 1
	144 of 1407374 in 1200.12 - percent 1
	145 of 1407374 in 1208.45 - percent 1
	146 of 1407374 in 1216.78 - percent 1
	147 of 1407374 in 1225.12 - percent 1
	148 of 1407374 in 1233.45 - percent 1
	149 of 1407374 in 1241.78 - percent 1
	150 of 1407374 in 1250.12 - percent 1
	151 of 1407374 in 1258.45 - percent 1
	152 of 1407374 in 1266.78 - percent 1
	153 of 1407374 in 1275.11 - percent 1
	154 of 1407374 in 1283.45 - percent 1
	155 of 1407374 in 1291.78 - percent 1
	156 of 1407374 in 1300.11 - percent 1
	157 of 1407374 in 1308.45 - percent 1
	158 of 1407374 in 1316.78 - percent 1
	159 of 1407374 in 1325.11 - percent 1
	160 of 1407374 in 1333.45 - percent 1
	161 of 1407374 in 1341.78 - percent 1
	162 of 1407374 in 1350.11 - percent 1
	163 of 1407374 in 1358.45 - percent 1
	164 of 1407374 in 1366.78 - percent 1
	165 of 1407374 in 1375.11 - percent 1
	166 of 1407374 in 1383.44 - percent 1
	167 of 1407374 in 1391.78 - percent 1
	168 of 1407374 in 1400.11 - percent 1
	169 of 1407374 in 1408.44 - percent 1
	170 of 1407374 in 1416.78 - percent 1
	171 of 1407374 in 1425.11 - percent 1
	172 of 1407374 in 1433.44 - percent 1
	173 of 1407374 in 1441.78 - percent 1
	174 of 1407374 in 1450.11 - percent 1
	175 of 1407374 in 1458.44 - percent 1
	176 of 1407374 in 1466.77 - percent 1
	177 of 1407374 in 1475.11 - percent 1
	178 of 1407374 in 1483.44 - percent 1
	179 of 1407374 in 1491.77 - percent 1
	180 of 1407374 in 1500.11 - percent 1
	181 of 1407374 in 1508.44 - percent 1
	182 of 1407374 in 1516.77 - percent 1
	183 of 1407374 in 1525.11 - percent 1
	184 of 1407374 in 1533.44 - percent 1
	185 of 1407374 in 1541.77 - percent 1
	186 of 1407374 in 1550.1 - percent 1
	187 of 1407374 in 1558.44 - percent 1
	188 of 1407374 in 1566.77 - percent 1
	189 of 1407374 in 1575.1 - percent 1
	190 of 1407374 in 1583.44 - percent 1
	191 of 1407374 in 1591.77 - percent 1
	192 of 1407374 in 1600.1 - percent 1
	193 of 1407374 in 1608.44 - percent 1
	194 of 1407374 in 1616.77 - percent 1
	195 of 1407374 in 1625.1 - percent 1
	196 of 1407374 in 1633.44 - percent 1
	197 of 1407374 in 1641.77 - percent 1
	198 of 1407374 in 1650.1 - percent 1
	199 of 1407374 in 1658.44 - percent 1
	200 of 1407374 in 1666.77 - percent 1
	201 of 1407374 in 1675.1 - percent 1
	202 of 1407374 in 1683.44 - percent 1
	203 of 1407374 in 1691.77 - percent 1
	204 of 1407374 in 1700.1 - percent 1
	205 of 1407374 in 1708.43 - percent 1
	206 of 1407374 in 1716.77 - percent 1
	207 of 1407374 in 1725.1 - percent 1
	208 of 1407374 in 1733.43 - percent 1
	209 of 1407374 in 1741.77 - percent 1
	210 of 1407374 in 1750.1 - percent 1
	211 of 1407374 in 1758.43 - percent 1
	212 of 1407374 in 1766.77 - percent 1
	213 of 1407374 in 1775.1 - percent 1
	214 of 1407374 in 1783.43 - percent 1
	215 of 1407374 in 1791.77 - percent 1
