Number of rows/cols is 48
Number of nnz is    400
#d1 vertices: 0
#d2 vertices: 0
min degree: 5
************************************************************************
Algo is 1
Compress matrix 0
Apply Dulmage-Mendehlson 0
Sorting 0
Single run 0
************************************************************************
Perman: [veni] running with 48 rows:
	1 of 1407374 in 8.33956 - percent 1
	2 of 1407374 in 16.6793 - percent 1
	3 of 1407374 in 25.0188 - percent 1
	4 of 1407374 in 33.3585 - percent 1
	5 of 1407374 in 41.6983 - percent 1
	6 of 1407374 in 50.0378 - percent 1
	7 of 1407374 in 58.3774 - percent 1
	8 of 1407374 in 66.7169 - percent 1
	9 of 1407374 in 75.0564 - percent 1
	10 of 1407374 in 83.396 - percent 1
	11 of 1407374 in 91.7356 - percent 1
	12 of 1407374 in 100.075 - percent 1
	13 of 1407374 in 108.415 - percent 1
	14 of 1407374 in 116.755 - percent 1
	15 of 1407374 in 125.094 - percent 1
	16 of 1407374 in 133.434 - percent 1
	17 of 1407374 in 141.774 - percent 1
	18 of 1407374 in 150.113 - percent 1
	19 of 1407374 in 158.453 - percent 1
	20 of 1407374 in 166.793 - percent 1
	21 of 1407374 in 175.132 - percent 1
	22 of 1407374 in 183.472 - percent 1
	23 of 1407374 in 191.811 - percent 1
	24 of 1407374 in 200.15 - percent 1
	25 of 1407374 in 208.49 - percent 1
	26 of 1407374 in 216.829 - percent 1
	27 of 1407374 in 225.168 - percent 1
	28 of 1407374 in 233.508 - percent 1
	29 of 1407374 in 241.847 - percent 1
	30 of 1407374 in 250.186 - percent 1
	31 of 1407374 in 258.526 - percent 1
	32 of 1407374 in 266.865 - percent 1
	33 of 1407374 in 275.205 - percent 1
	34 of 1407374 in 283.544 - percent 1
	35 of 1407374 in 291.883 - percent 1
	36 of 1407374 in 300.231 - percent 1
	37 of 1407374 in 308.578 - percent 1
	38 of 1407374 in 316.925 - percent 1
	39 of 1407374 in 325.273 - percent 1
	40 of 1407374 in 333.62 - percent 1
	41 of 1407374 in 341.967 - percent 1
	42 of 1407374 in 350.314 - percent 1
	43 of 1407374 in 358.662 - percent 1
	44 of 1407374 in 367.009 - percent 1
	45 of 1407374 in 375.356 - percent 1
	46 of 1407374 in 383.703 - percent 1
	47 of 1407374 in 392.051 - percent 1
	48 of 1407374 in 400.398 - percent 1
	49 of 1407374 in 408.742 - percent 1
	50 of 1407374 in 417.086 - percent 1
	51 of 1407374 in 425.43 - percent 1
	52 of 1407374 in 433.775 - percent 1
	53 of 1407374 in 442.119 - percent 1
	54 of 1407374 in 450.464 - percent 1
	55 of 1407374 in 458.808 - percent 1
	56 of 1407374 in 467.152 - percent 1
	57 of 1407374 in 475.496 - percent 1
	58 of 1407374 in 483.841 - percent 1
	59 of 1407374 in 492.185 - percent 1
	60 of 1407374 in 500.529 - percent 1
	61 of 1407374 in 508.873 - percent 1
	62 of 1407374 in 517.218 - percent 1
	63 of 1407374 in 525.562 - percent 1
	64 of 1407374 in 533.906 - percent 1
	65 of 1407374 in 542.25 - percent 1
	66 of 1407374 in 550.594 - percent 1
	67 of 1407374 in 558.938 - percent 1
	68 of 1407374 in 567.282 - percent 1
	69 of 1407374 in 575.626 - percent 1
	70 of 1407374 in 583.97 - percent 1
	71 of 1407374 in 592.314 - percent 1
	72 of 1407374 in 600.659 - percent 1
	73 of 1407374 in 609.003 - percent 1
	74 of 1407374 in 617.347 - percent 1
	75 of 1407374 in 625.691 - percent 1
	76 of 1407374 in 634.035 - percent 1
	77 of 1407374 in 642.379 - percent 1
	78 of 1407374 in 650.723 - percent 1
	79 of 1407374 in 659.067 - percent 1
	80 of 1407374 in 667.411 - percent 1
	81 of 1407374 in 675.754 - percent 1
	82 of 1407374 in 684.099 - percent 1
	83 of 1407374 in 692.443 - percent 1
	84 of 1407374 in 700.787 - percent 1
	85 of 1407374 in 709.131 - percent 1
	86 of 1407374 in 717.475 - percent 1
	87 of 1407374 in 725.819 - percent 1
	88 of 1407374 in 734.163 - percent 1
	89 of 1407374 in 742.507 - percent 1
	90 of 1407374 in 750.852 - percent 1
	91 of 1407374 in 759.196 - percent 1
	92 of 1407374 in 767.54 - percent 1
	93 of 1407374 in 775.884 - percent 1
	94 of 1407374 in 784.229 - percent 1
	95 of 1407374 in 792.573 - percent 1
	96 of 1407374 in 800.917 - percent 1
	97 of 1407374 in 809.261 - percent 1
	98 of 1407374 in 817.605 - percent 1
	99 of 1407374 in 825.949 - percent 1
	100 of 1407374 in 834.293 - percent 1
	101 of 1407374 in 842.637 - percent 1
	102 of 1407374 in 850.981 - percent 1
	103 of 1407374 in 859.325 - percent 1
	104 of 1407374 in 867.669 - percent 1
	105 of 1407374 in 876.014 - percent 1
	106 of 1407374 in 884.358 - percent 1
	107 of 1407374 in 892.702 - percent 1
	108 of 1407374 in 901.046 - percent 1
	109 of 1407374 in 909.389 - percent 1
	110 of 1407374 in 917.732 - percent 1
	111 of 1407374 in 926.076 - percent 1
	112 of 1407374 in 934.42 - percent 1
	113 of 1407374 in 942.764 - percent 1
	114 of 1407374 in 951.108 - percent 1
	115 of 1407374 in 959.451 - percent 1
	116 of 1407374 in 967.795 - percent 1
	117 of 1407374 in 976.139 - percent 1
	118 of 1407374 in 984.483 - percent 1
	119 of 1407374 in 992.827 - percent 1
	120 of 1407374 in 1001.17 - percent 1
	121 of 1407374 in 1009.51 - percent 1
	122 of 1407374 in 1017.86 - percent 1
	123 of 1407374 in 1026.2 - percent 1
	124 of 1407374 in 1034.55 - percent 1
	125 of 1407374 in 1042.89 - percent 1
	126 of 1407374 in 1051.24 - percent 1
	127 of 1407374 in 1059.58 - percent 1
	128 of 1407374 in 1067.92 - percent 1
	129 of 1407374 in 1076.27 - percent 1
	130 of 1407374 in 1084.61 - percent 1
	131 of 1407374 in 1092.96 - percent 1
	132 of 1407374 in 1101.3 - percent 1
	133 of 1407374 in 1109.64 - percent 1
	134 of 1407374 in 1117.99 - percent 1
	135 of 1407374 in 1126.33 - percent 1
	136 of 1407374 in 1134.68 - percent 1
	137 of 1407374 in 1143.02 - percent 1
	138 of 1407374 in 1151.36 - percent 1
	139 of 1407374 in 1159.71 - percent 1
	140 of 1407374 in 1168.05 - percent 1
	141 of 1407374 in 1176.4 - percent 1
	142 of 1407374 in 1184.74 - percent 1
	143 of 1407374 in 1193.08 - percent 1
	144 of 1407374 in 1201.43 - percent 1
	145 of 1407374 in 1209.77 - percent 1
	146 of 1407374 in 1218.12 - percent 1
	147 of 1407374 in 1226.46 - percent 1
	148 of 1407374 in 1234.8 - percent 1
	149 of 1407374 in 1243.15 - percent 1
	150 of 1407374 in 1251.49 - percent 1
	151 of 1407374 in 1259.84 - percent 1
	152 of 1407374 in 1268.18 - percent 1
	153 of 1407374 in 1276.52 - percent 1
	154 of 1407374 in 1284.87 - percent 1
	155 of 1407374 in 1293.21 - percent 1
	156 of 1407374 in 1301.56 - percent 1
	157 of 1407374 in 1309.9 - percent 1
	158 of 1407374 in 1318.24 - percent 1
	159 of 1407374 in 1326.59 - percent 1
	160 of 1407374 in 1334.93 - percent 1
	161 of 1407374 in 1343.28 - percent 1
	162 of 1407374 in 1351.62 - percent 1
	163 of 1407374 in 1359.96 - percent 1
	164 of 1407374 in 1368.31 - percent 1
	165 of 1407374 in 1376.65 - percent 1
	166 of 1407374 in 1385 - percent 1
	167 of 1407374 in 1393.34 - percent 1
	168 of 1407374 in 1401.68 - percent 1
	169 of 1407374 in 1410.03 - percent 1
	170 of 1407374 in 1418.37 - percent 1
	171 of 1407374 in 1426.72 - percent 1
	172 of 1407374 in 1435.06 - percent 1
	173 of 1407374 in 1443.4 - percent 1
	174 of 1407374 in 1451.75 - percent 1
	175 of 1407374 in 1460.09 - percent 1
	176 of 1407374 in 1468.44 - percent 1
	177 of 1407374 in 1476.78 - percent 1
	178 of 1407374 in 1485.12 - percent 1
	179 of 1407374 in 1493.47 - percent 1
	180 of 1407374 in 1501.81 - percent 1
	181 of 1407374 in 1510.16 - percent 1
	182 of 1407374 in 1518.5 - percent 1
	183 of 1407374 in 1526.84 - percent 1
	184 of 1407374 in 1535.19 - percent 1
	185 of 1407374 in 1543.53 - percent 1
	186 of 1407374 in 1551.88 - percent 1
	187 of 1407374 in 1560.22 - percent 1
	188 of 1407374 in 1568.57 - percent 1
	189 of 1407374 in 1576.91 - percent 1
	190 of 1407374 in 1585.25 - percent 1
	191 of 1407374 in 1593.6 - percent 1
	192 of 1407374 in 1601.94 - percent 1
	193 of 1407374 in 1610.29 - percent 1
	194 of 1407374 in 1618.63 - percent 1
	195 of 1407374 in 1626.97 - percent 1
	196 of 1407374 in 1635.32 - percent 1
	197 of 1407374 in 1643.66 - percent 1
	198 of 1407374 in 1652.01 - percent 1
	199 of 1407374 in 1660.35 - percent 1
	200 of 1407374 in 1668.69 - percent 1
	201 of 1407374 in 1677.04 - percent 1
	202 of 1407374 in 1685.38 - percent 1
	203 of 1407374 in 1693.73 - percent 1
	204 of 1407374 in 1702.07 - percent 1
	205 of 1407374 in 1710.42 - percent 1
	206 of 1407374 in 1718.76 - percent 1
	207 of 1407374 in 1727.1 - percent 1
	208 of 1407374 in 1735.45 - percent 1
	209 of 1407374 in 1743.79 - percent 1
	210 of 1407374 in 1752.14 - percent 1
	211 of 1407374 in 1760.48 - percent 1
	212 of 1407374 in 1768.82 - percent 1
	213 of 1407374 in 1777.17 - percent 1
	214 of 1407374 in 1785.51 - percent 1
	215 of 1407374 in 1793.86 - percent 1
