Number of rows/cols is 48
Number of nnz is    400
#d1 vertices: 0
#d2 vertices: 0
min degree: 5
************************************************************************
Algo is 3
Compress matrix 0
Apply Dulmage-Mendehlson 0
Sorting 0
Single run 0
************************************************************************
Perman: [veni] running with 48 rows:
	3 of 1407374 in 7.40698 - percent 0.154806
	5 of 1407374 in 11.9129 - percent 0.148647
	6 of 1407374 in 14.3305 - percent 0.149052
	9 of 1407374 in 21.2393 - percent 0.146283
	11 of 1407374 in 26.3547 - percent 0.148368
	12 of 1407374 in 28.2849 - percent 0.145888
	14 of 1407374 in 31.3489 - percent 0.138429
	16 of 1407374 in 33.6106 - percent 0.129818
	34 of 1407374 in 54.0477 - percent 0.0982151
	35 of 1407374 in 55.0629 - percent 0.0971819
	37 of 1407374 in 57.6557 - percent 0.0961773
	38 of 1407374 in 59.5281 - percent 0.0966875
	39 of 1407374 in 61.3912 - percent 0.0971453
	43 of 1407374 in 67.4128 - percent 0.0967679
	46 of 1407374 in 70.6126 - percent 0.0947201
	48 of 1407374 in 72.079 - percent 0.0926373
	49 of 1407374 in 73.1538 - percent 0.0920908
	50 of 1407374 in 73.829 - percent 0.0910668
	52 of 1407374 in 75.224 - percent 0.0891802
	53 of 1407374 in 76.0935 - percent 0.0884947
	61 of 1407374 in 79.2558 - percent 0.0800632
	62 of 1407374 in 79.6673 - percent 0.0791766
	68 of 1407374 in 84.8621 - percent 0.0768875
	76 of 1407374 in 92.2157 - percent 0.0747044
	83 of 1407374 in 102.339 - percent 0.075839
	87 of 1407374 in 109.172 - percent 0.0771909
	90 of 1407374 in 111.326 - percent 0.0760608
	94 of 1407374 in 114.527 - percent 0.0748734
	95 of 1407374 in 115.214 - percent 0.0745168
	98 of 1407374 in 118.227 - percent 0.0740851
	99 of 1407374 in 118.704 - percent 0.0736252
	101 of 1407374 in 119.244 - percent 0.0724901
	103 of 1407374 in 120.086 - percent 0.0715737
	106 of 1407374 in 121.229 - percent 0.070196
	109 of 1407374 in 122.964 - percent 0.0692275
	112 of 1407374 in 123.756 - percent 0.0677988
	114 of 1407374 in 124.1 - percent 0.0667933
	117 of 1407374 in 124.746 - percent 0.0654166
	122 of 1407374 in 126.977 - percent 0.0638314
	125 of 1407374 in 128.414 - percent 0.062988
	126 of 1407374 in 128.833 - percent 0.062686
	130 of 1407374 in 131.956 - percent 0.0622176
	134 of 1407374 in 134.939 - percent 0.0617118
	138 of 1407374 in 137.945 - percent 0.0612381
	150 of 1407374 in 143.608 - percent 0.0586532
	153 of 1407374 in 147.86 - percent 0.0592082
	155 of 1407374 in 149.463 - percent 0.059074
	158 of 1407374 in 152.145 - percent 0.0589899
	159 of 1407374 in 153.149 - percent 0.0590022
	160 of 1407374 in 154.218 - percent 0.0590381
	163 of 1407374 in 159.746 - percent 0.0600131
	166 of 1407374 in 164.176 - percent 0.0605436
	170 of 1407374 in 170.581 - percent 0.061425
	171 of 1407374 in 172.427 - percent 0.0617266
	173 of 1407374 in 175.989 - percent 0.0622872
	174 of 1407374 in 176.765 - percent 0.0622001
	175 of 1407374 in 177.886 - percent 0.0622367
	176 of 1407374 in 178.454 - percent 0.0620788
	177 of 1407374 in 179.175 - percent 0.0619775
	178 of 1407374 in 180.365 - percent 0.0620374
	181 of 1407374 in 182.632 - percent 0.0617636
	182 of 1407374 in 183.739 - percent 0.0617923
	188 of 1407374 in 187.168 - percent 0.0609302
	189 of 1407374 in 187.645 - percent 0.0607579
	190 of 1407374 in 187.925 - percent 0.0605258
	191 of 1407374 in 188.536 - percent 0.0604021
	194 of 1407374 in 190.341 - percent 0.0600379
	197 of 1407374 in 190.955 - percent 0.059315
	199 of 1407374 in 191.385 - percent 0.0588507
	202 of 1407374 in 191.803 - percent 0.0581056
	207 of 1407374 in 193.958 - percent 0.0573361
	208 of 1407374 in 194.218 - percent 0.0571357
	213 of 1407374 in 196.321 - percent 0.0563956
	223 of 1407374 in 200.021 - percent 0.0548605
	231 of 1407374 in 201.863 - percent 0.0534352
	234 of 1407374 in 202.43 - percent 0.0528941
	240 of 1407374 in 203.987 - percent 0.0519545
	247 of 1407374 in 205.962 - percent 0.0509543
	249 of 1407374 in 207.163 - percent 0.0508304
	250 of 1407374 in 207.659 - percent 0.0507447
	255 of 1407374 in 209.083 - percent 0.0500789
	257 of 1407374 in 210.212 - percent 0.0499498
	261 of 1407374 in 213.205 - percent 0.049886
	267 of 1407374 in 216.167 - percent 0.0494324
	268 of 1407374 in 217.012 - percent 0.0494389
	277 of 1407374 in 221.098 - percent 0.0487154
	281 of 1407374 in 222.338 - percent 0.0482895
	287 of 1407374 in 223.643 - percent 0.0475528
	291 of 1407374 in 224.811 - percent 0.0471418
	295 of 1407374 in 225.94 - percent 0.0467318
	297 of 1407374 in 226.64 - percent 0.0465593
	298 of 1407374 in 226.836 - percent 0.0464427
	302 of 1407374 in 230.747 - percent 0.0466214
	303 of 1407374 in 231.649 - percent 0.0466479
	304 of 1407374 in 232.7 - percent 0.0467061
	306 of 1407374 in 234.59 - percent 0.0467778
	310 of 1407374 in 238.127 - percent 0.0468667
	312 of 1407374 in 240.812 - percent 0.0470906
	316 of 1407374 in 242.267 - percent 0.0467749
	318 of 1407374 in 243.089 - percent 0.0466375
	323 of 1407374 in 246.569 - percent 0.0465791
	332 of 1407374 in 253.413 - percent 0.0465614
	333 of 1407374 in 254.87 - percent 0.0466916
	334 of 1407374 in 257.061 - percent 0.0469516
	339 of 1407374 in 265.09 - percent 0.0476979
	341 of 1407374 in 267.693 - percent 0.0478837
	343 of 1407374 in 271.734 - percent 0.0483256
	344 of 1407374 in 273.724 - percent 0.0485455
	347 of 1407374 in 276.771 - percent 0.0486601
	350 of 1407374 in 279.071 - percent 0.0486406
	354 of 1407374 in 282.093 - percent 0.0486099
	355 of 1407374 in 283.01 - percent 0.048631
	363 of 1407374 in 286.905 - percent 0.0481998
	371 of 1407374 in 289.167 - percent 0.0475288
	372 of 1407374 in 289.433 - percent 0.0474434
	375 of 1407374 in 289.973 - percent 0.0471495
	378 of 1407374 in 290.88 - percent 0.0469212
	384 of 1407374 in 292.237 - percent 0.0464034
	387 of 1407374 in 293.277 - percent 0.0462098
	403 of 1407374 in 295.049 - percent 0.0446402
	404 of 1407374 in 295.151 - percent 0.044545
	411 of 1407374 in 296.163 - percent 0.043934
	415 of 1407374 in 297.727 - percent 0.0437348
	421 of 1407374 in 299.513 - percent 0.0433673
	423 of 1407374 in 300.003 - percent 0.0432321
	432 of 1407374 in 302.971 - percent 0.042744
	433 of 1407374 in 303.166 - percent 0.0426719
	436 of 1407374 in 303.627 - percent 0.0424405
	445 of 1407374 in 305.187 - percent 0.0417908
	446 of 1407374 in 305.433 - percent 0.0417298
	449 of 1407374 in 306.057 - percent 0.0415328
	452 of 1407374 in 306.363 - percent 0.0412974
	455 of 1407374 in 306.754 - percent 0.0410758
	471 of 1407374 in 308.723 - percent 0.0399283
	475 of 1407374 in 309.439 - percent 0.0396831
	478 of 1407374 in 309.831 - percent 0.0394837
	479 of 1407374 in 309.925 - percent 0.0394132
	483 of 1407374 in 310.553 - percent 0.039165
	487 of 1407374 in 311.131 - percent 0.038914
	491 of 1407374 in 311.557 - percent 0.0386487
	494 of 1407374 in 311.984 - percent 0.0384662
	495 of 1407374 in 312.276 - percent 0.0384242
	496 of 1407374 in 312.481 - percent 0.0383718
	498 of 1407374 in 312.883 - percent 0.0382658
	501 of 1407374 in 313.672 - percent 0.0381304
	502 of 1407374 in 313.839 - percent 0.0380744
	504 of 1407374 in 314.332 - percent 0.0379823
	506 of 1407374 in 315.466 - percent 0.0379687
	509 of 1407374 in 316.298 - percent 0.0378438
	510 of 1407374 in 316.626 - percent 0.0378088
	514 of 1407374 in 318.188 - percent 0.0376974
	518 of 1407374 in 321.605 - percent 0.0378091
	531 of 1407374 in 329.696 - percent 0.0378048
	535 of 1407374 in 331.167 - percent 0.037688
	536 of 1407374 in 331.702 - percent 0.037678
	543 of 1407374 in 333.519 - percent 0.0373945
	556 of 1407374 in 336.38 - percent 0.0368288
	561 of 1407374 in 338.076 - percent 0.0366824
	562 of 1407374 in 338.391 - percent 0.0366506
	563 of 1407374 in 338.514 - percent 0.0365987
	571 of 1407374 in 339.71 - percent 0.0362118
	578 of 1407374 in 340.655 - percent 0.0358705
	580 of 1407374 in 341.047 - percent 0.0357877
	581 of 1407374 in 341.268 - percent 0.0357492
	582 of 1407374 in 341.567 - percent 0.0357183
	590 of 1407374 in 342.862 - percent 0.0353665
	592 of 1407374 in 344.002 - percent 0.0353626
	596 of 1407374 in 345.426 - percent 0.0352682
	597 of 1407374 in 345.834 - percent 0.0352503
	599 of 1407374 in 346.419 - percent 0.0351911
	603 of 1407374 in 350.403 - percent 0.0353586
	604 of 1407374 in 351.232 - percent 0.0353836
	607 of 1407374 in 353.658 - percent 0.0354512
	611 of 1407374 in 356.795 - percent 0.0355288
	614 of 1407374 in 359.218 - percent 0.0355935
	617 of 1407374 in 360.192 - percent 0.0355152
	619 of 1407374 in 360.942 - percent 0.0354726
	621 of 1407374 in 361.583 - percent 0.0354204
	622 of 1407374 in 362.224 - percent 0.0354257
	624 of 1407374 in 363.156 - percent 0.0354031
	625 of 1407374 in 363.284 - percent 0.035359
	634 of 1407374 in 364.667 - percent 0.0349877
	635 of 1407374 in 364.909 - percent 0.0349558
	638 of 1407374 in 365.394 - percent 0.0348374
	639 of 1407374 in 365.655 - percent 0.0348079
	651 of 1407374 in 370.256 - percent 0.0346002
	658 of 1407374 in 372.207 - percent 0.0344115
	663 of 1407374 in 373.464 - percent 0.0342659
	667 of 1407374 in 375.645 - percent 0.034261
	679 of 1407374 in 386.008 - percent 0.0345796
	686 of 1407374 in 394.652 - percent 0.0349955
	688 of 1407374 in 397.472 - percent 0.0351476
	704 of 1407374 in 404.127 - percent 0.0349184
	706 of 1407374 in 404.666 - percent 0.0348655
	718 of 1407374 in 407.146 - percent 0.0344895
	720 of 1407374 in 407.793 - percent 0.0344474
	733 of 1407374 in 411.411 - percent 0.0341361
	734 of 1407374 in 411.519 - percent 0.0340984
	749 of 1407374 in 413.688 - percent 0.0335888
	752 of 1407374 in 414.08 - percent 0.0334862
	758 of 1407374 in 414.948 - percent 0.0332892
	763 of 1407374 in 415.927 - percent 0.0331481
	766 of 1407374 in 416.834 - percent 0.0330894
	770 of 1407374 in 418.056 - percent 0.0330121
	783 of 1407374 in 421.058 - percent 0.032694
	805 of 1407374 in 423.041 - percent 0.0319471
	814 of 1407374 in 424.452 - percent 0.0316979
	816 of 1407374 in 424.811 - percent 0.0316465
	821 of 1407374 in 425.874 - percent 0.0315314
	823 of 1407374 in 426.23 - percent 0.031481
	825 of 1407374 in 426.705 - percent 0.0314389
	838 of 1407374 in 428.694 - percent 0.0310925
	844 of 1407374 in 429.59 - percent 0.0309352
	850 of 1407374 in 430.824 - percent 0.0308045
	854 of 1407374 in 431.899 - percent 0.0307356
	857 of 1407374 in 432.755 - percent 0.0306875
	859 of 1407374 in 433.54 - percent 0.0306717
	863 of 1407374 in 434.453 - percent 0.0305926
	864 of 1407374 in 434.707 - percent 0.0305749
	866 of 1407374 in 435.258 - percent 0.0305424
	867 of 1407374 in 435.404 - percent 0.0305171
	871 of 1407374 in 436.062 - percent 0.0304224
	879 of 1407374 in 436.784 - percent 0.0301947
	880 of 1407374 in 436.904 - percent 0.0301686
	884 of 1407374 in 437.295 - percent 0.0300587
	895 of 1407374 in 438.566 - percent 0.0297737
	897 of 1407374 in 438.827 - percent 0.0297251
	899 of 1407374 in 439.13 - percent 0.0296788
	901 of 1407374 in 439.409 - percent 0.0296314
	905 of 1407374 in 439.741 - percent 0.0295223
	950 of 1407374 in 442.459 - percent 0.0282916
	962 of 1407374 in 443.397 - percent 0.0279963
	966 of 1407374 in 443.668 - percent 0.027897
	973 of 1407374 in 444.099 - percent 0.0277225
	988 of 1407374 in 445.002 - percent 0.0273563
	998 of 1407374 in 447.329 - percent 0.0272226
	1004 of 1407374 in 448.595 - percent 0.0271345
	1008 of 1407374 in 449.048 - percent 0.0270536
	1022 of 1407374 in 452.265 - percent 0.0268721
	1027 of 1407374 in 454.535 - percent 0.0268738
	1030 of 1407374 in 455.94 - percent 0.026877
	1040 of 1407374 in 464.167 - percent 0.0270972
	1043 of 1407374 in 466.48 - percent 0.0271543
	1044 of 1407374 in 466.887 - percent 0.0271515
	1051 of 1407374 in 470.673 - percent 0.027185
	1052 of 1407374 in 471.294 - percent 0.0271949
	1059 of 1407374 in 472.604 - percent 0.0270902
	1063 of 1407374 in 473.199 - percent 0.027022
	1067 of 1407374 in 474.701 - percent 0.0270058
	1072 of 1407374 in 476.479 - percent 0.0269793
	1109 of 1407374 in 482.035 - percent 0.0263794
	1124 of 1407374 in 484.606 - percent 0.0261639
	1162 of 1407374 in 488.557 - percent 0.0255073
	1166 of 1407374 in 489.227 - percent 0.0254543
	1168 of 1407374 in 489.435 - percent 0.0254214
	1173 of 1407374 in 490.191 - percent 0.0253521
	1183 of 1407374 in 491.484 - percent 0.0252037
	1189 of 1407374 in 493.296 - percent 0.0251669
	1192 of 1407374 in 494.216 - percent 0.0251504
	1193 of 1407374 in 494.864 - percent 0.025162
	1199 of 1407374 in 497.483 - percent 0.0251668
	1200 of 1407374 in 497.934 - percent 0.0251685
	1203 of 1407374 in 499.974 - percent 0.02521
	1206 of 1407374 in 502.564 - percent 0.0252789
	1207 of 1407374 in 503.271 - percent 0.0252932
	1208 of 1407374 in 504.292 - percent 0.0253239
	1210 of 1407374 in 505.923 - percent 0.0253628
	1211 of 1407374 in 506.763 - percent 0.0253835
	1214 of 1407374 in 509.677 - percent 0.0254662
	1218 of 1407374 in 511.389 - percent 0.0254671
	1220 of 1407374 in 512.471 - percent 0.0254786
	1222 of 1407374 in 513.375 - percent 0.0254813
	1224 of 1407374 in 514.801 - percent 0.0255104
	1232 of 1407374 in 515.91 - percent 0.0254
	1233 of 1407374 in 516.026 - percent 0.025385
	1236 of 1407374 in 516.845 - percent 0.0253636
	1245 of 1407374 in 519.596 - percent 0.025313
	1246 of 1407374 in 520.054 - percent 0.0253152
	1250 of 1407374 in 521.094 - percent 0.0252834
	1253 of 1407374 in 521.617 - percent 0.0252475
	1254 of 1407374 in 521.846 - percent 0.0252382
	1263 of 1407374 in 522.912 - percent 0.0251086
	1264 of 1407374 in 522.962 - percent 0.025091
	1274 of 1407374 in 525.009 - percent 0.0249897
	1276 of 1407374 in 525.328 - percent 0.0249654
	1279 of 1407374 in 526.867 - percent 0.0249788
	1280 of 1407374 in 527.384 - percent 0.0249832
	1282 of 1407374 in 528.072 - percent 0.024976
	1283 of 1407374 in 528.456 - percent 0.0249743
	1286 of 1407374 in 529.688 - percent 0.0249735
	1290 of 1407374 in 533.113 - percent 0.0250583
	1296 of 1407374 in 537.442 - percent 0.0251447
	1301 of 1407374 in 541.797 - percent 0.0252502
	1307 of 1407374 in 543.724 - percent 0.0252219
	1309 of 1407374 in 544.74 - percent 0.0252303
	1317 of 1407374 in 546.321 - percent 0.0251506
	1326 of 1407374 in 548.663 - percent 0.0250858
	1327 of 1407374 in 549.049 - percent 0.0250846
	1328 of 1407374 in 549.322 - percent 0.025078
	1329 of 1407374 in 549.684 - percent 0.0250755
	1336 of 1407374 in 553.851 - percent 0.0251341
	1342 of 1407374 in 557.416 - percent 0.0251823
	1356 of 1407374 in 563.064 - percent 0.0251778
	1358 of 1407374 in 564.431 - percent 0.0252011
	1366 of 1407374 in 571.705 - percent 0.0253771
	1367 of 1407374 in 572.946 - percent 0.0254135
	1369 of 1407374 in 575.231 - percent 0.0254769
	1371 of 1407374 in 577.506 - percent 0.0255413
	1372 of 1407374 in 578.708 - percent 0.0255766
	1373 of 1407374 in 580.016 - percent 0.0256161
	1376 of 1407374 in 583.656 - percent 0.0257251
	1392 of 1407374 in 590.802 - percent 0.0257406
	1408 of 1407374 in 593.999 - percent 0.0255865
	1411 of 1407374 in 594.647 - percent 0.0255596
	1415 of 1407374 in 595.969 - percent 0.0255443
	1416 of 1407374 in 596.24 - percent 0.0255377
	1430 of 1407374 in 599.514 - percent 0.0254267
	1453 of 1407374 in 603.408 - percent 0.025186
	1456 of 1407374 in 604.596 - percent 0.0251833
	1460 of 1407374 in 606.435 - percent 0.0251908
	1468 of 1407374 in 608.002 - percent 0.0251178
	1469 of 1407374 in 608.125 - percent 0.0251056
	1470 of 1407374 in 608.295 - percent 0.0250954
	1488 of 1407374 in 609.559 - percent 0.0248428
	1503 of 1407374 in 611.415 - percent 0.0246679
	1506 of 1407374 in 612.134 - percent 0.0246474
	1507 of 1407374 in 612.371 - percent 0.0246403
	1511 of 1407374 in 613.016 - percent 0.0246006
	1516 of 1407374 in 613.64 - percent 0.0245439
	1519 of 1407374 in 613.882 - percent 0.0245047
	1536 of 1407374 in 616.06 - percent 0.0243195
	1545 of 1407374 in 618.587 - percent 0.0242761
	1546 of 1407374 in 619.02 - percent 0.0242777
	1550 of 1407374 in 619.883 - percent 0.024249
	1552 of 1407374 in 620.253 - percent 0.024232
	1571 of 1407374 in 621.918 - percent 0.0240027
	1579 of 1407374 in 622.409 - percent 0.0238995
	1583 of 1407374 in 622.825 - percent 0.0238547
	1584 of 1407374 in 622.942 - percent 0.0238441
	1616 of 1407374 in 624.895 - percent 0.0234432
	1648 of 1407374 in 626.97 - percent 0.0230633
	1652 of 1407374 in 627.278 - percent 0.0230186
	1658 of 1407374 in 627.503 - percent 0.0229435
	1667 of 1407374 in 627.992 - percent 0.0228372
	1669 of 1407374 in 628.061 - percent 0.0228123
	1675 of 1407374 in 628.429 - percent 0.022744
	1694 of 1407374 in 631.856 - percent 0.0226106
	1712 of 1407374 in 635.687 - percent 0.0225078
	1731 of 1407374 in 641.316 - percent 0.0224565
	1742 of 1407374 in 642.918 - percent 0.022369
	1751 of 1407374 in 644.476 - percent 0.0223062
	1758 of 1407374 in 645.775 - percent 0.0222608
	1759 of 1407374 in 645.945 - percent 0.0222539
	1760 of 1407374 in 646.103 - percent 0.0222467
	1771 of 1407374 in 646.756 - percent 0.0221303
	1776 of 1407374 in 647.082 - percent 0.0220787
	1780 of 1407374 in 647.37 - percent 0.0220385
	1786 of 1407374 in 647.636 - percent 0.0219731
	1792 of 1407374 in 648.071 - percent 0.0219138
	1797 of 1407374 in 648.387 - percent 0.0218634
	1810 of 1407374 in 649.094 - percent 0.0217296
	1842 of 1407374 in 651.427 - percent 0.0214252
	1849 of 1407374 in 652.068 - percent 0.0213643
	1853 of 1407374 in 652.513 - percent 0.0213323
	1867 of 1407374 in 654.435 - percent 0.0212322
	1883 of 1407374 in 655.901 - percent 0.0210977
	1884 of 1407374 in 655.977 - percent 0.0210889
	1886 of 1407374 in 656.214 - percent 0.0210741
	1899 of 1407374 in 658.231 - percent 0.020993
	1909 of 1407374 in 659.462 - percent 0.020921
	1912 of 1407374 in 659.825 - percent 0.0208994
	1919 of 1407374 in 661.038 - percent 0.0208598
	1920 of 1407374 in 661.295 - percent 0.0208567
	1929 of 1407374 in 662.76 - percent 0.0208037
	1933 of 1407374 in 663.463 - percent 0.0207822
	1936 of 1407374 in 663.968 - percent 0.0207653
	1949 of 1407374 in 665.566 - percent 0.0206742
	1962 of 1407374 in 666.549 - percent 0.0205663
	1966 of 1407374 in 666.855 - percent 0.0205337
	1973 of 1407374 in 667.496 - percent 0.0204801
	1975 of 1407374 in 667.748 - percent 0.0204669
	1978 of 1407374 in 668.49 - percent 0.0204586
	1982 of 1407374 in 669.231 - percent 0.0204399
	1990 of 1407374 in 670.518 - percent 0.0203963
	2000 of 1407374 in 671.65 - percent 0.0203276
	2002 of 1407374 in 671.874 - percent 0.0203138
	2014 of 1407374 in 673.509 - percent 0.0202403
	2016 of 1407374 in 673.786 - percent 0.0202283
	2019 of 1407374 in 674.361 - percent 0.0202156
	2032 of 1407374 in 677.142 - percent 0.0201673
	2036 of 1407374 in 678.026 - percent 0.0201531
	2040 of 1407374 in 678.829 - percent 0.0201366
	2051 of 1407374 in 680.985 - percent 0.0200909
	2064 of 1407374 in 685.318 - percent 0.0200922
	2075 of 1407374 in 688.941 - percent 0.0200918
	2076 of 1407374 in 689.117 - percent 0.0200871
	2096 of 1407374 in 693.599 - percent 0.0200229
	2101 of 1407374 in 694.478 - percent 0.0200003
	2106 of 1407374 in 695.333 - percent 0.0199774
	2109 of 1407374 in 695.754 - percent 0.0199609
	2110 of 1407374 in 695.865 - percent 0.0199547
	2113 of 1407374 in 696.208 - percent 0.0199359
	2115 of 1407374 in 696.585 - percent 0.0199276
	2119 of 1407374 in 697.23 - percent 0.0199078
	2126 of 1407374 in 697.894 - percent 0.0198607
	2136 of 1407374 in 699.351 - percent 0.0198084
	2143 of 1407374 in 701.027 - percent 0.0197911
	2147 of 1407374 in 702.216 - percent 0.019788
	2149 of 1407374 in 702.827 - percent 0.019787
	2157 of 1407374 in 703.845 - percent 0.0197416
	2163 of 1407374 in 704.392 - percent 0.0197017
	2164 of 1407374 in 704.474 - percent 0.0196949
	2167 of 1407374 in 704.685 - percent 0.0196733
	2171 of 1407374 in 705.026 - percent 0.0196464
	2177 of 1407374 in 705.587 - percent 0.0196072
	2192 of 1407374 in 707.562 - percent 0.019526
	2205 of 1407374 in 709.818 - percent 0.019471
	2226 of 1407374 in 712.998 - percent 0.0193718
	2227 of 1407374 in 713.162 - percent 0.0193675
	2240 of 1407374 in 715.614 - percent 0.0193212
	2256 of 1407374 in 717.424 - percent 0.0192318
	2266 of 1407374 in 718.54 - percent 0.0191757
	2272 of 1407374 in 719.137 - percent 0.0191406
	2287 of 1407374 in 720.628 - percent 0.0190534
	2288 of 1407374 in 720.719 - percent 0.0190474
	2303 of 1407374 in 722.632 - percent 0.0189721
	2316 of 1407374 in 723.791 - percent 0.0188951
	2320 of 1407374 in 724.372 - percent 0.0188776
	2332 of 1407374 in 725.583 - percent 0.0188118
	2346 of 1407374 in 727.128 - percent 0.0187386
	2365 of 1407374 in 728.822 - percent 0.0186308
	2366 of 1407374 in 728.938 - percent 0.0186258
	2371 of 1407374 in 729.601 - percent 0.0186032
	2382 of 1407374 in 731.255 - percent 0.0185582
	2383 of 1407374 in 731.386 - percent 0.0185537
	2387 of 1407374 in 732.167 - percent 0.0185422
	2388 of 1407374 in 732.29 - percent 0.0185375
	2390 of 1407374 in 732.711 - percent 0.0185325
	2400 of 1407374 in 735.099 - percent 0.018515
	2403 of 1407374 in 735.738 - percent 0.0185081
	2414 of 1407374 in 746.071 - percent 0.0186862
	2416 of 1407374 in 748.813 - percent 0.0187399
	2428 of 1407374 in 754.034 - percent 0.0187785
	2432 of 1407374 in 754.526 - percent 0.0187599
	2435 of 1407374 in 754.956 - percent 0.0187472
	2440 of 1407374 in 756.118 - percent 0.0187375
	2444 of 1407374 in 757.137 - percent 0.0187324
	2445 of 1407374 in 757.393 - percent 0.018731
	2454 of 1407374 in 759.651 - percent 0.0187188
	2468 of 1407374 in 760.898 - percent 0.0186429
	2470 of 1407374 in 761.171 - percent 0.0186346
	2474 of 1407374 in 762.086 - percent 0.0186268
	2477 of 1407374 in 762.861 - percent 0.0186229
	2479 of 1407374 in 763.204 - percent 0.0186161
	2480 of 1407374 in 763.4 - percent 0.0186133
	2484 of 1407374 in 765.21 - percent 0.0186276
	2485 of 1407374 in 765.411 - percent 0.0186249
	2486 of 1407374 in 765.845 - percent 0.0186281
	2493 of 1407374 in 768.845 - percent 0.0186492
	2496 of 1407374 in 769.479 - percent 0.0186418
	2501 of 1407374 in 770.551 - percent 0.0186298
	2519 of 1407374 in 772.873 - percent 0.0185513
	2535 of 1407374 in 774.962 - percent 0.018483
	2543 of 1407374 in 776.12 - percent 0.0184521
	2544 of 1407374 in 776.23 - percent 0.0184474
	2551 of 1407374 in 776.832 - percent 0.0184108
	2556 of 1407374 in 777.413 - percent 0.0183887
	2557 of 1407374 in 777.737 - percent 0.0183893
	2558 of 1407374 in 777.879 - percent 0.0183855
	2573 of 1407374 in 782.29 - percent 0.0183824
	2574 of 1407374 in 782.477 - percent 0.0183796
	2576 of 1407374 in 783.445 - percent 0.0183882
	2577 of 1407374 in 784.235 - percent 0.0184002
	2580 of 1407374 in 786.719 - percent 0.0184381
	2583 of 1407374 in 789.274 - percent 0.018477
	2591 of 1407374 in 793.574 - percent 0.0185201
	2593 of 1407374 in 794.121 - percent 0.0185185
	2594 of 1407374 in 794.66 - percent 0.0185242
	2595 of 1407374 in 795.02 - percent 0.0185255
	2603 of 1407374 in 797.571 - percent 0.0185282
	2608 of 1407374 in 798.327 - percent 0.0185098
	2610 of 1407374 in 798.686 - percent 0.0185038
	2611 of 1407374 in 798.854 - percent 0.0185006
	2618 of 1407374 in 800.655 - percent 0.0184921
	2619 of 1407374 in 800.928 - percent 0.0184913
	2622 of 1407374 in 801.602 - percent 0.0184857
	2623 of 1407374 in 801.908 - percent 0.0184856
	2626 of 1407374 in 802.429 - percent 0.0184763
	2627 of 1407374 in 802.511 - percent 0.0184711
	2635 of 1407374 in 803.702 - percent 0.0184417
	2636 of 1407374 in 803.746 - percent 0.0184357
	2641 of 1407374 in 804.23 - percent 0.0184116
	2645 of 1407374 in 805.126 - percent 0.0184043
	2655 of 1407374 in 807.46 - percent 0.0183876
	2661 of 1407374 in 809.551 - percent 0.0183933
	2663 of 1407374 in 810.878 - percent 0.0184099
	2667 of 1407374 in 815.343 - percent 0.0184848
	2670 of 1407374 in 818.58 - percent 0.0185379
	2671 of 1407374 in 819.216 - percent 0.0185453
	2672 of 1407374 in 819.923 - percent 0.0185542
	2675 of 1407374 in 822.91 - percent 0.0186011
	2677 of 1407374 in 823.518 - percent 0.0186008
	2678 of 1407374 in 823.778 - percent 0.0185996
	2680 of 1407374 in 824.593 - percent 0.0186042
	2684 of 1407374 in 826.754 - percent 0.0186256
	2687 of 1407374 in 827.562 - percent 0.0186233
	2691 of 1407374 in 827.992 - percent 0.0186052
	2692 of 1407374 in 828.071 - percent 0.0186
	2700 of 1407374 in 829.697 - percent 0.0185809
	2718 of 1407374 in 836.799 - percent 0.0186172
	2736 of 1407374 in 846.225 - percent 0.0187058
	2744 of 1407374 in 856.714 - percent 0.0188842
	2750 of 1407374 in 866.479 - percent 0.0190625
	2752 of 1407374 in 868.686 - percent 0.019098
	2757 of 1407374 in 873.4 - percent 0.019168
	2758 of 1407374 in 874.267 - percent 0.0191799
	2774 of 1407374 in 881.656 - percent 0.0192325
	2782 of 1407374 in 883.09 - percent 0.0192082
	2783 of 1407374 in 883.342 - percent 0.0192067
	2790 of 1407374 in 885.045 - percent 0.0191957
	2799 of 1407374 in 886.881 - percent 0.0191745
	2805 of 1407374 in 887.512 - percent 0.0191469
	2814 of 1407374 in 888.557 - percent 0.0191082
	2816 of 1407374 in 889.083 - percent 0.0191058
	2820 of 1407374 in 890.243 - percent 0.0191033
	2821 of 1407374 in 890.459 - percent 0.0191011
	2826 of 1407374 in 892.142 - percent 0.0191034
	2828 of 1407374 in 892.872 - percent 0.0191054
	2832 of 1407374 in 894.475 - percent 0.0191128
	2841 of 1407374 in 896.852 - percent 0.0191036
	2874 of 1407374 in 898.772 - percent 0.0189233
	2878 of 1407374 in 899.139 - percent 0.0189047
	2879 of 1407374 in 899.229 - percent 0.0189
	2880 of 1407374 in 899.377 - percent 0.0188965
	2886 of 1407374 in 899.84 - percent 0.0188667
	2891 of 1407374 in 900.257 - percent 0.0188426
	2895 of 1407374 in 900.403 - percent 0.0188195
	2908 of 1407374 in 901.761 - percent 0.0187638
	2911 of 1407374 in 902.464 - percent 0.0187592
	2919 of 1407374 in 904.441 - percent 0.0187488
	2928 of 1407374 in 905.942 - percent 0.0187225
	2938 of 1407374 in 906.814 - percent 0.0186765
	2940 of 1407374 in 906.916 - percent 0.0186658
	2944 of 1407374 in 907.118 - percent 0.0186446
	2989 of 1407374 in 909.326 - percent 0.0184069
	2991 of 1407374 in 909.521 - percent 0.0183984
	3008 of 1407374 in 911.061 - percent 0.0183243
	3056 of 1407374 in 914.068 - percent 0.0180954
	3058 of 1407374 in 914.24 - percent 0.018087
	3085 of 1407374 in 920.392 - percent 0.018049
	3092 of 1407374 in 923.499 - percent 0.0180695
	3120 of 1407374 in 927.315 - percent 0.0179811
	3129 of 1407374 in 928.141 - percent 0.0179449
	3155 of 1407374 in 929.091 - percent 0.0178148
	3200 of 1407374 in 930.734 - percent 0.0175943
	3236 of 1407374 in 932.88 - percent 0.0174371
	3254 of 1407374 in 933.652 - percent 0.0173545
	3266 of 1407374 in 934.251 - percent 0.0173017
	3275 of 1407374 in 935.005 - percent 0.0172679
	3280 of 1407374 in 935.283 - percent 0.0172465
	3287 of 1407374 in 935.644 - percent 0.0172163
	3299 of 1407374 in 936.41 - percent 0.0171672
	3319 of 1407374 in 937.379 - percent 0.0170809
	3344 of 1407374 in 938.408 - percent 0.0169711
	3366 of 1407374 in 940.645 - percent 0.0169003
	3370 of 1407374 in 941.019 - percent 0.0168868
	3378 of 1407374 in 941.648 - percent 0.0168578
	3382 of 1407374 in 941.956 - percent 0.0168431
	3389 of 1407374 in 942.447 - percent 0.0168169
	3395 of 1407374 in 943.013 - percent 0.0167973
	3399 of 1407374 in 943.477 - percent 0.0167858
	3403 of 1407374 in 944.017 - percent 0.0167754
	3411 of 1407374 in 945.026 - percent 0.0167534
	3422 of 1407374 in 946.422 - percent 0.016724
	3436 of 1407374 in 949.878 - percent 0.0167173
	3438 of 1407374 in 950.415 - percent 0.0167171
	3443 of 1407374 in 951.284 - percent 0.0167081
	3451 of 1407374 in 952.5 - percent 0.0166903
	3456 of 1407374 in 952.978 - percent 0.0166742
	3472 of 1407374 in 954.972 - percent 0.016631
	3477 of 1407374 in 955.633 - percent 0.0166184
	3481 of 1407374 in 956.061 - percent 0.0166069
	3485 of 1407374 in 956.213 - percent 0.0165904
	3504 of 1407374 in 957.173 - percent 0.0165164
	3551 of 1407374 in 959.012 - percent 0.0163284
	3595 of 1407374 in 961.095 - percent 0.0161622
	3649 of 1407374 in 962.992 - percent 0.0159534
	3682 of 1407374 in 964.226 - percent 0.0158298
	3740 of 1407374 in 965.356 - percent 0.0156021
	3741 of 1407374 in 965.396 - percent 0.0155985
	3749 of 1407374 in 965.858 - percent 0.0155724
	3757 of 1407374 in 966.554 - percent 0.01555
	3760 of 1407374 in 966.699 - percent 0.0155398
	3764 of 1407374 in 967.017 - percent 0.0155283
	3775 of 1407374 in 967.797 - percent 0.0154952
	3781 of 1407374 in 968.376 - percent 0.0154801
	3789 of 1407374 in 969.148 - percent 0.0154596
	3792 of 1407374 in 969.443 - percent 0.0154521
	3802 of 1407374 in 970.154 - percent 0.0154227
	3806 of 1407374 in 970.316 - percent 0.015409
	3831 of 1407374 in 971.568 - percent 0.0153281
	3850 of 1407374 in 971.828 - percent 0.0152565
	3856 of 1407374 in 971.918 - percent 0.0152341
	3876 of 1407374 in 972.478 - percent 0.0151639
	3888 of 1407374 in 972.72 - percent 0.0151207
	3897 of 1407374 in 972.94 - percent 0.0150891
	3936 of 1407374 in 973.771 - percent 0.0149519
	3949 of 1407374 in 974.037 - percent 0.0149067
	3952 of 1407374 in 974.292 - percent 0.0148994
	3968 of 1407374 in 975.681 - percent 0.0148604
	4016 of 1407374 in 977.546 - percent 0.0147103
	4032 of 1407374 in 977.817 - percent 0.0146559
	4079 of 1407374 in 980.759 - percent 0.0145307
	4080 of 1407374 in 980.859 - percent 0.0145287
	4099 of 1407374 in 984.068 - percent 0.0145088
	4126 of 1407374 in 994.384 - percent 0.0145677
	4139 of 1407374 in 1004.48 - percent 0.0146703
	4142 of 1407374 in 1005.73 - percent 0.0146776
	4144 of 1407374 in 1007.07 - percent 0.0146904
	4160 of 1407374 in 1011.5 - percent 0.0146989
	4165 of 1407374 in 1013.84 - percent 0.0147155
	4179 of 1407374 in 1015.95 - percent 0.014697
	4194 of 1407374 in 1017.54 - percent 0.014667
	4198 of 1407374 in 1018.07 - percent 0.0146605
	4202 of 1407374 in 1019.25 - percent 0.0146636
	4205 of 1407374 in 1019.8 - percent 0.014661
	4213 of 1407374 in 1021.7 - percent 0.0146607
	4243 of 1407374 in 1024.68 - percent 0.0145979
	4247 of 1407374 in 1024.93 - percent 0.0145876
	4259 of 1407374 in 1026.72 - percent 0.0145717
	4284 of 1407374 in 1030.57 - percent 0.014541
	4288 of 1407374 in 1032.69 - percent 0.0145572
	4294 of 1407374 in 1035.24 - percent 0.0145731
	4298 of 1407374 in 1036.58 - percent 0.0145788
	4303 of 1407374 in 1037.22 - percent 0.0145706
	4309 of 1407374 in 1038.12 - percent 0.0145626
	4311 of 1407374 in 1038.53 - percent 0.0145614
	4337 of 1407374 in 1040.44 - percent 0.0145001
	4352 of 1407374 in 1040.83 - percent 0.0144553
	4378 of 1407374 in 1041.77 - percent 0.0143818
	4393 of 1407374 in 1042.46 - percent 0.0143419
	4395 of 1407374 in 1042.56 - percent 0.0143367
	4428 of 1407374 in 1044.19 - percent 0.0142516
	4439 of 1407374 in 1045.08 - percent 0.0142282
	4443 of 1407374 in 1045.46 - percent 0.0142206
	4448 of 1407374 in 1046.02 - percent 0.0142121
	4451 of 1407374 in 1047.1 - percent 0.0142169
	4458 of 1407374 in 1048.68 - percent 0.0142158
	4462 of 1407374 in 1049.64 - percent 0.0142158
	4466 of 1407374 in 1050.56 - percent 0.0142156
	4490 of 1407374 in 1053.05 - percent 0.0141727
	4494 of 1407374 in 1053.37 - percent 0.0141643
	4496 of 1407374 in 1053.52 - percent 0.01416
	4501 of 1407374 in 1053.91 - percent 0.0141494
	4509 of 1407374 in 1054.4 - percent 0.0141307
	4525 of 1407374 in 1054.82 - percent 0.0140862
	4544 of 1407374 in 1055.3 - percent 0.0140335
	4548 of 1407374 in 1055.48 - percent 0.0140234
	4605 of 1407374 in 1057.05 - percent 0.0138697
	4643 of 1407374 in 1059.65 - percent 0.0137892
	4656 of 1407374 in 1061.1 - percent 0.0137693
	4658 of 1407374 in 1061.2 - percent 0.0137647
	4673 of 1407374 in 1062.34 - percent 0.0137349
	4675 of 1407374 in 1062.56 - percent 0.0137319
	4688 of 1407374 in 1063.69 - percent 0.013708
	4690 of 1407374 in 1063.79 - percent 0.0137035
	4703 of 1407374 in 1064.54 - percent 0.0136747
	4711 of 1407374 in 1064.84 - percent 0.0136553
	4715 of 1407374 in 1065 - percent 0.0136457
	4716 of 1407374 in 1065.07 - percent 0.0136436
	4722 of 1407374 in 1065.32 - percent 0.0136294
	4752 of 1407374 in 1067.47 - percent 0.0135704
	4758 of 1407374 in 1067.81 - percent 0.0135574
	4764 of 1407374 in 1068.08 - percent 0.0135438
	4765 of 1407374 in 1068.12 - percent 0.0135414
	4784 of 1407374 in 1071.8 - percent 0.0135338
	4798 of 1407374 in 1073.79 - percent 0.0135191
	4803 of 1407374 in 1075.55 - percent 0.0135271
	4808 of 1407374 in 1077.29 - percent 0.0135349
	4812 of 1407374 in 1081.05 - percent 0.0135717
	4814 of 1407374 in 1083 - percent 0.0135908
	4824 of 1407374 in 1091.72 - percent 0.0136725
	4828 of 1407374 in 1093.16 - percent 0.013679
	4831 of 1407374 in 1094.63 - percent 0.0136889
	4839 of 1407374 in 1096.67 - percent 0.0136918
	4840 of 1407374 in 1096.79 - percent 0.0136905
	4843 of 1407374 in 1097.51 - percent 0.0136909
	4848 of 1407374 in 1098.68 - percent 0.0136914
	4850 of 1407374 in 1099.28 - percent 0.0136934
	4853 of 1407374 in 1100.39 - percent 0.013699
	4854 of 1407374 in 1100.85 - percent 0.0137022
	4862 of 1407374 in 1101.66 - percent 0.0136896
	4863 of 1407374 in 1101.76 - percent 0.013688
	4866 of 1407374 in 1102.08 - percent 0.0136835
	4870 of 1407374 in 1102.58 - percent 0.0136784
	4871 of 1407374 in 1102.68 - percent 0.0136767
	4876 of 1407374 in 1103.29 - percent 0.0136702
	4895 of 1407374 in 1109.14 - percent 0.0136888
	4896 of 1407374 in 1109.75 - percent 0.0136937
	4897 of 1407374 in 1110.27 - percent 0.0136974
	4905 of 1407374 in 1111.89 - percent 0.0136946
	4907 of 1407374 in 1112.5 - percent 0.0136963
	4912 of 1407374 in 1113.16 - percent 0.0136902
	4914 of 1407374 in 1113.49 - percent 0.0136887
	4922 of 1407374 in 1114.44 - percent 0.0136777
	4938 of 1407374 in 1116.35 - percent 0.0136562
	4953 of 1407374 in 1118.37 - percent 0.0136391
	4955 of 1407374 in 1118.52 - percent 0.0136354
	4958 of 1407374 in 1118.75 - percent 0.0136299
	4963 of 1407374 in 1119.67 - percent 0.0136273
	4965 of 1407374 in 1119.97 - percent 0.0136255
	4973 of 1407374 in 1122.08 - percent 0.0136291
	4975 of 1407374 in 1122.74 - percent 0.0136315
	4976 of 1407374 in 1122.98 - percent 0.0136316
	4978 of 1407374 in 1123.88 - percent 0.0136372
	4979 of 1407374 in 1124.14 - percent 0.0136377
	4992 of 1407374 in 1127.91 - percent 0.0136476
	5012 of 1407374 in 1131.12 - percent 0.013631
	5013 of 1407374 in 1131.22 - percent 0.0136294
	5017 of 1407374 in 1131.57 - percent 0.0136227
	5023 of 1407374 in 1132.01 - percent 0.0136115
	5039 of 1407374 in 1132.79 - percent 0.0135775
	5040 of 1407374 in 1132.91 - percent 0.0135761
	5056 of 1407374 in 1133.81 - percent 0.0135435
	5075 of 1407374 in 1135.23 - percent 0.0135091
	5099 of 1407374 in 1137.19 - percent 0.013468
	5104 of 1407374 in 1137.35 - percent 0.0134567
	5117 of 1407374 in 1138.39 - percent 0.0134348
	5140 of 1407374 in 1142.95 - percent 0.0134274
	5143 of 1407374 in 1143.75 - percent 0.0134288
	5154 of 1407374 in 1148.15 - percent 0.0134519
	5156 of 1407374 in 1149.93 - percent 0.013468
	5157 of 1407374 in 1150.92 - percent 0.0134771
	5172 of 1407374 in 1159.32 - percent 0.0135358
	5179 of 1407374 in 1161.95 - percent 0.0135483
	5190 of 1407374 in 1165.63 - percent 0.0135621
	5196 of 1407374 in 1168.05 - percent 0.0135747
	5197 of 1407374 in 1168.9 - percent 0.0135823
	5231 of 1407374 in 1173.01 - percent 0.0135401
	5237 of 1407374 in 1174 - percent 0.0135357
	5248 of 1407374 in 1175.35 - percent 0.0135225
	5252 of 1407374 in 1175.76 - percent 0.0135168
	5283 of 1407374 in 1178.4 - percent 0.0134665
	5285 of 1407374 in 1179.13 - percent 0.0134696
	5288 of 1407374 in 1179.74 - percent 0.0134688
	5292 of 1407374 in 1180.56 - percent 0.0134678
	5293 of 1407374 in 1180.93 - percent 0.0134694
	5295 of 1407374 in 1181.3 - percent 0.0134685
	5304 of 1407374 in 1182.63 - percent 0.0134605
	5308 of 1407374 in 1183.72 - percent 0.0134627
	5309 of 1407374 in 1184.26 - percent 0.013466
	5310 of 1407374 in 1184.65 - percent 0.0134678
	5312 of 1407374 in 1185.23 - percent 0.0134692
	5315 of 1407374 in 1185.97 - percent 0.0134699
	5318 of 1407374 in 1187.79 - percent 0.0134827
	5326 of 1407374 in 1191.51 - percent 0.0135047
	5328 of 1407374 in 1193.31 - percent 0.0135204
	5331 of 1407374 in 1195.73 - percent 0.0135406
	5333 of 1407374 in 1197.41 - percent 0.0135547
	5334 of 1407374 in 1198.32 - percent 0.0135624
	5335 of 1407374 in 1199.03 - percent 0.0135679
	5338 of 1407374 in 1201.85 - percent 0.0135924
	5341 of 1407374 in 1202.86 - percent 0.0135961
	5344 of 1407374 in 1203.93 - percent 0.0136005
	5349 of 1407374 in 1206.6 - percent 0.0136184
	5351 of 1407374 in 1206.9 - percent 0.0136167
	5355 of 1407374 in 1207.55 - percent 0.0136138
	5359 of 1407374 in 1208.8 - percent 0.0136177
	5361 of 1407374 in 1209.45 - percent 0.01362
	5366 of 1407374 in 1211.43 - percent 0.0136296
	5367 of 1407374 in 1211.76 - percent 0.0136308
	5368 of 1407374 in 1212.3 - percent 0.0136344
	5370 of 1407374 in 1213.52 - percent 0.0136431
	5378 of 1407374 in 1215.86 - percent 0.0136482
	5386 of 1407374 in 1217.61 - percent 0.0136471
	5394 of 1407374 in 1219.68 - percent 0.0136494
	5397 of 1407374 in 1220.59 - percent 0.0136517
	5401 of 1407374 in 1221.72 - percent 0.0136538
	5403 of 1407374 in 1222.9 - percent 0.0136617
	5407 of 1407374 in 1224.48 - percent 0.0136689
	5409 of 1407374 in 1225.19 - percent 0.0136715
	5410 of 1407374 in 1225.75 - percent 0.0136752
	5411 of 1407374 in 1226.3 - percent 0.0136787
	5416 of 1407374 in 1229.82 - percent 0.013706
	5418 of 1407374 in 1231.06 - percent 0.0137149
	5420 of 1407374 in 1232.26 - percent 0.0137231
	5421 of 1407374 in 1232.89 - percent 0.0137275
	5430 of 1407374 in 1237.42 - percent 0.0137548
	5432 of 1407374 in 1238.36 - percent 0.0137601
	5434 of 1407374 in 1239.27 - percent 0.0137653
	5442 of 1407374 in 1241.12 - percent 0.0137652
	5453 of 1407374 in 1244.85 - percent 0.0137786
	5454 of 1407374 in 1245.48 - percent 0.0137831
	5458 of 1407374 in 1250.59 - percent 0.0138308
	5459 of 1407374 in 1251.57 - percent 0.0138392
	5463 of 1407374 in 1256.09 - percent 0.0138796
	5465 of 1407374 in 1258.33 - percent 0.0138992
	5469 of 1407374 in 1260.58 - percent 0.0139142
	5472 of 1407374 in 1261.87 - percent 0.0139209
	5475 of 1407374 in 1263.51 - percent 0.0139315
	5476 of 1407374 in 1264.51 - percent 0.0139402
	5478 of 1407374 in 1267.31 - percent 0.0139667
	5479 of 1407374 in 1268.69 - percent 0.0139796
	5484 of 1407374 in 1271.92 - percent 0.0140025
	5487 of 1407374 in 1275.91 - percent 0.0140392
	5488 of 1407374 in 1278.18 - percent 0.014062
	5495 of 1407374 in 1290.45 - percent 0.0141804
	5497 of 1407374 in 1294.6 - percent 0.0142218
	5499 of 1407374 in 1298.16 - percent 0.0142572
	5501 of 1407374 in 1300.12 - percent 0.0142738
	5502 of 1407374 in 1300.98 - percent 0.0142808
	5503 of 1407374 in 1302.23 - percent 0.0142923
	5504 of 1407374 in 1303.32 - percent 0.0143018
	5507 of 1407374 in 1306.32 - percent 0.0143268
	5508 of 1407374 in 1307.8 - percent 0.0143405
	5517 of 1407374 in 1313 - percent 0.0143745
	5518 of 1407374 in 1313.77 - percent 0.0143802
	5519 of 1407374 in 1314.75 - percent 0.0143887
	5520 of 1407374 in 1315.29 - percent 0.0143922
	5524 of 1407374 in 1316.48 - percent 0.0143948
	5525 of 1407374 in 1316.74 - percent 0.014395
	5526 of 1407374 in 1316.9 - percent 0.0143942
	5531 of 1407374 in 1318.75 - percent 0.0144014
	5537 of 1407374 in 1322.05 - percent 0.0144217
	5548 of 1407374 in 1325.64 - percent 0.0144324
	5551 of 1407374 in 1326.12 - percent 0.0144297
	5564 of 1407374 in 1327.33 - percent 0.0144089
	5565 of 1407374 in 1327.45 - percent 0.0144076
	5567 of 1407374 in 1327.71 - percent 0.0144052
	5568 of 1407374 in 1327.9 - percent 0.0144046
	5581 of 1407374 in 1330.05 - percent 0.0143942
	5582 of 1407374 in 1330.27 - percent 0.014394
	5583 of 1407374 in 1330.53 - percent 0.0143942
	5597 of 1407374 in 1334.1 - percent 0.0143958
	5604 of 1407374 in 1335.31 - percent 0.0143904
	5615 of 1407374 in 1336.67 - percent 0.0143763
	5617 of 1407374 in 1337.03 - percent 0.0143749
	5620 of 1407374 in 1337.55 - percent 0.0143726
	5631 of 1407374 in 1339.6 - percent 0.014366
	5632 of 1407374 in 1339.74 - percent 0.0143651
	5647 of 1407374 in 1341.17 - percent 0.0143418
	5648 of 1407374 in 1341.32 - percent 0.014341
	5663 of 1407374 in 1343.92 - percent 0.0143306
	5664 of 1407374 in 1344.24 - percent 0.0143315
	5665 of 1407374 in 1344.53 - percent 0.0143322
	5666 of 1407374 in 1344.72 - percent 0.0143316
	5667 of 1407374 in 1344.91 - percent 0.0143311
	5677 of 1407374 in 1347.08 - percent 0.0143289
	5680 of 1407374 in 1347.87 - percent 0.0143296
	5683 of 1407374 in 1348.24 - percent 0.0143259
	5703 of 1407374 in 1350.55 - percent 0.0142993
	5737 of 1407374 in 1352.67 - percent 0.014236
	5761 of 1407374 in 1354.17 - percent 0.0141919
	5767 of 1407374 in 1354.86 - percent 0.0141841
	5799 of 1407374 in 1358.19 - percent 0.0141394
	5813 of 1407374 in 1359.73 - percent 0.0141213
	5814 of 1407374 in 1359.81 - percent 0.0141196
	5815 of 1407374 in 1359.93 - percent 0.0141184
	5824 of 1407374 in 1360.96 - percent 0.0141071
	5828 of 1407374 in 1361.63 - percent 0.0141043
	5829 of 1407374 in 1361.71 - percent 0.0141027
	5830 of 1407374 in 1361.83 - percent 0.0141015
	5831 of 1407374 in 1362.15 - percent 0.0141025
	5872 of 1407374 in 1367.16 - percent 0.0140556
	5879 of 1407374 in 1367.31 - percent 0.0140403
	5888 of 1407374 in 1367.52 - percent 0.014021
	5889 of 1407374 in 1367.54 - percent 0.0140188
	5904 of 1407374 in 1367.93 - percent 0.013987
	5906 of 1407374 in 1367.99 - percent 0.0139829
	5940 of 1407374 in 1369.88 - percent 0.0139213
	5952 of 1407374 in 1370.14 - percent 0.0138957
	5968 of 1407374 in 1370.33 - percent 0.0138603
	5984 of 1407374 in 1370.82 - percent 0.013828
	5995 of 1407374 in 1371.32 - percent 0.0138076
	5997 of 1407374 in 1371.57 - percent 0.0138054
	6000 of 1407374 in 1371.84 - percent 0.0138011
	6010 of 1407374 in 1372.65 - percent 0.0137861
	6012 of 1407374 in 1372.91 - percent 0.013784
	6016 of 1407374 in 1373.5 - percent 0.0137808
	6044 of 1407374 in 1375.29 - percent 0.0137347
	6045 of 1407374 in 1375.3 - percent 0.0137325
	6061 of 1407374 in 1375.97 - percent 0.0137028
	6078 of 1407374 in 1376.6 - percent 0.0136704
	6080 of 1407374 in 1376.75 - percent 0.0136674
	6084 of 1407374 in 1377.12 - percent 0.0136619
	6109 of 1407374 in 1380.02 - percent 0.013634
	6111 of 1407374 in 1380.24 - percent 0.0136318
	6128 of 1407374 in 1381.08 - percent 0.013602
	6152 of 1407374 in 1382.53 - percent 0.0135632
	6161 of 1407374 in 1383.11 - percent 0.013549
	6169 of 1407374 in 1385.14 - percent 0.0135513
	6175 of 1407374 in 1387.48 - percent 0.013561
	6179 of 1407374 in 1389.72 - percent 0.0135741
	6200 of 1407374 in 1396.93 - percent 0.0135988
	6223 of 1407374 in 1398.62 - percent 0.0135647
	6240 of 1407374 in 1399.2 - percent 0.0135333
	6272 of 1407374 in 1399.89 - percent 0.0134707
	6320 of 1407374 in 1401.01 - percent 0.0133786
	6336 of 1407374 in 1401.35 - percent 0.013348
	6340 of 1407374 in 1401.42 - percent 0.0133402
	6363 of 1407374 in 1402.28 - percent 0.0132999
	6416 of 1407374 in 1403.14 - percent 0.0131979
	6445 of 1407374 in 1403.45 - percent 0.0131412
	6448 of 1407374 in 1403.56 - percent 0.0131361
	6555 of 1407374 in 1406.93 - percent 0.0129521
	6598 of 1407374 in 1408.16 - percent 0.0128786
	6656 of 1407374 in 1409.43 - percent 0.0127773
	6668 of 1407374 in 1409.82 - percent 0.0127577
	6704 of 1407374 in 1412.16 - percent 0.0127098
	6706 of 1407374 in 1412.45 - percent 0.0127087
	6722 of 1407374 in 1413.96 - percent 0.0126919
	6737 of 1407374 in 1414.49 - percent 0.0126683
	6738 of 1407374 in 1414.54 - percent 0.0126669
	6739 of 1407374 in 1414.59 - percent 0.0126655
	6772 of 1407374 in 1416.21 - percent 0.0126176
	6789 of 1407374 in 1417.8 - percent 0.0125997
	6804 of 1407374 in 1418.74 - percent 0.0125802
	6832 of 1407374 in 1420.46 - percent 0.0125438
	6834 of 1407374 in 1420.85 - percent 0.0125435
	6838 of 1407374 in 1421.74 - percent 0.0125439
	6848 of 1407374 in 1422.91 - percent 0.0125359
	6852 of 1407374 in 1423.99 - percent 0.0125384
	6862 of 1407374 in 1427.29 - percent 0.0125493
	6871 of 1407374 in 1432.44 - percent 0.0125785
	6959 of 1407374 in 1437.14 - percent 0.0124605
	6976 of 1407374 in 1437.28 - percent 0.0124313
	6992 of 1407374 in 1437.35 - percent 0.0124035
	7024 of 1407374 in 1438.15 - percent 0.0123537
	7039 of 1407374 in 1438.77 - percent 0.0123327
	7056 of 1407374 in 1439.21 - percent 0.0123067
	7105 of 1407374 in 1439.64 - percent 0.0122253
	7184 of 1407374 in 1440.69 - percent 0.0120994
	7245 of 1407374 in 1442.34 - percent 0.0120111
	7261 of 1407374 in 1442.61 - percent 0.0119867
	7288 of 1407374 in 1442.84 - percent 0.0119442
	7344 of 1407374 in 1443.99 - percent 0.0118624
	7360 of 1407374 in 1444.16 - percent 0.011838
	7392 of 1407374 in 1444.46 - percent 0.0117892
	7408 of 1407374 in 1444.81 - percent 0.0117665
	7443 of 1407374 in 1445.51 - percent 0.0117166
	7472 of 1407374 in 1445.72 - percent 0.0116727
	7488 of 1407374 in 1445.96 - percent 0.0116498
	7509 of 1407374 in 1446.4 - percent 0.0116205
	7547 of 1407374 in 1447.31 - percent 0.011569
	7552 of 1407374 in 1447.51 - percent 0.0115629
	7568 of 1407374 in 1448.34 - percent 0.0115452
	7580 of 1407374 in 1448.75 - percent 0.0115301
	7582 of 1407374 in 1448.81 - percent 0.0115276
	7584 of 1407374 in 1448.86 - percent 0.0115249
	7616 of 1407374 in 1449.78 - percent 0.0114836
	7626 of 1407374 in 1450.09 - percent 0.0114709
	7630 of 1407374 in 1450.22 - percent 0.0114659
	7632 of 1407374 in 1450.27 - percent 0.0114633
	7648 of 1407374 in 1450.71 - percent 0.0114427
	7726 of 1407374 in 1452.25 - percent 0.0113389
	7741 of 1407374 in 1452.54 - percent 0.0113192
	7744 of 1407374 in 1452.56 - percent 0.011315
	7824 of 1407374 in 1454.68 - percent 0.0112152
	7906 of 1407374 in 1457.29 - percent 0.0111187
	7927 of 1407374 in 1460 - percent 0.0111097
	7928 of 1407374 in 1460.02 - percent 0.0111085
	7983 of 1407374 in 1461.03 - percent 0.0110394
	7996 of 1407374 in 1461.83 - percent 0.0110273
	8000 of 1407374 in 1462.17 - percent 0.0110242
	8007 of 1407374 in 1462.77 - percent 0.0110189
	8032 of 1407374 in 1463.8 - percent 0.010992
	8048 of 1407374 in 1463.94 - percent 0.0109711
	8064 of 1407374 in 1464.21 - percent 0.0109513
	8066 of 1407374 in 1464.29 - percent 0.0109492
	8071 of 1407374 in 1464.4 - percent 0.0109432
	8095 of 1407374 in 1466.93 - percent 0.0109296
	8097 of 1407374 in 1467.11 - percent 0.0109283
	8101 of 1407374 in 1467.23 - percent 0.0109238
	8112 of 1407374 in 1467.63 - percent 0.0109118
	8113 of 1407374 in 1467.66 - percent 0.0109107
	8128 of 1407374 in 1468.09 - percent 0.0108937
	8148 of 1407374 in 1468.42 - percent 0.0108694
	8154 of 1407374 in 1468.62 - percent 0.0108628
	8165 of 1407374 in 1469.76 - percent 0.0108566
	8175 of 1407374 in 1471.19 - percent 0.0108538
	8187 of 1407374 in 1472.16 - percent 0.0108449
	8208 of 1407374 in 1473.02 - percent 0.0108234
	8224 of 1407374 in 1473.6 - percent 0.0108065
	8240 of 1407374 in 1476.62 - percent 0.0108079
	8241 of 1407374 in 1477 - percent 0.0108094
	8242 of 1407374 in 1477.4 - percent 0.0108111
	8256 of 1407374 in 1487.81 - percent 0.01087
	8258 of 1407374 in 1489.4 - percent 0.0108791
	8266 of 1407374 in 1492.57 - percent 0.010892
	8283 of 1407374 in 1495.68 - percent 0.0108924
	8288 of 1407374 in 1496.55 - percent 0.0108921
	8291 of 1407374 in 1497.13 - percent 0.0108925
	8316 of 1407374 in 1500.36 - percent 0.010883
	8317 of 1407374 in 1500.56 - percent 0.0108832
	8320 of 1407374 in 1501.03 - percent 0.0108826
	8322 of 1407374 in 1501.85 - percent 0.010886
	8331 of 1407374 in 1506.33 - percent 0.0109066
	8341 of 1407374 in 1508.62 - percent 0.01091
	8342 of 1407374 in 1508.78 - percent 0.0109099
	8352 of 1407374 in 1509.46 - percent 0.0109016
	8384 of 1407374 in 1511.33 - percent 0.0108731
	8405 of 1407374 in 1513.43 - percent 0.0108609
	8407 of 1407374 in 1513.7 - percent 0.0108602
	8411 of 1407374 in 1514.77 - percent 0.0108626
	8416 of 1407374 in 1516.3 - percent 0.0108671
	8423 of 1407374 in 1517.73 - percent 0.0108684
	8489 of 1407374 in 1521.32 - percent 0.010809
	8490 of 1407374 in 1521.4 - percent 0.0108083
	8504 of 1407374 in 1523.12 - percent 0.0108023
	8506 of 1407374 in 1523.55 - percent 0.0108028
	8512 of 1407374 in 1524.11 - percent 0.0107992
	8522 of 1407374 in 1525.09 - percent 0.0107934
	8547 of 1407374 in 1525.87 - percent 0.0107672
	8548 of 1407374 in 1526.06 - percent 0.0107674
	8563 of 1407374 in 1527.42 - percent 0.010758
	8564 of 1407374 in 1527.47 - percent 0.0107571
	8573 of 1407374 in 1529.21 - percent 0.0107583
	8576 of 1407374 in 1529.84 - percent 0.0107589
	8581 of 1407374 in 1532.41 - percent 0.0107709
	8608 of 1407374 in 1539.88 - percent 0.01079
	8624 of 1407374 in 1540.83 - percent 0.0107765
	8639 of 1407374 in 1541.4 - percent 0.0107616
	8640 of 1407374 in 1541.42 - percent 0.0107605
	8653 of 1407374 in 1541.76 - percent 0.0107466
	8671 of 1407374 in 1542.16 - percent 0.010727
	8672 of 1407374 in 1542.17 - percent 0.0107259
	8692 of 1407374 in 1542.84 - percent 0.0107057
	8706 of 1407374 in 1543.58 - percent 0.0106935
	8719 of 1407374 in 1544.11 - percent 0.0106811
	8736 of 1407374 in 1544.61 - percent 0.0106636
	8753 of 1407374 in 1545.03 - percent 0.0106457
	8754 of 1407374 in 1545.06 - percent 0.0106446
	8768 of 1407374 in 1545.7 - percent 0.010632
	8770 of 1407374 in 1545.8 - percent 0.0106303
	8784 of 1407374 in 1546.43 - percent 0.0106175
	8800 of 1407374 in 1547.63 - percent 0.0106062
	8802 of 1407374 in 1547.77 - percent 0.0106046
	8821 of 1407374 in 1548.57 - percent 0.0105871
	8832 of 1407374 in 1548.84 - percent 0.0105757
	8895 of 1407374 in 1552.57 - percent 0.0105256
	8896 of 1407374 in 1552.63 - percent 0.0105248
	8912 of 1407374 in 1553.78 - percent 0.0105135
	8918 of 1407374 in 1554.43 - percent 0.0105108
	8928 of 1407374 in 1555.52 - percent 0.0105063
	8936 of 1407374 in 1556.93 - percent 0.0105066
	8944 of 1407374 in 1557.79 - percent 0.010503
	8962 of 1407374 in 1559.22 - percent 0.0104913
	8966 of 1407374 in 1559.59 - percent 0.010489
	8975 of 1407374 in 1560.27 - percent 0.0104828
	8986 of 1407374 in 1561 - percent 0.0104748
	8992 of 1407374 in 1561.36 - percent 0.0104701
	9001 of 1407374 in 1561.8 - percent 0.0104625
	9005 of 1407374 in 1561.97 - percent 0.0104589
	9008 of 1407374 in 1562.09 - percent 0.0104562
	9024 of 1407374 in 1563.1 - percent 0.0104443
	9040 of 1407374 in 1563.43 - percent 0.0104279
	9056 of 1407374 in 1563.99 - percent 0.010413
	9069 of 1407374 in 1564.73 - percent 0.0104029
	9073 of 1407374 in 1565.06 - percent 0.0104004
	9088 of 1407374 in 1566.08 - percent 0.0103897
	9089 of 1407374 in 1566.1 - percent 0.0103887
	9104 of 1407374 in 1566.75 - percent 0.0103758
	9117 of 1407374 in 1567.1 - percent 0.0103632
	9152 of 1407374 in 1568.14 - percent 0.0103301
	9248 of 1407374 in 1570.74 - percent 0.0102391
	9251 of 1407374 in 1570.91 - percent 0.0102368
	9278 of 1407374 in 1573.25 - percent 0.0102221
	9283 of 1407374 in 1574.45 - percent 0.0102244
	9290 of 1407374 in 1575.77 - percent 0.0102252
	9296 of 1407374 in 1576.31 - percent 0.010222
	9311 of 1407374 in 1577.21 - percent 0.0102114
	9312 of 1407374 in 1577.28 - percent 0.0102107
	9316 of 1407374 in 1577.58 - percent 0.0102082
	9344 of 1407374 in 1578.27 - percent 0.0101821
	9365 of 1407374 in 1578.86 - percent 0.010163
	9408 of 1407374 in 1579.86 - percent 0.0101227
	9415 of 1407374 in 1580.09 - percent 0.0101165
	9429 of 1407374 in 1580.35 - percent 0.0101032
	9440 of 1407374 in 1580.67 - percent 0.0100934
	9552 of 1407374 in 1588.56 - percent 0.0100241
	9553 of 1407374 in 1588.6 - percent 0.0100233
	9571 of 1407374 in 1589.67 - percent 0.0100112
	9572 of 1407374 in 1589.73 - percent 0.0100105
	9579 of 1407374 in 1590.68 - percent 0.0100091
	9584 of 1407374 in 1591.33 - percent 0.0100079
	9599 of 1407374 in 1592.36 - percent 0.00999872
	9600 of 1407374 in 1592.58 - percent 0.0099991
	9614 of 1407374 in 1595.36 - percent 0.0100021
	9621 of 1407374 in 1598.35 - percent 0.0100139
	9623 of 1407374 in 1600.42 - percent 0.010025
	9637 of 1407374 in 1610.91 - percent 0.0100766
	9639 of 1407374 in 1611.92 - percent 0.0100808
	9645 of 1407374 in 1614.69 - percent 0.0100921
	9648 of 1407374 in 1615.09 - percent 0.0100914
	9660 of 1407374 in 1618.74 - percent 0.0101015
	9661 of 1407374 in 1619.05 - percent 0.0101024
	9662 of 1407374 in 1619.46 - percent 0.0101039
	9666 of 1407374 in 1621.31 - percent 0.0101112
	9680 of 1407374 in 1624.27 - percent 0.0101147
	9693 of 1407374 in 1626.74 - percent 0.0101163
	9695 of 1407374 in 1627.33 - percent 0.0101179
	9696 of 1407374 in 1627.76 - percent 0.0101195
	9697 of 1407374 in 1628.37 - percent 0.0101223
	9711 of 1407374 in 1634.93 - percent 0.0101482
	9712 of 1407374 in 1635.18 - percent 0.0101487
	9713 of 1407374 in 1635.43 - percent 0.0101492
	9714 of 1407374 in 1635.7 - percent 0.0101497
	9718 of 1407374 in 1637.28 - percent 0.0101551
	9724 of 1407374 in 1638.25 - percent 0.0101546
	9726 of 1407374 in 1638.62 - percent 0.0101548
	9727 of 1407374 in 1638.89 - percent 0.0101553
	9730 of 1407374 in 1639.33 - percent 0.0101549
	9738 of 1407374 in 1639.81 - percent 0.0101494
	9741 of 1407374 in 1640.41 - percent 0.0101499
	9744 of 1407374 in 1640.93 - percent 0.0101499
	9761 of 1407374 in 1644.93 - percent 0.0101564
	9769 of 1407374 in 1645.63 - percent 0.0101523
	9776 of 1407374 in 1647.49 - percent 0.0101565
	9787 of 1407374 in 1651.7 - percent 0.0101708
	9792 of 1407374 in 1654.1 - percent 0.0101805
	9794 of 1407374 in 1655.15 - percent 0.010185
	9795 of 1407374 in 1655.4 - percent 0.0101855
	9798 of 1407374 in 1656.19 - percent 0.0101872
	9802 of 1407374 in 1657.22 - percent 0.0101892
	9803 of 1407374 in 1657.57 - percent 0.0101904
	9810 of 1407374 in 1658.95 - percent 0.0101914
	9813 of 1407374 in 1659.47 - percent 0.0101914
	9814 of 1407374 in 1659.76 - percent 0.0101922
	9817 of 1407374 in 1659.94 - percent 0.0101902
	9825 of 1407374 in 1660.41 - percent 0.0101846
	9829 of 1407374 in 1660.93 - percent 0.0101836
	9834 of 1407374 in 1661.56 - percent 0.0101822
	9893 of 1407374 in 1665.09 - percent 0.0101423
	9899 of 1407374 in 1665.72 - percent 0.0101399
	9904 of 1407374 in 1665.91 - percent 0.0101359
	9934 of 1407374 in 1669.2 - percent 0.010125
	9936 of 1407374 in 1669.35 - percent 0.0101238
	9943 of 1407374 in 1670.07 - percent 0.010121
	9953 of 1407374 in 1673.38 - percent 0.0101306
	9959 of 1407374 in 1676.61 - percent 0.010144
	9963 of 1407374 in 1678.52 - percent 0.0101515
	9968 of 1407374 in 1680.64 - percent 0.0101594
	9984 of 1407374 in 1683.82 - percent 0.010162
	10040 of 1407374 in 1686.57 - percent 0.0101214
	10048 of 1407374 in 1686.88 - percent 0.0101152
	10074 of 1407374 in 1687.48 - percent 0.0100925
	10095 of 1407374 in 1687.91 - percent 0.010074
	10099 of 1407374 in 1688.25 - percent 0.0100719
	10112 of 1407374 in 1689.02 - percent 0.0100634
	10126 of 1407374 in 1689.93 - percent 0.0100548
	10128 of 1407374 in 1690.13 - percent 0.010054
	10131 of 1407374 in 1690.56 - percent 0.0100535
	10141 of 1407374 in 1692.23 - percent 0.0100534
	10149 of 1407374 in 1693.49 - percent 0.0100529
	10157 of 1407374 in 1694.16 - percent 0.0100488
	10176 of 1407374 in 1695.84 - percent 0.0100397
	10178 of 1407374 in 1696.13 - percent 0.0100394
	10187 of 1407374 in 1696.89 - percent 0.0100349
	10192 of 1407374 in 1697.27 - percent 0.0100321
	10194 of 1407374 in 1697.4 - percent 0.0100309
	10221 of 1407374 in 1699.46 - percent 0.0100161
	10224 of 1407374 in 1700.12 - percent 0.0100171
	10236 of 1407374 in 1702.04 - percent 0.0100164
	10256 of 1407374 in 1703.34 - percent 0.0100043
	10257 of 1407374 in 1703.44 - percent 0.0100039
	10288 of 1407374 in 1706.93 - percent 0.00999393
	10296 of 1407374 in 1708.33 - percent 0.00999427
	10308 of 1407374 in 1712.97 - percent 0.0100098
	10314 of 1407374 in 1719.22 - percent 0.0100411
	10318 of 1407374 in 1722.68 - percent 0.0100574
	10335 of 1407374 in 1730.2 - percent 0.0100847
	10336 of 1407374 in 1730.32 - percent 0.0100844
	10339 of 1407374 in 1730.63 - percent 0.0100832
	10352 of 1407374 in 1732.87 - percent 0.0100837
	10355 of 1407374 in 1733.3 - percent 0.0100832
	10363 of 1407374 in 1734.02 - percent 0.0100796
	10364 of 1407374 in 1734.09 - percent 0.010079
	10372 of 1407374 in 1734.57 - percent 0.010074
	10382 of 1407374 in 1736.89 - percent 0.0100775
	10385 of 1407374 in 1738.44 - percent 0.0100836
	10387 of 1407374 in 1739.26 - percent 0.0100863
	10389 of 1407374 in 1740.25 - percent 0.0100901
	10395 of 1407374 in 1743.44 - percent 0.0101028
	10400 of 1407374 in 1744.97 - percent 0.0101066
	10402 of 1407374 in 1745.47 - percent 0.0101075
	10403 of 1407374 in 1745.84 - percent 0.0101086
	10409 of 1407374 in 1747.08 - percent 0.0101098
	10415 of 1407374 in 1748 - percent 0.0101091
	10432 of 1407374 in 1749.28 - percent 0.0100999
	10451 of 1407374 in 1751.89 - percent 0.0100963
	10461 of 1407374 in 1753.49 - percent 0.0100957
	10462 of 1407374 in 1753.65 - percent 0.0100956
	10463 of 1407374 in 1753.84 - percent 0.0100958
	10469 of 1407374 in 1755.47 - percent 0.0100992
	10470 of 1407374 in 1756.01 - percent 0.0101014
	10471 of 1407374 in 1756.52 - percent 0.0101033
	10474 of 1407374 in 1757.54 - percent 0.0101062
	10475 of 1407374 in 1758.17 - percent 0.0101089
	10478 of 1407374 in 1759.35 - percent 0.0101127
	10479 of 1407374 in 1759.89 - percent 0.0101149
	10480 of 1407374 in 1760.67 - percent 0.0101185
	10485 of 1407374 in 1761.91 - percent 0.0101208
	10488 of 1407374 in 1762.49 - percent 0.0101212
	10508 of 1407374 in 1765.32 - percent 0.010118
	10560 of 1407374 in 1768.32 - percent 0.0100847
	10570 of 1407374 in 1769.55 - percent 0.0100821
	10575 of 1407374 in 1770.14 - percent 0.0100806
	10581 of 1407374 in 1770.94 - percent 0.0100794
	10592 of 1407374 in 1771.93 - percent 0.0100744
	10603 of 1407374 in 1772.31 - percent 0.0100661
	10604 of 1407374 in 1772.34 - percent 0.0100653
	10608 of 1407374 in 1772.49 - percent 0.0100623
	10619 of 1407374 in 1773.54 - percent 0.0100579
	10624 of 1407374 in 1773.97 - percent 0.0100555
	10633 of 1407374 in 1775.41 - percent 0.0100551
	10636 of 1407374 in 1776.45 - percent 0.010058
	10638 of 1407374 in 1776.9 - percent 0.0100587
	10639 of 1407374 in 1777.19 - percent 0.0100593
	10649 of 1407374 in 1782.34 - percent 0.0100791
	10651 of 1407374 in 1783.69 - percent 0.0100848
	10655 of 1407374 in 1788.39 - percent 0.0101082
	10661 of 1407374 in 1794.03 - percent 0.0101346
