Number of rows/cols is 48
Number of nnz is    400
#d1 vertices: 0
#d2 vertices: 0
min degree: 5
************************************************************************
Algo is 3
Compress matrix 0
Apply Dulmage-Mendehlson 0
Sorting 3
Single run 0
************************************************************************
Perman: [veni] running with 48 rows:
	1 of 1407374 in 0.778505 - percent 0.0518259
	2 of 1407374 in 1.33766 - percent 0.045077
	6 of 1407374 in 2.74255 - percent 0.0313
	13 of 1407374 in 4.36612 - percent 0.0230782
	38 of 1407374 in 9.29567 - percent 0.0168313
	48 of 1407374 in 12.407 - percent 0.0177201
	62 of 1407374 in 13.8157 - percent 0.0152073
	65 of 1407374 in 14.6613 - percent 0.0153603
	76 of 1407374 in 16.3025 - percent 0.0145782
	96 of 1407374 in 19.6895 - percent 0.0138957
	106 of 1407374 in 20.4 - percent 0.0130362
	111 of 1407374 in 21.1094 - percent 0.0128748
	129 of 1407374 in 22.3142 - percent 0.0117019
	177 of 1407374 in 28.906 - percent 0.0110951
	202 of 1407374 in 30.2723 - percent 0.0101545
	218 of 1407374 in 31.6131 - percent 0.0098046
	248 of 1407374 in 32.5355 - percent 0.00884865
	253 of 1407374 in 32.7602 - percent 0.00872923
	260 of 1407374 in 34.1638 - percent 0.00883003
	291 of 1407374 in 37.1073 - percent 0.00851939
	302 of 1407374 in 39.0755 - percent 0.00861686
	304 of 1407374 in 39.541 - percent 0.00865915
	330 of 1407374 in 42.8373 - percent 0.0086182
	344 of 1407374 in 46.2401 - percent 0.00889971
	364 of 1407374 in 48.0071 - percent 0.00871793
	430 of 1407374 in 51.5505 - percent 0.007889
	487 of 1407374 in 52.9821 - percent 0.00714307
	504 of 1407374 in 53.4693 - percent 0.00696136
	516 of 1407374 in 54.3893 - percent 0.00691518
	543 of 1407374 in 56.0511 - percent 0.00678151
	558 of 1407374 in 56.7837 - percent 0.00668624
	608 of 1407374 in 60.1148 - percent 0.00649583
	671 of 1407374 in 66.6353 - percent 0.00653577
	673 of 1407374 in 66.7605 - percent 0.00652897
	677 of 1407374 in 67.3943 - percent 0.00655439
	686 of 1407374 in 69.0898 - percent 0.00663908
	773 of 1407374 in 75.1378 - percent 0.00639423
	912 of 1407374 in 79.6496 - percent 0.00572047
	1008 of 1407374 in 82.5399 - percent 0.00534195
	1020 of 1407374 in 82.884 - percent 0.00529884
	1032 of 1407374 in 84.1427 - percent 0.00530998
	1075 of 1407374 in 87.6704 - percent 0.00529972
	1116 of 1407374 in 89.7633 - percent 0.00521753
	1117 of 1407374 in 90.0873 - percent 0.00523013
	1212 of 1407374 in 93.8991 - percent 0.00501755
	1224 of 1407374 in 94.8041 - percent 0.00501831
	1288 of 1407374 in 97.8533 - percent 0.00492412
	1290 of 1407374 in 98.6734 - percent 0.00495696
	1312 of 1407374 in 101.265 - percent 0.00500205
	1354 of 1407374 in 106.301 - percent 0.00509235
	1357 of 1407374 in 106.853 - percent 0.00510836
	1358 of 1407374 in 106.963 - percent 0.00511009
	1369 of 1407374 in 108.439 - percent 0.00514186
	1373 of 1407374 in 109.483 - percent 0.0051783
	1376 of 1407374 in 110.934 - percent 0.00523713
	1377 of 1407374 in 111.173 - percent 0.00524503
	1400 of 1407374 in 113.804 - percent 0.00528719
	1414 of 1407374 in 114.489 - percent 0.00526802
	1416 of 1407374 in 114.802 - percent 0.00527572
	1422 of 1407374 in 115.783 - percent 0.00529896
	1455 of 1407374 in 117.62 - percent 0.00526114
	1470 of 1407374 in 119.168 - percent 0.00527625
	1488 of 1407374 in 119.554 - percent 0.00522926
	1670 of 1407374 in 125.486 - percent 0.00488399
	1714 of 1407374 in 127.736 - percent 0.00483967
	1916 of 1407374 in 129.196 - percent 0.00437773
	1920 of 1407374 in 129.367 - percent 0.00437411
	1976 of 1407374 in 130.616 - percent 0.00428925
	2063 of 1407374 in 134.329 - percent 0.00422541
	2072 of 1407374 in 135.343 - percent 0.00424089
	2099 of 1407374 in 137.115 - percent 0.00424425
	2176 of 1407374 in 141.344 - percent 0.00422256
	2320 of 1407374 in 146.226 - percent 0.00409544
	2403 of 1407374 in 148.874 - percent 0.00402221
	2416 of 1407374 in 151.538 - percent 0.00407074
	2427 of 1407374 in 152.797 - percent 0.00408528
	2428 of 1407374 in 152.936 - percent 0.00408727
	2474 of 1407374 in 156.319 - percent 0.00409696
	2476 of 1407374 in 156.409 - percent 0.00409593
	2489 of 1407374 in 157.434 - percent 0.00410015
	2490 of 1407374 in 157.649 - percent 0.0041039
	2496 of 1407374 in 158.525 - percent 0.00411569
	2512 of 1407374 in 158.997 - percent 0.0041011
	2519 of 1407374 in 159.102 - percent 0.00409222
	2577 of 1407374 in 161.773 - percent 0.00406553
	2578 of 1407374 in 162.171 - percent 0.00407435
	2596 of 1407374 in 163.887 - percent 0.00409131
	2624 of 1407374 in 166.043 - percent 0.004103
	2628 of 1407374 in 166.168 - percent 0.00409964
	2630 of 1407374 in 166.269 - percent 0.00409901
	2670 of 1407374 in 169.774 - percent 0.00412369
	2678 of 1407374 in 170.542 - percent 0.00413038
	2684 of 1407374 in 171.176 - percent 0.00413663
	2706 of 1407374 in 173.377 - percent 0.00415605
	2726 of 1407374 in 175.9 - percent 0.00418887
	2729 of 1407374 in 176.831 - percent 0.00420733
	2738 of 1407374 in 177.83 - percent 0.00421846
	2744 of 1407374 in 179.06 - percent 0.00424029
	2765 of 1407374 in 184.009 - percent 0.00433024
	2770 of 1407374 in 184.812 - percent 0.00434192
	2782 of 1407374 in 185.706 - percent 0.00434519
	2792 of 1407374 in 187.312 - percent 0.00436869
	2808 of 1407374 in 188.338 - percent 0.00436754
	2836 of 1407374 in 191.502 - percent 0.00439762
	2878 of 1407374 in 192.972 - percent 0.00436698
	2910 of 1407374 in 194.139 - percent 0.00434578
	3288 of 1407374 in 203.48 - percent 0.00402364
	3328 of 1407374 in 204.497 - percent 0.00399446
	3351 of 1407374 in 205.157 - percent 0.00397927
	3392 of 1407374 in 206.284 - percent 0.00395223
	3435 of 1407374 in 208.292 - percent 0.00394099
	3609 of 1407374 in 208.723 - percent 0.00375844
	3630 of 1407374 in 209.764 - percent 0.00375385
	3663 of 1407374 in 211.198 - percent 0.00374336
	3676 of 1407374 in 211.743 - percent 0.00373881
	3750 of 1407374 in 214.274 - percent 0.00370484
	4013 of 1407374 in 217.264 - percent 0.00350789
	4042 of 1407374 in 218.458 - percent 0.00350109
	4124 of 1407374 in 222.975 - percent 0.00350127
	4144 of 1407374 in 225.234 - percent 0.00351926
	4294 of 1407374 in 232.278 - percent 0.00349857
	4306 of 1407374 in 232.851 - percent 0.00349684
	4320 of 1407374 in 233.592 - percent 0.00349549
	4340 of 1407374 in 234.66 - percent 0.00349364
	4346 of 1407374 in 234.831 - percent 0.00349105
	4383 of 1407374 in 236.174 - percent 0.00347907
	4464 of 1407374 in 239.085 - percent 0.00345346
	4809 of 1407374 in 245.288 - percent 0.00328209
	4830 of 1407374 in 247.892 - percent 0.00330226
	4839 of 1407374 in 248.42 - percent 0.00330303
	4854 of 1407374 in 249.668 - percent 0.00330924
	4856 of 1407374 in 249.936 - percent 0.00331131
	4858 of 1407374 in 250.009 - percent 0.00331085
	4918 of 1407374 in 252.6 - percent 0.00330335
	4950 of 1407374 in 253.289 - percent 0.00329051
	5070 of 1407374 in 257.865 - percent 0.00326648
	5154 of 1407374 in 260.754 - percent 0.00324597
	5156 of 1407374 in 261.445 - percent 0.00325286
	5158 of 1407374 in 261.788 - percent 0.00325573
	5160 of 1407374 in 262.159 - percent 0.0032589
	5162 of 1407374 in 262.225 - percent 0.00325843
	5186 of 1407374 in 263.947 - percent 0.00326359
	5264 of 1407374 in 268.681 - percent 0.00326938
	5315 of 1407374 in 270.084 - percent 0.00325384
	5327 of 1407374 in 271.394 - percent 0.00326214
	5356 of 1407374 in 273.733 - percent 0.00327391
	5364 of 1407374 in 273.945 - percent 0.00327172
	5368 of 1407374 in 274.517 - percent 0.00327656
	5381 of 1407374 in 275.535 - percent 0.00328104
	5404 of 1407374 in 276.533 - percent 0.00327907
	5409 of 1407374 in 276.795 - percent 0.00327921
	5410 of 1407374 in 276.938 - percent 0.00328033
	5416 of 1407374 in 278.7 - percent 0.0032976
	5452 of 1407374 in 282.573 - percent 0.00332183
	5454 of 1407374 in 283.064 - percent 0.00332638
	5455 of 1407374 in 283.628 - percent 0.00333251
	5476 of 1407374 in 286.981 - percent 0.00336084
	5488 of 1407374 in 289.859 - percent 0.00338858
	5539 of 1407374 in 297.939 - percent 0.00345697
	5562 of 1407374 in 299.495 - percent 0.00346157
	5704 of 1407374 in 305.007 - percent 0.00344013
	5728 of 1407374 in 305.101 - percent 0.00342673
	5756 of 1407374 in 305.494 - percent 0.00341428
	5760 of 1407374 in 305.627 - percent 0.00341334
	5793 of 1407374 in 306.067 - percent 0.00339864
	5820 of 1407374 in 307.307 - percent 0.00339612
	6006 of 1407374 in 311.872 - percent 0.00333686
	6014 of 1407374 in 312.068 - percent 0.00333455
	6049 of 1407374 in 312.822 - percent 0.00332331
	6270 of 1407374 in 318.068 - percent 0.0032601
	6335 of 1407374 in 318.989 - percent 0.00323544
	6564 of 1407374 in 320.742 - percent 0.00313841
	6656 of 1407374 in 321.532 - percent 0.003102
	6722 of 1407374 in 323.291 - percent 0.00308749
	6785 of 1407374 in 323.907 - percent 0.00306466
	6828 of 1407374 in 324.775 - percent 0.00305355
	6830 of 1407374 in 325.175 - percent 0.00305639
	6851 of 1407374 in 325.911 - percent 0.00305407
	6864 of 1407374 in 326.589 - percent 0.00305477
	6866 of 1407374 in 326.635 - percent 0.00305431
	6870 of 1407374 in 327.073 - percent 0.0030567
	6892 of 1407374 in 328.43 - percent 0.00305953
	7246 of 1407374 in 330.467 - percent 0.00292737
	7280 of 1407374 in 331.06 - percent 0.00291853
	7903 of 1407374 in 332.944 - percent 0.00270363
	7904 of 1407374 in 333.108 - percent 0.00270455
	7911 of 1407374 in 333.483 - percent 0.00270509
	7961 of 1407374 in 334.681 - percent 0.0026973
	8226 of 1407374 in 337.749 - percent 0.00263494
	8257 of 1407374 in 341.148 - percent 0.00265267
	8275 of 1407374 in 342.539 - percent 0.00265812
	8331 of 1407374 in 345.293 - percent 0.00266224
	8398 of 1407374 in 347.308 - percent 0.00265666
	8413 of 1407374 in 347.945 - percent 0.00265687
	8622 of 1407374 in 355.124 - percent 0.00264444
	8630 of 1407374 in 355.181 - percent 0.00264239
	8767 of 1407374 in 357.148 - percent 0.0026148
	8768 of 1407374 in 357.18 - percent 0.00261473
	8769 of 1407374 in 357.212 - percent 0.00261466
	8900 of 1407374 in 359.83 - percent 0.00259541
	8912 of 1407374 in 360.277 - percent 0.00259525
	8919 of 1407374 in 360.584 - percent 0.0025955
	8935 of 1407374 in 361.98 - percent 0.00260124
	8954 of 1407374 in 362.438 - percent 0.002599
	9278 of 1407374 in 364.483 - percent 0.00252187
	9280 of 1407374 in 364.701 - percent 0.00252276
	9308 of 1407374 in 365.406 - percent 0.00251976
	9320 of 1407374 in 365.792 - percent 0.00251905
	9375 of 1407374 in 366.57 - percent 0.00250925
	9444 of 1407374 in 367.142 - percent 0.00249447
	9456 of 1407374 in 367.781 - percent 0.00249565
	9539 of 1407374 in 369.214 - percent 0.00248362
	9600 of 1407374 in 371.385 - percent 0.00248268
	9608 of 1407374 in 371.743 - percent 0.00248309
	9616 of 1407374 in 372.28 - percent 0.00248473
	9637 of 1407374 in 375 - percent 0.0024984
	9661 of 1407374 in 377.007 - percent 0.00250636
	9662 of 1407374 in 377.161 - percent 0.00250719
	9959 of 1407374 in 386.563 - percent 0.00249345
	9960 of 1407374 in 386.676 - percent 0.00249391
	9963 of 1407374 in 386.975 - percent 0.00249503
	9966 of 1407374 in 387.568 - percent 0.00249786
	9991 of 1407374 in 388.105 - percent 0.0024948
	10000 of 1407374 in 388.369 - percent 0.00249409
	10088 of 1407374 in 389.089 - percent 0.00247652
	10116 of 1407374 in 389.86 - percent 0.00247411
	10128 of 1407374 in 390.131 - percent 0.00247274
	10308 of 1407374 in 394.516 - percent 0.00245697
	10310 of 1407374 in 395.191 - percent 0.00246095
	10320 of 1407374 in 396.396 - percent 0.00246668
	10437 of 1407374 in 401.829 - percent 0.00247435
	10482 of 1407374 in 403.938 - percent 0.00247725
	10505 of 1407374 in 404.282 - percent 0.00247382
	10529 of 1407374 in 404.636 - percent 0.00247019
	10652 of 1407374 in 408.315 - percent 0.00246314
	10727 of 1407374 in 414.602 - percent 0.0024832
	10781 of 1407374 in 416.308 - percent 0.0024807
	10819 of 1407374 in 417.712 - percent 0.00248023
	10905 of 1407374 in 423.248 - percent 0.00249506
	10920 of 1407374 in 424.571 - percent 0.00249973
	10930 of 1407374 in 425.044 - percent 0.00250037
	10932 of 1407374 in 425.576 - percent 0.00250313
	10951 of 1407374 in 426.167 - percent 0.00250248
	10952 of 1407374 in 426.451 - percent 0.00250394
	10976 of 1407374 in 430.556 - percent 0.00252414
	10979 of 1407374 in 430.999 - percent 0.00252625
	11016 of 1407374 in 435.31 - percent 0.00254483
	11068 of 1407374 in 437.339 - percent 0.00254554
	11128 of 1407374 in 438.221 - percent 0.00253715
	11334 of 1407374 in 442.667 - percent 0.00251649
	11338 of 1407374 in 442.867 - percent 0.00251674
	11339 of 1407374 in 443.11 - percent 0.00251787
	11640 of 1407374 in 445.87 - percent 0.00246797
	12242 of 1407374 in 451.068 - percent 0.00237464
	12344 of 1407374 in 452.315 - percent 0.0023618
	12369 of 1407374 in 453.393 - percent 0.0023631
	12459 of 1407374 in 454.695 - percent 0.002353
	13660 of 1407374 in 460.308 - percent 0.00217215
	13678 of 1407374 in 460.476 - percent 0.00217008
	15128 of 1407374 in 462.427 - percent 0.00197078
	15139 of 1407374 in 462.577 - percent 0.00197003
	15197 of 1407374 in 463.172 - percent 0.00196506
	15240 of 1407374 in 463.44 - percent 0.00196055
	15290 of 1407374 in 463.72 - percent 0.00195537
	15872 of 1407374 in 466.937 - percent 0.00189619
	16188 of 1407374 in 468.402 - percent 0.00186488
	16451 of 1407374 in 471.319 - percent 0.00184671
	16498 of 1407374 in 474.754 - percent 0.00185595
	16504 of 1407374 in 475.488 - percent 0.0018583
	16512 of 1407374 in 476.149 - percent 0.00186014
	16531 of 1407374 in 478.244 - percent 0.0018666
	16574 of 1407374 in 481.366 - percent 0.00187442
	16697 of 1407374 in 486.791 - percent 0.00188217
	16809 of 1407374 in 489.488 - percent 0.00187939
	16833 of 1407374 in 490.835 - percent 0.00188158
	17066 of 1407374 in 492.729 - percent 0.00186282
	17137 of 1407374 in 493.995 - percent 0.00185986
	17159 of 1407374 in 494.805 - percent 0.00186053
	17176 of 1407374 in 495.66 - percent 0.00186188
	17416 of 1407374 in 498.266 - percent 0.00184516
	17728 of 1407374 in 502.545 - percent 0.0018271
	17846 of 1407374 in 505.168 - percent 0.00182445
	18049 of 1407374 in 506.952 - percent 0.0018103
	18104 of 1407374 in 507.837 - percent 0.00180763
	18183 of 1407374 in 508.463 - percent 0.00180178
	18246 of 1407374 in 510.171 - percent 0.00180103
	18350 of 1407374 in 511.616 - percent 0.00179547
	18352 of 1407374 in 511.65 - percent 0.00179538
	18490 of 1407374 in 513.782 - percent 0.00178883
	18520 of 1407374 in 513.931 - percent 0.00178641
	18554 of 1407374 in 514.606 - percent 0.00178532
	18751 of 1407374 in 515.132 - percent 0.00176821
	18754 of 1407374 in 515.191 - percent 0.00176811
	18824 of 1407374 in 515.964 - percent 0.00176393
	19088 of 1407374 in 517.994 - percent 0.00174632
	19166 of 1407374 in 519.989 - percent 0.00174633
	19198 of 1407374 in 520.837 - percent 0.00174643
	19244 of 1407374 in 525.809 - percent 0.00176016
	19271 of 1407374 in 528.39 - percent 0.00176693
	19274 of 1407374 in 528.569 - percent 0.00176729
	19322 of 1407374 in 531.267 - percent 0.0017724
	19353 of 1407374 in 532.586 - percent 0.00177415
	19369 of 1407374 in 532.715 - percent 0.00177314
	19397 of 1407374 in 534.162 - percent 0.00177569
	19478 of 1407374 in 537.198 - percent 0.00177844
	19520 of 1407374 in 538.465 - percent 0.00177861
	19552 of 1407374 in 539.943 - percent 0.00178041
	19560 of 1407374 in 540.128 - percent 0.00178028
	19576 of 1407374 in 541.498 - percent 0.00178318
	19584 of 1407374 in 542.302 - percent 0.00178505
	19887 of 1407374 in 545.528 - percent 0.00176875
	19906 of 1407374 in 546.152 - percent 0.00176921
	19920 of 1407374 in 546.987 - percent 0.0017708
	20108 of 1407374 in 547.907 - percent 0.00175735
	20488 of 1407374 in 551.897 - percent 0.00173674
	20540 of 1407374 in 552.806 - percent 0.0017353
	20552 of 1407374 in 553.234 - percent 0.00173567
	20592 of 1407374 in 554.597 - percent 0.00173679
	20616 of 1407374 in 556.814 - percent 0.0017421
	20640 of 1407374 in 560.051 - percent 0.00175055
	20679 of 1407374 in 562.155 - percent 0.00175402
	20680 of 1407374 in 562.302 - percent 0.0017544
	20744 of 1407374 in 564.332 - percent 0.00175541
	20746 of 1407374 in 564.783 - percent 0.00175669
	20793 of 1407374 in 567.079 - percent 0.00176002
	20800 of 1407374 in 567.176 - percent 0.0017597
	20895 of 1407374 in 568.974 - percent 0.00175681
	20916 of 1407374 in 569.239 - percent 0.0017558
	20938 of 1407374 in 570.249 - percent 0.00175687
	20943 of 1407374 in 570.741 - percent 0.00175787
	21158 of 1407374 in 572.733 - percent 0.00174578
	21160 of 1407374 in 572.839 - percent 0.00174591
	21238 of 1407374 in 573.93 - percent 0.00174269
	21298 of 1407374 in 575.726 - percent 0.00174308
	21304 of 1407374 in 576.77 - percent 0.00174579
	21308 of 1407374 in 577.491 - percent 0.00174775
	21309 of 1407374 in 577.663 - percent 0.0017482
	21322 of 1407374 in 578.667 - percent 0.00175019
	21324 of 1407374 in 578.994 - percent 0.00175106
	21342 of 1407374 in 580.023 - percent 0.00175281
	21454 of 1407374 in 583.929 - percent 0.00175576
	21507 of 1407374 in 586.133 - percent 0.00175794
	21604 of 1407374 in 587.701 - percent 0.00175439
	21648 of 1407374 in 590.654 - percent 0.00175905
	21664 of 1407374 in 592.534 - percent 0.00176309
	21689 of 1407374 in 595.251 - percent 0.00176884
	21690 of 1407374 in 595.678 - percent 0.00176995
	21816 of 1407374 in 600.708 - percent 0.00177387
	21860 of 1407374 in 604.707 - percent 0.0017826
	21948 of 1407374 in 610.575 - percent 0.00179321
	21952 of 1407374 in 611.443 - percent 0.00179561
	21958 of 1407374 in 612.139 - percent 0.00179724
	21980 of 1407374 in 615.331 - percent 0.00180519
	21985 of 1407374 in 615.96 - percent 0.00180669
	22006 of 1407374 in 618.861 - percent 0.001814
	22008 of 1407374 in 618.988 - percent 0.00181425
	22012 of 1407374 in 619.517 - percent 0.00181559
	22032 of 1407374 in 620.585 - percent 0.00181733
	22097 of 1407374 in 622.395 - percent 0.00181757
	22119 of 1407374 in 622.686 - percent 0.00181665
	22160 of 1407374 in 624.191 - percent 0.00181801
	22163 of 1407374 in 624.584 - percent 0.00181896
	22182 of 1407374 in 625.059 - percent 0.00181875
	22183 of 1407374 in 625.149 - percent 0.00181893
	22206 of 1407374 in 625.64 - percent 0.00181844
	22505 of 1407374 in 631.211 - percent 0.00180973
	22511 of 1407374 in 631.533 - percent 0.00181022
	22524 of 1407374 in 631.665 - percent 0.00180957
	22536 of 1407374 in 631.881 - percent 0.00180924
	22684 of 1407374 in 635.27 - percent 0.00180765
	22720 of 1407374 in 635.795 - percent 0.00180628
	23193 of 1407374 in 639.115 - percent 0.00177833
	23280 of 1407374 in 640.499 - percent 0.00177571
	23327 of 1407374 in 641.613 - percent 0.00177539
	23384 of 1407374 in 643.802 - percent 0.00177746
	23744 of 1407374 in 645.796 - percent 0.00175595
	23839 of 1407374 in 646.135 - percent 0.0017498
	23844 of 1407374 in 646.211 - percent 0.00174961
	23868 of 1407374 in 646.586 - percent 0.00174877
	24127 of 1407374 in 647.726 - percent 0.00173313
	24185 of 1407374 in 648.108 - percent 0.00173001
	24430 of 1407374 in 649.485 - percent 0.0017162
	24603 of 1407374 in 651.618 - percent 0.00170967
	24736 of 1407374 in 654.051 - percent 0.00170712
	26179 of 1407374 in 655.625 - percent 0.00161703
	26198 of 1407374 in 655.753 - percent 0.00161617
	26204 of 1407374 in 655.847 - percent 0.00161603
	26510 of 1407374 in 657.412 - percent 0.00160102
	26532 of 1407374 in 657.625 - percent 0.00160017
	26806 of 1407374 in 659.096 - percent 0.00158719
	26961 of 1407374 in 660.38 - percent 0.00158115
	27316 of 1407374 in 662.785 - percent 0.00156614
	27370 of 1407374 in 663.974 - percent 0.00156609
	27466 of 1407374 in 665.76 - percent 0.00156511
	27483 of 1407374 in 666.683 - percent 0.0015665
	29317 of 1407374 in 669.035 - percent 0.0014737
	29320 of 1407374 in 669.051 - percent 0.00147358
	31840 of 1407374 in 674.4 - percent 0.00136739
	31855 of 1407374 in 674.467 - percent 0.00136688
	31870 of 1407374 in 674.502 - percent 0.0013663
	32278 of 1407374 in 675.516 - percent 0.00135097
	32442 of 1407374 in 676.511 - percent 0.00134618
	32527 of 1407374 in 676.867 - percent 0.00134337
	32614 of 1407374 in 677.21 - percent 0.00134043
	32768 of 1407374 in 678.308 - percent 0.00133623
	32903 of 1407374 in 679.229 - percent 0.0013326
	32912 of 1407374 in 679.291 - percent 0.00133235
	32923 of 1407374 in 679.355 - percent 0.00133203
	33033 of 1407374 in 683.257 - percent 0.00133563
	33072 of 1407374 in 684.047 - percent 0.00133564
	33119 of 1407374 in 684.73 - percent 0.00133511
	33135 of 1407374 in 685.019 - percent 0.00133503
	33136 of 1407374 in 685.111 - percent 0.00133519
	33255 of 1407374 in 687.298 - percent 0.00133459
	33264 of 1407374 in 687.398 - percent 0.00133442
	33304 of 1407374 in 688.287 - percent 0.00133451
	33321 of 1407374 in 689.16 - percent 0.00133548
	33410 of 1407374 in 690.77 - percent 0.00133492
	33528 of 1407374 in 692.01 - percent 0.00133253
	33624 of 1407374 in 693.067 - percent 0.00133077
	33660 of 1407374 in 694.24 - percent 0.0013317
	33663 of 1407374 in 694.414 - percent 0.00133194
	33692 of 1407374 in 695.396 - percent 0.00133273
	33843 of 1407374 in 696.722 - percent 0.00132921
	33858 of 1407374 in 696.854 - percent 0.00132886
	34016 of 1407374 in 698.173 - percent 0.00132494
	34368 of 1407374 in 704.279 - percent 0.0013228
	34371 of 1407374 in 704.481 - percent 0.00132308
	35016 of 1407374 in 708.367 - percent 0.00130574
	35044 of 1407374 in 708.729 - percent 0.00130535
	35047 of 1407374 in 709.019 - percent 0.00130577
	35051 of 1407374 in 709.453 - percent 0.00130645
	35054 of 1407374 in 709.532 - percent 0.00130649
	35090 of 1407374 in 710.705 - percent 0.00130738
	35095 of 1407374 in 710.778 - percent 0.00130732
	35391 of 1407374 in 712.542 - percent 0.00129952
	35392 of 1407374 in 712.717 - percent 0.00129979
	35393 of 1407374 in 712.819 - percent 0.00129994
	35459 of 1407374 in 715.004 - percent 0.00130138
	35675 of 1407374 in 716.07 - percent 0.00129543
	35712 of 1407374 in 717.474 - percent 0.0012967
	35724 of 1407374 in 718.408 - percent 0.00129801
	37839 of 1407374 in 722.712 - percent 0.0012327
	38160 of 1407374 in 724.023 - percent 0.00122443
	38224 of 1407374 in 724.623 - percent 0.00122335
	38418 of 1407374 in 724.937 - percent 0.0012177
	38484 of 1407374 in 727.324 - percent 0.00121981
	38499 of 1407374 in 728.795 - percent 0.00122198
	38542 of 1407374 in 731.85 - percent 0.001226
	38546 of 1407374 in 731.991 - percent 0.00122611
	38548 of 1407374 in 732.255 - percent 0.00122649
	38550 of 1407374 in 732.438 - percent 0.00122674
	38564 of 1407374 in 732.906 - percent 0.00122711
	38644 of 1407374 in 735.537 - percent 0.0012291
	38646 of 1407374 in 735.694 - percent 0.00122932
	38648 of 1407374 in 735.752 - percent 0.00122936
	38687 of 1407374 in 737.174 - percent 0.00123049
	38750 of 1407374 in 738.224 - percent 0.00123014
	38848 of 1407374 in 741.493 - percent 0.0012322
	38912 of 1407374 in 742.396 - percent 0.00123155
	38946 of 1407374 in 742.875 - percent 0.00123121
	38954 of 1407374 in 742.984 - percent 0.00123112
	38960 of 1407374 in 743.182 - percent 0.00123124
	39129 of 1407374 in 746.462 - percent 0.00123117
	39204 of 1407374 in 748.759 - percent 0.00123258
	39328 of 1407374 in 750.699 - percent 0.00123165
	39519 of 1407374 in 751.325 - percent 0.00122664
	39616 of 1407374 in 752.779 - percent 0.0012258
	39662 of 1407374 in 753.697 - percent 0.00122574
	39708 of 1407374 in 754.759 - percent 0.00122596
	39774 of 1407374 in 755.811 - percent 0.00122559
	39838 of 1407374 in 757.553 - percent 0.0012264
	39855 of 1407374 in 758.277 - percent 0.00122706
	40225 of 1407374 in 760.972 - percent 0.00121994
	40592 of 1407374 in 762.915 - percent 0.00121186
	40894 of 1407374 in 763.783 - percent 0.00120422
	40926 of 1407374 in 764.296 - percent 0.00120404
	40944 of 1407374 in 764.741 - percent 0.00120417
	40964 of 1407374 in 764.952 - percent 0.0012039
	41160 of 1407374 in 765.761 - percent 0.00119941
	41166 of 1407374 in 765.9 - percent 0.00119946
	41178 of 1407374 in 766.141 - percent 0.00119948
	41210 of 1407374 in 767.323 - percent 0.00120046
	41232 of 1407374 in 768.977 - percent 0.00120251
	41246 of 1407374 in 770.166 - percent 0.00120405
	41276 of 1407374 in 772.002 - percent 0.00120615
	41280 of 1407374 in 772.17 - percent 0.00120629
	41307 of 1407374 in 773.086 - percent 0.00120692
	41315 of 1407374 in 773.393 - percent 0.00120718
	41398 of 1407374 in 776.061 - percent 0.00120888
	41571 of 1407374 in 781.036 - percent 0.00121128
	41672 of 1407374 in 783.002 - percent 0.00121123
	41684 of 1407374 in 783.126 - percent 0.00121106
	41766 of 1407374 in 784.583 - percent 0.00121081
	41984 of 1407374 in 789.413 - percent 0.00121189
	42030 of 1407374 in 790.066 - percent 0.0012115
	42055 of 1407374 in 790.366 - percent 0.00121119
	42077 of 1407374 in 790.857 - percent 0.00121126
	42088 of 1407374 in 790.962 - percent 0.00121109
	42090 of 1407374 in 791.015 - percent 0.00121112
	42263 of 1407374 in 791.124 - percent 0.00120632
	42310 of 1407374 in 792.339 - percent 0.00120672
	42343 of 1407374 in 792.684 - percent 0.00120626
	42372 of 1407374 in 793.173 - percent 0.00120612
	42375 of 1407374 in 793.224 - percent 0.0012061
	42482 of 1407374 in 795.076 - percent 0.00120577
	42525 of 1407374 in 795.893 - percent 0.00120576
	42544 of 1407374 in 796.467 - percent 0.00120608
	42563 of 1407374 in 796.858 - percent 0.00120612
	42596 of 1407374 in 798.196 - percent 0.00120726
	42598 of 1407374 in 798.311 - percent 0.00120738
	42604 of 1407374 in 798.597 - percent 0.00120767
	42639 of 1407374 in 801.494 - percent 0.00121126
	42645 of 1407374 in 801.824 - percent 0.00121162
	42648 of 1407374 in 802.153 - percent 0.00121206
	42672 of 1407374 in 803.498 - percent 0.00121341
	42691 of 1407374 in 804.437 - percent 0.00121432
	42693 of 1407374 in 804.732 - percent 0.0012147
	42696 of 1407374 in 804.889 - percent 0.00121485
	42702 of 1407374 in 805.044 - percent 0.00121491
	42760 of 1407374 in 806.465 - percent 0.00121545
	42892 of 1407374 in 809.563 - percent 0.00121619
	42910 of 1407374 in 810.274 - percent 0.00121668
	43056 of 1407374 in 813.592 - percent 0.0012172
	43093 of 1407374 in 814.494 - percent 0.0012174
	43134 of 1407374 in 815.436 - percent 0.00121759
	43148 of 1407374 in 815.664 - percent 0.00121751
	43208 of 1407374 in 816.623 - percent 0.00121717
	43246 of 1407374 in 817.362 - percent 0.00121717
	43247 of 1407374 in 817.381 - percent 0.00121717
	43251 of 1407374 in 817.668 - percent 0.00121748
	43255 of 1407374 in 817.897 - percent 0.00121771
	43264 of 1407374 in 817.995 - percent 0.0012176
	43266 of 1407374 in 818.041 - percent 0.00121761
	43291 of 1407374 in 818.793 - percent 0.00121804
	43303 of 1407374 in 820.158 - percent 0.00121984
	43328 of 1407374 in 821.583 - percent 0.0012214
	43359 of 1407374 in 823.184 - percent 0.00122299
	43378 of 1407374 in 824.069 - percent 0.00122382
	43380 of 1407374 in 824.399 - percent 0.00122425
	43455 of 1407374 in 826.046 - percent 0.00122463
	43466 of 1407374 in 826.741 - percent 0.00122541
	43489 of 1407374 in 827.149 - percent 0.00122534
	43551 of 1407374 in 828.089 - percent 0.00122489
	43555 of 1407374 in 828.374 - percent 0.00122517
	43641 of 1407374 in 831.424 - percent 0.00122711
	43645 of 1407374 in 831.725 - percent 0.00122744
	43700 of 1407374 in 835.285 - percent 0.00123103
	43702 of 1407374 in 835.548 - percent 0.00123135
	43706 of 1407374 in 835.785 - percent 0.00123157
	43718 of 1407374 in 836.29 - percent 0.00123195
	43720 of 1407374 in 836.386 - percent 0.00123203
	43809 of 1407374 in 839.737 - percent 0.00123432
	43849 of 1407374 in 842.088 - percent 0.00123685
	43862 of 1407374 in 842.941 - percent 0.00123778
	43896 of 1407374 in 844.743 - percent 0.0012395
	43900 of 1407374 in 845.145 - percent 0.00123999
	43904 of 1407374 in 845.297 - percent 0.00124011
	43910 of 1407374 in 845.642 - percent 0.00124047
	43913 of 1407374 in 845.787 - percent 0.0012406
	43916 of 1407374 in 846.21 - percent 0.00124114
	43948 of 1407374 in 849.007 - percent 0.0012445
	43960 of 1407374 in 850.252 - percent 0.0012461
	44001 of 1407374 in 854.542 - percent 0.00125154
	44018 of 1407374 in 855.39 - percent 0.00125233
	44022 of 1407374 in 855.642 - percent 0.0012526
	44023 of 1407374 in 855.839 - percent 0.00125287
	44024 of 1407374 in 856.039 - percent 0.00125314
	44062 of 1407374 in 856.731 - percent 0.00125307
	44112 of 1407374 in 857.735 - percent 0.00125313
	44120 of 1407374 in 857.905 - percent 0.00125316
	44163 of 1407374 in 859.59 - percent 0.0012544
	44238 of 1407374 in 860.496 - percent 0.00125352
	44239 of 1407374 in 860.596 - percent 0.00125363
	44264 of 1407374 in 861.001 - percent 0.00125349
	44276 of 1407374 in 861.058 - percent 0.00125323
	44288 of 1407374 in 861.655 - percent 0.00125373
	44316 of 1407374 in 862.777 - percent 0.0012545
	44382 of 1407374 in 864.364 - percent 0.00125483
	44432 of 1407374 in 864.695 - percent 0.00125387
	44460 of 1407374 in 864.777 - percent 0.00125319
	44528 of 1407374 in 865.962 - percent 0.00125294
	44624 of 1407374 in 867.003 - percent 0.00125175
	44982 of 1407374 in 871.968 - percent 0.00124871
	45039 of 1407374 in 873.17 - percent 0.00124871
	45102 of 1407374 in 873.965 - percent 0.00124802
	45226 of 1407374 in 875.58 - percent 0.00124682
	45313 of 1407374 in 876.762 - percent 0.00124609
	45320 of 1407374 in 877.033 - percent 0.00124629
	45365 of 1407374 in 878.998 - percent 0.00124786
	45377 of 1407374 in 879.383 - percent 0.00124807
	45524 of 1407374 in 880.853 - percent 0.00124605
	45562 of 1407374 in 881.384 - percent 0.00124571
	45693 of 1407374 in 882.238 - percent 0.00124324
	45697 of 1407374 in 882.353 - percent 0.00124328
	45874 of 1407374 in 882.548 - percent 0.00123874
	45999 of 1407374 in 883.314 - percent 0.00123635
	46219 of 1407374 in 886.042 - percent 0.00123415
	46412 of 1407374 in 888.129 - percent 0.00123171
	46428 of 1407374 in 888.397 - percent 0.00123165
	46471 of 1407374 in 888.832 - percent 0.00123107
	46574 of 1407374 in 890.129 - percent 0.00123006
	46579 of 1407374 in 890.289 - percent 0.00123014
	46654 of 1407374 in 891.222 - percent 0.00122941
	46691 of 1407374 in 891.868 - percent 0.00122932
	48111 of 1407374 in 893.604 - percent 0.00119537
	48134 of 1407374 in 893.978 - percent 0.00119528
	48184 of 1407374 in 894.459 - percent 0.00119466
	48317 of 1407374 in 895.658 - percent 0.00119287
	48373 of 1407374 in 896.044 - percent 0.00119196
	48415 of 1407374 in 896.225 - percent 0.00119114
	48778 of 1407374 in 897.889 - percent 0.00118429
	48792 of 1407374 in 898.294 - percent 0.00118446
	48795 of 1407374 in 898.426 - percent 0.00118457
	49002 of 1407374 in 900.363 - percent 0.00118201
	49152 of 1407374 in 901.809 - percent 0.00118017
	49176 of 1407374 in 902.208 - percent 0.00118009
	49301 of 1407374 in 903.061 - percent 0.00117814
	49313 of 1407374 in 903.597 - percent 0.00117855
	49348 of 1407374 in 904.107 - percent 0.00117839
	49403 of 1407374 in 904.688 - percent 0.00117783
	51009 of 1407374 in 907.359 - percent 0.00114416
	51311 of 1407374 in 908.086 - percent 0.00113831
	51983 of 1407374 in 909.316 - percent 0.00112502
	53622 of 1407374 in 910.308 - percent 0.00109176
	53705 of 1407374 in 910.852 - percent 0.0010907
	53829 of 1407374 in 911.396 - percent 0.00108881
	53960 of 1407374 in 912.128 - percent 0.00108698
	54144 of 1407374 in 913.499 - percent 0.00108484
	54178 of 1407374 in 913.773 - percent 0.00108446
	54188 of 1407374 in 913.805 - percent 0.00108429
	54210 of 1407374 in 913.927 - percent 0.00108399
	54289 of 1407374 in 914.375 - percent 0.00108292
	54465 of 1407374 in 915.503 - percent 0.00108072
	56363 of 1407374 in 919.402 - percent 0.00104861
	56394 of 1407374 in 919.571 - percent 0.0010482
	56745 of 1407374 in 920.867 - percent 0.00104309
	57088 of 1407374 in 922.463 - percent 0.00103854
	57404 of 1407374 in 923.132 - percent 0.00103349
	57449 of 1407374 in 923.534 - percent 0.00103309
	57647 of 1407374 in 924.073 - percent 0.00103008
	57839 of 1407374 in 925.709 - percent 0.00102831
	58162 of 1407374 in 926.465 - percent 0.00102337
	58168 of 1407374 in 926.771 - percent 0.00102359
	58209 of 1407374 in 929.09 - percent 0.00102535
	58512 of 1407374 in 930.553 - percent 0.00102157
	58537 of 1407374 in 932.389 - percent 0.00102303
	58597 of 1407374 in 933.832 - percent 0.00102345
	58640 of 1407374 in 936.163 - percent 0.00102519
	58656 of 1407374 in 937.92 - percent 0.00102681
	58848 of 1407374 in 938.815 - percent 0.00102442
	58920 of 1407374 in 941.987 - percent 0.00102655
	59457 of 1407374 in 942.765 - percent 0.00101805
	59490 of 1407374 in 943.142 - percent 0.00101788
	59503 of 1407374 in 943.595 - percent 0.00101814
	59793 of 1407374 in 944.131 - percent 0.00101376
	60398 of 1407374 in 945.597 - percent 0.00100504
	64752 of 1407374 in 949.856 - percent 0.000941548
	64758 of 1407374 in 949.866 - percent 0.000941472
	65454 of 1407374 in 953.002 - percent 0.000934446
	65512 of 1407374 in 953.324 - percent 0.000933921
	65679 of 1407374 in 954.718 - percent 0.000932853
	65825 of 1407374 in 955.802 - percent 0.000931817
	65877 of 1407374 in 956.189 - percent 0.000931454
	65928 of 1407374 in 956.705 - percent 0.000931213
	65966 of 1407374 in 957.4 - percent 0.000931394
	65972 of 1407374 in 958.005 - percent 0.000931939
	65992 of 1407374 in 958.996 - percent 0.000932707
	66015 of 1407374 in 960.46 - percent 0.000933932
	66043 of 1407374 in 960.954 - percent 0.000934016
	66058 of 1407374 in 961.256 - percent 0.000934107
	66104 of 1407374 in 961.991 - percent 0.000934207
	66143 of 1407374 in 963.347 - percent 0.000935087
	66188 of 1407374 in 964.172 - percent 0.00093525
	66264 of 1407374 in 964.798 - percent 0.000934752
	66270 of 1407374 in 964.928 - percent 0.000934788
	66272 of 1407374 in 965.096 - percent 0.000934921
	66294 of 1407374 in 966.005 - percent 0.000935485
	66314 of 1407374 in 966.861 - percent 0.000936022
	66319 of 1407374 in 967.197 - percent 0.000936271
	66608 of 1407374 in 969.84 - percent 0.000934733
	67080 of 1407374 in 974.142 - percent 0.000932366
	67090 of 1407374 in 974.235 - percent 0.000932314
	67112 of 1407374 in 974.315 - percent 0.000932079
	67174 of 1407374 in 974.927 - percent 0.000931791
	67184 of 1407374 in 975.138 - percent 0.000931871
	67278 of 1407374 in 976.074 - percent 0.000931501
	67384 of 1407374 in 979.076 - percent 0.000933113
	67771 of 1407374 in 980.691 - percent 0.000929354
	67799 of 1407374 in 980.857 - percent 0.000929118
	67855 of 1407374 in 981.289 - percent 0.000928733
	68418 of 1407374 in 984.307 - percent 0.000924066
	68442 of 1407374 in 984.577 - percent 0.00092399
	68444 of 1407374 in 984.62 - percent 0.000924002
	68547 of 1407374 in 985.415 - percent 0.00092335
	68674 of 1407374 in 987.222 - percent 0.000923449
	68704 of 1407374 in 988.326 - percent 0.000924191
	70111 of 1407374 in 989.532 - percent 0.000906846
	70208 of 1407374 in 990.445 - percent 0.000906422
	70210 of 1407374 in 990.502 - percent 0.000906443
	70582 of 1407374 in 993.244 - percent 0.000904037
	70608 of 1407374 in 993.524 - percent 0.000903944
	71126 of 1407374 in 995.542 - percent 0.000899184
	71167 of 1407374 in 996.21 - percent 0.000899261
	71170 of 1407374 in 996.343 - percent 0.000899341
	71390 of 1407374 in 998.585 - percent 0.000898637
	71462 of 1407374 in 1000.53 - percent 0.000899608
	73158 of 1407374 in 1001.74 - percent 0.000879825
	73444 of 1407374 in 1003.14 - percent 0.000877566
	74150 of 1407374 in 1005.09 - percent 0.000870768
	75676 of 1407374 in 1006.7 - percent 0.000854538
	75891 of 1407374 in 1008.52 - percent 0.000853579
	76370 of 1407374 in 1011.34 - percent 0.000850506
	76454 of 1407374 in 1011.92 - percent 0.00085004
	76464 of 1407374 in 1011.93 - percent 0.000849937
	76505 of 1407374 in 1012.19 - percent 0.000849681
	76509 of 1407374 in 1012.34 - percent 0.000849753
	76544 of 1407374 in 1012.8 - percent 0.000849724
	76615 of 1407374 in 1013.27 - percent 0.000849304
	76624 of 1407374 in 1013.35 - percent 0.00084927
	76684 of 1407374 in 1014.02 - percent 0.000849138
	76696 of 1407374 in 1014.32 - percent 0.000849245
	76792 of 1407374 in 1015.31 - percent 0.000848958
	76840 of 1407374 in 1015.71 - percent 0.000848771
	76880 of 1407374 in 1016.46 - percent 0.000848941
	76892 of 1407374 in 1016.89 - percent 0.000849156
	76917 of 1407374 in 1017.61 - percent 0.000849464
	76932 of 1407374 in 1017.95 - percent 0.000849592
	76936 of 1407374 in 1017.97 - percent 0.000849564
	76982 of 1407374 in 1019.49 - percent 0.000850444
	77016 of 1407374 in 1021.35 - percent 0.000851782
	77096 of 1407374 in 1022.56 - percent 0.000851934
	77288 of 1407374 in 1026.16 - percent 0.000852923
	77365 of 1407374 in 1028.08 - percent 0.000853688
	77538 of 1407374 in 1029.52 - percent 0.000853006
	77652 of 1407374 in 1031.68 - percent 0.000853692
	77824 of 1407374 in 1033.32 - percent 0.000853201
	78169 of 1407374 in 1036.31 - percent 0.000851808
	78211 of 1407374 in 1036.92 - percent 0.000851903
	78214 of 1407374 in 1037.03 - percent 0.000851964
	78224 of 1407374 in 1037.05 - percent 0.000851877
	78225 of 1407374 in 1037.07 - percent 0.00085188
	78256 of 1407374 in 1037.24 - percent 0.000851684
	78298 of 1407374 in 1037.84 - percent 0.00085173
	78320 of 1407374 in 1038.64 - percent 0.00085221
	78335 of 1407374 in 1039.11 - percent 0.000852471
	78351 of 1407374 in 1039.88 - percent 0.000852981
	78985 of 1407374 in 1043 - percent 0.000848647
	79038 of 1407374 in 1043.71 - percent 0.000848681
	79049 of 1407374 in 1043.92 - percent 0.000848749
	79422 of 1407374 in 1047.2 - percent 0.000847403
	79538 of 1407374 in 1047.86 - percent 0.000846683
	79544 of 1407374 in 1048.12 - percent 0.000846835
	79559 of 1407374 in 1048.38 - percent 0.000846902
	79593 of 1407374 in 1048.85 - percent 0.00084694
	79672 of 1407374 in 1049.61 - percent 0.000846705
	79704 of 1407374 in 1050.54 - percent 0.000847178
	81089 of 1407374 in 1051.07 - percent 0.000833164
	81299 of 1407374 in 1052.82 - percent 0.000832409
	81632 of 1407374 in 1054.1 - percent 0.000829968
	81776 of 1407374 in 1055.21 - percent 0.000829335
	81896 of 1407374 in 1056.47 - percent 0.000829137
	82000 of 1407374 in 1057.21 - percent 0.00082866
	82016 of 1407374 in 1057.37 - percent 0.000828621
	82140 of 1407374 in 1058.63 - percent 0.00082832
	82296 of 1407374 in 1059.98 - percent 0.000827807
	82464 of 1407374 in 1063.43 - percent 0.000829032
	82484 of 1407374 in 1066.35 - percent 0.000831261
	82614 of 1407374 in 1072.91 - percent 0.000835371
	82742 of 1407374 in 1076.47 - percent 0.000836898
	82856 of 1407374 in 1080.82 - percent 0.000838977
	82940 of 1407374 in 1081.71 - percent 0.000838771
	82952 of 1407374 in 1081.96 - percent 0.00083882
	83006 of 1407374 in 1083.27 - percent 0.000839271
	83008 of 1407374 in 1083.35 - percent 0.00083931
	83064 of 1407374 in 1083.78 - percent 0.000839085
	83109 of 1407374 in 1085.12 - percent 0.000839677
	83164 of 1407374 in 1087.84 - percent 0.000841242
	83280 of 1407374 in 1089.06 - percent 0.000840972
	83548 of 1407374 in 1091.45 - percent 0.000839981
	83580 of 1407374 in 1091.85 - percent 0.000839936
	83668 of 1407374 in 1093.64 - percent 0.000840337
	83768 of 1407374 in 1095.15 - percent 0.000840499
	83772 of 1407374 in 1095.21 - percent 0.000840508
	83867 of 1407374 in 1099.59 - percent 0.000842963
	83876 of 1407374 in 1099.69 - percent 0.000842951
	83880 of 1407374 in 1099.95 - percent 0.000843122
	83896 of 1407374 in 1100.28 - percent 0.000843214
	83913 of 1407374 in 1100.43 - percent 0.000843156
	84340 of 1407374 in 1104.9 - percent 0.000842184
	84526 of 1407374 in 1105.44 - percent 0.000840737
	84534 of 1407374 in 1105.86 - percent 0.000840985
	84583 of 1407374 in 1106.77 - percent 0.000841223
	84938 of 1407374 in 1110.48 - percent 0.000840503
	84976 of 1407374 in 1110.97 - percent 0.00084049
	85039 of 1407374 in 1111.69 - percent 0.000840397
	85040 of 1407374 in 1111.81 - percent 0.000840476
	85043 of 1407374 in 1112.41 - percent 0.00084093
	85110 of 1407374 in 1113.86 - percent 0.000841449
	85126 of 1407374 in 1114.11 - percent 0.000841495
	85188 of 1407374 in 1116.67 - percent 0.000842961
	85192 of 1407374 in 1117.17 - percent 0.000843327
	85215 of 1407374 in 1120.47 - percent 0.000845808
	85341 of 1407374 in 1127.39 - percent 0.000850154
	85390 of 1407374 in 1130.59 - percent 0.000852237
	85413 of 1407374 in 1131.12 - percent 0.000852397
	85490 of 1407374 in 1132.81 - percent 0.000852887
	85544 of 1407374 in 1135.38 - percent 0.000854289
	85553 of 1407374 in 1136.2 - percent 0.000854811
	85554 of 1407374 in 1136.41 - percent 0.000854964
	85712 of 1407374 in 1139.55 - percent 0.000855692
	85834 of 1407374 in 1142.39 - percent 0.000856723
	85885 of 1407374 in 1144.26 - percent 0.000857718
	85900 of 1407374 in 1145.67 - percent 0.000858714
	86066 of 1407374 in 1148.19 - percent 0.000858957
	86329 of 1407374 in 1150.72 - percent 0.000858176
	86392 of 1407374 in 1151.25 - percent 0.000857922
	86544 of 1407374 in 1155.14 - percent 0.000859439
	86596 of 1407374 in 1159.67 - percent 0.000862522
	86604 of 1407374 in 1160.5 - percent 0.000863092
	86608 of 1407374 in 1161.1 - percent 0.00086352
	86882 of 1407374 in 1170.1 - percent 0.000867629
	86912 of 1407374 in 1171.56 - percent 0.000868364
	86920 of 1407374 in 1171.8 - percent 0.000868458
	86928 of 1407374 in 1172.37 - percent 0.000868783
	87012 of 1407374 in 1174.22 - percent 0.000869213
	87016 of 1407374 in 1174.37 - percent 0.000869272
	87042 of 1407374 in 1174.58 - percent 0.000869152
	87102 of 1407374 in 1175.78 - percent 0.000869363
	87187 of 1407374 in 1177 - percent 0.000869405
	87208 of 1407374 in 1177.57 - percent 0.000869616
	87263 of 1407374 in 1179 - percent 0.000870123
	87314 of 1407374 in 1183.7 - percent 0.000873277
	87318 of 1407374 in 1184.78 - percent 0.000874079
	87360 of 1407374 in 1186.4 - percent 0.000874905
	87577 of 1407374 in 1191.63 - percent 0.000876612
	87617 of 1407374 in 1193.22 - percent 0.000877352
	87618 of 1407374 in 1193.67 - percent 0.00087766
	87630 of 1407374 in 1195.43 - percent 0.000878826
	87640 of 1407374 in 1196.7 - percent 0.000879651
	87771 of 1407374 in 1202.54 - percent 0.000882566
	87779 of 1407374 in 1202.76 - percent 0.000882638
	87800 of 1407374 in 1205.16 - percent 0.000884275
	87808 of 1407374 in 1205.61 - percent 0.000884541
	87832 of 1407374 in 1207.47 - percent 0.000885764
	87875 of 1407374 in 1209.08 - percent 0.000886574
	87940 of 1407374 in 1215.6 - percent 0.000890949
	87954 of 1407374 in 1217.66 - percent 0.000892408
	87983 of 1407374 in 1221.48 - percent 0.000894981
	87994 of 1407374 in 1222.04 - percent 0.000895275
	88016 of 1407374 in 1222.97 - percent 0.000895725
	88022 of 1407374 in 1223.11 - percent 0.000895757
	88070 of 1407374 in 1224.25 - percent 0.000896059
	88100 of 1407374 in 1224.88 - percent 0.000896199
	88122 of 1407374 in 1225.55 - percent 0.000896463
	88222 of 1407374 in 1227.57 - percent 0.000896847
	88262 of 1407374 in 1228.3 - percent 0.000896924
	88326 of 1407374 in 1230.99 - percent 0.000898102
	88332 of 1407374 in 1231 - percent 0.000898046
	88372 of 1407374 in 1231.47 - percent 0.00089795
	88487 of 1407374 in 1232.73 - percent 0.000897642
	88632 of 1407374 in 1235.09 - percent 0.000897832
	88680 of 1407374 in 1236.66 - percent 0.000898452
	88690 of 1407374 in 1236.75 - percent 0.000898414
	88842 of 1407374 in 1238.22 - percent 0.00089785
	88992 of 1407374 in 1239.74 - percent 0.000897333
	89080 of 1407374 in 1241.24 - percent 0.000897425
	89130 of 1407374 in 1241.45 - percent 0.00089706
	89180 of 1407374 in 1242.32 - percent 0.000897152
	89184 of 1407374 in 1242.39 - percent 0.000897161
	89248 of 1407374 in 1243.13 - percent 0.000897028
	89274 of 1407374 in 1243.7 - percent 0.000897148
	89290 of 1407374 in 1243.86 - percent 0.000897094
	89330 of 1407374 in 1245.57 - percent 0.000897893
	89372 of 1407374 in 1247.08 - percent 0.000898546
	89382 of 1407374 in 1247.42 - percent 0.000898684
	89497 of 1407374 in 1248.37 - percent 0.000898185
	89540 of 1407374 in 1248.92 - percent 0.000898132
	89557 of 1407374 in 1248.95 - percent 0.000897975
	89640 of 1407374 in 1249.52 - percent 0.000897518
	89995 of 1407374 in 1250.96 - percent 0.000894932
	90311 of 1407374 in 1254.29 - percent 0.000894097
	90495 of 1407374 in 1257.05 - percent 0.000894107
	90496 of 1407374 in 1257.11 - percent 0.000894139
	90517 of 1407374 in 1257.22 - percent 0.000894009
	90576 of 1407374 in 1258.5 - percent 0.000894323
	90599 of 1407374 in 1258.76 - percent 0.000894276
	92105 of 1407374 in 1262.52 - percent 0.000882223
	92126 of 1407374 in 1262.83 - percent 0.000882229
	92127 of 1407374 in 1262.99 - percent 0.00088232
	92376 of 1407374 in 1265.24 - percent 0.000881378
	92620 of 1407374 in 1266.15 - percent 0.000879612
	92766 of 1407374 in 1267.26 - percent 0.000878929
	92772 of 1407374 in 1267.66 - percent 0.000879131
	92776 of 1407374 in 1267.78 - percent 0.000879173
	92932 of 1407374 in 1269.3 - percent 0.00087869
	93226 of 1407374 in 1272.71 - percent 0.00087806
	93308 of 1407374 in 1273.96 - percent 0.000878112
	93318 of 1407374 in 1274.05 - percent 0.000878079
	93329 of 1407374 in 1274.22 - percent 0.000878094
	93432 of 1407374 in 1276.19 - percent 0.000878444
	93447 of 1407374 in 1277.08 - percent 0.000878901
	94851 of 1407374 in 1278.09 - percent 0.000866563
	94902 of 1407374 in 1278.32 - percent 0.000866248
	95248 of 1407374 in 1279.13 - percent 0.00086364
	96166 of 1407374 in 1280.51 - percent 0.000856268
	96167 of 1407374 in 1280.55 - percent 0.000856283
	96184 of 1407374 in 1280.61 - percent 0.000856169
	96195 of 1407374 in 1280.72 - percent 0.000856146
	97710 of 1407374 in 1282.76 - percent 0.000844158
	97735 of 1407374 in 1282.9 - percent 0.000844032
	97752 of 1407374 in 1283.03 - percent 0.000843963
	97842 of 1407374 in 1283.62 - percent 0.000843544
	98190 of 1407374 in 1286.27 - percent 0.000842161
	98278 of 1407374 in 1287.01 - percent 0.000841865
	98304 of 1407374 in 1287.25 - percent 0.000841798
	98312 of 1407374 in 1287.41 - percent 0.000841831
	98342 of 1407374 in 1287.9 - percent 0.000841884
	98354 of 1407374 in 1288.14 - percent 0.000841932
	98376 of 1407374 in 1288.44 - percent 0.000841933
	98534 of 1407374 in 1289.54 - percent 0.000841253
	98544 of 1407374 in 1289.59 - percent 0.000841201
	98718 of 1407374 in 1291.93 - percent 0.000841122
	98886 of 1407374 in 1294.17 - percent 0.000841092
	98887 of 1407374 in 1294.19 - percent 0.000841101
	98911 of 1407374 in 1294.9 - percent 0.000841336
	98920 of 1407374 in 1295.2 - percent 0.000841454
	100416 of 1407374 in 1296.72 - percent 0.000829842
	100420 of 1407374 in 1296.75 - percent 0.000829831
	100791 of 1407374 in 1300.26 - percent 0.000829031
	101095 of 1407374 in 1302.31 - percent 0.000827822
	101110 of 1407374 in 1302.48 - percent 0.000827799
	101147 of 1407374 in 1302.95 - percent 0.000827769
	101160 of 1407374 in 1303.04 - percent 0.000827712
	101374 of 1407374 in 1303.38 - percent 0.00082616
	101376 of 1407374 in 1303.4 - percent 0.000826154
	101547 of 1407374 in 1304.88 - percent 0.000825634
	101576 of 1407374 in 1305.2 - percent 0.000825585
	101714 of 1407374 in 1307.26 - percent 0.000825679
	101728 of 1407374 in 1307.37 - percent 0.00082563
	101765 of 1407374 in 1307.62 - percent 0.000825472
	101782 of 1407374 in 1307.83 - percent 0.000825454
	102406 of 1407374 in 1309.33 - percent 0.000821365
	102428 of 1407374 in 1309.66 - percent 0.000821391
	102448 of 1407374 in 1309.96 - percent 0.00082141
	102692 of 1407374 in 1312.07 - percent 0.000820809
	102720 of 1407374 in 1312.59 - percent 0.000820913
	102760 of 1407374 in 1312.97 - percent 0.00082083
	102790 of 1407374 in 1313.4 - percent 0.000820865
	103109 of 1407374 in 1314.25 - percent 0.000818857
	103191 of 1407374 in 1315.06 - percent 0.000818659
	103480 of 1407374 in 1316.72 - percent 0.000817346
	103496 of 1407374 in 1317.21 - percent 0.000817525
	103501 of 1407374 in 1317.36 - percent 0.00081757
	103515 of 1407374 in 1317.57 - percent 0.00081758
	103516 of 1407374 in 1317.61 - percent 0.000817599
	103536 of 1407374 in 1318.25 - percent 0.000817841
	103564 of 1407374 in 1319.13 - percent 0.00081816
	103868 of 1407374 in 1320.64 - percent 0.000816637
	104211 of 1407374 in 1322.43 - percent 0.000814952
	104221 of 1407374 in 1322.49 - percent 0.000814909
	104266 of 1407374 in 1322.94 - percent 0.000814815
	104314 of 1407374 in 1323.28 - percent 0.000814639
	104386 of 1407374 in 1324.17 - percent 0.000814569
	104400 of 1407374 in 1324.29 - percent 0.00081453
	104410 of 1407374 in 1324.49 - percent 0.000814557
	106066 of 1407374 in 1325.65 - percent 0.000802528
	106068 of 1407374 in 1325.68 - percent 0.000802529
	106071 of 1407374 in 1325.72 - percent 0.000802535
	106184 of 1407374 in 1326.58 - percent 0.000802183
	106292 of 1407374 in 1328.42 - percent 0.00080247
	106402 of 1407374 in 1329.4 - percent 0.000802207
	106752 of 1407374 in 1331 - percent 0.000800492
	107120 of 1407374 in 1332.47 - percent 0.000798599
	107130 of 1407374 in 1332.59 - percent 0.00079859
	108616 of 1407374 in 1333.89 - percent 0.000788402
	108650 of 1407374 in 1334.69 - percent 0.000788602
	108660 of 1407374 in 1334.88 - percent 0.000788635
	108684 of 1407374 in 1335.29 - percent 0.000788691
	108731 of 1407374 in 1335.66 - percent 0.000788558
	108811 of 1407374 in 1336.15 - percent 0.000788241
	108862 of 1407374 in 1336.68 - percent 0.000788154
	108876 of 1407374 in 1336.87 - percent 0.000788154
	109199 of 1407374 in 1338.2 - percent 0.000786531
	109234 of 1407374 in 1338.49 - percent 0.000786436
	109389 of 1407374 in 1340.67 - percent 0.000786525
	109506 of 1407374 in 1341.58 - percent 0.000786169
	109528 of 1407374 in 1341.86 - percent 0.000786158
	109648 of 1407374 in 1343.28 - percent 0.000786053
	109670 of 1407374 in 1343.72 - percent 0.000786132
	109672 of 1407374 in 1343.8 - percent 0.000786159
	109674 of 1407374 in 1343.9 - percent 0.000786197
	109696 of 1407374 in 1344.47 - percent 0.000786344
	109736 of 1407374 in 1344.82 - percent 0.000786242
	109750 of 1407374 in 1344.93 - percent 0.000786201
	109866 of 1407374 in 1346.61 - percent 0.00078631
	109870 of 1407374 in 1346.77 - percent 0.000786374
	109876 of 1407374 in 1346.92 - percent 0.000786418
	109877 of 1407374 in 1346.95 - percent 0.000786428
	109888 of 1407374 in 1347.38 - percent 0.000786584
	109900 of 1407374 in 1347.75 - percent 0.000786698
	109901 of 1407374 in 1347.77 - percent 0.000786701
	109908 of 1407374 in 1348.04 - percent 0.000786803
	109926 of 1407374 in 1348.36 - percent 0.00078686
	111327 of 1407374 in 1349.1 - percent 0.000777368
	111371 of 1407374 in 1349.31 - percent 0.000777175
	111390 of 1407374 in 1349.46 - percent 0.000777121
	111496 of 1407374 in 1350.4 - percent 0.000776873
	111764 of 1407374 in 1351.93 - percent 0.000775922
	111832 of 1407374 in 1354.55 - percent 0.000777005
	111834 of 1407374 in 1354.6 - percent 0.000777022
	112401 of 1407374 in 1356.26 - percent 0.000773959
	112402 of 1407374 in 1356.27 - percent 0.000773958
	113416 of 1407374 in 1361.66 - percent 0.00076994
	113662 of 1407374 in 1363.33 - percent 0.000769215
	113700 of 1407374 in 1364.58 - percent 0.000769696
	113788 of 1407374 in 1365.57 - percent 0.000769658
	114082 of 1407374 in 1366.16 - percent 0.000768014
	114120 of 1407374 in 1366.34 - percent 0.00076785
	114431 of 1407374 in 1367.49 - percent 0.000766353
	114533 of 1407374 in 1370.01 - percent 0.000767064
	114540 of 1407374 in 1370.33 - percent 0.000767203
	114872 of 1407374 in 1371.77 - percent 0.00076574
	115190 of 1407374 in 1372.93 - percent 0.000764218
	115384 of 1407374 in 1374.5 - percent 0.000763735
	115442 of 1407374 in 1375.05 - percent 0.00076363
	115446 of 1407374 in 1375.07 - percent 0.000763611
	115520 of 1407374 in 1376.01 - percent 0.000763594
	115717 of 1407374 in 1376.78 - percent 0.000762689
	116057 of 1407374 in 1377.73 - percent 0.000760945
	116097 of 1407374 in 1378.34 - percent 0.000760998
	116472 of 1407374 in 1382.12 - percent 0.000760655
	117005 of 1407374 in 1383.6 - percent 0.000757946
	117024 of 1407374 in 1385.01 - percent 0.000758589
	117042 of 1407374 in 1386.15 - percent 0.000759095
	117050 of 1407374 in 1387 - percent 0.000759511
	117074 of 1407374 in 1390.11 - percent 0.00076108
	117278 of 1407374 in 1393.83 - percent 0.000761825
	117280 of 1407374 in 1394.13 - percent 0.000761984
	117281 of 1407374 in 1394.58 - percent 0.000762222
	117298 of 1407374 in 1397.27 - percent 0.0007636
	117314 of 1407374 in 1399.45 - percent 0.000764676
	117349 of 1407374 in 1401.59 - percent 0.000765595
	117353 of 1407374 in 1401.96 - percent 0.000765759
	117354 of 1407374 in 1402.1 - percent 0.000765823
	117356 of 1407374 in 1402.19 - percent 0.000765857
	117357 of 1407374 in 1402.28 - percent 0.000765894
	117368 of 1407374 in 1403.12 - percent 0.000766254
	117410 of 1407374 in 1407.64 - percent 0.000768334
	117416 of 1407374 in 1408.32 - percent 0.000768654
	117696 of 1407374 in 1409.37 - percent 0.000767379
	117698 of 1407374 in 1409.71 - percent 0.000767544
	117702 of 1407374 in 1409.91 - percent 0.000767625
	117708 of 1407374 in 1410.21 - percent 0.000767747
	117712 of 1407374 in 1410.76 - percent 0.000768013
	117721 of 1407374 in 1411.48 - percent 0.000768337
	118066 of 1407374 in 1417.16 - percent 0.000769138
	118084 of 1407374 in 1417.82 - percent 0.000769338
	118208 of 1407374 in 1418.55 - percent 0.000768885
	118249 of 1407374 in 1419.55 - percent 0.000769109
	118250 of 1407374 in 1419.58 - percent 0.000769115
	118466 of 1407374 in 1421.17 - percent 0.000768489
	118531 of 1407374 in 1422.29 - percent 0.000768616
	118814 of 1407374 in 1422.93 - percent 0.000767092
	118858 of 1407374 in 1423.78 - percent 0.000767212
	119228 of 1407374 in 1427.94 - percent 0.000767041
	119512 of 1407374 in 1428.63 - percent 0.000765548
	119589 of 1407374 in 1429.7 - percent 0.000765562
	120124 of 1407374 in 1435.78 - percent 0.000765224
	120137 of 1407374 in 1435.9 - percent 0.000765204
	120144 of 1407374 in 1436.38 - percent 0.000765403
	120162 of 1407374 in 1437.43 - percent 0.000765817
	120258 of 1407374 in 1438.56 - percent 0.000765773
	120336 of 1407374 in 1439.49 - percent 0.000765718
	120414 of 1407374 in 1440.83 - percent 0.000765864
	120444 of 1407374 in 1441.03 - percent 0.000765772
	120466 of 1407374 in 1441.7 - percent 0.000765972
	120481 of 1407374 in 1442 - percent 0.000766033
	120487 of 1407374 in 1442.37 - percent 0.000766187
	120697 of 1407374 in 1446.03 - percent 0.000766707
	120720 of 1407374 in 1446.52 - percent 0.000766805
	120764 of 1407374 in 1446.87 - percent 0.0007667
	120888 of 1407374 in 1449.42 - percent 0.000767156
	120904 of 1407374 in 1449.85 - percent 0.000767267
	122599 of 1407374 in 1451.52 - percent 0.000757459
	122922 of 1407374 in 1451.98 - percent 0.000755693
	122968 of 1407374 in 1452.5 - percent 0.000755662
	123074 of 1407374 in 1453.2 - percent 0.000755341
	123640 of 1407374 in 1455.63 - percent 0.000753045
	123870 of 1407374 in 1457.18 - percent 0.000752376
	123922 of 1407374 in 1457.71 - percent 0.000752321
	124588 of 1407374 in 1460.73 - percent 0.000749781
	124610 of 1407374 in 1461.84 - percent 0.000750238
	124633 of 1407374 in 1463.83 - percent 0.000751158
	124955 of 1407374 in 1464.85 - percent 0.000749721
	124968 of 1407374 in 1465.14 - percent 0.000749777
	124969 of 1407374 in 1465.21 - percent 0.000749807
	125072 of 1407374 in 1465.45 - percent 0.000749302
	125332 of 1407374 in 1466.04 - percent 0.000748025
	125377 of 1407374 in 1466.47 - percent 0.000747969
	125698 of 1407374 in 1466.9 - percent 0.000746267
	125726 of 1407374 in 1467.2 - percent 0.000746245
	125742 of 1407374 in 1467.27 - percent 0.000746185
	125743 of 1407374 in 1467.29 - percent 0.000746187
	125842 of 1407374 in 1467.79 - percent 0.000745831
	126087 of 1407374 in 1468.43 - percent 0.000744707
	126430 of 1407374 in 1469.67 - percent 0.000743259
	128562 of 1407374 in 1471.21 - percent 0.00073165
	129150 of 1407374 in 1471.98 - percent 0.000728669
	129192 of 1407374 in 1472.52 - percent 0.000728685
	130655 of 1407374 in 1474.31 - percent 0.000721345
	131072 of 1407374 in 1477.75 - percent 0.000720574
	131249 of 1407374 in 1478.86 - percent 0.000720095
	131338 of 1407374 in 1480.48 - percent 0.000720354
	131724 of 1407374 in 1484.47 - percent 0.000720007
	131779 of 1407374 in 1485.45 - percent 0.000720146
	131780 of 1407374 in 1485.5 - percent 0.000720164
	131875 of 1407374 in 1486.86 - percent 0.000720265
	131920 of 1407374 in 1488.03 - percent 0.000720557
	131935 of 1407374 in 1488.6 - percent 0.000720733
	131942 of 1407374 in 1489.19 - percent 0.000720971
	131944 of 1407374 in 1489.51 - percent 0.000721115
	131973 of 1407374 in 1491.5 - percent 0.000721908
	131981 of 1407374 in 1491.93 - percent 0.000722077
	131982 of 1407374 in 1492.01 - percent 0.000722112
	132022 of 1407374 in 1493.43 - percent 0.000722559
	132026 of 1407374 in 1493.52 - percent 0.00072258
	132028 of 1407374 in 1493.8 - percent 0.000722699
	132032 of 1407374 in 1493.89 - percent 0.000722716
	132038 of 1407374 in 1493.99 - percent 0.000722731
	132210 of 1407374 in 1498.25 - percent 0.000723769
	132248 of 1407374 in 1499.31 - percent 0.000724036
	132252 of 1407374 in 1499.42 - percent 0.000724065
	132264 of 1407374 in 1499.88 - percent 0.00072421
	132285 of 1407374 in 1501.23 - percent 0.000724704
	132286 of 1407374 in 1501.32 - percent 0.00072474
	132288 of 1407374 in 1501.45 - percent 0.00072479
	132370 of 1407374 in 1502.62 - percent 0.00072486
	132421 of 1407374 in 1502.93 - percent 0.000724718
	132590 of 1407374 in 1506.07 - percent 0.00072525
	132592 of 1407374 in 1506.12 - percent 0.000725264
	132596 of 1407374 in 1506.24 - percent 0.000725295
	132616 of 1407374 in 1506.91 - percent 0.000725504
	132628 of 1407374 in 1507.61 - percent 0.000725778
	132705 of 1407374 in 1509.01 - percent 0.000725991
	132741 of 1407374 in 1509.34 - percent 0.000725941
	132789 of 1407374 in 1509.93 - percent 0.000725939
	132808 of 1407374 in 1510.16 - percent 0.000725942
	132816 of 1407374 in 1510.38 - percent 0.000725999
	132829 of 1407374 in 1510.73 - percent 0.000726086
	132864 of 1407374 in 1511.27 - percent 0.000726139
	133020 of 1407374 in 1513.82 - percent 0.000726412
	133048 of 1407374 in 1514.05 - percent 0.000726357
	133112 of 1407374 in 1514.62 - percent 0.000726258
	133130 of 1407374 in 1514.9 - percent 0.000726285
	133143 of 1407374 in 1515.14 - percent 0.000726322
	133144 of 1407374 in 1515.23 - percent 0.000726353
	133149 of 1407374 in 1515.51 - percent 0.000726459
	133187 of 1407374 in 1516.3 - percent 0.000726615
	133198 of 1407374 in 1516.38 - percent 0.000726592
	133209 of 1407374 in 1516.44 - percent 0.000726562
	133273 of 1407374 in 1517.68 - percent 0.000726775
	133295 of 1407374 in 1518.64 - percent 0.000727103
	133298 of 1407374 in 1518.87 - percent 0.00072719
	133336 of 1407374 in 1520.56 - percent 0.000727774
	133913 of 1407374 in 1525.01 - percent 0.000726616
	133960 of 1407374 in 1525.28 - percent 0.000726477
	133972 of 1407374 in 1525.41 - percent 0.000726468
	133973 of 1407374 in 1525.41 - percent 0.000726466
	133985 of 1407374 in 1525.56 - percent 0.000726466
	134039 of 1407374 in 1526.68 - percent 0.000726688
	134136 of 1407374 in 1527.57 - percent 0.000726562
	134319 of 1407374 in 1529.29 - percent 0.000726331
	134389 of 1407374 in 1530.86 - percent 0.000726648
	134433 of 1407374 in 1531.44 - percent 0.000726665
	134477 of 1407374 in 1531.69 - percent 0.000726536
	134508 of 1407374 in 1532.01 - percent 0.000726504
	134540 of 1407374 in 1532.89 - percent 0.000726739
	134542 of 1407374 in 1532.96 - percent 0.000726757
	134554 of 1407374 in 1533.11 - percent 0.000726759
	136082 of 1407374 in 1536.8 - percent 0.000720274
	136085 of 1407374 in 1536.96 - percent 0.000720327
	136130 of 1407374 in 1537.67 - percent 0.000720399
	136225 of 1407374 in 1538.48 - percent 0.000720251
	136231 of 1407374 in 1538.5 - percent 0.000720228
	136235 of 1407374 in 1538.65 - percent 0.000720269
	136244 of 1407374 in 1538.78 - percent 0.000720282
	136280 of 1407374 in 1539.55 - percent 0.000720418
	136284 of 1407374 in 1539.57 - percent 0.000720404
	136384 of 1407374 in 1540.32 - percent 0.000720192
	136616 of 1407374 in 1541.53 - percent 0.000719479
	136736 of 1407374 in 1542.44 - percent 0.000719234
	136752 of 1407374 in 1542.84 - percent 0.000719322
	136833 of 1407374 in 1544.15 - percent 0.000719482
	136839 of 1407374 in 1544.35 - percent 0.000719534
	136943 of 1407374 in 1545.26 - percent 0.000719385
	137176 of 1407374 in 1548.46 - percent 0.000719527
	137192 of 1407374 in 1548.69 - percent 0.000719541
	137288 of 1407374 in 1550.16 - percent 0.00071969
	137370 of 1407374 in 1551.41 - percent 0.000719822
	137396 of 1407374 in 1551.9 - percent 0.000719905
	137398 of 1407374 in 1552.17 - percent 0.000720021
	137401 of 1407374 in 1552.34 - percent 0.000720084
	137417 of 1407374 in 1552.87 - percent 0.000720242
	137420 of 1407374 in 1553.25 - percent 0.0007204
	138981 of 1407374 in 1554.94 - percent 0.00071307
	139250 of 1407374 in 1555.06 - percent 0.000711746
	139272 of 1407374 in 1555.57 - percent 0.000711874
	139312 of 1407374 in 1556.18 - percent 0.000711942
	139636 of 1407374 in 1556.74 - percent 0.000710525
	140016 of 1407374 in 1557.47 - percent 0.000708909
	140033 of 1407374 in 1557.66 - percent 0.000708901
	141646 of 1407374 in 1558.91 - percent 0.00070137
	141667 of 1407374 in 1559 - percent 0.000701303
	141695 of 1407374 in 1559.12 - percent 0.000701213
	141746 of 1407374 in 1559.46 - percent 0.000701106
	141906 of 1407374 in 1560.24 - percent 0.000700642
	142010 of 1407374 in 1560.64 - percent 0.000700298
	142454 of 1407374 in 1563.19 - percent 0.000699209
	142482 of 1407374 in 1563.29 - percent 0.000699113
	142504 of 1407374 in 1563.34 - percent 0.000699024
	142554 of 1407374 in 1563.54 - percent 0.000698864
	142660 of 1407374 in 1564.66 - percent 0.000698815
	142726 of 1407374 in 1564.95 - percent 0.000698612
	142910 of 1407374 in 1566.59 - percent 0.000698423
	142911 of 1407374 in 1566.6 - percent 0.000698421
	142914 of 1407374 in 1566.64 - percent 0.000698424
	144370 of 1407374 in 1567.72 - percent 0.000691842
	145426 of 1407374 in 1571.04 - percent 0.000688218
	145600 of 1407374 in 1571.1 - percent 0.000687417
	146143 of 1407374 in 1574.67 - percent 0.000686372
	146144 of 1407374 in 1574.91 - percent 0.000686475
	146488 of 1407374 in 1578.27 - percent 0.000686318
	146496 of 1407374 in 1578.87 - percent 0.000686533
	146516 of 1407374 in 1579.43 - percent 0.000686675
	146578 of 1407374 in 1580.68 - percent 0.000686925
	146579 of 1407374 in 1580.72 - percent 0.000686935
	146598 of 1407374 in 1581.79 - percent 0.000687324
	146809 of 1407374 in 1584.8 - percent 0.000687703
	146810 of 1407374 in 1584.9 - percent 0.000687741
	146832 of 1407374 in 1586.4 - percent 0.000688316
	147812 of 1407374 in 1590.26 - percent 0.000685443
	147828 of 1407374 in 1590.38 - percent 0.000685416
	150214 of 1407374 in 1592.55 - percent 0.000675418
	150468 of 1407374 in 1593.06 - percent 0.00067449
	150768 of 1407374 in 1593.26 - percent 0.000673232
	151106 of 1407374 in 1593.63 - percent 0.000671876
	152646 of 1407374 in 1595.26 - percent 0.000665761
	152729 of 1407374 in 1595.71 - percent 0.000665583
	152790 of 1407374 in 1595.99 - percent 0.000665426
	153255 of 1407374 in 1597.67 - percent 0.000664066
	153266 of 1407374 in 1597.87 - percent 0.000664104
	153583 of 1407374 in 1599.4 - percent 0.000663344
	153600 of 1407374 in 1599.85 - percent 0.000663445
	153609 of 1407374 in 1600 - percent 0.000663467
	153760 of 1407374 in 1601.29 - percent 0.000663315
	153764 of 1407374 in 1601.38 - percent 0.000663337
	153853 of 1407374 in 1602.26 - percent 0.000663317
	153938 of 1407374 in 1604.61 - percent 0.000663933
	153976 of 1407374 in 1607.22 - percent 0.000664859
	154061 of 1407374 in 1608.72 - percent 0.000665099
	154254 of 1407374 in 1613.43 - percent 0.000666158
	154255 of 1407374 in 1613.6 - percent 0.000666216
	154292 of 1407374 in 1615.35 - percent 0.000666735
	154318 of 1407374 in 1615.74 - percent 0.000666775
	154475 of 1407374 in 1617.39 - percent 0.000666737
	154535 of 1407374 in 1617.92 - percent 0.000666693
	154576 of 1407374 in 1618.47 - percent 0.000666733
	154620 of 1407374 in 1620.49 - percent 0.000667379
	154729 of 1407374 in 1621.65 - percent 0.000667363
	154754 of 1407374 in 1621.79 - percent 0.000667305
	154963 of 1407374 in 1622.26 - percent 0.00066659
	155139 of 1407374 in 1624.63 - percent 0.00066674
	155300 of 1407374 in 1627.8 - percent 0.000667337
	155776 of 1407374 in 1631.27 - percent 0.000666701
	155788 of 1407374 in 1631.36 - percent 0.000666682
	156353 of 1407374 in 1634.12 - percent 0.000665383
	156358 of 1407374 in 1634.26 - percent 0.000665417
	156664 of 1407374 in 1638.74 - percent 0.000665928
	156671 of 1407374 in 1639.04 - percent 0.000666024
	156680 of 1407374 in 1639.46 - percent 0.000666162
	158060 of 1407374 in 1639.94 - percent 0.000660535
	158076 of 1407374 in 1640.35 - percent 0.000660632
	158082 of 1407374 in 1640.42 - percent 0.000660634
	158499 of 1407374 in 1643.04 - percent 0.000659881
	158544 of 1407374 in 1643.41 - percent 0.000659827
	158560 of 1407374 in 1643.61 - percent 0.000659835
	158886 of 1407374 in 1645.34 - percent 0.000659145
	159107 of 1407374 in 1646.58 - percent 0.000658702
	159299 of 1407374 in 1649.09 - percent 0.000658876
	159300 of 1407374 in 1649.23 - percent 0.00065893
	159363 of 1407374 in 1650.03 - percent 0.000658989
	159408 of 1407374 in 1651.62 - percent 0.000659445
	163560 of 1407374 in 1656.09 - percent 0.000644431
	163602 of 1407374 in 1656.56 - percent 0.00064445
	163638 of 1407374 in 1657.11 - percent 0.00064452
	163785 of 1407374 in 1657.9 - percent 0.000644239
	163786 of 1407374 in 1657.91 - percent 0.000644238
	163808 of 1407374 in 1657.99 - percent 0.000644181
	163839 of 1407374 in 1658.31 - percent 0.000644173
	164158 of 1407374 in 1659.13 - percent 0.000643217
	164236 of 1407374 in 1659.52 - percent 0.000643058
	164447 of 1407374 in 1661.3 - percent 0.000642911
	164498 of 1407374 in 1661.59 - percent 0.000642817
	164662 of 1407374 in 1663.17 - percent 0.000642748
	164668 of 1407374 in 1663.29 - percent 0.000642772
	164696 of 1407374 in 1663.6 - percent 0.000642772
	164699 of 1407374 in 1663.62 - percent 0.000642769
	164746 of 1407374 in 1663.84 - percent 0.000642668
	164762 of 1407374 in 1664.03 - percent 0.000642678
	164820 of 1407374 in 1664.59 - percent 0.000642669
	164862 of 1407374 in 1665.5 - percent 0.000642855
	164863 of 1407374 in 1665.58 - percent 0.000642881
	164928 of 1407374 in 1667.12 - percent 0.00064323
	164931 of 1407374 in 1667.24 - percent 0.00064327
	164959 of 1407374 in 1669.15 - percent 0.000643919
	164960 of 1407374 in 1669.28 - percent 0.000643965
	164978 of 1407374 in 1670.21 - percent 0.000644264
	164979 of 1407374 in 1670.22 - percent 0.000644266
	165005 of 1407374 in 1670.6 - percent 0.000644306
	165120 of 1407374 in 1673.49 - percent 0.000644985
	165192 of 1407374 in 1674.24 - percent 0.000644977
	165228 of 1407374 in 1674.77 - percent 0.000645033
	165275 of 1407374 in 1677.14 - percent 0.000645733
	165281 of 1407374 in 1677.33 - percent 0.000645778
	165312 of 1407374 in 1677.68 - percent 0.000645785
	165326 of 1407374 in 1677.91 - percent 0.000645815
	165571 of 1407374 in 1680.19 - percent 0.000645719
	165572 of 1407374 in 1680.43 - percent 0.000645808
	165759 of 1407374 in 1683.73 - percent 0.000646355
	165792 of 1407374 in 1684.01 - percent 0.000646331
	165874 of 1407374 in 1684.6 - percent 0.000646218
	165967 of 1407374 in 1685.59 - percent 0.000646205
	166124 of 1407374 in 1686.95 - percent 0.000646081
	166136 of 1407374 in 1687.41 - percent 0.000646208
	166280 of 1407374 in 1689.8 - percent 0.00064657
	166312 of 1407374 in 1691.38 - percent 0.000647059
	166348 of 1407374 in 1692.1 - percent 0.00064719
	166495 of 1407374 in 1693.05 - percent 0.00064697
	166617 of 1407374 in 1693.61 - percent 0.00064669
	167025 of 1407374 in 1695.75 - percent 0.000645899
	167289 of 1407374 in 1697.3 - percent 0.000645442
	167304 of 1407374 in 1697.4 - percent 0.000645418
	167327 of 1407374 in 1697.57 - percent 0.000645391
	167344 of 1407374 in 1698.21 - percent 0.000645556
	167374 of 1407374 in 1698.71 - percent 0.000645624
	167394 of 1407374 in 1698.92 - percent 0.000645621
	167546 of 1407374 in 1700.42 - percent 0.000645587
	167665 of 1407374 in 1702.23 - percent 0.000645811
	167675 of 1407374 in 1702.65 - percent 0.000645935
	169060 of 1407374 in 1703.24 - percent 0.00064086
	169088 of 1407374 in 1703.67 - percent 0.000640916
	169232 of 1407374 in 1704.84 - percent 0.000640793
	169264 of 1407374 in 1705.23 - percent 0.000640806
	169960 of 1407374 in 1709.77 - percent 0.000639792
	170018 of 1407374 in 1709.99 - percent 0.000639647
	170058 of 1407374 in 1710.18 - percent 0.000639565
	170080 of 1407374 in 1710.48 - percent 0.000639583
	170252 of 1407374 in 1712.59 - percent 0.000639682
	170423 of 1407374 in 1716.86 - percent 0.000640668
	170467 of 1407374 in 1723.15 - percent 0.000642868
	170468 of 1407374 in 1723.52 - percent 0.000643001
	170576 of 1407374 in 1728.26 - percent 0.000644338
	170624 of 1407374 in 1730.63 - percent 0.000645027
	170670 of 1407374 in 1731.21 - percent 0.000645051
	170682 of 1407374 in 1731.5 - percent 0.000645107
	170688 of 1407374 in 1731.95 - percent 0.000645235
	170772 of 1407374 in 1736.19 - percent 0.000646385
	170782 of 1407374 in 1736.44 - percent 0.000646434
	170797 of 1407374 in 1736.74 - percent 0.000646478
	170832 of 1407374 in 1737.25 - percent 0.000646516
	170864 of 1407374 in 1737.69 - percent 0.000646544
	170876 of 1407374 in 1737.87 - percent 0.000646558
	170912 of 1407374 in 1738.62 - percent 0.000646674
	170920 of 1407374 in 1738.92 - percent 0.000646745
	171042 of 1407374 in 1741.62 - percent 0.000647236
	171208 of 1407374 in 1746.65 - percent 0.00064838
	171256 of 1407374 in 1747.58 - percent 0.000648514
	171547 of 1407374 in 1750.83 - percent 0.000648497
	171616 of 1407374 in 1752.59 - percent 0.000648826
	171619 of 1407374 in 1752.77 - percent 0.000648872
	171718 of 1407374 in 1754.96 - percent 0.000649267
	171734 of 1407374 in 1755.41 - percent 0.000649365
	171744 of 1407374 in 1755.51 - percent 0.000649364
	171751 of 1407374 in 1755.62 - percent 0.000649374
	171792 of 1407374 in 1757.78 - percent 0.000649984
	171884 of 1407374 in 1761.32 - percent 0.000650906
	172152 of 1407374 in 1762.76 - percent 0.000650399
	172186 of 1407374 in 1764.08 - percent 0.000650721
	172190 of 1407374 in 1764.12 - percent 0.000650721
	172212 of 1407374 in 1764.45 - percent 0.000650748
	172250 of 1407374 in 1764.89 - percent 0.000650752
	172251 of 1407374 in 1764.94 - percent 0.000650765
	172272 of 1407374 in 1765.21 - percent 0.000650776
	172274 of 1407374 in 1765.27 - percent 0.000650789
	172496 of 1407374 in 1767.29 - percent 0.000650662
	172515 of 1407374 in 1767.66 - percent 0.000650722
	172533 of 1407374 in 1768.09 - percent 0.00065081
	172832 of 1407374 in 1770.25 - percent 0.00065045
	172860 of 1407374 in 1771.28 - percent 0.000650702
	173012 of 1407374 in 1774.75 - percent 0.000651353
	173039 of 1407374 in 1775.19 - percent 0.000651413
	173043 of 1407374 in 1775.37 - percent 0.000651465
	173120 of 1407374 in 1777.57 - percent 0.00065198
	173171 of 1407374 in 1781.38 - percent 0.000653214
	173212 of 1407374 in 1786.05 - percent 0.000654814
	173214 of 1407374 in 1786.25 - percent 0.000654884
	173238 of 1407374 in 1787.67 - percent 0.000655314
	173249 of 1407374 in 1788.18 - percent 0.000655457
	173296 of 1407374 in 1789.85 - percent 0.000655889
	173310 of 1407374 in 1790.46 - percent 0.00065606
	173312 of 1407374 in 1790.55 - percent 0.000656088
	173323 of 1407374 in 1790.86 - percent 0.00065616
	173392 of 1407374 in 1794.05 - percent 0.000657065
	173403 of 1407374 in 1794.09 - percent 0.000657037
	173512 of 1407374 in 1798.64 - percent 0.000658216
	173518 of 1407374 in 1799.62 - percent 0.000658543
