Number of rows/cols is 48
Number of nnz is    400
#d1 vertices: 0
#d2 vertices: 0
min degree: 5
************************************************************************
Algo is 2
Compress matrix 0
Apply Dulmage-Mendehlson 0
Sorting 0
Single run 0
************************************************************************
Perman: [veni] running with 48 rows:
1 of 1407374 in 6.84174 - percent 0.0164624
2 of 1407374 in 13.5926 - percent 0.0133628
3 of 1407374 in 20.5286 - percent 0.0129928
4 of 1407374 in 27.3169 - percent 0.0116245
5 of 1407374 in 34.2259 - percent 0.0115804
6 of 1407374 in 41.0199 - percent 0.0116861
7 of 1407374 in 47.8679 - percent 0.0111158
8 of 1407374 in 54.6915 - percent 0.0104352
9 of 1407374 in 61.5409 - percent 0.0102189
10 of 1407374 in 68.3395 - percent 0.00997305
11 of 1407374 in 75.137 - percent 0.0102057
12 of 1407374 in 82.0456 - percent 0.0099231
13 of 1407374 in 88.8498 - percent 0.0095369
14 of 1407374 in 95.82 - percent 0.00919585
15 of 1407374 in 102.651 - percent 0.0088395
16 of 1407374 in 109.528 - percent 0.00855536
17 of 1407374 in 116.419 - percent 0.00852011
18 of 1407374 in 123.302 - percent 0.00827957
19 of 1407374 in 130.237 - percent 0.00817878
20 of 1407374 in 137.128 - percent 0.00809164
21 of 1407374 in 144.025 - percent 0.00816305
22 of 1407374 in 150.888 - percent 0.00828949
23 of 1407374 in 157.8 - percent 0.0082099
24 of 1407374 in 164.697 - percent 0.00799431
25 of 1407374 in 171.635 - percent 0.00780833
26 of 1407374 in 178.544 - percent 0.00761561
27 of 1407374 in 185.446 - percent 0.00752932
28 of 1407374 in 192.338 - percent 0.00733984
29 of 1407374 in 199.193 - percent 0.00713409
30 of 1407374 in 206.17 - percent 0.00696121
31 of 1407374 in 213.003 - percent 0.00679157
32 of 1407374 in 219.905 - percent 0.00667199
33 of 1407374 in 226.737 - percent 0.0067008
34 of 1407374 in 233.528 - percent 0.00664063
35 of 1407374 in 240.415 - percent 0.00656551
36 of 1407374 in 247.24 - percent 0.00644715
37 of 1407374 in 254.142 - percent 0.00641496
38 of 1407374 in 260.955 - percent 0.0064695
39 of 1407374 in 267.846 - percent 0.0065067
40 of 1407374 in 274.675 - percent 0.00642699
41 of 1407374 in 281.587 - percent 0.00643421
42 of 1407374 in 288.378 - percent 0.00644508
43 of 1407374 in 295.2 - percent 0.00657476
44 of 1407374 in 302.155 - percent 0.00655906
45 of 1407374 in 308.984 - percent 0.00648692
46 of 1407374 in 316.027 - percent 0.00642061
47 of 1407374 in 322.892 - percent 0.00632232
48 of 1407374 in 329.903 - percent 0.00626723
49 of 1407374 in 336.815 - percent 0.0062302
50 of 1407374 in 343.775 - percent 0.00614672
51 of 1407374 in 350.736 - percent 0.00605121
52 of 1407374 in 357.67 - percent 0.00597002
53 of 1407374 in 364.598 - percent 0.00590896
54 of 1407374 in 371.506 - percent 0.00587512
55 of 1407374 in 378.523 - percent 0.00579377
56 of 1407374 in 385.425 - percent 0.00570273
57 of 1407374 in 392.507 - percent 0.00561614
58 of 1407374 in 399.432 - percent 0.00552862
59 of 1407374 in 406.437 - percent 0.00544768
60 of 1407374 in 413.426 - percent 0.00538784
61 of 1407374 in 420.387 - percent 0.0053158
62 of 1407374 in 427.437 - percent 0.00525359
63 of 1407374 in 434.387 - percent 0.00518949
64 of 1407374 in 441.377 - percent 0.00515881
65 of 1407374 in 448.325 - percent 0.00517445
66 of 1407374 in 455.312 - percent 0.00518199
67 of 1407374 in 462.305 - percent 0.00514881
68 of 1407374 in 469.313 - percent 0.00511132
69 of 1407374 in 476.307 - percent 0.00506191
70 of 1407374 in 483.256 - percent 0.0050413
71 of 1407374 in 490.251 - percent 0.00499319
72 of 1407374 in 497.187 - percent 0.0049445
73 of 1407374 in 504.227 - percent 0.00490869
74 of 1407374 in 511.153 - percent 0.00487833
75 of 1407374 in 518.117 - percent 0.00486456
76 of 1407374 in 525.056 - percent 0.00491162
77 of 1407374 in 531.894 - percent 0.00490903
78 of 1407374 in 538.893 - percent 0.00491172
79 of 1407374 in 545.752 - percent 0.00487949
80 of 1407374 in 552.754 - percent 0.00488244
81 of 1407374 in 559.643 - percent 0.00490995
82 of 1407374 in 566.589 - percent 0.00493518
83 of 1407374 in 573.518 - percent 0.00491581
84 of 1407374 in 580.479 - percent 0.00494416
85 of 1407374 in 587.379 - percent 0.00496517
86 of 1407374 in 594.25 - percent 0.00504106
87 of 1407374 in 601.107 - percent 0.00503299
88 of 1407374 in 607.791 - percent 0.00500228
89 of 1407374 in 614.73 - percent 0.00497064
90 of 1407374 in 621.455 - percent 0.00493284
91 of 1407374 in 628.365 - percent 0.00490684
92 of 1407374 in 635.171 - percent 0.00489233
93 of 1407374 in 641.995 - percent 0.00485686
94 of 1407374 in 648.841 - percent 0.00481758
95 of 1407374 in 655.638 - percent 0.00477922
96 of 1407374 in 662.454 - percent 0.00475734
97 of 1407374 in 669.239 - percent 0.0047453
98 of 1407374 in 676.181 - percent 0.00471283
99 of 1407374 in 682.975 - percent 0.00467289
100 of 1407374 in 689.971 - percent 0.00463349
101 of 1407374 in 696.785 - percent 0.00459264
102 of 1407374 in 703.691 - percent 0.00455709
103 of 1407374 in 710.6 - percent 0.00452645
104 of 1407374 in 717.424 - percent 0.0044895
105 of 1407374 in 724.415 - percent 0.00445616
106 of 1407374 in 731.229 - percent 0.00442404
107 of 1407374 in 738.162 - percent 0.00440366
108 of 1407374 in 745.006 - percent 0.00438539
109 of 1407374 in 751.874 - percent 0.00435435
110 of 1407374 in 758.767 - percent 0.0043203
111 of 1407374 in 765.671 - percent 0.00428494
112 of 1407374 in 772.59 - percent 0.00425025
113 of 1407374 in 779.452 - percent 0.00421739
114 of 1407374 in 786.394 - percent 0.0041822
115 of 1407374 in 793.216 - percent 0.00414796
116 of 1407374 in 800.202 - percent 0.0041143
117 of 1407374 in 807.012 - percent 0.00408329
118 of 1407374 in 813.899 - percent 0.00405173
119 of 1407374 in 820.733 - percent 0.00402768
120 of 1407374 in 827.476 - percent 0.00400341
121 of 1407374 in 834.393 - percent 0.00397719
122 of 1407374 in 841.171 - percent 0.00394867
123 of 1407374 in 848.074 - percent 0.00392383
124 of 1407374 in 854.873 - percent 0.00390299
125 of 1407374 in 861.729 - percent 0.00388188
126 of 1407374 in 868.574 - percent 0.00385688
127 of 1407374 in 875.41 - percent 0.00383652
128 of 1407374 in 882.214 - percent 0.00381978
129 of 1407374 in 888.991 - percent 0.00381565
130 of 1407374 in 895.968 - percent 0.00382224
131 of 1407374 in 902.766 - percent 0.00381269
132 of 1407374 in 909.825 - percent 0.00380148
133 of 1407374 in 916.668 - percent 0.00378642
134 of 1407374 in 923.698 - percent 0.00378491
135 of 1407374 in 930.621 - percent 0.00378823
136 of 1407374 in 937.541 - percent 0.00377437
137 of 1407374 in 944.54 - percent 0.00375587
138 of 1407374 in 951.429 - percent 0.00373511
139 of 1407374 in 958.392 - percent 0.00372803
140 of 1407374 in 965.285 - percent 0.00372612
141 of 1407374 in 972.312 - percent 0.00370946
142 of 1407374 in 979.224 - percent 0.00368576
143 of 1407374 in 986.316 - percent 0.00366424
144 of 1407374 in 993.247 - percent 0.00364403
145 of 1407374 in 1000.22 - percent 0.00363073
146 of 1407374 in 1007.26 - percent 0.00361873
147 of 1407374 in 1014.18 - percent 0.00360307
148 of 1407374 in 1021.27 - percent 0.00358838
149 of 1407374 in 1028.17 - percent 0.00357105
150 of 1407374 in 1035.2 - percent 0.00356842
151 of 1407374 in 1042.14 - percent 0.00359678
152 of 1407374 in 1049.14 - percent 0.00360785
153 of 1407374 in 1056.14 - percent 0.00360662
154 of 1407374 in 1063.15 - percent 0.00359898
155 of 1407374 in 1070.16 - percent 0.00359591
156 of 1407374 in 1077.12 - percent 0.00360576
157 of 1407374 in 1084.14 - percent 0.00360118
158 of 1407374 in 1091.06 - percent 0.00358855
159 of 1407374 in 1098.14 - percent 0.00358456
160 of 1407374 in 1105.04 - percent 0.00357873
161 of 1407374 in 1112.02 - percent 0.00358649
162 of 1407374 in 1118.93 - percent 0.00361553
163 of 1407374 in 1125.77 - percent 0.00362045
164 of 1407374 in 1132.78 - percent 0.00362756
165 of 1407374 in 1139.64 - percent 0.00361924
166 of 1407374 in 1146.63 - percent 0.00363116
167 of 1407374 in 1153.54 - percent 0.00365971
168 of 1407374 in 1160.5 - percent 0.00368145
169 of 1407374 in 1167.45 - percent 0.00368079
170 of 1407374 in 1174.38 - percent 0.00369608
171 of 1407374 in 1181.3 - percent 0.00371521
172 of 1407374 in 1188.16 - percent 0.00376356
173 of 1407374 in 1195.18 - percent 0.00377875
174 of 1407374 in 1202 - percent 0.0037742
175 of 1407374 in 1209.09 - percent 0.00377932
176 of 1407374 in 1215.95 - percent 0.00376982
177 of 1407374 in 1222.98 - percent 0.00376748
178 of 1407374 in 1229.92 - percent 0.00377307
179 of 1407374 in 1236.81 - percent 0.00375972
180 of 1407374 in 1243.85 - percent 0.00375489
181 of 1407374 in 1250.72 - percent 0.00374591
182 of 1407374 in 1257.73 - percent 0.00374626
183 of 1407374 in 1264.61 - percent 0.0037528
184 of 1407374 in 1271.64 - percent 0.00374538
185 of 1407374 in 1278.57 - percent 0.00373019
186 of 1407374 in 1285.65 - percent 0.00371766
187 of 1407374 in 1292.59 - percent 0.00370004
188 of 1407374 in 1299.54 - percent 0.00368829
189 of 1407374 in 1306.59 - percent 0.00367489
190 of 1407374 in 1313.51 - percent 0.00365921
191 of 1407374 in 1320.63 - percent 0.00365065
192 of 1407374 in 1327.53 - percent 0.00364
193 of 1407374 in 1334.59 - percent 0.00363691
194 of 1407374 in 1341.52 - percent 0.00363656
195 of 1407374 in 1348.54 - percent 0.0036239
196 of 1407374 in 1355.55 - percent 0.00360884
197 of 1407374 in 1362.59 - percent 0.00359128
198 of 1407374 in 1369.61 - percent 0.00357559
199 of 1407374 in 1376.59 - percent 0.00356243
200 of 1407374 in 1383.66 - percent 0.00354695
201 of 1407374 in 1390.6 - percent 0.00353003
202 of 1407374 in 1397.71 - percent 0.00351456
203 of 1407374 in 1404.64 - percent 0.00349966
204 of 1407374 in 1411.64 - percent 0.00348806
205 of 1407374 in 1418.6 - percent 0.00348501
206 of 1407374 in 1425.48 - percent 0.00347423
207 of 1407374 in 1432.54 - percent 0.0034623
208 of 1407374 in 1439.45 - percent 0.00344729
209 of 1407374 in 1446.49 - percent 0.0034369
210 of 1407374 in 1453.44 - percent 0.00343435
211 of 1407374 in 1460.42 - percent 0.00342614
212 of 1407374 in 1467.43 - percent 0.00341255
213 of 1407374 in 1474.38 - percent 0.00340297
214 of 1407374 in 1481.35 - percent 0.00339753
215 of 1407374 in 1488.23 - percent 0.00340267
216 of 1407374 in 1495.14 - percent 0.00339017
217 of 1407374 in 1501.85 - percent 0.00337875
218 of 1407374 in 1508.85 - percent 0.0033642
219 of 1407374 in 1515.62 - percent 0.00335057
220 of 1407374 in 1522.54 - percent 0.00333675
221 of 1407374 in 1529.4 - percent 0.00332461
222 of 1407374 in 1536.2 - percent 0.00331054
223 of 1407374 in 1543.16 - percent 0.00329659
224 of 1407374 in 1549.94 - percent 0.00328394
225 of 1407374 in 1556.84 - percent 0.00327163
226 of 1407374 in 1563.64 - percent 0.0032609
227 of 1407374 in 1570.6 - percent 0.00324719
228 of 1407374 in 1577.43 - percent 0.00323367
229 of 1407374 in 1584.43 - percent 0.00322007
230 of 1407374 in 1591.27 - percent 0.00320695
231 of 1407374 in 1598.17 - percent 0.00319395
232 of 1407374 in 1605.14 - percent 0.0031813
233 of 1407374 in 1611.95 - percent 0.00316836
234 of 1407374 in 1618.99 - percent 0.00315521
235 of 1407374 in 1625.76 - percent 0.00314311
236 of 1407374 in 1632.73 - percent 0.00313064
237 of 1407374 in 1639.55 - percent 0.00312197
238 of 1407374 in 1646.45 - percent 0.00311044
239 of 1407374 in 1653.35 - percent 0.00309971
240 of 1407374 in 1660.29 - percent 0.00308853
241 of 1407374 in 1667.2 - percent 0.00307725
242 of 1407374 in 1674.08 - percent 0.00306686
243 of 1407374 in 1681.03 - percent 0.00305518
244 of 1407374 in 1687.87 - percent 0.00304348
245 of 1407374 in 1694.86 - percent 0.00303275
246 of 1407374 in 1701.66 - percent 0.00302157
247 of 1407374 in 1708.54 - percent 0.00301262
248 of 1407374 in 1715.38 - percent 0.00300613
249 of 1407374 in 1722.12 - percent 0.00299742
250 of 1407374 in 1729.06 - percent 0.0029897
251 of 1407374 in 1735.83 - percent 0.00297897
252 of 1407374 in 1742.73 - percent 0.00296945
253 of 1407374 in 1749.55 - percent 0.00296203
254 of 1407374 in 1756.41 - percent 0.00295206
255 of 1407374 in 1763.29 - percent 0.00294242
256 of 1407374 in 1770.13 - percent 0.00293644
257 of 1407374 in 1776.96 - percent 0.00292877
258 of 1407374 in 1783.77 - percent 0.00293439
259 of 1407374 in 1790.76 - percent 0.00294098
260 of 1407374 in 1797.6 - percent 0.00293981
