Number of rows/cols is 48
Number of nnz is    400
#d1 vertices: 0
#d2 vertices: 0
min degree: 5
************************************************************************
Algo is 2
Compress matrix 0
Apply Dulmage-Mendehlson 0
Sorting 3
Single run 0
************************************************************************
Perman: [veni] running with 48 rows:
1 of 1407374 in 4.65832 - percent 0.0205305
2 of 1407374 in 9.22062 - percent 0.0185537
3 of 1407374 in 13.7832 - percent 0.018005
4 of 1407374 in 18.3252 - percent 0.0142819
5 of 1407374 in 22.9088 - percent 0.0136349
6 of 1407374 in 27.4538 - percent 0.0134683
7 of 1407374 in 31.9535 - percent 0.0120222
8 of 1407374 in 36.5061 - percent 0.0105736
9 of 1407374 in 41.0751 - percent 0.0100946
10 of 1407374 in 45.6232 - percent 0.0101219
11 of 1407374 in 50.2325 - percent 0.0109249
12 of 1407374 in 54.8313 - percent 0.0105117
13 of 1407374 in 59.379 - percent 0.00999151
14 of 1407374 in 63.8808 - percent 0.00950092
15 of 1407374 in 68.3669 - percent 0.00891302
16 of 1407374 in 72.9357 - percent 0.00848619
17 of 1407374 in 77.5011 - percent 0.0086572
18 of 1407374 in 81.9755 - percent 0.00836968
19 of 1407374 in 86.496 - percent 0.00838605
20 of 1407374 in 91.0586 - percent 0.00821333
21 of 1407374 in 95.6375 - percent 0.00849975
22 of 1407374 in 100.241 - percent 0.00907963
23 of 1407374 in 104.789 - percent 0.00920832
24 of 1407374 in 109.347 - percent 0.00898987
25 of 1407374 in 113.843 - percent 0.0087988
26 of 1407374 in 118.316 - percent 0.00854482
27 of 1407374 in 122.819 - percent 0.00841144
28 of 1407374 in 127.384 - percent 0.00814298
29 of 1407374 in 131.877 - percent 0.00789045
30 of 1407374 in 136.373 - percent 0.00768664
31 of 1407374 in 140.897 - percent 0.00754029
32 of 1407374 in 145.487 - percent 0.0074416
33 of 1407374 in 150.076 - percent 0.0076803
34 of 1407374 in 154.61 - percent 0.00768028
35 of 1407374 in 159.15 - percent 0.00757929
36 of 1407374 in 163.707 - percent 0.00738588
37 of 1407374 in 168.204 - percent 0.00725077
38 of 1407374 in 172.726 - percent 0.0072953
39 of 1407374 in 177.279 - percent 0.00732642
40 of 1407374 in 181.818 - percent 0.00718874
41 of 1407374 in 186.361 - percent 0.00733552
42 of 1407374 in 190.913 - percent 0.00751924
43 of 1407374 in 195.56 - percent 0.00781969
44 of 1407374 in 200.089 - percent 0.00783896
45 of 1407374 in 204.558 - percent 0.0078258
46 of 1407374 in 208.995 - percent 0.0077936
47 of 1407374 in 213.486 - percent 0.0076744
48 of 1407374 in 217.982 - percent 0.00758793
49 of 1407374 in 222.435 - percent 0.00753038
50 of 1407374 in 226.873 - percent 0.00740366
51 of 1407374 in 231.384 - percent 0.00727562
52 of 1407374 in 235.91 - percent 0.00719088
53 of 1407374 in 240.367 - percent 0.00713612
54 of 1407374 in 244.849 - percent 0.00713439
55 of 1407374 in 249.366 - percent 0.00704469
56 of 1407374 in 253.876 - percent 0.00694285
57 of 1407374 in 258.308 - percent 0.00684174
58 of 1407374 in 262.76 - percent 0.00673996
59 of 1407374 in 267.26 - percent 0.00663927
60 of 1407374 in 271.75 - percent 0.00656966
61 of 1407374 in 276.146 - percent 0.00648229
62 of 1407374 in 280.597 - percent 0.0064225
63 of 1407374 in 285.074 - percent 0.00634839
64 of 1407374 in 289.596 - percent 0.00634996
65 of 1407374 in 294.068 - percent 0.00644045
66 of 1407374 in 298.572 - percent 0.00647571
67 of 1407374 in 303.049 - percent 0.00642114
68 of 1407374 in 307.547 - percent 0.00638059
69 of 1407374 in 311.939 - percent 0.00631598
70 of 1407374 in 316.439 - percent 0.00631435
71 of 1407374 in 320.926 - percent 0.00623347
72 of 1407374 in 325.427 - percent 0.0061558
73 of 1407374 in 329.843 - percent 0.00609535
74 of 1407374 in 334.352 - percent 0.006053
75 of 1407374 in 338.85 - percent 0.00600952
76 of 1407374 in 343.419 - percent 0.00606902
77 of 1407374 in 347.853 - percent 0.00605327
78 of 1407374 in 352.369 - percent 0.0060156
79 of 1407374 in 356.851 - percent 0.00594567
80 of 1407374 in 361.348 - percent 0.0058947
81 of 1407374 in 365.774 - percent 0.00589604
82 of 1407374 in 370.285 - percent 0.00589669
83 of 1407374 in 374.751 - percent 0.0058408
84 of 1407374 in 379.259 - percent 0.00587718
85 of 1407374 in 383.712 - percent 0.0059242
86 of 1407374 in 388.289 - percent 0.00603333
87 of 1407374 in 392.805 - percent 0.00605612
88 of 1407374 in 397.285 - percent 0.00605604
89 of 1407374 in 401.701 - percent 0.00603727
90 of 1407374 in 406.188 - percent 0.00598686
91 of 1407374 in 410.663 - percent 0.005942
92 of 1407374 in 415.119 - percent 0.00590383
93 of 1407374 in 419.54 - percent 0.00584768
94 of 1407374 in 424.046 - percent 0.00579733
95 of 1407374 in 428.55 - percent 0.0057447
96 of 1407374 in 433.023 - percent 0.00572571
97 of 1407374 in 437.487 - percent 0.00573361
98 of 1407374 in 442.01 - percent 0.00570103
99 of 1407374 in 446.514 - percent 0.00564662
100 of 1407374 in 450.957 - percent 0.00560068
101 of 1407374 in 455.392 - percent 0.00555084
102 of 1407374 in 459.903 - percent 0.0055027
103 of 1407374 in 464.393 - percent 0.00546852
104 of 1407374 in 468.797 - percent 0.00542499
105 of 1407374 in 473.229 - percent 0.00540164
106 of 1407374 in 477.711 - percent 0.00536624
107 of 1407374 in 482.229 - percent 0.00536935
108 of 1407374 in 486.675 - percent 0.00538915
109 of 1407374 in 491.117 - percent 0.00536666
110 of 1407374 in 495.588 - percent 0.00532472
111 of 1407374 in 500.068 - percent 0.00528871
112 of 1407374 in 504.461 - percent 0.00524642
113 of 1407374 in 508.901 - percent 0.00520476
114 of 1407374 in 513.394 - percent 0.0051591
115 of 1407374 in 517.893 - percent 0.00511424
116 of 1407374 in 522.305 - percent 0.00507015
117 of 1407374 in 526.771 - percent 0.00502682
118 of 1407374 in 531.256 - percent 0.00498422
119 of 1407374 in 535.776 - percent 0.00497134
120 of 1407374 in 540.196 - percent 0.00494565
121 of 1407374 in 544.683 - percent 0.00491599
122 of 1407374 in 549.168 - percent 0.00488067
123 of 1407374 in 553.668 - percent 0.00484668
124 of 1407374 in 558.059 - percent 0.00482188
125 of 1407374 in 562.529 - percent 0.00479494
126 of 1407374 in 566.978 - percent 0.00475993
127 of 1407374 in 571.476 - percent 0.00475557
128 of 1407374 in 575.878 - percent 0.00475141
129 of 1407374 in 580.401 - percent 0.00479458
130 of 1407374 in 585.01 - percent 0.00484494
131 of 1407374 in 589.533 - percent 0.00487577
132 of 1407374 in 594.028 - percent 0.00488769
133 of 1407374 in 598.519 - percent 0.00486478
134 of 1407374 in 603.059 - percent 0.00484687
135 of 1407374 in 607.549 - percent 0.00483127
136 of 1407374 in 612.036 - percent 0.00480378
137 of 1407374 in 616.555 - percent 0.00477798
138 of 1407374 in 621.116 - percent 0.00475033
139 of 1407374 in 625.641 - percent 0.0047607
140 of 1407374 in 630.149 - percent 0.0047619
141 of 1407374 in 634.674 - percent 0.00472813
142 of 1407374 in 639.223 - percent 0.00469483
143 of 1407374 in 643.701 - percent 0.004662
144 of 1407374 in 648.174 - percent 0.00462962
145 of 1407374 in 652.699 - percent 0.0045977
146 of 1407374 in 657.229 - percent 0.00457501
147 of 1407374 in 661.683 - percent 0.00455259
148 of 1407374 in 666.144 - percent 0.00453905
149 of 1407374 in 670.67 - percent 0.00452677
150 of 1407374 in 675.225 - percent 0.00453031
151 of 1407374 in 679.769 - percent 0.00459497
152 of 1407374 in 684.264 - percent 0.00461068
153 of 1407374 in 688.823 - percent 0.00461658
154 of 1407374 in 693.356 - percent 0.00460465
155 of 1407374 in 697.807 - percent 0.00458282
156 of 1407374 in 702.289 - percent 0.00458319
157 of 1407374 in 706.842 - percent 0.00455726
158 of 1407374 in 711.377 - percent 0.00453214
159 of 1407374 in 715.865 - percent 0.00451391
160 of 1407374 in 720.36 - percent 0.00450297
161 of 1407374 in 724.943 - percent 0.0045044
162 of 1407374 in 729.541 - percent 0.00454387
163 of 1407374 in 734.052 - percent 0.00454689
164 of 1407374 in 738.556 - percent 0.00453924
165 of 1407374 in 743.114 - percent 0.00451453
166 of 1407374 in 747.636 - percent 0.00449451
167 of 1407374 in 752.126 - percent 0.00450025
168 of 1407374 in 756.613 - percent 0.00450169
169 of 1407374 in 761.144 - percent 0.00447954
170 of 1407374 in 765.7 - percent 0.0045167
171 of 1407374 in 770.227 - percent 0.00455271
172 of 1407374 in 774.818 - percent 0.00462267
173 of 1407374 in 779.494 - percent 0.00463349
174 of 1407374 in 784.106 - percent 0.00463566
175 of 1407374 in 788.691 - percent 0.00463402
176 of 1407374 in 793.268 - percent 0.00461723
177 of 1407374 in 797.913 - percent 0.00460294
178 of 1407374 in 802.485 - percent 0.00458937
179 of 1407374 in 807.042 - percent 0.00456661
180 of 1407374 in 811.615 - percent 0.0045468
181 of 1407374 in 816.249 - percent 0.00452603
182 of 1407374 in 820.834 - percent 0.00452174
183 of 1407374 in 825.399 - percent 0.00451312
184 of 1407374 in 829.973 - percent 0.00448859
185 of 1407374 in 834.598 - percent 0.00446433
186 of 1407374 in 839.154 - percent 0.00444032
187 of 1407374 in 843.703 - percent 0.00441658
188 of 1407374 in 848.291 - percent 0.00439768
189 of 1407374 in 852.925 - percent 0.0043803
190 of 1407374 in 857.487 - percent 0.00436247
191 of 1407374 in 862.066 - percent 0.00435642
192 of 1407374 in 866.681 - percent 0.00434733
193 of 1407374 in 871.343 - percent 0.00434904
194 of 1407374 in 875.913 - percent 0.00434278
195 of 1407374 in 880.459 - percent 0.00432051
196 of 1407374 in 885.063 - percent 0.00429847
197 of 1407374 in 889.686 - percent 0.00427665
198 of 1407374 in 894.235 - percent 0.00425505
199 of 1407374 in 898.775 - percent 0.00423384
200 of 1407374 in 903.388 - percent 0.00421416
201 of 1407374 in 908.011 - percent 0.00419742
202 of 1407374 in 912.56 - percent 0.00417928
203 of 1407374 in 917.108 - percent 0.00416233
204 of 1407374 in 921.736 - percent 0.00414856
205 of 1407374 in 926.344 - percent 0.00412983
206 of 1407374 in 930.883 - percent 0.00410978
207 of 1407374 in 935.424 - percent 0.00408993
208 of 1407374 in 940.042 - percent 0.00407026
209 of 1407374 in 944.64 - percent 0.00405079
210 of 1407374 in 949.188 - percent 0.00403798
211 of 1407374 in 953.75 - percent 0.00402604
212 of 1407374 in 958.376 - percent 0.00400865
213 of 1407374 in 963.008 - percent 0.00401138
214 of 1407374 in 967.595 - percent 0.00401601
215 of 1407374 in 972.206 - percent 0.00403601
216 of 1407374 in 976.779 - percent 0.00402908
217 of 1407374 in 981.364 - percent 0.00402077
218 of 1407374 in 985.851 - percent 0.00400996
219 of 1407374 in 990.396 - percent 0.00399436
220 of 1407374 in 994.948 - percent 0.00397905
221 of 1407374 in 999.507 - percent 0.0039627
222 of 1407374 in 1003.97 - percent 0.00394485
223 of 1407374 in 1008.51 - percent 0.00392716
224 of 1407374 in 1013.06 - percent 0.00390963
225 of 1407374 in 1017.61 - percent 0.00389225
226 of 1407374 in 1022.08 - percent 0.00387737
227 of 1407374 in 1026.64 - percent 0.00386267
228 of 1407374 in 1031.17 - percent 0.0038464
229 of 1407374 in 1035.74 - percent 0.00383274
230 of 1407374 in 1040.21 - percent 0.00381868
231 of 1407374 in 1044.77 - percent 0.00380279
232 of 1407374 in 1049.31 - percent 0.00378639
233 of 1407374 in 1053.86 - percent 0.00377014
234 of 1407374 in 1058.33 - percent 0.00375403
235 of 1407374 in 1062.9 - percent 0.00373806
236 of 1407374 in 1067.45 - percent 0.00372222
237 of 1407374 in 1072.02 - percent 0.00372362
238 of 1407374 in 1076.51 - percent 0.00371715
239 of 1407374 in 1081.1 - percent 0.00371036
240 of 1407374 in 1085.66 - percent 0.00369607
241 of 1407374 in 1090.19 - percent 0.00368312
242 of 1407374 in 1094.68 - percent 0.0036709
243 of 1407374 in 1099.25 - percent 0.00365579
244 of 1407374 in 1103.8 - percent 0.00364081
245 of 1407374 in 1108.32 - percent 0.00362595
246 of 1407374 in 1112.8 - percent 0.00361121
247 of 1407374 in 1117.37 - percent 0.00359847
248 of 1407374 in 1121.94 - percent 0.00359271
249 of 1407374 in 1126.45 - percent 0.00358368
250 of 1407374 in 1130.94 - percent 0.00357219
251 of 1407374 in 1135.51 - percent 0.00355946
252 of 1407374 in 1140.08 - percent 0.00354598
253 of 1407374 in 1144.58 - percent 0.00353897
254 of 1407374 in 1149.09 - percent 0.00352956
255 of 1407374 in 1153.67 - percent 0.00351718
256 of 1407374 in 1158.26 - percent 0.00351518
257 of 1407374 in 1162.78 - percent 0.0035155
258 of 1407374 in 1167.34 - percent 0.00353186
259 of 1407374 in 1171.95 - percent 0.00354287
260 of 1407374 in 1176.55 - percent 0.00354495
261 of 1407374 in 1181.06 - percent 0.0035457
262 of 1407374 in 1185.6 - percent 0.00354026
263 of 1407374 in 1190.18 - percent 0.00353818
264 of 1407374 in 1194.75 - percent 0.00353286
265 of 1407374 in 1199.24 - percent 0.00352227
266 of 1407374 in 1203.77 - percent 0.00351339
267 of 1407374 in 1208.33 - percent 0.00350311
268 of 1407374 in 1212.92 - percent 0.00350467
269 of 1407374 in 1217.42 - percent 0.00350784
270 of 1407374 in 1221.97 - percent 0.00350129
271 of 1407374 in 1226.52 - percent 0.00349077
272 of 1407374 in 1231.08 - percent 0.0034807
273 of 1407374 in 1235.55 - percent 0.00346912
274 of 1407374 in 1240.12 - percent 0.00346555
275 of 1407374 in 1244.67 - percent 0.00345763
276 of 1407374 in 1249.25 - percent 0.00344861
277 of 1407374 in 1253.73 - percent 0.00344587
278 of 1407374 in 1258.32 - percent 0.00344533
279 of 1407374 in 1262.9 - percent 0.00344806
280 of 1407374 in 1267.5 - percent 0.00345719
281 of 1407374 in 1271.99 - percent 0.00345367
282 of 1407374 in 1276.57 - percent 0.0034482
283 of 1407374 in 1281.12 - percent 0.00343739
284 of 1407374 in 1285.67 - percent 0.00342791
285 of 1407374 in 1290.14 - percent 0.0034184
286 of 1407374 in 1294.7 - percent 0.00340645
287 of 1407374 in 1299.25 - percent 0.00339458
288 of 1407374 in 1303.78 - percent 0.0033828
289 of 1407374 in 1308.26 - percent 0.00337109
290 of 1407374 in 1312.82 - percent 0.00336203
291 of 1407374 in 1317.39 - percent 0.00335814
292 of 1407374 in 1321.93 - percent 0.00335276
293 of 1407374 in 1326.41 - percent 0.00334632
294 of 1407374 in 1330.98 - percent 0.00333673
295 of 1407374 in 1335.54 - percent 0.00332803
296 of 1407374 in 1340.08 - percent 0.00332692
297 of 1407374 in 1344.57 - percent 0.00332114
298 of 1407374 in 1349.15 - percent 0.00331593
299 of 1407374 in 1353.74 - percent 0.00331392
300 of 1407374 in 1358.28 - percent 0.00331922
301 of 1407374 in 1362.86 - percent 0.0033395
302 of 1407374 in 1367.54 - percent 0.00336209
303 of 1407374 in 1372.21 - percent 0.00336818
304 of 1407374 in 1376.79 - percent 0.00337493
305 of 1407374 in 1381.36 - percent 0.00337302
306 of 1407374 in 1386.02 - percent 0.00337858
307 of 1407374 in 1390.64 - percent 0.00337433
308 of 1407374 in 1395.18 - percent 0.00336623
309 of 1407374 in 1399.73 - percent 0.00336034
310 of 1407374 in 1404.36 - percent 0.00335313
311 of 1407374 in 1409 - percent 0.00336022
312 of 1407374 in 1413.56 - percent 0.00335984
313 of 1407374 in 1418.11 - percent 0.00334911
314 of 1407374 in 1422.73 - percent 0.00333844
315 of 1407374 in 1427.32 - percent 0.00332784
316 of 1407374 in 1431.87 - percent 0.00331731
317 of 1407374 in 1436.43 - percent 0.00331035
318 of 1407374 in 1441.07 - percent 0.00330384
319 of 1407374 in 1445.66 - percent 0.00329699
320 of 1407374 in 1450.24 - percent 0.00329719
321 of 1407374 in 1454.83 - percent 0.00330111
322 of 1407374 in 1459.51 - percent 0.00331067
323 of 1407374 in 1464.16 - percent 0.00333324
324 of 1407374 in 1468.76 - percent 0.00334091
325 of 1407374 in 1473.37 - percent 0.00334951
326 of 1407374 in 1478 - percent 0.00334132
327 of 1407374 in 1482.6 - percent 0.00333951
328 of 1407374 in 1487.19 - percent 0.00334577
329 of 1407374 in 1491.75 - percent 0.00333762
330 of 1407374 in 1496.39 - percent 0.00332869
331 of 1407374 in 1500.96 - percent 0.00332459
332 of 1407374 in 1505.53 - percent 0.00332132
333 of 1407374 in 1510.15 - percent 0.00333171
334 of 1407374 in 1514.81 - percent 0.00333941
335 of 1407374 in 1519.4 - percent 0.00334232
336 of 1407374 in 1523.97 - percent 0.0033398
337 of 1407374 in 1528.55 - percent 0.00333316
338 of 1407374 in 1533.18 - percent 0.00332736
339 of 1407374 in 1537.8 - percent 0.00334224
340 of 1407374 in 1542.38 - percent 0.00334478
341 of 1407374 in 1547 - percent 0.00335017
342 of 1407374 in 1551.68 - percent 0.0033597
343 of 1407374 in 1556.31 - percent 0.00338148
344 of 1407374 in 1560.96 - percent 0.00340514
345 of 1407374 in 1565.67 - percent 0.00341429
346 of 1407374 in 1570.38 - percent 0.00341372
347 of 1407374 in 1575.01 - percent 0.00341351
348 of 1407374 in 1579.63 - percent 0.00340902
349 of 1407374 in 1584.32 - percent 0.00340992
350 of 1407374 in 1589 - percent 0.00340312
351 of 1407374 in 1593.6 - percent 0.00339535
352 of 1407374 in 1598.21 - percent 0.00338911
353 of 1407374 in 1602.89 - percent 0.00338291
354 of 1407374 in 1607.59 - percent 0.00338399
355 of 1407374 in 1612.2 - percent 0.0033805
356 of 1407374 in 1616.81 - percent 0.00337101
357 of 1407374 in 1621.48 - percent 0.00336156
358 of 1407374 in 1626.15 - percent 0.00335218
359 of 1407374 in 1630.75 - percent 0.00334284
360 of 1407374 in 1635.36 - percent 0.00333571
361 of 1407374 in 1640.05 - percent 0.00332853
362 of 1407374 in 1644.72 - percent 0.00332133
363 of 1407374 in 1649.35 - percent 0.00331845
364 of 1407374 in 1653.98 - percent 0.00331728
365 of 1407374 in 1658.69 - percent 0.00331963
366 of 1407374 in 1663.35 - percent 0.00331316
367 of 1407374 in 1667.96 - percent 0.00330414
368 of 1407374 in 1672.58 - percent 0.00329516
369 of 1407374 in 1677.27 - percent 0.00328623
370 of 1407374 in 1681.91 - percent 0.00327735
371 of 1407374 in 1686.52 - percent 0.00326911
372 of 1407374 in 1691.14 - percent 0.00326089
373 of 1407374 in 1695.83 - percent 0.00325468
374 of 1407374 in 1700.47 - percent 0.00324678
375 of 1407374 in 1705.08 - percent 0.00323999
376 of 1407374 in 1709.71 - percent 0.0032345
377 of 1407374 in 1714.39 - percent 0.00322592
378 of 1407374 in 1719.01 - percent 0.00321739
379 of 1407374 in 1723.62 - percent 0.0032089
380 of 1407374 in 1728.24 - percent 0.00320045
381 of 1407374 in 1732.93 - percent 0.00319205
382 of 1407374 in 1737.56 - percent 0.00318781
383 of 1407374 in 1742.18 - percent 0.00318191
384 of 1407374 in 1746.83 - percent 0.00317755
385 of 1407374 in 1751.54 - percent 0.00317519
386 of 1407374 in 1756.19 - percent 0.00318174
387 of 1407374 in 1760.8 - percent 0.00318668
388 of 1407374 in 1765.45 - percent 0.00318633
389 of 1407374 in 1770.07 - percent 0.0031809
390 of 1407374 in 1774.67 - percent 0.00317562
391 of 1407374 in 1779.21 - percent 0.00316885
392 of 1407374 in 1783.84 - percent 0.00316265
393 of 1407374 in 1788.45 - percent 0.00315461
394 of 1407374 in 1793.03 - percent 0.0031466
395 of 1407374 in 1797.57 - percent 0.00313863
