Number of rows/cols is 48
Number of nnz is    400
#d1 vertices: 0
#d2 vertices: 0
min degree: 5
************************************************************************
Algo is 2
Compress matrix 0
Apply Dulmage-Mendehlson 0
Sorting 1
Single run 0
************************************************************************
Perman: [veni] running with 48 rows:
1 of 1407374 in 3.55913 - percent 0.043015
2 of 1407374 in 7.19292 - percent 0.0304794
3 of 1407374 in 10.6965 - percent 0.0267116
4 of 1407374 in 14.4709 - percent 0.0207149
5 of 1407374 in 18.1789 - percent 0.0187149
6 of 1407374 in 21.8614 - percent 0.0182857
7 of 1407374 in 25.7447 - percent 0.0161696
8 of 1407374 in 29.5927 - percent 0.0143066
9 of 1407374 in 33.1272 - percent 0.0135162
10 of 1407374 in 36.8859 - percent 0.0131511
11 of 1407374 in 40.3662 - percent 0.0138945
12 of 1407374 in 44.0444 - percent 0.0130253
13 of 1407374 in 47.7746 - percent 0.0121668
14 of 1407374 in 51.5017 - percent 0.0114543
15 of 1407374 in 55.1973 - percent 0.0107402
16 of 1407374 in 58.8401 - percent 0.0102718
17 of 1407374 in 62.6519 - percent 0.00996474
18 of 1407374 in 66.3974 - percent 0.0094883
19 of 1407374 in 70.2741 - percent 0.00923956
20 of 1407374 in 74.1914 - percent 0.00893623
21 of 1407374 in 78.0226 - percent 0.00905673
22 of 1407374 in 81.8018 - percent 0.0093064
23 of 1407374 in 85.6572 - percent 0.00906531
24 of 1407374 in 89.5297 - percent 0.00873059
25 of 1407374 in 93.3916 - percent 0.00844124
26 of 1407374 in 97.143 - percent 0.00813662
27 of 1407374 in 101.03 - percent 0.0079205
28 of 1407374 in 104.711 - percent 0.00768904
29 of 1407374 in 108.411 - percent 0.00744303
30 of 1407374 in 112.141 - percent 0.00722162
31 of 1407374 in 115.855 - percent 0.00700905
32 of 1407374 in 119.566 - percent 0.00682274
33 of 1407374 in 123.039 - percent 0.00685391
34 of 1407374 in 126.801 - percent 0.00675257
35 of 1407374 in 130.282 - percent 0.00662578
36 of 1407374 in 134.119 - percent 0.00645713
37 of 1407374 in 138.017 - percent 0.00631472
38 of 1407374 in 141.751 - percent 0.00637355
39 of 1407374 in 145.478 - percent 0.00631034
40 of 1407374 in 149.232 - percent 0.00617806
41 of 1407374 in 152.669 - percent 0.00620142
42 of 1407374 in 156.292 - percent 0.00627028
43 of 1407374 in 159.745 - percent 0.00661901
44 of 1407374 in 163.263 - percent 0.00659176
45 of 1407374 in 166.786 - percent 0.00651788
46 of 1407374 in 170.231 - percent 0.00642386
47 of 1407374 in 173.893 - percent 0.00631135
48 of 1407374 in 177.674 - percent 0.00619993
49 of 1407374 in 181.442 - percent 0.00611205
50 of 1407374 in 185.377 - percent 0.00599621
51 of 1407374 in 189.126 - percent 0.00589074
52 of 1407374 in 192.589 - percent 0.0058066
53 of 1407374 in 196.329 - percent 0.00571827
54 of 1407374 in 199.886 - percent 0.00566672
55 of 1407374 in 203.651 - percent 0.00556946
56 of 1407374 in 207.296 - percent 0.00547989
57 of 1407374 in 210.997 - percent 0.00540207
58 of 1407374 in 214.644 - percent 0.00533406
59 of 1407374 in 218.386 - percent 0.00525531
60 of 1407374 in 222.29 - percent 0.00517978
61 of 1407374 in 226.037 - percent 0.00510323
62 of 1407374 in 229.86 - percent 0.0050311
63 of 1407374 in 233.676 - percent 0.00495839
64 of 1407374 in 237.542 - percent 0.00489617
65 of 1407374 in 241.342 - percent 0.00489421
66 of 1407374 in 245.196 - percent 0.00485634
67 of 1407374 in 249.056 - percent 0.00479732
68 of 1407374 in 252.891 - percent 0.00474138
69 of 1407374 in 256.628 - percent 0.00468437
70 of 1407374 in 260.494 - percent 0.00464033
71 of 1407374 in 264.184 - percent 0.00459071
72 of 1407374 in 267.868 - percent 0.00453354
73 of 1407374 in 271.564 - percent 0.00447999
74 of 1407374 in 275.281 - percent 0.00442613
75 of 1407374 in 279.02 - percent 0.00438279
76 of 1407374 in 282.516 - percent 0.0044319
77 of 1407374 in 286.259 - percent 0.00440578
78 of 1407374 in 289.75 - percent 0.00437409
79 of 1407374 in 293.602 - percent 0.00432338
80 of 1407374 in 297.474 - percent 0.00428397
81 of 1407374 in 301.195 - percent 0.00427762
82 of 1407374 in 304.907 - percent 0.00425853
83 of 1407374 in 308.649 - percent 0.00421937
84 of 1407374 in 312.03 - percent 0.00422649
85 of 1407374 in 315.622 - percent 0.00423469
86 of 1407374 in 319.039 - percent 0.00440516
87 of 1407374 in 322.572 - percent 0.00444047
88 of 1407374 in 326.056 - percent 0.00441622
89 of 1407374 in 329.548 - percent 0.00439519
90 of 1407374 in 333.228 - percent 0.00435557
91 of 1407374 in 336.985 - percent 0.00432411
92 of 1407374 in 340.717 - percent 0.00430661
93 of 1407374 in 344.629 - percent 0.00426541
94 of 1407374 in 348.392 - percent 0.00422639
95 of 1407374 in 351.939 - percent 0.00418893
96 of 1407374 in 355.637 - percent 0.00416302
97 of 1407374 in 359.187 - percent 0.00417056
98 of 1407374 in 362.924 - percent 0.00413428
99 of 1407374 in 366.63 - percent 0.00409358
100 of 1407374 in 370.361 - percent 0.0040559
101 of 1407374 in 373.997 - percent 0.00401929
102 of 1407374 in 377.726 - percent 0.00398451
103 of 1407374 in 381.608 - percent 0.00395351
104 of 1407374 in 385.36 - percent 0.00392003
105 of 1407374 in 389.214 - percent 0.00388994
106 of 1407374 in 393.066 - percent 0.00385654
107 of 1407374 in 396.926 - percent 0.00383608
108 of 1407374 in 400.712 - percent 0.00383198
109 of 1407374 in 404.578 - percent 0.00380105
110 of 1407374 in 408.353 - percent 0.00376907
111 of 1407374 in 412.146 - percent 0.00373777
112 of 1407374 in 415.911 - percent 0.00370631
113 of 1407374 in 419.836 - percent 0.00367755
114 of 1407374 in 423.552 - percent 0.00364647
115 of 1407374 in 427.155 - percent 0.00361918
116 of 1407374 in 430.844 - percent 0.00358988
117 of 1407374 in 434.534 - percent 0.00356132
118 of 1407374 in 438.28 - percent 0.00353312
119 of 1407374 in 441.809 - percent 0.00351737
120 of 1407374 in 445.521 - percent 0.00349116
121 of 1407374 in 448.982 - percent 0.00346676
122 of 1407374 in 452.771 - percent 0.00344054
123 of 1407374 in 456.65 - percent 0.00341376
124 of 1407374 in 460.443 - percent 0.00339687
125 of 1407374 in 464.165 - percent 0.00337391
126 of 1407374 in 467.856 - percent 0.00335154
127 of 1407374 in 471.172 - percent 0.00333543
128 of 1407374 in 474.756 - percent 0.00331804
129 of 1407374 in 478.143 - percent 0.00335425
130 of 1407374 in 481.671 - percent 0.00338519
131 of 1407374 in 485.134 - percent 0.00338654
132 of 1407374 in 488.662 - percent 0.00338689
133 of 1407374 in 492.351 - percent 0.00336969
134 of 1407374 in 496.113 - percent 0.00336124
135 of 1407374 in 499.86 - percent 0.00336774
136 of 1407374 in 503.785 - percent 0.00334553
137 of 1407374 in 507.508 - percent 0.00332546
138 of 1407374 in 511.046 - percent 0.00330678
139 of 1407374 in 514.698 - percent 0.00329451
140 of 1407374 in 518.246 - percent 0.00329609
141 of 1407374 in 521.949 - percent 0.00327599
142 of 1407374 in 525.646 - percent 0.00325431
143 of 1407374 in 529.377 - percent 0.00323325
144 of 1407374 in 533.018 - percent 0.0032127
145 of 1407374 in 536.745 - percent 0.00319658
146 of 1407374 in 540.623 - percent 0.00317916
147 of 1407374 in 544.403 - percent 0.00315944
148 of 1407374 in 548.258 - percent 0.00314512
149 of 1407374 in 552.068 - percent 0.00312983
150 of 1407374 in 555.936 - percent 0.00312297
151 of 1407374 in 559.682 - percent 0.00318227
152 of 1407374 in 563.558 - percent 0.00318249
153 of 1407374 in 567.419 - percent 0.00318282
154 of 1407374 in 571.325 - percent 0.00316856
155 of 1407374 in 575.104 - percent 0.00315246
156 of 1407374 in 578.897 - percent 0.00315401
157 of 1407374 in 582.56 - percent 0.00313905
158 of 1407374 in 586.275 - percent 0.00312047
159 of 1407374 in 590.016 - percent 0.00310817
160 of 1407374 in 593.781 - percent 0.00309509
161 of 1407374 in 597.437 - percent 0.00309119
162 of 1407374 in 600.925 - percent 0.0031467
163 of 1407374 in 604.651 - percent 0.00314611
164 of 1407374 in 608.213 - percent 0.00315071
165 of 1407374 in 612.106 - percent 0.00313391
166 of 1407374 in 615.931 - percent 0.00312582
167 of 1407374 in 619.629 - percent 0.00318122
168 of 1407374 in 623.338 - percent 0.00318903
169 of 1407374 in 627.114 - percent 0.00318074
170 of 1407374 in 630.539 - percent 0.00321829
171 of 1407374 in 634.146 - percent 0.00324179
172 of 1407374 in 637.567 - percent 0.00339476
173 of 1407374 in 641.237 - percent 0.00341718
174 of 1407374 in 644.865 - percent 0.00341319
175 of 1407374 in 648.593 - percent 0.00341597
176 of 1407374 in 652.257 - percent 0.00340175
177 of 1407374 in 655.946 - percent 0.0033975
178 of 1407374 in 659.782 - percent 0.00340684
179 of 1407374 in 663.515 - percent 0.00339012
180 of 1407374 in 667.398 - percent 0.00337706
181 of 1407374 in 671.215 - percent 0.00336357
182 of 1407374 in 674.991 - percent 0.00335652
183 of 1407374 in 678.701 - percent 0.00336839
184 of 1407374 in 682.358 - percent 0.00335442
185 of 1407374 in 686.083 - percent 0.00333748
186 of 1407374 in 689.797 - percent 0.00332231
187 of 1407374 in 693.188 - percent 0.0033072
188 of 1407374 in 696.762 - percent 0.00329699
189 of 1407374 in 700.414 - percent 0.00328524
190 of 1407374 in 703.988 - percent 0.00327059
191 of 1407374 in 707.849 - percent 0.00326067
192 of 1407374 in 711.657 - percent 0.0032488
193 of 1407374 in 715.463 - percent 0.00324483
194 of 1407374 in 719.328 - percent 0.00325044
195 of 1407374 in 723.073 - percent 0.0032384
196 of 1407374 in 726.915 - percent 0.00322469
197 of 1407374 in 730.593 - percent 0.00320901
198 of 1407374 in 734.136 - percent 0.00319489
199 of 1407374 in 737.898 - percent 0.00318178
200 of 1407374 in 741.381 - percent 0.00316741
201 of 1407374 in 744.835 - percent 0.00315268
202 of 1407374 in 748.593 - percent 0.00313796
203 of 1407374 in 752.228 - percent 0.00312395
204 of 1407374 in 755.936 - percent 0.00311038
205 of 1407374 in 759.659 - percent 0.00310221
206 of 1407374 in 763.485 - percent 0.00309079
207 of 1407374 in 767.265 - percent 0.00307835
208 of 1407374 in 771.056 - percent 0.00306402
209 of 1407374 in 774.866 - percent 0.00305073
210 of 1407374 in 778.705 - percent 0.00304648
211 of 1407374 in 782.343 - percent 0.00303656
212 of 1407374 in 786.067 - percent 0.00302442
213 of 1407374 in 789.655 - percent 0.00301819
214 of 1407374 in 793.332 - percent 0.00301584
215 of 1407374 in 796.913 - percent 0.00302721
216 of 1407374 in 800.606 - percent 0.00301794
217 of 1407374 in 804.106 - percent 0.00300858
218 of 1407374 in 807.756 - percent 0.00299683
219 of 1407374 in 811.314 - percent 0.00298567
220 of 1407374 in 815.053 - percent 0.00297394
221 of 1407374 in 818.942 - percent 0.00296283
222 of 1407374 in 822.629 - percent 0.0029503
223 of 1407374 in 826.413 - percent 0.00293797
224 of 1407374 in 830.096 - percent 0.00292616
225 of 1407374 in 833.87 - percent 0.00291451
226 of 1407374 in 837.669 - percent 0.00290537
227 of 1407374 in 841.344 - percent 0.0028931
228 of 1407374 in 844.915 - percent 0.00288174
229 of 1407374 in 848.5 - percent 0.00287103
230 of 1407374 in 851.796 - percent 0.00286155
231 of 1407374 in 855.479 - percent 0.00285023
232 of 1407374 in 859.138 - percent 0.00283877
233 of 1407374 in 862.629 - percent 0.00282836
234 of 1407374 in 866.401 - percent 0.00281704
235 of 1407374 in 870.072 - percent 0.00280632
236 of 1407374 in 873.92 - percent 0.00279585
237 of 1407374 in 877.804 - percent 0.00279261
238 of 1407374 in 881.52 - percent 0.00278316
239 of 1407374 in 885.361 - percent 0.0027735
240 of 1407374 in 889.004 - percent 0.00276345
241 of 1407374 in 892.545 - percent 0.00275429
242 of 1407374 in 896.248 - percent 0.00274627
243 of 1407374 in 899.742 - percent 0.00273643
244 of 1407374 in 903.187 - percent 0.00272649
245 of 1407374 in 906.928 - percent 0.00271615
246 of 1407374 in 910.53 - percent 0.00270613
247 of 1407374 in 914.256 - percent 0.0026996
248 of 1407374 in 918.021 - percent 0.00269588
249 of 1407374 in 921.818 - percent 0.00268732
250 of 1407374 in 925.605 - percent 0.00267882
251 of 1407374 in 929.38 - percent 0.00266888
252 of 1407374 in 933.208 - percent 0.00265966
253 of 1407374 in 937.009 - percent 0.00265573
254 of 1407374 in 940.62 - percent 0.00264757
255 of 1407374 in 944.314 - percent 0.00263902
256 of 1407374 in 947.894 - percent 0.00263404
257 of 1407374 in 951.546 - percent 0.00262944
258 of 1407374 in 955.106 - percent 0.00265881
259 of 1407374 in 958.771 - percent 0.00266615
260 of 1407374 in 962.383 - percent 0.00266107
261 of 1407374 in 966.057 - percent 0.0026595
262 of 1407374 in 969.659 - percent 0.00265138
263 of 1407374 in 973.387 - percent 0.00264705
264 of 1407374 in 977.225 - percent 0.00264249
265 of 1407374 in 980.953 - percent 0.0026333
266 of 1407374 in 984.786 - percent 0.00262651
267 of 1407374 in 988.57 - percent 0.00261882
268 of 1407374 in 992.335 - percent 0.00261617
269 of 1407374 in 996.068 - percent 0.00262143
270 of 1407374 in 999.731 - percent 0.0026129
271 of 1407374 in 1003.42 - percent 0.00260376
272 of 1407374 in 1007.03 - percent 0.00259548
273 of 1407374 in 1010.37 - percent 0.00258673
274 of 1407374 in 1014.02 - percent 0.00258065
275 of 1407374 in 1017.65 - percent 0.0025738
276 of 1407374 in 1021.22 - percent 0.00256527
277 of 1407374 in 1025.02 - percent 0.00255857
278 of 1407374 in 1028.78 - percent 0.00255113
279 of 1407374 in 1032.62 - percent 0.00254602
280 of 1407374 in 1036.51 - percent 0.00254497
281 of 1407374 in 1040.21 - percent 0.00253652
282 of 1407374 in 1044.03 - percent 0.00252882
283 of 1407374 in 1047.6 - percent 0.00252124
284 of 1407374 in 1051.2 - percent 0.00251288
285 of 1407374 in 1054.92 - percent 0.0025063
286 of 1407374 in 1058.43 - percent 0.00249815
287 of 1407374 in 1061.82 - percent 0.00249399
288 of 1407374 in 1065.53 - percent 0.00248647
289 of 1407374 in 1069.13 - percent 0.00247817
290 of 1407374 in 1072.87 - percent 0.00247295
291 of 1407374 in 1076.67 - percent 0.00246776
292 of 1407374 in 1080.43 - percent 0.00246176
293 of 1407374 in 1084.21 - percent 0.00245547
294 of 1407374 in 1087.93 - percent 0.00244828
295 of 1407374 in 1091.78 - percent 0.00244044
296 of 1407374 in 1095.63 - percent 0.00243637
297 of 1407374 in 1099.26 - percent 0.00242911
298 of 1407374 in 1102.9 - percent 0.00242369
299 of 1407374 in 1106.46 - percent 0.00242037
300 of 1407374 in 1110.14 - percent 0.0024167
301 of 1407374 in 1113.78 - percent 0.00244951
302 of 1407374 in 1117.45 - percent 0.00246056
303 of 1407374 in 1121.09 - percent 0.00245656
304 of 1407374 in 1124.83 - percent 0.00246276
305 of 1407374 in 1128.47 - percent 0.00245694
306 of 1407374 in 1132.21 - percent 0.00246266
307 of 1407374 in 1136.07 - percent 0.00246204
308 of 1407374 in 1139.86 - percent 0.00245505
309 of 1407374 in 1143.73 - percent 0.00245081
310 of 1407374 in 1147.5 - percent 0.00244486
311 of 1407374 in 1151.28 - percent 0.00244309
312 of 1407374 in 1155.04 - percent 0.00244939
313 of 1407374 in 1158.71 - percent 0.00244261
314 of 1407374 in 1162.41 - percent 0.00243555
315 of 1407374 in 1166 - percent 0.00242924
316 of 1407374 in 1169.42 - percent 0.00242199
317 of 1407374 in 1173.1 - percent 0.00241937
318 of 1407374 in 1176.75 - percent 0.00241362
319 of 1407374 in 1180.35 - percent 0.00240653
320 of 1407374 in 1184.22 - percent 0.00240281
321 of 1407374 in 1187.99 - percent 0.00239775
322 of 1407374 in 1191.84 - percent 0.00239689
323 of 1407374 in 1195.7 - percent 0.00242061
324 of 1407374 in 1199.42 - percent 0.00241827
325 of 1407374 in 1203.33 - percent 0.00242261
326 of 1407374 in 1207.01 - percent 0.00241662
327 of 1407374 in 1210.59 - percent 0.00241233
328 of 1407374 in 1214.18 - percent 0.00241564
329 of 1407374 in 1217.66 - percent 0.00240944
330 of 1407374 in 1221.17 - percent 0.00240337
331 of 1407374 in 1224.98 - percent 0.00239988
332 of 1407374 in 1228.59 - percent 0.00239437
333 of 1407374 in 1232.28 - percent 0.00240847
334 of 1407374 in 1236.06 - percent 0.00242718
335 of 1407374 in 1239.87 - percent 0.00242742
336 of 1407374 in 1243.73 - percent 0.00243395
337 of 1407374 in 1247.57 - percent 0.00242865
338 of 1407374 in 1251.37 - percent 0.00242746
339 of 1407374 in 1255.14 - percent 0.00245476
340 of 1407374 in 1258.75 - percent 0.00245196
341 of 1407374 in 1262.49 - percent 0.00246218
342 of 1407374 in 1266.21 - percent 0.00247785
343 of 1407374 in 1269.87 - percent 0.00250002
344 of 1407374 in 1273.55 - percent 0.00258334
345 of 1407374 in 1277.26 - percent 0.00260914
346 of 1407374 in 1281.03 - percent 0.00261211
347 of 1407374 in 1284.8 - percent 0.00262336
348 of 1407374 in 1288.42 - percent 0.00262043
349 of 1407374 in 1292.14 - percent 0.00263216
350 of 1407374 in 1295.96 - percent 0.00263193
351 of 1407374 in 1299.76 - percent 0.00262659
352 of 1407374 in 1303.66 - percent 0.00262809
353 of 1407374 in 1307.54 - percent 0.00262455
354 of 1407374 in 1311.37 - percent 0.00262984
355 of 1407374 in 1315.09 - percent 0.00264252
356 of 1407374 in 1318.74 - percent 0.00263811
357 of 1407374 in 1322.49 - percent 0.00263245
358 of 1407374 in 1326.03 - percent 0.0026265
359 of 1407374 in 1329.37 - percent 0.00262106
360 of 1407374 in 1332.91 - percent 0.00261963
361 of 1407374 in 1336.42 - percent 0.00261605
362 of 1407374 in 1340 - percent 0.00260989
363 of 1407374 in 1343.85 - percent 0.00260871
364 of 1407374 in 1347.64 - percent 0.00260782
365 of 1407374 in 1351.46 - percent 0.00261161
366 of 1407374 in 1355.33 - percent 0.00261565
367 of 1407374 in 1359.08 - percent 0.00261084
368 of 1407374 in 1362.95 - percent 0.00260596
369 of 1407374 in 1366.52 - percent 0.00259923
370 of 1407374 in 1370.08 - percent 0.00259318
371 of 1407374 in 1373.68 - percent 0.00258937
372 of 1407374 in 1377.11 - percent 0.00258313
373 of 1407374 in 1380.54 - percent 0.00257691
374 of 1407374 in 1384.3 - percent 0.0025706
375 of 1407374 in 1387.91 - percent 0.0025646
376 of 1407374 in 1391.66 - percent 0.00256502
377 of 1407374 in 1395.52 - percent 0.00256187
378 of 1407374 in 1399.36 - percent 0.00255744
379 of 1407374 in 1403.23 - percent 0.00255307
380 of 1407374 in 1407.06 - percent 0.0025472
381 of 1407374 in 1410.86 - percent 0.00254153
382 of 1407374 in 1414.68 - percent 0.0025452
383 of 1407374 in 1418.29 - percent 0.00254035
384 of 1407374 in 1422.03 - percent 0.00253956
385 of 1407374 in 1425.76 - percent 0.00253652
386 of 1407374 in 1429.48 - percent 0.00254163
387 of 1407374 in 1433.2 - percent 0.00255909
388 of 1407374 in 1436.92 - percent 0.00255638
389 of 1407374 in 1440.58 - percent 0.00255178
390 of 1407374 in 1444.26 - percent 0.00254706
391 of 1407374 in 1447.85 - percent 0.00254119
392 of 1407374 in 1451.64 - percent 0.0025361
393 of 1407374 in 1455.52 - percent 0.00252988
394 of 1407374 in 1459.27 - percent 0.00252389
395 of 1407374 in 1463.1 - percent 0.00251814
396 of 1407374 in 1466.86 - percent 0.00251322
397 of 1407374 in 1470.75 - percent 0.00250792
398 of 1407374 in 1474.56 - percent 0.0025043
399 of 1407374 in 1478.21 - percent 0.00249853
400 of 1407374 in 1481.85 - percent 0.0024929
401 of 1407374 in 1485.24 - percent 0.00248775
402 of 1407374 in 1488.59 - percent 0.00248212
403 of 1407374 in 1492.24 - percent 0.00247669
404 of 1407374 in 1495.81 - percent 0.00247093
405 of 1407374 in 1499.27 - percent 0.00246533
406 of 1407374 in 1503.07 - percent 0.00245976
407 of 1407374 in 1506.78 - percent 0.00245462
408 of 1407374 in 1510.67 - percent 0.00244993
409 of 1407374 in 1514.54 - percent 0.00244847
410 of 1407374 in 1518.26 - percent 0.00244426
411 of 1407374 in 1522.09 - percent 0.00243947
412 of 1407374 in 1525.62 - percent 0.00243426
413 of 1407374 in 1529.14 - percent 0.0024298
414 of 1407374 in 1532.71 - percent 0.00242544
415 of 1407374 in 1536.08 - percent 0.00242053
416 of 1407374 in 1539.52 - percent 0.00241506
417 of 1407374 in 1543.24 - percent 0.00240968
418 of 1407374 in 1546.86 - percent 0.00240478
419 of 1407374 in 1550.61 - percent 0.00240549
420 of 1407374 in 1554.47 - percent 0.00240311
421 of 1407374 in 1558.29 - percent 0.00239909
422 of 1407374 in 1562.14 - percent 0.0023949
423 of 1407374 in 1565.94 - percent 0.0023898
424 of 1407374 in 1569.76 - percent 0.00238484
425 of 1407374 in 1573.54 - percent 0.00238188
426 of 1407374 in 1577.1 - percent 0.00237762
427 of 1407374 in 1580.8 - percent 0.00237505
428 of 1407374 in 1584.53 - percent 0.00237171
429 of 1407374 in 1588.21 - percent 0.00237473
430 of 1407374 in 1591.88 - percent 0.00238642
431 of 1407374 in 1595.56 - percent 0.00238386
432 of 1407374 in 1599.27 - percent 0.00237917
433 of 1407374 in 1602.96 - percent 0.00237521
434 of 1407374 in 1606.52 - percent 0.00237033
435 of 1407374 in 1610.3 - percent 0.00236631
436 of 1407374 in 1614.13 - percent 0.00236127
437 of 1407374 in 1617.91 - percent 0.00235605
438 of 1407374 in 1621.77 - percent 0.00235147
439 of 1407374 in 1625.58 - percent 0.00234647
440 of 1407374 in 1629.45 - percent 0.00234271
441 of 1407374 in 1633.22 - percent 0.00233999
442 of 1407374 in 1636.84 - percent 0.00233505
443 of 1407374 in 1640.55 - percent 0.00232999
444 of 1407374 in 1643.97 - percent 0.0023249
445 of 1407374 in 1647.35 - percent 0.00232014
446 of 1407374 in 1650.94 - percent 0.00231522
447 of 1407374 in 1654.47 - percent 0.00231071
448 of 1407374 in 1657.99 - percent 0.00230594
449 of 1407374 in 1661.83 - percent 0.00230135
450 of 1407374 in 1665.53 - percent 0.00229695
451 of 1407374 in 1669.4 - percent 0.00229422
452 of 1407374 in 1673.27 - percent 0.00228976
453 of 1407374 in 1676.96 - percent 0.00228508
454 of 1407374 in 1680.74 - percent 0.00228021
455 of 1407374 in 1684.17 - percent 0.00227548
456 of 1407374 in 1687.73 - percent 0.00227067
457 of 1407374 in 1691.39 - percent 0.00226585
458 of 1407374 in 1694.71 - percent 0.00226114
459 of 1407374 in 1698.09 - percent 0.00225656
460 of 1407374 in 1701.71 - percent 0.00225191
461 of 1407374 in 1705.32 - percent 0.00224724
462 of 1407374 in 1709.13 - percent 0.00224342
463 of 1407374 in 1713 - percent 0.00223891
464 of 1407374 in 1716.72 - percent 0.00223441
465 of 1407374 in 1720.54 - percent 0.00222976
466 of 1407374 in 1724.26 - percent 0.0022251
467 of 1407374 in 1728.11 - percent 0.00222043
468 of 1407374 in 1731.89 - percent 0.00221634
469 of 1407374 in 1735.45 - percent 0.0022119
470 of 1407374 in 1739.11 - percent 0.00220764
471 of 1407374 in 1742.74 - percent 0.00220345
472 of 1407374 in 1746.42 - percent 0.00219953
473 of 1407374 in 1750.11 - percent 0.00220266
474 of 1407374 in 1753.79 - percent 0.00220022
475 of 1407374 in 1757.5 - percent 0.00219689
476 of 1407374 in 1761.22 - percent 0.00219385
477 of 1407374 in 1764.82 - percent 0.00218972
478 of 1407374 in 1768.64 - percent 0.00218859
479 of 1407374 in 1772.45 - percent 0.00218434
480 of 1407374 in 1776.26 - percent 0.00217997
481 of 1407374 in 1780.12 - percent 0.00217596
482 of 1407374 in 1783.95 - percent 0.00217189
483 of 1407374 in 1787.79 - percent 0.00216833
484 of 1407374 in 1791.54 - percent 0.00216557
485 of 1407374 in 1795.13 - percent 0.00216133
486 of 1407374 in 1798.89 - percent 0.00215708
