Number of rows/cols is 62
Number of nnz is    342
#d1 vertices: 0
#d2 vertices: 8
min degree: 2
************************************************************************
Algo is 2
Compress matrix 0
Apply Dulmage-Mendehlson 0
Sorting 1
Single run 0
************************************************************************
Perman: [veni] running with 32 rows:
1 of 21 in 2.27205 - percent 0.00440949
2 of 21 in 4.64832 - percent 0.00428399
3 of 21 in 6.9189 - percent 0.00428383
4 of 21 in 9.32547 - percent 0.00519225
5 of 21 in 11.714 - percent 0.00498328
6 of 21 in 14.1052 - percent 0.00486462
7 of 21 in 16.3657 - percent 0.0047135
8 of 21 in 18.7173 - percent 0.00502881
9 of 21 in 21.1127 - percent 0.00494178
10 of 21 in 23.4929 - percent 0.0046572
11 of 21 in 25.8837 - percent 0.00451704
12 of 21 in 28.194 - percent 0.00459634
13 of 21 in 30.5349 - percent 0.00512066
14 of 21 in 32.8501 - percent 0.00522595
15 of 21 in 35.0455 - percent 0.00605187
16 of 21 in 37.2527 - percent 0.00630071
17 of 21 in 39.627 - percent 0.00625731
18 of 21 in 41.8667 - percent 0.00638502
19 of 21 in 44.2523 - percent 0.00637224
20 of 21 in 46.6492 - percent 0.00634425
21 of 21 in 49.0293 - percent 0.00618911
 [vidi] 2 1 /home/kaya/sparyser/matrices/bfwb62.mtx_0 32 34682521691057792 50.1654
Perman: [veni] running with 32 rows:
1 of 21 in 1.86071 - percent 0.00553215
2 of 21 in 3.74576 - percent 0.00553535
3 of 21 in 5.61548 - percent 0.0062848
4 of 21 in 7.50321 - percent 0.00665184
5 of 21 in 9.37647 - percent 0.00611993
6 of 21 in 11.2656 - percent 0.00625045
7 of 21 in 13.1084 - percent 0.00611556
8 of 21 in 14.9824 - percent 0.00643409
9 of 21 in 16.8681 - percent 0.00627472
10 of 21 in 18.7334 - percent 0.005956
11 of 21 in 20.6118 - percent 0.00570519
12 of 21 in 22.4746 - percent 0.00588397
13 of 21 in 24.3627 - percent 0.00651955
14 of 21 in 26.2253 - percent 0.00666864
15 of 21 in 28.088 - percent 0.00777429
16 of 21 in 29.9335 - percent 0.00810556
17 of 21 in 31.8073 - percent 0.00796717
18 of 21 in 33.6815 - percent 0.00823282
19 of 21 in 35.5624 - percent 0.00814816
20 of 21 in 37.4592 - percent 0.0080834
21 of 21 in 39.3392 - percent 0.00792756
 [vidi] 2 1 /home/kaya/sparyser/matrices/bfwb62.mtx_1 32 27583613558883156 40.2341
Perman: [veni] running with 32 rows:
1 of 21 in 1.39021 - percent 0.0322624
2 of 21 in 2.76342 - percent 0.0301389
3 of 21 in 4.163 - percent 0.0317199
4 of 21 in 5.51225 - percent 0.0289418
5 of 21 in 6.86436 - percent 0.0274335
6 of 21 in 8.25012 - percent 0.0279821
7 of 21 in 9.64203 - percent 0.0286157
8 of 21 in 11.0328 - percent 0.0291517
9 of 21 in 12.4306 - percent 0.0297751
10 of 21 in 13.8477 - percent 0.0309196
11 of 21 in 15.2468 - percent 0.0313079
12 of 21 in 16.7134 - percent 0.0333421
13 of 21 in 18.1668 - percent 0.0347862
14 of 21 in 19.6362 - percent 0.0365277
15 of 21 in 21.1327 - percent 0.0386793
16 of 21 in 22.6511 - percent 0.0411448
17 of 21 in 24.0486 - percent 0.0410318
18 of 21 in 25.4277 - percent 0.0406354
19 of 21 in 26.8288 - percent 0.0405724
20 of 21 in 28.1989 - percent 0.0398804
21 of 21 in 29.5568 - percent 0.0390498
 [vidi] 2 1 /home/kaya/sparyser/matrices/bfwb62.mtx_2 32 96092918221111296 30.2174
Perman: [veni] running with 32 rows:
1 of 21 in 1.54264 - percent 0.021304
2 of 21 in 3.07598 - percent 0.0207484
3 of 21 in 4.60106 - percent 0.0192891
4 of 21 in 6.10885 - percent 0.017482
5 of 21 in 7.63112 - percent 0.0172666
6 of 21 in 9.16414 - percent 0.01746
7 of 21 in 10.6938 - percent 0.0174434
8 of 21 in 12.2415 - percent 0.0182228
9 of 21 in 13.7978 - percent 0.0190972
10 of 21 in 15.3335 - percent 0.0192824
11 of 21 in 16.8706 - percent 0.0194201
12 of 21 in 18.454 - percent 0.0206276
13 of 21 in 20.0467 - percent 0.0219063
14 of 21 in 21.6261 - percent 0.0229078
15 of 21 in 23.2247 - percent 0.0242154
16 of 21 in 24.8305 - percent 0.0257156
17 of 21 in 26.3747 - percent 0.02586
18 of 21 in 27.8944 - percent 0.0256063
19 of 21 in 29.4115 - percent 0.0252896
20 of 21 in 30.9283 - percent 0.0247746
21 of 21 in 32.4616 - percent 0.0245165
 [vidi] 2 1 /home/kaya/sparyser/matrices/bfwb62.mtx_3 32 21660928823001088 33.1831
Perman: [veni] running with 32 rows:
1 of 21 in 1.62888 - percent 0.00525112
2 of 21 in 3.28996 - percent 0.00709593
3 of 21 in 4.9134 - percent 0.00691552
4 of 21 in 6.58516 - percent 0.00705952
5 of 21 in 8.24435 - percent 0.00647632
6 of 21 in 9.89161 - percent 0.00600147
7 of 21 in 11.5138 - percent 0.00579712
8 of 21 in 13.1585 - percent 0.0060184
9 of 21 in 14.8159 - percent 0.00602146
10 of 21 in 16.4816 - percent 0.00597514
11 of 21 in 18.1378 - percent 0.00579731
12 of 21 in 19.7872 - percent 0.00621683
13 of 21 in 21.4603 - percent 0.00705978
14 of 21 in 23.13 - percent 0.00740375
15 of 21 in 24.7524 - percent 0.00805625
16 of 21 in 26.3544 - percent 0.0080978
17 of 21 in 27.9899 - percent 0.00786502
18 of 21 in 29.6356 - percent 0.00801838
19 of 21 in 31.2846 - percent 0.00791011
20 of 21 in 32.9613 - percent 0.00801996
21 of 21 in 34.6248 - percent 0.00790019
 [vidi] 2 1 /home/kaya/sparyser/matrices/bfwb62.mtx_4 32 38022713161961480 35.4061
Perman: [veni] running with 32 rows:
1 of 21 in 1.584 - percent 0.00832199
2 of 21 in 3.19188 - percent 0.00741873
3 of 21 in 4.82252 - percent 0.00685266
4 of 21 in 6.47682 - percent 0.00723843
5 of 21 in 8.11495 - percent 0.00696768
6 of 21 in 9.77785 - percent 0.00763084
7 of 21 in 11.4143 - percent 0.00757424
8 of 21 in 12.9978 - percent 0.00766975
9 of 21 in 14.6332 - percent 0.00728226
10 of 21 in 16.2696 - percent 0.00696422
11 of 21 in 17.9065 - percent 0.00676066
12 of 21 in 19.5604 - percent 0.00689246
13 of 21 in 21.1963 - percent 0.00758143
14 of 21 in 22.7958 - percent 0.0084317
15 of 21 in 24.3965 - percent 0.00930321
16 of 21 in 26.0044 - percent 0.00962554
17 of 21 in 27.6493 - percent 0.0093841
18 of 21 in 29.2702 - percent 0.00954484
19 of 21 in 30.9004 - percent 0.00971908
20 of 21 in 32.5566 - percent 0.00964216
21 of 21 in 34.1929 - percent 0.00945129
 [vidi] 2 1 /home/kaya/sparyser/matrices/bfwb62.mtx_5 32 17113475006302012 34.9593
Perman: [veni] running with 32 rows:
1 of 21 in 1.49969 - percent 0.0323149
2 of 21 in 2.99063 - percent 0.0302362
3 of 21 in 4.49836 - percent 0.0311936
4 of 21 in 5.98031 - percent 0.0296749
5 of 21 in 7.45247 - percent 0.0279036
6 of 21 in 8.92724 - percent 0.0269794
7 of 21 in 10.4075 - percent 0.0267233
8 of 21 in 11.951 - percent 0.029055
9 of 21 in 13.5024 - percent 0.0311002
10 of 21 in 15.0031 - percent 0.0312579
11 of 21 in 16.4856 - percent 0.0308952
12 of 21 in 17.9937 - percent 0.0311364
13 of 21 in 19.6341 - percent 0.0346197
14 of 21 in 21.2637 - percent 0.0374693
15 of 21 in 22.9265 - percent 0.0406607
16 of 21 in 24.4783 - percent 0.041132
17 of 21 in 25.9881 - percent 0.0407764
18 of 21 in 27.4838 - percent 0.0403321
19 of 21 in 29.0185 - percent 0.040629
20 of 21 in 30.5132 - percent 0.0401471
21 of 21 in 31.983 - percent 0.0392669
 [vidi] 2 1 /home/kaya/sparyser/matrices/bfwb62.mtx_6 32 21120037821612032 32.6835
Perman: [veni] running with 32 rows:
1 of 21 in 1.57136 - percent 0.0263654
2 of 21 in 3.12512 - percent 0.024553
3 of 21 in 4.68373 - percent 0.0238829
4 of 21 in 6.20328 - percent 0.0209899
5 of 21 in 7.74416 - percent 0.0204563
6 of 21 in 9.29571 - percent 0.0203946
7 of 21 in 10.8656 - percent 0.0211325
8 of 21 in 12.4356 - percent 0.0218866
9 of 21 in 14.001 - percent 0.0222085
10 of 21 in 15.5992 - percent 0.0235828
11 of 21 in 17.1475 - percent 0.0232205
12 of 21 in 18.7696 - percent 0.0247741
13 of 21 in 20.4119 - percent 0.0265255
14 of 21 in 21.978 - percent 0.0266151
15 of 21 in 23.6542 - percent 0.028973
16 of 21 in 25.3163 - percent 0.0308921
17 of 21 in 26.8952 - percent 0.0310984
18 of 21 in 28.4474 - percent 0.0307785
19 of 21 in 29.9919 - percent 0.0303748
20 of 21 in 31.534 - percent 0.0297992
21 of 21 in 33.0881 - percent 0.0294186
 [vidi] 2 1 /home/kaya/sparyser/matrices/bfwb62.mtx_7 32 25505989704810496 33.8226
Perman: [veni] running with 32 rows:
1 of 21 in 2.48615 - percent 0.00281015
2 of 21 in 4.97126 - percent 0.00191628
3 of 21 in 7.43993 - percent 0.00172248
4 of 21 in 9.92724 - percent 0.00183276
5 of 21 in 12.4137 - percent 0.00169704
6 of 21 in 14.8824 - percent 0.00166788
7 of 21 in 17.3701 - percent 0.00205899
8 of 21 in 19.8852 - percent 0.00263871
9 of 21 in 22.3755 - percent 0.0027328
10 of 21 in 24.877 - percent 0.0027589
11 of 21 in 27.3633 - percent 0.00298439
12 of 21 in 29.8653 - percent 0.0030057
13 of 21 in 32.3305 - percent 0.00393709
14 of 21 in 34.7297 - percent 0.00434675
15 of 21 in 37.2149 - percent 0.00540139
16 of 21 in 39.7669 - percent 0.00574983
17 of 21 in 42.2771 - percent 0.00572434
18 of 21 in 44.7081 - percent 0.00579976
19 of 21 in 47.1098 - percent 0.00567909
20 of 21 in 49.4856 - percent 0.00561035
21 of 21 in 51.9839 - percent 0.00545801
 [vidi] 2 1 /home/kaya/sparyser/matrices/bfwb62.mtx_8 32 6496388802903174 53.158
Perman: [veni] running with 32 rows:
1 of 21 in 1.99224 - percent 0.00288143
2 of 21 in 4.03076 - percent 0.00282969
3 of 21 in 6.01888 - percent 0.00278277
4 of 21 in 8.05749 - percent 0.00316434
5 of 21 in 10.098 - percent 0.0029739
6 of 21 in 12.1363 - percent 0.00278676
7 of 21 in 14.0733 - percent 0.00270877
8 of 21 in 16.0798 - percent 0.00291335
9 of 21 in 18.1258 - percent 0.00300037
10 of 21 in 20.1595 - percent 0.00294099
11 of 21 in 22.2084 - percent 0.00296988
12 of 21 in 24.2207 - percent 0.00337858
13 of 21 in 26.2296 - percent 0.00414656
14 of 21 in 28.2391 - percent 0.00432285
15 of 21 in 30.1294 - percent 0.00488373
16 of 21 in 32.058 - percent 0.00509461
17 of 21 in 34.0844 - percent 0.00501652
18 of 21 in 36.0447 - percent 0.00513996
19 of 21 in 38.0956 - percent 0.00510041
20 of 21 in 40.1727 - percent 0.00524065
21 of 21 in 42.2284 - percent 0.00515144
 [vidi] 2 1 /home/kaya/sparyser/matrices/bfwb62.mtx_9 32 7561610885661257 43.2119
Perman: [veni] running with 32 rows:
1 of 21 in 1.7739 - percent 0.0276475
2 of 21 in 3.48387 - percent 0.0217172
3 of 21 in 5.26578 - percent 0.0238854
4 of 21 in 6.96289 - percent 0.0207497
5 of 21 in 8.65918 - percent 0.018908
6 of 21 in 10.4185 - percent 0.019774
7 of 21 in 12.2056 - percent 0.0211239
8 of 21 in 13.9954 - percent 0.0226431
9 of 21 in 15.7689 - percent 0.0231198
10 of 21 in 17.5665 - percent 0.0245156
11 of 21 in 19.3012 - percent 0.0238874
12 of 21 in 21.114 - percent 0.0252498
13 of 21 in 22.9368 - percent 0.026328
14 of 21 in 24.7203 - percent 0.0273059
15 of 21 in 26.5526 - percent 0.0292927
16 of 21 in 28.4045 - percent 0.0319727
17 of 21 in 30.0953 - percent 0.0314602
18 of 21 in 31.7647 - percent 0.0307234
19 of 21 in 33.4763 - percent 0.0304172
20 of 21 in 35.2324 - percent 0.030112
21 of 21 in 36.9693 - percent 0.0295741
 [vidi] 2 1 /home/kaya/sparyser/matrices/bfwb62.mtx_10 32 3179108779524096 37.8158
Perman: [veni] running with 32 rows:
1 of 21 in 1.83919 - percent 0.0377238
2 of 21 in 3.59432 - percent 0.0295275
3 of 21 in 5.43272 - percent 0.0336758
4 of 21 in 7.34733 - percent 0.0404634
5 of 21 in 9.16313 - percent 0.0388449
6 of 21 in 10.9566 - percent 0.0370163
7 of 21 in 12.8001 - percent 0.0370656
8 of 21 in 14.7058 - percent 0.0396336
9 of 21 in 16.4622 - percent 0.0372729
10 of 21 in 18.207 - percent 0.0349821
11 of 21 in 19.9758 - percent 0.0336963
12 of 21 in 21.6924 - percent 0.033122
13 of 21 in 23.4314 - percent 0.0327024
14 of 21 in 25.373 - percent 0.0361871
15 of 21 in 27.388 - percent 0.040343
16 of 21 in 29.2458 - percent 0.0417169
17 of 21 in 31.0451 - percent 0.040849
18 of 21 in 33.0084 - percent 0.0426035
19 of 21 in 34.8647 - percent 0.0425796
20 of 21 in 36.6951 - percent 0.0423196
21 of 21 in 38.4663 - percent 0.0412651
 [vidi] 2 1 /home/kaya/sparyser/matrices/bfwb62.mtx_11 32 6213749834842112 39.3549
Perman: [veni] running with 32 rows:
1 of 21 in 2.62668 - percent 0.00215519
2 of 21 in 5.31604 - percent 0.00176015
3 of 21 in 7.84731 - percent 0.00160576
4 of 21 in 10.4998 - percent 0.00236496
5 of 21 in 13.1319 - percent 0.00246221
6 of 21 in 15.7367 - percent 0.00299584
7 of 21 in 18.3102 - percent 0.00301879
8 of 21 in 20.9348 - percent 0.0035544
9 of 21 in 23.5835 - percent 0.0032864
10 of 21 in 26.1598 - percent 0.00310497
11 of 21 in 28.8437 - percent 0.00296352
12 of 21 in 31.2831 - percent 0.00292017
13 of 21 in 33.7449 - percent 0.00306447
14 of 21 in 36.355 - percent 0.00355253
15 of 21 in 38.8609 - percent 0.00456171
16 of 21 in 41.3386 - percent 0.00517812
17 of 21 in 43.9137 - percent 0.00512759
18 of 21 in 46.6134 - percent 0.00526849
19 of 21 in 49.1727 - percent 0.00527666
20 of 21 in 51.8113 - percent 0.00511511
21 of 21 in 54.4575 - percent 0.00491552
 [vidi] 2 1 /home/kaya/sparyser/matrices/bfwb62.mtx_12 32 7403115990026934 55.7104
Perman: [veni] running with 32 rows:
1 of 21 in 1.85658 - percent 0.0056958
2 of 21 in 3.72421 - percent 0.00438023
3 of 21 in 5.57257 - percent 0.00460608
4 of 21 in 7.42647 - percent 0.00467541
5 of 21 in 9.2865 - percent 0.00503862
6 of 21 in 11.1603 - percent 0.005592
7 of 21 in 13.0212 - percent 0.00584619
8 of 21 in 14.9022 - percent 0.00638199
9 of 21 in 16.774 - percent 0.00629117
10 of 21 in 18.6308 - percent 0.00608977
11 of 21 in 20.502 - percent 0.00591788
12 of 21 in 22.3737 - percent 0.00606566
13 of 21 in 24.2649 - percent 0.00658626
14 of 21 in 26.1384 - percent 0.00670539
15 of 21 in 28.0453 - percent 0.00764326
16 of 21 in 29.9236 - percent 0.00788946
17 of 21 in 31.7711 - percent 0.00775679
18 of 21 in 33.6425 - percent 0.00768945
19 of 21 in 35.4829 - percent 0.0075465
20 of 21 in 37.3407 - percent 0.0073643
21 of 21 in 39.2034 - percent 0.00714715
 [vidi] 2 1 /home/kaya/sparyser/matrices/bfwb62.mtx_13 32 5099868168435153 40.0788
Perman: [veni] running with 32 rows:
1 of 21 in 2.6853 - percent 0.00401111
2 of 21 in 5.40891 - percent 0.00476424
3 of 21 in 8.15084 - percent 0.00425784
4 of 21 in 10.9581 - percent 0.00427554
5 of 21 in 13.7327 - percent 0.0043943
6 of 21 in 16.4605 - percent 0.00399025
7 of 21 in 19.2144 - percent 0.00444014
8 of 21 in 21.9681 - percent 0.00446364
9 of 21 in 24.7846 - percent 0.00439557
10 of 21 in 27.5781 - percent 0.00445378
11 of 21 in 30.3419 - percent 0.00435724
12 of 21 in 33.0892 - percent 0.00494804
13 of 21 in 35.8676 - percent 0.00531567
14 of 21 in 38.5419 - percent 0.00540401
15 of 21 in 41.2191 - percent 0.00622277
16 of 21 in 43.8224 - percent 0.00656446
17 of 21 in 46.5292 - percent 0.00639908
18 of 21 in 49.2937 - percent 0.00648488
19 of 21 in 52.037 - percent 0.00629659
20 of 21 in 54.847 - percent 0.00620096
21 of 21 in 57.6171 - percent 0.00610841
 [vidi] 2 1 /home/kaya/sparyser/matrices/bfwb62.mtx_14 32 12671000304583148 58.9354
Perman: [veni] running with 32 rows:
1 of 21 in 2.06663 - percent 0.00418185
2 of 21 in 4.11889 - percent 0.00384812
3 of 21 in 6.20158 - percent 0.00474283
4 of 21 in 8.32788 - percent 0.00487013
5 of 21 in 10.427 - percent 0.00418581
6 of 21 in 12.4842 - percent 0.00376257
7 of 21 in 14.5521 - percent 0.00382651
8 of 21 in 16.6388 - percent 0.00427317
9 of 21 in 18.7607 - percent 0.00431342
10 of 21 in 20.8753 - percent 0.00420417
11 of 21 in 22.9836 - percent 0.00417692
12 of 21 in 25.0568 - percent 0.0044154
13 of 21 in 27.1677 - percent 0.00509022
14 of 21 in 29.2232 - percent 0.00564719
15 of 21 in 31.2415 - percent 0.00635196
16 of 21 in 33.1979 - percent 0.00629306
17 of 21 in 35.2456 - percent 0.00606177
18 of 21 in 37.3249 - percent 0.00606121
19 of 21 in 39.4155 - percent 0.00604651
20 of 21 in 41.551 - percent 0.00600858
21 of 21 in 43.6687 - percent 0.00588274
 [vidi] 2 1 /home/kaya/sparyser/matrices/bfwb62.mtx_15 32 14748682189804676 44.6677
Perman: [veni] running with 32 rows:
1 of 21 in 1.68687 - percent 0.00653799
2 of 21 in 3.37322 - percent 0.007469
3 of 21 in 5.04783 - percent 0.00623133
4 of 21 in 6.76193 - percent 0.008433
5 of 21 in 8.46003 - percent 0.0086768
6 of 21 in 10.127 - percent 0.00790151
7 of 21 in 11.8444 - percent 0.008708
8 of 21 in 13.5438 - percent 0.00906425
9 of 21 in 15.2187 - percent 0.0086195
10 of 21 in 16.9074 - percent 0.00852295
11 of 21 in 18.5989 - percent 0.00840806
12 of 21 in 20.3276 - percent 0.00912125
13 of 21 in 22.0361 - percent 0.00993708
14 of 21 in 23.7111 - percent 0.0100517
15 of 21 in 25.5384 - percent 0.0125463
16 of 21 in 27.2626 - percent 0.0127546
17 of 21 in 28.9797 - percent 0.0127424
18 of 21 in 30.7846 - percent 0.0142541
19 of 21 in 32.5021 - percent 0.0146577
20 of 21 in 34.1936 - percent 0.0148667
21 of 21 in 35.9313 - percent 0.0149889
 [vidi] 2 1 /home/kaya/sparyser/matrices/bfwb62.mtx_16 32 9126428608495616 36.737
Perman: [veni] running with 32 rows:
1 of 21 in 1.89498 - percent 0.00583813
2 of 21 in 3.83852 - percent 0.00574108
3 of 21 in 5.72571 - percent 0.00564536
4 of 21 in 7.67171 - percent 0.0064204
5 of 21 in 9.61011 - percent 0.00603316
6 of 21 in 11.539 - percent 0.00565208
7 of 21 in 13.4003 - percent 0.00549348
8 of 21 in 15.3189 - percent 0.00591115
9 of 21 in 17.2559 - percent 0.00609045
10 of 21 in 19.1917 - percent 0.00596694
11 of 21 in 21.1292 - percent 0.00602594
12 of 21 in 23.0645 - percent 0.0068551
13 of 21 in 25.021 - percent 0.00841345
14 of 21 in 26.9519 - percent 0.00877172
15 of 21 in 28.8078 - percent 0.00990865
16 of 21 in 30.6758 - percent 0.0103369
17 of 21 in 32.5993 - percent 0.0101784
18 of 21 in 34.4874 - percent 0.0104284
19 of 21 in 36.4292 - percent 0.0103486
20 of 21 in 38.4034 - percent 0.0106333
21 of 21 in 40.3446 - percent 0.010452
 [vidi] 2 1 /home/kaya/sparyser/matrices/bfwb62.mtx_17 32 12547731977115168 41.272
Perman: [veni] running with 32 rows:
1 of 21 in 1.59551 - percent 0.0113323
2 of 21 in 3.20037 - percent 0.012614
3 of 21 in 4.78015 - percent 0.0108298
4 of 21 in 6.37113 - percent 0.010655
5 of 21 in 7.96004 - percent 0.0104436
6 of 21 in 9.54344 - percent 0.0100657
7 of 21 in 11.1287 - percent 0.009888
8 of 21 in 12.7224 - percent 0.0099655
9 of 21 in 14.3073 - percent 0.00984
10 of 21 in 15.9128 - percent 0.0102751
11 of 21 in 17.5068 - percent 0.0103097
12 of 21 in 19.1099 - percent 0.0105977
13 of 21 in 20.7076 - percent 0.0107544
14 of 21 in 22.3145 - percent 0.01099
15 of 21 in 23.9557 - percent 0.0118543
16 of 21 in 25.5913 - percent 0.0125157
17 of 21 in 27.2074 - percent 0.0127716
18 of 21 in 28.8679 - percent 0.0137082
19 of 21 in 30.4778 - percent 0.0137701
20 of 21 in 32.0799 - percent 0.0137743
21 of 21 in 33.676 - percent 0.0136934
 [vidi] 2 1 /home/kaya/sparyser/matrices/bfwb62.mtx_18 32 6097812959789056 34.4344
Perman: [veni] running with 32 rows:
1 of 21 in 1.91506 - percent 0.00747739
2 of 21 in 3.82377 - percent 0.00809619
3 of 21 in 5.72848 - percent 0.00664089
4 of 21 in 7.63771 - percent 0.0064106
5 of 21 in 9.54985 - percent 0.00596008
6 of 21 in 11.446 - percent 0.00555931
7 of 21 in 13.3848 - percent 0.0066544
8 of 21 in 15.3083 - percent 0.0071673
9 of 21 in 17.2029 - percent 0.00683019
10 of 21 in 19.126 - percent 0.00724999
11 of 21 in 21.0223 - percent 0.00708731
12 of 21 in 22.9354 - percent 0.00712427
13 of 21 in 24.8534 - percent 0.00753049
14 of 21 in 26.7635 - percent 0.0075708
15 of 21 in 28.7599 - percent 0.00953307
16 of 21 in 30.6896 - percent 0.00977305
17 of 21 in 32.5872 - percent 0.00952619
18 of 21 in 34.5123 - percent 0.00972968
19 of 21 in 36.4197 - percent 0.00966516
20 of 21 in 38.3392 - percent 0.00980827
21 of 21 in 40.2475 - percent 0.00964273
 [vidi] 2 1 /home/kaya/sparyser/matrices/bfwb62.mtx_19 32 8383772584105344 41.1472
Perman: [veni] running with 32 rows:
1 of 21 in 1.7424 - percent 0.00757119
2 of 21 in 3.47292 - percent 0.00511613
3 of 21 in 5.1908 - percent 0.00526013
4 of 21 in 6.95702 - percent 0.0069216
5 of 21 in 8.71808 - percent 0.00796768
6 of 21 in 10.4655 - percent 0.00840913
7 of 21 in 12.2338 - percent 0.00910843
8 of 21 in 14.0286 - percent 0.0104062
9 of 21 in 15.7627 - percent 0.00960027
10 of 21 in 17.4945 - percent 0.00899067
11 of 21 in 19.2454 - percent 0.00869222
12 of 21 in 20.9511 - percent 0.00849025
13 of 21 in 22.702 - percent 0.00899406
14 of 21 in 24.5049 - percent 0.0102609
15 of 21 in 26.4239 - percent 0.0135454
16 of 21 in 28.2521 - percent 0.0151115
17 of 21 in 30.0088 - percent 0.0148473
18 of 21 in 31.8213 - percent 0.0151857
19 of 21 in 33.61 - percent 0.0153782
20 of 21 in 35.3541 - percent 0.0149038
21 of 21 in 37.0904 - percent 0.0143238
 [vidi] 2 1 /home/kaya/sparyser/matrices/bfwb62.mtx_20 32 11413901031017984 37.9052
Perman: [veni] running with 32 rows:
1 of 21 in 1.65701 - percent 0.0174289
2 of 21 in 3.28166 - percent 0.0126924
3 of 21 in 4.92634 - percent 0.0132123
4 of 21 in 6.57393 - percent 0.0136372
5 of 21 in 8.23802 - percent 0.0147904
6 of 21 in 9.92025 - percent 0.0163185
7 of 21 in 11.5992 - percent 0.0173219
8 of 21 in 13.2976 - percent 0.0186189
9 of 21 in 14.9461 - percent 0.0181436
10 of 21 in 16.5945 - percent 0.0178326
11 of 21 in 18.2331 - percent 0.0172694
12 of 21 in 19.9077 - percent 0.017692
13 of 21 in 21.6291 - percent 0.0190355
14 of 21 in 23.3219 - percent 0.019613
15 of 21 in 25.1335 - percent 0.0224196
16 of 21 in 26.8412 - percent 0.0230109
17 of 21 in 28.4959 - percent 0.0226444
18 of 21 in 30.1682 - percent 0.0225039
19 of 21 in 31.8088 - percent 0.0220092
20 of 21 in 33.4461 - percent 0.0214792
21 of 21 in 35.0744 - percent 0.02088
 [vidi] 2 1 /home/kaya/sparyser/matrices/bfwb62.mtx_21 32 7862820422873088 35.8457
Perman: [veni] running with 32 rows:
1 of 21 in 1.70002 - percent 0.00890399
2 of 21 in 3.4339 - percent 0.0108039
3 of 21 in 5.15001 - percent 0.0122494
4 of 21 in 6.88216 - percent 0.0128215
5 of 21 in 8.58027 - percent 0.0114087
6 of 21 in 10.2989 - percent 0.0114193
7 of 21 in 12.0015 - percent 0.0111756
8 of 21 in 13.7553 - percent 0.0119641
9 of 21 in 15.5048 - percent 0.0125876
10 of 21 in 17.2102 - percent 0.0124003
11 of 21 in 18.9285 - percent 0.0121656
12 of 21 in 20.6367 - percent 0.0127318
13 of 21 in 22.4561 - percent 0.0153091
14 of 21 in 24.2514 - percent 0.0165486
15 of 21 in 26.0374 - percent 0.018142
16 of 21 in 27.7576 - percent 0.0182284
17 of 21 in 29.4641 - percent 0.0175821
18 of 21 in 31.1978 - percent 0.0174766
19 of 21 in 32.9339 - percent 0.0172579
20 of 21 in 34.6963 - percent 0.0173951
21 of 21 in 36.3985 - percent 0.0169954
 [vidi] 2 1 /home/kaya/sparyser/matrices/bfwb62.mtx_22 32 17801586050859008 37.2114
Perman: [veni] running with 32 rows:
1 of 21 in 2.00784 - percent 0.00848455
2 of 21 in 3.99661 - percent 0.0078092
3 of 21 in 6.01784 - percent 0.0096228
4 of 21 in 8.09618 - percent 0.00988155
5 of 21 in 10.1384 - percent 0.00849296
6 of 21 in 12.1284 - percent 0.0076342
7 of 21 in 14.151 - percent 0.00776098
8 of 21 in 16.1838 - percent 0.00867002
9 of 21 in 18.2343 - percent 0.00875266
10 of 21 in 20.2961 - percent 0.00852909
11 of 21 in 22.3421 - percent 0.0084752
12 of 21 in 24.3659 - percent 0.00895975
13 of 21 in 26.4501 - percent 0.0103277
14 of 21 in 28.4847 - percent 0.0114583
15 of 21 in 30.4901 - percent 0.012888
16 of 21 in 32.3921 - percent 0.0127679
17 of 21 in 34.3822 - percent 0.0123004
18 of 21 in 36.3923 - percent 0.0122974
19 of 21 in 38.4209 - percent 0.0122683
20 of 21 in 40.4959 - percent 0.0121918
21 of 21 in 42.5428 - percent 0.011936
 [vidi] 2 1 /home/kaya/sparyser/matrices/bfwb62.mtx_23 32 24473953209318912 43.5016
Perman: [veni] running with 32 rows:
1 of 21 in 1.51513 - percent 0.0180584
2 of 21 in 3.04354 - percent 0.0197874
3 of 21 in 4.55695 - percent 0.0193017
4 of 21 in 6.06028 - percent 0.0184224
5 of 21 in 7.55956 - percent 0.0173848
6 of 21 in 9.05388 - percent 0.0165192
7 of 21 in 10.5763 - percent 0.0171131
8 of 21 in 12.1137 - percent 0.0182304
9 of 21 in 13.6497 - percent 0.0188982
10 of 21 in 15.1951 - percent 0.0197358
11 of 21 in 16.6961 - percent 0.0192768
12 of 21 in 18.2233 - percent 0.0194032
13 of 21 in 19.8491 - percent 0.0216709
14 of 21 in 21.4295 - percent 0.0227447
15 of 21 in 23.1045 - percent 0.0255552
16 of 21 in 24.6516 - percent 0.0257072
17 of 21 in 26.1662 - percent 0.0252847
18 of 21 in 27.7103 - percent 0.0253945
19 of 21 in 29.2393 - percent 0.0253669
20 of 21 in 30.7489 - percent 0.0249943
21 of 21 in 32.261 - percent 0.0245797
 [vidi] 2 1 /home/kaya/sparyser/matrices/bfwb62.mtx_24 32 30917296862996016 32.9705
Perman: [veni] running with 32 rows:
1 of 21 in 1.45347 - percent 0.0136822
2 of 21 in 2.89097 - percent 0.0119309
3 of 21 in 4.3471 - percent 0.0129314
4 of 21 in 5.77715 - percent 0.0119894
5 of 21 in 7.209 - percent 0.0112106
6 of 21 in 8.64939 - percent 0.0109545
7 of 21 in 10.0939 - percent 0.0111652
8 of 21 in 11.5523 - percent 0.0118248
9 of 21 in 13.0164 - percent 0.0123948
10 of 21 in 14.4735 - percent 0.0126626
11 of 21 in 15.9203 - percent 0.0125872
12 of 21 in 17.3696 - percent 0.0126499
13 of 21 in 18.8729 - percent 0.0139368
14 of 21 in 20.3889 - percent 0.0152454
15 of 21 in 21.9142 - percent 0.0165931
16 of 21 in 23.3813 - percent 0.0167164
17 of 21 in 24.8306 - percent 0.0164971
18 of 21 in 26.2797 - percent 0.0163773
19 of 21 in 27.7445 - percent 0.0164955
20 of 21 in 29.1855 - percent 0.0162941
21 of 21 in 30.616 - percent 0.0159291
 [vidi] 2 1 /home/kaya/sparyser/matrices/bfwb62.mtx_25 32 10641603717279522 31.2993
Perman: [veni] running with 32 rows:
1 of 21 in 1.50596 - percent 0.0155008
2 of 21 in 3.04245 - percent 0.0172788
3 of 21 in 4.54627 - percent 0.0165963
4 of 21 in 6.08046 - percent 0.0176698
5 of 21 in 7.58885 - percent 0.016596
6 of 21 in 9.07354 - percent 0.0149243
7 of 21 in 10.5413 - percent 0.0144326
8 of 21 in 12.0529 - percent 0.0150434
9 of 21 in 13.5696 - percent 0.0152251
10 of 21 in 15.0644 - percent 0.0148686
11 of 21 in 16.5613 - percent 0.0144398
12 of 21 in 18.1017 - percent 0.0155392
13 of 21 in 19.6974 - percent 0.0178967
14 of 21 in 21.2275 - percent 0.0184078
15 of 21 in 22.7796 - percent 0.0199541
16 of 21 in 24.2932 - percent 0.0202953
17 of 21 in 25.7985 - percent 0.0197909
18 of 21 in 27.309 - percent 0.0198502
19 of 21 in 28.8399 - percent 0.019751
20 of 21 in 30.4033 - percent 0.0200358
21 of 21 in 31.9268 - percent 0.0197628
 [vidi] 2 1 /home/kaya/sparyser/matrices/bfwb62.mtx_26 32 10512028154200064 32.6486
Perman: [veni] running with 32 rows:
1 of 21 in 1.52786 - percent 0.0109088
2 of 21 in 3.06715 - percent 0.0121929
3 of 21 in 4.58896 - percent 0.01162
4 of 21 in 6.13238 - percent 0.0123956
5 of 21 in 7.65768 - percent 0.0116165
6 of 21 in 9.16933 - percent 0.0104488
7 of 21 in 10.6689 - percent 0.0101083
8 of 21 in 12.2003 - percent 0.0105318
9 of 21 in 13.7349 - percent 0.0106247
10 of 21 in 15.2543 - percent 0.010404
11 of 21 in 16.7792 - percent 0.0101154
12 of 21 in 18.3389 - percent 0.0108785
13 of 21 in 19.9345 - percent 0.0125257
14 of 21 in 21.4826 - percent 0.0128598
15 of 21 in 23.0439 - percent 0.0139646
16 of 21 in 24.5842 - percent 0.0142005
17 of 21 in 26.1059 - percent 0.0138397
18 of 21 in 27.6289 - percent 0.013885
19 of 21 in 29.1652 - percent 0.0138257
20 of 21 in 30.7226 - percent 0.0140259
21 of 21 in 32.2528 - percent 0.0138393
 [vidi] 2 1 /home/kaya/sparyser/matrices/bfwb62.mtx_27 32 9962543165997056 32.9765
Perman: [veni] running with 32 rows:
1 of 21 in 1.52827 - percent 0.01552
2 of 21 in 3.06498 - percent 0.0171956
3 of 21 in 4.58917 - percent 0.0165956
4 of 21 in 6.14405 - percent 0.0176676
5 of 21 in 7.6655 - percent 0.0165963
6 of 21 in 9.16699 - percent 0.0149238
7 of 21 in 10.6855 - percent 0.0144405
8 of 21 in 12.2373 - percent 0.0150438
9 of 21 in 13.7769 - percent 0.015221
10 of 21 in 15.2931 - percent 0.0148687
11 of 21 in 16.8082 - percent 0.0144358
12 of 21 in 18.392 - percent 0.0155416
13 of 21 in 20.0423 - percent 0.0178974
14 of 21 in 21.6185 - percent 0.0184129
15 of 21 in 23.2351 - percent 0.0199525
16 of 21 in 24.8058 - percent 0.0202953
17 of 21 in 26.3317 - percent 0.0197768
18 of 21 in 27.8856 - percent 0.0198545
19 of 21 in 29.4366 - percent 0.0197509
20 of 21 in 31.0134 - percent 0.0200354
21 of 21 in 32.5465 - percent 0.0197633
 [vidi] 2 1 /home/kaya/sparyser/matrices/bfwb62.mtx_28 32 21712746481429888 33.2669
Perman: [veni] running with 32 rows:
1 of 21 in 1.54637 - percent 0.0249433
2 of 21 in 3.10456 - percent 0.027976
3 of 21 in 4.64555 - percent 0.0265291
4 of 21 in 6.21304 - percent 0.0282381
5 of 21 in 7.74195 - percent 0.0265728
6 of 21 in 9.24488 - percent 0.0238957
7 of 21 in 10.7658 - percent 0.0230853
8 of 21 in 12.327 - percent 0.0240566
9 of 21 in 13.8768 - percent 0.024326
10 of 21 in 15.3996 - percent 0.0237713
11 of 21 in 16.9224 - percent 0.023125
12 of 21 in 18.5395 - percent 0.0248622
13 of 21 in 20.2455 - percent 0.0286358
14 of 21 in 21.8426 - percent 0.0294096
15 of 21 in 23.5221 - percent 0.0319462
16 of 21 in 25.1281 - percent 0.0324831
17 of 21 in 26.6598 - percent 0.0316382
18 of 21 in 28.2321 - percent 0.0317337
19 of 21 in 29.7944 - percent 0.0316016
20 of 21 in 31.391 - percent 0.0320595
21 of 21 in 32.9325 - percent 0.0316286
 [vidi] 2 1 /home/kaya/sparyser/matrices/bfwb62.mtx_29 32 7382764328829184 33.6544
Perman: [veni] running with 32 rows:
1 of 21 in 1.52509 - percent 0.0203808
2 of 21 in 3.02888 - percent 0.0176408
3 of 21 in 4.57159 - percent 0.0201888
4 of 21 in 6.07046 - percent 0.0185724
5 of 21 in 7.5644 - percent 0.017235
6 of 21 in 9.07047 - percent 0.0168704
7 of 21 in 10.5919 - percent 0.0172718
8 of 21 in 12.1311 - percent 0.0182394
9 of 21 in 13.6717 - percent 0.018996
10 of 21 in 15.2101 - percent 0.0195515
11 of 21 in 16.7261 - percent 0.0194225
12 of 21 in 18.2492 - percent 0.0194526
13 of 21 in 19.8546 - percent 0.0213102
14 of 21 in 21.493 - percent 0.0235699
15 of 21 in 23.1309 - percent 0.025488
16 of 21 in 24.6889 - percent 0.0256959
17 of 21 in 26.2007 - percent 0.0251348
18 of 21 in 27.7889 - percent 0.0258028
19 of 21 in 29.3048 - percent 0.0253637
20 of 21 in 30.8298 - percent 0.025117
21 of 21 in 32.3329 - percent 0.0246069
 [vidi] 2 1 /home/kaya/sparyser/matrices/bfwb62.mtx_30 32 9922451282038138 33.0421
Perman: [veni] running with 32 rows:
1 of 21 in 1.4511 - percent 0.00500053
2 of 21 in 2.91347 - percent 0.00436242
3 of 21 in 4.38253 - percent 0.00472488
4 of 21 in 5.82673 - percent 0.00438073
5 of 21 in 7.28581 - percent 0.00409579
6 of 21 in 8.74916 - percent 0.00400305
7 of 21 in 10.2077 - percent 0.00406427
8 of 21 in 11.6685 - percent 0.00432202
9 of 21 in 13.1394 - percent 0.00449941
10 of 21 in 14.6084 - percent 0.00461563
11 of 21 in 16.055 - percent 0.00459136
12 of 21 in 17.5222 - percent 0.00462163
13 of 21 in 18.9924 - percent 0.00507397
14 of 21 in 20.4689 - percent 0.00556884
15 of 21 in 21.9273 - percent 0.00605724
16 of 21 in 23.3898 - percent 0.00611933
17 of 21 in 24.8537 - percent 0.00601934
18 of 21 in 26.2829 - percent 0.00600746
19 of 21 in 27.7342 - percent 0.00602866
20 of 21 in 29.1839 - percent 0.00596316
21 of 21 in 30.6418 - percent 0.00581655
 [vidi] 2 1 /home/kaya/sparyser/matrices/bfwb62.mtx_31 32 5620553004202946 31.3382
Perman: [veni] running with 32 rows:
1 of 21 in 1.55187 - percent 0.00698255
2 of 21 in 3.11397 - percent 0.0077376
3 of 21 in 4.65976 - percent 0.0074682
4 of 21 in 6.22945 - percent 0.00795042
5 of 21 in 7.78818 - percent 0.00746824
6 of 21 in 9.33407 - percent 0.00671577
7 of 21 in 10.8866 - percent 0.0064982
8 of 21 in 12.4518 - percent 0.00676971
9 of 21 in 14.0121 - percent 0.00684937
10 of 21 in 15.5707 - percent 0.00669089
11 of 21 in 17.1234 - percent 0.0064961
12 of 21 in 18.7052 - percent 0.00699411
13 of 21 in 20.3108 - percent 0.00805382
14 of 21 in 21.8843 - percent 0.00828564
15 of 21 in 23.4547 - percent 0.00897869
16 of 21 in 25.0137 - percent 0.00913288
17 of 21 in 26.5725 - percent 0.00889951
18 of 21 in 28.14 - percent 0.00893348
19 of 21 in 29.7052 - percent 0.00888795
20 of 21 in 31.2844 - percent 0.00901602
21 of 21 in 32.8506 - percent 0.00889352
 [vidi] 2 1 /home/kaya/sparyser/matrices/bfwb62.mtx_32 32 8992033738754020 33.5874
Perman: [veni] running with 32 rows:
1 of 21 in 1.48218 - percent 0.00701531
2 of 21 in 2.9731 - percent 0.00786871
3 of 21 in 4.45691 - percent 0.00746124
4 of 21 in 5.95354 - percent 0.00794196
5 of 21 in 7.43304 - percent 0.00747374
6 of 21 in 8.90477 - percent 0.0067209
7 of 21 in 10.383 - percent 0.00649272
8 of 21 in 11.8779 - percent 0.00676593
9 of 21 in 13.3663 - percent 0.00684163
10 of 21 in 14.8454 - percent 0.00668566
11 of 21 in 16.3224 - percent 0.00650395
12 of 21 in 17.8222 - percent 0.00699261
13 of 21 in 19.3559 - percent 0.00805375
14 of 21 in 20.8563 - percent 0.00827135
15 of 21 in 22.3814 - percent 0.00898488
16 of 21 in 23.8755 - percent 0.00913587
17 of 21 in 25.3507 - percent 0.00889826
18 of 21 in 26.8443 - percent 0.00892509
19 of 21 in 28.3366 - percent 0.00888795
20 of 21 in 29.839 - percent 0.00901673
21 of 21 in 31.3193 - percent 0.00889566
 [vidi] 2 1 /home/kaya/sparyser/matrices/bfwb62.mtx_33 32 3416036645957267 32.0187
Perman: [veni] running with 32 rows:
1 of 21 in 1.49574 - percent 0.0326093
2 of 21 in 2.96632 - percent 0.0282253
3 of 21 in 4.49448 - percent 0.0323021
4 of 21 in 5.9578 - percent 0.0297158
5 of 21 in 7.41848 - percent 0.0275761
6 of 21 in 8.89692 - percent 0.0269926
7 of 21 in 10.3964 - percent 0.0276348
8 of 21 in 11.9188 - percent 0.029183
9 of 21 in 13.4476 - percent 0.0303936
10 of 21 in 14.9668 - percent 0.0312824
11 of 21 in 16.4527 - percent 0.0310761
12 of 21 in 17.9584 - percent 0.0311242
13 of 21 in 19.58 - percent 0.0340962
14 of 21 in 21.2369 - percent 0.0377119
15 of 21 in 22.8908 - percent 0.0407808
16 of 21 in 24.4311 - percent 0.0411134
17 of 21 in 25.9066 - percent 0.0402156
18 of 21 in 27.4848 - percent 0.0412845
19 of 21 in 28.9548 - percent 0.0405819
20 of 21 in 30.455 - percent 0.0401873
21 of 21 in 31.9297 - percent 0.039371
 [vidi] 2 1 /home/kaya/sparyser/matrices/bfwb62.mtx_34 32 2841356617646080 32.6223
Perman: [veni] running with 32 rows:
1 of 21 in 1.49815 - percent 0.0334169
2 of 21 in 2.98281 - percent 0.0294723
3 of 21 in 4.49682 - percent 0.0310972
4 of 21 in 5.97343 - percent 0.0296314
5 of 21 in 7.44345 - percent 0.027767
6 of 21 in 8.92096 - percent 0.0269279
7 of 21 in 10.4247 - percent 0.0276458
8 of 21 in 11.9514 - percent 0.0291392
9 of 21 in 13.4926 - percent 0.030683
10 of 21 in 15.0084 - percent 0.0311118
11 of 21 in 16.4977 - percent 0.0310533
12 of 21 in 18.0065 - percent 0.0311012
13 of 21 in 19.6404 - percent 0.0343306
14 of 21 in 21.2888 - percent 0.0374057
15 of 21 in 22.9656 - percent 0.0410168
16 of 21 in 24.5051 - percent 0.0411368
17 of 21 in 26.0124 - percent 0.0406049
18 of 21 in 27.5099 - percent 0.0403258
19 of 21 in 29.0547 - percent 0.0406566
20 of 21 in 30.5516 - percent 0.040107
21 of 21 in 32.0325 - percent 0.0392855
 [vidi] 2 1 /home/kaya/sparyser/matrices/bfwb62.mtx_35 32 2275855087697920 32.7344
Perman: [veni] running with 32 rows:
1 of 21 in 1.53834 - percent 0.0165426
2 of 21 in 3.10935 - percent 0.0197824
3 of 21 in 4.66278 - percent 0.0190006
4 of 21 in 6.21631 - percent 0.018122
5 of 21 in 7.7421 - percent 0.0171558
6 of 21 in 9.27653 - percent 0.0165328
7 of 21 in 10.8291 - percent 0.0167756
8 of 21 in 12.407 - percent 0.018208
9 of 21 in 13.9897 - percent 0.0194936
10 of 21 in 15.5657 - percent 0.0198987
11 of 21 in 17.0925 - percent 0.0191555
12 of 21 in 18.6814 - percent 0.0197409
13 of 21 in 20.3418 - percent 0.0220128
14 of 21 in 21.9216 - percent 0.0223219
15 of 21 in 23.6132 - percent 0.025122
16 of 21 in 25.2197 - percent 0.02577
17 of 21 in 26.7531 - percent 0.0252406
18 of 21 in 28.3237 - percent 0.0254661
19 of 21 in 29.888 - percent 0.0252324
20 of 21 in 31.4715 - percent 0.0250938
21 of 21 in 33.0001 - percent 0.0245771
 [vidi] 2 1 /home/kaya/sparyser/matrices/bfwb62.mtx_36 32 17280684985360384 33.7241
Perman: [veni] running with 32 rows:
1 of 21 in 1.5685 - percent 0.0210508
2 of 21 in 3.11958 - percent 0.0183554
3 of 21 in 4.69826 - percent 0.0198949
4 of 21 in 6.23864 - percent 0.0184452
5 of 21 in 7.78046 - percent 0.017247
6 of 21 in 9.33289 - percent 0.0168533
7 of 21 in 10.8923 - percent 0.0171055
8 of 21 in 12.477 - percent 0.018198
9 of 21 in 14.0615 - percent 0.0189611
10 of 21 in 15.6408 - percent 0.0194413
11 of 21 in 17.1988 - percent 0.0193322
12 of 21 in 18.7687 - percent 0.0194598
13 of 21 in 20.4176 - percent 0.0213613
14 of 21 in 22.0912 - percent 0.0234478
15 of 21 in 23.7739 - percent 0.0255023
16 of 21 in 25.3774 - percent 0.0257643
17 of 21 in 26.9447 - percent 0.0253448
18 of 21 in 28.5207 - percent 0.0252965
19 of 21 in 30.1116 - percent 0.0253838
20 of 21 in 31.6739 - percent 0.0251108
21 of 21 in 33.2121 - percent 0.02449
 [vidi] 2 1 /home/kaya/sparyser/matrices/bfwb62.mtx_37 32 6718430687268096 33.9514
Perman: [veni] running with 32 rows:
1 of 21 in 1.56022 - percent 0.01533
2 of 21 in 3.12048 - percent 0.0136661
3 of 21 in 4.68142 - percent 0.0126233
4 of 21 in 6.26992 - percent 0.0133339
5 of 21 in 7.84038 - percent 0.0128351
6 of 21 in 9.45159 - percent 0.0140568
7 of 21 in 11.0321 - percent 0.0139529
8 of 21 in 12.5929 - percent 0.0141288
9 of 21 in 14.1546 - percent 0.0134153
10 of 21 in 15.7183 - percent 0.0128286
11 of 21 in 17.2841 - percent 0.0124538
12 of 21 in 18.8813 - percent 0.0126961
13 of 21 in 20.5033 - percent 0.0139658
14 of 21 in 22.1188 - percent 0.0155318
15 of 21 in 23.7479 - percent 0.0171374
16 of 21 in 25.3507 - percent 0.0177321
17 of 21 in 26.925 - percent 0.0172863
18 of 21 in 28.5237 - percent 0.017577
19 of 21 in 30.1272 - percent 0.0179036
20 of 21 in 31.7226 - percent 0.0177619
21 of 21 in 33.2961 - percent 0.0174103
 [vidi] 2 1 /home/kaya/sparyser/matrices/bfwb62.mtx_38 32 8893660293918803 34.0309
Perman: [veni] running with 32 rows:
1 of 21 in 1.57217 - percent 0.00545607
2 of 21 in 3.16849 - percent 0.00612079
3 of 21 in 4.73772 - percent 0.00580309
4 of 21 in 6.33843 - percent 0.00617708
5 of 21 in 7.92907 - percent 0.00581246
6 of 21 in 9.5097 - percent 0.00522788
7 of 21 in 11.0628 - percent 0.00504984
8 of 21 in 12.6524 - percent 0.00526239
9 of 21 in 14.2492 - percent 0.00532124
10 of 21 in 15.8369 - percent 0.00519993
11 of 21 in 17.4273 - percent 0.00505866
12 of 21 in 19.0219 - percent 0.0054388
13 of 21 in 20.6345 - percent 0.00626412
14 of 21 in 22.2245 - percent 0.00643323
15 of 21 in 23.7875 - percent 0.00698824
16 of 21 in 25.3463 - percent 0.00710577
17 of 21 in 26.9261 - percent 0.00692084
18 of 21 in 28.4885 - percent 0.00694159
19 of 21 in 30.0815 - percent 0.00691285
20 of 21 in 31.6899 - percent 0.00701303
21 of 21 in 33.281 - percent 0.00691879
 [vidi] 2 1 /home/kaya/sparyser/matrices/bfwb62.mtx_39 32 3105897464871249 34.0345
Perman: [veni] running with 32 rows:
1 of 21 in 1.56969 - percent 0.0309184
2 of 21 in 3.1211 - percent 0.0281357
3 of 21 in 4.6766 - percent 0.0275823
4 of 21 in 6.21549 - percent 0.0261347
5 of 21 in 7.77788 - percent 0.0266767
6 of 21 in 9.36757 - percent 0.0283682
7 of 21 in 10.9494 - percent 0.0292575
8 of 21 in 12.5353 - percent 0.0300413
9 of 21 in 14.118 - percent 0.0305525
10 of 21 in 15.6939 - percent 0.0307441
11 of 21 in 17.2764 - percent 0.0310723
12 of 21 in 18.9395 - percent 0.0333421
13 of 21 in 20.6573 - percent 0.0367687
14 of 21 in 22.3181 - percent 0.0384389
15 of 21 in 23.9876 - percent 0.0400382
16 of 21 in 25.6508 - percent 0.0411818
17 of 21 in 27.2104 - percent 0.0403851
18 of 21 in 28.7648 - percent 0.0396471
19 of 21 in 30.3647 - percent 0.039743
20 of 21 in 31.9593 - percent 0.0398165
21 of 21 in 33.5179 - percent 0.0392222
 [vidi] 2 1 /home/kaya/sparyser/matrices/bfwb62.mtx_40 32 15078874262011904 34.2553
Perman: [veni] running with 32 rows:
1 of 21 in 1.56961 - percent 0.0308121
2 of 21 in 3.13869 - percent 0.0303878
3 of 21 in 4.72793 - percent 0.0321233
4 of 21 in 6.26552 - percent 0.0296666
5 of 21 in 7.79475 - percent 0.0274346
6 of 21 in 9.34438 - percent 0.0269299
7 of 21 in 10.8959 - percent 0.0267835
8 of 21 in 12.5149 - percent 0.0291782
9 of 21 in 14.1293 - percent 0.0307423
10 of 21 in 15.7136 - percent 0.0312191
11 of 21 in 17.2692 - percent 0.0308728
12 of 21 in 18.8496 - percent 0.0310494
13 of 21 in 20.5514 - percent 0.0339432
14 of 21 in 22.2958 - percent 0.0375547
15 of 21 in 24.0339 - percent 0.0406357
16 of 21 in 25.6605 - percent 0.0411323
17 of 21 in 27.2412 - percent 0.0407871
18 of 21 in 28.8059 - percent 0.0403315
19 of 21 in 30.4068 - percent 0.0405046
20 of 21 in 31.9882 - percent 0.040213
21 of 21 in 33.5241 - percent 0.0392789
 [vidi] 2 1 /home/kaya/sparyser/matrices/bfwb62.mtx_41 32 17153263203778560 34.2557
Perman: [veni] running with 32 rows:
1 of 21 in 1.31769 - percent 0.00759627
2 of 21 in 2.64964 - percent 0.00849118
3 of 21 in 3.96177 - percent 0.0080925
4 of 21 in 5.29662 - percent 0.00863265
5 of 21 in 6.62213 - percent 0.00809003
6 of 21 in 7.93763 - percent 0.0072768
7 of 21 in 9.23858 - percent 0.00703972
8 of 21 in 10.564 - percent 0.00733467
9 of 21 in 11.8909 - percent 0.00739934
10 of 21 in 13.2115 - percent 0.00724557
11 of 21 in 14.5342 - percent 0.00704468
12 of 21 in 15.8773 - percent 0.00757611
13 of 21 in 17.2452 - percent 0.00872343
14 of 21 in 18.5792 - percent 0.00895604
15 of 21 in 19.9162 - percent 0.00972545
16 of 21 in 21.2394 - percent 0.00988967
17 of 21 in 22.5582 - percent 0.00963839
18 of 21 in 23.8759 - percent 0.00966986
19 of 21 in 25.2055 - percent 0.00962859
20 of 21 in 26.5499 - percent 0.00976805
21 of 21 in 27.8772 - percent 0.00963814
 [vidi] 2 1 /home/kaya/sparyser/matrices/bfwb62.mtx_42 32 5549964425453119 28.5053
Perman: [veni] running with 32 rows:
1 of 21 in 1.56553 - percent 0.0116206
2 of 21 in 3.17123 - percent 0.0128668
3 of 21 in 4.73585 - percent 0.0124464
4 of 21 in 6.35246 - percent 0.0132555
5 of 21 in 7.94396 - percent 0.0124477
6 of 21 in 9.52119 - percent 0.011193
7 of 21 in 11.0652 - percent 0.0108278
8 of 21 in 12.6667 - percent 0.011283
9 of 21 in 14.2746 - percent 0.011414
10 of 21 in 15.8674 - percent 0.0111515
11 of 21 in 17.4579 - percent 0.0108273
12 of 21 in 19.0736 - percent 0.011652
13 of 21 in 20.7289 - percent 0.013423
14 of 21 in 22.338 - percent 0.0138106
15 of 21 in 23.9143 - percent 0.0149666
16 of 21 in 25.4762 - percent 0.0152215
17 of 21 in 27.0569 - percent 0.0148345
18 of 21 in 28.6227 - percent 0.0148807
19 of 21 in 30.2279 - percent 0.0148132
20 of 21 in 31.8628 - percent 0.0150273
21 of 21 in 33.4603 - percent 0.0148236
 [vidi] 2 1 /home/kaya/sparyser/matrices/bfwb62.mtx_43 32 7656107338848689 34.2159
Perman: [veni] running with 32 rows:
1 of 21 in 1.67771 - percent 0.00852047
2 of 21 in 3.35964 - percent 0.00943558
3 of 21 in 5.02963 - percent 0.00912765
4 of 21 in 6.71952 - percent 0.0097207
5 of 21 in 8.39495 - percent 0.00912829
6 of 21 in 10.0623 - percent 0.00820818
7 of 21 in 11.7354 - percent 0.00794002
8 of 21 in 13.4272 - percent 0.0082742
9 of 21 in 15.1097 - percent 0.00837055
10 of 21 in 16.7837 - percent 0.00817791
11 of 21 in 18.4587 - percent 0.00794002
12 of 21 in 20.1728 - percent 0.0085448
13 of 21 in 21.918 - percent 0.00984361
14 of 21 in 23.6249 - percent 0.010127
15 of 21 in 25.3299 - percent 0.0109755
16 of 21 in 27.0243 - percent 0.0111624
17 of 21 in 28.7009 - percent 0.0108786
18 of 21 in 30.3862 - percent 0.0109109
19 of 21 in 32.0738 - percent 0.010863
20 of 21 in 33.7756 - percent 0.0110202
21 of 21 in 35.456 - percent 0.0108706
 [vidi] 2 1 /home/kaya/sparyser/matrices/bfwb62.mtx_44 32 29948581261031548 36.2516
Perman: [veni] running with 32 rows:
1 of 21 in 1.48532 - percent 0.00951455
2 of 21 in 2.97949 - percent 0.0114125
3 of 21 in 4.45949 - percent 0.0106728
4 of 21 in 5.96098 - percent 0.0118701
5 of 21 in 7.44417 - percent 0.0113148
6 of 21 in 8.91376 - percent 0.0102951
7 of 21 in 10.3934 - percent 0.0100751
8 of 21 in 11.8953 - percent 0.0107052
9 of 21 in 13.3953 - percent 0.0111227
10 of 21 in 14.8819 - percent 0.0110892
11 of 21 in 16.363 - percent 0.010841
12 of 21 in 17.8747 - percent 0.0113223
13 of 21 in 19.4187 - percent 0.0124934
14 of 21 in 20.9208 - percent 0.0126557
15 of 21 in 22.4459 - percent 0.0132582
16 of 21 in 23.9467 - percent 0.0132927
17 of 21 in 25.4311 - percent 0.0130559
18 of 21 in 26.9317 - percent 0.0131528
19 of 21 in 28.4311 - percent 0.0132193
20 of 21 in 29.9596 - percent 0.0136807
21 of 21 in 31.4545 - percent 0.0136317
 [vidi] 2 1 /home/kaya/sparyser/matrices/bfwb62.mtx_45 32 30159345740837436 32.1604
Perman: [veni] running with 32 rows:
1 of 21 in 1.26396 - percent 0.0303296
2 of 21 in 2.53188 - percent 0.029545
3 of 21 in 3.77112 - percent 0.0271878
4 of 21 in 5.01906 - percent 0.0260931
5 of 21 in 6.28561 - percent 0.0270652
6 of 21 in 7.55845 - percent 0.0280226
7 of 21 in 8.86388 - percent 0.0299963
8 of 21 in 10.1337 - percent 0.0300571
9 of 21 in 11.3948 - percent 0.0298458
10 of 21 in 12.7086 - percent 0.0312311
11 of 21 in 13.9727 - percent 0.0311133
12 of 21 in 15.3322 - percent 0.0331797
13 of 21 in 16.7884 - percent 0.0369694
14 of 21 in 18.1135 - percent 0.0374873
15 of 21 in 19.5794 - percent 0.0406832
16 of 21 in 20.9136 - percent 0.0411848
17 of 21 in 22.1517 - percent 0.0399971
18 of 21 in 23.482 - percent 0.0402189
19 of 21 in 24.7597 - percent 0.0396891
20 of 21 in 26.0834 - percent 0.039816
21 of 21 in 27.3516 - percent 0.0392377
 [vidi] 2 1 /home/kaya/sparyser/matrices/bfwb62.mtx_46 32 7787067765424128 27.9447
Perman: [veni] running with 32 rows:
1 of 21 in 1.42576 - percent 0.0308121
2 of 21 in 2.84947 - percent 0.030388
3 of 21 in 4.29262 - percent 0.0321233
4 of 21 in 5.69444 - percent 0.0296666
5 of 21 in 7.07687 - percent 0.0274345
6 of 21 in 8.47943 - percent 0.0269299
7 of 21 in 9.88766 - percent 0.0267835
8 of 21 in 11.3674 - percent 0.0291782
9 of 21 in 12.8333 - percent 0.0307423
10 of 21 in 14.2748 - percent 0.0312192
11 of 21 in 15.6892 - percent 0.0308728
12 of 21 in 17.1243 - percent 0.0310494
13 of 21 in 18.6818 - percent 0.0339432
14 of 21 in 20.291 - percent 0.0375547
15 of 21 in 21.8992 - percent 0.0406357
16 of 21 in 23.3888 - percent 0.0411323
17 of 21 in 24.8339 - percent 0.0407871
18 of 21 in 26.2717 - percent 0.0403315
19 of 21 in 27.7491 - percent 0.0405046
20 of 21 in 29.1934 - percent 0.040213
21 of 21 in 30.5853 - percent 0.0392789
 [vidi] 2 1 /home/kaya/sparyser/matrices/bfwb62.mtx_47 32 17181909159247872 31.2489
Perman: [veni] running with 32 rows:
1 of 21 in 1.66058 - percent 0.0124069
2 of 21 in 3.35694 - percent 0.0148368
3 of 21 in 5.03836 - percent 0.0142504
4 of 21 in 6.72268 - percent 0.0135915
5 of 21 in 8.37409 - percent 0.0128669
6 of 21 in 10.0414 - percent 0.0123996
7 of 21 in 11.7262 - percent 0.0125817
8 of 21 in 13.4188 - percent 0.013656
9 of 21 in 15.1059 - percent 0.0146202
10 of 21 in 16.8126 - percent 0.014924
11 of 21 in 18.4739 - percent 0.0143666
12 of 21 in 20.187 - percent 0.0148057
13 of 21 in 21.941 - percent 0.0165096
14 of 21 in 23.6427 - percent 0.0167414
15 of 21 in 25.4031 - percent 0.0188415
16 of 21 in 27.11 - percent 0.0193275
17 of 21 in 28.7598 - percent 0.0189304
18 of 21 in 30.4235 - percent 0.0190996
19 of 21 in 32.1105 - percent 0.0189243
20 of 21 in 33.8197 - percent 0.0188204
21 of 21 in 35.4736 - percent 0.0184328
 [vidi] 2 1 /home/kaya/sparyser/matrices/bfwb62.mtx_48 32 12985294620545024 36.258
Perman: [veni] running with 32 rows:
1 of 21 in 1.7378 - percent 0.0157881
2 of 21 in 3.47838 - percent 0.0137665
3 of 21 in 5.24693 - percent 0.0149211
