Number of rows/cols is 62
Number of nnz is    342
#d1 vertices: 0
#d2 vertices: 8
min degree: 2
************************************************************************
Algo is 2
Compress matrix 0
Apply Dulmage-Mendehlson 0
Sorting 3
Single run 0
************************************************************************
Perman: [veni] running with 32 rows:
1 of 21 in 1.64053 - percent 0.00905249
2 of 21 in 3.26426 - percent 0.00711499
3 of 21 in 4.88236 - percent 0.00625416
4 of 21 in 6.49722 - percent 0.00589912
5 of 21 in 8.11043 - percent 0.0054944
6 of 21 in 9.72099 - percent 0.00527225
7 of 21 in 11.3596 - percent 0.00580064
8 of 21 in 13.0146 - percent 0.00660287
9 of 21 in 14.6178 - percent 0.00621555
10 of 21 in 16.2273 - percent 0.00606165
11 of 21 in 17.8372 - percent 0.00590391
12 of 21 in 19.4501 - percent 0.00572112
13 of 21 in 21.0839 - percent 0.00588054
14 of 21 in 22.7186 - percent 0.00610471
15 of 21 in 24.3794 - percent 0.00663147
16 of 21 in 25.9986 - percent 0.00661384
17 of 21 in 27.5973 - percent 0.00644306
18 of 21 in 29.2177 - percent 0.00648764
19 of 21 in 30.8138 - percent 0.006229
20 of 21 in 32.4257 - percent 0.00611072
21 of 21 in 34.0367 - percent 0.00600426
 [vidi] 2 3 /home/kaya/sparyser/matrices/bfwb62.mtx_0 32 34682521691033992 34.8216
Perman: [veni] running with 32 rows:
1 of 21 in 1.51044 - percent 0.0115872
2 of 21 in 3.00307 - percent 0.00910719
3 of 21 in 4.49221 - percent 0.00800533
4 of 21 in 5.98484 - percent 0.00755088
5 of 21 in 7.47085 - percent 0.00703283
6 of 21 in 8.95918 - percent 0.00674848
7 of 21 in 10.4666 - percent 0.00742482
8 of 21 in 11.9901 - percent 0.00845168
9 of 21 in 13.4685 - percent 0.00795591
10 of 21 in 14.9547 - percent 0.00775891
11 of 21 in 16.437 - percent 0.007557
12 of 21 in 17.9188 - percent 0.00732304
13 of 21 in 19.4203 - percent 0.00752709
14 of 21 in 20.9264 - percent 0.00781403
15 of 21 in 22.4587 - percent 0.00848828
16 of 21 in 23.9539 - percent 0.00846572
17 of 21 in 25.4347 - percent 0.00824711
18 of 21 in 26.9355 - percent 0.00830418
19 of 21 in 28.4094 - percent 0.00797312
20 of 21 in 29.8918 - percent 0.00782173
21 of 21 in 31.3727 - percent 0.00768545
 [vidi] 2 3 /home/kaya/sparyser/matrices/bfwb62.mtx_1 32 27583613558875496 32.0936
Perman: [veni] running with 32 rows:
1 of 21 in 1.4075 - percent 0.0569267
2 of 21 in 2.71875 - percent 0.0424666
3 of 21 in 4.02733 - percent 0.0373257
4 of 21 in 5.35807 - percent 0.0364486
5 of 21 in 6.66082 - percent 0.0341606
6 of 21 in 7.97432 - percent 0.0332006
7 of 21 in 9.38074 - percent 0.0365228
8 of 21 in 10.8274 - percent 0.0405357
9 of 21 in 12.116 - percent 0.0383394
10 of 21 in 13.4361 - percent 0.037547
11 of 21 in 14.7545 - percent 0.0368503
12 of 21 in 16.0632 - percent 0.0360331
13 of 21 in 17.4518 - percent 0.0371986
14 of 21 in 18.8456 - percent 0.0382998
15 of 21 in 20.3635 - percent 0.0417492
16 of 21 in 21.7079 - percent 0.0414821
17 of 21 in 23.0119 - percent 0.0405362
18 of 21 in 24.4017 - percent 0.0411479
19 of 21 in 25.6613 - percent 0.0396219
20 of 21 in 26.9722 - percent 0.0390196
21 of 21 in 28.2755 - percent 0.0383712
 [vidi] 2 3 /home/kaya/sparyser/matrices/bfwb62.mtx_2 32 18356285053069164544 28.9535
Perman: [veni] running with 32 rows:
1 of 21 in 1.64746 - percent 0.0355792
2 of 21 in 3.23534 - percent 0.0265416
3 of 21 in 4.82216 - percent 0.0233285
4 of 21 in 6.42211 - percent 0.0227804
5 of 21 in 8.00428 - percent 0.0213504
6 of 21 in 9.59351 - percent 0.0207504
7 of 21 in 11.2395 - percent 0.0228267
8 of 21 in 12.9102 - percent 0.0253348
9 of 21 in 14.4842 - percent 0.0239621
10 of 21 in 16.0775 - percent 0.0234669
11 of 21 in 17.6699 - percent 0.0230314
12 of 21 in 19.257 - percent 0.0225207
13 of 21 in 20.8929 - percent 0.0232491
14 of 21 in 22.5313 - percent 0.0239374
15 of 21 in 24.2457 - percent 0.0260932
16 of 21 in 25.8536 - percent 0.0259263
17 of 21 in 27.4372 - percent 0.0253352
18 of 21 in 29.0732 - percent 0.0257174
19 of 21 in 30.6295 - percent 0.0247637
20 of 21 in 32.2173 - percent 0.0243873
21 of 21 in 33.8005 - percent 0.023982
 [vidi] 2 3 /home/kaya/sparyser/matrices/bfwb62.mtx_3 32 20787366834733056 34.5888
Perman: [veni] running with 32 rows:
1 of 21 in 1.56327 - percent 0.0115872
2 of 21 in 3.10356 - percent 0.00910719
3 of 21 in 4.64037 - percent 0.00800533
4 of 21 in 6.17586 - percent 0.00755088
5 of 21 in 7.70881 - percent 0.00703283
6 of 21 in 9.23735 - percent 0.00674848
7 of 21 in 10.7976 - percent 0.00742482
8 of 21 in 12.3756 - percent 0.00845168
9 of 21 in 13.9063 - percent 0.00795591
10 of 21 in 15.4346 - percent 0.00775891
11 of 21 in 16.9616 - percent 0.007557
12 of 21 in 18.4831 - percent 0.00732304
13 of 21 in 20.0316 - percent 0.00752709
14 of 21 in 21.5864 - percent 0.00781403
15 of 21 in 23.169 - percent 0.00848828
16 of 21 in 24.7106 - percent 0.00846572
17 of 21 in 26.2323 - percent 0.00824711
18 of 21 in 27.7757 - percent 0.00830418
19 of 21 in 29.2858 - percent 0.00797312
20 of 21 in 30.8113 - percent 0.00782173
21 of 21 in 32.3369 - percent 0.00768545
 [vidi] 2 3 /home/kaya/sparyser/matrices/bfwb62.mtx_4 32 38022713161972240 33.082
Perman: [veni] running with 32 rows:
1 of 21 in 1.43317 - percent 0.0137598
2 of 21 in 2.83682 - percent 0.0108148
3 of 21 in 4.23624 - percent 0.00950633
4 of 21 in 5.63518 - percent 0.00896667
5 of 21 in 7.02747 - percent 0.00835149
6 of 21 in 8.42229 - percent 0.00801382
7 of 21 in 9.85257 - percent 0.00881698
8 of 21 in 11.3054 - percent 0.0100364
9 of 21 in 12.6973 - percent 0.00944764
10 of 21 in 14.098 - percent 0.00921371
11 of 21 in 15.4976 - percent 0.00897394
12 of 21 in 16.8903 - percent 0.00869611
13 of 21 in 18.3157 - percent 0.00893842
14 of 21 in 19.7502 - percent 0.00927917
15 of 21 in 21.215 - percent 0.0100798
16 of 21 in 22.6232 - percent 0.010053
17 of 21 in 24.0157 - percent 0.00979345
18 of 21 in 25.4378 - percent 0.00986121
19 of 21 in 26.816 - percent 0.00946808
20 of 21 in 28.2087 - percent 0.0092883
21 of 21 in 29.6015 - percent 0.00912648
 [vidi] 2 3 /home/kaya/sparyser/matrices/bfwb62.mtx_5 32 17113475006296426 30.286
Perman: [veni] running with 32 rows:
1 of 21 in 1.7396 - percent 0.0569267
2 of 21 in 3.38283 - percent 0.0424666
3 of 21 in 5.02259 - percent 0.0373257
4 of 21 in 6.68518 - percent 0.0364486
5 of 21 in 8.31822 - percent 0.0341606
6 of 21 in 9.96312 - percent 0.0332006
7 of 21 in 11.7005 - percent 0.0365228
8 of 21 in 13.4785 - percent 0.0405357
9 of 21 in 15.098 - percent 0.0383394
10 of 21 in 16.7492 - percent 0.037547
11 of 21 in 18.3987 - percent 0.0368503
12 of 21 in 20.0384 - percent 0.0360331
13 of 21 in 21.7589 - percent 0.0371986
14 of 21 in 23.484 - percent 0.0382998
15 of 21 in 25.3335 - percent 0.0417492
16 of 21 in 27.0088 - percent 0.0414821
17 of 21 in 28.6436 - percent 0.0405362
18 of 21 in 30.3653 - percent 0.0411479
19 of 21 in 31.956 - percent 0.0396219
20 of 21 in 33.5979 - percent 0.0390196
21 of 21 in 35.2326 - percent 0.0383712
 [vidi] 2 3 /home/kaya/sparyser/matrices/bfwb62.mtx_6 32 22035862288072704 36.068
Perman: [veni] running with 32 rows:
1 of 21 in 1.55495 - percent 0.042695
2 of 21 in 3.03473 - percent 0.0318499
3 of 21 in 4.51275 - percent 0.0279942
4 of 21 in 6.00571 - percent 0.0273365
5 of 21 in 7.48059 - percent 0.0256205
6 of 21 in 8.96423 - percent 0.0249005
7 of 21 in 10.5159 - percent 0.0273921
8 of 21 in 12.1012 - percent 0.0304018
9 of 21 in 13.5629 - percent 0.0287546
10 of 21 in 15.0483 - percent 0.0281603
11 of 21 in 16.5342 - percent 0.0276377
12 of 21 in 18.0097 - percent 0.0270248
13 of 21 in 19.5518 - percent 0.0278989
14 of 21 in 21.0968 - percent 0.0287248
15 of 21 in 22.7362 - percent 0.0313119
16 of 21 in 24.2396 - percent 0.0311116
17 of 21 in 25.7124 - percent 0.0304022
18 of 21 in 27.2512 - percent 0.0308609
19 of 21 in 28.6865 - percent 0.0297164
20 of 21 in 30.1628 - percent 0.0292647
21 of 21 in 31.6371 - percent 0.0287784
 [vidi] 2 3 /home/kaya/sparyser/matrices/bfwb62.mtx_7 32 22295347032227840 32.3823
Perman: [veni] running with 32 rows:
1 of 21 in 2.1817 - percent 0.00849023
2 of 21 in 4.32084 - percent 0.00602855
3 of 21 in 6.46098 - percent 0.00536208
4 of 21 in 8.61073 - percent 0.00521928
5 of 21 in 10.7513 - percent 0.00481766
6 of 21 in 12.8886 - percent 0.00457464
7 of 21 in 15.0685 - percent 0.00514835
8 of 21 in 17.255 - percent 0.00571716
9 of 21 in 19.3875 - percent 0.00537808
10 of 21 in 21.5322 - percent 0.00522302
11 of 21 in 23.6746 - percent 0.00513635
12 of 21 in 25.8173 - percent 0.00498204
13 of 21 in 27.9829 - percent 0.00509826
14 of 21 in 30.1468 - percent 0.00520596
15 of 21 in 32.3577 - percent 0.00572842
16 of 21 in 34.5129 - percent 0.00573795
17 of 21 in 36.6512 - percent 0.00557839
18 of 21 in 38.8159 - percent 0.00564804
19 of 21 in 40.9404 - percent 0.00543736
20 of 21 in 43.0831 - percent 0.00535118
21 of 21 in 45.2215 - percent 0.00524811
 [vidi] 2 3 /home/kaya/sparyser/matrices/bfwb62.mtx_8 32 6496388802901656 46.2604
Perman: [veni] running with 32 rows:
1 of 21 in 2.46307 - percent 0.00813647
2 of 21 in 4.89937 - percent 0.00577737
3 of 21 in 7.33428 - percent 0.00513866
4 of 21 in 9.77345 - percent 0.00500181
5 of 21 in 12.2076 - percent 0.00461693
6 of 21 in 14.646 - percent 0.00438403
7 of 21 in 17.1081 - percent 0.00493383
8 of 21 in 19.5834 - percent 0.00547894
9 of 21 in 22.0119 - percent 0.00515399
10 of 21 in 24.4469 - percent 0.0050054
11 of 21 in 26.8882 - percent 0.00492233
12 of 21 in 29.3224 - percent 0.00477445
13 of 21 in 31.7782 - percent 0.00488584
14 of 21 in 34.2293 - percent 0.00498904
15 of 21 in 36.7207 - percent 0.00548973
16 of 21 in 39.1701 - percent 0.00549887
17 of 21 in 41.6046 - percent 0.00534596
18 of 21 in 44.0585 - percent 0.0054127
19 of 21 in 46.4842 - percent 0.00521081
20 of 21 in 48.9233 - percent 0.00512822
21 of 21 in 51.3607 - percent 0.00502944
 [vidi] 2 3 /home/kaya/sparyser/matrices/bfwb62.mtx_9 32 7561610885663742 52.5363
Perman: [veni] running with 32 rows:
1 of 21 in 1.65337 - percent 0.0419378
2 of 21 in 3.21701 - percent 0.0321174
3 of 21 in 4.77073 - percent 0.0279922
4 of 21 in 6.3496 - percent 0.0273029
5 of 21 in 7.90366 - percent 0.0258431
6 of 21 in 9.46788 - percent 0.0252193
7 of 21 in 11.1137 - percent 0.0275458
8 of 21 in 12.8072 - percent 0.0307736
9 of 21 in 14.3434 - percent 0.0291956
10 of 21 in 15.9189 - percent 0.0286665
11 of 21 in 17.4864 - percent 0.0280719
12 of 21 in 19.0402 - percent 0.0273836
13 of 21 in 20.6812 - percent 0.0283907
14 of 21 in 22.3265 - percent 0.0293612
15 of 21 in 24.0811 - percent 0.031881
16 of 21 in 25.6627 - percent 0.0316181
17 of 21 in 27.2135 - percent 0.0309234
18 of 21 in 28.8416 - percent 0.031331
19 of 21 in 30.347 - percent 0.0301599
20 of 21 in 31.9024 - percent 0.0296816
21 of 21 in 33.4527 - percent 0.0292114
 [vidi] 2 3 /home/kaya/sparyser/matrices/bfwb62.mtx_10 32 3179108981800960 34.2412
Perman: [veni] running with 32 rows:
1 of 21 in 1.77176 - percent 0.0585798
2 of 21 in 3.44251 - percent 0.0448624
3 of 21 in 5.10302 - percent 0.0391002
4 of 21 in 6.78989 - percent 0.0381374
5 of 21 in 8.44829 - percent 0.0360983
6 of 21 in 10.1205 - percent 0.035227
7 of 21 in 11.8894 - percent 0.0384766
8 of 21 in 13.7157 - percent 0.0429854
9 of 21 in 15.3588 - percent 0.0407812
10 of 21 in 17.0388 - percent 0.0400421
11 of 21 in 18.7101 - percent 0.0392115
12 of 21 in 20.3637 - percent 0.0382501
13 of 21 in 22.12 - percent 0.0396569
14 of 21 in 23.8865 - percent 0.0410125
15 of 21 in 25.7822 - percent 0.0445322
16 of 21 in 27.4797 - percent 0.044165
17 of 21 in 29.1385 - percent 0.0431945
18 of 21 in 30.8908 - percent 0.043764
19 of 21 in 32.494 - percent 0.0421281
20 of 21 in 34.1566 - percent 0.04146
21 of 21 in 35.811 - percent 0.0408032
 [vidi] 2 3 /home/kaya/sparyser/matrices/bfwb62.mtx_11 32 6213749637382144 36.6624
Perman: [veni] running with 32 rows:
1 of 21 in 2.27234 - percent 0.00754669
2 of 21 in 4.554 - percent 0.00862479
3 of 21 in 6.81154 - percent 0.00718733
4 of 21 in 9.05466 - percent 0.00566002
5 of 21 in 11.2927 - percent 0.00452802
6 of 21 in 13.5503 - percent 0.00449208
7 of 21 in 15.8027 - percent 0.0043124
8 of 21 in 18.0651 - percent 0.00444716
9 of 21 in 20.3075 - percent 0.00407282
10 of 21 in 22.5454 - percent 0.00366554
11 of 21 in 24.8028 - percent 0.00372434
12 of 21 in 27.0552 - percent 0.00368351
13 of 21 in 29.332 - percent 0.00406361
14 of 21 in 31.5896 - percent 0.00408138
15 of 21 in 33.8862 - percent 0.00467177
16 of 21 in 36.1779 - percent 0.00512097
17 of 21 in 38.4238 - percent 0.00492067
18 of 21 in 40.7078 - percent 0.00521082
19 of 21 in 42.9658 - percent 0.00516353
20 of 21 in 45.2182 - percent 0.00506707
21 of 21 in 47.4662 - percent 0.00492846
 [vidi] 2 3 /home/kaya/sparyser/matrices/bfwb62.mtx_12 32 7403115990019804 48.529
Perman: [veni] running with 32 rows:
1 of 21 in 2.85303 - percent 0.0173921
2 of 21 in 5.6489 - percent 0.0110677
3 of 21 in 8.42252 - percent 0.00737846
4 of 21 in 11.1958 - percent 0.00553385
5 of 21 in 13.9914 - percent 0.00537574
6 of 21 in 16.7937 - percent 0.00553385
7 of 21 in 19.5893 - percent 0.00542091
8 of 21 in 22.4206 - percent 0.0063244
9 of 21 in 25.1942 - percent 0.00562169
10 of 21 in 27.9678 - percent 0.00505952
11 of 21 in 30.7631 - percent 0.00503077
12 of 21 in 33.5802 - percent 0.00540209
13 of 21 in 36.4476 - percent 0.00656765
14 of 21 in 39.2502 - percent 0.00655027
15 of 21 in 42.139 - percent 0.00780009
16 of 21 in 44.9774 - percent 0.00820196
17 of 21 in 47.7618 - percent 0.007868
18 of 21 in 50.5818 - percent 0.00799334
19 of 21 in 53.3703 - percent 0.00773907
20 of 21 in 56.1656 - percent 0.00758928
21 of 21 in 58.9391 - percent 0.00722789
 [vidi] 2 3 /home/kaya/sparyser/matrices/bfwb62.mtx_13 32 5099868168433527 60.2561
Perman: [veni] running with 32 rows:
1 of 21 in 2.15008 - percent 0.00488447
2 of 21 in 4.29837 - percent 0.00444167
3 of 21 in 6.48386 - percent 0.00607152
4 of 21 in 8.62711 - percent 0.00564696
5 of 21 in 10.7346 - percent 0.00451757
6 of 21 in 12.8851 - percent 0.00457872
7 of 21 in 15.0224 - percent 0.00449588
8 of 21 in 17.2326 - percent 0.00553608
9 of 21 in 19.3813 - percent 0.00545733
10 of 21 in 21.4926 - percent 0.0049549
11 of 21 in 23.6417 - percent 0.00494849
12 of 21 in 25.7946 - percent 0.00497928
13 of 21 in 27.9695 - percent 0.00521402
14 of 21 in 30.1317 - percent 0.00526659
15 of 21 in 32.3437 - percent 0.00579542
16 of 21 in 34.5258 - percent 0.005994
17 of 21 in 36.6602 - percent 0.00582556
18 of 21 in 38.8175 - percent 0.005856
19 of 21 in 40.9975 - percent 0.0060026
20 of 21 in 43.1845 - percent 0.00619661
21 of 21 in 45.3068 - percent 0.00599486
 [vidi] 2 3 /home/kaya/sparyser/matrices/bfwb62.mtx_14 32 12671000304581776 46.3388
Perman: [veni] running with 32 rows:
1 of 21 in 2.43716 - percent 0.00468095
2 of 21 in 4.87179 - percent 0.00425661
3 of 21 in 7.33515 - percent 0.00581854
4 of 21 in 9.77128 - percent 0.00541167
5 of 21 in 12.1839 - percent 0.00432933
6 of 21 in 14.6191 - percent 0.00438794
7 of 21 in 17.0473 - percent 0.00430856
8 of 21 in 19.5314 - percent 0.00530541
9 of 21 in 21.9657 - percent 0.00522994
10 of 21 in 24.3809 - percent 0.00474844
11 of 21 in 26.8195 - percent 0.00474231
12 of 21 in 29.2609 - percent 0.00477181
13 of 21 in 31.7155 - percent 0.00499677
14 of 21 in 34.1578 - percent 0.00504715
15 of 21 in 36.6409 - percent 0.00555395
16 of 21 in 39.1002 - percent 0.00574425
17 of 21 in 41.5321 - percent 0.00558283
18 of 21 in 43.981 - percent 0.005612
19 of 21 in 46.4384 - percent 0.00575249
20 of 21 in 48.8981 - percent 0.00593842
21 of 21 in 51.3137 - percent 0.00574507
 [vidi] 2 3 /home/kaya/sparyser/matrices/bfwb62.mtx_15 32 14748682189811888 52.4773
Perman: [veni] running with 32 rows:
1 of 21 in 1.66993 - percent 0.023584
2 of 21 in 3.29178 - percent 0.016746
3 of 21 in 4.91795 - percent 0.0148947
4 of 21 in 6.55079 - percent 0.014498
5 of 21 in 8.16831 - percent 0.0133824
6 of 21 in 9.78747 - percent 0.0127073
7 of 21 in 11.4581 - percent 0.014301
8 of 21 in 13.1392 - percent 0.015881
9 of 21 in 14.7514 - percent 0.0149391
10 of 21 in 16.3764 - percent 0.0145084
11 of 21 in 18.005 - percent 0.0142676
12 of 21 in 19.6237 - percent 0.013839
13 of 21 in 21.275 - percent 0.0141618
14 of 21 in 22.926 - percent 0.014461
15 of 21 in 24.6402 - percent 0.0159123
16 of 21 in 26.2841 - percent 0.0159387
17 of 21 in 27.8998 - percent 0.0154955
18 of 21 in 29.5529 - percent 0.015689
19 of 21 in 31.1537 - percent 0.0151038
20 of 21 in 32.7758 - percent 0.0148644
21 of 21 in 34.3925 - percent 0.0145781
 [vidi] 2 3 /home/kaya/sparyser/matrices/bfwb62.mtx_16 32 9126423386128384 35.1921
Perman: [veni] running with 32 rows:
1 of 21 in 1.7349 - percent 0.0165088
2 of 21 in 3.4352 - percent 0.0117222
3 of 21 in 5.13889 - percent 0.0104263
4 of 21 in 6.84777 - percent 0.0101486
5 of 21 in 8.54767 - percent 0.00936768
6 of 21 in 10.2481 - percent 0.00889513
7 of 21 in 11.9861 - percent 0.0100107
8 of 21 in 13.7316 - percent 0.0111167
9 of 21 in 15.4272 - percent 0.0104574
10 of 21 in 17.1321 - percent 0.0101559
11 of 21 in 18.842 - percent 0.00998734
12 of 21 in 20.5428 - percent 0.0096873
13 of 21 in 22.2654 - percent 0.00991329
14 of 21 in 23.9891 - percent 0.0101227
15 of 21 in 25.7596 - percent 0.0111386
16 of 21 in 27.478 - percent 0.0111571
17 of 21 in 29.1751 - percent 0.0108469
18 of 21 in 30.8991 - percent 0.0109823
19 of 21 in 32.5866 - percent 0.0105727
20 of 21 in 34.2893 - percent 0.0104051
21 of 21 in 35.9881 - percent 0.0102047
 [vidi] 2 3 /home/kaya/sparyser/matrices/bfwb62.mtx_17 32 12547731986317312 36.8176
Perman: [veni] running with 32 rows:
1 of 21 in 1.67435 - percent 0.02486
2 of 21 in 3.29203 - percent 0.017032
3 of 21 in 4.91717 - percent 0.0152107
4 of 21 in 6.53656 - percent 0.013894
5 of 21 in 8.14804 - percent 0.0125768
6 of 21 in 9.77113 - percent 0.0123127
7 of 21 in 11.4246 - percent 0.0133794
8 of 21 in 13.1002 - percent 0.0149385
9 of 21 in 14.7149 - percent 0.014128
10 of 21 in 16.3403 - percent 0.0137808
11 of 21 in 17.9629 - percent 0.013432
12 of 21 in 19.5736 - percent 0.0128587
13 of 21 in 21.223 - percent 0.0132772
14 of 21 in 22.8658 - percent 0.0134767
15 of 21 in 24.5621 - percent 0.0146989
16 of 21 in 26.1994 - percent 0.0146708
17 of 21 in 27.8224 - percent 0.0143929
18 of 21 in 29.4575 - percent 0.0143689
19 of 21 in 31.0554 - percent 0.0137461
20 of 21 in 32.6687 - percent 0.013466
21 of 21 in 34.284 - percent 0.0132225
 [vidi] 2 3 /home/kaya/sparyser/matrices/bfwb62.mtx_18 32 6097725997187072 35.09
Perman: [veni] running with 32 rows:
1 of 21 in 1.75152 - percent 0.017402
2 of 21 in 3.45778 - percent 0.0119224
3 of 21 in 5.17022 - percent 0.0106475
4 of 21 in 6.87557 - percent 0.0097258
5 of 21 in 8.56999 - percent 0.00880376
6 of 21 in 10.276 - percent 0.00861887
7 of 21 in 12.0095 - percent 0.0093656
8 of 21 in 13.7633 - percent 0.0104569
9 of 21 in 15.4599 - percent 0.0098896
10 of 21 in 17.1642 - percent 0.00964656
11 of 21 in 18.8694 - percent 0.0094024
12 of 21 in 20.5668 - percent 0.00900107
13 of 21 in 22.2995 - percent 0.00929406
14 of 21 in 24.0274 - percent 0.0094337
15 of 21 in 25.7988 - percent 0.0102893
16 of 21 in 27.5184 - percent 0.0102695
17 of 21 in 29.2255 - percent 0.0100751
18 of 21 in 30.9451 - percent 0.0100582
19 of 21 in 32.6316 - percent 0.00962227
20 of 21 in 34.334 - percent 0.0094262
21 of 21 in 36.0346 - percent 0.00925573
 [vidi] 2 3 /home/kaya/sparyser/matrices/bfwb62.mtx_19 32 8383772528967680 36.8765
Perman: [veni] running with 32 rows:
1 of 21 in 2.28056 - percent 0.0172496
2 of 21 in 4.63527 - percent 0.0255538
3 of 21 in 6.91841 - percent 0.0229995
4 of 21 in 9.16006 - percent 0.0194058
5 of 21 in 11.3631 - percent 0.0155246
6 of 21 in 13.605 - percent 0.0143747
7 of 21 in 15.8465 - percent 0.0135533
8 of 21 in 18.0882 - percent 0.0129372
9 of 21 in 20.3297 - percent 0.012458
10 of 21 in 22.5327 - percent 0.0112122
11 of 21 in 24.7742 - percent 0.010977
12 of 21 in 27.0161 - percent 0.010781
13 of 21 in 29.2965 - percent 0.0112786
14 of 21 in 31.6327 - percent 0.012597
15 of 21 in 34.0119 - percent 0.0143747
16 of 21 in 36.3698 - percent 0.0156325
17 of 21 in 38.5951 - percent 0.0150041
18 of 21 in 40.8738 - percent 0.0151112
19 of 21 in 43.124 - percent 0.0148649
20 of 21 in 45.3754 - percent 0.0146622
21 of 21 in 47.6047 - percent 0.0142413
 [vidi] 2 3 /home/kaya/sparyser/matrices/bfwb62.mtx_20 32 11413896235581440 48.6636
Perman: [veni] running with 32 rows:
1 of 21 in 2.84692 - percent 0.0237165
2 of 21 in 5.63526 - percent 0.0173921
3 of 21 in 8.51157 - percent 0.0216084
4 of 21 in 11.3148 - percent 0.0197637
5 of 21 in 14.1327 - percent 0.0192894
6 of 21 in 16.9581 - percent 0.0192367
7 of 21 in 19.8272 - percent 0.0205543
8 of 21 in 22.6489 - percent 0.0202504
9 of 21 in 25.4791 - percent 0.0202287
10 of 21 in 28.3602 - percent 0.0213448
11 of 21 in 31.1475 - percent 0.0204106
12 of 21 in 33.9859 - percent 0.0205543
13 of 21 in 36.8526 - percent 0.0211475
14 of 21 in 39.6412 - percent 0.0204414
15 of 21 in 42.503 - percent 0.0208968
16 of 21 in 45.3249 - percent 0.0207519
17 of 21 in 48.1751 - percent 0.0209818
18 of 21 in 50.9732 - percent 0.0205543
19 of 21 in 53.8261 - percent 0.0208039
20 of 21 in 56.6433 - percent 0.0206334
21 of 21 in 59.4479 - percent 0.0203582
 [vidi] 2 3 /home/kaya/sparyser/matrices/bfwb62.mtx_21 32 7862823405223936 60.817
Perman: [veni] running with 32 rows:
1 of 21 in 1.65054 - percent 0.013568
2 of 21 in 3.29071 - percent 0.012338
3 of 21 in 4.98136 - percent 0.0168653
4 of 21 in 6.62403 - percent 0.015686
5 of 21 in 8.22536 - percent 0.0125488
6 of 21 in 9.87427 - percent 0.0127187
7 of 21 in 11.5142 - percent 0.0124886
8 of 21 in 13.2402 - percent 0.015378
9 of 21 in 14.8856 - percent 0.0151592
10 of 21 in 16.4902 - percent 0.0137636
11 of 21 in 18.1345 - percent 0.0137458
12 of 21 in 19.7854 - percent 0.0138313
13 of 21 in 21.4606 - percent 0.0144834
14 of 21 in 23.1176 - percent 0.0146294
15 of 21 in 24.8451 - percent 0.0160984
16 of 21 in 26.5339 - percent 0.01665
17 of 21 in 28.1641 - percent 0.0161821
18 of 21 in 29.8226 - percent 0.0162667
19 of 21 in 31.5056 - percent 0.0166739
20 of 21 in 33.202 - percent 0.0172128
21 of 21 in 34.8206 - percent 0.0166524
 [vidi] 2 3 /home/kaya/sparyser/matrices/bfwb62.mtx_22 32 17801114191659008 35.6158
Perman: [veni] running with 32 rows:
1 of 21 in 1.71545 - percent 0.00949759
2 of 21 in 3.42314 - percent 0.00863659
3 of 21 in 5.17103 - percent 0.0118057
4 of 21 in 6.88269 - percent 0.0109802
5 of 21 in 8.56631 - percent 0.00878416
6 of 21 in 10.284 - percent 0.00890306
7 of 21 in 11.9947 - percent 0.008742
8 of 21 in 13.7678 - percent 0.0107646
9 of 21 in 15.4841 - percent 0.0106115
10 of 21 in 17.1691 - percent 0.00963452
11 of 21 in 18.8871 - percent 0.00962207
12 of 21 in 20.606 - percent 0.00968193
13 of 21 in 22.3438 - percent 0.0101384
14 of 21 in 24.0671 - percent 0.0102406
15 of 21 in 25.8421 - percent 0.0112689
16 of 21 in 27.5867 - percent 0.011655
17 of 21 in 29.2903 - percent 0.0113275
18 of 21 in 31.015 - percent 0.0113867
19 of 21 in 32.7567 - percent 0.0116717
20 of 21 in 34.5075 - percent 0.012049
21 of 21 in 36.2013 - percent 0.0116567
 [vidi] 2 3 /home/kaya/sparyser/matrices/bfwb62.mtx_23 32 24473953177698304 37.0261
Perman: [veni] running with 32 rows:
1 of 21 in 1.56202 - percent 0.0355792
2 of 21 in 3.05572 - percent 0.0265416
3 of 21 in 4.54587 - percent 0.0233285
4 of 21 in 6.05446 - percent 0.0227804
5 of 21 in 7.54063 - percent 0.0213504
6 of 21 in 9.03617 - percent 0.0207504
7 of 21 in 10.5976 - percent 0.0228267
8 of 21 in 12.1872 - percent 0.0253348
9 of 21 in 13.6635 - percent 0.0239621
10 of 21 in 15.1635 - percent 0.0234669
11 of 21 in 16.6607 - percent 0.0230314
12 of 21 in 18.1522 - percent 0.0225207
13 of 21 in 19.7003 - percent 0.0232491
14 of 21 in 21.252 - percent 0.0239374
15 of 21 in 22.8927 - percent 0.0260932
16 of 21 in 24.4099 - percent 0.0259263
17 of 21 in 25.8975 - percent 0.0253352
18 of 21 in 27.4461 - percent 0.0257174
19 of 21 in 28.9016 - percent 0.0247637
20 of 21 in 30.3945 - percent 0.0243873
21 of 21 in 31.8823 - percent 0.023982
 [vidi] 2 3 /home/kaya/sparyser/matrices/bfwb62.mtx_24 32 30917296862980376 32.6308
Perman: [veni] running with 32 rows:
1 of 21 in 1.53167 - percent 0.0258783
2 of 21 in 3.01136 - percent 0.0193372
3 of 21 in 4.48804 - percent 0.0169381
4 of 21 in 5.9728 - percent 0.0157386
5 of 21 in 7.4468 - percent 0.0144306
6 of 21 in 8.96612 - percent 0.015678
7 of 21 in 10.4468 - percent 0.0149805
8 of 21 in 11.9418 - percent 0.0149933
9 of 21 in 13.4235 - percent 0.0145721
10 of 21 in 14.8932 - percent 0.0138966
11 of 21 in 16.3852 - percent 0.0139645
12 of 21 in 17.8661 - percent 0.0137163
13 of 21 in 19.3768 - percent 0.0142607
14 of 21 in 20.8921 - percent 0.0147689
15 of 21 in 22.4602 - percent 0.0162229
16 of 21 in 23.952 - percent 0.0161605
17 of 21 in 25.4172 - percent 0.0156264
18 of 21 in 26.9379 - percent 0.0160172
19 of 21 in 28.4338 - percent 0.0160031
20 of 21 in 29.9331 - percent 0.016041
21 of 21 in 31.3916 - percent 0.0155122
 [vidi] 2 3 /home/kaya/sparyser/matrices/bfwb62.mtx_25 32 10641603717292452 32.1239
Perman: [veni] running with 32 rows:
1 of 21 in 1.48197 - percent 0.028968
2 of 21 in 2.91923 - percent 0.022768
3 of 21 in 4.3513 - percent 0.0200133
4 of 21 in 5.78642 - percent 0.0188772
5 of 21 in 7.21118 - percent 0.0175821
6 of 21 in 8.63899 - percent 0.0168712
7 of 21 in 10.1229 - percent 0.0185621
8 of 21 in 11.6449 - percent 0.0211292
9 of 21 in 13.0645 - percent 0.0198898
10 of 21 in 14.4999 - percent 0.0193973
11 of 21 in 15.9324 - percent 0.0188925
12 of 21 in 17.3577 - percent 0.0183076
13 of 21 in 18.829 - percent 0.0188177
14 of 21 in 20.313 - percent 0.0195351
15 of 21 in 21.8514 - percent 0.0212207
16 of 21 in 23.3063 - percent 0.0211643
17 of 21 in 24.7293 - percent 0.0206178
18 of 21 in 26.1925 - percent 0.0207604
19 of 21 in 27.5918 - percent 0.0199328
20 of 21 in 29.0171 - percent 0.0195543
21 of 21 in 30.4421 - percent 0.0192136
 [vidi] 2 3 /home/kaya/sparyser/matrices/bfwb62.mtx_26 32 10516321913536512 31.1563
Perman: [veni] running with 32 rows:
1 of 21 in 1.60746 - percent 0.0202776
2 of 21 in 3.18606 - percent 0.0159376
3 of 21 in 4.76196 - percent 0.0140093
4 of 21 in 6.34182 - percent 0.013214
5 of 21 in 7.91205 - percent 0.0123075
6 of 21 in 9.48277 - percent 0.0118098
7 of 21 in 11.0902 - percent 0.0129934
8 of 21 in 12.7208 - percent 0.0147904
9 of 21 in 14.2857 - percent 0.0139228
10 of 21 in 15.8614 - percent 0.0135781
11 of 21 in 17.4346 - percent 0.0132248
12 of 21 in 19.0026 - percent 0.0128153
13 of 21 in 20.6009 - percent 0.0131724
14 of 21 in 22.2083 - percent 0.0136746
15 of 21 in 23.8518 - percent 0.0148545
16 of 21 in 25.438 - percent 0.014815
17 of 21 in 27.0058 - percent 0.0144325
18 of 21 in 28.6021 - percent 0.0145323
19 of 21 in 30.155 - percent 0.013953
20 of 21 in 31.7263 - percent 0.013688
21 of 21 in 33.2963 - percent 0.0134495
 [vidi] 2 3 /home/kaya/sparyser/matrices/bfwb62.mtx_27 32 9963497345515520 34.0663
Perman: [veni] running with 32 rows:
1 of 21 in 1.60631 - percent 0.028968
2 of 21 in 3.16665 - percent 0.022768
3 of 21 in 4.71963 - percent 0.0200133
4 of 21 in 6.27687 - percent 0.0188772
5 of 21 in 7.82167 - percent 0.0175821
6 of 21 in 9.37128 - percent 0.0168712
7 of 21 in 10.9772 - percent 0.0185621
8 of 21 in 12.6208 - percent 0.0211292
9 of 21 in 14.1569 - percent 0.0198898
10 of 21 in 15.7117 - percent 0.0193973
11 of 21 in 17.2636 - percent 0.0188925
12 of 21 in 18.8088 - percent 0.0183076
13 of 21 in 20.4006 - percent 0.0188177
14 of 21 in 22.0068 - percent 0.0195351
15 of 21 in 23.6713 - percent 0.0212207
16 of 21 in 25.2456 - percent 0.0211643
17 of 21 in 26.7903 - percent 0.0206178
18 of 21 in 28.3768 - percent 0.0207604
19 of 21 in 29.8963 - percent 0.0199328
20 of 21 in 31.4419 - percent 0.0195543
21 of 21 in 32.9877 - percent 0.0192136
 [vidi] 2 3 /home/kaya/sparyser/matrices/bfwb62.mtx_28 32 21712746378330112 33.7611
Perman: [veni] running with 32 rows:
1 of 21 in 1.63334 - percent 0.0463488
2 of 21 in 3.20031 - percent 0.0364288
3 of 21 in 4.75744 - percent 0.0320213
4 of 21 in 6.3205 - percent 0.0302035
5 of 21 in 7.86692 - percent 0.0281313
6 of 21 in 9.41641 - percent 0.0269939
7 of 21 in 11.0475 - percent 0.0296993
8 of 21 in 12.7332 - percent 0.0338067
9 of 21 in 14.2655 - percent 0.0318236
10 of 21 in 15.8248 - percent 0.0310356
11 of 21 in 17.3784 - percent 0.030228
12 of 21 in 18.9216 - percent 0.0292922
13 of 21 in 20.5336 - percent 0.0301084
14 of 21 in 22.1658 - percent 0.0312561
15 of 21 in 23.8801 - percent 0.0339531
16 of 21 in 25.4668 - percent 0.0338629
17 of 21 in 27.0106 - percent 0.0329885
18 of 21 in 28.6123 - percent 0.0332167
19 of 21 in 30.1199 - percent 0.0318925
20 of 21 in 31.6655 - percent 0.0312869
21 of 21 in 33.2099 - percent 0.0307418
 [vidi] 2 3 /home/kaya/sparyser/matrices/bfwb62.mtx_29 32 7382764344377344 33.9998
Perman: [veni] running with 32 rows:
1 of 21 in 1.7913 - percent 0.0355792
2 of 21 in 3.5741 - percent 0.0342824
3 of 21 in 5.31318 - percent 0.0294645
4 of 21 in 6.98566 - percent 0.0220984
5 of 21 in 8.66759 - percent 0.0176787
6 of 21 in 10.4057 - percent 0.0175493
7 of 21 in 12.2046 - percent 0.0204343
8 of 21 in 14.0171 - percent 0.0231152
9 of 21 in 15.6893 - percent 0.0205468
10 of 21 in 17.3613 - percent 0.0184922
11 of 21 in 19.0334 - percent 0.0168111
12 of 21 in 20.8503 - percent 0.0190117
13 of 21 in 22.6831 - percent 0.0212572
14 of 21 in 24.5329 - percent 0.0235464
15 of 21 in 26.3961 - percent 0.0257955
16 of 21 in 28.2191 - percent 0.0270026
17 of 21 in 29.987 - percent 0.0270956
18 of 21 in 31.7836 - percent 0.0276519
19 of 21 in 33.5382 - percent 0.0274894
20 of 21 in 35.2113 - percent 0.026115
21 of 21 in 36.8845 - percent 0.0248714
 [vidi] 2 3 /home/kaya/sparyser/matrices/bfwb62.mtx_30 32 9922451282027128 37.6789
Perman: [veni] running with 32 rows:
1 of 21 in 1.45274 - percent 0.00845005
2 of 21 in 2.89193 - percent 0.00814207
3 of 21 in 4.31239 - percent 0.00699782
4 of 21 in 5.71157 - percent 0.00524837
5 of 21 in 7.10985 - percent 0.00419869
6 of 21 in 8.52828 - percent 0.00416797
7 of 21 in 9.97174 - percent 0.00485314
8 of 21 in 11.4186 - percent 0.00548986
9 of 21 in 12.8156 - percent 0.00487987
10 of 21 in 14.2142 - percent 0.00439189
11 of 21 in 15.6141 - percent 0.00399262
12 of 21 in 17.0733 - percent 0.00451529
13 of 21 in 18.5341 - percent 0.00504859
14 of 21 in 20.0039 - percent 0.00559227
15 of 21 in 21.4756 - percent 0.00612644
16 of 21 in 22.9329 - percent 0.00641312
17 of 21 in 24.3711 - percent 0.00643521
18 of 21 in 25.8175 - percent 0.00656733
19 of 21 in 27.2503 - percent 0.00652874
20 of 21 in 28.6548 - percent 0.0062023
21 of 21 in 30.0646 - percent 0.00590695
 [vidi] 2 3 /home/kaya/sparyser/matrices/bfwb62.mtx_31 32 5620553004206240 30.7328
Perman: [veni] running with 32 rows:
1 of 21 in 1.61352 - percent 0.0130356
2 of 21 in 3.1906 - percent 0.0102456
3 of 21 in 4.76255 - percent 0.009006
4 of 21 in 6.33811 - percent 0.00849474
5 of 21 in 7.9131 - percent 0.00791193
6 of 21 in 9.4902 - percent 0.00759204
7 of 21 in 11.112 - percent 0.00835292
8 of 21 in 12.7606 - percent 0.00950814
9 of 21 in 14.3314 - percent 0.0089504
10 of 21 in 15.9156 - percent 0.00872878
11 of 21 in 17.4984 - percent 0.00850163
12 of 21 in 19.0727 - percent 0.00823842
13 of 21 in 20.6825 - percent 0.00846798
14 of 21 in 22.3023 - percent 0.00879079
15 of 21 in 23.9649 - percent 0.00954931
16 of 21 in 25.5603 - percent 0.00952393
17 of 21 in 27.135 - percent 0.009278
18 of 21 in 28.7406 - percent 0.0093422
19 of 21 in 30.2954 - percent 0.00896976
20 of 21 in 31.8571 - percent 0.00879944
21 of 21 in 33.4214 - percent 0.00864614
 [vidi] 2 3 /home/kaya/sparyser/matrices/bfwb62.mtx_32 32 8992033738753292 34.1921
Perman: [veni] running with 32 rows:
1 of 21 in 1.57723 - percent 0.0130356
2 of 21 in 3.11387 - percent 0.0102456
3 of 21 in 4.64651 - percent 0.009006
4 of 21 in 6.18009 - percent 0.00849474
5 of 21 in 7.70499 - percent 0.00791193
6 of 21 in 9.2341 - percent 0.00759204
7 of 21 in 10.8098 - percent 0.00835292
8 of 21 in 12.4131 - percent 0.00950814
9 of 21 in 13.9308 - percent 0.0089504
10 of 21 in 15.4634 - percent 0.00872878
11 of 21 in 16.9952 - percent 0.00850163
12 of 21 in 18.5211 - percent 0.00823842
13 of 21 in 20.0841 - percent 0.00846798
14 of 21 in 21.6551 - percent 0.00879079
15 of 21 in 23.2778 - percent 0.00954931
16 of 21 in 24.8257 - percent 0.00952393
17 of 21 in 26.3536 - percent 0.009278
18 of 21 in 27.9139 - percent 0.0093422
19 of 21 in 29.4228 - percent 0.00896976
20 of 21 in 30.95 - percent 0.00879944
21 of 21 in 32.476 - percent 0.00864614
 [vidi] 2 3 /home/kaya/sparyser/matrices/bfwb62.mtx_33 32 3416036645959317 33.2308
Perman: [veni] running with 32 rows:
1 of 21 in 1.58118 - percent 0.0569267
2 of 21 in 3.14858 - percent 0.0548518
3 of 21 in 4.64825 - percent 0.0471433
4 of 21 in 6.04398 - percent 0.0353574
5 of 21 in 7.43996 - percent 0.028286
6 of 21 in 8.9235 - percent 0.0280789
7 of 21 in 10.5164 - percent 0.0326949
8 of 21 in 12.132 - percent 0.0369843
9 of 21 in 13.5277 - percent 0.0328749
10 of 21 in 14.9233 - percent 0.0295875
11 of 21 in 16.3179 - percent 0.0268977
12 of 21 in 17.9383 - percent 0.0304188
13 of 21 in 19.5868 - percent 0.0340116
14 of 21 in 21.2615 - percent 0.0376742
15 of 21 in 22.9568 - percent 0.0412728
16 of 21 in 24.5891 - percent 0.0432042
17 of 21 in 26.1337 - percent 0.043353
18 of 21 in 27.7241 - percent 0.0442431
19 of 21 in 29.2472 - percent 0.0439831
20 of 21 in 30.6431 - percent 0.0417839
21 of 21 in 32.0387 - percent 0.0397942
 [vidi] 2 3 /home/kaya/sparyser/matrices/bfwb62.mtx_34 32 2841359947839488 32.7014
Perman: [veni] running with 32 rows:
1 of 21 in 1.58601 - percent 0.0569267
2 of 21 in 3.15799 - percent 0.0548518
3 of 21 in 4.66127 - percent 0.0471433
4 of 21 in 6.0608 - percent 0.0353574
5 of 21 in 7.4595 - percent 0.028286
6 of 21 in 8.94808 - percent 0.0280789
7 of 21 in 10.5449 - percent 0.0326949
8 of 21 in 12.1631 - percent 0.0369843
9 of 21 in 13.5609 - percent 0.0328749
10 of 21 in 14.9602 - percent 0.0295875
11 of 21 in 16.3593 - percent 0.0268977
12 of 21 in 17.9853 - percent 0.0304188
13 of 21 in 19.6365 - percent 0.0340116
14 of 21 in 21.3158 - percent 0.0376742
15 of 21 in 23.014 - percent 0.0412728
16 of 21 in 24.6502 - percent 0.0432042
17 of 21 in 26.1994 - percent 0.043353
18 of 21 in 27.7936 - percent 0.0442431
19 of 21 in 29.3211 - percent 0.0439831
20 of 21 in 30.7193 - percent 0.0417839
21 of 21 in 32.1184 - percent 0.0397942
 [vidi] 2 3 /home/kaya/sparyser/matrices/bfwb62.mtx_35 32 2275846042125312 32.7829
Perman: [veni] running with 32 rows:
1 of 21 in 1.83096 - percent 0.0355792
2 of 21 in 3.6014 - percent 0.0265416
3 of 21 in 5.36913 - percent 0.0233285
4 of 21 in 7.15135 - percent 0.0227804
5 of 21 in 8.91569 - percent 0.0213504
6 of 21 in 10.6868 - percent 0.0207504
7 of 21 in 12.5169 - percent 0.0228267
8 of 21 in 14.3732 - percent 0.0253348
9 of 21 in 16.1286 - percent 0.0239621
10 of 21 in 17.9041 - percent 0.0234669
11 of 21 in 19.6783 - percent 0.0230314
12 of 21 in 21.4464 - percent 0.0225207
13 of 21 in 23.2662 - percent 0.0232491
14 of 21 in 25.0883 - percent 0.0239374
15 of 21 in 26.989 - percent 0.0260932
16 of 21 in 28.7795 - percent 0.0259263
17 of 21 in 30.5448 - percent 0.0253352
18 of 21 in 32.365 - percent 0.0257174
19 of 21 in 34.1022 - percent 0.0247637
20 of 21 in 35.8722 - percent 0.0243873
21 of 21 in 37.6372 - percent 0.023982
 [vidi] 2 3 /home/kaya/sparyser/matrices/bfwb62.mtx_36 32 17280684700205056 38.5135
Perman: [veni] running with 32 rows:
1 of 21 in 1.8346 - percent 0.0355792
2 of 21 in 3.66018 - percent 0.0342824
3 of 21 in 5.44139 - percent 0.0294645
4 of 21 in 7.15661 - percent 0.0220984
5 of 21 in 8.87109 - percent 0.0176787
6 of 21 in 10.6427 - percent 0.0175493
7 of 21 in 12.4841 - percent 0.0204343
8 of 21 in 14.3393 - percent 0.0231152
9 of 21 in 16.0543 - percent 0.0205468
10 of 21 in 17.7696 - percent 0.0184922
11 of 21 in 19.4846 - percent 0.0168111
12 of 21 in 21.3451 - percent 0.0190117
13 of 21 in 23.2225 - percent 0.0212572
14 of 21 in 25.1163 - percent 0.0235464
15 of 21 in 27.0229 - percent 0.0257955
16 of 21 in 28.8891 - percent 0.0270026
17 of 21 in 30.6999 - percent 0.0270956
18 of 21 in 32.5396 - percent 0.0276519
19 of 21 in 34.3367 - percent 0.0274894
20 of 21 in 36.051 - percent 0.026115
21 of 21 in 37.7654 - percent 0.0248714
 [vidi] 2 3 /home/kaya/sparyser/matrices/bfwb62.mtx_37 32 6718430686106696 38.5796
Perman: [veni] running with 32 rows:
1 of 21 in 1.66557 - percent 0.025347
2 of 21 in 3.29182 - percent 0.019922
3 of 21 in 4.90624 - percent 0.0175117
4 of 21 in 6.52426 - percent 0.0165175
5 of 21 in 8.13073 - percent 0.0153843
6 of 21 in 9.73517 - percent 0.0147623
7 of 21 in 11.399 - percent 0.0162418
8 of 21 in 13.0944 - percent 0.018488
9 of 21 in 14.6764 - percent 0.0174036
10 of 21 in 16.2772 - percent 0.0169726
11 of 21 in 17.8778 - percent 0.0165309
12 of 21 in 19.4705 - percent 0.0160192
13 of 21 in 21.1105 - percent 0.0164655
14 of 21 in 22.763 - percent 0.0170932
15 of 21 in 24.4864 - percent 0.0185681
16 of 21 in 26.1174 - percent 0.0185188
17 of 21 in 27.7131 - percent 0.0180406
18 of 21 in 29.3534 - percent 0.0181654
19 of 21 in 30.9256 - percent 0.0174412
20 of 21 in 32.5239 - percent 0.01711
21 of 21 in 34.1167 - percent 0.0168119
 [vidi] 2 3 /home/kaya/sparyser/matrices/bfwb62.mtx_38 32 8893660293913116 34.9112
Perman: [veni] running with 32 rows:
1 of 21 in 1.37585 - percent 0.0101388
2 of 21 in 2.73484 - percent 0.00796879
3 of 21 in 4.08624 - percent 0.00700466
4 of 21 in 5.44071 - percent 0.00660702
5 of 21 in 6.7905 - percent 0.00615373
6 of 21 in 8.14245 - percent 0.00590492
7 of 21 in 9.5185 - percent 0.00649672
8 of 21 in 10.91 - percent 0.00739522
9 of 21 in 12.2552 - percent 0.00696142
10 of 21 in 13.6086 - percent 0.00678905
11 of 21 in 14.9583 - percent 0.00661238
12 of 21 in 16.3036 - percent 0.00640766
13 of 21 in 17.668 - percent 0.0065862
14 of 21 in 19.0376 - percent 0.00683728
15 of 21 in 20.4321 - percent 0.00742724
16 of 21 in 21.7875 - percent 0.0074075
17 of 21 in 23.1323 - percent 0.00721623
18 of 21 in 24.495 - percent 0.00726615
19 of 21 in 25.8277 - percent 0.00697648
20 of 21 in 27.1714 - percent 0.00684401
21 of 21 in 28.5191 - percent 0.00672477
 [vidi] 2 3 /home/kaya/sparyser/matrices/bfwb62.mtx_39 32 3105897464867225 29.177
Perman: [veni] running with 32 rows:
1 of 21 in 1.665 - percent 0.0569267
2 of 21 in 3.23559 - percent 0.0424666
3 of 21 in 4.8035 - percent 0.0373257
4 of 21 in 6.39467 - percent 0.0364486
5 of 21 in 7.95567 - percent 0.0341606
6 of 21 in 9.52858 - percent 0.0332006
7 of 21 in 11.1941 - percent 0.0365228
8 of 21 in 12.8971 - percent 0.0405357
9 of 21 in 14.4444 - percent 0.0383394
10 of 21 in 16.0237 - percent 0.037547
11 of 21 in 17.6013 - percent 0.0368503
12 of 21 in 19.1693 - percent 0.0360331
13 of 21 in 20.8148 - percent 0.0371986
14 of 21 in 22.4653 - percent 0.0382998
15 of 21 in 24.2384 - percent 0.0417492
16 of 21 in 25.8409 - percent 0.0414821
17 of 21 in 27.4049 - percent 0.0405362
18 of 21 in 29.0513 - percent 0.0411479
19 of 21 in 30.5725 - percent 0.0396219
20 of 21 in 32.1421 - percent 0.0390196
21 of 21 in 33.7037 - percent 0.0383712
 [vidi] 2 3 /home/kaya/sparyser/matrices/bfwb62.mtx_40 32 15127905608663040 34.5032
Perman: [veni] running with 32 rows:
1 of 21 in 1.68879 - percent 0.0569267
2 of 21 in 3.28352 - percent 0.0424666
3 of 21 in 4.87494 - percent 0.0373257
4 of 21 in 6.48784 - percent 0.0364486
5 of 21 in 8.07296 - percent 0.0341606
6 of 21 in 9.66816 - percent 0.0332006
7 of 21 in 11.3582 - percent 0.0365228
8 of 21 in 13.0852 - percent 0.0405357
9 of 21 in 14.6563 - percent 0.0383394
10 of 21 in 16.2584 - percent 0.037547
11 of 21 in 17.8589 - percent 0.0368503
12 of 21 in 19.4495 - percent 0.0360331
13 of 21 in 21.1203 - percent 0.0371986
14 of 21 in 22.7952 - percent 0.0382998
15 of 21 in 24.5944 - percent 0.0417492
16 of 21 in 26.2209 - percent 0.0414821
17 of 21 in 27.8078 - percent 0.0405362
18 of 21 in 29.4779 - percent 0.0411479
19 of 21 in 31.0222 - percent 0.0396219
20 of 21 in 32.6153 - percent 0.0390196
21 of 21 in 34.2015 - percent 0.0383712
 [vidi] 2 3 /home/kaya/sparyser/matrices/bfwb62.mtx_41 32 17131108420288512 35.0142
Perman: [veni] running with 32 rows:
1 of 21 in 1.31264 - percent 0.0141219
2 of 21 in 2.59407 - percent 0.0110994
3 of 21 in 3.86793 - percent 0.0097565
4 of 21 in 5.14396 - percent 0.00920263
5 of 21 in 6.41194 - percent 0.00857126
6 of 21 in 7.6841 - percent 0.00822471
7 of 21 in 8.9905 - percent 0.009049
8 of 21 in 10.3175 - percent 0.0103005
9 of 21 in 11.5794 - percent 0.00969627
10 of 21 in 12.8522 - percent 0.00945617
11 of 21 in 14.1239 - percent 0.0092101
12 of 21 in 15.3918 - percent 0.00892495
13 of 21 in 16.6927 - percent 0.00917364
14 of 21 in 17.9971 - percent 0.00952335
15 of 21 in 19.3394 - percent 0.0103451
16 of 21 in 20.6263 - percent 0.0103176
17 of 21 in 21.8942 - percent 0.0100512
18 of 21 in 23.1888 - percent 0.0101207
19 of 21 in 24.4358 - percent 0.00971724
20 of 21 in 25.7061 - percent 0.00953273
21 of 21 in 26.9737 - percent 0.00936665
 [vidi] 2 3 /home/kaya/sparyser/matrices/bfwb62.mtx_42 32 5549964425457012 27.6005
Perman: [veni] running with 32 rows:
1 of 21 in 1.51067 - percent 0.021726
2 of 21 in 2.98236 - percent 0.017076
3 of 21 in 4.44789 - percent 0.01501
4 of 21 in 5.917 - percent 0.0141579
5 of 21 in 7.37735 - percent 0.0131866
6 of 21 in 8.84008 - percent 0.0126534
7 of 21 in 10.3488 - percent 0.0139215
8 of 21 in 11.8892 - percent 0.0158469
9 of 21 in 13.3419 - percent 0.0149173
10 of 21 in 14.8095 - percent 0.014548
11 of 21 in 16.274 - percent 0.0141694
12 of 21 in 17.7326 - percent 0.0137307
13 of 21 in 19.2301 - percent 0.0141133
14 of 21 in 20.7398 - percent 0.0146513
15 of 21 in 22.2966 - percent 0.0159155
16 of 21 in 23.7801 - percent 0.0158732
17 of 21 in 25.2389 - percent 0.0154633
18 of 21 in 26.7315 - percent 0.0155703
19 of 21 in 28.1697 - percent 0.0149496
20 of 21 in 29.6289 - percent 0.0146657
21 of 21 in 31.0884 - percent 0.0144102
 [vidi] 2 3 /home/kaya/sparyser/matrices/bfwb62.mtx_43 32 7656107338845655 31.8131
Perman: [veni] running with 32 rows:
1 of 21 in 1.66235 - percent 0.0159324
2 of 21 in 3.29122 - percent 0.0125224
3 of 21 in 4.91676 - percent 0.0110073
4 of 21 in 6.54196 - percent 0.0103825
5 of 21 in 8.16426 - percent 0.00967014
6 of 21 in 9.7847 - percent 0.00927916
7 of 21 in 11.4401 - percent 0.0102091
8 of 21 in 13.1211 - percent 0.0116211
9 of 21 in 14.739 - percent 0.0109394
10 of 21 in 16.363 - percent 0.0106685
11 of 21 in 17.984 - percent 0.0103909
12 of 21 in 19.6011 - percent 0.0100692
13 of 21 in 21.2486 - percent 0.0103497
14 of 21 in 22.9044 - percent 0.0107443
15 of 21 in 24.5982 - percent 0.0116714
16 of 21 in 26.2324 - percent 0.0116404
17 of 21 in 27.8499 - percent 0.0113398
18 of 21 in 29.4934 - percent 0.0114182
19 of 21 in 31.094 - percent 0.010963
20 of 21 in 32.7112 - percent 0.0107549
21 of 21 in 34.3288 - percent 0.0105675
 [vidi] 2 3 /home/kaya/sparyser/matrices/bfwb62.mtx_44 32 29948581261029352 35.1211
Perman: [veni] running with 32 rows:
1 of 21 in 1.48744 - percent 0.0236914
2 of 21 in 2.91663 - percent 0.0165176
3 of 21 in 4.37492 - percent 0.0165176
4 of 21 in 5.81384 - percent 0.0152478
5 of 21 in 7.2304 - percent 0.0134686
6 of 21 in 8.71071 - percent 0.0148754
7 of 21 in 10.1261 - percent 0.0135798
8 of 21 in 11.5524 - percent 0.0129589
9 of 21 in 13.0008 - percent 0.0130347
10 of 21 in 14.4475 - percent 0.0130953
11 of 21 in 15.9232 - percent 0.0137931
12 of 21 in 17.3596 - percent 0.0135625
13 of 21 in 18.8249 - percent 0.0139158
14 of 21 in 20.2884 - percent 0.0141976
15 of 21 in 21.7965 - percent 0.0151916
16 of 21 in 23.2426 - percent 0.0150988
17 of 21 in 24.6504 - percent 0.0144451
18 of 21 in 26.1012 - percent 0.0144548
19 of 21 in 27.5417 - percent 0.0143398
20 of 21 in 28.9584 - percent 0.013935
21 of 21 in 30.3761 - percent 0.0135723
 [vidi] 2 3 /home/kaya/sparyser/matrices/bfwb62.mtx_45 32 30159345740838364 31.0613
Perman: [veni] running with 32 rows:
1 of 21 in 1.37135 - percent 0.0569267
2 of 21 in 2.64906 - percent 0.0424666
3 of 21 in 3.92239 - percent 0.0373257
4 of 21 in 5.21879 - percent 0.0364486
5 of 21 in 6.48567 - percent 0.0341606
6 of 21 in 7.76331 - percent 0.0332006
7 of 21 in 9.13411 - percent 0.0365228
8 of 21 in 10.5437 - percent 0.0405357
9 of 21 in 11.7956 - percent 0.0383394
10 of 21 in 13.0796 - percent 0.037547
11 of 21 in 14.3614 - percent 0.0368503
12 of 21 in 15.6345 - percent 0.0360331
13 of 21 in 16.9881 - percent 0.0371986
14 of 21 in 18.3452 - percent 0.0382998
15 of 21 in 19.8264 - percent 0.0417492
16 of 21 in 21.1339 - percent 0.0414821
17 of 21 in 22.4015 - percent 0.0405362
18 of 21 in 23.7553 - percent 0.0411479
19 of 21 in 24.9809 - percent 0.0396219
20 of 21 in 26.2566 - percent 0.0390196
21 of 21 in 27.5252 - percent 0.0383712
 [vidi] 2 3 /home/kaya/sparyser/matrices/bfwb62.mtx_46 32 7675965551411200 28.1858
Perman: [veni] running with 32 rows:
1 of 21 in 1.65639 - percent 0.0569267
2 of 21 in 3.21829 - percent 0.0424666
3 of 21 in 4.77734 - percent 0.0373257
4 of 21 in 6.35917 - percent 0.0364486
5 of 21 in 7.91152 - percent 0.0341606
6 of 21 in 9.4752 - percent 0.0332006
7 of 21 in 11.1284 - percent 0.0365228
8 of 21 in 12.8236 - percent 0.0405357
9 of 21 in 14.3612 - percent 0.0383394
10 of 21 in 15.9326 - percent 0.037547
11 of 21 in 17.5002 - percent 0.0368503
12 of 21 in 19.0589 - percent 0.0360331
13 of 21 in 20.6962 - percent 0.0371986
14 of 21 in 22.3388 - percent 0.0382998
15 of 21 in 24.1022 - percent 0.0417492
16 of 21 in 25.6948 - percent 0.0414821
17 of 21 in 27.2487 - percent 0.0405362
18 of 21 in 28.8854 - percent 0.0411479
19 of 21 in 30.3959 - percent 0.0396219
20 of 21 in 31.9571 - percent 0.0390196
21 of 21 in 33.5109 - percent 0.0383712
 [vidi] 2 3 /home/kaya/sparyser/matrices/bfwb62.mtx_47 32 17185961595109376 34.3064
Perman: [veni] running with 32 rows:
1 of 21 in 1.82217 - percent 0.0266844
2 of 21 in 3.59868 - percent 0.0199062
3 of 21 in 5.3743 - percent 0.0174964
4 of 21 in 7.16137 - percent 0.0170853
5 of 21 in 8.93129 - percent 0.0160128
6 of 21 in 10.7083 - percent 0.0155628
7 of 21 in 12.5285 - percent 0.0171201
8 of 21 in 14.3722 - percent 0.0190011
9 of 21 in 16.1363 - percent 0.0179716
10 of 21 in 17.9157 - percent 0.0176002
11 of 21 in 19.6954 - percent 0.0172736
12 of 21 in 21.4723 - percent 0.0168905
13 of 21 in 23.288 - percent 0.0174368
14 of 21 in 25.1045 - percent 0.017953
15 of 21 in 26.9792 - percent 0.0195699
16 of 21 in 28.7697 - percent 0.0194447
17 of 21 in 30.5405 - percent 0.0190014
18 of 21 in 32.3532 - percent 0.0192881
19 of 21 in 34.1029 - percent 0.0185728
20 of 21 in 35.8777 - percent 0.0182905
