Number of rows/cols is 62
Number of nnz is    342
#d1 vertices: 0
#d2 vertices: 8
min degree: 2
************************************************************************
Algo is 3
Compress matrix 0
Apply Dulmage-Mendehlson 0
Sorting 3
Single run 0
************************************************************************
Perman: [veni] running with 32 rows:
	7 of 21 in 0.946966 - percent 0.0152862
 [vidi] 3 3 /home/kaya/sparyser/matrices/bfwb62.mtx_0 32 34682521691035928 3.06317
Perman: [veni] running with 32 rows:
	7 of 21 in 0.630004 - percent 0.0118059
 [vidi] 3 3 /home/kaya/sparyser/matrices/bfwb62.mtx_1 32 27583613558875160 2.03724
Perman: [veni] running with 32 rows:
	7 of 21 in 1.40164 - percent 0.03665
	15 of 21 in 3.43118 - percent 0.0418976
 [vidi] 3 3 /home/kaya/sparyser/matrices/bfwb62.mtx_2 32 7916483719987200 4.57803
Perman: [veni] running with 32 rows:
	7 of 21 in 0.966982 - percent 0.0238099
	15 of 21 in 2.37171 - percent 0.0272201
 [vidi] 3 3 /home/kaya/sparyser/matrices/bfwb62.mtx_3 32 15514109067919360 3.16448
Perman: [veni] running with 32 rows:
	7 of 21 in 0.971697 - percent 0.0160983
 [vidi] 3 3 /home/kaya/sparyser/matrices/bfwb62.mtx_4 32 38022713161970000 3.1408
Perman: [veni] running with 32 rows:
	7 of 21 in 0.938935 - percent 0.0165624
 [vidi] 3 3 /home/kaya/sparyser/matrices/bfwb62.mtx_5 32 17113475006296468 3.03587
Perman: [veni] running with 32 rows:
	7 of 21 in 1.44707 - percent 0.03665
	15 of 21 in 3.54642 - percent 0.0418976
 [vidi] 3 3 /home/kaya/sparyser/matrices/bfwb62.mtx_6 32 22846752113557504 4.73168
Perman: [veni] running with 32 rows:
	7 of 21 in 1.25807 - percent 0.0295166
	15 of 21 in 3.082 - percent 0.0337434
 [vidi] 3 3 /home/kaya/sparyser/matrices/bfwb62.mtx_7 32 21480608916045824 4.11194
Perman: [veni] running with 32 rows:
	7 of 21 in 0.784274 - percent 0.0115433
	14 of 21 in 1.58467 - percent 0.0116728
	18 of 21 in 2.20918 - percent 0.012664
 [vidi] 3 3 /home/kaya/sparyser/matrices/bfwb62.mtx_8 32 6496388802901520 2.49741
Perman: [veni] running with 32 rows:
	7 of 21 in 0.736678 - percent 0.0109713
	14 of 21 in 1.48955 - percent 0.0110944
	18 of 21 in 2.0773 - percent 0.0120365
 [vidi] 3 3 /home/kaya/sparyser/matrices/bfwb62.mtx_9 32 7561610885663486 2.34873
Perman: [veni] running with 32 rows:
	18 of 21 in 7.31819 - percent 0.0502735
 [vidi] 3 3 /home/kaya/sparyser/matrices/bfwb62.mtx_10 32 3179109062803456 8.24614
Perman: [veni] running with 32 rows:
	18 of 21 in 6.93027 - percent 0.0539931
 [vidi] 3 3 /home/kaya/sparyser/matrices/bfwb62.mtx_11 32 6213749473804288 7.80966
Perman: [veni] running with 32 rows:
 [vidi] 3 3 /home/kaya/sparyser/matrices/bfwb62.mtx_12 32 7403115990020076 1.42838
Perman: [veni] running with 32 rows:
 [vidi] 3 3 /home/kaya/sparyser/matrices/bfwb62.mtx_13 32 5099868168433311 2.63844
Perman: [veni] running with 32 rows:
	9 of 21 in 1.06952 - percent 0.0122648
	20 of 21 in 2.6944 - percent 0.0139239
 [vidi] 3 3 /home/kaya/sparyser/matrices/bfwb62.mtx_14 32 12671000304582592 2.81644
Perman: [veni] running with 32 rows:
	9 of 21 in 1.00938 - percent 0.0116584
	20 of 21 in 2.54484 - percent 0.0132354
 [vidi] 3 3 /home/kaya/sparyser/matrices/bfwb62.mtx_15 32 14748682189812304 2.65999
Perman: [veni] running with 32 rows:
	7 of 21 in 0.789517 - percent 0.0170492
	14 of 21 in 1.59632 - percent 0.0172403
	18 of 21 in 2.22618 - percent 0.0187043
 [vidi] 3 3 /home/kaya/sparyser/matrices/bfwb62.mtx_16 32 9126391308091392 2.51704
Perman: [veni] running with 32 rows:
	7 of 21 in 0.73803 - percent 0.014189
	14 of 21 in 1.49222 - percent 0.0143481
	18 of 21 in 2.08139 - percent 0.0155665
 [vidi] 3 3 /home/kaya/sparyser/matrices/bfwb62.mtx_17 32 12547731919536128 2.35313
Perman: [veni] running with 32 rows:
	14 of 21 in 1.49261 - percent 0.016165
 [vidi] 3 3 /home/kaya/sparyser/matrices/bfwb62.mtx_18 32 6097855785730048 2.31787
Perman: [veni] running with 32 rows:
	14 of 21 in 2.10507 - percent 0.0180854
 [vidi] 3 3 /home/kaya/sparyser/matrices/bfwb62.mtx_19 32 8383772510830592 3.26892
Perman: [veni] running with 32 rows:
	19 of 21 in 3.88581 - percent 0.0231276
	21 of 21 in 4.11438 - percent 0.0221567
 [vidi] 3 3 /home/kaya/sparyser/matrices/bfwb62.mtx_20 32 11413899035279360 4.15304
Perman: [veni] running with 32 rows:
	13 of 21 in 4.77645 - percent 0.0369176
	21 of 21 in 7.42723 - percent 0.0355395
 [vidi] 3 3 /home/kaya/sparyser/matrices/bfwb62.mtx_21 32 7862823405223936 7.69103
Perman: [veni] running with 32 rows:
	9 of 21 in 1.07846 - percent 0.0181011
	20 of 21 in 2.71941 - percent 0.0205509
 [vidi] 3 3 /home/kaya/sparyser/matrices/bfwb62.mtx_22 32 17800933266161664 2.84244
Perman: [veni] running with 32 rows:
	9 of 21 in 1.0076 - percent 0.0150692
	20 of 21 in 2.54197 - percent 0.0171083
 [vidi] 3 3 /home/kaya/sparyser/matrices/bfwb62.mtx_23 32 24473953267875840 2.65706
Perman: [veni] running with 32 rows:
	7 of 21 in 1.75663 - percent 0.0343673
	15 of 21 in 4.30446 - percent 0.0392882
 [vidi] 3 3 /home/kaya/sparyser/matrices/bfwb62.mtx_24 32 30917296862974960 5.74401
Perman: [veni] running with 32 rows:
	7 of 21 in 0.816063 - percent 0.0178491
	15 of 21 in 1.89331 - percent 0.0193288
	17 of 21 in 2.06682 - percent 0.018617
 [vidi] 3 3 /home/kaya/sparyser/matrices/bfwb62.mtx_25 32 10641603717293004 2.64173
Perman: [veni] running with 32 rows:
	7 of 21 in 0.923654 - percent 0.0212029
 [vidi] 3 3 /home/kaya/sparyser/matrices/bfwb62.mtx_26 32 10501091959504896 2.98821
Perman: [veni] running with 32 rows:
	7 of 21 in 0.655938 - percent 0.0148222
 [vidi] 3 3 /home/kaya/sparyser/matrices/bfwb62.mtx_27 32 9964315805220864 2.12102
Perman: [veni] running with 32 rows:
	7 of 21 in 1.25567 - percent 0.0250313
 [vidi] 3 3 /home/kaya/sparyser/matrices/bfwb62.mtx_28 32 21712746482106368 4.05911
Perman: [veni] running with 32 rows:
	7 of 21 in 1.18634 - percent 0.0297879
 [vidi] 3 3 /home/kaya/sparyser/matrices/bfwb62.mtx_29 32 7382764336873472 3.83207
Perman: [veni] running with 32 rows:
	2 of 21 in 0.467979 - percent 0.0376828
	7 of 21 in 0.976884 - percent 0.0224598
	15 of 21 in 2.64394 - percent 0.0283573
	17 of 21 in 3.14782 - percent 0.0297866
 [vidi] 3 3 /home/kaya/sparyser/matrices/bfwb62.mtx_30 32 9922451282027784 3.5697
Perman: [veni] running with 32 rows:
	2 of 21 in 0.355865 - percent 0.0226463
	7 of 21 in 0.742176 - percent 0.0134973
 [vidi] 3 3 /home/kaya/sparyser/matrices/bfwb62.mtx_31 32 5620553004206660 2.71154
Perman: [veni] running with 32 rows:
	7 of 21 in 0.722384 - percent 0.0134301
 [vidi] 3 3 /home/kaya/sparyser/matrices/bfwb62.mtx_32 32 8992033738754609 2.33985
Perman: [veni] running with 32 rows:
	7 of 21 in 0.717299 - percent 0.013314
 [vidi] 3 3 /home/kaya/sparyser/matrices/bfwb62.mtx_33 32 3416036645958955 2.31844
Perman: [veni] running with 32 rows:
	2 of 21 in 0.607333 - percent 0.0550383
	7 of 21 in 1.26846 - percent 0.0328047
	15 of 21 in 3.43535 - percent 0.0414163
	17 of 21 in 4.09018 - percent 0.0435038
 [vidi] 3 3 /home/kaya/sparyser/matrices/bfwb62.mtx_34 32 2841328978759680 4.63829
Perman: [veni] running with 32 rows:
	2 of 21 in 0.608409 - percent 0.0550383
	7 of 21 in 1.27006 - percent 0.0328047
	15 of 21 in 3.43512 - percent 0.0414163
	17 of 21 in 4.08924 - percent 0.0435038
 [vidi] 3 3 /home/kaya/sparyser/matrices/bfwb62.mtx_35 32 2275848852329984 4.63731
Perman: [veni] running with 32 rows:
	7 of 21 in 1.08938 - percent 0.0250939
	15 of 21 in 2.66938 - percent 0.0286879
 [vidi] 3 3 /home/kaya/sparyser/matrices/bfwb62.mtx_36 32 17280684777865216 3.5616
Perman: [veni] running with 32 rows:
	2 of 21 in 0.466834 - percent 0.0376828
	7 of 21 in 0.974389 - percent 0.0224598
	15 of 21 in 2.63816 - percent 0.0283573
	17 of 21 in 3.14103 - percent 0.0297866
 [vidi] 3 3 /home/kaya/sparyser/matrices/bfwb62.mtx_37 32 6718430684515014 3.56199
Perman: [veni] running with 32 rows:
	7 of 21 in 1.11181 - percent 0.021667
 [vidi] 3 3 /home/kaya/sparyser/matrices/bfwb62.mtx_38 32 8893660293914060 3.595
Perman: [veni] running with 32 rows:
	7 of 21 in 0.989947 - percent 0.0178385
 [vidi] 3 3 /home/kaya/sparyser/matrices/bfwb62.mtx_39 32 3105897464867561 3.20177
Perman: [veni] running with 32 rows:
	7 of 21 in 1.43318 - percent 0.03665
	15 of 21 in 3.51174 - percent 0.0418976
 [vidi] 3 3 /home/kaya/sparyser/matrices/bfwb62.mtx_40 32 13212831230984192 4.68649
Perman: [veni] running with 32 rows:
	7 of 21 in 1.46253 - percent 0.03665
	15 of 21 in 3.58332 - percent 0.0418976
 [vidi] 3 3 /home/kaya/sparyser/matrices/bfwb62.mtx_41 32 17133462062366720 4.77812
Perman: [veni] running with 32 rows:
	7 of 21 in 0.927846 - percent 0.0166784
 [vidi] 3 3 /home/kaya/sparyser/matrices/bfwb62.mtx_42 32 5549964425458316 3.00032
Perman: [veni] running with 32 rows:
	7 of 21 in 1.23826 - percent 0.0232911
 [vidi] 3 3 /home/kaya/sparyser/matrices/bfwb62.mtx_43 32 7656107338846696 4.00711
Perman: [veni] running with 32 rows:
	7 of 21 in 1.36153 - percent 0.0235232
 [vidi] 3 3 /home/kaya/sparyser/matrices/bfwb62.mtx_44 32 29948581261026748 4.40783
Perman: [veni] running with 32 rows:
	17 of 21 in 3.51739 - percent 0.0264002
 [vidi] 3 3 /home/kaya/sparyser/matrices/bfwb62.mtx_45 32 30159345740834036 4.16727
Perman: [veni] running with 32 rows:
	7 of 21 in 1.39628 - percent 0.03665
	15 of 21 in 3.42105 - percent 0.0418976
 [vidi] 3 3 /home/kaya/sparyser/matrices/bfwb62.mtx_46 32 9300219103543296 4.56448
Perman: [veni] running with 32 rows:
	7 of 21 in 1.44125 - percent 0.03665
	15 of 21 in 3.52966 - percent 0.0418976
 [vidi] 3 3 /home/kaya/sparyser/matrices/bfwb62.mtx_47 32 17184068588273664 4.70942
Perman: [veni] running with 32 rows:
	7 of 21 in 0.923287 - percent 0.0201006
	15 of 21 in 2.26202 - percent 0.02298
 [vidi] 3 3 /home/kaya/sparyser/matrices/bfwb62.mtx_48 32 12985294811955200 3.01761
Perman: [veni] running with 32 rows:
	2 of 21 in 0.395753 - percent 0.0301835
	7 of 21 in 0.825776 - percent 0.0179898
	15 of 21 in 2.2345 - percent 0.0227145
	17 of 21 in 2.65993 - percent 0.0238595
 [vidi] 3 3 /home/kaya/sparyser/matrices/bfwb62.mtx_49 32 4857094969949879 3.01674
Perman: [veni] running with 32 rows:
	7 of 21 in 0.954478 - percent 0.0154023
 [vidi] 3 3 /home/kaya/sparyser/matrices/bfwb62.mtx_50 32 4768984405276262 3.0877
Perman: [veni] running with 32 rows:
	17 of 21 in 2.50765 - percent 0.0187634
 [vidi] 3 3 /home/kaya/sparyser/matrices/bfwb62.mtx_51 32 2929676332112683 3.21511
Perman: [veni] running with 32 rows:
	7 of 21 in 0.980985 - percent 0.0238099
	15 of 21 in 2.40363 - percent 0.0272201
 [vidi] 3 3 /home/kaya/sparyser/matrices/bfwb62.mtx_52 32 7819812580818944 3.20679
Perman: [veni] running with 32 rows:
	7 of 21 in 1.43453 - percent 0.03665
	15 of 21 in 3.51616 - percent 0.0418976
 [vidi] 3 3 /home/kaya/sparyser/matrices/bfwb62.mtx_53 32 3028800680722432 4.69154
Perman: [veni] running with 32 rows:
	7 of 21 in 1.46435 - percent 0.0253794
 [vidi] 3 3 /home/kaya/sparyser/matrices/bfwb62.mtx_54 32 12544741888250400 4.73451
Perman: [veni] running with 32 rows:
	7 of 21 in 1.76416 - percent 0.0326852
 [vidi] 3 3 /home/kaya/sparyser/matrices/bfwb62.mtx_55 32 6443085166471100 5.46319
Perman: [veni] running with 32 rows:
	2 of 21 in 0.74368 - percent 0.0432537
	7 of 21 in 1.55082 - percent 0.0257804
	15 of 21 in 4.19581 - percent 0.032549
	17 of 21 in 4.99525 - percent 0.0341897
 [vidi] 3 3 /home/kaya/sparyser/matrices/bfwb62.mtx_56 32 23211877644654932 5.66477
Perman: [veni] running with 32 rows:
	2 of 21 in 0.446883 - percent 0.0324334
	7 of 21 in 0.932668 - percent 0.0193309
	15 of 21 in 2.52266 - percent 0.0244073
	17 of 21 in 3.00303 - percent 0.0256376
 [vidi] 3 3 /home/kaya/sparyser/matrices/bfwb62.mtx_57 32 7232575866361098 3.40575
Perman: [veni] running with 32 rows:
	7 of 21 in 0.923881 - percent 0.0212029
 [vidi] 3 3 /home/kaya/sparyser/matrices/bfwb62.mtx_58 32 4673392124887040 2.98858
Perman: [veni] running with 32 rows:
	7 of 21 in 0.654281 - percent 0.0148222
 [vidi] 3 3 /home/kaya/sparyser/matrices/bfwb62.mtx_59 32 7475630740865024 2.11671
Perman: [veni] running with 32 rows:
	7 of 21 in 0.724808 - percent 0.0134301
 [vidi] 3 3 /home/kaya/sparyser/matrices/bfwb62.mtx_60 32 8452606833797447 2.34527
Perman: [veni] running with 32 rows:
	7 of 21 in 0.720073 - percent 0.013314
 [vidi] 3 3 /home/kaya/sparyser/matrices/bfwb62.mtx_61 32 3714661378038098 2.32765
Perman: [veni] running with 32 rows:
	2 of 21 in 0.320451 - percent 0.0246126
	7 of 21 in 0.668547 - percent 0.0146693
	15 of 21 in 1.81052 - percent 0.0185227
	17 of 21 in 2.15537 - percent 0.0194564
 [vidi] 3 3 /home/kaya/sparyser/matrices/bfwb62.mtx_62 32 3841820945420457 2.44449
Perman: [veni] running with 32 rows:
	2 of 21 in 0.701368 - percent 0.0451821
	7 of 21 in 1.46297 - percent 0.0269298
	15 of 21 in 3.95754 - percent 0.034
	17 of 21 in 4.71169 - percent 0.0357138
 [vidi] 3 3 /home/kaya/sparyser/matrices/bfwb62.mtx_63 32 2523166218507256 5.34331
Perman: [veni] running with 32 rows:
 [vidi] 3 3 /home/kaya/sparyser/matrices/bfwb62.mtx_64 32 7951349650555122 1.78866
Perman: [veni] running with 32 rows:
 [vidi] 3 3 /home/kaya/sparyser/matrices/bfwb62.mtx_65 32 3457417646381353 1.65531
Perman: [veni] running with 32 rows:
	11 of 21 in 0.718355 - percent 0.00689825
	17 of 21 in 1.4939 - percent 0.00928612
 [vidi] 3 3 /home/kaya/sparyser/matrices/bfwb62.mtx_66 32 7209368663922286 1.86832
Perman: [veni] running with 32 rows:
	9 of 21 in 0.676332 - percent 0.00792464
	17 of 21 in 1.1781 - percent 0.00730594
 [vidi] 3 3 /home/kaya/sparyser/matrices/bfwb62.mtx_67 32 4303797514799752 1.48472
Perman: [veni] running with 32 rows:
	14 of 21 in 2.97411 - percent 0.0259719
 [vidi] 3 3 /home/kaya/sparyser/matrices/bfwb62.mtx_68 32 15952474701213838 4.59413
Perman: [veni] running with 32 rows:
	14 of 21 in 2.40013 - percent 0.0202555
 [vidi] 3 3 /home/kaya/sparyser/matrices/bfwb62.mtx_69 32 6793508247360732 3.70599
Perman: [veni] running with 32 rows:
	14 of 21 in 1.88041 - percent 0.0233006
 [vidi] 3 3 /home/kaya/sparyser/matrices/bfwb62.mtx_70 32 33738598531057960 2.93178
Perman: [veni] running with 32 rows:
	14 of 21 in 3.92904 - percent 0.0503944
 [vidi] 3 3 /home/kaya/sparyser/matrices/bfwb62.mtx_71 32 14256244724334592 6.29424
Perman: [veni] running with 32 rows:
	7 of 21 in 0.728254 - percent 0.0134301
 [vidi] 3 3 /home/kaya/sparyser/matrices/bfwb62.mtx_72 32 10709939469042212 2.35724
Perman: [veni] running with 32 rows:
	7 of 21 in 0.717308 - percent 0.013314
 [vidi] 3 3 /home/kaya/sparyser/matrices/bfwb62.mtx_73 32 4262849276811692 2.32025
Perman: [veni] running with 32 rows:
	6 of 21 in 0.978774 - percent 0.0270724
	14 of 21 in 2.5244 - percent 0.029884
 [vidi] 3 3 /home/kaya/sparyser/matrices/bfwb62.mtx_74 32 3977492373209088 4.06087
Perman: [veni] running with 32 rows:
	12 of 21 in 1.92122 - percent 0.0263445
	14 of 21 in 2.5515 - percent 0.0299758
 [vidi] 3 3 /home/kaya/sparyser/matrices/bfwb62.mtx_75 32 3041817538117632 4.10381
Perman: [veni] running with 32 rows:
	15 of 21 in 0.944944 - percent 0.00726288
	17 of 21 in 1.11207 - percent 0.00753889
 [vidi] 3 3 /home/kaya/sparyser/matrices/bfwb62.mtx_76 32 3634282410720203 1.34366
Perman: [veni] running with 32 rows:
	15 of 21 in 1.32896 - percent 0.0114596
	17 of 21 in 1.52868 - percent 0.0116302
 [vidi] 3 3 /home/kaya/sparyser/matrices/bfwb62.mtx_77 32 3667538853760608 1.84779
Perman: [veni] running with 32 rows:
	14 of 21 in 2.09316 - percent 0.0185754
 [vidi] 3 3 /home/kaya/sparyser/matrices/bfwb62.mtx_78 32 8193650788691906 3.26318
Perman: [veni] running with 32 rows:
	14 of 21 in 2.35279 - percent 0.0196658
 [vidi] 3 3 /home/kaya/sparyser/matrices/bfwb62.mtx_79 32 14340968487008990 3.66938
Perman: [veni] running with 32 rows:
	7 of 21 in 1.13506 - percent 0.0237552
 [vidi] 3 3 /home/kaya/sparyser/matrices/bfwb62.mtx_80 32 20921303242375168 3.66669
Perman: [veni] running with 32 rows:
	7 of 21 in 1.16663 - percent 0.0208549
 [vidi] 3 3 /home/kaya/sparyser/matrices/bfwb62.mtx_81 32 9232583904722944 3.77123
Perman: [veni] running with 32 rows:
	7 of 21 in 1.41845 - percent 0.03665
	15 of 21 in 3.47581 - percent 0.0418976
 [vidi] 3 3 /home/kaya/sparyser/matrices/bfwb62.mtx_82 32 114841790497947648 4.63874
Perman: [veni] running with 32 rows:
	7 of 21 in 1.0881 - percent 0.0250939
	15 of 21 in 2.66259 - percent 0.0286879
 [vidi] 3 3 /home/kaya/sparyser/matrices/bfwb62.mtx_83 32 15362778097909760 3.55159
Perman: [veni] running with 32 rows:
	7 of 21 in 0.944091 - percent 0.0178491
	15 of 21 in 2.19036 - percent 0.0193288
	17 of 21 in 2.39078 - percent 0.018617
 [vidi] 3 3 /home/kaya/sparyser/matrices/bfwb62.mtx_84 32 32131445448809960 3.05531
Perman: [veni] running with 32 rows:
	7 of 21 in 0.707603 - percent 0.0148242
	15 of 21 in 1.64185 - percent 0.016053
	17 of 21 in 1.79197 - percent 0.0154617
 [vidi] 3 3 /home/kaya/sparyser/matrices/bfwb62.mtx_85 32 6616678001091587 2.28994
Perman: [veni] running with 32 rows:
	7 of 21 in 1.00665 - percent 0.017417
	15 of 21 in 2.33801 - percent 0.0188608
	17 of 21 in 2.55257 - percent 0.0181663
 [vidi] 3 3 /home/kaya/sparyser/matrices/bfwb62.mtx_86 32 17139632830672232 3.26265
Perman: [veni] running with 32 rows:
	7 of 21 in 1.13912 - percent 0.0237552
 [vidi] 3 3 /home/kaya/sparyser/matrices/bfwb62.mtx_87 32 11930046906236928 3.67907
Perman: [veni] running with 32 rows:
	17 of 21 in 3.27367 - percent 0.0240553
 [vidi] 3 3 /home/kaya/sparyser/matrices/bfwb62.mtx_88 32 6506164246937296 3.77866
Perman: [veni] running with 32 rows:
	7 of 21 in 1.42006 - percent 0.03665
	15 of 21 in 3.47782 - percent 0.0418976
 [vidi] 3 3 /home/kaya/sparyser/matrices/bfwb62.mtx_89 32 9311763975634944 4.64154
Perman: [veni] running with 32 rows:
	7 of 21 in 1.08809 - percent 0.0250939
	15 of 21 in 2.66465 - percent 0.0286879
 [vidi] 3 3 /home/kaya/sparyser/matrices/bfwb62.mtx_90 32 8570254444658688 3.5555
Perman: [veni] running with 32 rows:
	7 of 21 in 0.97064 - percent 0.0183026
 [vidi] 3 3 /home/kaya/sparyser/matrices/bfwb62.mtx_91 32 10132214568976384 3.13941
Perman: [veni] running with 32 rows:
	17 of 21 in 2.31285 - percent 0.0191247
 [vidi] 3 3 /home/kaya/sparyser/matrices/bfwb62.mtx_92 32 9149230999334912 2.9652
Perman: [veni] running with 32 rows:
	7 of 21 in 1.0095 - percent 0.017417
	15 of 21 in 2.34197 - percent 0.0188608
	17 of 21 in 2.5564 - percent 0.0181663
 [vidi] 3 3 /home/kaya/sparyser/matrices/bfwb62.mtx_93 32 7409047313232254 3.26727
Perman: [veni] running with 32 rows:
	7 of 21 in 0.661214 - percent 0.01343
 [vidi] 3 3 /home/kaya/sparyser/matrices/bfwb62.mtx_94 32 13919216661528576 2.13871
Perman: [veni] running with 32 rows:
	17 of 21 in 2.15794 - percent 0.0204908
 [vidi] 3 3 /home/kaya/sparyser/matrices/bfwb62.mtx_95 32 20158796456987648 2.55794
Perman: [veni] running with 32 rows:
	7 of 21 in 1.45131 - percent 0.0316566
	15 of 21 in 3.55532 - percent 0.0361897
 [vidi] 3 3 /home/kaya/sparyser/matrices/bfwb62.mtx_96 32 6387265120159576 4.74334
Perman: [veni] running with 32 rows:
	7 of 21 in 1.73371 - percent 0.0285083
	15 of 21 in 4.02156 - percent 0.030872
	17 of 21 in 4.38957 - percent 0.0297358
 [vidi] 3 3 /home/kaya/sparyser/matrices/bfwb62.mtx_97 32 5317422618160887 5.60941
Perman: [veni] running with 32 rows:
	7 of 21 in 1.26391 - percent 0.0236673
	15 of 21 in 3.08899 - percent 0.027057
 [vidi] 3 3 /home/kaya/sparyser/matrices/bfwb62.mtx_98 32 14269155785374984 4.11882
Perman: [veni] running with 32 rows:
	7 of 21 in 1.23201 - percent 0.0211498
	15 of 21 in 3.00291 - percent 0.0240405
 [vidi] 3 3 /home/kaya/sparyser/matrices/bfwb62.mtx_99 32 6105161119288806 4.00818
Perman: [veni] running with 32 rows:
	7 of 21 in 1.01779 - percent 0.0173899
	15 of 21 in 2.49399 - percent 0.0198814
 [vidi] 3 3 /home/kaya/sparyser/matrices/bfwb62.mtx_100 32 3888879997922998 3.32697
Perman: [veni] running with 32 rows:
	15 of 21 in 3.08248 - percent 0.0233087
 [vidi] 3 3 /home/kaya/sparyser/matrices/bfwb62.mtx_101 32 6157226453965219 4.343
Perman: [veni] running with 32 rows:
	6 of 21 in 0.556705 - percent 0.0145975
	14 of 21 in 1.43596 - percent 0.0161169
 [vidi] 3 3 /home/kaya/sparyser/matrices/bfwb62.mtx_102 32 11712447475715148 2.30726
Perman: [veni] running with 32 rows:
	6 of 21 in 0.90798 - percent 0.0201127
	14 of 21 in 2.34256 - percent 0.0222034
 [vidi] 3 3 /home/kaya/sparyser/matrices/bfwb62.mtx_103 32 13512205919639426 3.76673
Perman: [veni] running with 32 rows:
	6 of 21 in 0.732267 - percent 0.0202441
	14 of 21 in 1.88597 - percent 0.0223483
 [vidi] 3 3 /home/kaya/sparyser/matrices/bfwb62.mtx_104 32 9212935940005986 3.03315
Perman: [veni] running with 32 rows:
	12 of 21 in 1.36225 - percent 0.0189569
	14 of 21 in 1.80884 - percent 0.0215706
 [vidi] 3 3 /home/kaya/sparyser/matrices/bfwb62.mtx_105 32 2327295428727658 2.90964
Perman: [veni] running with 32 rows:
	6 of 21 in 0.807365 - percent 0.0169612
	14 of 21 in 2.07987 - percent 0.0187254
 [vidi] 3 3 /home/kaya/sparyser/matrices/bfwb62.mtx_106 32 8471630706083477 3.3424
Perman: [veni] running with 32 rows:
	6 of 21 in 0.681558 - percent 0.0153854
	14 of 21 in 1.75742 - percent 0.0169864
 [vidi] 3 3 /home/kaya/sparyser/matrices/bfwb62.mtx_107 32 5608037298746554 2.82556
Perman: [veni] running with 32 rows:
	6 of 21 in 1.24565 - percent 0.0294361
	14 of 21 in 3.20801 - percent 0.0324925
 [vidi] 3 3 /home/kaya/sparyser/matrices/bfwb62.mtx_108 32 4227554987426391 5.15487
Perman: [veni] running with 32 rows:
	6 of 21 in 0.827227 - percent 0.0202441
	14 of 21 in 2.13385 - percent 0.0223483
 [vidi] 3 3 /home/kaya/sparyser/matrices/bfwb62.mtx_109 32 2004014756907845 3.43067
Perman: [veni] running with 32 rows:
	7 of 21 in 0.755752 - percent 0.012734
 [vidi] 3 3 /home/kaya/sparyser/matrices/bfwb62.mtx_110 32 8055733813921328 2.4414
Perman: [veni] running with 32 rows:
	16 of 21 in 2.91829 - percent 0.0256951
	17 of 21 in 3.18978 - percent 0.0264322
 [vidi] 3 3 /home/kaya/sparyser/matrices/bfwb62.mtx_111 32 8060364624951568 3.72805
Perman: [veni] running with 32 rows:
	7 of 21 in 0.887649 - percent 0.0148231
 [vidi] 3 3 /home/kaya/sparyser/matrices/bfwb62.mtx_112 32 4982377183228916 2.82434
Perman: [veni] running with 32 rows:
	7 of 21 in 0.702157 - percent 0.0125836
 [vidi] 3 3 /home/kaya/sparyser/matrices/bfwb62.mtx_113 32 1077602239382667 2.23583
Perman: [veni] running with 32 rows:
	7 of 21 in 0.946618 - percent 0.0158663
 [vidi] 3 3 /home/kaya/sparyser/matrices/bfwb62.mtx_114 32 4711161846089132 3.06156
Perman: [veni] running with 32 rows:
	17 of 21 in 2.46677 - percent 0.0191247
 [vidi] 3 3 /home/kaya/sparyser/matrices/bfwb62.mtx_115 32 2993005801693582 3.16329
Perman: [veni] running with 32 rows:
	7 of 21 in 0.950772 - percent 0.0159823
 [vidi] 3 3 /home/kaya/sparyser/matrices/bfwb62.mtx_116 32 1946692825941207 3.06773
Perman: [veni] running with 32 rows:
	17 of 21 in 2.72864 - percent 0.0188377
 [vidi] 3 3 /home/kaya/sparyser/matrices/bfwb62.mtx_117 32 1134423542131617 3.14961
Perman: [veni] running with 32 rows:
	6 of 21 in 0.861792 - percent 0.020638
	14 of 21 in 2.22072 - percent 0.0227831
 [vidi] 3 3 /home/kaya/sparyser/matrices/bfwb62.mtx_118 32 5436071505826270 3.57118
Perman: [veni] running with 32 rows:
	6 of 21 in 0.838279 - percent 0.0172238
	14 of 21 in 2.16107 - percent 0.0190152
 [vidi] 3 3 /home/kaya/sparyser/matrices/bfwb62.mtx_119 32 1440057069259197 3.47347
Perman: [veni] running with 32 rows:
	7 of 21 in 0.971386 - percent 0.0183026
 [vidi] 3 3 /home/kaya/sparyser/matrices/bfwb62.mtx_120 32 2275355251192320 3.14176
Perman: [veni] running with 32 rows:
	7 of 21 in 0.656028 - percent 0.0150589
 [vidi] 3 3 /home/kaya/sparyser/matrices/bfwb62.mtx_121 32 882607548446480 2.09048
Perman: [veni] running with 32 rows:
	6 of 21 in 0.620962 - percent 0.016042
	14 of 21 in 1.60117 - percent 0.017711
 [vidi] 3 3 /home/kaya/sparyser/matrices/bfwb62.mtx_122 32 5386509312270578 2.5737
Perman: [veni] running with 32 rows:
	12 of 21 in 0.701312 - percent 0.00891175
	14 of 21 in 0.93317 - percent 0.01016
 [vidi] 3 3 /home/kaya/sparyser/matrices/bfwb62.mtx_123 32 5702906346084529 1.4954
Perman: [veni] running with 32 rows:
	12 of 21 in 1.36698 - percent 0.0132888
	14 of 21 in 1.81574 - percent 0.0151217
 [vidi] 3 3 /home/kaya/sparyser/matrices/bfwb62.mtx_124 32 1882362099923325 2.92091
Perman: [veni] running with 32 rows:
	12 of 21 in 2.25856 - percent 0.0210586
	14 of 21 in 2.99712 - percent 0.0239618
 [vidi] 3 3 /home/kaya/sparyser/matrices/bfwb62.mtx_125 32 3344446810780273 4.81805
Perman: [veni] running with 32 rows:
	6 of 21 in 0.889767 - percent 0.0236583
	14 of 21 in 2.29277 - percent 0.0261161
 [vidi] 3 3 /home/kaya/sparyser/matrices/bfwb62.mtx_126 32 4118668350012615 3.68631
Perman: [veni] running with 32 rows:
	12 of 21 in 1.31521 - percent 0.0159
	14 of 21 in 1.7461 - percent 0.0180926
 [vidi] 3 3 /home/kaya/sparyser/matrices/bfwb62.mtx_127 32 2918161883091843 2.80799
Perman: [veni] running with 32 rows:
	6 of 21 in 0.80397 - percent 0.0226077
	14 of 21 in 2.07266 - percent 0.0249568
 [vidi] 3 3 /home/kaya/sparyser/matrices/bfwb62.mtx_128 32 1591246791114913 3.33263
Perman: [veni] running with 32 rows:
	12 of 21 in 1.74345 - percent 0.0198485
	14 of 21 in 2.31455 - percent 0.022585
 [vidi] 3 3 /home/kaya/sparyser/matrices/bfwb62.mtx_129 32 1202008351570380 3.72201
Perman: [veni] running with 32 rows:
	7 of 21 in 0.945985 - percent 0.0152862
 [vidi] 3 3 /home/kaya/sparyser/matrices/bfwb62.mtx_130 32 37945366102263984 3.05995
Perman: [veni] running with 32 rows:
	7 of 21 in 0.627038 - percent 0.0118059
 [vidi] 3 3 /home/kaya/sparyser/matrices/bfwb62.mtx_131 32 29338315463193480 2.02829
Perman: [veni] running with 32 rows:
	7 of 21 in 1.39838 - percent 0.03665
	15 of 21 in 3.42452 - percent 0.0418976
 [vidi] 3 3 /home/kaya/sparyser/matrices/bfwb62.mtx_132 32 45950789948014592 4.56998
Perman: [veni] running with 32 rows:
	7 of 21 in 0.966144 - percent 0.0238099
	15 of 21 in 2.36625 - percent 0.0272201
 [vidi] 3 3 /home/kaya/sparyser/matrices/bfwb62.mtx_133 32 17977015114137600 3.15795
Perman: [veni] running with 32 rows:
	7 of 21 in 0.972105 - percent 0.0160983
 [vidi] 3 3 /home/kaya/sparyser/matrices/bfwb62.mtx_134 32 38756133501419664 3.14146
Perman: [veni] running with 32 rows:
	7 of 21 in 0.937965 - percent 0.0165624
 [vidi] 3 3 /home/kaya/sparyser/matrices/bfwb62.mtx_135 32 17771801113075622 3.03336
Perman: [veni] running with 32 rows:
	7 of 21 in 1.44601 - percent 0.03665
	15 of 21 in 3.54359 - percent 0.0418976
 [vidi] 3 3 /home/kaya/sparyser/matrices/bfwb62.mtx_136 32 22342626032222208 4.72891
Perman: [veni] running with 32 rows:
	7 of 21 in 1.25083 - percent 0.0295166
	15 of 21 in 3.06659 - percent 0.0337434
 [vidi] 3 3 /home/kaya/sparyser/matrices/bfwb62.mtx_137 32 21702160509042688 4.09247
Perman: [veni] running with 32 rows:
	7 of 21 in 0.781204 - percent 0.0115433
	14 of 21 in 1.57931 - percent 0.0116728
	18 of 21 in 2.2021 - percent 0.012664
 [vidi] 3 3 /home/kaya/sparyser/matrices/bfwb62.mtx_138 32 13010490587684264 2.48948
Perman: [veni] running with 32 rows:
	7 of 21 in 0.736305 - percent 0.0109713
	14 of 21 in 1.48939 - percent 0.0110944
	18 of 21 in 2.07651 - percent 0.0120365
 [vidi] 3 3 /home/kaya/sparyser/matrices/bfwb62.mtx_139 32 18858217778255476 2.34709
Perman: [veni] running with 32 rows:
	18 of 21 in 7.29352 - percent 0.0502735
 [vidi] 3 3 /home/kaya/sparyser/matrices/bfwb62.mtx_140 32 7284607154651136 8.21882
Perman: [veni] running with 32 rows:
	18 of 21 in 6.89958 - percent 0.0539931
 [vidi] 3 3 /home/kaya/sparyser/matrices/bfwb62.mtx_141 32 14008483694247936 7.77529
Perman: [veni] running with 32 rows:
 [vidi] 3 3 /home/kaya/sparyser/matrices/bfwb62.mtx_142 32 16782454809496638 1.42598
Perman: [veni] running with 32 rows:
 [vidi] 3 3 /home/kaya/sparyser/matrices/bfwb62.mtx_143 32 11561119289022534 2.63477
Perman: [veni] running with 32 rows:
	9 of 21 in 1.06924 - percent 0.0122648
	20 of 21 in 2.69563 - percent 0.0139239
 [vidi] 3 3 /home/kaya/sparyser/matrices/bfwb62.mtx_144 32 25376549218505412 2.8177
Perman: [veni] running with 32 rows:
	9 of 21 in 1.00762 - percent 0.0116584
	20 of 21 in 2.53974 - percent 0.0132354
 [vidi] 3 3 /home/kaya/sparyser/matrices/bfwb62.mtx_145 32 36782355622832464 2.65463
Perman: [veni] running with 32 rows:
	7 of 21 in 0.989337 - percent 0.0164057
	14 of 21 in 2.00075 - percent 0.0165896
	18 of 21 in 2.79098 - percent 0.0179983
 [vidi] 3 3 /home/kaya/sparyser/matrices/bfwb62.mtx_146 32 3687520773238784 3.15559
Perman: [veni] running with 32 rows:
	7 of 21 in 1.53299 - percent 0.0301271
	14 of 21 in 3.10314 - percent 0.0304646
	18 of 21 in 4.32812 - percent 0.0330516
 [vidi] 3 3 /home/kaya/sparyser/matrices/bfwb62.mtx_147 32 6925664863191040 4.89341
Perman: [veni] running with 32 rows:
 [vidi] 3 3 /home/kaya/sparyser/matrices/bfwb62.mtx_148 32 4673352993126272 4.50994
Perman: [veni] running with 32 rows:
	14 of 21 in 1.74605 - percent 0.0154574
 [vidi] 3 3 /home/kaya/sparyser/matrices/bfwb62.mtx_149 32 2417851546036480 2.71168
Perman: [veni] running with 32 rows:
 [vidi] 3 3 /home/kaya/sparyser/matrices/bfwb62.mtx_150 32 5589034432214016 2.82356
Perman: [veni] running with 32 rows:
	16 of 21 in 4.30717 - percent 0.0270728
 [vidi] 3 3 /home/kaya/sparyser/matrices/bfwb62.mtx_151 32 3850181304061952 5.21462
Perman: [veni] running with 32 rows:
	9 of 21 in 1.34761 - percent 0.0174189
	20 of 21 in 3.39577 - percent 0.0197763
 [vidi] 3 3 /home/kaya/sparyser/matrices/bfwb62.mtx_152 32 7192392305485824 3.54954
Perman: [veni] running with 32 rows:
	9 of 21 in 2.09819 - percent 0.0319672
	20 of 21 in 5.29477 - percent 0.0362953
 [vidi] 3 3 /home/kaya/sparyser/matrices/bfwb62.mtx_153 32 13508289640853504 5.5345
Perman: [veni] running with 32 rows:
	7 of 21 in 1.14749 - percent 0.0205068
 [vidi] 3 3 /home/kaya/sparyser/matrices/bfwb62.mtx_154 32 7964245450817536 3.70976
Perman: [veni] running with 32 rows:
	7 of 21 in 1.2606 - percent 0.0253794
 [vidi] 3 3 /home/kaya/sparyser/matrices/bfwb62.mtx_155 32 3226548827062272 4.07098
Perman: [veni] running with 32 rows:
	7 of 21 in 0.901974 - percent 0.0207389
 [vidi] 3 3 /home/kaya/sparyser/matrices/bfwb62.mtx_156 32 4244826632765440 2.91852
Perman: [veni] running with 32 rows:
	7 of 21 in 0.717811 - percent 0.013314
 [vidi] 3 3 /home/kaya/sparyser/matrices/bfwb62.mtx_157 32 2363465817480336 2.32027
Perman: [veni] running with 32 rows:
	2 of 21 in 0.506638 - percent 0.032969
	7 of 21 in 1.05636 - percent 0.0196501
	15 of 21 in 2.85675 - percent 0.0248104
	17 of 21 in 3.40042 - percent 0.026061
 [vidi] 3 3 /home/kaya/sparyser/matrices/bfwb62.mtx_158 32 5187509595588316 3.85611
Perman: [veni] running with 32 rows:
	2 of 21 in 0.400278 - percent 0.026541
	7 of 21 in 0.834955 - percent 0.0158187
	15 of 21 in 2.26074 - percent 0.0199737
	17 of 21 in 2.69105 - percent 0.0209805
 [vidi] 3 3 /home/kaya/sparyser/matrices/bfwb62.mtx_159 32 3097887413379369 3.05191
Perman: [veni] running with 32 rows:
	7 of 21 in 1.02609 - percent 0.022247
 [vidi] 3 3 /home/kaya/sparyser/matrices/bfwb62.mtx_160 32 3011783119863808 3.32013
Perman: [veni] running with 32 rows:
	7 of 21 in 0.929541 - percent 0.0212029
 [vidi] 3 3 /home/kaya/sparyser/matrices/bfwb62.mtx_161 32 857576137506816 3.00531
Perman: [veni] running with 32 rows:
	7 of 21 in 0.979213 - percent 0.0167944
 [vidi] 3 3 /home/kaya/sparyser/matrices/bfwb62.mtx_162 32 27267216525090976 3.16692
Perman: [veni] running with 32 rows:
	17 of 21 in 2.30148 - percent 0.0191247
 [vidi] 3 3 /home/kaya/sparyser/matrices/bfwb62.mtx_163 32 8205296494071132 2.95124
Perman: [veni] running with 32 rows:
	7 of 21 in 1.3983 - percent 0.03665
	15 of 21 in 3.42553 - percent 0.0418976
 [vidi] 3 3 /home/kaya/sparyser/matrices/bfwb62.mtx_164 32 3543863415275520 4.57042
Perman: [veni] running with 32 rows:
	7 of 21 in 0.972821 - percent 0.0239477
	15 of 21 in 2.37001 - percent 0.0272207
 [vidi] 3 3 /home/kaya/sparyser/matrices/bfwb62.mtx_165 32 8633760438288384 3.16259
Perman: [veni] running with 32 rows:
	7 of 21 in 0.927071 - percent 0.0158663
 [vidi] 3 3 /home/kaya/sparyser/matrices/bfwb62.mtx_166 32 13591054863995442 2.99977
Perman: [veni] running with 32 rows:
	17 of 21 in 2.76668 - percent 0.0191247
 [vidi] 3 3 /home/kaya/sparyser/matrices/bfwb62.mtx_167 32 5793269739435153 3.54804
Perman: [veni] running with 32 rows:
	7 of 21 in 0.96724 - percent 0.0160983
 [vidi] 3 3 /home/kaya/sparyser/matrices/bfwb62.mtx_168 32 4383500677370948 3.1306
Perman: [veni] running with 32 rows:
	17 of 21 in 2.75286 - percent 0.018643
 [vidi] 3 3 /home/kaya/sparyser/matrices/bfwb62.mtx_169 32 3194008031247254 3.52954
Perman: [veni] running with 32 rows:
	6 of 21 in 0.852928 - percent 0.0205067
	14 of 21 in 2.19934 - percent 0.0226381
 [vidi] 3 3 /home/kaya/sparyser/matrices/bfwb62.mtx_170 32 5597524106159420 3.53552
Perman: [veni] running with 32 rows:
	6 of 21 in 0.827276 - percent 0.0170925
	14 of 21 in 2.13293 - percent 0.0188703
 [vidi] 3 3 /home/kaya/sparyser/matrices/bfwb62.mtx_171 32 1441308639809008 3.42787
Perman: [veni] running with 32 rows:
	7 of 21 in 0.972333 - percent 0.0183026
 [vidi] 3 3 /home/kaya/sparyser/matrices/bfwb62.mtx_172 32 2043564386231040 3.14454
Perman: [veni] running with 32 rows:
	7 of 21 in 0.655507 - percent 0.0150589
 [vidi] 3 3 /home/kaya/sparyser/matrices/bfwb62.mtx_173 32 873846554629992 2.0869
Perman: [veni] running with 32 rows:
	7 of 21 in 0.81845 - percent 0.0196947
 [vidi] 3 3 /home/kaya/sparyser/matrices/bfwb62.mtx_174 32 11456567564042240 2.64532
Perman: [veni] running with 32 rows:
	7 of 21 in 0.798777 - percent 0.0193467
 [vidi] 3 3 /home/kaya/sparyser/matrices/bfwb62.mtx_175 32 7522940232846208 2.5834
Perman: [veni] running with 32 rows:
	16 of 21 in 3.88128 - percent 0.0324297
 [vidi] 3 3 /home/kaya/sparyser/matrices/bfwb62.mtx_176 32 8144363035295744 4.58873
Perman: [veni] running with 32 rows:
 [vidi] 3 3 /home/kaya/sparyser/matrices/bfwb62.mtx_177 32 15705064650561536 2.92745
Perman: [veni] running with 32 rows:
	7 of 21 in 0.978375 - percent 0.0212029
 [vidi] 3 3 /home/kaya/sparyser/matrices/bfwb62.mtx_178 32 7183013673242624 3.16578
Perman: [veni] running with 32 rows:
	7 of 21 in 0.800081 - percent 0.0193467
 [vidi] 3 3 /home/kaya/sparyser/matrices/bfwb62.mtx_179 32 6288891678208000 2.58725
Perman: [veni] running with 32 rows:
	7 of 21 in 0.735921 - percent 0.0154125
 [vidi] 3 3 /home/kaya/sparyser/matrices/bfwb62.mtx_180 32 4332937228316672 2.34434
Perman: [veni] running with 32 rows:
	3 of 21 in 0.157614 - percent 0.00582191
	6 of 21 in 1.67549 - percent 0.030973
	17 of 21 in 7.23363 - percent 0.0471716
	21 of 21 in 9.25436 - percent 0.0488569
 [vidi] 3 3 /home/kaya/sparyser/matrices/bfwb62.mtx_181 32 31007155616219136 9.49428
Perman: [veni] running with 32 rows:
	7 of 21 in 0.934572 - percent 0.0228271
 [vidi] 3 3 /home/kaya/sparyser/matrices/bfwb62.mtx_182 32 13549252407525120 3.02119
Perman: [veni] running with 32 rows:
 [vidi] 3 3 /home/kaya/sparyser/matrices/bfwb62.mtx_183 32 20281950996267008 3.45177
Perman: [veni] running with 32 rows:
	16 of 21 in 3.43421 - percent 0.0383278
	17 of 21 in 3.82103 - percent 0.0401379
 [vidi] 3 3 /home/kaya/sparyser/matrices/bfwb62.mtx_184 32 16420104923361160 4.45389
Perman: [veni] running with 32 rows:
	7 of 21 in 0.912722 - percent 0.0183886
	15 of 21 in 2.23623 - percent 0.021023
 [vidi] 3 3 /home/kaya/sparyser/matrices/bfwb62.mtx_185 32 13578539158537440 2.98346
Perman: [veni] running with 32 rows:
	7 of 21 in 1.03366 - percent 0.0223633
 [vidi] 3 3 /home/kaya/sparyser/matrices/bfwb62.mtx_186 32 14198066576127488 3.92355
Perman: [veni] running with 32 rows:
 [vidi] 3 3 /home/kaya/sparyser/matrices/bfwb62.mtx_187 32 9988283895835264 2.76948
Perman: [veni] running with 32 rows:
	6 of 21 in 0.627617 - percent 0.0148601
	14 of 21 in 1.61897 - percent 0.0164067
 [vidi] 3 3 /home/kaya/sparyser/matrices/bfwb62.mtx_188 32 5602280074241988 2.60101
Perman: [veni] running with 32 rows:
	6 of 21 in 0.837932 - percent 0.0201127
	14 of 21 in 2.16077 - percent 0.0222034
 [vidi] 3 3 /home/kaya/sparyser/matrices/bfwb62.mtx_189 32 5715171737418052 3.47417
Perman: [veni] running with 32 rows:
	7 of 21 in 0.927219 - percent 0.0212029
 [vidi] 3 3 /home/kaya/sparyser/matrices/bfwb62.mtx_190 32 2259082327097344 3.00007
Perman: [veni] running with 32 rows:
	7 of 21 in 0.652926 - percent 0.0148222
 [vidi] 3 3 /home/kaya/sparyser/matrices/bfwb62.mtx_191 32 3264596653637632 2.11307
Perman: [veni] running with 32 rows:
	7 of 21 in 1.28345 - percent 0.0237552
 [vidi] 3 3 /home/kaya/sparyser/matrices/bfwb62.mtx_192 32 4798396312954624 4.15252
Perman: [veni] running with 32 rows:
	7 of 21 in 1.50285 - percent 0.0297879
 [vidi] 3 3 /home/kaya/sparyser/matrices/bfwb62.mtx_193 32 1744689339976064 4.86207
Perman: [veni] running with 32 rows:
	7 of 21 in 1.20685 - percent 0.0237552
 [vidi] 3 3 /home/kaya/sparyser/matrices/bfwb62.mtx_194 32 2321788518164736 3.90374
Perman: [veni] running with 32 rows:
 [vidi] 3 3 /home/kaya/sparyser/matrices/bfwb62.mtx_195 32 2935683871162368 6.17346
Perman: [veni] running with 32 rows:
	16 of 21 in 1.79609 - percent 0.0125395
	17 of 21 in 1.93903 - percent 0.0127413
 [vidi] 3 3 /home/kaya/sparyser/matrices/bfwb62.mtx_196 32 2119484223171527 2.26969
Perman: [veni] running with 32 rows:
	16 of 21 in 1.82546 - percent 0.013037
	17 of 21 in 1.97073 - percent 0.0132475
 [vidi] 3 3 /home/kaya/sparyser/matrices/bfwb62.mtx_197 32 3608203219697522 2.30619
Perman: [veni] running with 32 rows:
	7 of 21 in 0.94186 - percent 0.0212029
 [vidi] 3 3 /home/kaya/sparyser/matrices/bfwb62.mtx_198 32 9205551686942720 3.04516
Perman: [veni] running with 32 rows:
	7 of 21 in 0.669382 - percent 0.0150589
 [vidi] 3 3 /home/kaya/sparyser/matrices/bfwb62.mtx_199 32 2856334298139808 2.1311
Perman: [veni] running with 32 rows:
	7 of 21 in 1.16706 - percent 0.0297879
 [vidi] 3 3 /home/kaya/sparyser/matrices/bfwb62.mtx_200 32 4490384799117312 3.7762
Perman: [veni] running with 32 rows:
	7 of 21 in 1.21909 - percent 0.0302645
 [vidi] 3 3 /home/kaya/sparyser/matrices/bfwb62.mtx_201 32 2055078835600384 3.88146
Perman: [veni] running with 32 rows:
	7 of 21 in 0.917234 - percent 0.0163912
	15 of 21 in 2.24554 - percent 0.0187398
 [vidi] 3 3 /home/kaya/sparyser/matrices/bfwb62.mtx_202 32 3375485760295691 2.99518
Perman: [veni] running with 32 rows:
	7 of 21 in 1.01432 - percent 0.0189592
	15 of 21 in 2.48452 - percent 0.0216753
 [vidi] 3 3 /home/kaya/sparyser/matrices/bfwb62.mtx_203 32 8787527111679962 3.31485
Perman: [veni] running with 32 rows:
	7 of 21 in 1.04077 - percent 0.0191019
	15 of 21 in 2.55152 - percent 0.0218384
 [vidi] 3 3 /home/kaya/sparyser/matrices/bfwb62.mtx_204 32 12218332290083058 3.40451
Perman: [veni] running with 32 rows:
	7 of 21 in 1.50911 - percent 0.0297879
 [vidi] 3 3 /home/kaya/sparyser/matrices/bfwb62.mtx_205 32 4200598274572288 4.88212
Perman: [veni] running with 32 rows:
	7 of 21 in 1.19544 - percent 0.0297879
 [vidi] 3 3 /home/kaya/sparyser/matrices/bfwb62.mtx_206 32 5083867258028032 3.87025
Perman: [veni] running with 32 rows:
	7 of 21 in 1.05674 - percent 0.0189592
	15 of 21 in 2.58875 - percent 0.0216753
 [vidi] 3 3 /home/kaya/sparyser/matrices/bfwb62.mtx_207 32 21577701983841584 3.4544
Perman: [veni] running with 32 rows:
	7 of 21 in 1.04723 - percent 0.0192446
	15 of 21 in 2.56562 - percent 0.0220015
 [vidi] 3 3 /home/kaya/sparyser/matrices/bfwb62.mtx_208 32 26315146811381800 3.42205
Perman: [veni] running with 32 rows:
	7 of 21 in 1.51847 - percent 0.0255219
	15 of 21 in 3.71884 - percent 0.0291771
 [vidi] 3 3 /home/kaya/sparyser/matrices/bfwb62.mtx_209 32 11723711610616164 4.9619
Perman: [veni] running with 32 rows:
	7 of 21 in 0.80566 - percent 0.0144641
	15 of 21 in 1.87027 - percent 0.015663
	17 of 21 in 2.04141 - percent 0.0150861
 [vidi] 3 3 /home/kaya/sparyser/matrices/bfwb62.mtx_210 32 6638330171527820 2.60837
Perman: [veni] running with 32 rows:
	7 of 21 in 1.24748 - percent 0.0238099
	15 of 21 in 3.05401 - percent 0.0272201
 [vidi] 3 3 /home/kaya/sparyser/matrices/bfwb62.mtx_211 32 7154477864357672 4.07346
Perman: [veni] running with 32 rows:
	6 of 21 in 1.75601 - percent 0.0327469
	17 of 21 in 5.93383 - percent 0.0390772
 [vidi] 3 3 /home/kaya/sparyser/matrices/bfwb62.mtx_212 32 12639861249684972 7.4565
Perman: [veni] running with 32 rows:
	7 of 21 in 1.46006 - percent 0.0288598
 [vidi] 3 3 /home/kaya/sparyser/matrices/bfwb62.mtx_213 32 3145947720597504 4.71888
Perman: [veni] running with 32 rows:
	7 of 21 in 1.18797 - percent 0.0297879
 [vidi] 3 3 /home/kaya/sparyser/matrices/bfwb62.mtx_214 32 4959723751768064 3.85395
Perman: [veni] running with 32 rows:
	7 of 21 in 1.37826 - percent 0.0260926
	15 of 21 in 3.37761 - percent 0.0298294
 [vidi] 3 3 /home/kaya/sparyser/matrices/bfwb62.mtx_215 32 15984433217493728 4.50668
Perman: [veni] running with 32 rows:
	17 of 21 in 4.37621 - percent 0.0288181
 [vidi] 3 3 /home/kaya/sparyser/matrices/bfwb62.mtx_216 32 14789934289211986 5.11881
Perman: [veni] running with 32 rows:
	7 of 21 in 1.35966 - percent 0.0269486
	15 of 21 in 3.32882 - percent 0.0308079
 [vidi] 3 3 /home/kaya/sparyser/matrices/bfwb62.mtx_217 32 5813795496377212 4.44227
Perman: [veni] running with 32 rows:
	7 of 21 in 1.38006 - percent 0.0253793
	15 of 21 in 3.38115 - percent 0.029014
 [vidi] 3 3 /home/kaya/sparyser/matrices/bfwb62.mtx_218 32 10866135473089728 4.51145
Perman: [veni] running with 32 rows:
	7 of 21 in 0.732326 - percent 0.0115158
 [vidi] 3 3 /home/kaya/sparyser/matrices/bfwb62.mtx_219 32 13056383927105888 2.36794
Perman: [veni] running with 32 rows:
	17 of 21 in 2.31378 - percent 0.0158947
 [vidi] 3 3 /home/kaya/sparyser/matrices/bfwb62.mtx_220 32 11896428345861678 2.74087
Perman: [veni] running with 32 rows:
	7 of 21 in 1.39256 - percent 0.03665
	15 of 21 in 3.41276 - percent 0.0418976
 [vidi] 3 3 /home/kaya/sparyser/matrices/bfwb62.mtx_221 32 18382391857159077888 4.55392
Perman: [veni] running with 32 rows:
	7 of 21 in 1.43888 - percent 0.03665
	15 of 21 in 3.5248 - percent 0.0418976
 [vidi] 3 3 /home/kaya/sparyser/matrices/bfwb62.mtx_222 32 5640322851799040 4.70479
Perman: [veni] running with 32 rows:
	7 of 21 in 1.45626 - percent 0.03665
	15 of 21 in 3.56737 - percent 0.0418976
 [vidi] 3 3 /home/kaya/sparyser/matrices/bfwb62.mtx_223 32 11161968509452288 4.75844
Perman: [veni] running with 32 rows:
	7 of 21 in 1.44698 - percent 0.0368612
	15 of 21 in 3.52502 - percent 0.0418981
 [vidi] 3 3 /home/kaya/sparyser/matrices/bfwb62.mtx_224 32 4637909428731904 4.70283
Perman: [veni] running with 32 rows:
	7 of 21 in 1.41498 - percent 0.03665
	15 of 21 in 3.46788 - percent 0.0418976
 [vidi] 3 3 /home/kaya/sparyser/matrices/bfwb62.mtx_225 32 2679681635581952 4.62807
Perman: [veni] running with 32 rows:
	15 of 21 in 4.30732 - percent 0.051218
 [vidi] 3 3 /home/kaya/sparyser/matrices/bfwb62.mtx_226 32 5205339843034980 6.06974
Perman: [veni] running with 32 rows:
	7 of 21 in 1.08636 - percent 0.0250939
	15 of 21 in 2.66216 - percent 0.0286879
 [vidi] 3 3 /home/kaya/sparyser/matrices/bfwb62.mtx_227 32 9124950539567104 3.55356
Perman: [veni] running with 32 rows:
	2 of 21 in 0.465842 - percent 0.0376828
	7 of 21 in 0.971841 - percent 0.0224598
	15 of 21 in 2.63139 - percent 0.0283573
	17 of 21 in 3.13291 - percent 0.0297866
 [vidi] 3 3 /home/kaya/sparyser/matrices/bfwb62.mtx_228 32 3265597859409873 3.55308
Perman: [veni] running with 32 rows:
	17 of 21 in 2.6034 - percent 0.0185701
 [vidi] 3 3 /home/kaya/sparyser/matrices/bfwb62.mtx_229 32 3067349092076843 3.00474
Perman: [veni] running with 32 rows:
	17 of 21 in 2.8373 - percent 0.0212458
 [vidi] 3 3 /home/kaya/sparyser/matrices/bfwb62.mtx_230 32 2043063757918094 3.27469
Perman: [veni] running with 32 rows:
	7 of 21 in 1.35605 - percent 0.0243353
 [vidi] 3 3 /home/kaya/sparyser/matrices/bfwb62.mtx_231 32 12093175235565128 4.38263
Perman: [veni] running with 32 rows:
	7 of 21 in 1.04413 - percent 0.0225951
 [vidi] 3 3 /home/kaya/sparyser/matrices/bfwb62.mtx_232 32 5000274642021630 3.37431
Perman: [veni] running with 32 rows:
	7 of 21 in 1.52601 - percent 0.0266555
 [vidi] 3 3 /home/kaya/sparyser/matrices/bfwb62.mtx_233 32 8822070458731502 4.93255
Perman: [veni] running with 32 rows:
	7 of 21 in 0.975877 - percent 0.0191147
 [vidi] 3 3 /home/kaya/sparyser/matrices/bfwb62.mtx_234 32 3920920203878832 3.15452
Perman: [veni] running with 32 rows:
	2 of 21 in 0.752599 - percent 0.05161
	7 of 21 in 1.57122 - percent 0.0307613
	15 of 21 in 4.25543 - percent 0.0388367
	17 of 21 in 5.06617 - percent 0.0407942
 [vidi] 3 3 /home/kaya/sparyser/matrices/bfwb62.mtx_235 32 5341202458535489 5.7449
Perman: [veni] running with 32 rows:
	2 of 21 in 0.344551 - percent 0.026541
	7 of 21 in 0.718175 - percent 0.0158187
	15 of 21 in 1.94413 - percent 0.0199737
	17 of 21 in 2.31487 - percent 0.0209805
 [vidi] 3 3 /home/kaya/sparyser/matrices/bfwb62.mtx_236 32 1651572491395738 2.62529
Perman: [veni] running with 32 rows:
	7 of 21 in 0.92193 - percent 0.0212029
 [vidi] 3 3 /home/kaya/sparyser/matrices/bfwb62.mtx_237 32 1548443411021824 2.98301
Perman: [veni] running with 32 rows:
	7 of 21 in 0.666475 - percent 0.0150589
 [vidi] 3 3 /home/kaya/sparyser/matrices/bfwb62.mtx_238 32 1661334718603264 2.12241
Perman: [veni] running with 32 rows:
	7 of 21 in 0.620166 - percent 0.0120379
 [vidi] 3 3 /home/kaya/sparyser/matrices/bfwb62.mtx_239 32 4226303416898607 2.00571
Perman: [veni] running with 32 rows:
	17 of 21 in 1.73593 - percent 0.0138877
 [vidi] 3 3 /home/kaya/sparyser/matrices/bfwb62.mtx_240 32 1857330689018376 2.00329
Perman: [veni] running with 32 rows:
	2 of 21 in 0.409405 - percent 0.0357544
	7 of 21 in 0.854668 - percent 0.0213104
	15 of 21 in 2.31643 - percent 0.0269063
	17 of 21 in 2.75808 - percent 0.0282625
 [vidi] 3 3 /home/kaya/sparyser/matrices/bfwb62.mtx_241 32 1920910472708490 3.12839
Perman: [veni] running with 32 rows:
	2 of 21 in 0.667753 - percent 0.0464677
	7 of 21 in 1.39369 - percent 0.0276961
	15 of 21 in 3.7702 - percent 0.0349674
	17 of 21 in 4.48857 - percent 0.0367299
 [vidi] 3 3 /home/kaya/sparyser/matrices/bfwb62.mtx_242 32 1261583109461101 5.09034
Perman: [veni] running with 32 rows:
	7 of 21 in 1.7584 - percent 0.0343673
	15 of 21 in 4.3094 - percent 0.0392882
 [vidi] 3 3 /home/kaya/sparyser/matrices/bfwb62.mtx_243 32 39891558299999480 5.75243
Perman: [veni] running with 32 rows:
	7 of 21 in 0.81478 - percent 0.0178491
	15 of 21 in 1.89085 - percent 0.0193288
	17 of 21 in 2.06394 - percent 0.018617
 [vidi] 3 3 /home/kaya/sparyser/matrices/bfwb62.mtx_244 32 13618088787753408 2.6379
Perman: [veni] running with 32 rows:
	7 of 21 in 1.48729 - percent 0.0297879
 [vidi] 3 3 /home/kaya/sparyser/matrices/bfwb62.mtx_245 32 13214655518343168 4.8036
Perman: [veni] running with 32 rows:
	7 of 21 in 1.19413 - percent 0.0302645
 [vidi] 3 3 /home/kaya/sparyser/matrices/bfwb62.mtx_246 32 12837664562610176 3.7861
Perman: [veni] running with 32 rows:
	7 of 21 in 0.830727 - percent 0.0173745
 [vidi] 3 3 /home/kaya/sparyser/matrices/bfwb62.mtx_247 32 21370066427478016 2.68464
Perman: [veni] running with 32 rows:
	17 of 21 in 1.8103 - percent 0.0151503
 [vidi] 3 3 /home/kaya/sparyser/matrices/bfwb62.mtx_248 32 7267369557786624 2.32137
Perman: [veni] running with 32 rows:
	2 of 21 in 0.465045 - percent 0.0376828
	7 of 21 in 0.970303 - percent 0.0224598
	15 of 21 in 2.62696 - percent 0.0283573
	17 of 21 in 3.12661 - percent 0.0297866
 [vidi] 3 3 /home/kaya/sparyser/matrices/bfwb62.mtx_249 32 9775266585921100 3.54542
Perman: [veni] running with 32 rows:
	2 of 21 in 0.351599 - percent 0.0226463
	7 of 21 in 0.733862 - percent 0.0134973
 [vidi] 3 3 /home/kaya/sparyser/matrices/bfwb62.mtx_250 32 5527185841541267 2.68301
Perman: [veni] running with 32 rows:
	7 of 21 in 0.654774 - percent 0.013082
 [vidi] 3 3 /home/kaya/sparyser/matrices/bfwb62.mtx_251 32 14217340764808162 2.11548
Perman: [veni] running with 32 rows:
	17 of 21 in 1.83135 - percent 0.0150918
 [vidi] 3 3 /home/kaya/sparyser/matrices/bfwb62.mtx_252 32 5620553004204559 2.11347
Perman: [veni] running with 32 rows:
	2 of 21 in 0.6078 - percent 0.0550383
	7 of 21 in 1.26847 - percent 0.0328047
	15 of 21 in 3.43517 - percent 0.0414163
	17 of 21 in 4.08905 - percent 0.0435038
 [vidi] 3 3 /home/kaya/sparyser/matrices/bfwb62.mtx_253 32 4779520495400960 4.63773
Perman: [veni] running with 32 rows:
	2 of 21 in 0.608277 - percent 0.0550383
	7 of 21 in 1.2681 - percent 0.0328047
	15 of 21 in 3.43377 - percent 0.0414163
	17 of 21 in 4.08793 - percent 0.0435038
 [vidi] 3 3 /home/kaya/sparyser/matrices/bfwb62.mtx_254 32 3582495286473216 4.63636
Perman: [veni] running with 32 rows:
	7 of 21 in 1.08555 - percent 0.0250939
	15 of 21 in 2.6598 - percent 0.0286879
 [vidi] 3 3 /home/kaya/sparyser/matrices/bfwb62.mtx_255 32 21598102547726336 3.54805
Perman: [veni] running with 32 rows:
	2 of 21 in 0.465797 - percent 0.0376828
	7 of 21 in 0.971973 - percent 0.0224598
	15 of 21 in 2.62875 - percent 0.0283573
	17 of 21 in 3.12899 - percent 0.0297866
 [vidi] 3 3 /home/kaya/sparyser/matrices/bfwb62.mtx_256 32 8563245669575066 3.54905
Perman: [veni] running with 32 rows:
	7 of 21 in 0.683251 - percent 0.013082
 [vidi] 3 3 /home/kaya/sparyser/matrices/bfwb62.mtx_257 32 8893660293902341 2.2096
Perman: [veni] running with 32 rows:
	16 of 21 in 2.08021 - percent 0.0151803
	17 of 21 in 2.27338 - percent 0.0156157
 [vidi] 3 3 /home/kaya/sparyser/matrices/bfwb62.mtx_258 32 3105897464868378 2.65663
Perman: [veni] running with 32 rows:
 [vidi] 3 3 /home/kaya/sparyser/matrices/bfwb62.mtx_259 32 5375663307853729 1.88727
Perman: [veni] running with 32 rows:
 [vidi] 3 3 /home/kaya/sparyser/matrices/bfwb62.mtx_260 32 2374419802368993 1.37769
Perman: [veni] running with 32 rows:
 [vidi] 3 3 /home/kaya/sparyser/matrices/bfwb62.mtx_261 32 4917840601180532 1.20351
Perman: [veni] running with 32 rows:
 [vidi] 3 3 /home/kaya/sparyser/matrices/bfwb62.mtx_262 32 2897233162862586 0.88409
Perman: [veni] running with 32 rows:
	14 of 21 in 1.84716 - percent 0.0145292
 [vidi] 3 3 /home/kaya/sparyser/matrices/bfwb62.mtx_263 32 20947057613216820 2.95614
Perman: [veni] running with 32 rows:
	14 of 21 in 2.34488 - percent 0.0203266
 [vidi] 3 3 /home/kaya/sparyser/matrices/bfwb62.mtx_264 32 7482444384057653 3.75533
Perman: [veni] running with 32 rows:
	14 of 21 in 2.07768 - percent 0.0173788
 [vidi] 3 3 /home/kaya/sparyser/matrices/bfwb62.mtx_265 32 13297242762690864 3.32729
Perman: [veni] running with 32 rows:
	14 of 21 in 2.35663 - percent 0.0203266
 [vidi] 3 3 /home/kaya/sparyser/matrices/bfwb62.mtx_266 32 6599773439770257 3.77482
Perman: [veni] running with 32 rows:
	7 of 21 in 1.08575 - percent 0.0250939
	15 of 21 in 2.65944 - percent 0.0286879
 [vidi] 3 3 /home/kaya/sparyser/matrices/bfwb62.mtx_267 32 12985294755528704 3.54882
Perman: [veni] running with 32 rows:
	2 of 21 in 0.465496 - percent 0.0376828
	7 of 21 in 0.971284 - percent 0.0224598
	15 of 21 in 2.6293 - percent 0.0283573
	17 of 21 in 3.12933 - percent 0.0297866
 [vidi] 3 3 /home/kaya/sparyser/matrices/bfwb62.mtx_268 32 4857094969731210 3.5488
Perman: [veni] running with 32 rows:
 [vidi] 3 3 /home/kaya/sparyser/matrices/bfwb62.mtx_269 32 4768984405278086 3.01461
Perman: [veni] running with 32 rows:
 [vidi] 3 3 /home/kaya/sparyser/matrices/bfwb62.mtx_270 32 2929676332106453 2.02788
Perman: [veni] running with 32 rows:
	15 of 21 in 6.21973 - percent 0.0474034
	18 of 21 in 8.5764 - percent 0.0544805
 [vidi] 3 3 /home/kaya/sparyser/matrices/bfwb62.mtx_271 32 3619170971549696 9.20149
Perman: [veni] running with 32 rows:
	15 of 21 in 5.09741 - percent 0.0469353
	17 of 21 in 6.42586 - percent 0.0522089
	18 of 21 in 7.02928 - percent 0.0539428
 [vidi] 3 3 /home/kaya/sparyser/matrices/bfwb62.mtx_272 32 3649520531079168 7.54193
Perman: [veni] running with 32 rows:
	14 of 21 in 3.04268 - percent 0.0304728
 [vidi] 3 3 /home/kaya/sparyser/matrices/bfwb62.mtx_273 32 12929178686961812 4.53889
Perman: [veni] running with 32 rows:
	14 of 21 in 2.91461 - percent 0.0290468
 [vidi] 3 3 /home/kaya/sparyser/matrices/bfwb62.mtx_274 32 9638569856669872 4.34959
Perman: [veni] running with 32 rows:
	7 of 21 in 0.944624 - percent 0.0152811
	15 of 21 in 2.31397 - percent 0.0174608
 [vidi] 3 3 /home/kaya/sparyser/matrices/bfwb62.mtx_275 32 54454287955783336 3.05404
Perman: [veni] running with 32 rows:
	7 of 21 in 0.627886 - percent 0.0118025
	15 of 21 in 1.53745 - percent 0.0134866
 [vidi] 3 3 /home/kaya/sparyser/matrices/bfwb62.mtx_276 32 43308443629839360 2.02886
Perman: [veni] running with 32 rows:
	7 of 21 in 1.16849 - percent 0.0304943
	15 of 21 in 2.88446 - percent 0.0351059
 [vidi] 3 3 /home/kaya/sparyser/matrices/bfwb62.mtx_277 32 18420989113340526592 3.84063
Perman: [veni] running with 32 rows:
	7 of 21 in 0.807642 - percent 0.0198258
	15 of 21 in 1.99221 - percent 0.0228244
 [vidi] 3 3 /home/kaya/sparyser/matrices/bfwb62.mtx_278 32 29845143624351744 2.65203
Perman: [veni] running with 32 rows:
	7 of 21 in 0.971928 - percent 0.0160928
	15 of 21 in 2.37918 - percent 0.0183882
 [vidi] 3 3 /home/kaya/sparyser/matrices/bfwb62.mtx_279 32 59698651379092552 3.1394
Perman: [veni] running with 32 rows:
	7 of 21 in 0.937924 - percent 0.0165566
	15 of 21 in 2.29643 - percent 0.018918
 [vidi] 3 3 /home/kaya/sparyser/matrices/bfwb62.mtx_280 32 26869502287599040 3.03025
Perman: [veni] running with 32 rows:
	7 of 21 in 1.2058 - percent 0.0304943
	15 of 21 in 2.97363 - percent 0.0351059
 [vidi] 3 3 /home/kaya/sparyser/matrices/bfwb62.mtx_281 32 37026054065356800 3.95905
Perman: [veni] running with 32 rows:
	7 of 21 in 1.09462 - percent 0.0245673
	15 of 21 in 2.7015 - percent 0.0282828
 [vidi] 3 3 /home/kaya/sparyser/matrices/bfwb62.mtx_282 32 32941368368168960 3.59658
Perman: [veni] running with 32 rows:
 [vidi] 3 3 /home/kaya/sparyser/matrices/bfwb62.mtx_283 32 6975948276839721 2.79891
Perman: [veni] running with 32 rows:
 [vidi] 3 3 /home/kaya/sparyser/matrices/bfwb62.mtx_284 32 9594267903587218 1.65716
Perman: [veni] running with 32 rows:
	7 of 21 in 3.22084 - percent 0.056895
	18 of 21 in 9.41578 - percent 0.064724
 [vidi] 3 3 /home/kaya/sparyser/matrices/bfwb62.mtx_285 32 5425715254657024 10.6108
Perman: [veni] running with 32 rows:
	7 of 21 in 3.04698 - percent 0.0611054
	18 of 21 in 8.91042 - percent 0.0695139
 [vidi] 3 3 /home/kaya/sparyser/matrices/bfwb62.mtx_286 32 10604869635276800 10.0405
Perman: [veni] running with 32 rows:
	18 of 21 in 3.56279 - percent 0.0205156
 [vidi] 3 3 /home/kaya/sparyser/matrices/bfwb62.mtx_287 32 16079810201625416 4.26656
Perman: [veni] running with 32 rows:
	18 of 21 in 3.36104 - percent 0.0194985
 [vidi] 3 3 /home/kaya/sparyser/matrices/bfwb62.mtx_288 32 18716439478764856 4.02519
Perman: [veni] running with 32 rows:
 [vidi] 3 3 /home/kaya/sparyser/matrices/bfwb62.mtx_289 32 14835856779663776 2.23091
Perman: [veni] running with 32 rows:
 [vidi] 3 3 /home/kaya/sparyser/matrices/bfwb62.mtx_290 32 17268513250496296 2.10644
Perman: [veni] running with 32 rows:
	19 of 21 in 7.63484 - percent 0.0477743
	21 of 21 in 8.08374 - percent 0.0457675
 [vidi] 3 3 /home/kaya/sparyser/matrices/bfwb62.mtx_291 32 10755283273908224 8.15974
Perman: [veni] running with 32 rows:
	19 of 21 in 4.52168 - percent 0.0242794
	21 of 21 in 4.7877 - percent 0.0232604
 [vidi] 3 3 /home/kaya/sparyser/matrices/bfwb62.mtx_292 32 14792144136962048 4.83271
Perman: [veni] running with 32 rows:
 [vidi] 3 3 /home/kaya/sparyser/matrices/bfwb62.mtx_293 32 10407018552623104 2.35933
Perman: [veni] running with 32 rows:
 [vidi] 3 3 /home/kaya/sparyser/matrices/bfwb62.mtx_294 32 14308399690792960 3.33289
Perman: [veni] running with 32 rows:
	18 of 21 in 3.60266 - percent 0.0303045
 [vidi] 3 3 /home/kaya/sparyser/matrices/bfwb62.mtx_295 32 22589994673635328 4.31396
Perman: [veni] running with 32 rows:
	18 of 21 in 3.35616 - percent 0.0252194
 [vidi] 3 3 /home/kaya/sparyser/matrices/bfwb62.mtx_296 32 31058047181389824 4.01926
Perman: [veni] running with 32 rows:
 [vidi] 3 3 /home/kaya/sparyser/matrices/bfwb62.mtx_297 32 20842104850743296 2.25418
Perman: [veni] running with 32 rows:
 [vidi] 3 3 /home/kaya/sparyser/matrices/bfwb62.mtx_298 32 28655358982160384 2.10286
Perman: [veni] running with 32 rows:
	7 of 21 in 1.46337 - percent 0.0285976
	15 of 21 in 3.61029 - percent 0.0329225
 [vidi] 3 3 /home/kaya/sparyser/matrices/bfwb62.mtx_299 32 48542588719196160 4.80722
Perman: [veni] running with 32 rows:
	7 of 21 in 0.684934 - percent 0.0149509
	15 of 21 in 1.59061 - percent 0.0161992
	17 of 21 in 1.73312 - percent 0.0155742
 [vidi] 3 3 /home/kaya/sparyser/matrices/bfwb62.mtx_300 32 16708155142054860 2.2167
Perman: [veni] running with 32 rows:
	7 of 21 in 0.921823 - percent 0.0211947
	15 of 21 in 2.2577 - percent 0.024217
 [vidi] 3 3 /home/kaya/sparyser/matrices/bfwb62.mtx_301 32 16477916909010944 2.97947
Perman: [veni] running with 32 rows:
	7 of 21 in 0.65448 - percent 0.0148173
	15 of 21 in 1.60311 - percent 0.0169309
 [vidi] 3 3 /home/kaya/sparyser/matrices/bfwb62.mtx_302 32 15644574336679936 2.11554
Perman: [veni] running with 32 rows:
	7 of 21 in 1.25502 - percent 0.0250212
	15 of 21 in 3.07191 - percent 0.0285886
 [vidi] 3 3 /home/kaya/sparyser/matrices/bfwb62.mtx_303 32 34090720361054208 4.05375
Perman: [veni] running with 32 rows:
	7 of 21 in 1.18617 - percent 0.0297754
	15 of 21 in 2.90838 - percent 0.0340201
 [vidi] 3 3 /home/kaya/sparyser/matrices/bfwb62.mtx_304 32 11591520908148736 3.83881
Perman: [veni] running with 32 rows:
	2 of 21 in 0.386035 - percent 0.0310146
	7 of 21 in 0.802613 - percent 0.0184238
	15 of 21 in 2.20322 - percent 0.0236088
	17 of 21 in 2.62341 - percent 0.0248066
 [vidi] 3 3 /home/kaya/sparyser/matrices/bfwb62.mtx_305 32 15579029234175654 2.98804
Perman: [veni] running with 32 rows:
	2 of 21 in 0.293084 - percent 0.0186692
	7 of 21 in 0.609557 - percent 0.0110898
 [vidi] 3 3 /home/kaya/sparyser/matrices/bfwb62.mtx_306 32 8824710454689796 2.27074
Perman: [veni] running with 32 rows:
	7 of 21 in 0.725594 - percent 0.0134258
	15 of 21 in 1.7752 - percent 0.0153413
 [vidi] 3 3 /home/kaya/sparyser/matrices/bfwb62.mtx_307 32 14118200483820316 2.34297
Perman: [veni] running with 32 rows:
	7 of 21 in 0.717007 - percent 0.0133099
	15 of 21 in 1.75693 - percent 0.0152088
 [vidi] 3 3 /home/kaya/sparyser/matrices/bfwb62.mtx_308 32 5363446315803656 2.31845
Perman: [veni] running with 32 rows:
	2 of 21 in 0.502602 - percent 0.0452677
	7 of 21 in 1.04531 - percent 0.026891
	15 of 21 in 2.87032 - percent 0.0344589
	17 of 21 in 3.41766 - percent 0.0362071
 [vidi] 3 3 /home/kaya/sparyser/matrices/bfwb62.mtx_309 32 4461106978983936 3.8914
Perman: [veni] running with 32 rows:
	2 of 21 in 0.502136 - percent 0.0452677
	7 of 21 in 1.04387 - percent 0.026891
	15 of 21 in 2.86544 - percent 0.0344589
	17 of 21 in 3.41199 - percent 0.0362071
 [vidi] 3 3 /home/kaya/sparyser/matrices/bfwb62.mtx_310 32 3573275332958208 3.88567
Perman: [veni] running with 32 rows:
	7 of 21 in 0.911815 - percent 0.0208926
	15 of 21 in 2.24805 - percent 0.0240525
 [vidi] 3 3 /home/kaya/sparyser/matrices/bfwb62.mtx_311 32 27132034953248768 2.99278
Perman: [veni] running with 32 rows:
	2 of 21 in 0.386543 - percent 0.0310146
	7 of 21 in 0.803427 - percent 0.0184238
	15 of 21 in 2.20579 - percent 0.0236088
	17 of 21 in 2.62595 - percent 0.0248066
 [vidi] 3 3 /home/kaya/sparyser/matrices/bfwb62.mtx_312 32 10548464806494380 2.99071
Perman: [veni] running with 32 rows:
	7 of 21 in 1.11404 - percent 0.0216586
	15 of 21 in 2.72778 - percent 0.0247469
 [vidi] 3 3 /home/kaya/sparyser/matrices/bfwb62.mtx_313 32 13963746435160636 3.59961
Perman: [veni] running with 32 rows:
	7 of 21 in 0.988335 - percent 0.0178321
	15 of 21 in 2.42081 - percent 0.0203753
 [vidi] 3 3 /home/kaya/sparyser/matrices/bfwb62.mtx_314 32 4876503399025557 3.19501
Perman: [veni] running with 32 rows:
	7 of 21 in 1.44531 - percent 0.0239746
	15 of 21 in 3.56358 - percent 0.0276005
 [vidi] 3 3 /home/kaya/sparyser/matrices/bfwb62.mtx_315 32 86194791462539136 4.7441
Perman: [veni] running with 32 rows:
	7 of 21 in 0.88332 - percent 0.0182595
	15 of 21 in 2.05132 - percent 0.0197842
	17 of 21 in 2.23518 - percent 0.019021
 [vidi] 3 3 /home/kaya/sparyser/matrices/bfwb62.mtx_316 32 29436662200783788 2.85857
Perman: [veni] running with 32 rows:
	7 of 21 in 0.921996 - percent 0.0211947
	15 of 21 in 2.25786 - percent 0.024217
 [vidi] 3 3 /home/kaya/sparyser/matrices/bfwb62.mtx_317 32 26326560386580480 2.97932
Perman: [veni] running with 32 rows:
	7 of 21 in 0.655768 - percent 0.0148173
	15 of 21 in 1.60522 - percent 0.0169309
 [vidi] 3 3 /home/kaya/sparyser/matrices/bfwb62.mtx_318 32 27995348454604800 2.11839
Perman: [veni] running with 32 rows:
	7 of 21 in 1.14626 - percent 0.0203831
	15 of 21 in 2.80612 - percent 0.0232897
 [vidi] 3 3 /home/kaya/sparyser/matrices/bfwb62.mtx_319 32 46465516035112960 3.70311
Perman: [veni] running with 32 rows:
	7 of 21 in 1.06661 - percent 0.0225862
	15 of 21 in 2.61192 - percent 0.0258067
 [vidi] 3 3 /home/kaya/sparyser/matrices/bfwb62.mtx_320 32 15758635842404352 3.44711
Perman: [veni] running with 32 rows:
	2 of 21 in 0.332965 - percent 0.0227442
	7 of 21 in 0.692781 - percent 0.0135107
	15 of 21 in 1.90208 - percent 0.0173131
	17 of 21 in 2.26535 - percent 0.0181914
 [vidi] 3 3 /home/kaya/sparyser/matrices/bfwb62.mtx_321 32 20894134969847112 2.58003
Perman: [veni] running with 32 rows:
	2 of 21 in 0.402729 - percent 0.0235084
	7 of 21 in 0.83693 - percent 0.0139646
 [vidi] 3 3 /home/kaya/sparyser/matrices/bfwb62.mtx_322 32 12196367664578244 3.11808
Perman: [veni] running with 32 rows:
	7 of 21 in 0.723491 - percent 0.0134258
	15 of 21 in 1.77108 - percent 0.0153413
 [vidi] 3 3 /home/kaya/sparyser/matrices/bfwb62.mtx_323 32 22322343653911648 2.33754
Perman: [veni] running with 32 rows:
	7 of 21 in 0.717494 - percent 0.0133099
	15 of 21 in 1.75664 - percent 0.0152088
 [vidi] 3 3 /home/kaya/sparyser/matrices/bfwb62.mtx_324 32 8824710454683228 2.31815
Perman: [veni] running with 32 rows:
	2 of 21 in 0.43782 - percent 0.0362935
	7 of 21 in 0.910586 - percent 0.0215598
	15 of 21 in 2.502 - percent 0.0276274
	17 of 21 in 2.98001 - percent 0.029029
 [vidi] 3 3 /home/kaya/sparyser/matrices/bfwb62.mtx_325 32 7504164727590912 3.39416
Perman: [veni] running with 32 rows:
	2 of 21 in 0.443082 - percent 0.0364695
	7 of 21 in 0.922085 - percent 0.0216643
	15 of 21 in 2.5315 - percent 0.0277613
	17 of 21 in 3.01506 - percent 0.0291697
 [vidi] 3 3 /home/kaya/sparyser/matrices/bfwb62.mtx_326 32 5624792213804544 3.43402
Perman: [veni] running with 32 rows:
	7 of 21 in 0.772077 - percent 0.0167438
	15 of 21 in 1.90431 - percent 0.0192764
 [vidi] 3 3 /home/kaya/sparyser/matrices/bfwb62.mtx_327 32 33910720468353024 2.53519
Perman: [veni] running with 32 rows:
	2 of 21 in 0.327157 - percent 0.0248558
	7 of 21 in 0.68039 - percent 0.0147651
	15 of 21 in 1.86867 - percent 0.0189205
	17 of 21 in 2.2253 - percent 0.0198804
 [vidi] 3 3 /home/kaya/sparyser/matrices/bfwb62.mtx_328 32 13444969475312978 2.53449
Perman: [veni] running with 32 rows:
	7 of 21 in 0.790471 - percent 0.0134258
	15 of 21 in 1.93394 - percent 0.0153413
 [vidi] 3 3 /home/kaya/sparyser/matrices/bfwb62.mtx_329 32 13963746435150128 2.5521
Perman: [veni] running with 32 rows:
	7 of 21 in 0.784642 - percent 0.0135418
	15 of 21 in 1.92122 - percent 0.0154737
 [vidi] 3 3 /home/kaya/sparyser/matrices/bfwb62.mtx_330 32 4876503399024837 2.5357
Perman: [veni] running with 32 rows:
	7 of 21 in 0.73447 - percent 0.0115126
	15 of 21 in 1.79895 - percent 0.0131554
 [vidi] 3 3 /home/kaya/sparyser/matrices/bfwb62.mtx_331 32 34789497169708528 2.37378
Perman: [veni] running with 32 rows:
	15 of 21 in 2.12967 - percent 0.0166699
	17 of 21 in 2.2947 - percent 0.0158522
 [vidi] 3 3 /home/kaya/sparyser/matrices/bfwb62.mtx_332 32 32329236750805200 2.71834
Perman: [veni] running with 32 rows:
	7 of 21 in 1.16319 - percent 0.0304943
	15 of 21 in 2.87145 - percent 0.0351059
 [vidi] 3 3 /home/kaya/sparyser/matrices/bfwb62.mtx_333 32 12596568157755277312 3.82336
Perman: [veni] running with 32 rows:
	7 of 21 in 1.20218 - percent 0.0304943
	15 of 21 in 2.96512 - percent 0.0351059
 [vidi] 3 3 /home/kaya/sparyser/matrices/bfwb62.mtx_334 32 10139696231350272 3.94795
Perman: [veni] running with 32 rows:
	7 of 21 in 1.214 - percent 0.0304943
	15 of 21 in 2.99426 - percent 0.0351059
 [vidi] 3 3 /home/kaya/sparyser/matrices/bfwb62.mtx_335 32 29566689620262912 3.98577
Perman: [veni] running with 32 rows:
	7 of 21 in 1.20755 - percent 0.0306888
	15 of 21 in 2.95992 - percent 0.0351065
 [vidi] 3 3 /home/kaya/sparyser/matrices/bfwb62.mtx_336 32 12429409063534592 3.94039
Perman: [veni] running with 32 rows:
	7 of 21 in 1.18263 - percent 0.0304943
	15 of 21 in 2.92002 - percent 0.0351059
 [vidi] 3 3 /home/kaya/sparyser/matrices/bfwb62.mtx_337 32 7070753119797248 3.88681
Perman: [veni] running with 32 rows:
	15 of 21 in 3.61879 - percent 0.042854
 [vidi] 3 3 /home/kaya/sparyser/matrices/bfwb62.mtx_338 32 13632837288383346 5.09336
Perman: [veni] running with 32 rows:
	7 of 21 in 0.770357 - percent 0.0167438
	15 of 21 in 1.90104 - percent 0.0192764
 [vidi] 3 3 /home/kaya/sparyser/matrices/bfwb62.mtx_339 32 20387934297915392 2.53076
Perman: [veni] running with 32 rows:
	2 of 21 in 0.326988 - percent 0.0248558
	7 of 21 in 0.680033 - percent 0.0147651
	15 of 21 in 1.86834 - percent 0.0189205
	17 of 21 in 2.22512 - percent 0.0198804
 [vidi] 3 3 /home/kaya/sparyser/matrices/bfwb62.mtx_340 32 7626021268242192 2.53422
Perman: [veni] running with 32 rows:
	15 of 21 in 2.2047 - percent 0.0166013
	17 of 21 in 2.67105 - percent 0.0177489
 [vidi] 3 3 /home/kaya/sparyser/matrices/bfwb62.mtx_341 32 7487680750986404 3.08273
Perman: [veni] running with 32 rows:
	15 of 21 in 2.2969 - percent 0.0194756
	17 of 21 in 2.78286 - percent 0.0208223
 [vidi] 3 3 /home/kaya/sparyser/matrices/bfwb62.mtx_342 32 4599822355103522 3.21189
Perman: [veni] running with 32 rows:
	7 of 21 in 0.816794 - percent 0.0166725
	15 of 21 in 1.99933 - percent 0.0190505
 [vidi] 3 3 /home/kaya/sparyser/matrices/bfwb62.mtx_343 32 17482783462466104 2.63827
Perman: [veni] running with 32 rows:
	7 of 21 in 0.810394 - percent 0.0166725
	15 of 21 in 1.98398 - percent 0.0190505
 [vidi] 3 3 /home/kaya/sparyser/matrices/bfwb62.mtx_344 32 12104795671333828 2.61754
Perman: [veni] running with 32 rows:
	7 of 21 in 1.56578 - percent 0.0304943
	15 of 21 in 3.86097 - percent 0.0351059
 [vidi] 3 3 /home/kaya/sparyser/matrices/bfwb62.mtx_345 32 11568726025306112 5.13886
Perman: [veni] running with 32 rows:
	7 of 21 in 1.20309 - percent 0.0304943
	15 of 21 in 2.96718 - percent 0.0351059
 [vidi] 3 3 /home/kaya/sparyser/matrices/bfwb62.mtx_346 32 5689254096011264 3.95082
Perman: [veni] running with 32 rows:
	7 of 21 in 1.1357 - percent 0.0237457
	15 of 21 in 2.77894 - percent 0.0271314
 [vidi] 3 3 /home/kaya/sparyser/matrices/bfwb62.mtx_347 32 32848410243497984 3.66601
Perman: [veni] running with 32 rows:
	7 of 21 in 1.16705 - percent 0.0208469
	15 of 21 in 2.85848 - percent 0.0238196
 [vidi] 3 3 /home/kaya/sparyser/matrices/bfwb62.mtx_348 32 14495884498698240 3.77242
Perman: [veni] running with 32 rows:
	7 of 21 in 1.18693 - percent 0.0304943
	15 of 21 in 2.92701 - percent 0.0351059
 [vidi] 3 3 /home/kaya/sparyser/matrices/bfwb62.mtx_349 32 18038042407525679104 3.89657
Perman: [veni] running with 32 rows:
	7 of 21 in 0.909351 - percent 0.0208926
	15 of 21 in 2.24383 - percent 0.0240525
 [vidi] 3 3 /home/kaya/sparyser/matrices/bfwb62.mtx_350 32 24120770464055296 2.98685
Perman: [veni] running with 32 rows:
	7 of 21 in 0.794075 - percent 0.0149509
	15 of 21 in 1.84311 - percent 0.0161992
	17 of 21 in 2.00828 - percent 0.0155742
 [vidi] 3 3 /home/kaya/sparyser/matrices/bfwb62.mtx_351 32 50448897530979016 2.56864
Perman: [veni] running with 32 rows:
	7 of 21 in 0.597244 - percent 0.0124244
	15 of 21 in 1.38576 - percent 0.0134616
	17 of 21 in 1.50989 - percent 0.0129421
 [vidi] 3 3 /home/kaya/sparyser/matrices/bfwb62.mtx_352 32 10388705077232854 1.93051
Perman: [veni] running with 32 rows:
	7 of 21 in 0.846647 - percent 0.01459
	15 of 21 in 1.9663 - percent 0.0158081
	17 of 21 in 2.14267 - percent 0.0151982
 [vidi] 3 3 /home/kaya/sparyser/matrices/bfwb62.mtx_353 32 26910572130053852 2.73974
Perman: [veni] running with 32 rows:
	7 of 21 in 1.14044 - percent 0.0237457
	15 of 21 in 2.79127 - percent 0.0271314
 [vidi] 3 3 /home/kaya/sparyser/matrices/bfwb62.mtx_354 32 18731124398227456 3.68341
Perman: [veni] running with 32 rows:
	15 of 21 in 2.69859 - percent 0.022475
	17 of 21 in 3.26968 - percent 0.0240293
 [vidi] 3 3 /home/kaya/sparyser/matrices/bfwb62.mtx_355 32 10215189831400140 3.77366
Perman: [veni] running with 32 rows:
	7 of 21 in 1.18421 - percent 0.0304943
	15 of 21 in 2.92256 - percent 0.0351059
 [vidi] 3 3 /home/kaya/sparyser/matrices/bfwb62.mtx_356 32 15151819986567168 3.89083
Perman: [veni] running with 32 rows:
	7 of 21 in 0.909813 - percent 0.0208926
	15 of 21 in 2.24405 - percent 0.0240525
 [vidi] 3 3 /home/kaya/sparyser/matrices/bfwb62.mtx_357 32 13455973855232000 2.9871
Perman: [veni] running with 32 rows:
	7 of 21 in 0.974849 - percent 0.0182959
	15 of 21 in 2.38537 - percent 0.0209052
 [vidi] 3 3 /home/kaya/sparyser/matrices/bfwb62.mtx_358 32 15908374104375296 3.14839
Perman: [veni] running with 32 rows:
	15 of 21 in 2.0978 - percent 0.0197198
	17 of 21 in 2.30281 - percent 0.0191003
 [vidi] 3 3 /home/kaya/sparyser/matrices/bfwb62.mtx_359 32 14365012551371264 2.95346
Perman: [veni] running with 32 rows:
	7 of 21 in 0.848436 - percent 0.01459
	15 of 21 in 1.96787 - percent 0.0158081
	17 of 21 in 2.14404 - percent 0.0151982
 [vidi] 3 3 /home/kaya/sparyser/matrices/bfwb62.mtx_360 32 11632787242732680 2.74137
Perman: [veni] running with 32 rows:
	7 of 21 in 0.664748 - percent 0.0134258
	15 of 21 in 1.62803 - percent 0.0153412
 [vidi] 3 3 /home/kaya/sparyser/matrices/bfwb62.mtx_361 32 21854265365594112 2.14799
Perman: [veni] running with 32 rows:
	15 of 21 in 2.00431 - percent 0.021489
	17 of 21 in 2.16022 - percent 0.0204353
 [vidi] 3 3 /home/kaya/sparyser/matrices/bfwb62.mtx_362 32 31650896578065408 2.56002
Perman: [veni] running with 32 rows:
	7 of 21 in 1.21021 - percent 0.0263454
	15 of 21 in 2.9872 - percent 0.0303298
 [vidi] 3 3 /home/kaya/sparyser/matrices/bfwb62.mtx_363 32 10028508803419488 3.97678
Perman: [veni] running with 32 rows:
	7 of 21 in 1.45223 - percent 0.0238539
	15 of 21 in 3.37064 - percent 0.025846
	17 of 21 in 3.67257 - percent 0.0248492
 [vidi] 3 3 /home/kaya/sparyser/matrices/bfwb62.mtx_364 32 8348771897608930 4.69656
Perman: [veni] running with 32 rows:
	7 of 21 in 1.05246 - percent 0.0197072
	15 of 21 in 2.59456 - percent 0.0226879
 [vidi] 3 3 /home/kaya/sparyser/matrices/bfwb62.mtx_365 32 22403697313179240 3.45332
Perman: [veni] running with 32 rows:
	7 of 21 in 1.03008 - percent 0.0176267
	15 of 21 in 2.52705 - percent 0.020164
 [vidi] 3 3 /home/kaya/sparyser/matrices/bfwb62.mtx_366 32 9585583325459448 3.36463
Perman: [veni] running with 32 rows:
	7 of 21 in 0.852344 - percent 0.0144915
	15 of 21 in 2.10267 - percent 0.0166836
 [vidi] 3 3 /home/kaya/sparyser/matrices/bfwb62.mtx_367 32 6105847582790872 2.7989
Perman: [veni] running with 32 rows:
	15 of 21 in 2.59127 - percent 0.0195346
 [vidi] 3 3 /home/kaya/sparyser/matrices/bfwb62.mtx_368 32 9667329997515512 3.64777
Perman: [veni] running with 32 rows:
 [vidi] 3 3 /home/kaya/sparyser/matrices/bfwb62.mtx_369 32 18389464099275632 1.92532
Perman: [veni] running with 32 rows:
 [vidi] 3 3 /home/kaya/sparyser/matrices/bfwb62.mtx_370 32 21215226465370280 3.14963
Perman: [veni] running with 32 rows:
 [vidi] 3 3 /home/kaya/sparyser/matrices/bfwb62.mtx_371 32 14465034320815880 2.5339
Perman: [veni] running with 32 rows:
 [vidi] 3 3 /home/kaya/sparyser/matrices/bfwb62.mtx_372 32 3654036940078429 2.42867
Perman: [veni] running with 32 rows:
 [vidi] 3 3 /home/kaya/sparyser/matrices/bfwb62.mtx_373 32 13301126776003214 2.79739
Perman: [veni] running with 32 rows:
 [vidi] 3 3 /home/kaya/sparyser/matrices/bfwb62.mtx_374 32 8805059812336442 2.36393
Perman: [veni] running with 32 rows:
 [vidi] 3 3 /home/kaya/sparyser/matrices/bfwb62.mtx_375 32 6637593964040318 4.30183
Perman: [veni] running with 32 rows:
 [vidi] 3 3 /home/kaya/sparyser/matrices/bfwb62.mtx_376 32 3146460848850531 2.86109
Perman: [veni] running with 32 rows:
 [vidi] 3 3 /home/kaya/sparyser/matrices/bfwb62.mtx_377 32 13828157003191612 2.29156
Perman: [veni] running with 32 rows:
 [vidi] 3 3 /home/kaya/sparyser/matrices/bfwb62.mtx_378 32 17494966860689100 3.09741
Perman: [veni] running with 32 rows:
 [vidi] 3 3 /home/kaya/sparyser/matrices/bfwb62.mtx_379 32 10875058474728714 3.53121
Perman: [veni] running with 32 rows:
 [vidi] 3 3 /home/kaya/sparyser/matrices/bfwb62.mtx_380 32 2788819158568657 2.15843
Perman: [veni] running with 32 rows:
 [vidi] 3 3 /home/kaya/sparyser/matrices/bfwb62.mtx_381 32 7810737310812172 2.97312
Perman: [veni] running with 32 rows:
 [vidi] 3 3 /home/kaya/sparyser/matrices/bfwb62.mtx_382 32 6193882460404471 2.41833
Perman: [veni] running with 32 rows:
 [vidi] 3 3 /home/kaya/sparyser/matrices/bfwb62.mtx_383 32 4329036503904651 3.76939
Perman: [veni] running with 32 rows:
 [vidi] 3 3 /home/kaya/sparyser/matrices/bfwb62.mtx_384 32 2108906934167111 3.11944
Perman: [veni] running with 32 rows:
	14 of 21 in 1.56631 - percent 0.0130999
 [vidi] 3 3 /home/kaya/sparyser/matrices/bfwb62.mtx_385 32 9461784278811838 2.4704
Perman: [veni] running with 32 rows:
	14 of 21 in 1.4844 - percent 0.0174905
 [vidi] 3 3 /home/kaya/sparyser/matrices/bfwb62.mtx_386 32 9464535368739486 2.3407
Perman: [veni] running with 32 rows:
	14 of 21 in 1.79648 - percent 0.0149985
 [vidi] 3 3 /home/kaya/sparyser/matrices/bfwb62.mtx_387 32 5983227574686659 2.83322
Perman: [veni] running with 32 rows:
	14 of 21 in 1.42133 - percent 0.012699
 [vidi] 3 3 /home/kaya/sparyser/matrices/bfwb62.mtx_388 32 1285152007963124 2.24268
Perman: [veni] running with 32 rows:
	14 of 21 in 1.95224 - percent 0.0163039
 [vidi] 3 3 /home/kaya/sparyser/matrices/bfwb62.mtx_389 32 7396894783448972 3.07783
Perman: [veni] running with 32 rows:
	14 of 21 in 2.01336 - percent 0.0189145
 [vidi] 3 3 /home/kaya/sparyser/matrices/bfwb62.mtx_390 32 4699254605266564 3.17572
Perman: [veni] running with 32 rows:
	14 of 21 in 1.96025 - percent 0.0164225
 [vidi] 3 3 /home/kaya/sparyser/matrices/bfwb62.mtx_391 32 3056460907013330 3.09188
Perman: [veni] running with 32 rows:
	14 of 21 in 2.00248 - percent 0.0167785
 [vidi] 3 3 /home/kaya/sparyser/matrices/bfwb62.mtx_392 32 1781134220211790 3.1592
Perman: [veni] running with 32 rows:
	7 of 21 in 0.945297 - percent 0.0152811
	15 of 21 in 2.31509 - percent 0.0174608
 [vidi] 3 3 /home/kaya/sparyser/matrices/bfwb62.mtx_393 32 59577210409530672 3.05543
Perman: [veni] running with 32 rows:
	7 of 21 in 0.626663 - percent 0.0118025
	15 of 21 in 1.53462 - percent 0.0134866
 [vidi] 3 3 /home/kaya/sparyser/matrices/bfwb62.mtx_394 32 46063463683620896 2.02517
Perman: [veni] running with 32 rows:
	7 of 21 in 1.16959 - percent 0.0304943
	15 of 21 in 2.88463 - percent 0.0351059
 [vidi] 3 3 /home/kaya/sparyser/matrices/bfwb62.mtx_395 32 50946970784628736 3.84037
Perman: [veni] running with 32 rows:
	7 of 21 in 0.806753 - percent 0.0198258
	15 of 21 in 1.99111 - percent 0.0228244
 [vidi] 3 3 /home/kaya/sparyser/matrices/bfwb62.mtx_396 32 37480152367628288 2.65096
Perman: [veni] running with 32 rows:
	7 of 21 in 0.971097 - percent 0.0160928
	15 of 21 in 2.37626 - percent 0.0183882
 [vidi] 3 3 /home/kaya/sparyser/matrices/bfwb62.mtx_397 32 60850179019288304 3.13606
Perman: [veni] running with 32 rows:
	7 of 21 in 0.940227 - percent 0.0165566
	15 of 21 in 2.30334 - percent 0.018918
 [vidi] 3 3 /home/kaya/sparyser/matrices/bfwb62.mtx_398 32 27903126073823568 3.04025
Perman: [veni] running with 32 rows:
	7 of 21 in 1.20527 - percent 0.0304943
	15 of 21 in 2.97184 - percent 0.0351059
 [vidi] 3 3 /home/kaya/sparyser/matrices/bfwb62.mtx_399 32 32304751135686656 3.95593
Perman: [veni] running with 32 rows:
	7 of 21 in 1.04515 - percent 0.0245673
	15 of 21 in 2.58003 - percent 0.0282828
 [vidi] 3 3 /home/kaya/sparyser/matrices/bfwb62.mtx_400 32 35340502739976192 3.43554
Perman: [veni] running with 32 rows:
 [vidi] 3 3 /home/kaya/sparyser/matrices/bfwb62.mtx_401 32 15814089211527470 2.79903
Perman: [veni] running with 32 rows:
 [vidi] 3 3 /home/kaya/sparyser/matrices/bfwb62.mtx_402 32 21749675101559164 1.65689
Perman: [veni] running with 32 rows:
	7 of 21 in 3.21984 - percent 0.056895
	18 of 21 in 9.41528 - percent 0.064724
 [vidi] 3 3 /home/kaya/sparyser/matrices/bfwb62.mtx_403 32 12432477861183488 10.6095
Perman: [veni] running with 32 rows:
	7 of 21 in 3.04129 - percent 0.0611054
	18 of 21 in 8.89401 - percent 0.0695139
 [vidi] 3 3 /home/kaya/sparyser/matrices/bfwb62.mtx_404 32 23907970398027776 10.022
Perman: [veni] running with 32 rows:
	18 of 21 in 3.57095 - percent 0.0205156
 [vidi] 3 3 /home/kaya/sparyser/matrices/bfwb62.mtx_405 32 32203463435969328 4.27662
Perman: [veni] running with 32 rows:
	18 of 21 in 3.36417 - percent 0.0194985
 [vidi] 3 3 /home/kaya/sparyser/matrices/bfwb62.mtx_406 32 46677711543406056 4.0291
Perman: [veni] running with 32 rows:
 [vidi] 3 3 /home/kaya/sparyser/matrices/bfwb62.mtx_407 32 29712164842383224 2.23071
Perman: [veni] running with 32 rows:
 [vidi] 3 3 /home/kaya/sparyser/matrices/bfwb62.mtx_408 32 43066667739025648 2.10562
Perman: [veni] running with 32 rows:
 [vidi] 3 3 /home/kaya/sparyser/matrices/bfwb62.mtx_409 32 5266541158993920 5.53962
Perman: [veni] running with 32 rows:
 [vidi] 3 3 /home/kaya/sparyser/matrices/bfwb62.mtx_410 32 7243259961700096 3.27915
Perman: [veni] running with 32 rows:
 [vidi] 3 3 /home/kaya/sparyser/matrices/bfwb62.mtx_411 32 7975908498540800 4.49717
Perman: [veni] running with 32 rows:
 [vidi] 3 3 /home/kaya/sparyser/matrices/bfwb62.mtx_412 32 4126493918102528 2.76594
Perman: [veni] running with 32 rows:
	18 of 21 in 4.51681 - percent 0.0291604
 [vidi] 3 3 /home/kaya/sparyser/matrices/bfwb62.mtx_413 32 9127322262820864 5.40846
Perman: [veni] running with 32 rows:
	18 of 21 in 7.00911 - percent 0.053556
 [vidi] 3 3 /home/kaya/sparyser/matrices/bfwb62.mtx_414 32 17142350908309504 8.39443
Perman: [veni] running with 32 rows:
 [vidi] 3 3 /home/kaya/sparyser/matrices/bfwb62.mtx_415 32 8421221654717440 2.82991
Perman: [veni] running with 32 rows:
 [vidi] 3 3 /home/kaya/sparyser/matrices/bfwb62.mtx_416 32 15816198059849728 4.39366
Perman: [veni] running with 32 rows:
	7 of 21 in 1.14818 - percent 0.020499
	15 of 21 in 2.81081 - percent 0.0234222
 [vidi] 3 3 /home/kaya/sparyser/matrices/bfwb62.mtx_417 32 12504490427023360 3.70887
Perman: [veni] running with 32 rows:
	7 of 21 in 1.2586 - percent 0.0253691
	15 of 21 in 3.08052 - percent 0.0289861
 [vidi] 3 3 /home/kaya/sparyser/matrices/bfwb62.mtx_418 32 5065935561687040 4.06502
Perman: [veni] running with 32 rows:
	7 of 21 in 0.903815 - percent 0.0207309
	15 of 21 in 2.21342 - percent 0.0236871
 [vidi] 3 3 /home/kaya/sparyser/matrices/bfwb62.mtx_419 32 6664711821312000 2.92071
Perman: [veni] running with 32 rows:
	7 of 21 in 0.713883 - percent 0.0133099
	15 of 21 in 1.74936 - percent 0.0152088
 [vidi] 3 3 /home/kaya/sparyser/matrices/bfwb62.mtx_420 32 3710827296386320 2.30855
Perman: [veni] running with 32 rows:
	2 of 21 in 0.418654 - percent 0.0271433
	7 of 21 in 0.870718 - percent 0.016124
	15 of 21 in 2.39 - percent 0.0206619
	17 of 21 in 2.8459 - percent 0.0217101
 [vidi] 3 3 /home/kaya/sparyser/matrices/bfwb62.mtx_421 32 8144798230287983 3.24099
Perman: [veni] running with 32 rows:
	2 of 21 in 0.33094 - percent 0.0218644
	7 of 21 in 0.687832 - percent 0.012988
	15 of 21 in 1.88908 - percent 0.0166433
	17 of 21 in 2.24954 - percent 0.0174877
 [vidi] 3 3 /home/kaya/sparyser/matrices/bfwb62.mtx_422 32 4863926987938118 2.56186
Perman: [veni] running with 32 rows:
	7 of 21 in 1.02633 - percent 0.0222383
	15 of 21 in 2.51267 - percent 0.0254093
 [vidi] 3 3 /home/kaya/sparyser/matrices/bfwb62.mtx_423 32 4728733692854272 3.31516
Perman: [veni] running with 32 rows:
	7 of 21 in 0.928669 - percent 0.0211947
	15 of 21 in 2.27383 - percent 0.024217
 [vidi] 3 3 /home/kaya/sparyser/matrices/bfwb62.mtx_424 32 1346462011990272 3.00028
Perman: [veni] running with 32 rows:
	7 of 21 in 1.42518 - percent 0.0278864
	15 of 21 in 3.51712 - percent 0.0321038
 [vidi] 3 3 /home/kaya/sparyser/matrices/bfwb62.mtx_425 32 40360061255624800 4.68131
Perman: [veni] running with 32 rows:
	7 of 21 in 0.682682 - percent 0.0149509
	15 of 21 in 1.58495 - percent 0.0161992
	17 of 21 in 1.72703 - percent 0.0155742
 [vidi] 3 3 /home/kaya/sparyser/matrices/bfwb62.mtx_426 32 12441214667929160 2.20839
Perman: [veni] running with 32 rows:
	7 of 21 in 0.922142 - percent 0.0211947
	15 of 21 in 2.25794 - percent 0.024217
 [vidi] 3 3 /home/kaya/sparyser/matrices/bfwb62.mtx_427 32 7254384714973184 2.97989
Perman: [veni] running with 32 rows:
	7 of 21 in 0.665226 - percent 0.0150506
	15 of 21 in 1.60452 - percent 0.0169309
 [vidi] 3 3 /home/kaya/sparyser/matrices/bfwb62.mtx_428 32 13026411090542592 2.11744
Perman: [veni] running with 32 rows:
	7 of 21 in 0.90875 - percent 0.0208926
	15 of 21 in 2.24337 - percent 0.0240525
 [vidi] 3 3 /home/kaya/sparyser/matrices/bfwb62.mtx_429 32 12001040279831008 2.98751
Perman: [veni] running with 32 rows:
	7 of 21 in 0.785149 - percent 0.0147103
	15 of 21 in 1.82214 - percent 0.0159385
	17 of 21 in 1.98541 - percent 0.0153235
 [vidi] 3 3 /home/kaya/sparyser/matrices/bfwb62.mtx_430 32 4988119047420722 2.53884
Perman: [veni] running with 32 rows:
	7 of 21 in 0.800872 - percent 0.0198258
	15 of 21 in 1.97506 - percent 0.0228244
 [vidi] 3 3 /home/kaya/sparyser/matrices/bfwb62.mtx_431 32 4666634539003360 2.62922
Perman: [veni] running with 32 rows:
	7 of 21 in 0.812316 - percent 0.0147103
	15 of 21 in 1.88436 - percent 0.0159385
	17 of 21 in 2.05295 - percent 0.0153235
 [vidi] 3 3 /home/kaya/sparyser/matrices/bfwb62.mtx_432 32 2272400278298994 2.62507
Perman: [veni] running with 32 rows:
	14 of 21 in 2.00909 - percent 0.0187958
 [vidi] 3 3 /home/kaya/sparyser/matrices/bfwb62.mtx_433 32 21614920532926612 3.16854
Perman: [veni] running with 32 rows:
	14 of 21 in 1.33807 - percent 0.0152359
 [vidi] 3 3 /home/kaya/sparyser/matrices/bfwb62.mtx_434 32 4421001509963105 2.11018
Perman: [veni] running with 32 rows:
	7 of 21 in 0.90351 - percent 0.0208926
	15 of 21 in 2.22811 - percent 0.0240525
 [vidi] 3 3 /home/kaya/sparyser/matrices/bfwb62.mtx_435 32 5506502991917636 2.96613
Perman: [veni] running with 32 rows:
	7 of 21 in 0.749724 - percent 0.0156584
	15 of 21 in 1.83711 - percent 0.0179123
 [vidi] 3 3 /home/kaya/sparyser/matrices/bfwb62.mtx_436 32 4051176421435098 2.4451
Perman: [veni] running with 32 rows:
	7 of 21 in 0.819014 - percent 0.0196873
	15 of 21 in 2.00438 - percent 0.0224948
 [vidi] 3 3 /home/kaya/sparyser/matrices/bfwb62.mtx_437 32 17891871682461696 2.64429
Perman: [veni] running with 32 rows:
	7 of 21 in 0.798516 - percent 0.0193395
	15 of 21 in 1.95555 - percent 0.0220974
 [vidi] 3 3 /home/kaya/sparyser/matrices/bfwb62.mtx_438 32 11811608087869440 2.58006
Perman: [veni] running with 32 rows:
	16 of 21 in 3.82959 - percent 0.0318507
 [vidi] 3 3 /home/kaya/sparyser/matrices/bfwb62.mtx_439 32 9783690785652736 4.52701
Perman: [veni] running with 32 rows:
	14 of 21 in 1.91731 - percent 0.0228238
 [vidi] 3 3 /home/kaya/sparyser/matrices/bfwb62.mtx_440 32 27661787210491904 2.9447
Perman: [veni] running with 32 rows:
	7 of 21 in 0.979015 - percent 0.0211947
	15 of 21 in 2.39838 - percent 0.024217
 [vidi] 3 3 /home/kaya/sparyser/matrices/bfwb62.mtx_441 32 11277896642953216 3.16534
Perman: [veni] running with 32 rows:
	7 of 21 in 0.80034 - percent 0.0193395
	15 of 21 in 1.96075 - percent 0.0220974
 [vidi] 3 3 /home/kaya/sparyser/matrices/bfwb62.mtx_442 32 9874054757122048 2.58778
Perman: [veni] running with 32 rows:
	7 of 21 in 0.734891 - percent 0.015404
	15 of 21 in 1.77261 - percent 0.0173283
 [vidi] 3 3 /home/kaya/sparyser/matrices/bfwb62.mtx_443 32 6803052373293056 2.34019
Perman: [veni] running with 32 rows:
	3 of 21 in 0.165708 - percent 0.00588014
	6 of 21 in 1.76217 - percent 0.0312851
	17 of 21 in 7.60848 - percent 0.047647
	21 of 21 in 9.73454 - percent 0.0493493
 [vidi] 3 3 /home/kaya/sparyser/matrices/bfwb62.mtx_444 32 48687216691511296 9.98713
Perman: [veni] running with 32 rows:
	7 of 21 in 0.934032 - percent 0.0228181
	15 of 21 in 2.28734 - percent 0.0260716
 [vidi] 3 3 /home/kaya/sparyser/matrices/bfwb62.mtx_445 32 21273392366481664 3.01746
Perman: [veni] running with 32 rows:
	15 of 21 in 2.61471 - percent 0.0300181
 [vidi] 3 3 /home/kaya/sparyser/matrices/bfwb62.mtx_446 32 31844258897297408 3.45078
Perman: [veni] running with 32 rows:
	15 of 21 in 3.12512 - percent 0.0372229
	16 of 21 in 3.42274 - percent 0.0382195
	17 of 21 in 3.80979 - percent 0.0400367
 [vidi] 3 3 /home/kaya/sparyser/matrices/bfwb62.mtx_447 32 25780856702115096 4.43813
Perman: [veni] running with 32 rows:
	7 of 21 in 0.765014 - percent 0.0153213
	15 of 21 in 1.88756 - percent 0.0176389
 [vidi] 3 3 /home/kaya/sparyser/matrices/bfwb62.mtx_448 32 21319374869740944 2.51288
Perman: [veni] running with 32 rows:
	7 of 21 in 1.03019 - percent 0.0222868
	15 of 21 in 2.82773 - percent 0.0285431
 [vidi] 3 3 /home/kaya/sparyser/matrices/bfwb62.mtx_449 32 22292081662043392 3.91207
Perman: [veni] running with 32 rows:
	15 of 21 in 1.99794 - percent 0.0194675
 [vidi] 3 3 /home/kaya/sparyser/matrices/bfwb62.mtx_450 32 15682391616692864 2.76463
Perman: [veni] running with 32 rows:
 [vidi] 3 3 /home/kaya/sparyser/matrices/bfwb62.mtx_451 32 8796020516887230 2.17451
Perman: [veni] running with 32 rows:
 [vidi] 3 3 /home/kaya/sparyser/matrices/bfwb62.mtx_452 32 8973269310680492 2.90046
Perman: [veni] running with 32 rows:
	7 of 21 in 0.92726 - percent 0.0211947
	15 of 21 in 2.27142 - percent 0.024217
 [vidi] 3 3 /home/kaya/sparyser/matrices/bfwb62.mtx_453 32 3546938613956608 2.99761
Perman: [veni] running with 32 rows:
	7 of 21 in 0.653536 - percent 0.0148173
	15 of 21 in 1.59993 - percent 0.0169309
 [vidi] 3 3 /home/kaya/sparyser/matrices/bfwb62.mtx_454 32 5125673627680768 2.11139
Perman: [veni] running with 32 rows:
	7 of 21 in 1.28396 - percent 0.0237457
	15 of 21 in 3.14497 - percent 0.0271314
 [vidi] 3 3 /home/kaya/sparyser/matrices/bfwb62.mtx_455 32 7533859760239872 4.15208
Perman: [veni] running with 32 rows:
	7 of 21 in 1.50369 - percent 0.0297754
	15 of 21 in 3.68236 - percent 0.0340201
 [vidi] 3 3 /home/kaya/sparyser/matrices/bfwb62.mtx_456 32 2739299539932288 4.85943
Perman: [veni] running with 32 rows:
	7 of 21 in 1.2065 - percent 0.0237457
	15 of 21 in 2.95481 - percent 0.0271314
 [vidi] 3 3 /home/kaya/sparyser/matrices/bfwb62.mtx_457 32 3645390657379072 3.89891
Perman: [veni] running with 32 rows:
 [vidi] 3 3 /home/kaya/sparyser/matrices/bfwb62.mtx_458 32 4609254663192576 6.47211
Perman: [veni] running with 32 rows:
	16 of 21 in 1.76134 - percent 0.0108249
	17 of 21 in 1.90166 - percent 0.0109991
 [vidi] 3 3 /home/kaya/sparyser/matrices/bfwb62.mtx_459 32 2946454331360986 2.2256
Perman: [veni] running with 32 rows:
	16 of 21 in 1.49128 - percent 0.00974942
	17 of 21 in 1.61021 - percent 0.00990622
 [vidi] 3 3 /home/kaya/sparyser/matrices/bfwb62.mtx_460 32 6046465621615249 1.88432
Perman: [veni] running with 32 rows:
	7 of 21 in 0.942356 - percent 0.0211947
	15 of 21 in 2.30723 - percent 0.024217
 [vidi] 3 3 /home/kaya/sparyser/matrices/bfwb62.mtx_461 32 14453440471302144 3.04434
Perman: [veni] running with 32 rows:
	7 of 21 in 0.668772 - percent 0.0150506
	15 of 21 in 1.61241 - percent 0.0169309
 [vidi] 3 3 /home/kaya/sparyser/matrices/bfwb62.mtx_462 32 4484669591065584 2.128
Perman: [veni] running with 32 rows:
	7 of 21 in 1.16601 - percent 0.0297754
	15 of 21 in 2.85581 - percent 0.0340201
 [vidi] 3 3 /home/kaya/sparyser/matrices/bfwb62.mtx_463 32 7050257450977280 3.76968
Perman: [veni] running with 32 rows:
	7 of 21 in 1.21736 - percent 0.0302451
	15 of 21 in 2.93407 - percent 0.03402
 [vidi] 3 3 /home/kaya/sparyser/matrices/bfwb62.mtx_464 32 3226635469651968 3.87137
Perman: [veni] running with 32 rows:
	7 of 21 in 0.76712 - percent 0.0136618
	15 of 21 in 1.89121 - percent 0.0157284
 [vidi] 3 3 /home/kaya/sparyser/matrices/bfwb62.mtx_465 32 5299778234678546 2.51706
Perman: [veni] running with 32 rows:
	7 of 21 in 0.849004 - percent 0.0157955
	15 of 21 in 2.09434 - percent 0.0181847
 [vidi] 3 3 /home/kaya/sparyser/matrices/bfwb62.mtx_466 32 13797108988253584 2.78794
Perman: [veni] running with 32 rows:
	7 of 21 in 0.870814 - percent 0.015914
	15 of 21 in 2.14925 - percent 0.0183212
 [vidi] 3 3 /home/kaya/sparyser/matrices/bfwb62.mtx_467 32 19183743061972720 2.86114
Perman: [veni] running with 32 rows:
	7 of 21 in 1.51207 - percent 0.0297754
	15 of 21 in 3.70285 - percent 0.0340201
 [vidi] 3 3 /home/kaya/sparyser/matrices/bfwb62.mtx_468 32 6599646747033600 4.88628
Perman: [veni] running with 32 rows:
	7 of 21 in 1.19793 - percent 0.0297754
	15 of 21 in 2.93075 - percent 0.0340201
 [vidi] 3 3 /home/kaya/sparyser/matrices/bfwb62.mtx_469 32 7982084614258688 3.86563
Perman: [veni] running with 32 rows:
	7 of 21 in 0.882188 - percent 0.0157955
	15 of 21 in 2.17597 - percent 0.0181847
 [vidi] 3 3 /home/kaya/sparyser/matrices/bfwb62.mtx_470 32 33878689898007392 2.89605
Perman: [veni] running with 32 rows:
	7 of 21 in 0.876077 - percent 0.0160325
	15 of 21 in 2.16017 - percent 0.0184576
 [vidi] 3 3 /home/kaya/sparyser/matrices/bfwb62.mtx_471 32 41316851030282816 2.8765
Perman: [veni] running with 32 rows:
	7 of 21 in 1.2691 - percent 0.0212482
	15 of 21 in 3.12824 - percent 0.0244619
 [vidi] 3 3 /home/kaya/sparyser/matrices/bfwb62.mtx_472 32 18407149677384288 4.16321
Perman: [veni] running with 32 rows:
	7 of 21 in 0.678754 - percent 0.0121236
	15 of 21 in 1.57462 - percent 0.0131357
	17 of 21 in 1.71554 - percent 0.0126289
 [vidi] 3 3 /home/kaya/sparyser/matrices/bfwb62.mtx_473 32 10422700688436338 2.19351
Perman: [veni] running with 32 rows:
	7 of 21 in 1.04074 - percent 0.0198258
	15 of 21 in 2.5654 - percent 0.0228244
 [vidi] 3 3 /home/kaya/sparyser/matrices/bfwb62.mtx_474 32 11233093177856952 3.41431
Perman: [veni] running with 32 rows:
	6 of 21 in 1.99475 - percent 0.0324104
	17 of 21 in 6.74166 - percent 0.0386762
 [vidi] 3 3 /home/kaya/sparyser/matrices/bfwb62.mtx_475 32 19845576695454044 8.46969
Perman: [veni] running with 32 rows:
	7 of 21 in 1.46014 - percent 0.0288477
	15 of 21 in 3.57473 - percent 0.0329603
 [vidi] 3 3 /home/kaya/sparyser/matrices/bfwb62.mtx_476 32 4939385455001600 4.71625
Perman: [veni] running with 32 rows:
	7 of 21 in 1.194 - percent 0.0297754
	15 of 21 in 2.9257 - percent 0.0340201
 [vidi] 3 3 /home/kaya/sparyser/matrices/bfwb62.mtx_477 32 7787156535255040 3.86084
Perman: [veni] running with 32 rows:
	7 of 21 in 1.15017 - percent 0.0217224
	15 of 21 in 2.83783 - percent 0.0250078
 [vidi] 3 3 /home/kaya/sparyser/matrices/bfwb62.mtx_478 32 25096817843577600 3.77769
Perman: [veni] running with 32 rows:
	17 of 21 in 4.97106 - percent 0.0285224
 [vidi] 3 3 /home/kaya/sparyser/matrices/bfwb62.mtx_479 32 23221360540229424 5.81455
Perman: [veni] running with 32 rows:
	7 of 21 in 1.13431 - percent 0.0224336
	15 of 21 in 2.79799 - percent 0.0258265
 [vidi] 3 3 /home/kaya/sparyser/matrices/bfwb62.mtx_480 32 9128116372168264 3.7239
Perman: [veni] running with 32 rows:
	7 of 21 in 1.14977 - percent 0.0211297
	15 of 21 in 2.83666 - percent 0.0243255
 [vidi] 3 3 /home/kaya/sparyser/matrices/bfwb62.mtx_481 32 17060687665359584 3.7757
Perman: [veni] running with 32 rows:
	7 of 21 in 0.648767 - percent 0.0107385
 [vidi] 3 3 /home/kaya/sparyser/matrices/bfwb62.mtx_482 32 17054006446956472 2.12992
Perman: [veni] running with 32 rows:
	7 of 21 in 0.8637 - percent 0.0148234
	15 of 21 in 2.11657 - percent 0.0169571
 [vidi] 3 3 /home/kaya/sparyser/matrices/bfwb62.mtx_483 32 11813966164948588 2.81739
Perman: [veni] running with 32 rows:
	7 of 21 in 0.653599 - percent 0.0109946
	15 of 21 in 1.60876 - percent 0.012658
 [vidi] 3 3 /home/kaya/sparyser/matrices/bfwb62.mtx_484 32 16370164094103368 2.14044
Perman: [veni] running with 32 rows:
	7 of 21 in 0.885802 - percent 0.0148306
	15 of 21 in 2.05667 - percent 0.0160688
	17 of 21 in 2.24093 - percent 0.0154489
 [vidi] 3 3 /home/kaya/sparyser/matrices/bfwb62.mtx_485 32 13390733704999436 2.86558
Perman: [veni] running with 32 rows:
	7 of 21 in 1.17707 - percent 0.0297754
	15 of 21 in 2.8821 - percent 0.0340201
 [vidi] 3 3 /home/kaya/sparyser/matrices/bfwb62.mtx_486 32 14961211607089152 3.80219
Perman: [veni] running with 32 rows:
	7 of 21 in 1.20638 - percent 0.0302451
	15 of 21 in 2.9087 - percent 0.03402
 [vidi] 3 3 /home/kaya/sparyser/matrices/bfwb62.mtx_487 32 6668639698681856 3.83879
Perman: [veni] running with 32 rows:
	7 of 21 in 0.760712 - percent 0.0125949
	15 of 21 in 1.87678 - percent 0.0145003
 [vidi] 3 3 /home/kaya/sparyser/matrices/bfwb62.mtx_488 32 12069031502297416 2.49914
Perman: [veni] running with 32 rows:
	7 of 21 in 0.621945 - percent 0.0120344
	15 of 21 in 1.52527 - percent 0.0137516
 [vidi] 3 3 /home/kaya/sparyser/matrices/bfwb62.mtx_489 32 7335977792252579 2.0119
Perman: [veni] running with 32 rows:
	15 of 21 in 1.43576 - percent 0.0129771
	17 of 21 in 1.73911 - percent 0.0138737
 [vidi] 3 3 /home/kaya/sparyser/matrices/bfwb62.mtx_490 32 2527072602816076 2.00746
Perman: [veni] running with 32 rows:
	2 of 21 in 0.502864 - percent 0.0452677
	7 of 21 in 1.04489 - percent 0.026891
	15 of 21 in 2.8691 - percent 0.0344589
	17 of 21 in 3.41652 - percent 0.0362071
 [vidi] 3 3 /home/kaya/sparyser/matrices/bfwb62.mtx_491 32 2047596937038584 3.89094
Perman: [veni] running with 32 rows:
	2 of 21 in 0.501961 - percent 0.0452677
	7 of 21 in 1.04365 - percent 0.026891
	15 of 21 in 2.86494 - percent 0.0344589
	17 of 21 in 3.41198 - percent 0.0362071
 [vidi] 3 3 /home/kaya/sparyser/matrices/bfwb62.mtx_492 32 1946199612549728 3.88606
Perman: [veni] running with 32 rows:
	7 of 21 in 0.954791 - percent 0.015571
	15 of 21 in 2.33706 - percent 0.017792
 [vidi] 3 3 /home/kaya/sparyser/matrices/bfwb62.mtx_493 32 18987236638751300 3.08365
Perman: [veni] running with 32 rows:
	7 of 21 in 1.03393 - percent 0.0186438
	15 of 21 in 2.52946 - percent 0.0213026
 [vidi] 3 3 /home/kaya/sparyser/matrices/bfwb62.mtx_494 32 7850824621119528 3.33729
Perman: [veni] running with 32 rows:
	7 of 21 in 0.842113 - percent 0.0146433
	15 of 21 in 2.06168 - percent 0.0167322
 [vidi] 3 3 /home/kaya/sparyser/matrices/bfwb62.mtx_495 32 13851344761068504 2.72031
Perman: [veni] running with 32 rows:
	7 of 21 in 1.00827 - percent 0.0186438
	15 of 21 in 2.46145 - percent 0.0213026
 [vidi] 3 3 /home/kaya/sparyser/matrices/bfwb62.mtx_496 32 6156153227141041 3.24628
Perman: [veni] running with 32 rows:
	15 of 21 in 2.03173 - percent 0.0163514
	17 of 21 in 2.46167 - percent 0.0174816
 [vidi] 3 3 /home/kaya/sparyser/matrices/bfwb62.mtx_497 32 9249950354564960 2.84106
Perman: [veni] running with 32 rows:
	15 of 21 in 2.1104 - percent 0.0198506
	17 of 21 in 2.55716 - percent 0.0212231
 [vidi] 3 3 /home/kaya/sparyser/matrices/bfwb62.mtx_498 32 2896504678498154 2.95129
Perman: [veni] running with 32 rows:
	7 of 21 in 1.16872 - percent 0.0304943
	15 of 21 in 2.88377 - percent 0.0351059
 [vidi] 3 3 /home/kaya/sparyser/matrices/bfwb62.mtx_499 32 1955956158103552 3.83899
Perman: [veni] running with 32 rows:
	7 of 21 in 0.812069 - percent 0.0199528
	15 of 21 in 1.99018 - percent 0.022825
 [vidi] 3 3 /home/kaya/sparyser/matrices/bfwb62.mtx_500 32 2914978464006144 2.64931
Perman: [veni] running with 32 rows:
	7 of 21 in 0.909239 - percent 0.0208926
	15 of 21 in 2.24292 - percent 0.0240525
 [vidi] 3 3 /home/kaya/sparyser/matrices/bfwb62.mtx_501 32 12122088332460032 2.98556
Perman: [veni] running with 32 rows:
	2 of 21 in 0.38509 - percent 0.0310146
	7 of 21 in 0.800638 - percent 0.0184238
	15 of 21 in 2.19987 - percent 0.0236088
	17 of 21 in 2.62014 - percent 0.0248066
 [vidi] 3 3 /home/kaya/sparyser/matrices/bfwb62.mtx_502 32 4997551356848715 2.98446
Perman: [veni] running with 32 rows:
	15 of 21 in 2.28334 - percent 0.0173511
	17 of 21 in 2.76608 - percent 0.0185506
 [vidi] 3 3 /home/kaya/sparyser/matrices/bfwb62.mtx_503 32 5274232399650255 3.19105
Perman: [veni] running with 32 rows:
	15 of 21 in 1.12762 - percent 0.0100136
 [vidi] 3 3 /home/kaya/sparyser/matrices/bfwb62.mtx_504 32 2784103004407251 1.57561
Perman: [veni] running with 32 rows:
	7 of 21 in 1.46699 - percent 0.0285976
	15 of 21 in 3.62018 - percent 0.0329225
 [vidi] 3 3 /home/kaya/sparyser/matrices/bfwb62.mtx_505 32 62632885290797952 4.81881
Perman: [veni] running with 32 rows:
	7 of 21 in 0.682776 - percent 0.0149509
	15 of 21 in 1.58449 - percent 0.0161992
	17 of 21 in 1.72656 - percent 0.0155742
 [vidi] 3 3 /home/kaya/sparyser/matrices/bfwb62.mtx_506 32 21381470899455524 2.20832
Perman: [veni] running with 32 rows:
	7 of 21 in 1.47694 - percent 0.0297754
	15 of 21 in 3.61292 - percent 0.0340201
 [vidi] 3 3 /home/kaya/sparyser/matrices/bfwb62.mtx_507 32 20749514214211584 4.76675
Perman: [veni] running with 32 rows:
	7 of 21 in 1.18608 - percent 0.0302451
	15 of 21 in 2.85667 - percent 0.03402
 [vidi] 3 3 /home/kaya/sparyser/matrices/bfwb62.mtx_508 32 20156119519330304 3.77006
Perman: [veni] running with 32 rows:
	7 of 21 in 0.831262 - percent 0.0173683
	15 of 21 in 2.03562 - percent 0.0198454
 [vidi] 3 3 /home/kaya/sparyser/matrices/bfwb62.mtx_509 32 33552685740064768 2.68618
Perman: [veni] running with 32 rows:
	15 of 21 in 1.6507 - percent 0.0156224
	17 of 21 in 1.81223 - percent 0.0151315
 [vidi] 3 3 /home/kaya/sparyser/matrices/bfwb62.mtx_510 32 11410342015442944 2.32392
Perman: [veni] running with 32 rows:
	2 of 21 in 0.385041 - percent 0.0310146
	7 of 21 in 0.800901 - percent 0.0184238
	15 of 21 in 2.20042 - percent 0.0236088
	17 of 21 in 2.62046 - percent 0.0248066
 [vidi] 3 3 /home/kaya/sparyser/matrices/bfwb62.mtx_511 32 15347937680438908 2.98466
Perman: [veni] running with 32 rows:
	2 of 21 in 0.291165 - percent 0.0186692
	7 of 21 in 0.60593 - percent 0.0110898
 [vidi] 3 3 /home/kaya/sparyser/matrices/bfwb62.mtx_512 32 8678116662951573 2.2569
Perman: [veni] running with 32 rows:
	7 of 21 in 0.654433 - percent 0.0130779
	15 of 21 in 1.6018 - percent 0.0149438
 [vidi] 3 3 /home/kaya/sparyser/matrices/bfwb62.mtx_513 32 22322343653932296 2.11376
Perman: [veni] running with 32 rows:
	15 of 21 in 1.51112 - percent 0.0141019
	17 of 21 in 1.83068 - percent 0.0150764
 [vidi] 3 3 /home/kaya/sparyser/matrices/bfwb62.mtx_514 32 8824710454685713 2.11237
Perman: [veni] running with 32 rows:
	2 of 21 in 0.502124 - percent 0.0452677
	7 of 21 in 1.04568 - percent 0.026891
	15 of 21 in 2.87286 - percent 0.0344589
	17 of 21 in 3.42143 - percent 0.0362071
 [vidi] 3 3 /home/kaya/sparyser/matrices/bfwb62.mtx_515 32 7504196830191616 3.89625
Perman: [veni] running with 32 rows:
	2 of 21 in 0.502207 - percent 0.0452677
	7 of 21 in 1.04355 - percent 0.026891
	15 of 21 in 2.8663 - percent 0.0344589
	17 of 21 in 3.41363 - percent 0.0362071
 [vidi] 3 3 /home/kaya/sparyser/matrices/bfwb62.mtx_516 32 5624799714686976 3.88785
Perman: [veni] running with 32 rows:
	7 of 21 in 0.908903 - percent 0.0208926
	15 of 21 in 2.24209 - percent 0.0240525
 [vidi] 3 3 /home/kaya/sparyser/matrices/bfwb62.mtx_517 32 33910720291143680 2.98544
Perman: [veni] running with 32 rows:
	2 of 21 in 0.385392 - percent 0.0310146
	7 of 21 in 0.80163 - percent 0.0184238
	15 of 21 in 2.20111 - percent 0.0236088
	17 of 21 in 2.62128 - percent 0.0248066
 [vidi] 3 3 /home/kaya/sparyser/matrices/bfwb62.mtx_518 32 13444969479356166 2.98543
Perman: [veni] running with 32 rows:
	7 of 21 in 0.682901 - percent 0.0130779
	15 of 21 in 1.67247 - percent 0.0149438
 [vidi] 3 3 /home/kaya/sparyser/matrices/bfwb62.mtx_519 32 13963746435148684 2.20752
Perman: [veni] running with 32 rows:
	15 of 21 in 1.87346 - percent 0.0145293
	16 of 21 in 2.08211 - percent 0.0151396
