Number of rows/cols is 62
Number of nnz is    342
#d1 vertices: 0
#d2 vertices: 8
min degree: 2
************************************************************************
Algo is 2
Compress matrix 0
Apply Dulmage-Mendehlson 0
Sorting 0
Single run 0
************************************************************************
Perman: [veni] running with 32 rows:
1 of 21 in 4.77865 - percent 0.00714501
2 of 21 in 9.55227 - percent 0.00527266
3 of 21 in 14.3259 - percent 0.00483994
4 of 21 in 19.1095 - percent 0.00456521
5 of 21 in 23.882 - percent 0.00452252
6 of 21 in 28.68 - percent 0.00500469
7 of 21 in 33.4724 - percent 0.00548747
8 of 21 in 38.2723 - percent 0.00568149
9 of 21 in 43.0495 - percent 0.0057784
10 of 21 in 47.8563 - percent 0.00613801
11 of 21 in 52.6335 - percent 0.00612116
12 of 21 in 57.4402 - percent 0.00607302
13 of 21 in 62.2579 - percent 0.0064209
14 of 21 in 67.0478 - percent 0.00625568
15 of 21 in 71.8652 - percent 0.00657051
16 of 21 in 76.666 - percent 0.00652189
17 of 21 in 81.4684 - percent 0.00659973
18 of 21 in 86.2469 - percent 0.00640555
19 of 21 in 91.0403 - percent 0.00627384
20 of 21 in 95.8315 - percent 0.00614151
21 of 21 in 100.625 - percent 0.00601554
 [vidi] 2 0 /home/kaya/sparyser/matrices/bfwb62.mtx_0 32 34682521691041928 102.907
Perman: [veni] running with 32 rows:
1 of 21 in 4.81916 - percent 0.016952
2 of 21 in 9.63658 - percent 0.0122749
3 of 21 in 14.4372 - percent 0.010034
4 of 21 in 19.2231 - percent 0.00841106
5 of 21 in 24.0181 - percent 0.00782392
6 of 21 in 28.815 - percent 0.00752879
7 of 21 in 33.6217 - percent 0.0071899
8 of 21 in 38.3973 - percent 0.00682014
9 of 21 in 43.1886 - percent 0.00677047
10 of 21 in 48.0085 - percent 0.00730292
11 of 21 in 52.8281 - percent 0.00774118
12 of 21 in 57.6053 - percent 0.00742891
13 of 21 in 62.4062 - percent 0.00726549
14 of 21 in 67.2132 - percent 0.00759713
15 of 21 in 72.0469 - percent 0.00795271
16 of 21 in 76.8342 - percent 0.00785907
17 of 21 in 81.6348 - percent 0.00773624
18 of 21 in 86.4513 - percent 0.00793672
19 of 21 in 91.279 - percent 0.00823489
20 of 21 in 96.0724 - percent 0.00811445
21 of 21 in 100.874 - percent 0.00790345
 [vidi] 2 0 /home/kaya/sparyser/matrices/bfwb62.mtx_1 32 27583613558902416 103.141
Perman: [veni] running with 32 rows:
1 of 21 in 3.66994 - percent 0.0388541
2 of 21 in 7.34927 - percent 0.0399719
3 of 21 in 11.0218 - percent 0.0399209
4 of 21 in 14.6894 - percent 0.039102
5 of 21 in 18.3556 - percent 0.0388777
6 of 21 in 22.0337 - percent 0.0388527
7 of 21 in 25.6987 - percent 0.0387579
8 of 21 in 29.3674 - percent 0.0384272
9 of 21 in 33.0339 - percent 0.0385466
10 of 21 in 36.7225 - percent 0.0388724
11 of 21 in 40.3886 - percent 0.0389684
12 of 21 in 44.0608 - percent 0.0387342
13 of 21 in 47.7401 - percent 0.0386972
14 of 21 in 51.4276 - percent 0.0388636
15 of 21 in 55.108 - percent 0.0388786
16 of 21 in 58.7876 - percent 0.0389109
17 of 21 in 62.4745 - percent 0.0389866
18 of 21 in 66.1617 - percent 0.0391276
19 of 21 in 69.8459 - percent 0.039122
20 of 21 in 73.5102 - percent 0.0389422
21 of 21 in 77.1918 - percent 0.038874
 [vidi] 2 0 /home/kaya/sparyser/matrices/bfwb62.mtx_2 32 270215977642229760 78.9411
Perman: [veni] running with 32 rows:
1 of 21 in 3.68326 - percent 0.0415352
2 of 21 in 7.29609 - percent 0.0310988
3 of 21 in 10.9092 - percent 0.0279271
4 of 21 in 14.4906 - percent 0.0253346
5 of 21 in 18.0727 - percent 0.0236742
6 of 21 in 21.6747 - percent 0.0230537
7 of 21 in 25.284 - percent 0.0226125
8 of 21 in 28.8811 - percent 0.0225579
9 of 21 in 32.4669 - percent 0.0220241
10 of 21 in 36.1298 - percent 0.0233199
11 of 21 in 39.7877 - percent 0.0240771
12 of 21 in 43.3814 - percent 0.0238536
13 of 21 in 46.9872 - percent 0.0236451
14 of 21 in 50.6262 - percent 0.0241381
15 of 21 in 54.2997 - percent 0.0248655
16 of 21 in 57.8953 - percent 0.0246766
17 of 21 in 61.4972 - percent 0.0243913
18 of 21 in 65.1269 - percent 0.0245661
19 of 21 in 68.7985 - percent 0.0251024
20 of 21 in 72.386 - percent 0.0248071
21 of 21 in 75.977 - percent 0.0243867
 [vidi] 2 0 /home/kaya/sparyser/matrices/bfwb62.mtx_3 32 23881392555294720 77.6846
Perman: [veni] running with 32 rows:
1 of 21 in 4.78773 - percent 0.00906247
2 of 21 in 9.56819 - percent 0.00657976
3 of 21 in 14.3449 - percent 0.00571997
4 of 21 in 19.1314 - percent 0.00523329
5 of 21 in 23.9135 - percent 0.00542614
6 of 21 in 28.7131 - percent 0.00587981
7 of 21 in 33.5168 - percent 0.00658027
8 of 21 in 38.3351 - percent 0.00714719
9 of 21 in 43.1303 - percent 0.00744207
10 of 21 in 47.9528 - percent 0.00797264
11 of 21 in 52.7343 - percent 0.00778787
12 of 21 in 57.5434 - percent 0.0076051
13 of 21 in 62.387 - percent 0.00827015
14 of 21 in 67.1913 - percent 0.00811803
15 of 21 in 72.0348 - percent 0.00866951
16 of 21 in 76.839 - percent 0.00849219
17 of 21 in 81.649 - percent 0.00854762
18 of 21 in 86.4372 - percent 0.00830316
19 of 21 in 91.2353 - percent 0.00807158
20 of 21 in 96.0299 - percent 0.00784913
21 of 21 in 100.833 - percent 0.0077058
 [vidi] 2 0 /home/kaya/sparyser/matrices/bfwb62.mtx_4 32 38022713161965824 103.119
Perman: [veni] running with 32 rows:
1 of 21 in 4.82124 - percent 0.0159075
2 of 21 in 9.65009 - percent 0.0121712
3 of 21 in 14.473 - percent 0.0108594
4 of 21 in 19.2803 - percent 0.00969338
5 of 21 in 24.092 - percent 0.00919746
6 of 21 in 28.9067 - percent 0.00900978
7 of 21 in 33.7327 - percent 0.00877183
8 of 21 in 38.5336 - percent 0.00859844
9 of 21 in 43.344 - percent 0.00859359
10 of 21 in 48.1736 - percent 0.00895407
11 of 21 in 53.0017 - percent 0.00925722
12 of 21 in 57.8024 - percent 0.00906555
13 of 21 in 62.6236 - percent 0.00894246
14 of 21 in 67.4393 - percent 0.00916252
15 of 21 in 72.2808 - percent 0.00939542
16 of 21 in 77.0872 - percent 0.0093484
17 of 21 in 81.9069 - percent 0.00925983
18 of 21 in 86.7311 - percent 0.00938079
19 of 21 in 91.5653 - percent 0.00958313
20 of 21 in 96.3765 - percent 0.00948714
21 of 21 in 101.198 - percent 0.00933122
 [vidi] 2 0 /home/kaya/sparyser/matrices/bfwb62.mtx_5 32 17113475006297092 103.477
Perman: [veni] running with 32 rows:
1 of 21 in 3.67266 - percent 0.0387882
2 of 21 in 7.35473 - percent 0.0399646
3 of 21 in 11.0297 - percent 0.0399209
4 of 21 in 14.7003 - percent 0.0391063
5 of 21 in 18.3691 - percent 0.0388798
6 of 21 in 22.0496 - percent 0.0388527
7 of 21 in 25.7172 - percent 0.0387595
8 of 21 in 29.3884 - percent 0.0384261
9 of 21 in 33.0577 - percent 0.0385479
10 of 21 in 36.7498 - percent 0.0388724
11 of 21 in 40.4181 - percent 0.0389685
12 of 21 in 44.0925 - percent 0.0387302
13 of 21 in 47.7738 - percent 0.0386972
14 of 21 in 51.4639 - percent 0.0388639
15 of 21 in 55.1475 - percent 0.0388817
16 of 21 in 58.8298 - percent 0.0389109
17 of 21 in 62.5193 - percent 0.0389799
18 of 21 in 66.2089 - percent 0.0391281
19 of 21 in 69.896 - percent 0.039122
20 of 21 in 73.5628 - percent 0.0389433
21 of 21 in 77.2478 - percent 0.0388798
 [vidi] 2 0 /home/kaya/sparyser/matrices/bfwb62.mtx_6 32 12292539998535680 78.9981
Perman: [veni] running with 32 rows:
1 of 21 in 3.63964 - percent 0.0311319
2 of 21 in 7.27462 - percent 0.0281641
3 of 21 in 10.9287 - percent 0.0290048
4 of 21 in 14.5475 - percent 0.0281654
5 of 21 in 18.1771 - percent 0.0280349
6 of 21 in 21.8242 - percent 0.0283892
7 of 21 in 25.4679 - percent 0.028314
8 of 21 in 29.1089 - percent 0.0288044
9 of 21 in 32.762 - percent 0.0292859
10 of 21 in 36.3979 - percent 0.0291673
11 of 21 in 40.0556 - percent 0.0293542
12 of 21 in 43.6877 - percent 0.0294045
13 of 21 in 47.3193 - percent 0.0292078
14 of 21 in 50.9661 - percent 0.0294106
15 of 21 in 54.6061 - percent 0.0292316
16 of 21 in 58.2477 - percent 0.0294389
17 of 21 in 61.8905 - percent 0.0294052
18 of 21 in 65.5306 - percent 0.0294087
19 of 21 in 69.176 - percent 0.0293492
20 of 21 in 72.8061 - percent 0.0293073
21 of 21 in 76.4412 - percent 0.0291392
 [vidi] 2 0 /home/kaya/sparyser/matrices/bfwb62.mtx_7 32 20380547532455936 78.1694
Perman: [veni] running with 32 rows:
1 of 21 in 5.45021 - percent 0.00692769
2 of 21 in 10.8959 - percent 0.00504086
3 of 21 in 16.3374 - percent 0.00416429
4 of 21 in 21.7995 - percent 0.0037986
5 of 21 in 27.2567 - percent 0.0039823
6 of 21 in 32.7295 - percent 0.00436199
7 of 21 in 38.1965 - percent 0.00476028
8 of 21 in 43.6774 - percent 0.00497907
9 of 21 in 49.1228 - percent 0.00508437
10 of 21 in 54.591 - percent 0.00539502
11 of 21 in 60.0361 - percent 0.00534554
12 of 21 in 65.5282 - percent 0.0053029
13 of 21 in 71.0226 - percent 0.00558625
14 of 21 in 76.489 - percent 0.00549585
15 of 21 in 81.9691 - percent 0.00574797
16 of 21 in 87.4437 - percent 0.00570499
17 of 21 in 92.9164 - percent 0.00579859
18 of 21 in 98.3682 - percent 0.00564728
19 of 21 in 103.832 - percent 0.00548151
20 of 21 in 109.311 - percent 0.00532712
21 of 21 in 114.794 - percent 0.00525157
 [vidi] 2 0 /home/kaya/sparyser/matrices/bfwb62.mtx_8 32 6496388802902496 117.395
Perman: [veni] running with 32 rows:
1 of 21 in 5.34688 - percent 0.00674506
2 of 21 in 10.6865 - percent 0.00485895
3 of 21 in 16.0215 - percent 0.00383053
4 of 21 in 21.3776 - percent 0.00350946
5 of 21 in 26.7276 - percent 0.00363457
6 of 21 in 32.0914 - percent 0.00391241
7 of 21 in 37.4524 - percent 0.00436736
8 of 21 in 42.8308 - percent 0.00471712
9 of 21 in 48.1759 - percent 0.00494605
10 of 21 in 53.5398 - percent 0.00528051
11 of 21 in 58.8725 - percent 0.00508528
12 of 21 in 64.2554 - percent 0.00497324
13 of 21 in 69.6472 - percent 0.00535279
14 of 21 in 75.0136 - percent 0.00532416
15 of 21 in 80.3901 - percent 0.00563374
16 of 21 in 85.7559 - percent 0.00551364
17 of 21 in 91.1239 - percent 0.00560627
18 of 21 in 96.4685 - percent 0.00544486
19 of 21 in 101.828 - percent 0.00526448
20 of 21 in 107.199 - percent 0.00510722
21 of 21 in 112.578 - percent 0.00504079
 [vidi] 2 0 /home/kaya/sparyser/matrices/bfwb62.mtx_9 32 7561610885664142 115.13
Perman: [veni] running with 32 rows:
1 of 21 in 3.50683 - percent 0.038062
2 of 21 in 6.96207 - percent 0.0321375
3 of 21 in 10.3949 - percent 0.0290793
4 of 21 in 13.8378 - percent 0.027585
5 of 21 in 17.3071 - percent 0.0277281
6 of 21 in 20.7967 - percent 0.0283504
7 of 21 in 24.2685 - percent 0.0285693
8 of 21 in 27.7515 - percent 0.0290385
9 of 21 in 31.218 - percent 0.0293719
10 of 21 in 34.7239 - percent 0.030077
11 of 21 in 38.1647 - percent 0.0294367
12 of 21 in 41.6176 - percent 0.0287381
13 of 21 in 45.1352 - percent 0.0296322
14 of 21 in 48.6038 - percent 0.0294948
15 of 21 in 52.1263 - percent 0.0302626
16 of 21 in 55.5823 - percent 0.0297947
17 of 21 in 59.1041 - percent 0.0303058
18 of 21 in 62.5685 - percent 0.030099
19 of 21 in 66.0151 - percent 0.0297114
20 of 21 in 69.4546 - percent 0.0293392
21 of 21 in 72.927 - percent 0.0291484
 [vidi] 2 0 /home/kaya/sparyser/matrices/bfwb62.mtx_10 32 3179108777328640 74.6179
Perman: [veni] running with 32 rows:
1 of 21 in 3.55041 - percent 0.0524029
2 of 21 in 7.07493 - percent 0.0472221
3 of 21 in 10.5947 - percent 0.0452607
4 of 21 in 14.0116 - percent 0.0388231
5 of 21 in 17.5405 - percent 0.0393893
6 of 21 in 21.0984 - percent 0.0406125
7 of 21 in 24.6206 - percent 0.0402683
8 of 21 in 28.0546 - percent 0.0382994
9 of 21 in 31.6149 - percent 0.0399333
10 of 21 in 35.164 - percent 0.0408769
11 of 21 in 38.6958 - percent 0.0411501
12 of 21 in 42.1218 - percent 0.0395839
13 of 21 in 45.6508 - percent 0.0396924
14 of 21 in 49.2097 - percent 0.0404471
15 of 21 in 52.7547 - percent 0.0408057
16 of 21 in 56.3214 - percent 0.0416889
17 of 21 in 59.8749 - percent 0.0421383
18 of 21 in 63.4105 - percent 0.0423609
19 of 21 in 66.9674 - percent 0.042662
20 of 21 in 70.5038 - percent 0.0427431
21 of 21 in 73.9455 - percent 0.0417327
 [vidi] 2 0 /home/kaya/sparyser/matrices/bfwb62.mtx_11 32 6213749477433344 75.5772
Perman: [veni] running with 32 rows:
1 of 21 in 5.30639 - percent 0.00589016
2 of 21 in 10.6038 - percent 0.00437719
3 of 21 in 15.8971 - percent 0.00359334
4 of 21 in 21.2251 - percent 0.00339778
5 of 21 in 26.5435 - percent 0.0034973
6 of 21 in 31.8769 - percent 0.00381151
7 of 21 in 37.2004 - percent 0.00418844
8 of 21 in 42.5499 - percent 0.00450695
9 of 21 in 47.8512 - percent 0.00466008
10 of 21 in 53.1736 - percent 0.00490978
11 of 21 in 58.4639 - percent 0.00479819
12 of 21 in 63.8057 - percent 0.00472835
13 of 21 in 69.1551 - percent 0.00504955
14 of 21 in 74.4721 - percent 0.005013
15 of 21 in 79.7995 - percent 0.00524834
16 of 21 in 85.1208 - percent 0.00516591
17 of 21 in 90.4431 - percent 0.00522922
18 of 21 in 95.7395 - percent 0.00508392
19 of 21 in 101.054 - percent 0.0049305
20 of 21 in 106.383 - percent 0.00480778
21 of 21 in 111.718 - percent 0.00472879
 [vidi] 2 0 /home/kaya/sparyser/matrices/bfwb62.mtx_12 32 7403115990021220 114.248
Perman: [veni] running with 32 rows:
1 of 21 in 4.33154 - percent 0.0145381
2 of 21 in 8.62839 - percent 0.010704
3 of 21 in 12.9168 - percent 0.00888915
4 of 21 in 17.2032 - percent 0.00784262
5 of 21 in 21.487 - percent 0.00717594
6 of 21 in 25.7636 - percent 0.00678193
7 of 21 in 30.0357 - percent 0.00648378
8 of 21 in 34.3079 - percent 0.00632347
9 of 21 in 38.5834 - percent 0.00617301
10 of 21 in 42.8797 - percent 0.00661168
11 of 21 in 47.1847 - percent 0.00703489
12 of 21 in 51.4556 - percent 0.0068672
13 of 21 in 55.7281 - percent 0.0066927
14 of 21 in 60.0223 - percent 0.0069329
15 of 21 in 64.3289 - percent 0.00724125
16 of 21 in 68.5989 - percent 0.00710537
17 of 21 in 72.8863 - percent 0.00696125
18 of 21 in 77.1929 - percent 0.00710576
19 of 21 in 81.5148 - percent 0.00736558
20 of 21 in 85.7991 - percent 0.00723317
21 of 21 in 90.0858 - percent 0.00710627
 [vidi] 2 0 /home/kaya/sparyser/matrices/bfwb62.mtx_13 32 5099868168434550 92.1215
Perman: [veni] running with 32 rows:
1 of 21 in 4.97014 - percent 0.0076864
2 of 21 in 9.92729 - percent 0.00559408
3 of 21 in 14.8762 - percent 0.00463039
4 of 21 in 19.8449 - percent 0.00424486
5 of 21 in 24.8103 - percent 0.00447273
6 of 21 in 29.7932 - percent 0.00492642
7 of 21 in 34.7725 - percent 0.00539429
8 of 21 in 39.7683 - percent 0.00564979
9 of 21 in 44.7309 - percent 0.00575315
10 of 21 in 49.722 - percent 0.00608959
11 of 21 in 54.6774 - percent 0.00602822
12 of 21 in 59.6766 - percent 0.00598596
13 of 21 in 64.685 - percent 0.00631522
14 of 21 in 69.6602 - percent 0.00621434
15 of 21 in 74.6583 - percent 0.00648795
16 of 21 in 79.6458 - percent 0.00643023
17 of 21 in 84.6332 - percent 0.00652765
18 of 21 in 89.5902 - percent 0.00635664
19 of 21 in 94.5595 - percent 0.00616843
20 of 21 in 99.5397 - percent 0.00599588
21 of 21 in 104.527 - percent 0.00591177
 [vidi] 2 0 /home/kaya/sparyser/matrices/bfwb62.mtx_14 32 12671000304587068 106.896
Perman: [veni] running with 32 rows:
1 of 21 in 4.90065 - percent 0.0074838
2 of 21 in 9.7897 - percent 0.00539294
3 of 21 in 14.669 - percent 0.00425858
4 of 21 in 19.5692 - percent 0.0039212
5 of 21 in 24.464 - percent 0.00407953
6 of 21 in 29.3752 - percent 0.0044158
7 of 21 in 34.2856 - percent 0.00494813
8 of 21 in 39.2155 - percent 0.00535434
9 of 21 in 44.1159 - percent 0.00559499
10 of 21 in 49.0389 - percent 0.00595775
11 of 21 in 53.9177 - percent 0.00573333
12 of 21 in 58.8427 - percent 0.00561221
13 of 21 in 63.7866 - percent 0.0060509
14 of 21 in 68.7002 - percent 0.00601998
15 of 21 in 73.6328 - percent 0.00635716
16 of 21 in 78.5454 - percent 0.0062145
17 of 21 in 83.465 - percent 0.00631165
18 of 21 in 88.3542 - percent 0.00612907
19 of 21 in 93.2545 - percent 0.00592429
20 of 21 in 98.1641 - percent 0.00574853
21 of 21 in 103.084 - percent 0.00567348
 [vidi] 2 0 /home/kaya/sparyser/matrices/bfwb62.mtx_15 32 14748682189806812 105.42
Perman: [veni] running with 32 rows:
1 of 21 in 5.20171 - percent 0.0157194
2 of 21 in 10.382 - percent 0.0128589
3 of 21 in 15.561 - percent 0.0118213
4 of 21 in 20.75 - percent 0.0111498
5 of 21 in 25.9419 - percent 0.011369
6 of 21 in 31.1588 - percent 0.0121611
7 of 21 in 36.3747 - percent 0.0130886
8 of 21 in 41.6062 - percent 0.0137742
9 of 21 in 46.8099 - percent 0.0142365
10 of 21 in 52.0402 - percent 0.0149144
11 of 21 in 57.23 - percent 0.014873
12 of 21 in 62.4456 - percent 0.0147611
13 of 21 in 67.6967 - percent 0.0154465
14 of 21 in 72.9024 - percent 0.0154025
15 of 21 in 78.1465 - percent 0.0159653
16 of 21 in 83.3568 - percent 0.0158673
17 of 21 in 88.5752 - percent 0.0159129
18 of 21 in 93.7538 - percent 0.0155861
19 of 21 in 98.9466 - percent 0.0152679
20 of 21 in 104.14 - percent 0.0149408
21 of 21 in 109.345 - percent 0.0147336
 [vidi] 2 0 /home/kaya/sparyser/matrices/bfwb62.mtx_16 32 9126459759132672 111.827
Perman: [veni] running with 32 rows:
1 of 21 in 4.97542 - percent 0.0143602
2 of 21 in 9.92807 - percent 0.00969637
3 of 21 in 14.8777 - percent 0.00807961
4 of 21 in 19.8364 - percent 0.00719288
5 of 21 in 24.7977 - percent 0.00750837
6 of 21 in 29.7821 - percent 0.008209
7 of 21 in 34.763 - percent 0.00900642
8 of 21 in 39.7575 - percent 0.0096557
9 of 21 in 44.7256 - percent 0.00999545
10 of 21 in 49.7208 - percent 0.0106505
11 of 21 in 54.6727 - percent 0.0103443
12 of 21 in 59.651 - percent 0.0100422
13 of 21 in 64.6697 - percent 0.0109035
14 of 21 in 69.638 - percent 0.0106556
15 of 21 in 74.65 - percent 0.0113899
16 of 21 in 79.621 - percent 0.0111229
17 of 21 in 84.6114 - percent 0.0113473
18 of 21 in 89.5615 - percent 0.0109917
19 of 21 in 94.5257 - percent 0.0106642
20 of 21 in 99.4887 - percent 0.0103515
21 of 21 in 104.467 - percent 0.0102033
 [vidi] 2 0 /home/kaya/sparyser/matrices/bfwb62.mtx_17 32 12547732034289664 106.839
Perman: [veni] running with 32 rows:
1 of 21 in 4.25394 - percent 0.023657
2 of 21 in 8.46924 - percent 0.018239
3 of 21 in 12.6679 - percent 0.0161828
4 of 21 in 16.8704 - percent 0.0146715
5 of 21 in 21.0698 - percent 0.01383
6 of 21 in 25.2639 - percent 0.0133887
7 of 21 in 29.4544 - percent 0.0129777
8 of 21 in 33.6492 - percent 0.0127582
9 of 21 in 37.8417 - percent 0.012637
10 of 21 in 42.0676 - percent 0.0131404
11 of 21 in 46.2936 - percent 0.0136138
12 of 21 in 50.4853 - percent 0.0133801
