Number of rows/cols is 100
Number of nnz is    300
#d1 vertices: 0
#d2 vertices: 0
min degree: 3
************************************************************************
Algo is 2
Compress matrix 0
Apply Dulmage-Mendehlson 0
Sorting 0
Single run 0
************************************************************************
Perman: [veni] running with 32 rows:
1 of 21 in 2.89942 - percent 0.205289
2 of 21 in 5.91959 - percent 0.220004
3 of 21 in 8.92415 - percent 0.223759
4 of 21 in 11.8193 - percent 0.218854
5 of 21 in 14.7388 - percent 0.217065
6 of 21 in 17.7593 - percent 0.220014
7 of 21 in 20.7481 - percent 0.221073
8 of 21 in 23.6483 - percent 0.219096
9 of 21 in 26.5785 - percent 0.218377
10 of 21 in 29.5989 - percent 0.22002
11 of 21 in 32.4986 - percent 0.218678
12 of 21 in 35.5241 - percent 0.220017
13 of 21 in 38.5198 - percent 0.220558
14 of 21 in 41.4175 - percent 0.219381
15 of 21 in 44.3592 - percent 0.219035
16 of 21 in 47.3867 - percent 0.220019
17 of 21 in 50.3637 - percent 0.220157
18 of 21 in 53.2618 - percent 0.21926
19 of 21 in 56.222 - percent 0.219242
20 of 21 in 59.2491 - percent 0.220019
21 of 21 in 62.2146 - percent 0.220017
 [vidi] 2 0 /home/kaya/sparyser/matrices/c100.mtx_0 32 29785127 63.5964
Perman: [veni] running with 32 rows:
1 of 21 in 3.02413 - percent 0.23478
2 of 21 in 5.92602 - percent 0.220004
3 of 21 in 8.82821 - percent 0.215099
4 of 21 in 11.8528 - percent 0.220019
5 of 21 in 14.8767 - percent 0.222963
6 of 21 in 17.7783 - percent 0.220014
7 of 21 in 20.6806 - percent 0.217913
8 of 21 in 23.7048 - percent 0.220017
9 of 21 in 26.7165 - percent 0.221304
10 of 21 in 29.613 - percent 0.219594
11 of 21 in 32.5325 - percent 0.218678
12 of 21 in 35.5576 - percent 0.220017
13 of 21 in 38.5496 - percent 0.220558
14 of 21 in 41.4462 - percent 0.219381
15 of 21 in 44.3857 - percent 0.219035
16 of 21 in 47.4106 - percent 0.220019
17 of 21 in 50.3835 - percent 0.220157
18 of 21 in 53.2791 - percent 0.21926
19 of 21 in 56.2374 - percent 0.219242
20 of 21 in 59.2625 - percent 0.220019
21 of 21 in 62.2278 - percent 0.220017
 [vidi] 2 0 /home/kaya/sparyser/matrices/c100.mtx_1 32 39257134 63.6085
Perman: [veni] running with 32 rows:
1 of 21 in 3.70098 - percent 0.342791
2 of 21 in 7.80852 - percent 0.390407
3 of 21 in 10.9959 - percent 0.334316
4 of 21 in 15.0612 - percent 0.358028
5 of 21 in 18.8772 - percent 0.360174
6 of 21 in 22.6264 - percent 0.358974
7 of 21 in 25.934 - percent 0.344154
8 of 21 in 29.857 - percent 0.350793
9 of 21 in 33.6817 - percent 0.353223
10 of 21 in 36.7733 - percent 0.338498
11 of 21 in 41.3048 - percent 0.356598
12 of 21 in 44.981 - percent 0.355272
13 of 21 in 48.3882 - percent 0.349276
14 of 21 in 52.5388 - percent 0.356395
15 of 21 in 55.9827 - percent 0.351814
16 of 21 in 59.6648 - percent 0.351085
17 of 21 in 63.1732 - percent 0.347858
18 of 21 in 67.5435 - percent 0.35628
19 of 21 in 70.8083 - percent 0.350269
20 of 21 in 74.4819 - percent 0.349531
21 of 21 in 78.5389 - percent 0.353154
 [vidi] 2 0 /home/kaya/sparyser/matrices/c100.mtx_2 32 6606746 80.1735
Perman: [veni] running with 32 rows:
1 of 21 in 3.27242 - percent 0.351534
2 of 21 in 6.54651 - percent 0.351564
3 of 21 in 9.82124 - percent 0.351554
4 of 21 in 13.0963 - percent 0.351561
5 of 21 in 16.3714 - percent 0.351567
6 of 21 in 19.6451 - percent 0.351561
7 of 21 in 22.9206 - percent 0.351565
8 of 21 in 26.1951 - percent 0.351564
9 of 21 in 29.4684 - percent 0.351561
10 of 21 in 32.7427 - percent 0.351564
11 of 21 in 36.0166 - percent 0.351562
12 of 21 in 39.2901 - percent 0.351561
13 of 21 in 42.5622 - percent 0.351563
14 of 21 in 45.8339 - percent 0.351561
15 of 21 in 49.105 - percent 0.351563
16 of 21 in 52.3759 - percent 0.351564
17 of 21 in 55.6469 - percent 0.351562
18 of 21 in 58.9186 - percent 0.351564
19 of 21 in 62.1918 - percent 0.351563
20 of 21 in 65.4638 - percent 0.351561
21 of 21 in 68.7359 - percent 0.351563
 [vidi] 2 0 /home/kaya/sparyser/matrices/c100.mtx_3 32 31815500 70.2896
Perman: [veni] running with 32 rows:
1 of 21 in 2.81064 - percent 0.195437
2 of 21 in 5.52274 - percent 0.183149
3 of 21 in 8.23494 - percent 0.179053
4 of 21 in 11.047 - percent 0.183236
5 of 21 in 13.8585 - percent 0.185755
6 of 21 in 16.5718 - percent 0.183338
7 of 21 in 19.2844 - percent 0.181575
8 of 21 in 22.0948 - percent 0.183308
9 of 21 in 24.8922 - percent 0.184308
10 of 21 in 27.6013 - percent 0.182888
11 of 21 in 30.3314 - percent 0.182203
12 of 21 in 33.1429 - percent 0.183338
13 of 21 in 35.9296 - percent 0.183805
14 of 21 in 38.6395 - percent 0.182854
15 of 21 in 41.3812 - percent 0.182559
16 of 21 in 44.1928 - percent 0.183384
17 of 21 in 46.9629 - percent 0.183507
18 of 21 in 49.6699 - percent 0.182739
19 of 21 in 52.4251 - percent 0.182702
20 of 21 in 55.2374 - percent 0.183359
21 of 21 in 58.0002 - percent 0.183367
 [vidi] 2 0 /home/kaya/sparyser/matrices/c100.mtx_4 32 4255630 59.2891
Perman: [veni] running with 32 rows:
1 of 21 in 2.44865 - percent 0.119603
2 of 21 in 4.96692 - percent 0.128205
3 of 21 in 7.4754 - percent 0.130252
4 of 21 in 9.92345 - percent 0.127506
5 of 21 in 12.3858 - percent 0.126588
6 of 21 in 14.9091 - percent 0.128336
7 of 21 in 17.3637 - percent 0.127103
8 of 21 in 19.8901 - percent 0.128315
9 of 21 in 22.4069 - percent 0.129016
10 of 21 in 24.8576 - percent 0.128021
11 of 21 in 27.323 - percent 0.127542
12 of 21 in 29.8501 - percent 0.128336
13 of 21 in 32.357 - percent 0.128663
14 of 21 in 34.8075 - percent 0.127998
15 of 21 in 37.2829 - percent 0.127792
16 of 21 in 39.8092 - percent 0.128369
17 of 21 in 42.2582 - percent 0.127854
18 of 21 in 44.7775 - percent 0.128351
19 of 21 in 47.2794 - percent 0.128569
20 of 21 in 49.7269 - percent 0.128108
21 of 21 in 52.1967 - percent 0.127948
 [vidi] 2 0 /home/kaya/sparyser/matrices/c100.mtx_5 32 4209238 53.3956
Perman: [veni] running with 32 rows:
1 of 21 in 2.45761 - percent 0.111581
2 of 21 in 4.50572 - percent 0.070144
3 of 21 in 6.405 - percent 0.0467627
4 of 21 in 8.30197 - percent 0.035072
5 of 21 in 10.6736 - percent 0.0463537
6 of 21 in 12.8555 - percent 0.0467627
7 of 21 in 14.8953 - percent 0.042957
8 of 21 in 17.2157 - percent 0.0490035
9 of 21 in 19.572 - percent 0.0546231
10 of 21 in 21.6463 - percent 0.0520192
11 of 21 in 23.6124 - percent 0.0472902
12 of 21 in 25.5784 - percent 0.0433493
13 of 21 in 27.9025 - percent 0.0469088
14 of 21 in 30.1457 - percent 0.04866
15 of 21 in 32.4283 - percent 0.0506539
16 of 21 in 34.394 - percent 0.047488
17 of 21 in 36.7367 - percent 0.0497134
18 of 21 in 38.9098 - percent 0.0500053
19 of 21 in 40.8079 - percent 0.0473735
20 of 21 in 42.7083 - percent 0.0450048
21 of 21 in 45.1081 - percent 0.0476299
 [vidi] 2 0 /home/kaya/sparyser/matrices/c100.mtx_6 32 4024428 46.22
Perman: [veni] running with 32 rows:
1 of 21 in 3.67934 - percent 0.351334
2 of 21 in 7.14676 - percent 0.321659
3 of 21 in 10.5526 - percent 0.313068
4 of 21 in 14.2584 - percent 0.322791
5 of 21 in 17.9424 - percent 0.327598
6 of 21 in 21.3816 - percent 0.323225
7 of 21 in 24.7245 - percent 0.315451
8 of 21 in 28.0897 - percent 0.311471
9 of 21 in 31.5457 - percent 0.310817
10 of 21 in 34.9129 - percent 0.307136
11 of 21 in 38.5242 - percent 0.310062
12 of 21 in 41.9916 - percent 0.308566
13 of 21 in 45.5244 - percent 0.30849
14 of 21 in 49.2426 - percent 0.311611
15 of 21 in 52.8789 - percent 0.313158
16 of 21 in 56.3329 - percent 0.311844
17 of 21 in 59.8731 - percent 0.31262
18 of 21 in 63.1793 - percent 0.310365
19 of 21 in 66.5401 - percent 0.308878
20 of 21 in 70.0669 - percent 0.309468
21 of 21 in 73.4893 - percent 0.308885
 [vidi] 2 0 /home/kaya/sparyser/matrices/c100.mtx_7 32 1233349 75.0209
Perman: [veni] running with 32 rows:
1 of 21 in 3.17342 - percent 0.292571
2 of 21 in 6.34688 - percent 0.292742
3 of 21 in 9.52204 - percent 0.292947
4 of 21 in 12.6924 - percent 0.292886
5 of 21 in 15.864 - percent 0.292866
6 of 21 in 19.0387 - percent 0.292948
7 of 21 in 22.2132 - percent 0.293006
8 of 21 in 25.3869 - percent 0.293041
9 of 21 in 28.5592 - percent 0.292991
10 of 21 in 31.7318 - percent 0.292989
11 of 21 in 34.9054 - percent 0.293022
12 of 21 in 38.0768 - percent 0.29299
13 of 21 in 41.2482 - percent 0.292958
14 of 21 in 44.4198 - percent 0.292931
15 of 21 in 47.5939 - percent 0.292948
16 of 21 in 50.7677 - percent 0.292964
17 of 21 in 53.9396 - percent 0.292942
18 of 21 in 57.1135 - percent 0.292948
19 of 21 in 60.2878 - percent 0.292969
20 of 21 in 63.4618 - percent 0.292989
21 of 21 in 66.6344 - percent 0.29299
 [vidi] 2 0 /home/kaya/sparyser/matrices/c100.mtx_8 32 1590164 68.1387
Perman: [veni] running with 32 rows:
1 of 21 in 3.15151 - percent 0.292571
2 of 21 in 6.30364 - percent 0.292571
3 of 21 in 9.4635 - percent 0.288515
4 of 21 in 12.6361 - percent 0.279925
5 of 21 in 15.809 - percent 0.27479
6 of 21 in 18.5932 - percent 0.26006
7 of 21 in 21.1498 - percent 0.243814
8 of 21 in 23.7107 - percent 0.231654
9 of 21 in 26.1659 - percent 0.217031
10 of 21 in 28.6176 - percent 0.205107
11 of 21 in 31.1762 - percent 0.197426
12 of 21 in 34.0384 - percent 0.196456
13 of 21 in 36.9003 - percent 0.195636
14 of 21 in 39.933 - percent 0.199383
15 of 21 in 43.0884 - percent 0.205648
16 of 21 in 46.2428 - percent 0.211121
17 of 21 in 48.9667 - percent 0.207415
18 of 21 in 51.6423 - percent 0.203196
19 of 21 in 54.2905 - percent 0.199602
20 of 21 in 56.8366 - percent 0.196951
21 of 21 in 59.3843 - percent 0.194565
 [vidi] 2 0 /home/kaya/sparyser/matrices/c100.mtx_9 32 4846244 60.5916
Perman: [veni] running with 32 rows:
1 of 21 in 2.10363 - percent 0.0361728
2 of 21 in 4.21282 - percent 0.036864
3 of 21 in 6.31935 - percent 0.036864
4 of 21 in 8.42548 - percent 0.036864
5 of 21 in 10.5219 - percent 0.0363418
6 of 21 in 12.6297 - percent 0.035168
7 of 21 in 14.916 - percent 0.0351078
8 of 21 in 17.0901 - percent 0.0341248
9 of 21 in 19.247 - percent 0.0333
10 of 21 in 21.5259 - percent 0.0331469
11 of 21 in 23.6814 - percent 0.03355
12 of 21 in 25.9472 - percent 0.0368981
13 of 21 in 28.21 - percent 0.03971
14 of 21 in 30.4711 - percent 0.0420844
15 of 21 in 32.7398 - percent 0.0442641
16 of 21 in 35.006 - percent 0.0461056
17 of 21 in 37.2825 - percent 0.0469474
18 of 21 in 39.4689 - percent 0.0467576
19 of 21 in 41.7556 - percent 0.0474705
20 of 21 in 44.0077 - percent 0.0478618
21 of 21 in 46.2456 - percent 0.0481313
 [vidi] 2 0 /home/kaya/sparyser/matrices/c100.mtx_10 32 422746 47.3295
Perman: [veni] running with 32 rows:
1 of 21 in 3.10693 - percent 0.293357
2 of 21 in 6.21346 - percent 0.293357
3 of 21 in 9.32143 - percent 0.293357
4 of 21 in 12.4278 - percent 0.293357
5 of 21 in 15.5236 - percent 0.292786
6 of 21 in 18.6428 - percent 0.293357
7 of 21 in 21.728 - percent 0.292505
8 of 21 in 24.8573 - percent 0.293357
9 of 21 in 27.931 - percent 0.292349
10 of 21 in 31.0727 - percent 0.293357
11 of 21 in 34.1434 - percent 0.292464
12 of 21 in 37.2872 - percent 0.293357
13 of 21 in 40.3557 - percent 0.292601
14 of 21 in 43.4982 - percent 0.293357
15 of 21 in 46.5675 - percent 0.292702
16 of 21 in 49.7118 - percent 0.293357
17 of 21 in 52.7739 - percent 0.29267
18 of 21 in 55.9239 - percent 0.293357
19 of 21 in 58.9748 - percent 0.292579
20 of 21 in 62.1372 - percent 0.293357
21 of 21 in 65.1746 - percent 0.292505
 [vidi] 2 0 /home/kaya/sparyser/matrices/c100.mtx_11 32 15545562 66.6862
Perman: [veni] running with 32 rows:
1 of 21 in 3.10361 - percent 0.293357
2 of 21 in 6.19568 - percent 0.291803
3 of 21 in 9.31311 - percent 0.293357
4 of 21 in 12.3984 - percent 0.292128
5 of 21 in 15.5197 - percent 0.293357
6 of 21 in 18.6272 - percent 0.293357
7 of 21 in 21.7129 - percent 0.292505
8 of 21 in 24.8424 - percent 0.293357
9 of 21 in 27.9164 - percent 0.292349
10 of 21 in 31.0588 - percent 0.293357
11 of 21 in 34.1288 - percent 0.292464
12 of 21 in 37.2732 - percent 0.293357
13 of 21 in 40.3433 - percent 0.292601
14 of 21 in 43.489 - percent 0.293357
15 of 21 in 46.5609 - percent 0.292702
16 of 21 in 49.7062 - percent 0.293357
17 of 21 in 52.8082 - percent 0.293357
18 of 21 in 55.8562 - percent 0.292538
19 of 21 in 59.0137 - percent 0.293357
20 of 21 in 62.0618 - percent 0.29262
21 of 21 in 65.2177 - percent 0.293357
 [vidi] 2 0 /home/kaya/sparyser/matrices/c100.mtx_12 32 10536297 66.6611
Perman: [veni] running with 32 rows:
1 of 21 in 5.15858 - percent 0.75
2 of 21 in 10.3185 - percent 0.75
3 of 21 in 15.4779 - percent 0.75
4 of 21 in 20.6374 - percent 0.75
5 of 21 in 25.797 - percent 0.75
6 of 21 in 30.9566 - percent 0.75
7 of 21 in 36.115 - percent 0.75
8 of 21 in 41.274 - percent 0.75
9 of 21 in 46.4336 - percent 0.75
10 of 21 in 51.5948 - percent 0.75
11 of 21 in 56.7541 - percent 0.75
12 of 21 in 61.9128 - percent 0.75
13 of 21 in 67.0722 - percent 0.75
14 of 21 in 72.2318 - percent 0.75
15 of 21 in 77.3918 - percent 0.75
16 of 21 in 82.5507 - percent 0.75
17 of 21 in 87.7112 - percent 0.75
18 of 21 in 92.8712 - percent 0.75
19 of 21 in 98.0311 - percent 0.75
20 of 21 in 103.19 - percent 0.75
21 of 21 in 108.35 - percent 0.75
 [vidi] 2 0 /home/kaya/sparyser/matrices/c100.mtx_13 32 714900 110.799
Perman: [veni] running with 32 rows:
1 of 21 in 2.75472 - percent 0.157838
2 of 21 in 5.61683 - percent 0.166853
3 of 21 in 8.3302 - percent 0.163948
4 of 21 in 11.1702 - percent 0.165365
5 of 21 in 13.9291 - percent 0.16282
6 of 21 in 16.7177 - percent 0.165553
7 of 21 in 19.2847 - percent 0.159212
8 of 21 in 22.0478 - percent 0.160578
9 of 21 in 24.7756 - percent 0.160875
10 of 21 in 27.3901 - percent 0.157962
11 of 21 in 30.163 - percent 0.159172
12 of 21 in 32.8744 - percent 0.157813
13 of 21 in 35.7676 - percent 0.159644
14 of 21 in 38.5623 - percent 0.159728
15 of 21 in 41.4447 - percent 0.16106
16 of 21 in 44.1422 - percent 0.159907
17 of 21 in 46.8688 - percent 0.160147
18 of 21 in 49.5692 - percent 0.159808
19 of 21 in 52.1975 - percent 0.158816
20 of 21 in 54.8884 - percent 0.158475
21 of 21 in 57.5037 - percent 0.157356
 [vidi] 2 0 /home/kaya/sparyser/matrices/c100.mtx_14 32 2924439 58.8184
Perman: [veni] running with 32 rows:
1 of 21 in 2.61843 - percent 0.137461
2 of 21 in 5.11307 - percent 0.122593
3 of 21 in 7.64372 - percent 0.118211
4 of 21 in 10.2557 - percent 0.122614
5 of 21 in 12.7784 - percent 0.119765
6 of 21 in 15.3012 - percent 0.119418
7 of 21 in 17.8244 - percent 0.117824
8 of 21 in 20.4169 - percent 0.119178
9 of 21 in 22.9719 - percent 0.118893
10 of 21 in 25.4139 - percent 0.116247
11 of 21 in 28.1954 - percent 0.121631
12 of 21 in 30.8415 - percent 0.121138
13 of 21 in 33.3695 - percent 0.120032
14 of 21 in 36.1128 - percent 0.12092
15 of 21 in 38.8524 - percent 0.123264
16 of 21 in 41.5626 - percent 0.124059
17 of 21 in 44.2168 - percent 0.124204
18 of 21 in 46.9576 - percent 0.125784
19 of 21 in 49.7069 - percent 0.126415
20 of 21 in 52.2985 - percent 0.125948
21 of 21 in 54.9052 - percent 0.125034
 [vidi] 2 0 /home/kaya/sparyser/matrices/c100.mtx_15 32 174420 56.2587
Perman: [veni] running with 32 rows:
1 of 21 in 2.97142 - percent 0.249121
2 of 21 in 6.14625 - percent 0.281069
3 of 21 in 9.09717 - percent 0.267337
4 of 21 in 12.2382 - percent 0.274925
5 of 21 in 15.2434 - percent 0.272911
6 of 21 in 18.3573 - percent 0.273071
7 of 21 in 21.2061 - percent 0.263553
8 of 21 in 24.2677 - percent 0.262834
9 of 21 in 27.3324 - percent 0.26227
10 of 21 in 30.1847 - percent 0.256882
11 of 21 in 33.2817 - percent 0.258504
12 of 21 in 36.2999 - percent 0.258018
13 of 21 in 39.4557 - percent 0.260043
14 of 21 in 42.4807 - percent 0.260907
15 of 21 in 45.6313 - percent 0.262177
16 of 21 in 48.6618 - percent 0.262023
17 of 21 in 51.5625 - percent 0.260014
18 of 21 in 54.6144 - percent 0.259903
19 of 21 in 57.4971 - percent 0.258046
20 of 21 in 60.5229 - percent 0.257916
21 of 21 in 63.4691 - percent 0.256765
 [vidi] 2 0 /home/kaya/sparyser/matrices/c100.mtx_16 32 3377572 64.8642
Perman: [veni] running with 32 rows:
1 of 21 in 2.8045 - percent 0.244802
2 of 21 in 5.7029 - percent 0.256493
3 of 21 in 8.26731 - percent 0.228405
4 of 21 in 11.1707 - percent 0.238061
5 of 21 in 13.9772 - percent 0.238307
6 of 21 in 16.8817 - percent 0.244205
7 of 21 in 19.5477 - percent 0.237886
8 of 21 in 22.3708 - percent 0.238647
9 of 21 in 25.013 - percent 0.233829
10 of 21 in 27.8341 - percent 0.234957
11 of 21 in 30.8207 - percent 0.240631
12 of 21 in 33.5155 - percent 0.238132
13 of 21 in 36.3436 - percent 0.239117
14 of 21 in 38.9777 - percent 0.235481
15 of 21 in 41.8186 - percent 0.236597
16 of 21 in 44.7025 - percent 0.238061
17 of 21 in 47.6048 - percent 0.239839
18 of 21 in 50.3553 - percent 0.239101
19 of 21 in 53.1018 - percent 0.237996
20 of 21 in 55.8518 - percent 0.23749
21 of 21 in 58.5544 - percent 0.236247
 [vidi] 2 0 /home/kaya/sparyser/matrices/c100.mtx_17 32 7130140 60.0096
Perman: [veni] running with 32 rows:
1 of 21 in 3.75806 - percent 0.468751
2 of 21 in 7.15628 - percent 0.410918
3 of 21 in 10.5368 - percent 0.390107
4 of 21 in 14.2957 - percent 0.409767
5 of 21 in 17.5268 - percent 0.387348
6 of 21 in 20.7396 - percent 0.371613
7 of 21 in 24.1104 - percent 0.367637
8 of 21 in 27.8714 - percent 0.380276
9 of 21 in 31.1129 - percent 0.371611
10 of 21 in 34.6584 - percent 0.374378
11 of 21 in 38.3879 - percent 0.381562
12 of 21 in 42.0181 - percent 0.383943
13 of 21 in 45.6529 - percent 0.385959
14 of 21 in 49.3608 - percent 0.390107
15 of 21 in 53.0927 - percent 0.394429
16 of 21 in 56.7259 - percent 0.39541
17 of 21 in 60.36 - percent 0.396276
18 of 21 in 64.0655 - percent 0.398845
19 of 21 in 67.7997 - percent 0.401878
20 of 21 in 71.4318 - percent 0.402293
21 of 21 in 75.0633 - percent 0.402665
 [vidi] 2 0 /home/kaya/sparyser/matrices/c100.mtx_18 32 474654 76.7881
Perman: [veni] running with 32 rows:
1 of 21 in 2.83329 - percent 0.195831
2 of 21 in 5.84688 - percent 0.219629
3 of 21 in 8.66997 - percent 0.212215
4 of 21 in 11.6904 - percent 0.220407
5 of 21 in 14.515 - percent 0.215206
6 of 21 in 17.5477 - percent 0.220407
7 of 21 in 20.359 - percent 0.21647
8 of 21 in 23.392 - percent 0.220407
9 of 21 in 26.3456 - percent 0.221352
10 of 21 in 29.2338 - percent 0.220407
11 of 21 in 32.1878 - percent 0.22097
12 of 21 in 35.0558 - percent 0.219629
13 of 21 in 38.033 - percent 0.220764
14 of 21 in 40.8836 - percent 0.219629
15 of 21 in 43.8614 - percent 0.220612
16 of 21 in 46.7279 - percent 0.219629
17 of 21 in 49.5852 - percent 0.218617
18 of 21 in 52.5722 - percent 0.219629
19 of 21 in 55.4172 - percent 0.218724
20 of 21 in 58.4699 - percent 0.220407
21 of 21 in 61.2609 - percent 0.21881
 [vidi] 2 0 /home/kaya/sparyser/matrices/c100.mtx_19 32 12863940 62.7272
Perman: [veni] running with 32 rows:
1 of 21 in 3.02493 - percent 0.273696
2 of 21 in 6.19398 - percent 0.293357
3 of 21 in 9.34549 - percent 0.298356
4 of 21 in 12.367 - percent 0.291803
5 of 21 in 15.4175 - percent 0.289425
6 of 21 in 18.5912 - percent 0.293357
7 of 21 in 21.6235 - percent 0.290549
8 of 21 in 24.8054 - percent 0.293357
9 of 21 in 27.9703 - percent 0.29508
10 of 21 in 30.9978 - percent 0.292786
11 of 21 in 34.0534 - percent 0.29157
12 of 21 in 37.2353 - percent 0.293357
13 of 21 in 40.378 - percent 0.294071
14 of 21 in 43.4047 - percent 0.292505
15 of 21 in 46.4802 - percent 0.292047
16 of 21 in 49.6611 - percent 0.293357
17 of 21 in 52.6867 - percent 0.292201
18 of 21 in 55.8567 - percent 0.293357
19 of 21 in 58.9922 - percent 0.293872
20 of 21 in 62.0121 - percent 0.292786
21 of 21 in 65.0772 - percent 0.292421
 [vidi] 2 0 /home/kaya/sparyser/matrices/c100.mtx_20 32 8894198 66.5905
Perman: [veni] running with 32 rows:
1 of 21 in 3.94526 - percent 0.437915
2 of 21 in 8.16245 - percent 0.469372
3 of 21 in 12.1294 - percent 0.458886
4 of 21 in 16.3573 - percent 0.469372
5 of 21 in 20.3192 - percent 0.46308
6 of 21 in 24.538 - percent 0.469372
7 of 21 in 28.496 - percent 0.464878
8 of 21 in 32.7259 - percent 0.469372
9 of 21 in 36.8606 - percent 0.47038
10 of 21 in 40.9149 - percent 0.469372
11 of 21 in 45.1287 - percent 0.472232
12 of 21 in 48.9671 - percent 0.466884
13 of 21 in 53.1847 - percent 0.469304
14 of 21 in 57.2721 - percent 0.469372
15 of 21 in 61.4916 - percent 0.471469
16 of 21 in 65.2887 - percent 0.466884
17 of 21 in 69.4136 - percent 0.467521
18 of 21 in 73.6336 - percent 0.469372
19 of 21 in 77.5953 - percent 0.467716
20 of 21 in 81.8276 - percent 0.469372
21 of 21 in 85.7877 - percent 0.467874
 [vidi] 2 0 /home/kaya/sparyser/matrices/c100.mtx_21 32 1877887 87.8048
Perman: [veni] running with 32 rows:
1 of 21 in 3.16763 - percent 0.313018
2 of 21 in 6.04197 - percent 0.273696
3 of 21 in 9.21055 - percent 0.286804
4 of 21 in 12.3877 - percent 0.293357
5 of 21 in 15.5679 - percent 0.29729
6 of 21 in 18.4465 - percent 0.286804
7 of 21 in 21.7725 - percent 0.296166
8 of 21 in 24.8048 - percent 0.293357
9 of 21 in 27.9738 - percent 0.295542
10 of 21 in 30.8485 - percent 0.289425
11 of 21 in 34.0968 - percent 0.29359
12 of 21 in 37.1833 - percent 0.293357
13 of 21 in 40.1326 - percent 0.290333
14 of 21 in 43.2287 - percent 0.290549
15 of 21 in 46.538 - percent 0.294424
16 of 21 in 49.5782 - percent 0.293357
17 of 21 in 52.5772 - percent 0.291803
18 of 21 in 55.897 - percent 0.29508
19 of 21 in 58.8784 - percent 0.293357
20 of 21 in 61.974 - percent 0.293357
21 of 21 in 64.9236 - percent 0.291485
 [vidi] 2 0 /home/kaya/sparyser/matrices/c100.mtx_22 32 7567788 66.5094
Perman: [veni] running with 32 rows:
1 of 21 in 3.59945 - percent 0.468751
2 of 21 in 7.19971 - percent 0.46875
3 of 21 in 10.7999 - percent 0.46875
4 of 21 in 14.4004 - percent 0.46875
5 of 21 in 18.0014 - percent 0.46875
6 of 21 in 21.6014 - percent 0.46875
7 of 21 in 25.2015 - percent 0.46875
8 of 21 in 28.8011 - percent 0.46875
9 of 21 in 32.4013 - percent 0.46875
10 of 21 in 36.0012 - percent 0.46875
11 of 21 in 39.5992 - percent 0.46875
12 of 21 in 43.1968 - percent 0.46875
13 of 21 in 46.7954 - percent 0.46875
14 of 21 in 50.3946 - percent 0.46875
15 of 21 in 53.9907 - percent 0.46875
16 of 21 in 57.5859 - percent 0.46875
17 of 21 in 61.1851 - percent 0.46875
18 of 21 in 64.7831 - percent 0.46875
19 of 21 in 68.3812 - percent 0.46875
20 of 21 in 71.9789 - percent 0.46875
21 of 21 in 75.5772 - percent 0.46875
 [vidi] 2 0 /home/kaya/sparyser/matrices/c100.mtx_23 32 18007786 77.2858
Perman: [veni] running with 32 rows:
1 of 21 in 3.59895 - percent 0.468751
2 of 21 in 7.19704 - percent 0.46875
3 of 21 in 10.7953 - percent 0.46875
4 of 21 in 14.393 - percent 0.46875
5 of 21 in 17.9899 - percent 0.46875
6 of 21 in 21.5873 - percent 0.46875
7 of 21 in 25.1858 - percent 0.46875
8 of 21 in 28.7838 - percent 0.46875
9 of 21 in 32.3827 - percent 0.46875
10 of 21 in 35.9817 - percent 0.46875
11 of 21 in 39.5811 - percent 0.46875
12 of 21 in 43.1791 - percent 0.46875
13 of 21 in 46.7768 - percent 0.46875
14 of 21 in 50.3744 - percent 0.46875
15 of 21 in 53.972 - percent 0.46875
16 of 21 in 57.5702 - percent 0.46875
17 of 21 in 61.1688 - percent 0.46875
18 of 21 in 64.7669 - percent 0.46875
19 of 21 in 68.366 - percent 0.46875
20 of 21 in 71.9643 - percent 0.46875
21 of 21 in 75.5642 - percent 0.46875
 [vidi] 2 0 /home/kaya/sparyser/matrices/c100.mtx_24 32 4147708 77.2756
Perman: [veni] running with 32 rows:
1 of 21 in 4.94563 - percent 0.75
2 of 21 in 9.89062 - percent 0.75
3 of 21 in 14.8335 - percent 0.75
4 of 21 in 19.7779 - percent 0.75
5 of 21 in 24.721 - percent 0.75
6 of 21 in 29.6651 - percent 0.75
7 of 21 in 34.6104 - percent 0.75
8 of 21 in 39.5535 - percent 0.75
9 of 21 in 44.4971 - percent 0.75
10 of 21 in 49.4417 - percent 0.75
11 of 21 in 54.3858 - percent 0.75
12 of 21 in 59.3306 - percent 0.75
13 of 21 in 64.2754 - percent 0.75
14 of 21 in 69.2201 - percent 0.75
15 of 21 in 74.1647 - percent 0.75
16 of 21 in 79.1087 - percent 0.75
17 of 21 in 84.0526 - percent 0.75
18 of 21 in 88.9946 - percent 0.75
19 of 21 in 93.938 - percent 0.75
20 of 21 in 98.8836 - percent 0.75
21 of 21 in 103.827 - percent 0.75
 [vidi] 2 0 /home/kaya/sparyser/matrices/c100.mtx_25 32 2859149 106.175
Perman: [veni] running with 32 rows:
1 of 21 in 2.78712 - percent 0.220018
2 of 21 in 5.57992 - percent 0.220018
