Number of rows/cols is 100
Number of nnz is    300
#d1 vertices: 0
#d2 vertices: 0
min degree: 3
************************************************************************
Algo is 1
Compress matrix 0
Apply Dulmage-Mendehlson 0
Sorting 1
Single run 0
************************************************************************
Perman: [veni] running with 32 rows:
	1 of 21 in 5.31822 - percent 1
	2 of 21 in 10.6369 - percent 1
	3 of 21 in 15.9554 - percent 1
	4 of 21 in 21.274 - percent 1
	5 of 21 in 26.5925 - percent 1
	6 of 21 in 31.9111 - percent 1
	7 of 21 in 37.2295 - percent 1
	8 of 21 in 42.5481 - percent 1
	9 of 21 in 47.8664 - percent 1
	10 of 21 in 53.1845 - percent 1
	11 of 21 in 58.5026 - percent 1
	12 of 21 in 63.8208 - percent 1
	13 of 21 in 69.1392 - percent 1
	14 of 21 in 74.4574 - percent 1
	15 of 21 in 79.7755 - percent 1
	16 of 21 in 85.0943 - percent 1
	17 of 21 in 90.4123 - percent 1
	18 of 21 in 95.7304 - percent 1
	19 of 21 in 101.049 - percent 1
	20 of 21 in 106.367 - percent 1
	21 of 21 in 111.685 - percent 1
 [vidi] 1 1 /home/kaya/sparyser/matrices/c100.mtx_0 32 29785128 114.211
Perman: [veni] running with 32 rows:
	1 of 21 in 5.31801 - percent 1
	2 of 21 in 10.6364 - percent 1
	3 of 21 in 15.9546 - percent 1
	4 of 21 in 21.2731 - percent 1
	5 of 21 in 26.5916 - percent 1
	6 of 21 in 31.9099 - percent 1
	7 of 21 in 37.2282 - percent 1
	8 of 21 in 42.5465 - percent 1
	9 of 21 in 47.8641 - percent 1
	10 of 21 in 53.1818 - percent 1
	11 of 21 in 58.4992 - percent 1
	12 of 21 in 63.8168 - percent 1
	13 of 21 in 69.1344 - percent 1
	14 of 21 in 74.4521 - percent 1
	15 of 21 in 79.7696 - percent 1
	16 of 21 in 85.0869 - percent 1
	17 of 21 in 90.4044 - percent 1
	18 of 21 in 95.7217 - percent 1
	19 of 21 in 101.039 - percent 1
	20 of 21 in 106.357 - percent 1
	21 of 21 in 111.675 - percent 1
 [vidi] 1 1 /home/kaya/sparyser/matrices/c100.mtx_1 32 39257134 114.199
Perman: [veni] running with 32 rows:
	1 of 21 in 5.3177 - percent 1
	2 of 21 in 10.6357 - percent 1
	3 of 21 in 15.9535 - percent 1
	4 of 21 in 21.2713 - percent 1
	5 of 21 in 26.589 - percent 1
	6 of 21 in 31.9064 - percent 1
	7 of 21 in 37.2243 - percent 1
	8 of 21 in 42.5422 - percent 1
	9 of 21 in 47.8602 - percent 1
	10 of 21 in 53.1777 - percent 1
	11 of 21 in 58.4954 - percent 1
	12 of 21 in 63.8128 - percent 1
	13 of 21 in 69.1306 - percent 1
	14 of 21 in 74.4485 - percent 1
	15 of 21 in 79.7665 - percent 1
	16 of 21 in 85.0846 - percent 1
	17 of 21 in 90.4027 - percent 1
	18 of 21 in 95.7208 - percent 1
	19 of 21 in 101.038 - percent 1
	20 of 21 in 106.356 - percent 1
	21 of 21 in 111.674 - percent 1
 [vidi] 1 1 /home/kaya/sparyser/matrices/c100.mtx_2 32 6606746 114.199
Perman: [veni] running with 32 rows:
	1 of 21 in 5.31795 - percent 1
	2 of 21 in 10.6358 - percent 1
	3 of 21 in 15.9536 - percent 1
	4 of 21 in 21.2712 - percent 1
	5 of 21 in 26.5889 - percent 1
	6 of 21 in 31.9067 - percent 1
	7 of 21 in 37.224 - percent 1
	8 of 21 in 42.542 - percent 1
	9 of 21 in 47.8601 - percent 1
	10 of 21 in 53.1779 - percent 1
	11 of 21 in 58.4956 - percent 1
	12 of 21 in 63.8135 - percent 1
	13 of 21 in 69.1309 - percent 1
	14 of 21 in 74.4488 - percent 1
	15 of 21 in 79.7666 - percent 1
	16 of 21 in 85.0844 - percent 1
	17 of 21 in 90.402 - percent 1
	18 of 21 in 95.7196 - percent 1
	19 of 21 in 101.037 - percent 1
	20 of 21 in 106.355 - percent 1
	21 of 21 in 111.672 - percent 1
 [vidi] 1 1 /home/kaya/sparyser/matrices/c100.mtx_3 32 31815500 114.197
Perman: [veni] running with 32 rows:
	1 of 21 in 5.31768 - percent 1
	2 of 21 in 10.6355 - percent 1
	3 of 21 in 15.9537 - percent 1
	4 of 21 in 21.2715 - percent 1
	5 of 21 in 26.5895 - percent 1
	6 of 21 in 31.9072 - percent 1
	7 of 21 in 37.2248 - percent 1
	8 of 21 in 42.5427 - percent 1
	9 of 21 in 47.8602 - percent 1
	10 of 21 in 53.1776 - percent 1
	11 of 21 in 58.4953 - percent 1
	12 of 21 in 63.8128 - percent 1
	13 of 21 in 69.1306 - percent 1
	14 of 21 in 74.4482 - percent 1
	15 of 21 in 79.7659 - percent 1
	16 of 21 in 85.0836 - percent 1
	17 of 21 in 90.401 - percent 1
	18 of 21 in 95.7185 - percent 1
	19 of 21 in 101.036 - percent 1
	20 of 21 in 106.354 - percent 1
	21 of 21 in 111.671 - percent 1
 [vidi] 1 1 /home/kaya/sparyser/matrices/c100.mtx_4 32 4255631 114.196
Perman: [veni] running with 32 rows:
	1 of 21 in 5.31756 - percent 1
	2 of 21 in 10.6351 - percent 1
	3 of 21 in 15.9523 - percent 1
	4 of 21 in 21.27 - percent 1
	5 of 21 in 26.5875 - percent 1
	6 of 21 in 31.905 - percent 1
	7 of 21 in 37.2224 - percent 1
	8 of 21 in 42.5402 - percent 1
	9 of 21 in 47.8579 - percent 1
	10 of 21 in 53.1755 - percent 1
	11 of 21 in 58.4932 - percent 1
	12 of 21 in 63.8107 - percent 1
	13 of 21 in 69.1284 - percent 1
	14 of 21 in 74.4461 - percent 1
	15 of 21 in 79.7634 - percent 1
	16 of 21 in 85.0809 - percent 1
	17 of 21 in 90.3985 - percent 1
	18 of 21 in 95.7158 - percent 1
	19 of 21 in 101.033 - percent 1
	20 of 21 in 106.351 - percent 1
	21 of 21 in 111.669 - percent 1
 [vidi] 1 1 /home/kaya/sparyser/matrices/c100.mtx_5 32 4209238 114.194
Perman: [veni] running with 32 rows:
	1 of 21 in 5.31767 - percent 1
	2 of 21 in 10.6352 - percent 1
	3 of 21 in 15.9529 - percent 1
	4 of 21 in 21.2703 - percent 1
	5 of 21 in 26.5881 - percent 1
	6 of 21 in 31.9057 - percent 1
	7 of 21 in 37.2235 - percent 1
	8 of 21 in 42.541 - percent 1
	9 of 21 in 47.8586 - percent 1
	10 of 21 in 53.1762 - percent 1
	11 of 21 in 58.4939 - percent 1
	12 of 21 in 63.8116 - percent 1
	13 of 21 in 69.1295 - percent 1
	14 of 21 in 74.4471 - percent 1
	15 of 21 in 79.7645 - percent 1
	16 of 21 in 85.0821 - percent 1
	17 of 21 in 90.3997 - percent 1
	18 of 21 in 95.7173 - percent 1
	19 of 21 in 101.035 - percent 1
	20 of 21 in 106.353 - percent 1
	21 of 21 in 111.671 - percent 1
 [vidi] 1 1 /home/kaya/sparyser/matrices/c100.mtx_6 32 4024428 114.196
Perman: [veni] running with 32 rows:
	1 of 21 in 5.31795 - percent 1
	2 of 21 in 10.6355 - percent 1
	3 of 21 in 15.9533 - percent 1
	4 of 21 in 21.2713 - percent 1
	5 of 21 in 26.5893 - percent 1
	6 of 21 in 31.9068 - percent 1
	7 of 21 in 37.2247 - percent 1
	8 of 21 in 42.5422 - percent 1
	9 of 21 in 47.8598 - percent 1
	10 of 21 in 53.1774 - percent 1
	11 of 21 in 58.4951 - percent 1
	12 of 21 in 63.8128 - percent 1
	13 of 21 in 69.1304 - percent 1
	14 of 21 in 74.4477 - percent 1
	15 of 21 in 79.7652 - percent 1
	16 of 21 in 85.0826 - percent 1
	17 of 21 in 90.4005 - percent 1
	18 of 21 in 95.7183 - percent 1
	19 of 21 in 101.036 - percent 1
	20 of 21 in 106.353 - percent 1
	21 of 21 in 111.67 - percent 1
 [vidi] 1 1 /home/kaya/sparyser/matrices/c100.mtx_7 32 1233350 114.195
Perman: [veni] running with 32 rows:
	1 of 21 in 5.31695 - percent 1
	2 of 21 in 10.6342 - percent 1
	3 of 21 in 15.9516 - percent 1
	4 of 21 in 21.269 - percent 1
	5 of 21 in 26.5863 - percent 1
	6 of 21 in 31.9039 - percent 1
	7 of 21 in 37.2214 - percent 1
	8 of 21 in 42.5386 - percent 1
	9 of 21 in 47.8559 - percent 1
	10 of 21 in 53.1737 - percent 1
	11 of 21 in 58.4912 - percent 1
	12 of 21 in 63.8089 - percent 1
	13 of 21 in 69.1262 - percent 1
	14 of 21 in 74.4437 - percent 1
	15 of 21 in 79.7611 - percent 1
	16 of 21 in 85.0784 - percent 1
	17 of 21 in 90.3958 - percent 1
	18 of 21 in 95.7132 - percent 1
	19 of 21 in 101.031 - percent 1
	20 of 21 in 106.348 - percent 1
	21 of 21 in 111.666 - percent 1
 [vidi] 1 1 /home/kaya/sparyser/matrices/c100.mtx_8 32 1590164 114.191
Perman: [veni] running with 32 rows:
	1 of 21 in 5.31727 - percent 1
	2 of 21 in 10.6347 - percent 1
	3 of 21 in 15.9522 - percent 1
	4 of 21 in 21.2695 - percent 1
	5 of 21 in 26.587 - percent 1
	6 of 21 in 31.9044 - percent 1
	7 of 21 in 37.2218 - percent 1
	8 of 21 in 42.5392 - percent 1
	9 of 21 in 47.8566 - percent 1
	10 of 21 in 53.1742 - percent 1
	11 of 21 in 58.4917 - percent 1
	12 of 21 in 63.8093 - percent 1
	13 of 21 in 69.1267 - percent 1
	14 of 21 in 74.4443 - percent 1
	15 of 21 in 79.7617 - percent 1
	16 of 21 in 85.0793 - percent 1
	17 of 21 in 90.3968 - percent 1
	18 of 21 in 95.7143 - percent 1
	19 of 21 in 101.032 - percent 1
	20 of 21 in 106.349 - percent 1
	21 of 21 in 111.667 - percent 1
 [vidi] 1 1 /home/kaya/sparyser/matrices/c100.mtx_9 32 4846244 114.192
Perman: [veni] running with 32 rows:
	1 of 21 in 5.31745 - percent 1
	2 of 21 in 10.6348 - percent 1
	3 of 21 in 15.9523 - percent 1
	4 of 21 in 21.27 - percent 1
	5 of 21 in 26.5874 - percent 1
	6 of 21 in 31.9049 - percent 1
	7 of 21 in 37.2223 - percent 1
	8 of 21 in 42.5399 - percent 1
	9 of 21 in 47.8573 - percent 1
	10 of 21 in 53.1749 - percent 1
	11 of 21 in 58.4926 - percent 1
	12 of 21 in 63.8102 - percent 1
	13 of 21 in 69.1278 - percent 1
	14 of 21 in 74.4452 - percent 1
	15 of 21 in 79.7625 - percent 1
	16 of 21 in 85.0801 - percent 1
	17 of 21 in 90.3975 - percent 1
	18 of 21 in 95.715 - percent 1
	19 of 21 in 101.032 - percent 1
	20 of 21 in 106.35 - percent 1
	21 of 21 in 111.667 - percent 1
 [vidi] 1 1 /home/kaya/sparyser/matrices/c100.mtx_10 32 422746 114.192
Perman: [veni] running with 32 rows:
	1 of 21 in 5.31766 - percent 1
	2 of 21 in 10.6351 - percent 1
	3 of 21 in 15.9524 - percent 1
	4 of 21 in 21.27 - percent 1
	5 of 21 in 26.5877 - percent 1
	6 of 21 in 31.9053 - percent 1
	7 of 21 in 37.2229 - percent 1
	8 of 21 in 42.5404 - percent 1
	9 of 21 in 47.8582 - percent 1
	10 of 21 in 53.1757 - percent 1
	11 of 21 in 58.4932 - percent 1
	12 of 21 in 63.8108 - percent 1
	13 of 21 in 69.1283 - percent 1
	14 of 21 in 74.4459 - percent 1
	15 of 21 in 79.7634 - percent 1
	16 of 21 in 85.0811 - percent 1
	17 of 21 in 90.3987 - percent 1
	18 of 21 in 95.7161 - percent 1
	19 of 21 in 101.034 - percent 1
	20 of 21 in 106.351 - percent 1
	21 of 21 in 111.669 - percent 1
 [vidi] 1 1 /home/kaya/sparyser/matrices/c100.mtx_11 32 15545562 114.194
Perman: [veni] running with 32 rows:
	1 of 21 in 5.31744 - percent 1
	2 of 21 in 10.6348 - percent 1
	3 of 21 in 15.9521 - percent 1
	4 of 21 in 21.2693 - percent 1
	5 of 21 in 26.5867 - percent 1
	6 of 21 in 31.9043 - percent 1
	7 of 21 in 37.2221 - percent 1
	8 of 21 in 42.5392 - percent 1
	9 of 21 in 47.8566 - percent 1
	10 of 21 in 53.1741 - percent 1
	11 of 21 in 58.4915 - percent 1
	12 of 21 in 63.8088 - percent 1
	13 of 21 in 69.1265 - percent 1
	14 of 21 in 74.4441 - percent 1
	15 of 21 in 79.7617 - percent 1
	16 of 21 in 85.0793 - percent 1
	17 of 21 in 90.3968 - percent 1
	18 of 21 in 95.7143 - percent 1
	19 of 21 in 101.032 - percent 1
	20 of 21 in 106.349 - percent 1
	21 of 21 in 111.667 - percent 1
 [vidi] 1 1 /home/kaya/sparyser/matrices/c100.mtx_12 32 10536296 114.192
Perman: [veni] running with 32 rows:
	1 of 21 in 5.31774 - percent 1
	2 of 21 in 10.6353 - percent 1
	3 of 21 in 15.9527 - percent 1
	4 of 21 in 21.2701 - percent 1
	5 of 21 in 26.5879 - percent 1
	6 of 21 in 31.9054 - percent 1
	7 of 21 in 37.2229 - percent 1
	8 of 21 in 42.5404 - percent 1
	9 of 21 in 47.8582 - percent 1
	10 of 21 in 53.1756 - percent 1
	11 of 21 in 58.493 - percent 1
	12 of 21 in 63.8106 - percent 1
	13 of 21 in 69.1283 - percent 1
	14 of 21 in 74.4459 - percent 1
	15 of 21 in 79.7635 - percent 1
	16 of 21 in 85.0811 - percent 1
	17 of 21 in 90.3988 - percent 1
	18 of 21 in 95.7166 - percent 1
	19 of 21 in 101.034 - percent 1
	20 of 21 in 106.352 - percent 1
	21 of 21 in 111.67 - percent 1
 [vidi] 1 1 /home/kaya/sparyser/matrices/c100.mtx_13 32 714901 114.195
Perman: [veni] running with 32 rows:
	1 of 21 in 5.31768 - percent 1
	2 of 21 in 10.6352 - percent 1
	3 of 21 in 15.953 - percent 1
	4 of 21 in 21.271 - percent 1
	5 of 21 in 26.5889 - percent 1
	6 of 21 in 31.9062 - percent 1
	7 of 21 in 37.2237 - percent 1
	8 of 21 in 42.5415 - percent 1
	9 of 21 in 47.8589 - percent 1
	10 of 21 in 53.1765 - percent 1
	11 of 21 in 58.4943 - percent 1
	12 of 21 in 63.8119 - percent 1
	13 of 21 in 69.1296 - percent 1
	14 of 21 in 74.4471 - percent 1
	15 of 21 in 79.7648 - percent 1
	16 of 21 in 85.0821 - percent 1
	17 of 21 in 90.3999 - percent 1
	18 of 21 in 95.7175 - percent 1
	19 of 21 in 101.035 - percent 1
	20 of 21 in 106.353 - percent 1
	21 of 21 in 111.67 - percent 1
 [vidi] 1 1 /home/kaya/sparyser/matrices/c100.mtx_14 32 2924440 114.195
Perman: [veni] running with 32 rows:
	1 of 21 in 5.31746 - percent 1
	2 of 21 in 10.6352 - percent 1
	3 of 21 in 15.9527 - percent 1
	4 of 21 in 21.2704 - percent 1
	5 of 21 in 26.588 - percent 1
	6 of 21 in 31.9055 - percent 1
	7 of 21 in 37.2229 - percent 1
	8 of 21 in 42.5403 - percent 1
	9 of 21 in 47.8578 - percent 1
	10 of 21 in 53.1754 - percent 1
	11 of 21 in 58.4928 - percent 1
	12 of 21 in 63.8104 - percent 1
	13 of 21 in 69.1282 - percent 1
	14 of 21 in 74.4458 - percent 1
	15 of 21 in 79.7636 - percent 1
	16 of 21 in 85.0811 - percent 1
