Number of rows/cols is 100
Number of nnz is    300
#d1 vertices: 0
#d2 vertices: 0
min degree: 3
************************************************************************
Algo is 2
Compress matrix 0
Apply Dulmage-Mendehlson 0
Sorting 1
Single run 0
************************************************************************
Perman: [veni] running with 32 rows:
1 of 21 in 2.18614 - percent 0.293873
2 of 21 in 4.3637 - percent 0.292834
3 of 21 in 6.54965 - percent 0.293878
4 of 21 in 8.70448 - percent 0.292844
5 of 21 in 10.8879 - percent 0.293877
6 of 21 in 12.6606 - percent 0.275365
7 of 21 in 14.2965 - percent 0.256527
8 of 21 in 15.8868 - percent 0.240845
9 of 21 in 17.5339 - percent 0.230104
10 of 21 in 19.1364 - percent 0.220201
11 of 21 in 20.9541 - percent 0.217616
12 of 21 in 23.1158 - percent 0.223425
13 of 21 in 25.3191 - percent 0.229266
14 of 21 in 27.4692 - percent 0.233388
15 of 21 in 29.6395 - percent 0.237463
16 of 21 in 31.7983 - percent 0.24082
17 of 21 in 33.4867 - percent 0.236025
18 of 21 in 35.1917 - percent 0.232037
19 of 21 in 36.8213 - percent 0.227306
20 of 21 in 38.5555 - percent 0.224461
21 of 21 in 40.1993 - percent 0.220638
 [vidi] 2 1 /home/kaya/sparyser/matrices/c100.mtx_0 32 29785128 41.0378
Perman: [veni] running with 32 rows:
1 of 21 in 2.13689 - percent 0.293888
2 of 21 in 4.26665 - percent 0.292864
3 of 21 in 6.41086 - percent 0.293888
4 of 21 in 8.53762 - percent 0.293057
5 of 21 in 10.687 - percent 0.293878
6 of 21 in 12.4685 - percent 0.276343
7 of 21 in 14.0882 - percent 0.256995
8 of 21 in 15.6849 - percent 0.241664
9 of 21 in 17.3039 - percent 0.230468
10 of 21 in 18.8978 - percent 0.220749
11 of 21 in 20.6318 - percent 0.216578
12 of 21 in 22.7763 - percent 0.223208
13 of 21 in 24.8987 - percent 0.228313
14 of 21 in 27.0437 - percent 0.233154
15 of 21 in 29.1673 - percent 0.236914
16 of 21 in 31.3131 - percent 0.240614
17 of 21 in 33.0169 - percent 0.236217
18 of 21 in 34.7149 - percent 0.232219
19 of 21 in 36.338 - percent 0.227478
20 of 21 in 38.0529 - percent 0.224573
21 of 21 in 39.6792 - percent 0.220694
 [vidi] 2 1 /home/kaya/sparyser/matrices/c100.mtx_1 32 39257134 40.5059
Perman: [veni] running with 32 rows:
1 of 21 in 2.6378 - percent 0.469811
2 of 21 in 5.27566 - percent 0.469811
3 of 21 in 7.65113 - percent 0.443582
4 of 21 in 9.50922 - percent 0.391578
5 of 21 in 11.3678 - percent 0.360448
6 of 21 in 13.2279 - percent 0.339695
7 of 21 in 15.0877 - percent 0.324871
8 of 21 in 16.9465 - percent 0.313754
9 of 21 in 19.532 - percent 0.329359
10 of 21 in 22.1623 - percent 0.343193
11 of 21 in 24.5754 - percent 0.348532
12 of 21 in 26.4346 - percent 0.339149
13 of 21 in 28.2932 - percent 0.331209
14 of 21 in 30.5925 - percent 0.333831
15 of 21 in 33.2233 - percent 0.342757
16 of 21 in 35.8552 - percent 0.350568
17 of 21 in 38.4859 - percent 0.357459
18 of 21 in 41.117 - percent 0.363585
19 of 21 in 43.5948 - percent 0.366656
20 of 21 in 45.4467 - percent 0.360014
21 of 21 in 47.2985 - percent 0.354006
 [vidi] 2 1 /home/kaya/sparyser/matrices/c100.mtx_2 32 6606746 48.1934
Perman: [veni] running with 32 rows:
1 of 21 in 2.04264 - percent 0.220201
2 of 21 in 4.08538 - percent 0.220201
3 of 21 in 6.12896 - percent 0.220201
4 of 21 in 8.17163 - percent 0.220201
5 of 21 in 10.2157 - percent 0.220201
6 of 21 in 12.3262 - percent 0.223696
7 of 21 in 14.4672 - percent 0.227527
8 of 21 in 16.5951 - percent 0.230341
9 of 21 in 18.7239 - percent 0.232525
10 of 21 in 20.8503 - percent 0.234261
11 of 21 in 23.1852 - percent 0.241421
12 of 21 in 26.0021 - percent 0.259604
13 of 21 in 28.8826 - percent 0.276483
14 of 21 in 31.6998 - percent 0.289531
15 of 21 in 34.5564 - percent 0.301648
16 of 21 in 37.3955 - percent 0.31191
17 of 21 in 40.2074 - percent 0.320507
18 of 21 in 43.0153 - percent 0.328062
19 of 21 in 45.9021 - percent 0.336094
20 of 21 in 48.7205 - percent 0.34227
21 of 21 in 51.6068 - percent 0.348862
 [vidi] 2 1 /home/kaya/sparyser/matrices/c100.mtx_3 32 31815500 52.9619
Perman: [veni] running with 32 rows:
1 of 21 in 1.9684 - percent 0.244413
2 of 21 in 3.92881 - percent 0.243197
3 of 21 in 5.9072 - percent 0.244468
4 of 21 in 7.86355 - percent 0.243455
5 of 21 in 9.84767 - percent 0.244462
6 of 21 in 11.538 - percent 0.230741
7 of 21 in 13.1103 - percent 0.215918
8 of 21 in 14.6571 - percent 0.203776
9 of 21 in 16.2299 - percent 0.195243
10 of 21 in 17.772 - percent 0.187525
11 of 21 in 19.438 - percent 0.184512
12 of 21 in 21.4086 - percent 0.189512
13 of 21 in 23.3786 - percent 0.193738
14 of 21 in 25.3499 - percent 0.197361
15 of 21 in 27.3225 - percent 0.200497
16 of 21 in 29.2955 - percent 0.203249
17 of 21 in 30.8881 - percent 0.199079
18 of 21 in 32.4635 - percent 0.195084
19 of 21 in 33.9912 - percent 0.190784
20 of 21 in 35.5728 - percent 0.187734
21 of 21 in 37.0992 - percent 0.184197
 [vidi] 2 1 /home/kaya/sparyser/matrices/c100.mtx_4 32 4255631 37.8587
Perman: [veni] running with 32 rows:
1 of 21 in 1.39896 - percent 0.073728
2 of 21 in 2.79672 - percent 0.073728
3 of 21 in 4.19687 - percent 0.073728
4 of 21 in 5.59573 - percent 0.0734707
5 of 21 in 6.99243 - percent 0.0732488
6 of 21 in 8.58321 - percent 0.0826667
7 of 21 in 10.3257 - percent 0.0958471
8 of 21 in 12.0481 - percent 0.10496
9 of 21 in 13.7796 - percent 0.112487
10 of 21 in 15.5063 - percent 0.118302
11 of 21 in 17.2326 - percent 0.123072
12 of 21 in 18.9716 - percent 0.127389
13 of 21 in 20.6839 - percent 0.130407
14 of 21 in 22.4249 - percent 0.133581
15 of 21 in 24.14 - percent 0.135781
16 of 21 in 25.8835 - percent 0.138225
17 of 21 in 27.3724 - percent 0.135953
18 of 21 in 28.8849 - percent 0.134326
19 of 21 in 30.323 - percent 0.131716
20 of 21 in 31.8456 - percent 0.130662
21 of 21 in 33.2737 - percent 0.128413
 [vidi] 2 1 /home/kaya/sparyser/matrices/c100.mtx_5 32 4209238 34.0061
Perman: [veni] running with 32 rows:
1 of 21 in 1.31875 - percent 0.027648
2 of 21 in 2.637 - percent 0.027648
3 of 21 in 3.95872 - percent 0.027648
4 of 21 in 5.28167 - percent 0.0275515
5 of 21 in 6.60615 - percent 0.0275581
6 of 21 in 7.95303 - percent 0.0286413
7 of 21 in 9.30874 - percent 0.0298489
8 of 21 in 10.6658 - percent 0.0307792
9 of 21 in 12.0131 - percent 0.0314172
10 of 21 in 13.3661 - percent 0.0320768
11 of 21 in 14.7471 - percent 0.033352
12 of 21 in 16.2113 - percent 0.0364081
13 of 21 in 17.6722 - percent 0.0388947
14 of 21 in 19.1442 - percent 0.0411483
15 of 21 in 20.6134 - percent 0.0429388
16 of 21 in 22.092 - percent 0.0446963
17 of 21 in 23.5324 - percent 0.0455796
18 of 21 in 24.9721 - percent 0.0463346
19 of 21 in 26.4099 - percent 0.0470361
20 of 21 in 27.8406 - percent 0.0476546
21 of 21 in 29.2713 - percent 0.048239
 [vidi] 2 1 /home/kaya/sparyser/matrices/c100.mtx_6 32 4024428 29.9479
Perman: [veni] running with 32 rows:
1 of 21 in 2.45633 - percent 0.410779
2 of 21 in 4.91264 - percent 0.410803
3 of 21 in 7.13924 - percent 0.387874
4 of 21 in 8.91389 - percent 0.342426
5 of 21 in 10.6898 - percent 0.315228
6 of 21 in 12.4659 - percent 0.297097
7 of 21 in 14.2426 - percent 0.284145
8 of 21 in 16.018 - percent 0.274432
9 of 21 in 18.4318 - percent 0.288161
10 of 21 in 20.8843 - percent 0.30032
11 of 21 in 23.1421 - percent 0.304891
12 of 21 in 24.927 - percent 0.296687
13 of 21 in 26.7112 - percent 0.289745
14 of 21 in 28.8782 - percent 0.292036
15 of 21 in 31.3387 - percent 0.299883
16 of 21 in 33.7982 - percent 0.306752
17 of 21 in 36.2582 - percent 0.312814
18 of 21 in 38.7179 - percent 0.318201
19 of 21 in 41.0422 - percent 0.320865
20 of 21 in 42.8196 - percent 0.31504
21 of 21 in 44.5959 - percent 0.30977
 [vidi] 2 1 /home/kaya/sparyser/matrices/c100.mtx_7 32 1233350 45.4526
Perman: [veni] running with 32 rows:
1 of 21 in 1.63547 - percent 0.157237
2 of 21 in 3.26336 - percent 0.156008
3 of 21 in 4.89615 - percent 0.156194
4 of 21 in 6.52645 - percent 0.156058
5 of 21 in 8.16121 - percent 0.156254
6 of 21 in 10.3299 - percent 0.181453
7 of 21 in 12.8617 - percent 0.213996
8 of 21 in 15.2335 - percent 0.232808
9 of 21 in 17.637 - percent 0.2484
10 of 21 in 20.1997 - percent 0.265339
11 of 21 in 22.5721 - percent 0.274358
12 of 21 in 25.133 - percent 0.286261
13 of 21 in 27.6481 - percent 0.295367
14 of 21 in 30.018 - percent 0.300246
15 of 21 in 32.4434 - percent 0.305507
16 of 21 in 35.0024 - percent 0.312475
17 of 21 in 37.0045 - percent 0.309415
18 of 21 in 38.8173 - percent 0.303741
19 of 21 in 40.704 - percent 0.299741
20 of 21 in 42.712 - percent 0.297852
21 of 21 in 44.6367 - percent 0.295018
 [vidi] 2 1 /home/kaya/sparyser/matrices/c100.mtx_8 32 1590164 45.4896
Perman: [veni] running with 32 rows:
1 of 21 in 1.47846 - percent 0.103219
2 of 21 in 2.95865 - percent 0.103219
3 of 21 in 4.43863 - percent 0.103219
4 of 21 in 5.90827 - percent 0.10263
5 of 21 in 7.39435 - percent 0.103219
6 of 21 in 8.97157 - percent 0.107872
7 of 21 in 10.6 - percent 0.113284
8 of 21 in 12.336 - percent 0.121242
9 of 21 in 14.0139 - percent 0.125588
10 of 21 in 15.6065 - percent 0.126648
11 of 21 in 17.341 - percent 0.131159
12 of 21 in 19.4328 - percent 0.143498
13 of 21 in 21.5182 - percent 0.153808
14 of 21 in 23.4603 - percent 0.159704
15 of 21 in 25.4327 - percent 0.165369
16 of 21 in 27.5294 - percent 0.172615
17 of 21 in 29.4744 - percent 0.17641
18 of 21 in 31.5418 - percent 0.181742
19 of 21 in 33.5506 - percent 0.185657
20 of 21 in 35.5062 - percent 0.188416
21 of 21 in 37.5028 - percent 0.191444
 [vidi] 2 1 /home/kaya/sparyser/matrices/c100.mtx_9 32 4846244 38.5035
Perman: [veni] running with 32 rows:
1 of 21 in 1.17342 - percent 0.0258048
2 of 21 in 2.34665 - percent 0.0258048
3 of 21 in 3.51927 - percent 0.0258048
4 of 21 in 4.69 - percent 0.025657
5 of 21 in 5.86467 - percent 0.0258048
6 of 21 in 7.06726 - percent 0.0269685
7 of 21 in 8.28518 - percent 0.0283209
8 of 21 in 9.53009 - percent 0.0303104
9 of 21 in 10.761 - percent 0.0313963
10 of 21 in 11.9708 - percent 0.0316621
11 of 21 in 13.2168 - percent 0.0327901
12 of 21 in 14.5566 - percent 0.0358745
13 of 21 in 15.8946 - percent 0.0384516
14 of 21 in 17.196 - percent 0.0399263
15 of 21 in 18.5033 - percent 0.0413423
16 of 21 in 19.8418 - percent 0.0431536
17 of 21 in 21.1381 - percent 0.0441028
18 of 21 in 22.4653 - percent 0.045436
19 of 21 in 23.7789 - percent 0.0464141
20 of 21 in 25.0788 - percent 0.047104
21 of 21 in 26.3894 - percent 0.0478608
 [vidi] 2 1 /home/kaya/sparyser/matrices/c100.mtx_10 32 422746 27.0256
Perman: [veni] running with 32 rows:
1 of 21 in 1.70372 - percent 0.183501
2 of 21 in 3.49225 - percent 0.19626
3 of 21 in 5.18876 - percent 0.191461
4 of 21 in 6.97283 - percent 0.195604
5 of 21 in 8.74909 - percent 0.197657
6 of 21 in 10.8522 - percent 0.21531
7 of 21 in 13.1825 - percent 0.23764
8 of 21 in 15.6654 - percent 0.260138
9 of 21 in 17.9689 - percent 0.271643
10 of 21 in 20.4487 - percent 0.286177
11 of 21 in 22.8928 - percent 0.29707
12 of 21 in 25.2002 - percent 0.302693
13 of 21 in 27.552 - percent 0.308477
14 of 21 in 29.9881 - percent 0.315268
15 of 21 in 32.3458 - percent 0.319555
16 of 21 in 34.8283 - percent 0.325674
17 of 21 in 36.6279 - percent 0.319004
18 of 21 in 38.3248 - percent 0.311369
19 of 21 in 40.115 - percent 0.306019
20 of 21 in 41.819 - percent 0.299893
21 of 21 in 43.5557 - percent 0.294814
 [vidi] 2 1 /home/kaya/sparyser/matrices/c100.mtx_11 32 15545562 44.4092
Perman: [veni] running with 32 rows:
1 of 21 in 1.76186 - percent 0.183153
2 of 21 in 3.61468 - percent 0.195604
3 of 21 in 5.37269 - percent 0.191365
4 of 21 in 7.22827 - percent 0.195932
5 of 21 in 9.06991 - percent 0.197921
6 of 21 in 10.8265 - percent 0.195297
7 of 21 in 12.5973 - percent 0.193987
8 of 21 in 14.4469 - percent 0.195749
9 of 21 in 16.1993 - percent 0.194132
10 of 21 in 18.0534 - percent 0.19569
11 of 21 in 20.0822 - percent 0.201762
12 of 21 in 22.4513 - percent 0.215312
13 of 21 in 24.8665 - percent 0.227818
14 of 21 in 27.3697 - percent 0.240369
15 of 21 in 29.7875 - percent 0.249565
16 of 21 in 32.3398 - percent 0.260076
17 of 21 in 34.8298 - percent 0.268272
18 of 21 in 37.1971 - percent 0.273564
19 of 21 in 39.7467 - percent 0.281107
20 of 21 in 42.1099 - percent 0.285183
21 of 21 in 44.5553 - percent 0.290009
 [vidi] 2 1 /home/kaya/sparyser/matrices/c100.mtx_12 32 10536296 45.7767
Perman: [veni] running with 32 rows:
1 of 21 in 2.87513 - percent 0.503316
2 of 21 in 5.74105 - percent 0.501926
3 of 21 in 9.12474 - percent 0.552608
4 of 21 in 13.6749 - percent 0.664456
5 of 21 in 18.2248 - percent 0.731565
6 of 21 in 22.7734 - percent 0.776304
7 of 21 in 27.3224 - percent 0.80826
8 of 21 in 31.8721 - percent 0.832228
9 of 21 in 34.8307 - percent 0.79844
10 of 21 in 37.6837 - percent 0.768265
11 of 21 in 40.5371 - percent 0.743576
12 of 21 in 43.4107 - percent 0.723517
13 of 21 in 46.2868 - percent 0.706579
14 of 21 in 50.1219 - percent 0.712391
15 of 21 in 54.6714 - percent 0.731565
16 of 21 in 59.2203 - percent 0.748342
17 of 21 in 63.7698 - percent 0.763145
18 of 21 in 68.3197 - percent 0.776304
19 of 21 in 72.5154 - percent 0.782569
20 of 21 in 75.3917 - percent 0.768606
21 of 21 in 78.256 - percent 0.755832
 [vidi] 2 1 /home/kaya/sparyser/matrices/c100.mtx_13 32 714901 79.6032
Perman: [veni] running with 32 rows:
1 of 21 in 2.04747 - percent 0.214016
2 of 21 in 4.09329 - percent 0.213581
3 of 21 in 6.14219 - percent 0.213663
4 of 21 in 8.19308 - percent 0.214108
5 of 21 in 10.2334 - percent 0.213632
6 of 21 in 11.9986 - percent 0.200252
7 of 21 in 13.5924 - percent 0.183666
8 of 21 in 15.1952 - percent 0.171585
9 of 21 in 16.7994 - percent 0.16202
10 of 21 in 18.3953 - percent 0.154161
11 of 21 in 20.1272 - percent 0.151399
12 of 21 in 22.1356 - percent 0.155681
13 of 21 in 24.1788 - percent 0.160117
14 of 21 in 26.2038 - percent 0.16351
15 of 21 in 28.2065 - percent 0.165969
16 of 21 in 30.2528 - percent 0.169007
17 of 21 in 31.9983 - percent 0.166516
18 of 21 in 33.7494 - percent 0.164447
19 of 21 in 35.4872 - percent 0.162348
20 of 21 in 37.2036 - percent 0.160159
21 of 21 in 38.9593 - percent 0.158745
 [vidi] 2 1 /home/kaya/sparyser/matrices/c100.mtx_14 32 2924440 39.7685
Perman: [veni] running with 32 rows:
1 of 21 in 1.71232 - percent 0.170702
2 of 21 in 3.427 - percent 0.171131
3 of 21 in 5.13412 - percent 0.170476
4 of 21 in 6.85265 - percent 0.170967
5 of 21 in 8.55722 - percent 0.170423
6 of 21 in 10.0605 - percent 0.160058
7 of 21 in 11.4298 - percent 0.146959
8 of 21 in 12.7993 - percent 0.137149
9 of 21 in 14.1682 - percent 0.129493
10 of 21 in 15.5364 - percent 0.123376
11 of 21 in 16.9797 - percent 0.120455
12 of 21 in 18.6927 - percent 0.124697
13 of 21 in 20.3694 - percent 0.127458
14 of 21 in 22.0853 - percent 0.130654
15 of 21 in 23.7573 - percent 0.132563
16 of 21 in 25.475 - percent 0.135071
17 of 21 in 26.9437 - percent 0.132959
18 of 21 in 28.4423 - percent 0.131561
19 of 21 in 29.8844 - percent 0.129434
20 of 21 in 31.3854 - percent 0.128393
21 of 21 in 32.8264 - percent 0.126591
 [vidi] 2 1 /home/kaya/sparyser/matrices/c100.mtx_15 32 174420 33.5418
Perman: [veni] running with 32 rows:
1 of 21 in 1.7174 - percent 0.16026
2 of 21 in 3.5056 - percent 0.171154
3 of 21 in 5.22084 - percent 0.167444
4 of 21 in 7.01455 - percent 0.171441
5 of 21 in 8.79793 - percent 0.173182
6 of 21 in 10.5149 - percent 0.170885
7 of 21 in 12.2455 - percent 0.169738
8 of 21 in 14.0414 - percent 0.17128
9 of 21 in 15.7532 - percent 0.169866
10 of 21 in 17.5494 - percent 0.171229
11 of 21 in 19.5029 - percent 0.176541
12 of 21 in 21.7655 - percent 0.188397
13 of 21 in 24.0683 - percent 0.199341
14 of 21 in 26.4471 - percent 0.210324
15 of 21 in 28.7527 - percent 0.218369
16 of 21 in 31.1766 - percent 0.227567
17 of 21 in 33.5394 - percent 0.234738
18 of 21 in 35.7985 - percent 0.239369
19 of 21 in 38.2128 - percent 0.245969
20 of 21 in 40.468 - percent 0.249535
21 of 21 in 42.7914 - percent 0.253757
 [vidi] 2 1 /home/kaya/sparyser/matrices/c100.mtx_16 32 3377572 43.9472
Perman: [veni] running with 32 rows:
1 of 21 in 1.90333 - percent 0.172919
2 of 21 in 3.64847 - percent 0.148588
3 of 21 in 5.53563 - percent 0.154447
4 of 21 in 7.43768 - percent 0.158799
5 of 21 in 9.34911 - percent 0.161874
6 of 21 in 11.092 - percent 0.15543
7 of 21 in 13.049 - percent 0.159645
8 of 21 in 14.8942 - percent 0.15913
9 of 21 in 16.7942 - percent 0.160378
10 of 21 in 18.541 - percent 0.156732
11 of 21 in 20.6421 - percent 0.163225
12 of 21 in 23.0279 - percent 0.175922
13 of 21 in 25.3367 - percent 0.184837
14 of 21 in 27.6798 - percent 0.192977
15 of 21 in 30.2411 - percent 0.204351
16 of 21 in 32.6378 - percent 0.211441
17 of 21 in 34.9301 - percent 0.215834
18 of 21 in 37.5207 - percent 0.224458
19 of 21 in 39.8407 - percent 0.228077
20 of 21 in 42.2458 - percent 0.232728
21 of 21 in 44.5221 - percent 0.235011
 [vidi] 2 1 /home/kaya/sparyser/matrices/c100.mtx_17 32 7130140 45.7498
Perman: [veni] running with 32 rows:
1 of 21 in 2.0855 - percent 0.273495
2 of 21 in 4.17195 - percent 0.274068
3 of 21 in 6.2571 - percent 0.273722
4 of 21 in 8.34301 - percent 0.273748
5 of 21 in 10.4264 - percent 0.273646
6 of 21 in 12.4642 - percent 0.271292
7 of 21 in 14.5503 - percent 0.271624
8 of 21 in 16.5911 - percent 0.270213
9 of 21 in 18.6235 - percent 0.268872
10 of 21 in 20.7131 - percent 0.269449
11 of 21 in 22.9676 - percent 0.274298
12 of 21 in 25.9252 - percent 0.29571
13 of 21 in 28.8968 - percent 0.314163
14 of 21 in 31.7823 - percent 0.32802
15 of 21 in 34.7822 - percent 0.34244
16 of 21 in 37.7189 - percent 0.353813
17 of 21 in 40.7089 - percent 0.3649
18 of 21 in 43.7141 - percent 0.375015
19 of 21 in 46.7199 - percent 0.384071
20 of 21 in 49.7255 - percent 0.392213
21 of 21 in 52.7325 - percent 0.399583
 [vidi] 2 1 /home/kaya/sparyser/matrices/c100.mtx_18 32 474655 54.1586
Perman: [veni] running with 32 rows:
1 of 21 in 2.1066 - percent 0.293361
2 of 21 in 4.203 - percent 0.291796
3 of 21 in 6.31808 - percent 0.293353
4 of 21 in 8.39852 - percent 0.291811
5 of 21 in 10.5209 - percent 0.293353
6 of 21 in 12.2492 - percent 0.275427
7 of 21 in 13.8725 - percent 0.258399
8 of 21 in 15.4336 - percent 0.243302
9 of 21 in 17.0638 - percent 0.233745
10 of 21 in 18.6277 - percent 0.224133
11 of 21 in 20.4021 - percent 0.221865
12 of 21 in 22.4699 - percent 0.227001
13 of 21 in 24.6037 - percent 0.232822
14 of 21 in 26.6719 - percent 0.236482
15 of 21 in 28.7902 - percent 0.240684
16 of 21 in 30.8676 - percent 0.243591
17 of 21 in 32.4987 - percent 0.238603
18 of 21 in 34.1077 - percent 0.233829
19 of 21 in 35.661 - percent 0.228686
20 of 21 in 37.2888 - percent 0.225116
21 of 21 in 38.8487 - percent 0.22095
 [vidi] 2 1 /home/kaya/sparyser/matrices/c100.mtx_19 32 12863940 39.6351
Perman: [veni] running with 32 rows:
1 of 21 in 1.80168 - percent 0.196608
2 of 21 in 3.6031 - percent 0.196608
3 of 21 in 5.40646 - percent 0.196608
4 of 21 in 7.21248 - percent 0.196608
5 of 21 in 9.01835 - percent 0.196608
6 of 21 in 11.1833 - percent 0.214307
7 of 21 in 13.6874 - percent 0.241343
8 of 21 in 16.1063 - percent 0.258433
9 of 21 in 18.6074 - percent 0.274637
10 of 21 in 21.0207 - percent 0.284974
11 of 21 in 23.5211 - percent 0.295817
12 of 21 in 25.934 - percent 0.302671
13 of 21 in 28.4328 - percent 0.310427
14 of 21 in 30.8513 - percent 0.315309
15 of 21 in 33.3416 - percent 0.320913
16 of 21 in 35.7764 - percent 0.324787
17 of 21 in 37.6337 - percent 0.318137
18 of 21 in 39.4635 - percent 0.311773
19 of 21 in 41.2186 - percent 0.304915
20 of 21 in 43.0637 - percent 0.300155
21 of 21 in 44.8213 - percent 0.2946
 [vidi] 2 1 /home/kaya/sparyser/matrices/c100.mtx_20 32 8894198 45.7153
Perman: [veni] running with 32 rows:
1 of 21 in 3.25578 - percent 0.625
2 of 21 in 6.51136 - percent 0.625
3 of 21 in 9.41226 - percent 0.590048
4 of 21 in 11.6156 - percent 0.521011
5 of 21 in 13.8216 - percent 0.479724
6 of 21 in 16.0267 - percent 0.452198
7 of 21 in 18.2313 - percent 0.432538
8 of 21 in 20.4358 - percent 0.417792
9 of 21 in 23.6245 - percent 0.438586
10 of 21 in 26.8799 - percent 0.457228
11 of 21 in 29.8467 - percent 0.46471
12 of 21 in 32.0519 - percent 0.452198
13 of 21 in 34.2572 - percent 0.441612
14 of 21 in 37.0645 - percent 0.445244
15 of 21 in 40.3203 - percent 0.457228
16 of 21 in 43.5776 - percent 0.467714
17 of 21 in 46.8338 - percent 0.476966
18 of 21 in 50.0889 - percent 0.48519
19 of 21 in 53.1222 - percent 0.489099
20 of 21 in 55.3135 - percent 0.480165
21 of 21 in 57.5019 - percent 0.472083
 [vidi] 2 1 /home/kaya/sparyser/matrices/c100.mtx_21 32 1877888 58.5597
Perman: [veni] running with 32 rows:
1 of 21 in 1.79443 - percent 0.196608
2 of 21 in 3.58899 - percent 0.196608
3 of 21 in 5.38567 - percent 0.196608
4 of 21 in 7.18917 - percent 0.196608
5 of 21 in 8.99423 - percent 0.196608
6 of 21 in 11.1615 - percent 0.214308
7 of 21 in 13.6684 - percent 0.241347
8 of 21 in 16.0892 - percent 0.258434
9 of 21 in 18.5953 - percent 0.274636
10 of 21 in 21.013 - percent 0.284976
11 of 21 in 23.519 - percent 0.295819
12 of 21 in 25.9375 - percent 0.30267
13 of 21 in 28.4417 - percent 0.310427
14 of 21 in 30.8636 - percent 0.315308
15 of 21 in 33.3553 - percent 0.320913
16 of 21 in 35.7923 - percent 0.324787
17 of 21 in 37.6538 - percent 0.318137
18 of 21 in 39.487 - percent 0.311771
19 of 21 in 41.2493 - percent 0.304915
20 of 21 in 43.1071 - percent 0.300155
21 of 21 in 44.8755 - percent 0.2946
 [vidi] 2 1 /home/kaya/sparyser/matrices/c100.mtx_22 32 7567788 45.775
Perman: [veni] running with 32 rows:
1 of 21 in 2.33452 - percent 0.314573
2 of 21 in 4.66916 - percent 0.314573
3 of 21 in 7.00301 - percent 0.314573
4 of 21 in 9.32968 - percent 0.313879
5 of 21 in 11.6543 - percent 0.313352
6 of 21 in 13.9787 - percent 0.313005
7 of 21 in 16.2954 - percent 0.312434
8 of 21 in 18.6264 - percent 0.312566
9 of 21 in 20.9219 - percent 0.311435
10 of 21 in 23.281 - percent 0.312476
11 of 21 in 25.8748 - percent 0.319835
12 of 21 in 29.232 - percent 0.345335
13 of 21 in 32.5894 - percent 0.366911
14 of 21 in 35.9467 - percent 0.385406
15 of 21 in 39.3032 - percent 0.401434
16 of 21 in 42.6601 - percent 0.415459
17 of 21 in 46.0023 - percent 0.427601
18 of 21 in 49.372 - percent 0.438833
19 of 21 in 52.693 - percent 0.448123
20 of 21 in 56.0851 - percent 0.457532
21 of 21 in 59.4062 - percent 0.465048
 [vidi] 2 1 /home/kaya/sparyser/matrices/c100.mtx_23 32 18007785 61.0102
Perman: [veni] running with 32 rows:
1 of 21 in 2.12434 - percent 0.314573
2 of 21 in 4.24428 - percent 0.313878
3 of 21 in 6.35854 - percent 0.313004
4 of 21 in 8.47251 - percent 0.312567
5 of 21 in 10.5899 - percent 0.312476
6 of 21 in 12.7153 - percent 0.312825
7 of 21 in 14.8402 - percent 0.313075
8 of 21 in 16.964 - percent 0.313222
9 of 21 in 19.0771 - percent 0.313004
10 of 21 in 21.1914 - percent 0.312829
11 of 21 in 23.586 - percent 0.320312
12 of 21 in 26.7426 - percent 0.345514
13 of 21 in 29.9027 - percent 0.366912
14 of 21 in 33.0698 - percent 0.385406
15 of 21 in 36.2366 - percent 0.401434
16 of 21 in 39.4011 - percent 0.415419
17 of 21 in 42.5576 - percent 0.427601
18 of 21 in 45.7202 - percent 0.438542
19 of 21 in 48.8858 - percent 0.448399
20 of 21 in 52.054 - percent 0.457271
21 of 21 in 55.217 - percent 0.465226
 [vidi] 2 1 /home/kaya/sparyser/matrices/c100.mtx_24 32 4147708 56.7182
Perman: [veni] running with 32 rows:
1 of 21 in 2.7701 - percent 0.503316
2 of 21 in 5.5315 - percent 0.501926
3 of 21 in 8.27908 - percent 0.500179
4 of 21 in 11.0268 - percent 0.499305
5 of 21 in 13.7791 - percent 0.499122
6 of 21 in 16.5495 - percent 0.499821
7 of 21 in 19.319 - percent 0.500321
8 of 21 in 22.0868 - percent 0.500616
9 of 21 in 24.8343 - percent 0.500179
10 of 21 in 27.5815 - percent 0.499829
11 of 21 in 30.7873 - percent 0.511936
12 of 21 in 35.2299 - percent 0.552608
13 of 21 in 39.6725 - percent 0.587022
14 of 21 in 44.1141 - percent 0.616521
15 of 21 in 48.5562 - percent 0.642086
16 of 21 in 52.9984 - percent 0.664456
17 of 21 in 57.4398 - percent 0.684194
18 of 21 in 61.8819 - percent 0.701738
19 of 21 in 66.3246 - percent 0.717436
20 of 21 in 70.7656 - percent 0.731565
21 of 21 in 75.2072 - percent 0.744347
 [vidi] 2 1 /home/kaya/sparyser/matrices/c100.mtx_25 32 2859150 77.3167
Perman: [veni] running with 32 rows:
1 of 21 in 1.79753 - percent 0.147456
2 of 21 in 3.59434 - percent 0.147456
3 of 21 in 5.39143 - percent 0.147456
4 of 21 in 7.18905 - percent 0.147456
5 of 21 in 8.98661 - percent 0.147456
6 of 21 in 10.7836 - percent 0.147456
7 of 21 in 12.581 - percent 0.147456
8 of 21 in 14.3733 - percent 0.147232
9 of 21 in 16.1637 - percent 0.147025
10 of 21 in 17.9544 - percent 0.146855
11 of 21 in 19.8707 - percent 0.150301
12 of 21 in 22.1093 - percent 0.161382
13 of 21 in 24.416 - percent 0.17241
14 of 21 in 26.6576 - percent 0.180376
15 of 21 in 28.9485 - percent 0.188311
16 of 21 in 31.1968 - percent 0.194433
17 of 21 in 33.4804 - percent 0.200463
18 of 21 in 35.7419 - percent 0.205457
19 of 21 in 38.012 - percent 0.210056
20 of 21 in 40.2829 - percent 0.214197
21 of 21 in 42.5552 - percent 0.217985
 [vidi] 2 1 /home/kaya/sparyser/matrices/c100.mtx_26 32 10900558 43.6386
Perman: [veni] running with 32 rows:
1 of 21 in 1.79841 - percent 0.147456
2 of 21 in 3.5964 - percent 0.147456
3 of 21 in 5.39503 - percent 0.147456
4 of 21 in 7.19219 - percent 0.147456
5 of 21 in 8.98929 - percent 0.147456
6 of 21 in 10.7745 - percent 0.147456
7 of 21 in 12.5571 - percent 0.147456
8 of 21 in 14.3338 - percent 0.147232
9 of 21 in 16.1098 - percent 0.147025
10 of 21 in 17.885 - percent 0.146855
11 of 21 in 19.789 - percent 0.150301
12 of 21 in 22.0162 - percent 0.161382
13 of 21 in 24.3141 - percent 0.17241
14 of 21 in 26.543 - percent 0.180376
15 of 21 in 28.822 - percent 0.188311
16 of 21 in 31.0592 - percent 0.194433
17 of 21 in 33.3306 - percent 0.200463
18 of 21 in 35.5814 - percent 0.205457
19 of 21 in 37.8384 - percent 0.210056
20 of 21 in 40.0958 - percent 0.214197
21 of 21 in 42.3567 - percent 0.217985
 [vidi] 2 1 /home/kaya/sparyser/matrices/c100.mtx_27 32 7221164 43.4347
Perman: [veni] running with 32 rows:
1 of 21 in 1.95775 - percent 0.23593
2 of 21 in 3.91521 - percent 0.23593
3 of 21 in 5.87464 - percent 0.23593
4 of 21 in 7.8411 - percent 0.23593
5 of 21 in 9.80764 - percent 0.23593
6 of 21 in 11.7731 - percent 0.23593
7 of 21 in 13.7392 - percent 0.23593
8 of 21 in 15.6926 - percent 0.23547
9 of 21 in 17.636 - percent 0.235061
10 of 21 in 19.5802 - percent 0.234733
11 of 21 in 21.7294 - percent 0.2401
12 of 21 in 24.4599 - percent 0.259091
13 of 21 in 27.1888 - percent 0.275139
14 of 21 in 29.9349 - percent 0.289128
15 of 21 in 32.6743 - percent 0.301034
16 of 21 in 35.4135 - percent 0.311451
17 of 21 in 38.154 - percent 0.320643
18 of 21 in 40.8941 - percent 0.328814
19 of 21 in 43.6426 - percent 0.336297
20 of 21 in 46.3719 - percent 0.342868
21 of 21 in 49.1077 - percent 0.348901
 [vidi] 2 1 /home/kaya/sparyser/matrices/c100.mtx_28 32 1239555 50.406
Perman: [veni] running with 32 rows:
1 of 21 in 1.80015 - percent 0.147456
2 of 21 in 3.59951 - percent 0.147456
3 of 21 in 5.39896 - percent 0.147456
4 of 21 in 7.19824 - percent 0.147456
5 of 21 in 8.99831 - percent 0.147456
6 of 21 in 10.7985 - percent 0.147456
7 of 21 in 12.5998 - percent 0.147456
8 of 21 in 14.3946 - percent 0.147231
9 of 21 in 16.1876 - percent 0.147026
10 of 21 in 17.9827 - percent 0.146854
11 of 21 in 19.9055 - percent 0.150301
12 of 21 in 22.1476 - percent 0.161382
13 of 21 in 24.4578 - percent 0.17241
14 of 21 in 26.7024 - percent 0.180376
15 of 21 in 28.9972 - percent 0.188311
16 of 21 in 31.2486 - percent 0.194433
17 of 21 in 33.5354 - percent 0.200463
18 of 21 in 35.8003 - percent 0.205457
19 of 21 in 38.0736 - percent 0.210056
20 of 21 in 40.3466 - percent 0.214197
21 of 21 in 42.6224 - percent 0.217985
 [vidi] 2 1 /home/kaya/sparyser/matrices/c100.mtx_29 32 6341713 43.7079
Perman: [veni] running with 32 rows:
1 of 21 in 2.55978 - percent 0.390625
2 of 21 in 5.11899 - percent 0.390625
3 of 21 in 7.6783 - percent 0.390625
4 of 21 in 10.2377 - percent 0.390625
5 of 21 in 12.7972 - percent 0.390625
6 of 21 in 15.3572 - percent 0.390625
7 of 21 in 17.9165 - percent 0.390625
8 of 21 in 20.4756 - percent 0.390625
9 of 21 in 23.0345 - percent 0.390625
10 of 21 in 25.5935 - percent 0.390625
11 of 21 in 28.1524 - percent 0.390625
12 of 21 in 30.7109 - percent 0.390625
13 of 21 in 33.27 - percent 0.390625
14 of 21 in 35.8295 - percent 0.390625
15 of 21 in 38.3888 - percent 0.390625
16 of 21 in 40.9488 - percent 0.390625
17 of 21 in 43.5081 - percent 0.390625
18 of 21 in 46.0669 - percent 0.390625
19 of 21 in 48.6266 - percent 0.390625
20 of 21 in 51.1868 - percent 0.390625
21 of 21 in 53.7471 - percent 0.390625
 [vidi] 2 1 /home/kaya/sparyser/matrices/c100.mtx_30 32 9467816 54.9631
Perman: [veni] running with 32 rows:
1 of 21 in 1.67816 - percent 0.117965
2 of 21 in 2.97512 - percent 0.0589824
3 of 21 in 4.67477 - percent 0.0786432
4 of 21 in 6.36846 - percent 0.0879521
5 of 21 in 8.05194 - percent 0.0943718
6 of 21 in 9.33023 - percent 0.0786432
7 of 21 in 11.1794 - percent 0.0914233
8 of 21 in 12.7092 - percent 0.0884736
9 of 21 in 14.4066 - percent 0.0917504
10 of 21 in 15.7024 - percent 0.0825754
11 of 21 in 17.5456 - percent 0.0901846
12 of 21 in 19.0603 - percent 0.0884736
13 of 21 in 20.5081 - percent 0.0850117
14 of 21 in 22.0592 - percent 0.0842606
15 of 21 in 23.9003 - percent 0.0894566
16 of 21 in 25.429 - percent 0.0884736
17 of 21 in 26.8472 - percent 0.0857189
18 of 21 in 28.7252 - percent 0.0906389
19 of 21 in 30.2181 - percent 0.0888616
20 of 21 in 31.7926 - percent 0.0884736
21 of 21 in 33.208 - percent 0.086016
 [vidi] 2 1 /home/kaya/sparyser/matrices/c100.mtx_31 32 1640314 34.0872
Perman: [veni] running with 32 rows:
1 of 21 in 1.50823 - percent 0.104202
2 of 21 in 2.92673 - percent 0.091177
3 of 21 in 4.47957 - percent 0.0998605
4 of 21 in 5.94299 - percent 0.0976896
5 of 21 in 7.40549 - percent 0.0963871
6 of 21 in 8.86977 - percent 0.0955187
7 of 21 in 10.4201 - percent 0.0984951
8 of 21 in 11.8832 - percent 0.0975189
9 of 21 in 13.3403 - percent 0.096606
10 of 21 in 14.8897 - percent 0.0985374
11 of 21 in 16.3829 - percent 0.0986418
12 of 21 in 18.2067 - percent 0.106645
13 of 21 in 20.1163 - percent 0.115331
14 of 21 in 21.7874 - percent 0.117831
15 of 21 in 23.7305 - percent 0.125266
16 of 21 in 25.5212 - percent 0.129009
17 of 21 in 27.3937 - percent 0.133703
18 of 21 in 29.0768 - percent 0.134813
19 of 21 in 30.9982 - percent 0.139441
20 of 21 in 32.8116 - percent 0.142056
21 of 21 in 34.5507 - percent 0.143383
 [vidi] 2 1 /home/kaya/sparyser/matrices/c100.mtx_32 32 3942844 35.483
Perman: [veni] running with 32 rows:
1 of 21 in 2.42876 - percent 0.377487
2 of 21 in 4.85731 - percent 0.377487
3 of 21 in 7.28693 - percent 0.377487
4 of 21 in 9.70233 - percent 0.376504
5 of 21 in 12.1113 - percent 0.375573
6 of 21 in 15.3258 - percent 0.414351
7 of 21 in 19.0257 - percent 0.462418
8 of 21 in 22.7199 - percent 0.498322
9 of 21 in 26.4165 - percent 0.526248
10 of 21 in 30.1172 - percent 0.548719
11 of 21 in 33.8138 - percent 0.566986
12 of 21 in 37.5091 - percent 0.582208
13 of 21 in 41.2091 - percent 0.595189
14 of 21 in 44.9049 - percent 0.606222
15 of 21 in 48.5997 - percent 0.615776
16 of 21 in 52.2973 - percent 0.624192
17 of 21 in 54.8705 - percent 0.612181
18 of 21 in 57.2788 - percent 0.598817
19 of 21 in 59.6918 - percent 0.586916
20 of 21 in 62.1058 - percent 0.576225
21 of 21 in 64.5148 - percent 0.566479
 [vidi] 2 1 /home/kaya/sparyser/matrices/c100.mtx_33 32 1494455 65.6824
Perman: [veni] running with 32 rows:
1 of 21 in 1.73047 - percent 0.12288
2 of 21 in 3.46087 - percent 0.12288
3 of 21 in 5.18957 - percent 0.12288
4 of 21 in 6.91215 - percent 0.122623
5 of 21 in 8.63506 - percent 0.122401
6 of 21 in 10.358 - percent 0.122261
7 of 21 in 12.0798 - percent 0.122059
8 of 21 in 13.8043 - percent 0.122099
9 of 21 in 15.5197 - percent 0.121666
10 of 21 in 17.2584 - percent 0.122061
11 of 21 in 19.0954 - percent 0.124934
12 of 21 in 21.2421 - percent 0.134899
13 of 21 in 23.3888 - percent 0.143325
14 of 21 in 25.536 - percent 0.15055
15 of 21 in 27.6804 - percent 0.156807
16 of 21 in 29.8273 - percent 0.162289
17 of 21 in 31.9689 - percent 0.167034
18 of 21 in 34.1199 - percent 0.171418
19 of 21 in 36.2518 - percent 0.175047
20 of 21 in 38.4131 - percent 0.178723
21 of 21 in 40.5465 - percent 0.181661
 [vidi] 2 1 /home/kaya/sparyser/matrices/c100.mtx_34 32 27939464 41.5696
Perman: [veni] running with 32 rows:
1 of 21 in 1.76114 - percent 0.12288
2 of 21 in 3.52199 - percent 0.12288
3 of 21 in 5.28231 - percent 0.12288
4 of 21 in 7.03916 - percent 0.122623
5 of 21 in 8.79504 - percent 0.122401
6 of 21 in 10.5503 - percent 0.122261
7 of 21 in 12.305 - percent 0.122059
8 of 21 in 14.0619 - percent 0.122099
9 of 21 in 15.8072 - percent 0.121666
10 of 21 in 17.576 - percent 0.122061
11 of 21 in 19.4366 - percent 0.124934
12 of 21 in 21.5872 - percent 0.134899
13 of 21 in 23.7368 - percent 0.143325
14 of 21 in 25.889 - percent 0.15055
15 of 21 in 28.0417 - percent 0.156807
16 of 21 in 30.1947 - percent 0.162289
17 of 21 in 32.3437 - percent 0.167034
18 of 21 in 34.5016 - percent 0.171418
19 of 21 in 36.6414 - percent 0.175047
20 of 21 in 38.8038 - percent 0.178723
21 of 21 in 40.9419 - percent 0.181661
 [vidi] 2 1 /home/kaya/sparyser/matrices/c100.mtx_35 32 19638548 41.9662
Perman: [veni] running with 32 rows:
1 of 21 in 3.9772 - percent 0.867136
2 of 21 in 7.93312 - percent 0.863204
3 of 21 in 11.413 - percent 0.814417
4 of 21 in 13.9541 - percent 0.719708
5 of 21 in 16.4964 - percent 0.662962
6 of 21 in 19.0273 - percent 0.624558
7 of 21 in 21.5588 - percent 0.597197
8 of 21 in 24.1002 - percent 0.577106
9 of 21 in 27.979 - percent 0.606157
10 of 21 in 31.9316 - percent 0.631468
11 of 21 in 35.4753 - percent 0.641031
12 of 21 in 37.9121 - percent 0.621363
13 of 21 in 40.3466 - percent 0.604645
14 of 21 in 43.5335 - percent 0.606342
15 of 21 in 47.2884 - percent 0.619193
16 of 21 in 51.056 - percent 0.630795
17 of 21 in 54.8189 - percent 0.640873
18 of 21 in 58.5678 - percent 0.649534
19 of 21 in 62.0477 - percent 0.653084
20 of 21 in 64.4671 - percent 0.64042
21 of 21 in 66.8826 - percent 0.628874
 [vidi] 2 1 /home/kaya/sparyser/matrices/c100.mtx_36 32 5203709 68.0492
Perman: [veni] running with 32 rows:
1 of 21 in 1.81869 - percent 0.147456
2 of 21 in 3.63666 - percent 0.147456
3 of 21 in 5.45383 - percent 0.147456
4 of 21 in 7.26565 - percent 0.147034
5 of 21 in 9.0796 - percent 0.146912
6 of 21 in 10.8923 - percent 0.146749
7 of 21 in 12.6972 - percent 0.146353
8 of 21 in 14.5162 - percent 0.146522
9 of 21 in 16.3142 - percent 0.146041
10 of 21 in 18.1416 - percent 0.146473
11 of 21 in 20.0899 - percent 0.149927
12 of 21 in 22.4203 - percent 0.161848
13 of 21 in 24.7536 - percent 0.172004
14 of 21 in 27.0852 - percent 0.180668
15 of 21 in 29.4145 - percent 0.188146
16 of 21 in 31.7465 - percent 0.194752
17 of 21 in 34.0716 - percent 0.200462
18 of 21 in 36.4048 - percent 0.205685
19 of 21 in 38.7193 - percent 0.210059
20 of 21 in 41.0676 - percent 0.214483
21 of 21 in 43.3798 - percent 0.21798
 [vidi] 2 1 /home/kaya/sparyser/matrices/c100.mtx_37 32 45181143 44.4926
Perman: [veni] running with 32 rows:
1 of 21 in 1.81845 - percent 0.147456
2 of 21 in 3.63835 - percent 0.147456
3 of 21 in 5.45769 - percent 0.147456
4 of 21 in 7.27364 - percent 0.147034
5 of 21 in 9.09194 - percent 0.146912
6 of 21 in 10.9077 - percent 0.146749
7 of 21 in 12.7161 - percent 0.146353
8 of 21 in 14.5356 - percent 0.146522
9 of 21 in 16.3382 - percent 0.146041
10 of 21 in 18.1695 - percent 0.146473
