Number of rows/cols is 100
Number of nnz is    300
#d1 vertices: 0
#d2 vertices: 0
min degree: 3
************************************************************************
Algo is 10
Compress matrix 0
Apply Dulmage-Mendehlson 0
Sorting 1
Single run 0
************************************************************************
Perman: [veni] running with 32 rows:
 [vidi] 10 1 /home/kaya/sparyser/matrices/c100.mtx_0 32 29785128 3.13358
Perman: [veni] running with 32 rows:
 [vidi] 10 1 /home/kaya/sparyser/matrices/c100.mtx_1 32 39257134 2.42909
Perman: [veni] running with 32 rows:
 [vidi] 10 1 /home/kaya/sparyser/matrices/c100.mtx_2 32 6606746 3.31208
Perman: [veni] running with 32 rows:
 [vidi] 10 1 /home/kaya/sparyser/matrices/c100.mtx_3 32 31815500 3.43317
Perman: [veni] running with 32 rows:
 [vidi] 10 1 /home/kaya/sparyser/matrices/c100.mtx_4 32 4255631 2.02402
Perman: [veni] running with 32 rows:
 [vidi] 10 1 /home/kaya/sparyser/matrices/c100.mtx_5 32 4209238 1.27082
Perman: [veni] running with 32 rows:
 [vidi] 10 1 /home/kaya/sparyser/matrices/c100.mtx_6 32 4024428 1.06221
Perman: [veni] running with 32 rows:
 [vidi] 10 1 /home/kaya/sparyser/matrices/c100.mtx_7 32 1233350 2.93392
Perman: [veni] running with 32 rows:
 [vidi] 10 1 /home/kaya/sparyser/matrices/c100.mtx_8 32 1590164 4.84131
Perman: [veni] running with 32 rows:
 [vidi] 10 1 /home/kaya/sparyser/matrices/c100.mtx_9 32 4846244 2.12294
Perman: [veni] running with 32 rows:
 [vidi] 10 1 /home/kaya/sparyser/matrices/c100.mtx_10 32 422746 0.710725
Perman: [veni] running with 32 rows:
 [vidi] 10 1 /home/kaya/sparyser/matrices/c100.mtx_11 32 15545562 2.93316
Perman: [veni] running with 32 rows:
 [vidi] 10 1 /home/kaya/sparyser/matrices/c100.mtx_12 32 10536296 2.88928
Perman: [veni] running with 32 rows:
 [vidi] 10 1 /home/kaya/sparyser/matrices/c100.mtx_13 32 714901 7.09542
Perman: [veni] running with 32 rows:
 [vidi] 10 1 /home/kaya/sparyser/matrices/c100.mtx_14 32 2924440 2.19718
Perman: [veni] running with 32 rows:
 [vidi] 10 1 /home/kaya/sparyser/matrices/c100.mtx_15 32 174420 1.48539
Perman: [veni] running with 32 rows:
 [vidi] 10 1 /home/kaya/sparyser/matrices/c100.mtx_16 32 3377572 3.04708
Perman: [veni] running with 32 rows:
 [vidi] 10 1 /home/kaya/sparyser/matrices/c100.mtx_17 32 7130140 2.84006
Perman: [veni] running with 32 rows:
 [vidi] 10 1 /home/kaya/sparyser/matrices/c100.mtx_18 32 474655 4.15398
Perman: [veni] running with 32 rows:
 [vidi] 10 1 /home/kaya/sparyser/matrices/c100.mtx_19 32 12863940 2.92377
Perman: [veni] running with 32 rows:
 [vidi] 10 1 /home/kaya/sparyser/matrices/c100.mtx_20 32 8894198 2.88926
Perman: [veni] running with 32 rows:
 [vidi] 10 1 /home/kaya/sparyser/matrices/c100.mtx_21 32 1877887 4.58844
Perman: [veni] running with 32 rows:
 [vidi] 10 1 /home/kaya/sparyser/matrices/c100.mtx_22 32 7567788 2.83463
Perman: [veni] running with 32 rows:
 [vidi] 10 1 /home/kaya/sparyser/matrices/c100.mtx_23 32 18007785 4.54769
Perman: [veni] running with 32 rows:
 [vidi] 10 1 /home/kaya/sparyser/matrices/c100.mtx_24 32 4147707 4.35943
Perman: [veni] running with 32 rows:
 [vidi] 10 1 /home/kaya/sparyser/matrices/c100.mtx_25 32 2859150 6.9509
Perman: [veni] running with 32 rows:
 [vidi] 10 1 /home/kaya/sparyser/matrices/c100.mtx_26 32 10900558 2.17587
Perman: [veni] running with 32 rows:
 [vidi] 10 1 /home/kaya/sparyser/matrices/c100.mtx_27 32 7221164 2.17618
Perman: [veni] running with 32 rows:
 [vidi] 10 1 /home/kaya/sparyser/matrices/c100.mtx_28 32 1239555 3.51461
Perman: [veni] running with 32 rows:
 [vidi] 10 1 /home/kaya/sparyser/matrices/c100.mtx_29 32 6341713 2.18866
Perman: [veni] running with 32 rows:
 [vidi] 10 1 /home/kaya/sparyser/matrices/c100.mtx_30 32 9467816 4.32598
Perman: [veni] running with 32 rows:
 [vidi] 10 1 /home/kaya/sparyser/matrices/c100.mtx_31 32 1640314 0.788532
Perman: [veni] running with 32 rows:
 [vidi] 10 1 /home/kaya/sparyser/matrices/c100.mtx_32 32 3942844 1.71341
Perman: [veni] running with 32 rows:
 [vidi] 10 1 /home/kaya/sparyser/matrices/c100.mtx_33 32 1494454 5.32779
Perman: [veni] running with 32 rows:
 [vidi] 10 1 /home/kaya/sparyser/matrices/c100.mtx_34 32 27939464 2.35375
Perman: [veni] running with 32 rows:
 [vidi] 10 1 /home/kaya/sparyser/matrices/c100.mtx_35 32 19638548 1.92567
Perman: [veni] running with 32 rows:
 [vidi] 10 1 /home/kaya/sparyser/matrices/c100.mtx_36 32 5203709 6.24189
Perman: [veni] running with 32 rows:
 [vidi] 10 1 /home/kaya/sparyser/matrices/c100.mtx_37 32 45181144 3.47662
Perman: [veni] running with 32 rows:
 [vidi] 10 1 /home/kaya/sparyser/matrices/c100.mtx_38 32 30956944 3.47941
Perman: [veni] running with 32 rows:
 [vidi] 10 1 /home/kaya/sparyser/matrices/c100.mtx_39 32 8598898 6.88949
Perman: [veni] running with 32 rows:
 [vidi] 10 1 /home/kaya/sparyser/matrices/c100.mtx_40 32 9760490 2.24922
Perman: [veni] running with 32 rows:
 [vidi] 10 1 /home/kaya/sparyser/matrices/c100.mtx_41 32 6454176 2.27858
Perman: [veni] running with 32 rows:
 [vidi] 10 1 /home/kaya/sparyser/matrices/c100.mtx_42 32 1915528 3.47958
Perman: [veni] running with 32 rows:
 [vidi] 10 1 /home/kaya/sparyser/matrices/c100.mtx_43 32 13860150 2.23328
Perman: [veni] running with 32 rows:
 [vidi] 10 1 /home/kaya/sparyser/matrices/c100.mtx_44 32 1949998 1.85004
Perman: [veni] running with 32 rows:
 [vidi] 10 1 /home/kaya/sparyser/matrices/c100.mtx_45 32 7288542 2.85356
Perman: [veni] running with 32 rows:
 [vidi] 10 1 /home/kaya/sparyser/matrices/c100.mtx_46 32 2936952 1.41564
Perman: [veni] running with 32 rows:
 [vidi] 10 1 /home/kaya/sparyser/matrices/c100.mtx_47 32 19915280 1.67127
Perman: [veni] running with 32 rows:
 [vidi] 10 1 /home/kaya/sparyser/matrices/c100.mtx_48 32 5077436 5.69634
Perman: [veni] running with 32 rows:
 [vidi] 10 1 /home/kaya/sparyser/matrices/c100.mtx_49 32 14175580 4.45624
Perman: [veni] running with 32 rows:
 [vidi] 10 1 /home/kaya/sparyser/matrices/c100.mtx_50 32 10215851 4.73949
Perman: [veni] running with 32 rows:
 [vidi] 10 1 /home/kaya/sparyser/matrices/c100.mtx_51 32 3021516 2.85409
Perman: [veni] running with 32 rows:
 [vidi] 10 1 /home/kaya/sparyser/matrices/c100.mtx_52 32 3167749 4.43792
Perman: [veni] running with 32 rows:
 [vidi] 10 1 /home/kaya/sparyser/matrices/c100.mtx_53 32 6344110 4.55091
Perman: [veni] running with 32 rows:
 [vidi] 10 1 /home/kaya/sparyser/matrices/c100.mtx_54 32 11631228 1.81134
Perman: [veni] running with 32 rows:
 [vidi] 10 1 /home/kaya/sparyser/matrices/c100.mtx_55 32 8085401 1.80162
Perman: [veni] running with 32 rows:
 [vidi] 10 1 /home/kaya/sparyser/matrices/c100.mtx_56 32 2299820 3.96847
Perman: [veni] running with 32 rows:
 [vidi] 10 1 /home/kaya/sparyser/matrices/c100.mtx_57 32 26468737 4.42876
Perman: [veni] running with 32 rows:
 [vidi] 10 1 /home/kaya/sparyser/matrices/c100.mtx_58 32 352309 2.01001
Perman: [veni] running with 32 rows:
 [vidi] 10 1 /home/kaya/sparyser/matrices/c100.mtx_59 32 951827 2.73694
Perman: [veni] running with 32 rows:
 [vidi] 10 1 /home/kaya/sparyser/matrices/c100.mtx_60 32 18642160 1.69871
Perman: [veni] running with 32 rows:
 [vidi] 10 1 /home/kaya/sparyser/matrices/c100.mtx_61 32 12535754 1.69878
Perman: [veni] running with 32 rows:
 [vidi] 10 1 /home/kaya/sparyser/matrices/c100.mtx_62 32 3724810 2.9347
Perman: [veni] running with 32 rows:
 [vidi] 10 1 /home/kaya/sparyser/matrices/c100.mtx_63 32 36052798 4.43947
Perman: [veni] running with 32 rows:
 [vidi] 10 1 /home/kaya/sparyser/matrices/c100.mtx_64 32 2800090 0.731157
Perman: [veni] running with 32 rows:
 [vidi] 10 1 /home/kaya/sparyser/matrices/c100.mtx_65 32 478718 1.39931
Perman: [veni] running with 32 rows:
 [vidi] 10 1 /home/kaya/sparyser/matrices/c100.mtx_66 32 8138466 2.67886
Perman: [veni] running with 32 rows:
 [vidi] 10 1 /home/kaya/sparyser/matrices/c100.mtx_67 32 12673297 4.62546
Perman: [veni] running with 32 rows:
 [vidi] 10 1 /home/kaya/sparyser/matrices/c100.mtx_68 32 2019466 2.14779
Perman: [veni] running with 32 rows:
 [vidi] 10 1 /home/kaya/sparyser/matrices/c100.mtx_69 32 9486001 3.19227
Perman: [veni] running with 32 rows:
 [vidi] 10 1 /home/kaya/sparyser/matrices/c100.mtx_70 32 16230466 1.96614
Perman: [veni] running with 32 rows:
 [vidi] 10 1 /home/kaya/sparyser/matrices/c100.mtx_71 32 6655075 2.90024
Perman: [veni] running with 32 rows:
 [vidi] 10 1 /home/kaya/sparyser/matrices/c100.mtx_72 32 11475498 1.79605
Perman: [veni] running with 32 rows:
 [vidi] 10 1 /home/kaya/sparyser/matrices/c100.mtx_73 32 4471885 4.057
Perman: [veni] running with 32 rows:
 [vidi] 10 1 /home/kaya/sparyser/matrices/c100.mtx_74 32 3233392 1.73799
Perman: [veni] running with 32 rows:
 [vidi] 10 1 /home/kaya/sparyser/matrices/c100.mtx_75 32 6645062 2.06365
Perman: [veni] running with 32 rows:
 [vidi] 10 1 /home/kaya/sparyser/matrices/c100.mtx_76 32 2639422 0.946637
Perman: [veni] running with 32 rows:
 [vidi] 10 1 /home/kaya/sparyser/matrices/c100.mtx_77 32 6185604 0.926272
Perman: [veni] running with 32 rows:
 [vidi] 10 1 /home/kaya/sparyser/matrices/c100.mtx_78 32 13311323 5.46588
Perman: [veni] running with 32 rows:
 [vidi] 10 1 /home/kaya/sparyser/matrices/c100.mtx_79 32 3134075 6.06967
Perman: [veni] running with 32 rows:
 [vidi] 10 1 /home/kaya/sparyser/matrices/c100.mtx_80 32 15037003 3.34377
Perman: [veni] running with 32 rows:
 [vidi] 10 1 /home/kaya/sparyser/matrices/c100.mtx_81 32 26322780 2.54389
Perman: [veni] running with 32 rows:
 [vidi] 10 1 /home/kaya/sparyser/matrices/c100.mtx_82 32 10324435 3.26671
Perman: [veni] running with 32 rows:
 [vidi] 10 1 /home/kaya/sparyser/matrices/c100.mtx_83 32 18113964 2.41124
Perman: [veni] running with 32 rows:
 [vidi] 10 1 /home/kaya/sparyser/matrices/c100.mtx_84 32 3701060 4.38337
Perman: [veni] running with 32 rows:
 [vidi] 10 1 /home/kaya/sparyser/matrices/c100.mtx_85 32 2621530 6.42162
Perman: [veni] running with 32 rows:
 [vidi] 10 1 /home/kaya/sparyser/matrices/c100.mtx_86 32 5375956 2.67355
Perman: [veni] running with 32 rows:
 [vidi] 10 1 /home/kaya/sparyser/matrices/c100.mtx_87 32 11086828 2.54675
Perman: [veni] running with 32 rows:
 [vidi] 10 1 /home/kaya/sparyser/matrices/c100.mtx_88 32 13541640 3.42818
Perman: [veni] running with 32 rows:
 [vidi] 10 1 /home/kaya/sparyser/matrices/c100.mtx_89 32 17593824 2.18057
Perman: [veni] running with 32 rows:
 [vidi] 10 1 /home/kaya/sparyser/matrices/c100.mtx_90 32 4281506 4.9005
Perman: [veni] running with 32 rows:
 [vidi] 10 1 /home/kaya/sparyser/matrices/c100.mtx_91 32 5195790 3.87174
Perman: [veni] running with 32 rows:
 [vidi] 10 1 /home/kaya/sparyser/matrices/c100.mtx_92 32 10379064 2.27932
Perman: [veni] running with 32 rows:
 [vidi] 10 1 /home/kaya/sparyser/matrices/c100.mtx_93 32 3672590 3.88194
Perman: [veni] running with 32 rows:
 [vidi] 10 1 /home/kaya/sparyser/matrices/c100.mtx_94 32 7296332 2.28222
Perman: [veni] running with 32 rows:
 [vidi] 10 1 /home/kaya/sparyser/matrices/c100.mtx_95 32 515318 4.835
Perman: [veni] running with 32 rows:
 [vidi] 10 1 /home/kaya/sparyser/matrices/c100.mtx_96 32 6076564 2.90211
Perman: [veni] running with 32 rows:
 [vidi] 10 1 /home/kaya/sparyser/matrices/c100.mtx_97 32 4528100 2.71419
Perman: [veni] running with 32 rows:
 [vidi] 10 1 /home/kaya/sparyser/matrices/c100.mtx_98 32 7798952 1.68385
Perman: [veni] running with 32 rows:
 [vidi] 10 1 /home/kaya/sparyser/matrices/c100.mtx_99 32 352586 6.91822
Perman: [veni] running with 32 rows:
 [vidi] 10 1 /home/kaya/sparyser/matrices/c100.mtx_100 32 12575420 3.36573
Perman: [veni] running with 32 rows:
 [vidi] 10 1 /home/kaya/sparyser/matrices/c100.mtx_101 32 14332608 1.41455
Perman: [veni] running with 32 rows:
 [vidi] 10 1 /home/kaya/sparyser/matrices/c100.mtx_102 32 3013295 1.61402
Perman: [veni] running with 32 rows:
 [vidi] 10 1 /home/kaya/sparyser/matrices/c100.mtx_103 32 3245087 4.13509
Perman: [veni] running with 32 rows:
 [vidi] 10 1 /home/kaya/sparyser/matrices/c100.mtx_104 32 16066970 3.44851
Perman: [veni] running with 32 rows:
 [vidi] 10 1 /home/kaya/sparyser/matrices/c100.mtx_105 32 18682864 1.66809
Perman: [veni] running with 32 rows:
 [vidi] 10 1 /home/kaya/sparyser/matrices/c100.mtx_106 32 3013295 2.8517
Perman: [veni] running with 32 rows:
 [vidi] 10 1 /home/kaya/sparyser/matrices/c100.mtx_107 32 4056360 4.79071
Perman: [veni] running with 32 rows:
 [vidi] 10 1 /home/kaya/sparyser/matrices/c100.mtx_108 32 2842127 6.87298
Perman: [veni] running with 32 rows:
 [vidi] 10 1 /home/kaya/sparyser/matrices/c100.mtx_109 32 3678048 5.46614
Perman: [veni] running with 32 rows:
 [vidi] 10 1 /home/kaya/sparyser/matrices/c100.mtx_110 32 6476028 3.00298
Perman: [veni] running with 32 rows:
 [vidi] 10 1 /home/kaya/sparyser/matrices/c100.mtx_111 32 20866164 2.83698
Perman: [veni] running with 32 rows:
 [vidi] 10 1 /home/kaya/sparyser/matrices/c100.mtx_112 32 595616 0.49113
Perman: [veni] running with 32 rows:
 [vidi] 10 1 /home/kaya/sparyser/matrices/c100.mtx_113 32 1738439 2.86558
Perman: [veni] running with 32 rows:
 [vidi] 10 1 /home/kaya/sparyser/matrices/c100.mtx_114 32 4056359 5.46632
Perman: [veni] running with 32 rows:
 [vidi] 10 1 /home/kaya/sparyser/matrices/c100.mtx_115 32 2284847 6.86977
Perman: [veni] running with 32 rows:
 [vidi] 10 1 /home/kaya/sparyser/matrices/c100.mtx_116 32 3145790 3.32893
Perman: [veni] running with 32 rows:
 [vidi] 10 1 /home/kaya/sparyser/matrices/c100.mtx_117 32 4671022 2.75713
Perman: [veni] running with 32 rows:
 [vidi] 10 1 /home/kaya/sparyser/matrices/c100.mtx_118 32 3241118 3.88684
Perman: [veni] running with 32 rows:
 [vidi] 10 1 /home/kaya/sparyser/matrices/c100.mtx_119 32 6672889 2.10432
Perman: [veni] running with 32 rows:
 [vidi] 10 1 /home/kaya/sparyser/matrices/c100.mtx_120 32 0 6.57134
Perman: [veni] running with 32 rows:
 [vidi] 10 1 /home/kaya/sparyser/matrices/c100.mtx_121 32 1906540 0.277803
Perman: [veni] running with 32 rows:
 [vidi] 10 1 /home/kaya/sparyser/matrices/c100.mtx_122 32 5338312 1.27484
Perman: [veni] running with 32 rows:
 [vidi] 10 1 /home/kaya/sparyser/matrices/c100.mtx_123 32 29092161 1.80565
Perman: [veni] running with 32 rows:
 [vidi] 10 1 /home/kaya/sparyser/matrices/c100.mtx_124 32 3003146 0.512762
Perman: [veni] running with 32 rows:
 [vidi] 10 1 /home/kaya/sparyser/matrices/c100.mtx_125 32 12975006 2.33545
Perman: [veni] running with 32 rows:
 [vidi] 10 1 /home/kaya/sparyser/matrices/c100.mtx_126 32 5147361 1.40523
Perman: [veni] running with 32 rows:
 [vidi] 10 1 /home/kaya/sparyser/matrices/c100.mtx_127 32 546216 0.800542
Perman: [veni] running with 32 rows:
 [vidi] 10 1 /home/kaya/sparyser/matrices/c100.mtx_128 32 524536 1.52308
Perman: [veni] running with 32 rows:
 [vidi] 10 1 /home/kaya/sparyser/matrices/c100.mtx_129 32 1907801 1.66066
Perman: [veni] running with 32 rows:
 [vidi] 10 1 /home/kaya/sparyser/matrices/c100.mtx_130 32 11265666 3.34872
Perman: [veni] running with 32 rows:
 [vidi] 10 1 /home/kaya/sparyser/matrices/c100.mtx_131 32 430661 0.807073
Perman: [veni] running with 32 rows:
 [vidi] 10 1 /home/kaya/sparyser/matrices/c100.mtx_132 32 1267488 1.90445
Perman: [veni] running with 32 rows:
 [vidi] 10 1 /home/kaya/sparyser/matrices/c100.mtx_133 32 4881144 3.6041
Perman: [veni] running with 32 rows:
 [vidi] 10 1 /home/kaya/sparyser/matrices/c100.mtx_134 32 5057516 1.79279
Perman: [veni] running with 32 rows:
 [vidi] 10 1 /home/kaya/sparyser/matrices/c100.mtx_135 32 3513758 2.12683
Perman: [veni] running with 32 rows:
 [vidi] 10 1 /home/kaya/sparyser/matrices/c100.mtx_136 32 798218 1.88044
Perman: [veni] running with 32 rows:
 [vidi] 10 1 /home/kaya/sparyser/matrices/c100.mtx_137 32 13521756 2.47424
Perman: [veni] running with 32 rows:
 [vidi] 10 1 /home/kaya/sparyser/matrices/c100.mtx_138 32 1417980 1.36856
Perman: [veni] running with 32 rows:
 [vidi] 10 1 /home/kaya/sparyser/matrices/c100.mtx_139 32 4498400 1.50395
Perman: [veni] running with 32 rows:
 [vidi] 10 1 /home/kaya/sparyser/matrices/c100.mtx_140 32 2988513 1.50611
Perman: [veni] running with 32 rows:
 [vidi] 10 1 /home/kaya/sparyser/matrices/c100.mtx_141 32 627691 2.06863
Perman: [veni] running with 32 rows:
 [vidi] 10 1 /home/kaya/sparyser/matrices/c100.mtx_142 32 2803747 1.42308
Perman: [veni] running with 32 rows:
 [vidi] 10 1 /home/kaya/sparyser/matrices/c100.mtx_143 32 6983304 1.23796
Perman: [veni] running with 32 rows:
 [vidi] 10 1 /home/kaya/sparyser/matrices/c100.mtx_144 32 791735 2.17357
Perman: [veni] running with 32 rows:
 [vidi] 10 1 /home/kaya/sparyser/matrices/c100.mtx_145 32 19779783 1.67617
Perman: [veni] running with 32 rows:
 [vidi] 10 1 /home/kaya/sparyser/matrices/c100.mtx_146 32 2336163 1.15789
Perman: [veni] running with 32 rows:
 [vidi] 10 1 /home/kaya/sparyser/matrices/c100.mtx_147 32 32321386 1.51103
Perman: [veni] running with 32 rows:
 [vidi] 10 1 /home/kaya/sparyser/matrices/c100.mtx_148 32 3912966 1.07253
Perman: [veni] running with 32 rows:
 [vidi] 10 1 /home/kaya/sparyser/matrices/c100.mtx_149 32 6088893 0.740926
Perman: [veni] running with 32 rows:
 [vidi] 10 1 /home/kaya/sparyser/matrices/c100.mtx_150 32 814438 0.551864
Perman: [veni] running with 32 rows:
 [vidi] 10 1 /home/kaya/sparyser/matrices/c100.mtx_151 32 6750058 1.09565
Perman: [veni] running with 32 rows:
 [vidi] 10 1 /home/kaya/sparyser/matrices/c100.mtx_152 32 12909528 0.954577
Perman: [veni] running with 32 rows:
 [vidi] 10 1 /home/kaya/sparyser/matrices/c100.mtx_153 32 2309584 1.79542
Perman: [veni] running with 32 rows:
 [vidi] 10 1 /home/kaya/sparyser/matrices/c100.mtx_154 32 10811875 2.96323
Perman: [veni] running with 32 rows:
 [vidi] 10 1 /home/kaya/sparyser/matrices/c100.mtx_155 32 1258380 0.585067
Perman: [veni] running with 32 rows:
 [vidi] 10 1 /home/kaya/sparyser/matrices/c100.mtx_156 32 4201965 3.29132
Perman: [veni] running with 32 rows:
 [vidi] 10 1 /home/kaya/sparyser/matrices/c100.mtx_157 32 7803277 0.944437
Perman: [veni] running with 32 rows:
 [vidi] 10 1 /home/kaya/sparyser/matrices/c100.mtx_158 32 1005965 0.666591
Perman: [veni] running with 32 rows:
 [vidi] 10 1 /home/kaya/sparyser/matrices/c100.mtx_159 32 11803520 2.03185
Perman: [veni] running with 32 rows:
 [vidi] 10 1 /home/kaya/sparyser/matrices/c100.mtx_160 32 640765 2.69132
Perman: [veni] running with 32 rows:
 [vidi] 10 1 /home/kaya/sparyser/matrices/c100.mtx_161 32 12745456 0.762263
Perman: [veni] running with 32 rows:
 [vidi] 10 1 /home/kaya/sparyser/matrices/c100.mtx_162 32 1666634 0.90022
Perman: [veni] running with 32 rows:
 [vidi] 10 1 /home/kaya/sparyser/matrices/c100.mtx_163 32 16195591 2.02916
Perman: [veni] running with 32 rows:
 [vidi] 10 1 /home/kaya/sparyser/matrices/c100.mtx_164 32 1599476 2.90232
Perman: [veni] running with 32 rows:
 [vidi] 10 1 /home/kaya/sparyser/matrices/c100.mtx_165 32 9143428 1.10539
Perman: [veni] running with 32 rows:
 [vidi] 10 1 /home/kaya/sparyser/matrices/c100.mtx_166 32 960424 0.644117
Perman: [veni] running with 32 rows:
 [vidi] 10 1 /home/kaya/sparyser/matrices/c100.mtx_167 32 10461952 1.63248
Perman: [veni] running with 32 rows:
 [vidi] 10 1 /home/kaya/sparyser/matrices/c100.mtx_168 32 7411990 1.57345
Perman: [veni] running with 32 rows:
 [vidi] 10 1 /home/kaya/sparyser/matrices/c100.mtx_169 32 1931475 2.25116
Perman: [veni] running with 32 rows:
 [vidi] 10 1 /home/kaya/sparyser/matrices/c100.mtx_170 32 13279978 1.46685
Perman: [veni] running with 32 rows:
 [vidi] 10 1 /home/kaya/sparyser/matrices/c100.mtx_171 32 1379157 1.08645
Perman: [veni] running with 32 rows:
 [vidi] 10 1 /home/kaya/sparyser/matrices/c100.mtx_172 32 16850432 1.44782
Perman: [veni] running with 32 rows:
 [vidi] 10 1 /home/kaya/sparyser/matrices/c100.mtx_173 32 11655028 1.46583
Perman: [veni] running with 32 rows:
 [vidi] 10 1 /home/kaya/sparyser/matrices/c100.mtx_174 32 2766558 1.85774
Perman: [veni] running with 32 rows:
 [vidi] 10 1 /home/kaya/sparyser/matrices/c100.mtx_175 32 19824212 1.45901
Perman: [veni] running with 32 rows:
 [vidi] 10 1 /home/kaya/sparyser/matrices/c100.mtx_176 32 1901514 0.693342
Perman: [veni] running with 32 rows:
 [vidi] 10 1 /home/kaya/sparyser/matrices/c100.mtx_177 32 6627754 1.53395
Perman: [veni] running with 32 rows:
 [vidi] 10 1 /home/kaya/sparyser/matrices/c100.mtx_178 32 4670056 1.91744
Perman: [veni] running with 32 rows:
 [vidi] 10 1 /home/kaya/sparyser/matrices/c100.mtx_179 32 261478 1.66642
Perman: [veni] running with 32 rows:
 [vidi] 10 1 /home/kaya/sparyser/matrices/c100.mtx_180 32 7905440 2.76945
Perman: [veni] running with 32 rows:
 [vidi] 10 1 /home/kaya/sparyser/matrices/c100.mtx_181 32 178906 0.853521
Perman: [veni] running with 32 rows:
 [vidi] 10 1 /home/kaya/sparyser/matrices/c100.mtx_182 32 10830688 1.66958
Perman: [veni] running with 32 rows:
 [vidi] 10 1 /home/kaya/sparyser/matrices/c100.mtx_183 32 2368008 0.961366
Perman: [veni] running with 32 rows:
 [vidi] 10 1 /home/kaya/sparyser/matrices/c100.mtx_184 32 14148702 1.68221
Perman: [veni] running with 32 rows:
 [vidi] 10 1 /home/kaya/sparyser/matrices/c100.mtx_185 32 2674972 1.13831
Perman: [veni] running with 32 rows:
 [vidi] 10 1 /home/kaya/sparyser/matrices/c100.mtx_186 32 2764008 3.49146
Perman: [veni] running with 32 rows:
 [vidi] 10 1 /home/kaya/sparyser/matrices/c100.mtx_187 32 10803920 1.50975
Perman: [veni] running with 32 rows:
 [vidi] 10 1 /home/kaya/sparyser/matrices/c100.mtx_188 32 2192600 1.03085
Perman: [veni] running with 32 rows:
 [vidi] 10 1 /home/kaya/sparyser/matrices/c100.mtx_189 32 968584 2.27474
Perman: [veni] running with 32 rows:
 [vidi] 10 1 /home/kaya/sparyser/matrices/c100.mtx_190 32 7328586 1.17921
Perman: [veni] running with 32 rows:
 [vidi] 10 1 /home/kaya/sparyser/matrices/c100.mtx_191 32 0 1.14476
Perman: [veni] running with 32 rows:
 [vidi] 10 1 /home/kaya/sparyser/matrices/c100.mtx_192 32 2994476 2.0587
Perman: [veni] running with 32 rows:
 [vidi] 10 1 /home/kaya/sparyser/matrices/c100.mtx_193 32 3092116 4.89473
Perman: [veni] running with 32 rows:
 [vidi] 10 1 /home/kaya/sparyser/matrices/c100.mtx_194 32 2047683 1.43796
Perman: [veni] running with 32 rows:
 [vidi] 10 1 /home/kaya/sparyser/matrices/c100.mtx_195 32 3373879 4.25032
Perman: [veni] running with 32 rows:
 [vidi] 10 1 /home/kaya/sparyser/matrices/c100.mtx_196 32 1783990 1.96782
Perman: [veni] running with 32 rows:
 [vidi] 10 1 /home/kaya/sparyser/matrices/c100.mtx_197 32 1331854 2.50551
Perman: [veni] running with 32 rows:
 [vidi] 10 1 /home/kaya/sparyser/matrices/c100.mtx_198 32 890051 0.827607
Perman: [veni] running with 32 rows:
 [vidi] 10 1 /home/kaya/sparyser/matrices/c100.mtx_199 32 1208272 4.4634
Perman: [veni] running with 32 rows:
 [vidi] 10 1 /home/kaya/sparyser/matrices/c100.mtx_200 32 328100 2.2227
Perman: [veni] running with 32 rows:
 [vidi] 10 1 /home/kaya/sparyser/matrices/c100.mtx_201 32 2222708 7.22933
Perman: [veni] running with 32 rows:
 [vidi] 10 1 /home/kaya/sparyser/matrices/c100.mtx_202 32 674510 3.35903
Perman: [veni] running with 32 rows:
 [vidi] 10 1 /home/kaya/sparyser/matrices/c100.mtx_203 32 449488 4.16864
Perman: [veni] running with 32 rows:
 [vidi] 10 1 /home/kaya/sparyser/matrices/c100.mtx_204 32 336532 3.31659
Perman: [veni] running with 32 rows:
 [vidi] 10 1 /home/kaya/sparyser/matrices/c100.mtx_205 32 1364914 4.5528
Perman: [veni] running with 32 rows:
 [vidi] 10 1 /home/kaya/sparyser/matrices/c100.mtx_206 32 448404 4.34566
Perman: [veni] running with 32 rows:
 [vidi] 10 1 /home/kaya/sparyser/matrices/c100.mtx_207 32 2842165 3.79269
Perman: [veni] running with 32 rows:
 [vidi] 10 1 /home/kaya/sparyser/matrices/c100.mtx_208 32 852985 2.42624
Perman: [veni] running with 32 rows:
 [vidi] 10 1 /home/kaya/sparyser/matrices/c100.mtx_209 32 9700272 2.86637
Perman: [veni] running with 32 rows:
 [vidi] 10 1 /home/kaya/sparyser/matrices/c100.mtx_210 32 1918517 2.03103
Perman: [veni] running with 32 rows:
 [vidi] 10 1 /home/kaya/sparyser/matrices/c100.mtx_211 32 547644 1.32514
Perman: [veni] running with 32 rows:
 [vidi] 10 1 /home/kaya/sparyser/matrices/c100.mtx_212 32 4029251 2.81478
Perman: [veni] running with 32 rows:
 [vidi] 10 1 /home/kaya/sparyser/matrices/c100.mtx_213 32 1316617 3.54579
Perman: [veni] running with 32 rows:
 [vidi] 10 1 /home/kaya/sparyser/matrices/c100.mtx_214 32 3473477 7.2211
Perman: [veni] running with 32 rows:
 [vidi] 10 1 /home/kaya/sparyser/matrices/c100.mtx_215 32 632047 1.70242
Perman: [veni] running with 32 rows:
 [vidi] 10 1 /home/kaya/sparyser/matrices/c100.mtx_216 32 1360606 4.88128
Perman: [veni] running with 32 rows:
 [vidi] 10 1 /home/kaya/sparyser/matrices/c100.mtx_217 32 1233594 1.89743
Perman: [veni] running with 32 rows:
 [vidi] 10 1 /home/kaya/sparyser/matrices/c100.mtx_218 32 384840 1.27564
Perman: [veni] running with 32 rows:
 [vidi] 10 1 /home/kaya/sparyser/matrices/c100.mtx_219 32 1896972 3.4846
Perman: [veni] running with 32 rows:
 [vidi] 10 1 /home/kaya/sparyser/matrices/c100.mtx_220 32 4074564 1.44551
Perman: [veni] running with 32 rows:
 [vidi] 10 1 /home/kaya/sparyser/matrices/c100.mtx_221 32 4331060 1.33935
Perman: [veni] running with 32 rows:
 [vidi] 10 1 /home/kaya/sparyser/matrices/c100.mtx_222 32 1473290 5.48139
Perman: [veni] running with 32 rows:
 [vidi] 10 1 /home/kaya/sparyser/matrices/c100.mtx_223 32 1610024 2.78088
Perman: [veni] running with 32 rows:
 [vidi] 10 1 /home/kaya/sparyser/matrices/c100.mtx_224 32 1570946 2.72312
Perman: [veni] running with 32 rows:
 [vidi] 10 1 /home/kaya/sparyser/matrices/c100.mtx_225 32 1097781 4.048
Perman: [veni] running with 32 rows:
 [vidi] 10 1 /home/kaya/sparyser/matrices/c100.mtx_226 32 735317 4.30139
Perman: [veni] running with 32 rows:
 [vidi] 10 1 /home/kaya/sparyser/matrices/c100.mtx_227 32 1974021 3.01454
Perman: [veni] running with 32 rows:
 [vidi] 10 1 /home/kaya/sparyser/matrices/c100.mtx_228 32 543129 2.01834
Perman: [veni] running with 32 rows:
 [vidi] 10 1 /home/kaya/sparyser/matrices/c100.mtx_229 32 5983322 2.00929
Perman: [veni] running with 32 rows:
 [vidi] 10 1 /home/kaya/sparyser/matrices/c100.mtx_230 32 1760070 2.4682
Perman: [veni] running with 32 rows:
 [vidi] 10 1 /home/kaya/sparyser/matrices/c100.mtx_231 32 5210204 2.61991
Perman: [veni] running with 32 rows:
 [vidi] 10 1 /home/kaya/sparyser/matrices/c100.mtx_232 32 2369710 3.18934
Perman: [veni] running with 32 rows:
 [vidi] 10 1 /home/kaya/sparyser/matrices/c100.mtx_233 32 673250 3.24975
Perman: [veni] running with 32 rows:
 [vidi] 10 1 /home/kaya/sparyser/matrices/c100.mtx_234 32 2117384 4.71906
Perman: [veni] running with 32 rows:
 [vidi] 10 1 /home/kaya/sparyser/matrices/c100.mtx_235 32 2678336 3.50555
Perman: [veni] running with 32 rows:
 [vidi] 10 1 /home/kaya/sparyser/matrices/c100.mtx_236 32 3451920 3.78698
Perman: [veni] running with 32 rows:
 [vidi] 10 1 /home/kaya/sparyser/matrices/c100.mtx_237 32 1719384 4.86156
Perman: [veni] running with 32 rows:
 [vidi] 10 1 /home/kaya/sparyser/matrices/c100.mtx_238 32 2731848 3.61163
Perman: [veni] running with 32 rows:
 [vidi] 10 1 /home/kaya/sparyser/matrices/c100.mtx_239 32 587064 4.37457
Perman: [veni] running with 32 rows:
 [vidi] 10 1 /home/kaya/sparyser/matrices/c100.mtx_240 32 1563016 3.26727
Perman: [veni] running with 32 rows:
 [vidi] 10 1 /home/kaya/sparyser/matrices/c100.mtx_241 32 406944 2.64599
Perman: [veni] running with 32 rows:
 [vidi] 10 1 /home/kaya/sparyser/matrices/c100.mtx_242 32 925160 4.28955
Perman: [veni] running with 32 rows:
 [vidi] 10 1 /home/kaya/sparyser/matrices/c100.mtx_243 32 4948389 1.51134
Perman: [veni] running with 32 rows:
 [vidi] 10 1 /home/kaya/sparyser/matrices/c100.mtx_244 32 1722262 0.978567
Perman: [veni] running with 32 rows:
 [vidi] 10 1 /home/kaya/sparyser/matrices/c100.mtx_245 32 3940813 5.54758
Perman: [veni] running with 32 rows:
 [vidi] 10 1 /home/kaya/sparyser/matrices/c100.mtx_246 32 6659749 4.63069
Perman: [veni] running with 32 rows:
 [vidi] 10 1 /home/kaya/sparyser/matrices/c100.mtx_247 32 2589295 1.39669
Perman: [veni] running with 32 rows:
 [vidi] 10 1 /home/kaya/sparyser/matrices/c100.mtx_248 32 1077533 0.987703
Perman: [veni] running with 32 rows:
 [vidi] 10 1 /home/kaya/sparyser/matrices/c100.mtx_249 32 1999488 4.59971
Perman: [veni] running with 32 rows:
 [vidi] 10 1 /home/kaya/sparyser/matrices/c100.mtx_250 32 590937 4.41578
Perman: [veni] running with 32 rows:
 [vidi] 10 1 /home/kaya/sparyser/matrices/c100.mtx_251 32 2821704 7.10843
Perman: [veni] running with 32 rows:
 [vidi] 10 1 /home/kaya/sparyser/matrices/c100.mtx_252 32 873127 3.48813
Perman: [veni] running with 32 rows:
 [vidi] 10 1 /home/kaya/sparyser/matrices/c100.mtx_253 32 1205428 3.71799
Perman: [veni] running with 32 rows:
 [vidi] 10 1 /home/kaya/sparyser/matrices/c100.mtx_254 32 813728 4.5563
Perman: [veni] running with 32 rows:
 [vidi] 10 1 /home/kaya/sparyser/matrices/c100.mtx_255 32 690132 2.84492
Perman: [veni] running with 32 rows:
 [vidi] 10 1 /home/kaya/sparyser/matrices/c100.mtx_256 32 708597 4.43784
Perman: [veni] running with 32 rows:
 [vidi] 10 1 /home/kaya/sparyser/matrices/c100.mtx_257 32 1829565 4.55566
Perman: [veni] running with 32 rows:
 [vidi] 10 1 /home/kaya/sparyser/matrices/c100.mtx_258 32 943188 4.80571
Perman: [veni] running with 32 rows:
 [vidi] 10 1 /home/kaya/sparyser/matrices/c100.mtx_259 32 4814116 4.10261
Perman: [veni] running with 32 rows:
 [vidi] 10 1 /home/kaya/sparyser/matrices/c100.mtx_260 32 1611636 5.1681
Perman: [veni] running with 32 rows:
 [vidi] 10 1 /home/kaya/sparyser/matrices/c100.mtx_261 32 12713930 1.40137
Perman: [veni] running with 32 rows:
 [vidi] 10 1 /home/kaya/sparyser/matrices/c100.mtx_262 32 4651572 1.02053
Perman: [veni] running with 32 rows:
 [vidi] 10 1 /home/kaya/sparyser/matrices/c100.mtx_263 32 2298094 2.21528
Perman: [veni] running with 32 rows:
 [vidi] 10 1 /home/kaya/sparyser/matrices/c100.mtx_264 32 825993 2.7848
Perman: [veni] running with 32 rows:
 [vidi] 10 1 /home/kaya/sparyser/matrices/c100.mtx_265 32 2494493 4.17829
Perman: [veni] running with 32 rows:
 [vidi] 10 1 /home/kaya/sparyser/matrices/c100.mtx_266 32 4711163 3.56271
Perman: [veni] running with 32 rows:
 [vidi] 10 1 /home/kaya/sparyser/matrices/c100.mtx_267 32 2650083 6.54247
Perman: [veni] running with 32 rows:
 [vidi] 10 1 /home/kaya/sparyser/matrices/c100.mtx_268 32 5287851 6.43429
Perman: [veni] running with 32 rows:
 [vidi] 10 1 /home/kaya/sparyser/matrices/c100.mtx_269 32 2306798 3.40135
Perman: [veni] running with 32 rows:
 [vidi] 10 1 /home/kaya/sparyser/matrices/c100.mtx_270 32 951833 4.552
Perman: [veni] running with 32 rows:
 [vidi] 10 1 /home/kaya/sparyser/matrices/c100.mtx_271 32 3032308 7.08298
Perman: [veni] running with 32 rows:
 [vidi] 10 1 /home/kaya/sparyser/matrices/c100.mtx_272 32 2133667 2.04343
Perman: [veni] running with 32 rows:
 [vidi] 10 1 /home/kaya/sparyser/matrices/c100.mtx_273 32 732099 2.59626
Perman: [veni] running with 32 rows:
 [vidi] 10 1 /home/kaya/sparyser/matrices/c100.mtx_274 32 2667999 3.11612
Perman: [veni] running with 32 rows:
 [vidi] 10 1 /home/kaya/sparyser/matrices/c100.mtx_275 32 917637 1.99513
Perman: [veni] running with 32 rows:
 [vidi] 10 1 /home/kaya/sparyser/matrices/c100.mtx_276 32 5295972 0.980044
Perman: [veni] running with 32 rows:
 [vidi] 10 1 /home/kaya/sparyser/matrices/c100.mtx_277 32 1963424 0.797142
Perman: [veni] running with 32 rows:
 [vidi] 10 1 /home/kaya/sparyser/matrices/c100.mtx_278 32 8256936 2.61735
Perman: [veni] running with 32 rows:
 [vidi] 10 1 /home/kaya/sparyser/matrices/c100.mtx_279 32 2247666 4.27205
Perman: [veni] running with 32 rows:
 [vidi] 10 1 /home/kaya/sparyser/matrices/c100.mtx_280 32 1002819 2.21039
Perman: [veni] running with 32 rows:
 [vidi] 10 1 /home/kaya/sparyser/matrices/c100.mtx_281 32 3799650 7.27958
Perman: [veni] running with 32 rows:
 [vidi] 10 1 /home/kaya/sparyser/matrices/c100.mtx_282 32 2533693 3.31656
Perman: [veni] running with 32 rows:
 [vidi] 10 1 /home/kaya/sparyser/matrices/c100.mtx_283 32 1780495 3.51677
Perman: [veni] running with 32 rows:
 [vidi] 10 1 /home/kaya/sparyser/matrices/c100.mtx_284 32 1395998 4.10535
Perman: [veni] running with 32 rows:
 [vidi] 10 1 /home/kaya/sparyser/matrices/c100.mtx_285 32 3300522 3.20041
Perman: [veni] running with 32 rows:
 [vidi] 10 1 /home/kaya/sparyser/matrices/c100.mtx_286 32 1067164 4.02146
Perman: [veni] running with 32 rows:
 [vidi] 10 1 /home/kaya/sparyser/matrices/c100.mtx_287 32 5932862 1.40499
Perman: [veni] running with 32 rows:
 [vidi] 10 1 /home/kaya/sparyser/matrices/c100.mtx_288 32 4101210 1.85515
Perman: [veni] running with 32 rows:
 [vidi] 10 1 /home/kaya/sparyser/matrices/c100.mtx_289 32 3449800 1.59337
Perman: [veni] running with 32 rows:
 [vidi] 10 1 /home/kaya/sparyser/matrices/c100.mtx_290 32 6897156 1.46588
Perman: [veni] running with 32 rows:
 [vidi] 10 1 /home/kaya/sparyser/matrices/c100.mtx_291 32 2387524 0.893038
Perman: [veni] running with 32 rows:
 [vidi] 10 1 /home/kaya/sparyser/matrices/c100.mtx_292 32 2674935 5.68439
Perman: [veni] running with 32 rows:
 [vidi] 10 1 /home/kaya/sparyser/matrices/c100.mtx_293 32 1855765 8.14936
Perman: [veni] running with 32 rows:
 [vidi] 10 1 /home/kaya/sparyser/matrices/c100.mtx_294 32 1702403 3.55247
Perman: [veni] running with 32 rows:
 [vidi] 10 1 /home/kaya/sparyser/matrices/c100.mtx_295 32 3211866 6.21721
Perman: [veni] running with 32 rows:
 [vidi] 10 1 /home/kaya/sparyser/matrices/c100.mtx_296 32 1226965 3.5367
Perman: [veni] running with 32 rows:
 [vidi] 10 1 /home/kaya/sparyser/matrices/c100.mtx_297 32 2534718 7.0438
Perman: [veni] running with 32 rows:
 [vidi] 10 1 /home/kaya/sparyser/matrices/c100.mtx_298 32 1663408 3.59009
Perman: [veni] running with 32 rows:
 [vidi] 10 1 /home/kaya/sparyser/matrices/c100.mtx_299 32 3471225 7.55829
Perman: [veni] running with 32 rows:
 [vidi] 10 1 /home/kaya/sparyser/matrices/c100.mtx_300 32 2013860 3.54878
Perman: [veni] running with 32 rows:
 [vidi] 10 1 /home/kaya/sparyser/matrices/c100.mtx_301 32 1394592 5.73993
Perman: [veni] running with 32 rows:
 [vidi] 10 1 /home/kaya/sparyser/matrices/c100.mtx_302 32 1854664 5.72018
Perman: [veni] running with 32 rows:
 [vidi] 10 1 /home/kaya/sparyser/matrices/c100.mtx_303 32 2232492 7.50547
Perman: [veni] running with 32 rows:
 [vidi] 10 1 /home/kaya/sparyser/matrices/c100.mtx_304 32 1668772 3.54448
Perman: [veni] running with 32 rows:
 [vidi] 10 1 /home/kaya/sparyser/matrices/c100.mtx_305 32 1092732 5.33587
Perman: [veni] running with 32 rows:
 [vidi] 10 1 /home/kaya/sparyser/matrices/c100.mtx_306 32 2818300 6.12122
Perman: [veni] running with 32 rows:
 [vidi] 10 1 /home/kaya/sparyser/matrices/c100.mtx_307 32 1006056 6.39185
Perman: [veni] running with 32 rows:
 [vidi] 10 1 /home/kaya/sparyser/matrices/c100.mtx_308 32 1618111 7.07596
Perman: [veni] running with 32 rows:
 [vidi] 10 1 /home/kaya/sparyser/matrices/c100.mtx_309 32 5864968 3.16571
Perman: [veni] running with 32 rows:
 [vidi] 10 1 /home/kaya/sparyser/matrices/c100.mtx_310 32 2197361 2.11054
Perman: [veni] running with 32 rows:
 [vidi] 10 1 /home/kaya/sparyser/matrices/c100.mtx_311 32 904028 0.924415
Perman: [veni] running with 32 rows:
 [vidi] 10 1 /home/kaya/sparyser/matrices/c100.mtx_312 32 382430 1.69162
Perman: [veni] running with 32 rows:
 [vidi] 10 1 /home/kaya/sparyser/matrices/c100.mtx_313 32 2252714 3.37312
Perman: [veni] running with 32 rows:
 [vidi] 10 1 /home/kaya/sparyser/matrices/c100.mtx_314 32 209074 0.61239
Perman: [veni] running with 32 rows:
 [vidi] 10 1 /home/kaya/sparyser/matrices/c100.mtx_315 32 924251 2.36737
Perman: [veni] running with 32 rows:
 [vidi] 10 1 /home/kaya/sparyser/matrices/c100.mtx_316 32 1460986 3.81337
Perman: [veni] running with 32 rows:
 [vidi] 10 1 /home/kaya/sparyser/matrices/c100.mtx_317 32 2536692 3.37308
Perman: [veni] running with 32 rows:
 [vidi] 10 1 /home/kaya/sparyser/matrices/c100.mtx_318 32 1167470 1.64815
Perman: [veni] running with 32 rows:
 [vidi] 10 1 /home/kaya/sparyser/matrices/c100.mtx_319 32 428740 1.33914
Perman: [veni] running with 32 rows:
 [vidi] 10 1 /home/kaya/sparyser/matrices/c100.mtx_320 32 1694322 2.00544
Perman: [veni] running with 32 rows:
 [vidi] 10 1 /home/kaya/sparyser/matrices/c100.mtx_321 32 657536 0.996392
Perman: [veni] running with 32 rows:
 [vidi] 10 1 /home/kaya/sparyser/matrices/c100.mtx_322 32 3880516 3.43719
Perman: [veni] running with 32 rows:
 [vidi] 10 1 /home/kaya/sparyser/matrices/c100.mtx_323 32 11011090 1.68043
Perman: [veni] running with 32 rows:
 [vidi] 10 1 /home/kaya/sparyser/matrices/c100.mtx_324 32 1944133 0.950556
Perman: [veni] running with 32 rows:
 [vidi] 10 1 /home/kaya/sparyser/matrices/c100.mtx_325 32 4443654 1.30422
Perman: [veni] running with 32 rows:
 [vidi] 10 1 /home/kaya/sparyser/matrices/c100.mtx_326 32 1673359 0.770134
Perman: [veni] running with 32 rows:
 [vidi] 10 1 /home/kaya/sparyser/matrices/c100.mtx_327 32 4731103 2.41731
Perman: [veni] running with 32 rows:
 [vidi] 10 1 /home/kaya/sparyser/matrices/c100.mtx_328 32 600808 0.5155
Perman: [veni] running with 32 rows:
 [vidi] 10 1 /home/kaya/sparyser/matrices/c100.mtx_329 32 1887224 2.66238
Perman: [veni] running with 32 rows:
 [vidi] 10 1 /home/kaya/sparyser/matrices/c100.mtx_330 32 1664640 1.16876
Perman: [veni] running with 32 rows:
 [vidi] 10 1 /home/kaya/sparyser/matrices/c100.mtx_331 32 2310860 0.80352
Perman: [veni] running with 32 rows:
 [vidi] 10 1 /home/kaya/sparyser/matrices/c100.mtx_332 32 4507436 1.87425
Perman: [veni] running with 32 rows:
 [vidi] 10 1 /home/kaya/sparyser/matrices/c100.mtx_333 32 5571876 0.954789
Perman: [veni] running with 32 rows:
 [vidi] 10 1 /home/kaya/sparyser/matrices/c100.mtx_334 32 1971842 2.59446
Perman: [veni] running with 32 rows:
 [vidi] 10 1 /home/kaya/sparyser/matrices/c100.mtx_335 32 2475094 0.56825
Perman: [veni] running with 32 rows:
 [vidi] 10 1 /home/kaya/sparyser/matrices/c100.mtx_336 32 2463990 1.02577
Perman: [veni] running with 32 rows:
 [vidi] 10 1 /home/kaya/sparyser/matrices/c100.mtx_337 32 854999 1.27161
Perman: [veni] running with 32 rows:
 [vidi] 10 1 /home/kaya/sparyser/matrices/c100.mtx_338 32 2561699 1.66842
Perman: [veni] running with 32 rows:
 [vidi] 10 1 /home/kaya/sparyser/matrices/c100.mtx_339 32 5981412 1.30658
Perman: [veni] running with 32 rows:
 [vidi] 10 1 /home/kaya/sparyser/matrices/c100.mtx_340 32 2142470 0.743691
Perman: [veni] running with 32 rows:
 [vidi] 10 1 /home/kaya/sparyser/matrices/c100.mtx_341 32 5674598 2.09546
Perman: [veni] running with 32 rows:
 [vidi] 10 1 /home/kaya/sparyser/matrices/c100.mtx_342 32 2665943 1.35439
Perman: [veni] running with 32 rows:
 [vidi] 10 1 /home/kaya/sparyser/matrices/c100.mtx_343 32 1046345 0.669209
Perman: [veni] running with 32 rows:
 [vidi] 10 1 /home/kaya/sparyser/matrices/c100.mtx_344 32 2664074 1.77208
Perman: [veni] running with 32 rows:
 [vidi] 10 1 /home/kaya/sparyser/matrices/c100.mtx_345 32 2409808 2.71149
Perman: [veni] running with 32 rows:
 [vidi] 10 1 /home/kaya/sparyser/matrices/c100.mtx_346 32 3153458 2.59198
Perman: [veni] running with 32 rows:
 [vidi] 10 1 /home/kaya/sparyser/matrices/c100.mtx_347 32 1964280 3.13396
Perman: [veni] running with 32 rows:
 [vidi] 10 1 /home/kaya/sparyser/matrices/c100.mtx_348 32 2105636 2.74404
Perman: [veni] running with 32 rows:
 [vidi] 10 1 /home/kaya/sparyser/matrices/c100.mtx_349 32 667120 1.80678
Perman: [veni] running with 32 rows:
 [vidi] 10 1 /home/kaya/sparyser/matrices/c100.mtx_350 32 2249410 1.11868
Perman: [veni] running with 32 rows:
 [vidi] 10 1 /home/kaya/sparyser/matrices/c100.mtx_351 32 904940 1.84558
Perman: [veni] running with 32 rows:
 [vidi] 10 1 /home/kaya/sparyser/matrices/c100.mtx_352 32 75176633 4.40216
Perman: [veni] running with 32 rows:
 [vidi] 10 1 /home/kaya/sparyser/matrices/c100.mtx_353 32 53241540 4.6183
Perman: [veni] running with 32 rows:
 [vidi] 10 1 /home/kaya/sparyser/matrices/c100.mtx_354 32 73404338 4.44582
Perman: [veni] running with 32 rows:
 [vidi] 10 1 /home/kaya/sparyser/matrices/c100.mtx_355 32 21246996 2.17428
Perman: [veni] running with 32 rows:
 [vidi] 10 1 /home/kaya/sparyser/matrices/c100.mtx_356 32 16778126 6.41635
Perman: [veni] running with 32 rows:
 [vidi] 10 1 /home/kaya/sparyser/matrices/c100.mtx_357 32 59607071 7.29539
Perman: [veni] running with 32 rows:
 [vidi] 10 1 /home/kaya/sparyser/matrices/c100.mtx_358 32 7005812 3.98197
Perman: [veni] running with 32 rows:
 [vidi] 10 1 /home/kaya/sparyser/matrices/c100.mtx_359 32 5340768 3.15562
Perman: [veni] running with 32 rows:
 [vidi] 10 1 /home/kaya/sparyser/matrices/c100.mtx_360 32 5703902 5.43856
Perman: [veni] running with 32 rows:
 [vidi] 10 1 /home/kaya/sparyser/matrices/c100.mtx_361 32 17486796 4.01282
Perman: [veni] running with 32 rows:
 [vidi] 10 1 /home/kaya/sparyser/matrices/c100.mtx_362 32 5390928 5.32654
Perman: [veni] running with 32 rows:
 [vidi] 10 1 /home/kaya/sparyser/matrices/c100.mtx_363 32 16566654 2.84724
Perman: [veni] running with 32 rows:
 [vidi] 10 1 /home/kaya/sparyser/matrices/c100.mtx_364 32 9404616 2.16856
Perman: [veni] running with 32 rows:
 [vidi] 10 1 /home/kaya/sparyser/matrices/c100.mtx_365 32 4711182 2.38295
Perman: [veni] running with 32 rows:
 [vidi] 10 1 /home/kaya/sparyser/matrices/c100.mtx_366 32 12667185 2.46136
Perman: [veni] running with 32 rows:
 [vidi] 10 1 /home/kaya/sparyser/matrices/c100.mtx_367 32 3747213 3.45653
Perman: [veni] running with 32 rows:
 [vidi] 10 1 /home/kaya/sparyser/matrices/c100.mtx_368 32 9561639 2.972
Perman: [veni] running with 32 rows:
 [vidi] 10 1 /home/kaya/sparyser/matrices/c100.mtx_369 32 5502051 2.43634
Perman: [veni] running with 32 rows:
 [vidi] 10 1 /home/kaya/sparyser/matrices/c100.mtx_370 32 10312218 1.6327
Perman: [veni] running with 32 rows:
 [vidi] 10 1 /home/kaya/sparyser/matrices/c100.mtx_371 32 2215458 3.83043
Perman: [veni] running with 32 rows:
 [vidi] 10 1 /home/kaya/sparyser/matrices/c100.mtx_372 32 5375328 2.55393
Perman: [veni] running with 32 rows:
 [vidi] 10 1 /home/kaya/sparyser/matrices/c100.mtx_373 32 3542484 0.717799
Perman: [veni] running with 32 rows:
 [vidi] 10 1 /home/kaya/sparyser/matrices/c100.mtx_374 32 15051048 1.9164
Perman: [veni] running with 32 rows:
 [vidi] 10 1 /home/kaya/sparyser/matrices/c100.mtx_375 32 2885508 2.77709
Perman: [veni] running with 32 rows:
 [vidi] 10 1 /home/kaya/sparyser/matrices/c100.mtx_376 32 8351315 4.81318
Perman: [veni] running with 32 rows:
 [vidi] 10 1 /home/kaya/sparyser/matrices/c100.mtx_377 32 2709132 2.46929
Perman: [veni] running with 32 rows:
 [vidi] 10 1 /home/kaya/sparyser/matrices/c100.mtx_378 32 1132236 3.74641
Perman: [veni] running with 32 rows:
 [vidi] 10 1 /home/kaya/sparyser/matrices/c100.mtx_379 32 55576770 2.01623
Perman: [veni] running with 32 rows:
 [vidi] 10 1 /home/kaya/sparyser/matrices/c100.mtx_380 32 37586655 1.13331
Perman: [veni] running with 32 rows:
 [vidi] 10 1 /home/kaya/sparyser/matrices/c100.mtx_381 32 23266362 3.9168
Perman: [veni] running with 32 rows:
 [vidi] 10 1 /home/kaya/sparyser/matrices/c100.mtx_382 32 11280237 4.86575
Perman: [veni] running with 32 rows:
 [vidi] 10 1 /home/kaya/sparyser/matrices/c100.mtx_383 32 2816829 2.26158
Perman: [veni] running with 32 rows:
 [vidi] 10 1 /home/kaya/sparyser/matrices/c100.mtx_384 32 2011986 2.95039
Perman: [veni] running with 32 rows:
 [vidi] 10 1 /home/kaya/sparyser/matrices/c100.mtx_385 32 8740694 2.90274
Perman: [veni] running with 32 rows:
 [vidi] 10 1 /home/kaya/sparyser/matrices/c100.mtx_386 32 2083074 3.05794
Perman: [veni] running with 32 rows:
 [vidi] 10 1 /home/kaya/sparyser/matrices/c100.mtx_387 32 11889375 1.24955
Perman: [veni] running with 32 rows:
 [vidi] 10 1 /home/kaya/sparyser/matrices/c100.mtx_388 32 8044611 2.77133
Perman: [veni] running with 32 rows:
 [vidi] 10 1 /home/kaya/sparyser/matrices/c100.mtx_389 32 5988387 2.6753
Perman: [veni] running with 32 rows:
 [vidi] 10 1 /home/kaya/sparyser/matrices/c100.mtx_390 32 7265202 1.48585
Perman: [veni] running with 32 rows:
 [vidi] 10 1 /home/kaya/sparyser/matrices/c100.mtx_391 32 1049841 0.640819
Perman: [veni] running with 32 rows:
 [vidi] 10 1 /home/kaya/sparyser/matrices/c100.mtx_392 32 3935244 1.0384
Perman: [veni] running with 32 rows:
 [vidi] 10 1 /home/kaya/sparyser/matrices/c100.mtx_393 32 6854304 0.375986
Perman: [veni] running with 32 rows:
 [vidi] 10 1 /home/kaya/sparyser/matrices/c100.mtx_394 32 1319160 1.93433
Perman: [veni] running with 32 rows:
 [vidi] 10 1 /home/kaya/sparyser/matrices/c100.mtx_395 32 4778436 0.64693
Perman: [veni] running with 32 rows:
 [vidi] 10 1 /home/kaya/sparyser/matrices/c100.mtx_396 32 496188 0.94801
Perman: [veni] running with 32 rows:
 [vidi] 10 1 /home/kaya/sparyser/matrices/c100.mtx_397 32 67576593 3.09313
Perman: [veni] running with 32 rows:
 [vidi] 10 1 /home/kaya/sparyser/matrices/c100.mtx_398 32 51403115 1.44061
Perman: [veni] running with 32 rows:
 [vidi] 10 1 /home/kaya/sparyser/matrices/c100.mtx_399 32 39808590 1.31599
Perman: [veni] running with 32 rows:
 [vidi] 10 1 /home/kaya/sparyser/matrices/c100.mtx_400 32 6470262 3.51685
Perman: [veni] running with 32 rows:
 [vidi] 10 1 /home/kaya/sparyser/matrices/c100.mtx_401 32 12490413 2.07691
Perman: [veni] running with 32 rows:
 [vidi] 10 1 /home/kaya/sparyser/matrices/c100.mtx_402 32 2896740 1.5275
Perman: [veni] running with 32 rows:
 [vidi] 10 1 /home/kaya/sparyser/matrices/c100.mtx_403 32 12775626 1.70519
Perman: [veni] running with 32 rows:
 [vidi] 10 1 /home/kaya/sparyser/matrices/c100.mtx_404 32 8652402 2.11864
Perman: [veni] running with 32 rows:
 [vidi] 10 1 /home/kaya/sparyser/matrices/c100.mtx_405 32 6315834 2.43722
Perman: [veni] running with 32 rows:
 [vidi] 10 1 /home/kaya/sparyser/matrices/c100.mtx_406 32 8679495 2.3267
Perman: [veni] running with 32 rows:
 [vidi] 10 1 /home/kaya/sparyser/matrices/c100.mtx_407 32 11865372 1.49518
Perman: [veni] running with 32 rows:
 [vidi] 10 1 /home/kaya/sparyser/matrices/c100.mtx_408 32 1348476 1.05986
Perman: [veni] running with 32 rows:
 [vidi] 10 1 /home/kaya/sparyser/matrices/c100.mtx_409 32 5522052 2.33009
Perman: [veni] running with 32 rows:
 [vidi] 10 1 /home/kaya/sparyser/matrices/c100.mtx_410 32 530964 0.821349
Perman: [veni] running with 32 rows:
 [vidi] 10 1 /home/kaya/sparyser/matrices/c100.mtx_411 32 52689989 2.61717
Perman: [veni] running with 32 rows:
 [vidi] 10 1 /home/kaya/sparyser/matrices/c100.mtx_412 32 18933714 1.67566
Perman: [veni] running with 32 rows:
 [vidi] 10 1 /home/kaya/sparyser/matrices/c100.mtx_413 32 2779221 1.4111
Perman: [veni] running with 32 rows:
 [vidi] 10 1 /home/kaya/sparyser/matrices/c100.mtx_414 32 6605409 0.653355
Perman: [veni] running with 32 rows:
 [vidi] 10 1 /home/kaya/sparyser/matrices/c100.mtx_415 32 6242175 0.825923
Perman: [veni] running with 32 rows:
 [vidi] 10 1 /home/kaya/sparyser/matrices/c100.mtx_416 32 7339311 1.39217
Perman: [veni] running with 32 rows:
 [vidi] 10 1 /home/kaya/sparyser/matrices/c100.mtx_417 32 4356039 0.835615
Perman: [veni] running with 32 rows:
 [vidi] 10 1 /home/kaya/sparyser/matrices/c100.mtx_418 32 6316212 1.49047
Perman: [veni] running with 32 rows:
 [vidi] 10 1 /home/kaya/sparyser/matrices/c100.mtx_419 32 2802984 1.24895
Perman: [veni] running with 32 rows:
 [vidi] 10 1 /home/kaya/sparyser/matrices/c100.mtx_420 32 187885023 4.48755
Perman: [veni] running with 32 rows:
 [vidi] 10 1 /home/kaya/sparyser/matrices/c100.mtx_421 32 9174594 3.62372
Perman: [veni] running with 32 rows:
 [vidi] 10 1 /home/kaya/sparyser/matrices/c100.mtx_422 32 13509152 1.80295
Perman: [veni] running with 32 rows:
 [vidi] 10 1 /home/kaya/sparyser/matrices/c100.mtx_423 32 16126416 5.33223
Perman: [veni] running with 32 rows:
 [vidi] 10 1 /home/kaya/sparyser/matrices/c100.mtx_424 32 22300882 6.25513
Perman: [veni] running with 32 rows:
 [vidi] 10 1 /home/kaya/sparyser/matrices/c100.mtx_425 32 40060548 4.76057
Perman: [veni] running with 32 rows:
 [vidi] 10 1 /home/kaya/sparyser/matrices/c100.mtx_426 32 50314872 3.17264
Perman: [veni] running with 32 rows:
 [vidi] 10 1 /home/kaya/sparyser/matrices/c100.mtx_427 32 14465848 5.46239
Perman: [veni] running with 32 rows:
 [vidi] 10 1 /home/kaya/sparyser/matrices/c100.mtx_428 32 6399395 3.68629
Perman: [veni] running with 32 rows:
 [vidi] 10 1 /home/kaya/sparyser/matrices/c100.mtx_429 32 6458745 2.14831
Perman: [veni] running with 32 rows:
 [vidi] 10 1 /home/kaya/sparyser/matrices/c100.mtx_430 32 4197908 3.42892
Perman: [veni] running with 32 rows:
 [vidi] 10 1 /home/kaya/sparyser/matrices/c100.mtx_431 32 2785654 3.45975
Perman: [veni] running with 32 rows:
 [vidi] 10 1 /home/kaya/sparyser/matrices/c100.mtx_432 32 2038558 4.32014
Perman: [veni] running with 32 rows:
 [vidi] 10 1 /home/kaya/sparyser/matrices/c100.mtx_433 32 272484 3.29103
Perman: [veni] running with 32 rows:
 [vidi] 10 1 /home/kaya/sparyser/matrices/c100.mtx_434 32 7568333 4.16435
Perman: [veni] running with 32 rows:
 [vidi] 10 1 /home/kaya/sparyser/matrices/c100.mtx_435 32 1140348 2.97903
Perman: [veni] running with 32 rows:
 [vidi] 10 1 /home/kaya/sparyser/matrices/c100.mtx_436 32 26562042 5.7788
Perman: [veni] running with 32 rows:
 [vidi] 10 1 /home/kaya/sparyser/matrices/c100.mtx_437 32 18574984 4.90671
Perman: [veni] running with 32 rows:
 [vidi] 10 1 /home/kaya/sparyser/matrices/c100.mtx_438 32 8781927 7.40266
Perman: [veni] running with 32 rows:
 [vidi] 10 1 /home/kaya/sparyser/matrices/c100.mtx_439 32 3022636 1.75932
Perman: [veni] running with 32 rows:
 [vidi] 10 1 /home/kaya/sparyser/matrices/c100.mtx_440 32 2036568 2.4102
Perman: [veni] running with 32 rows:
 [vidi] 10 1 /home/kaya/sparyser/matrices/c100.mtx_441 32 1055770 2.66004
Perman: [veni] running with 32 rows:
 [vidi] 10 1 /home/kaya/sparyser/matrices/c100.mtx_442 32 5932225 4.54708
Perman: [veni] running with 32 rows:
 [vidi] 10 1 /home/kaya/sparyser/matrices/c100.mtx_443 32 3786856 4.19855
Perman: [veni] running with 32 rows:
 [vidi] 10 1 /home/kaya/sparyser/matrices/c100.mtx_444 32 8659106 2.21201
Perman: [veni] running with 32 rows:
 [vidi] 10 1 /home/kaya/sparyser/matrices/c100.mtx_445 32 3584644 4.44558
Perman: [veni] running with 32 rows:
 [vidi] 10 1 /home/kaya/sparyser/matrices/c100.mtx_446 32 17988876 6.44938
Perman: [veni] running with 32 rows:
 [vidi] 10 1 /home/kaya/sparyser/matrices/c100.mtx_447 32 9878544 1.9706
Perman: [veni] running with 32 rows:
 [vidi] 10 1 /home/kaya/sparyser/matrices/c100.mtx_448 32 9029758 6.22504
Perman: [veni] running with 32 rows:
 [vidi] 10 1 /home/kaya/sparyser/matrices/c100.mtx_449 32 12175428 6.33004
Perman: [veni] running with 32 rows:
 [vidi] 10 1 /home/kaya/sparyser/matrices/c100.mtx_450 32 7080214 2.1728
Perman: [veni] running with 32 rows:
 [vidi] 10 1 /home/kaya/sparyser/matrices/c100.mtx_451 32 6426974 6.46166
Perman: [veni] running with 32 rows:
 [vidi] 10 1 /home/kaya/sparyser/matrices/c100.mtx_452 32 6476604 7.21116
Perman: [veni] running with 32 rows:
 [vidi] 10 1 /home/kaya/sparyser/matrices/c100.mtx_453 32 4572606 7.4474
Perman: [veni] running with 32 rows:
 [vidi] 10 1 /home/kaya/sparyser/matrices/c100.mtx_454 32 10549644 6.27387
Perman: [veni] running with 32 rows:
 [vidi] 10 1 /home/kaya/sparyser/matrices/c100.mtx_455 32 6164182 2.08833
Perman: [veni] running with 32 rows:
 [vidi] 10 1 /home/kaya/sparyser/matrices/c100.mtx_456 32 5420749 6.32105
Perman: [veni] running with 32 rows:
 [vidi] 10 1 /home/kaya/sparyser/matrices/c100.mtx_457 32 25456652 2.84204
Perman: [veni] running with 32 rows:
 [vidi] 10 1 /home/kaya/sparyser/matrices/c100.mtx_458 32 10500262 1.98384
Perman: [veni] running with 32 rows:
 [vidi] 10 1 /home/kaya/sparyser/matrices/c100.mtx_459 32 18490644 4.28869
Perman: [veni] running with 32 rows:
 [vidi] 10 1 /home/kaya/sparyser/matrices/c100.mtx_460 32 9284232 2.63025
Perman: [veni] running with 32 rows:
 [vidi] 10 1 /home/kaya/sparyser/matrices/c100.mtx_461 32 3827496 7.53292
Perman: [veni] running with 32 rows:
 [vidi] 10 1 /home/kaya/sparyser/matrices/c100.mtx_462 32 10845012 6.81936
Perman: [veni] running with 32 rows:
 [vidi] 10 1 /home/kaya/sparyser/matrices/c100.mtx_463 32 11511762 4.66067
Perman: [veni] running with 32 rows:
 [vidi] 10 1 /home/kaya/sparyser/matrices/c100.mtx_464 32 6340338 3.31647
Perman: [veni] running with 32 rows:
 [vidi] 10 1 /home/kaya/sparyser/matrices/c100.mtx_465 32 7578702 6.09702
Perman: [veni] running with 32 rows:
 [vidi] 10 1 /home/kaya/sparyser/matrices/c100.mtx_466 32 7260292 4.67091
Perman: [veni] running with 32 rows:
 [vidi] 10 1 /home/kaya/sparyser/matrices/c100.mtx_467 32 4280010 3.32178
Perman: [veni] running with 32 rows:
 [vidi] 10 1 /home/kaya/sparyser/matrices/c100.mtx_468 32 5237767 6.0999
Perman: [veni] running with 32 rows:
 [vidi] 10 1 /home/kaya/sparyser/matrices/c100.mtx_469 32 4927492 4.51525
Perman: [veni] running with 32 rows:
 [vidi] 10 1 /home/kaya/sparyser/matrices/c100.mtx_470 32 3322586 4.5165
Perman: [veni] running with 32 rows:
 [vidi] 10 1 /home/kaya/sparyser/matrices/c100.mtx_471 32 22366775 6.61212
Perman: [veni] running with 32 rows:
 [vidi] 10 1 /home/kaya/sparyser/matrices/c100.mtx_472 32 14680974 3.44787
Perman: [veni] running with 32 rows:
 [vidi] 10 1 /home/kaya/sparyser/matrices/c100.mtx_473 32 7428369 7.79965
Perman: [veni] running with 32 rows:
 [vidi] 10 1 /home/kaya/sparyser/matrices/c100.mtx_474 32 3800493 1.9723
Perman: [veni] running with 32 rows:
 [vidi] 10 1 /home/kaya/sparyser/matrices/c100.mtx_475 32 1053848 2.18249
Perman: [veni] running with 32 rows:
 [vidi] 10 1 /home/kaya/sparyser/matrices/c100.mtx_476 32 8548916 2.88894
Perman: [veni] running with 32 rows:
 [vidi] 10 1 /home/kaya/sparyser/matrices/c100.mtx_477 32 944162 4.31964
Perman: [veni] running with 32 rows:
 [vidi] 10 1 /home/kaya/sparyser/matrices/c100.mtx_478 32 2712284 4.23856
Perman: [veni] running with 32 rows:
 [vidi] 10 1 /home/kaya/sparyser/matrices/c100.mtx_479 32 2755991 4.0977
Perman: [veni] running with 32 rows:
 [vidi] 10 1 /home/kaya/sparyser/matrices/c100.mtx_480 32 4907999 4.83318
Perman: [veni] running with 32 rows:
 [vidi] 10 1 /home/kaya/sparyser/matrices/c100.mtx_481 32 1518206 5.36244
Perman: [veni] running with 32 rows:
 [vidi] 10 1 /home/kaya/sparyser/matrices/c100.mtx_482 32 887374 3.61135
Perman: [veni] running with 32 rows:
 [vidi] 10 1 /home/kaya/sparyser/matrices/c100.mtx_483 32 2280177 7.58697
Perman: [veni] running with 32 rows:
 [vidi] 10 1 /home/kaya/sparyser/matrices/c100.mtx_484 32 2016060 2.98033
Perman: [veni] running with 32 rows:
 [vidi] 10 1 /home/kaya/sparyser/matrices/c100.mtx_485 32 12082444 5.30643
Perman: [veni] running with 32 rows:
 [vidi] 10 1 /home/kaya/sparyser/matrices/c100.mtx_486 32 3043224 2.26441
Perman: [veni] running with 32 rows:
 [vidi] 10 1 /home/kaya/sparyser/matrices/c100.mtx_487 32 8465080 3.69386
Perman: [veni] running with 32 rows:
 [vidi] 10 1 /home/kaya/sparyser/matrices/c100.mtx_488 32 8284352 2.97592
Perman: [veni] running with 32 rows:
 [vidi] 10 1 /home/kaya/sparyser/matrices/c100.mtx_489 32 2188241 6.25139
Perman: [veni] running with 32 rows:
 [vidi] 10 1 /home/kaya/sparyser/matrices/c100.mtx_490 32 2011931 5.24568
Perman: [veni] running with 32 rows:
 [vidi] 10 1 /home/kaya/sparyser/matrices/c100.mtx_491 32 1636900 2.80863
Perman: [veni] running with 32 rows:
 [vidi] 10 1 /home/kaya/sparyser/matrices/c100.mtx_492 32 892964 1.51664
Perman: [veni] running with 32 rows:
 [vidi] 10 1 /home/kaya/sparyser/matrices/c100.mtx_493 32 15777432 3.54618
Perman: [veni] running with 32 rows:
 [vidi] 10 1 /home/kaya/sparyser/matrices/c100.mtx_494 32 2500362 4.58566
Perman: [veni] running with 32 rows:
 [vidi] 10 1 /home/kaya/sparyser/matrices/c100.mtx_495 32 2507107 4.42781
Perman: [veni] running with 32 rows:
 [vidi] 10 1 /home/kaya/sparyser/matrices/c100.mtx_496 32 2796482 2.48593
Perman: [veni] running with 32 rows:
 [vidi] 10 1 /home/kaya/sparyser/matrices/c100.mtx_497 32 1358972 1.27289
Perman: [veni] running with 32 rows:
 [vidi] 10 1 /home/kaya/sparyser/matrices/c100.mtx_498 32 2524958 3.68231
Perman: [veni] running with 32 rows:
 [vidi] 10 1 /home/kaya/sparyser/matrices/c100.mtx_499 32 2504591 8.85345
Perman: [veni] running with 32 rows:
 [vidi] 10 1 /home/kaya/sparyser/matrices/c100.mtx_500 32 2179993 6.44691
Perman: [veni] running with 32 rows:
 [vidi] 10 1 /home/kaya/sparyser/matrices/c100.mtx_501 32 3828795 7.69264
Perman: [veni] running with 32 rows:
 [vidi] 10 1 /home/kaya/sparyser/matrices/c100.mtx_502 32 2285831 4.49078
Perman: [veni] running with 32 rows:
 [vidi] 10 1 /home/kaya/sparyser/matrices/c100.mtx_503 32 2884244 5.56159
Perman: [veni] running with 32 rows:
 [vidi] 10 1 /home/kaya/sparyser/matrices/c100.mtx_504 32 1700343 9.33205
Perman: [veni] running with 32 rows:
 [vidi] 10 1 /home/kaya/sparyser/matrices/c100.mtx_505 32 1639880 9.69398
Perman: [veni] running with 32 rows:
 [vidi] 10 1 /home/kaya/sparyser/matrices/c100.mtx_506 32 20263082 3.12517
Perman: [veni] running with 32 rows:
 [vidi] 10 1 /home/kaya/sparyser/matrices/c100.mtx_507 32 12763236 0.961573
Perman: [veni] running with 32 rows:
 [vidi] 10 1 /home/kaya/sparyser/matrices/c100.mtx_508 32 16880184 0.908731
Perman: [veni] running with 32 rows:
 [vidi] 10 1 /home/kaya/sparyser/matrices/c100.mtx_509 32 11428400 1.85868
Perman: [veni] running with 32 rows:
 [vidi] 10 1 /home/kaya/sparyser/matrices/c100.mtx_510 32 7925814 1.85533
Perman: [veni] running with 32 rows:
 [vidi] 10 1 /home/kaya/sparyser/matrices/c100.mtx_511 32 3750770 1.87011
Perman: [veni] running with 32 rows:
 [vidi] 10 1 /home/kaya/sparyser/matrices/c100.mtx_512 32 6453174 2.00877
Perman: [veni] running with 32 rows:
 [vidi] 10 1 /home/kaya/sparyser/matrices/c100.mtx_513 32 10054056 1.71819
Perman: [veni] running with 32 rows:
 [vidi] 10 1 /home/kaya/sparyser/matrices/c100.mtx_514 32 8122612 1.44091
Perman: [veni] running with 32 rows:
 [vidi] 10 1 /home/kaya/sparyser/matrices/c100.mtx_515 32 4783740 2.89085
Perman: [veni] running with 32 rows:
 [vidi] 10 1 /home/kaya/sparyser/matrices/c100.mtx_516 32 7874682 1.25551
Perman: [veni] running with 32 rows:
 [vidi] 10 1 /home/kaya/sparyser/matrices/c100.mtx_517 32 5200123 1.25836
Perman: [veni] running with 32 rows:
 [vidi] 10 1 /home/kaya/sparyser/matrices/c100.mtx_518 32 2744310 1.55934
Perman: [veni] running with 32 rows:
 [vidi] 10 1 /home/kaya/sparyser/matrices/c100.mtx_519 32 12936742 1.38894
Perman: [veni] running with 32 rows:
 [vidi] 10 1 /home/kaya/sparyser/matrices/c100.mtx_520 32 1470330 1.18641
Perman: [veni] running with 32 rows:
 [vidi] 10 1 /home/kaya/sparyser/matrices/c100.mtx_521 32 3056622 1.91761
Perman: [veni] running with 32 rows:
 [vidi] 10 1 /home/kaya/sparyser/matrices/c100.mtx_522 32 25766961 3.04047
Perman: [veni] running with 32 rows:
 [vidi] 10 1 /home/kaya/sparyser/matrices/c100.mtx_523 32 12615548 2.63937
Perman: [veni] running with 32 rows:
 [vidi] 10 1 /home/kaya/sparyser/matrices/c100.mtx_524 32 32823716 1.02647
Perman: [veni] running with 32 rows:
 [vidi] 10 1 /home/kaya/sparyser/matrices/c100.mtx_525 32 17950426 2.52335
Perman: [veni] running with 32 rows:
 [vidi] 10 1 /home/kaya/sparyser/matrices/c100.mtx_526 32 9170816 3.23591
Perman: [veni] running with 32 rows:
 [vidi] 10 1 /home/kaya/sparyser/matrices/c100.mtx_527 32 22489664 2.20231
Perman: [veni] running with 32 rows:
 [vidi] 10 1 /home/kaya/sparyser/matrices/c100.mtx_528 32 10360978 3.72409
Perman: [veni] running with 32 rows:
 [vidi] 10 1 /home/kaya/sparyser/matrices/c100.mtx_529 32 1571658 1.273
Perman: [veni] running with 32 rows:
 [vidi] 10 1 /home/kaya/sparyser/matrices/c100.mtx_530 32 7378147 3.72653
Perman: [veni] running with 32 rows:
 [vidi] 10 1 /home/kaya/sparyser/matrices/c100.mtx_531 32 981636 1.46799
Perman: [veni] running with 32 rows:
 [vidi] 10 1 /home/kaya/sparyser/matrices/c100.mtx_532 32 8670253 1.73968
Perman: [veni] running with 32 rows:
 [vidi] 10 1 /home/kaya/sparyser/matrices/c100.mtx_533 32 18784062 1.50411
Perman: [veni] running with 32 rows:
 [vidi] 10 1 /home/kaya/sparyser/matrices/c100.mtx_534 32 8053566 3.21847
Perman: [veni] running with 32 rows:
 [vidi] 10 1 /home/kaya/sparyser/matrices/c100.mtx_535 32 17590892 1.51408
Perman: [veni] running with 32 rows:
 [vidi] 10 1 /home/kaya/sparyser/matrices/c100.mtx_536 32 22842230 3.65659
Perman: [veni] running with 32 rows:
 [vidi] 10 1 /home/kaya/sparyser/matrices/c100.mtx_537 32 5545600 1.61381
Perman: [veni] running with 32 rows:
 [vidi] 10 1 /home/kaya/sparyser/matrices/c100.mtx_538 32 4638608 7.18811
Perman: [veni] running with 32 rows:
 [vidi] 10 1 /home/kaya/sparyser/matrices/c100.mtx_539 32 8313240 3.85368
Perman: [veni] running with 32 rows:
 [vidi] 10 1 /home/kaya/sparyser/matrices/c100.mtx_540 32 556984 1.23778
Perman: [veni] running with 32 rows:
 [vidi] 10 1 /home/kaya/sparyser/matrices/c100.mtx_541 32 12830316 3.72375
Perman: [veni] running with 32 rows:
 [vidi] 10 1 /home/kaya/sparyser/matrices/c100.mtx_542 32 1541172 1.8594
Perman: [veni] running with 32 rows:
 [vidi] 10 1 /home/kaya/sparyser/matrices/c100.mtx_543 32 9205447 3.7263
Perman: [veni] running with 32 rows:
 [vidi] 10 1 /home/kaya/sparyser/matrices/c100.mtx_544 32 958708 2.02207
Perman: [veni] running with 32 rows:
 [vidi] 10 1 /home/kaya/sparyser/matrices/c100.mtx_545 32 2718005 3.81898
Perman: [veni] running with 32 rows:
 [vidi] 10 1 /home/kaya/sparyser/matrices/c100.mtx_546 32 1801930 1.56066
Perman: [veni] running with 32 rows:
 [vidi] 10 1 /home/kaya/sparyser/matrices/c100.mtx_547 32 5598469 4.13885
Perman: [veni] running with 32 rows:
 [vidi] 10 1 /home/kaya/sparyser/matrices/c100.mtx_548 32 10684120 3.87275
Perman: [veni] running with 32 rows:
 [vidi] 10 1 /home/kaya/sparyser/matrices/c100.mtx_549 32 559936 1.21947
Perman: [veni] running with 32 rows:
 [vidi] 10 1 /home/kaya/sparyser/matrices/c100.mtx_550 32 3025120 5.50379
Perman: [veni] running with 32 rows:
 [vidi] 10 1 /home/kaya/sparyser/matrices/c100.mtx_551 32 9827069 3.43961
Perman: [veni] running with 32 rows:
 [vidi] 10 1 /home/kaya/sparyser/matrices/c100.mtx_552 32 12944120 4.23529
Perman: [veni] running with 32 rows:
 [vidi] 10 1 /home/kaya/sparyser/matrices/c100.mtx_553 32 4219930 3.72145
Perman: [veni] running with 32 rows:
 [vidi] 10 1 /home/kaya/sparyser/matrices/c100.mtx_554 32 11204220 0.806447
Perman: [veni] running with 32 rows:
 [vidi] 10 1 /home/kaya/sparyser/matrices/c100.mtx_555 32 13840800 2.53175
Perman: [veni] running with 32 rows:
 [vidi] 10 1 /home/kaya/sparyser/matrices/c100.mtx_556 32 7394650 2.82497
Perman: [veni] running with 32 rows:
 [vidi] 10 1 /home/kaya/sparyser/matrices/c100.mtx_557 32 1848390 1.0807
Perman: [veni] running with 32 rows:
 [vidi] 10 1 /home/kaya/sparyser/matrices/c100.mtx_558 32 24850960 2.54551
Perman: [veni] running with 32 rows:
 [vidi] 10 1 /home/kaya/sparyser/matrices/c100.mtx_559 32 6062470 4.48428
Perman: [veni] running with 32 rows:
 [vidi] 10 1 /home/kaya/sparyser/matrices/c100.mtx_560 32 7640276 4.47927
Perman: [veni] running with 32 rows:
 [vidi] 10 1 /home/kaya/sparyser/matrices/c100.mtx_561 32 8937424 5.83232
Perman: [veni] running with 32 rows:
 [vidi] 10 1 /home/kaya/sparyser/matrices/c100.mtx_562 32 6532384 4.09967
Perman: [veni] running with 32 rows:
 [vidi] 10 1 /home/kaya/sparyser/matrices/c100.mtx_563 32 7760680 1.52365
Perman: [veni] running with 32 rows:
 [vidi] 10 1 /home/kaya/sparyser/matrices/c100.mtx_564 32 5851170 2.14237
Perman: [veni] running with 32 rows:
 [vidi] 10 1 /home/kaya/sparyser/matrices/c100.mtx_565 32 132280 1.20812
Perman: [veni] running with 32 rows:
 [vidi] 10 1 /home/kaya/sparyser/matrices/c100.mtx_566 32 16081980 1.46292
Perman: [veni] running with 32 rows:
 [vidi] 10 1 /home/kaya/sparyser/matrices/c100.mtx_567 32 7553230 2.5594
Perman: [veni] running with 32 rows:
 [vidi] 10 1 /home/kaya/sparyser/matrices/c100.mtx_568 32 9729531 2.55849
Perman: [veni] running with 32 rows:
 [vidi] 10 1 /home/kaya/sparyser/matrices/c100.mtx_569 32 2895824 7.26051
Perman: [veni] running with 32 rows:
 [vidi] 10 1 /home/kaya/sparyser/matrices/c100.mtx_570 32 8618879 6.32873
Perman: [veni] running with 32 rows:
 [vidi] 10 1 /home/kaya/sparyser/matrices/c100.mtx_571 32 3024896 3.20808
Perman: [veni] running with 32 rows:
 [vidi] 10 1 /home/kaya/sparyser/matrices/c100.mtx_572 32 2204959 3.48289
Perman: [veni] running with 32 rows:
 [vidi] 10 1 /home/kaya/sparyser/matrices/c100.mtx_573 32 10386144 2.28683
Perman: [veni] running with 32 rows:
 [vidi] 10 1 /home/kaya/sparyser/matrices/c100.mtx_574 32 7273029 6.44196
Perman: [veni] running with 32 rows:
 [vidi] 10 1 /home/kaya/sparyser/matrices/c100.mtx_575 32 3548876 4.3701
Perman: [veni] running with 32 rows:
 [vidi] 10 1 /home/kaya/sparyser/matrices/c100.mtx_576 32 2223690 5.07381
Perman: [veni] running with 32 rows:
 [vidi] 10 1 /home/kaya/sparyser/matrices/c100.mtx_577 32 2397563 4.48301
Perman: [veni] running with 32 rows:
 [vidi] 10 1 /home/kaya/sparyser/matrices/c100.mtx_578 32 16012740 3.39551
Perman: [veni] running with 32 rows:
 [vidi] 10 1 /home/kaya/sparyser/matrices/c100.mtx_579 32 8218676 0.908802
Perman: [veni] running with 32 rows:
 [vidi] 10 1 /home/kaya/sparyser/matrices/c100.mtx_580 32 6898774 2.03108
Perman: [veni] running with 32 rows:
 [vidi] 10 1 /home/kaya/sparyser/matrices/c100.mtx_581 32 7705508 1.44031
Perman: [veni] running with 32 rows:
 [vidi] 10 1 /home/kaya/sparyser/matrices/c100.mtx_582 32 4162624 1.93376
Perman: [veni] running with 32 rows:
 [vidi] 10 1 /home/kaya/sparyser/matrices/c100.mtx_583 32 4643743 1.70866
Perman: [veni] running with 32 rows:
 [vidi] 10 1 /home/kaya/sparyser/matrices/c100.mtx_584 32 3295046 2.55194
Perman: [veni] running with 32 rows:
 [vidi] 10 1 /home/kaya/sparyser/matrices/c100.mtx_585 32 1564808 2.10887
Perman: [veni] running with 32 rows:
 [vidi] 10 1 /home/kaya/sparyser/matrices/c100.mtx_586 32 4608312 2.78794
Perman: [veni] running with 32 rows:
 [vidi] 10 1 /home/kaya/sparyser/matrices/c100.mtx_587 32 892416 0.86752
Perman: [veni] running with 32 rows:
 [vidi] 10 1 /home/kaya/sparyser/matrices/c100.mtx_588 32 7793439 5.51487
Perman: [veni] running with 32 rows:
 [vidi] 10 1 /home/kaya/sparyser/matrices/c100.mtx_589 32 5614824 2.12905
Perman: [veni] running with 32 rows:
