Number of rows/cols is 100
Number of nnz is    300
#d1 vertices: 0
#d2 vertices: 0
min degree: 3
************************************************************************
Algo is 2
Compress matrix 0
Apply Dulmage-Mendehlson 0
Sorting 3
Single run 0
************************************************************************
Perman: [veni] running with 32 rows:
1 of 21 in 1.91828 - percent 0.218068
2 of 21 in 3.84101 - percent 0.218726
3 of 21 in 5.76351 - percent 0.218892
4 of 21 in 7.69014 - percent 0.219304
5 of 21 in 9.61134 - percent 0.219218
6 of 21 in 11.5484 - percent 0.219955
7 of 21 in 13.4698 - percent 0.219829
8 of 21 in 15.3968 - percent 0.219918
9 of 21 in 17.3177 - percent 0.219819
10 of 21 in 19.2409 - percent 0.219797
11 of 21 in 21.1666 - percent 0.219843
12 of 21 in 23.0847 - percent 0.219713
13 of 21 in 25.0032 - percent 0.219588
14 of 21 in 26.9283 - percent 0.219604
15 of 21 in 28.8491 - percent 0.21955
16 of 21 in 30.7759 - percent 0.219611
17 of 21 in 32.7194 - percent 0.219954
18 of 21 in 34.6372 - percent 0.219849
19 of 21 in 36.5647 - percent 0.219891
20 of 21 in 38.49 - percent 0.219918
21 of 21 in 40.4078 - percent 0.21983
 [vidi] 2 3 /home/kaya/sparyser/matrices/c100.mtx_0 32 29785128 41.3134
Perman: [veni] running with 32 rows:
1 of 21 in 1.90661 - percent 0.218068
2 of 21 in 3.81694 - percent 0.218726
3 of 21 in 5.72808 - percent 0.218892
4 of 21 in 7.64335 - percent 0.219304
5 of 21 in 9.55318 - percent 0.219218
6 of 21 in 11.4783 - percent 0.219955
7 of 21 in 13.3885 - percent 0.219829
8 of 21 in 15.3038 - percent 0.219918
9 of 21 in 17.2138 - percent 0.219819
10 of 21 in 19.1252 - percent 0.219797
11 of 21 in 21.0356 - percent 0.219843
12 of 21 in 22.9396 - percent 0.219713
13 of 21 in 24.8415 - percent 0.219588
14 of 21 in 26.7497 - percent 0.219604
15 of 21 in 28.6548 - percent 0.21955
16 of 21 in 30.5663 - percent 0.219611
17 of 21 in 32.4945 - percent 0.219954
18 of 21 in 34.3977 - percent 0.219849
19 of 21 in 36.309 - percent 0.219891
20 of 21 in 38.2188 - percent 0.219918
21 of 21 in 40.1207 - percent 0.21983
 [vidi] 2 3 /home/kaya/sparyser/matrices/c100.mtx_1 32 39257134 41.0196
Perman: [veni] running with 32 rows:
1 of 21 in 2.27028 - percent 0.351437
2 of 21 in 4.54144 - percent 0.351554
3 of 21 in 6.81124 - percent 0.351514
4 of 21 in 9.08326 - percent 0.351571
5 of 21 in 11.3535 - percent 0.351538
6 of 21 in 13.625 - percent 0.351566
7 of 21 in 15.8957 - percent 0.351575
8 of 21 in 18.1661 - percent 0.351572
9 of 21 in 20.4368 - percent 0.35157
10 of 21 in 22.7069 - percent 0.351553
11 of 21 in 24.9777 - percent 0.351555
12 of 21 in 27.2487 - percent 0.351553
13 of 21 in 29.5198 - percent 0.351559
14 of 21 in 31.7924 - percent 0.35157
15 of 21 in 34.0649 - percent 0.351563
16 of 21 in 36.3381 - percent 0.351572
17 of 21 in 38.6107 - percent 0.351562
18 of 21 in 40.8836 - percent 0.35157
19 of 21 in 43.1557 - percent 0.351561
20 of 21 in 45.4286 - percent 0.351557
21 of 21 in 47.7011 - percent 0.351561
 [vidi] 2 3 /home/kaya/sparyser/matrices/c100.mtx_2 32 6606745 48.7799
Perman: [veni] running with 32 rows:
1 of 21 in 2.55862 - percent 0.34892
2 of 21 in 5.12532 - percent 0.349962
3 of 21 in 7.69189 - percent 0.35023
4 of 21 in 10.2643 - percent 0.350886
5 of 21 in 12.8271 - percent 0.350749
6 of 21 in 15.4186 - percent 0.351928
7 of 21 in 17.9859 - percent 0.351728
8 of 21 in 20.5618 - percent 0.351869
9 of 21 in 23.1274 - percent 0.35171
10 of 21 in 25.6962 - percent 0.351672
11 of 21 in 28.2707 - percent 0.35175
12 of 21 in 30.8334 - percent 0.351541
13 of 21 in 33.3933 - percent 0.351339
14 of 21 in 35.9643 - percent 0.351367
15 of 21 in 38.5282 - percent 0.351279
16 of 21 in 41.1021 - percent 0.351377
17 of 21 in 43.6983 - percent 0.351927
18 of 21 in 46.2564 - percent 0.35176
19 of 21 in 48.8292 - percent 0.351825
20 of 21 in 51.4024 - percent 0.351869
21 of 21 in 53.9616 - percent 0.351728
 [vidi] 2 3 /home/kaya/sparyser/matrices/c100.mtx_3 32 31815500 55.17
Perman: [veni] running with 32 rows:
1 of 21 in 1.80315 - percent 0.182753
2 of 21 in 3.61356 - percent 0.18368
3 of 21 in 5.41912 - percent 0.183467
4 of 21 in 7.22208 - percent 0.183344
5 of 21 in 9.01799 - percent 0.182945
6 of 21 in 10.8236 - percent 0.183136
7 of 21 in 12.6229 - percent 0.183058
8 of 21 in 14.4223 - percent 0.183009
9 of 21 in 16.2226 - percent 0.182983
10 of 21 in 18.0298 - percent 0.183214
11 of 21 in 19.8293 - percent 0.183172
12 of 21 in 21.6281 - percent 0.183132
13 of 21 in 23.4288 - percent 0.183138
14 of 21 in 25.2298 - percent 0.183131
15 of 21 in 27.0257 - percent 0.183043
16 of 21 in 28.8257 - percent 0.183017
17 of 21 in 30.6294 - percent 0.183077
18 of 21 in 32.4322 - percent 0.183125
19 of 21 in 34.2309 - percent 0.183103
20 of 21 in 36.0308 - percent 0.183086
21 of 21 in 37.8354 - percent 0.183131
 [vidi] 2 3 /home/kaya/sparyser/matrices/c100.mtx_4 32 4255631 38.6885
Perman: [veni] running with 32 rows:
1 of 21 in 1.60208 - percent 0.127725
2 of 21 in 3.20636 - percent 0.128
3 of 21 in 4.80706 - percent 0.127796
4 of 21 in 6.41131 - percent 0.12797
5 of 21 in 8.0106 - percent 0.127795
6 of 21 in 9.62319 - percent 0.128341
7 of 21 in 11.2274 - percent 0.128313
8 of 21 in 12.8328 - percent 0.128353
9 of 21 in 14.4333 - percent 0.128228
10 of 21 in 16.0349 - percent 0.128175
11 of 21 in 17.6383 - percent 0.128186
12 of 21 in 19.2405 - percent 0.128155
13 of 21 in 20.8412 - percent 0.128088
14 of 21 in 22.4439 - percent 0.128073
15 of 21 in 24.0466 - percent 0.12807
16 of 21 in 25.6516 - percent 0.128113
17 of 21 in 27.2678 - percent 0.128331
18 of 21 in 28.8672 - percent 0.128253
19 of 21 in 30.4727 - percent 0.128269
20 of 21 in 32.077 - percent 0.128276
21 of 21 in 33.6768 - percent 0.128216
 [vidi] 2 3 /home/kaya/sparyser/matrices/c100.mtx_5 32 4209238 34.4353
Perman: [veni] running with 32 rows:
1 of 21 in 1.34861 - percent 0.0516819
2 of 21 in 2.6949 - percent 0.0515315
3 of 21 in 3.99402 - percent 0.0475139
4 of 21 in 5.34154 - percent 0.0485242
5 of 21 in 6.66255 - percent 0.0478812
6 of 21 in 8.02709 - percent 0.049245
7 of 21 in 9.35559 - percent 0.0489538
8 of 21 in 10.6775 - percent 0.0485242
9 of 21 in 11.9963 - percent 0.0481078
10 of 21 in 13.3116 - percent 0.0477012
11 of 21 in 14.6911 - percent 0.0487976
12 of 21 in 16.0051 - percent 0.0483616
13 of 21 in 17.3622 - percent 0.0488055
14 of 21 in 18.6579 - percent 0.0481178
15 of 21 in 20.005 - percent 0.0483562
16 of 21 in 21.3297 - percent 0.0482194
17 of 21 in 22.6986 - percent 0.0487393
18 of 21 in 24.0381 - percent 0.0488041
19 of 21 in 25.3363 - percent 0.0483219
20 of 21 in 26.683 - percent 0.0484754
21 of 21 in 28.0043 - percent 0.048319
 [vidi] 2 3 /home/kaya/sparyser/matrices/c100.mtx_6 32 4024428 28.6485
Perman: [veni] running with 32 rows:
1 of 21 in 2.15614 - percent 0.307507
2 of 21 in 4.31311 - percent 0.307642
3 of 21 in 6.47007 - percent 0.307656
4 of 21 in 8.626 - percent 0.307609
5 of 21 in 10.7818 - percent 0.307597
6 of 21 in 12.9386 - percent 0.307621
7 of 21 in 15.0946 - percent 0.307608
8 of 21 in 17.2511 - percent 0.307626
9 of 21 in 19.4075 - percent 0.307624
10 of 21 in 21.5631 - percent 0.307609
11 of 21 in 23.7195 - percent 0.307611
12 of 21 in 25.8764 - percent 0.307625
13 of 21 in 28.0326 - percent 0.307619
14 of 21 in 30.1884 - percent 0.307609
15 of 21 in 32.3451 - percent 0.307618
16 of 21 in 34.5019 - percent 0.307626
17 of 21 in 36.6578 - percent 0.307617
18 of 21 in 38.8139 - percent 0.307609
19 of 21 in 40.9705 - percent 0.307616
20 of 21 in 43.1266 - percent 0.307613
21 of 21 in 45.2833 - percent 0.307619
 [vidi] 2 3 /home/kaya/sparyser/matrices/c100.mtx_7 32 1233350 46.3072
Perman: [veni] running with 32 rows:
1 of 21 in 2.25513 - percent 0.299368
2 of 21 in 4.40905 - percent 0.286261
3 of 21 in 6.69017 - percent 0.292951
4 of 21 in 8.9188 - percent 0.29284
5 of 21 in 11.0976 - percent 0.290222
6 of 21 in 13.3749 - percent 0.292727
7 of 21 in 15.6767 - percent 0.295448
8 of 21 in 17.8866 - percent 0.294477
9 of 21 in 20.0709 - percent 0.292951
10 of 21 in 22.3716 - percent 0.29481
11 of 21 in 24.5514 - percent 0.293432
12 of 21 in 26.7807 - percent 0.293386
13 of 21 in 29.0612 - percent 0.294353
14 of 21 in 31.2159 - percent 0.292842
15 of 21 in 33.4953 - percent 0.293711
16 of 21 in 35.7245 - percent 0.293658
17 of 21 in 37.9377 - percent 0.29337
18 of 21 in 40.1003 - percent 0.292363
19 of 21 in 42.4126 - percent 0.293527
20 of 21 in 44.6178 - percent 0.293168
21 of 21 in 46.8229 - percent 0.29284
 [vidi] 2 3 /home/kaya/sparyser/matrices/c100.mtx_8 32 1590164 47.8923
Perman: [veni] running with 32 rows:
1 of 21 in 1.81189 - percent 0.193505
2 of 21 in 3.57204 - percent 0.185262
3 of 21 in 5.468 - percent 0.196475
4 of 21 in 7.26343 - percent 0.194372
5 of 21 in 9.07173 - percent 0.193892
6 of 21 in 10.8418 - percent 0.19173
7 of 21 in 12.7455 - percent 0.195744
8 of 21 in 14.5121 - percent 0.193723
9 of 21 in 16.2731 - percent 0.191935
10 of 21 in 18.1727 - percent 0.194603
11 of 21 in 19.9269 - percent 0.192872
12 of 21 in 21.7941 - percent 0.194227
13 of 21 in 23.6061 - percent 0.194103
14 of 21 in 25.3461 - percent 0.192483
15 of 21 in 27.1914 - percent 0.193147
16 of 21 in 29.0246 - percent 0.193505
17 of 21 in 30.8224 - percent 0.193262
18 of 21 in 32.5938 - percent 0.192537
19 of 21 in 34.4753 - percent 0.193684
20 of 21 in 36.2895 - percent 0.193695
21 of 21 in 38.0892 - percent 0.193468
 [vidi] 2 3 /home/kaya/sparyser/matrices/c100.mtx_9 32 4846244 38.9497
Perman: [veni] running with 32 rows:
1 of 21 in 1.13503 - percent 0
2 of 21 in 2.26881 - percent 0
3 of 21 in 3.40621 - percent 0
4 of 21 in 4.54245 - percent 0
5 of 21 in 5.67555 - percent 0
6 of 21 in 6.81341 - percent 0
7 of 21 in 7.94554 - percent 0
8 of 21 in 9.08155 - percent 0
9 of 21 in 10.2183 - percent 0
10 of 21 in 11.3519 - percent 0
11 of 21 in 12.5803 - percent 0.00230713
12 of 21 in 14.0707 - percent 0.0102798
13 of 21 in 15.5531 - percent 0.0167963
14 of 21 in 17.0633 - percent 0.0228676
15 of 21 in 18.5438 - percent 0.0276659
16 of 21 in 20.0277 - percent 0.0319243
17 of 21 in 21.5055 - percent 0.0355669
18 of 21 in 22.9891 - percent 0.0389226
19 of 21 in 24.4944 - percent 0.0421722
20 of 21 in 25.9821 - percent 0.0448701
21 of 21 in 27.474 - percent 0.0474186
 [vidi] 2 3 /home/kaya/sparyser/matrices/c100.mtx_10 32 422746 28.1711
Perman: [veni] running with 32 rows:
1 of 21 in 2.0808 - percent 0.290757
2 of 21 in 4.16739 - percent 0.291635
3 of 21 in 6.25373 - percent 0.291856
4 of 21 in 8.34475 - percent 0.292406
5 of 21 in 10.429 - percent 0.292291
6 of 21 in 12.534 - percent 0.293274
7 of 21 in 14.6202 - percent 0.293105
8 of 21 in 16.7125 - percent 0.293224
9 of 21 in 18.798 - percent 0.293092
10 of 21 in 20.8862 - percent 0.293062
11 of 21 in 22.9769 - percent 0.293125
12 of 21 in 25.0589 - percent 0.292951
13 of 21 in 27.1401 - percent 0.292784
14 of 21 in 29.2299 - percent 0.292805
15 of 21 in 31.314 - percent 0.292733
16 of 21 in 33.4062 - percent 0.292815
17 of 21 in 35.5201 - percent 0.293272
18 of 21 in 37.6028 - percent 0.293132
19 of 21 in 39.6952 - percent 0.293187
20 of 21 in 41.7857 - percent 0.293223
21 of 21 in 43.8679 - percent 0.293107
 [vidi] 2 3 /home/kaya/sparyser/matrices/c100.mtx_11 32 15545562 44.8496
Perman: [veni] running with 32 rows:
1 of 21 in 2.15124 - percent 0.290757
2 of 21 in 4.30779 - percent 0.291635
3 of 21 in 6.46467 - percent 0.291856
4 of 21 in 8.62716 - percent 0.292406
5 of 21 in 10.7822 - percent 0.292291
6 of 21 in 12.9577 - percent 0.293274
7 of 21 in 15.1131 - percent 0.293105
8 of 21 in 17.2748 - percent 0.293224
9 of 21 in 19.4298 - percent 0.293092
10 of 21 in 21.5878 - percent 0.293062
11 of 21 in 23.7495 - percent 0.293125
12 of 21 in 25.9024 - percent 0.292951
13 of 21 in 28.0532 - percent 0.292784
14 of 21 in 30.2113 - percent 0.292805
15 of 21 in 32.3658 - percent 0.292733
16 of 21 in 34.5275 - percent 0.292815
17 of 21 in 36.7111 - percent 0.293272
18 of 21 in 38.8626 - percent 0.293132
19 of 21 in 41.0245 - percent 0.293187
20 of 21 in 43.1865 - percent 0.293223
21 of 21 in 45.3377 - percent 0.293107
 [vidi] 2 3 /home/kaya/sparyser/matrices/c100.mtx_12 32 10536296 46.3529
Perman: [veni] running with 32 rows:
1 of 21 in 3.68282 - percent 0.749732
2 of 21 in 7.36893 - percent 0.75006
3 of 21 in 11.0541 - percent 0.750089
4 of 21 in 14.7364 - percent 0.74998
5 of 21 in 18.4185 - percent 0.749947
6 of 21 in 22.1025 - percent 0.750007
7 of 21 in 25.7854 - percent 0.74998
8 of 21 in 29.4699 - percent 0.750021
9 of 21 in 33.1529 - percent 0.750017
10 of 21 in 36.8343 - percent 0.74998
11 of 21 in 40.5188 - percent 0.749985
12 of 21 in 44.2031 - percent 0.750019
13 of 21 in 47.8858 - percent 0.750005
14 of 21 in 51.5675 - percent 0.74998
15 of 21 in 55.2524 - percent 0.750002
16 of 21 in 58.9364 - percent 0.750021
17 of 21 in 62.6184 - percent 0.749999
18 of 21 in 66.3011 - percent 0.74998
19 of 21 in 69.9847 - percent 0.749997
20 of 21 in 73.6666 - percent 0.749988
21 of 21 in 77.3514 - percent 0.750004
 [vidi] 2 3 /home/kaya/sparyser/matrices/c100.mtx_13 32 714900 79.0995
Perman: [veni] running with 32 rows:
1 of 21 in 2.41094 - percent 0.178355
2 of 21 in 4.39536 - percent 0.142499
3 of 21 in 7.01089 - percent 0.165843
4 of 21 in 9.22011 - percent 0.160481
5 of 21 in 11.4 - percent 0.156282
6 of 21 in 13.608 - percent 0.154227
7 of 21 in 16.1694 - percent 0.161234
8 of 21 in 18.3724 - percent 0.158939
9 of 21 in 20.5117 - percent 0.155954
10 of 21 in 23.099 - percent 0.161114
11 of 21 in 25.1044 - percent 0.156449
12 of 21 in 27.4394 - percent 0.157172
13 of 21 in 29.8718 - percent 0.159046
14 of 21 in 31.8388 - percent 0.155066
15 of 21 in 34.3669 - percent 0.157905
16 of 21 in 36.6054 - percent 0.157345
17 of 21 in 39.0114 - percent 0.158525
18 of 21 in 40.9976 - percent 0.15566
19 of 21 in 43.5441 - percent 0.158046
20 of 21 in 45.8239 - percent 0.157959
21 of 21 in 47.9334 - percent 0.156514
 [vidi] 2 3 /home/kaya/sparyser/matrices/c100.mtx_14 32 2924440 49.1779
Perman: [veni] running with 32 rows:
1 of 21 in 1.207 - percent 0
2 of 21 in 2.41341 - percent 0
3 of 21 in 3.62104 - percent 0
4 of 21 in 4.82726 - percent 0
5 of 21 in 6.03267 - percent 0
6 of 21 in 7.24036 - percent 0
7 of 21 in 8.4455 - percent 0
8 of 21 in 9.64885 - percent 0
9 of 21 in 10.853 - percent 0
10 of 21 in 12.0569 - percent 0
11 of 21 in 13.5026 - percent 0.0060259
12 of 21 in 15.6267 - percent 0.0265612
13 of 21 in 17.7511 - percent 0.0439357
14 of 21 in 19.8717 - percent 0.0588291
15 of 21 in 21.9969 - percent 0.071737
16 of 21 in 24.12 - percent 0.0830308
17 of 21 in 26.2426 - percent 0.0929961
18 of 21 in 28.368 - percent 0.101854
19 of 21 in 30.4896 - percent 0.10978
20 of 21 in 32.6131 - percent 0.116913
21 of 21 in 34.7377 - percent 0.123367
 [vidi] 2 3 /home/kaya/sparyser/matrices/c100.mtx_15 32 174420 35.7448
Perman: [veni] running with 32 rows:
1 of 21 in 2.0709 - percent 0.254412
2 of 21 in 4.14756 - percent 0.255181
3 of 21 in 6.2239 - percent 0.255374
4 of 21 in 8.30553 - percent 0.255855
5 of 21 in 10.3803 - percent 0.255754
6 of 21 in 12.4719 - percent 0.256614
7 of 21 in 14.5459 - percent 0.256467
8 of 21 in 16.6257 - percent 0.256571
9 of 21 in 18.6991 - percent 0.256455
10 of 21 in 20.774 - percent 0.256429
11 of 21 in 22.8514 - percent 0.256484
12 of 21 in 24.9224 - percent 0.256332
13 of 21 in 26.9917 - percent 0.256186
14 of 21 in 29.0681 - percent 0.256205
15 of 21 in 31.14 - percent 0.256142
16 of 21 in 33.2191 - percent 0.256213
17 of 21 in 35.3206 - percent 0.256613
18 of 21 in 37.3918 - percent 0.256491
19 of 21 in 39.4736 - percent 0.256539
20 of 21 in 41.5544 - percent 0.25657
21 of 21 in 43.6263 - percent 0.256469
 [vidi] 2 3 /home/kaya/sparyser/matrices/c100.mtx_16 32 3377572 44.6045
Perman: [veni] running with 32 rows:
1 of 21 in 2.44448 - percent 0.292593
2 of 21 in 4.89207 - percent 0.293105
3 of 21 in 7.33664 - percent 0.293004
4 of 21 in 9.78322 - percent 0.293089
5 of 21 in 12.2262 - percent 0.292935
6 of 21 in 14.4268 - percent 0.281396
7 of 21 in 16.4853 - percent 0.267389
8 of 21 in 18.5398 - percent 0.256777
9 of 21 in 20.6021 - percent 0.248696
10 of 21 in 22.6601 - percent 0.242127
11 of 21 in 24.8188 - percent 0.239345
12 of 21 in 27.2657 - percent 0.243852
13 of 21 in 29.7088 - percent 0.24758
14 of 21 in 32.1546 - percent 0.250828
15 of 21 in 34.6023 - percent 0.25368
16 of 21 in 37.0462 - percent 0.256112
17 of 21 in 39.1464 - percent 0.252536
18 of 21 in 41.2014 - percent 0.248638
19 of 21 in 43.2595 - percent 0.245193
20 of 21 in 45.3197 - percent 0.242109
21 of 21 in 47.3788 - percent 0.239296
 [vidi] 2 3 /home/kaya/sparyser/matrices/c100.mtx_17 32 7130140 48.3552
Perman: [veni] running with 32 rows:
1 of 21 in 2.58041 - percent 0.402899
2 of 21 in 5.16069 - percent 0.402829
3 of 21 in 7.7409 - percent 0.402852
4 of 21 in 10.3181 - percent 0.402813
5 of 21 in 12.8925 - percent 0.402859
6 of 21 in 15.4654 - percent 0.402819
7 of 21 in 18.0404 - percent 0.402829
8 of 21 in 20.6144 - percent 0.402838
9 of 21 in 23.1876 - percent 0.402821
10 of 21 in 25.7625 - percent 0.402845
11 of 21 in 28.3369 - percent 0.402835
12 of 21 in 30.9108 - percent 0.402835
13 of 21 in 33.4854 - percent 0.402834
14 of 21 in 36.0596 - percent 0.402836
15 of 21 in 38.6339 - percent 0.402836
16 of 21 in 41.2076 - percent 0.402831
17 of 21 in 43.7818 - percent 0.402831
18 of 21 in 46.3556 - percent 0.402831
19 of 21 in 48.9304 - percent 0.402829
20 of 21 in 51.5058 - percent 0.402839
21 of 21 in 54.0798 - percent 0.402831
 [vidi] 2 3 /home/kaya/sparyser/matrices/c100.mtx_18 32 474655 55.3026
Perman: [veni] running with 32 rows:
1 of 21 in 1.87302 - percent 0.218068
2 of 21 in 3.74956 - percent 0.218726
3 of 21 in 5.62458 - percent 0.218892
4 of 21 in 7.506 - percent 0.219304
5 of 21 in 9.37949 - percent 0.219218
6 of 21 in 11.271 - percent 0.219955
7 of 21 in 13.1465 - percent 0.219829
8 of 21 in 15.0269 - percent 0.219918
9 of 21 in 16.9027 - percent 0.219819
10 of 21 in 18.7806 - percent 0.219797
11 of 21 in 20.6614 - percent 0.219843
12 of 21 in 22.5331 - percent 0.219713
13 of 21 in 24.404 - percent 0.219588
14 of 21 in 26.281 - percent 0.219604
15 of 21 in 28.1552 - percent 0.21955
16 of 21 in 30.0357 - percent 0.219611
17 of 21 in 31.9345 - percent 0.219954
18 of 21 in 33.8069 - percent 0.219849
19 of 21 in 35.6882 - percent 0.219891
20 of 21 in 37.5686 - percent 0.219918
21 of 21 in 39.4403 - percent 0.21983
 [vidi] 2 3 /home/kaya/sparyser/matrices/c100.mtx_19 32 12863940 40.3241
Perman: [veni] running with 32 rows:
1 of 21 in 2.14697 - percent 0.290757
2 of 21 in 4.29897 - percent 0.291635
3 of 21 in 6.45086 - percent 0.291856
4 of 21 in 8.60876 - percent 0.292406
5 of 21 in 10.7593 - percent 0.292291
6 of 21 in 12.9311 - percent 0.293274
7 of 21 in 15.081 - percent 0.293105
8 of 21 in 17.2373 - percent 0.293224
9 of 21 in 19.3876 - percent 0.293092
10 of 21 in 21.5403 - percent 0.293062
11 of 21 in 23.6973 - percent 0.293125
12 of 21 in 25.8446 - percent 0.292951
13 of 21 in 27.991 - percent 0.292784
14 of 21 in 30.1451 - percent 0.292805
15 of 21 in 32.2943 - percent 0.292733
16 of 21 in 34.4521 - percent 0.292815
17 of 21 in 36.6311 - percent 0.293272
18 of 21 in 38.7772 - percent 0.293132
19 of 21 in 40.9349 - percent 0.293187
20 of 21 in 43.091 - percent 0.293223
21 of 21 in 45.2372 - percent 0.293107
 [vidi] 2 3 /home/kaya/sparyser/matrices/c100.mtx_20 32 8894198 46.251
Perman: [veni] running with 32 rows:
1 of 21 in 2.72806 - percent 0.468582
2 of 21 in 5.45786 - percent 0.468787
3 of 21 in 8.18819 - percent 0.468806
4 of 21 in 10.9168 - percent 0.468738
5 of 21 in 13.6453 - percent 0.468717
6 of 21 in 16.3758 - percent 0.468755
7 of 21 in 19.1044 - percent 0.468738
8 of 21 in 21.834 - percent 0.468763
9 of 21 in 24.5635 - percent 0.46876
10 of 21 in 27.2923 - percent 0.468738
11 of 21 in 30.022 - percent 0.468741
12 of 21 in 32.7526 - percent 0.468762
13 of 21 in 35.4812 - percent 0.468753
14 of 21 in 38.2101 - percent 0.468738
15 of 21 in 40.9397 - percent 0.468751
16 of 21 in 43.6699 - percent 0.468763
17 of 21 in 46.3984 - percent 0.46875
18 of 21 in 49.1265 - percent 0.468738
19 of 21 in 51.8558 - percent 0.468748
20 of 21 in 54.5846 - percent 0.468743
21 of 21 in 57.3142 - percent 0.468752
 [vidi] 2 3 /home/kaya/sparyser/matrices/c100.mtx_21 32 1877888 58.6096
Perman: [veni] running with 32 rows:
1 of 21 in 2.14762 - percent 0.290757
2 of 21 in 4.3011 - percent 0.291635
3 of 21 in 6.45329 - percent 0.291856
4 of 21 in 8.60742 - percent 0.292406
5 of 21 in 10.7587 - percent 0.292291
6 of 21 in 12.9304 - percent 0.293274
7 of 21 in 15.079 - percent 0.293105
8 of 21 in 17.2264 - percent 0.293224
9 of 21 in 19.3698 - percent 0.293092
10 of 21 in 21.5178 - percent 0.293062
11 of 21 in 23.674 - percent 0.293125
12 of 21 in 25.8201 - percent 0.292951
13 of 21 in 27.9678 - percent 0.292784
14 of 21 in 30.122 - percent 0.292805
15 of 21 in 32.2712 - percent 0.292733
16 of 21 in 34.4271 - percent 0.292815
17 of 21 in 36.6076 - percent 0.293272
18 of 21 in 38.7537 - percent 0.293132
19 of 21 in 40.9122 - percent 0.293187
20 of 21 in 43.0677 - percent 0.293223
21 of 21 in 45.2139 - percent 0.293107
 [vidi] 2 3 /home/kaya/sparyser/matrices/c100.mtx_22 32 7567788 46.2265
Perman: [veni] running with 32 rows:
1 of 21 in 2.88484 - percent 0.469811
2 of 21 in 5.75729 - percent 0.467704
3 of 21 in 8.65723 - percent 0.469811
4 of 21 in 11.5216 - percent 0.468114
5 of 21 in 14.4168 - percent 0.469036
6 of 21 in 17.293 - percent 0.468678
7 of 21 in 20.1754 - percent 0.468649
8 of 21 in 23.0655 - percent 0.468961
9 of 21 in 25.9331 - percent 0.468441
10 of 21 in 28.8325 - percent 0.469023
11 of 21 in 31.699 - percent 0.468589
12 of 21 in 34.5883 - percent 0.468801
13 of 21 in 37.4688 - percent 0.468771
14 of 21 in 40.3462 - percent 0.468647
15 of 21 in 43.2419 - percent 0.46891
16 of 21 in 46.1051 - percent 0.468559
17 of 21 in 49.0037 - percent 0.468869
18 of 21 in 51.8765 - percent 0.468692
19 of 21 in 54.7628 - percent 0.468747
20 of 21 in 57.6502 - percent 0.468802
21 of 21 in 60.5212 - percent 0.468647
 [vidi] 2 3 /home/kaya/sparyser/matrices/c100.mtx_23 32 18007785 61.8965
Perman: [veni] running with 32 rows:
1 of 21 in 2.64439 - percent 0.468544
2 of 21 in 5.29102 - percent 0.468959
3 of 21 in 7.93072 - percent 0.468543
4 of 21 in 10.5769 - percent 0.46887
5 of 21 in 13.2187 - percent 0.468695
6 of 21 in 15.8623 - percent 0.468762
7 of 21 in 18.5057 - percent 0.46877
8 of 21 in 21.1464 - percent 0.468707
9 of 21 in 23.7935 - percent 0.468811
10 of 21 in 26.4323 - percent 0.468696
11 of 21 in 29.078 - percent 0.468781
12 of 21 in 31.72 - percent 0.468739
13 of 21 in 34.364 - percent 0.468744
14 of 21 in 37.0089 - percent 0.46877
15 of 21 in 39.6489 - percent 0.468717
16 of 21 in 42.2965 - percent 0.468788
17 of 21 in 44.9356 - percent 0.468726
18 of 21 in 47.5795 - percent 0.468761
19 of 21 in 50.2226 - percent 0.46875
20 of 21 in 52.8635 - percent 0.468739
21 of 21 in 55.5087 - percent 0.46877
 [vidi] 2 3 /home/kaya/sparyser/matrices/c100.mtx_24 32 4147708 56.7615
Perman: [veni] running with 32 rows:
1 of 21 in 3.59383 - percent 0.750001
2 of 21 in 7.18713 - percent 0.750001
3 of 21 in 10.7819 - percent 0.75
4 of 21 in 14.3758 - percent 0.75
5 of 21 in 17.9706 - percent 0.75
6 of 21 in 21.5636 - percent 0.75
7 of 21 in 25.1579 - percent 0.75
8 of 21 in 28.7515 - percent 0.75
9 of 21 in 32.3457 - percent 0.75
10 of 21 in 35.9399 - percent 0.75
11 of 21 in 39.533 - percent 0.75
12 of 21 in 43.1272 - percent 0.75
13 of 21 in 46.7215 - percent 0.75
14 of 21 in 50.3161 - percent 0.75
15 of 21 in 53.9097 - percent 0.75
16 of 21 in 57.504 - percent 0.75
17 of 21 in 61.0989 - percent 0.75
18 of 21 in 64.6924 - percent 0.75
19 of 21 in 68.2875 - percent 0.75
20 of 21 in 71.881 - percent 0.75
21 of 21 in 75.4751 - percent 0.75
 [vidi] 2 3 /home/kaya/sparyser/matrices/c100.mtx_25 32 2859150 77.1818
Perman: [veni] running with 32 rows:
1 of 21 in 2.16061 - percent 0.219521
2 of 21 in 4.3205 - percent 0.219648
3 of 21 in 6.48184 - percent 0.21981
4 of 21 in 8.63786 - percent 0.219623
5 of 21 in 10.7982 - percent 0.219836
6 of 21 in 12.9581 - percent 0.219818
7 of 21 in 15.1123 - percent 0.219638
8 of 21 in 17.2768 - percent 0.219818
9 of 21 in 19.4312 - percent 0.219614
10 of 21 in 21.5905 - percent 0.219644
11 of 21 in 23.7574 - percent 0.219827
12 of 21 in 25.9091 - percent 0.219623
13 of 21 in 28.0756 - percent 0.21982
14 of 21 in 30.2351 - percent 0.219799
15 of 21 in 32.3875 - percent 0.21966
16 of 21 in 34.5565 - percent 0.219789
17 of 21 in 36.7086 - percent 0.219679
18 of 21 in 38.8669 - percent 0.219692
19 of 21 in 41.0302 - percent 0.219758
20 of 21 in 43.1825 - percent 0.219695
21 of 21 in 45.3467 - percent 0.21975
 [vidi] 2 3 /home/kaya/sparyser/matrices/c100.mtx_26 32 10900558 46.3704
Perman: [veni] running with 32 rows:
1 of 21 in 2.15389 - percent 0.219521
2 of 21 in 4.30968 - percent 0.219648
3 of 21 in 6.46903 - percent 0.21981
4 of 21 in 8.62269 - percent 0.219623
5 of 21 in 10.7853 - percent 0.219836
6 of 21 in 12.9446 - percent 0.219818
7 of 21 in 15.0977 - percent 0.219638
8 of 21 in 17.2595 - percent 0.219818
9 of 21 in 19.4122 - percent 0.219614
10 of 21 in 21.5713 - percent 0.219644
11 of 21 in 23.7364 - percent 0.219827
12 of 21 in 25.8883 - percent 0.219623
13 of 21 in 28.0581 - percent 0.21982
14 of 21 in 30.2166 - percent 0.219799
15 of 21 in 32.3672 - percent 0.21966
16 of 21 in 34.5346 - percent 0.219789
17 of 21 in 36.6881 - percent 0.219679
18 of 21 in 38.8463 - percent 0.219692
19 of 21 in 41.0121 - percent 0.219758
20 of 21 in 43.1669 - percent 0.219695
21 of 21 in 45.3286 - percent 0.21975
 [vidi] 2 3 /home/kaya/sparyser/matrices/c100.mtx_27 32 7221164 46.3515
Perman: [veni] running with 32 rows:
1 of 21 in 2.38052 - percent 0.351571
2 of 21 in 4.76008 - percent 0.351563
3 of 21 in 7.13991 - percent 0.351566
4 of 21 in 9.52116 - percent 0.351563
5 of 21 in 11.902 - percent 0.351561
6 of 21 in 14.2816 - percent 0.351562
7 of 21 in 16.662 - percent 0.351561
8 of 21 in 19.0432 - percent 0.351563
9 of 21 in 21.4224 - percent 0.351563
10 of 21 in 23.8026 - percent 0.351563
11 of 21 in 26.1817 - percent 0.351564
12 of 21 in 28.5608 - percent 0.351563
13 of 21 in 30.941 - percent 0.351562
14 of 21 in 33.3206 - percent 0.351562
15 of 21 in 35.7009 - percent 0.351562
16 of 21 in 38.0813 - percent 0.351563
17 of 21 in 40.461 - percent 0.351562
18 of 21 in 42.843 - percent 0.351563
19 of 21 in 45.2244 - percent 0.351563
20 of 21 in 47.6049 - percent 0.351563
21 of 21 in 49.9854 - percent 0.351562
 [vidi] 2 3 /home/kaya/sparyser/matrices/c100.mtx_28 32 1239555 51.1149
Perman: [veni] running with 32 rows:
1 of 21 in 2.16114 - percent 0.21984
2 of 21 in 4.32151 - percent 0.219819
3 of 21 in 6.47865 - percent 0.219623
4 of 21 in 8.63418 - percent 0.219623
5 of 21 in 10.7926 - percent 0.219644
6 of 21 in 12.9506 - percent 0.219623
7 of 21 in 15.1079 - percent 0.219643
8 of 21 in 17.2659 - percent 0.219675
9 of 21 in 19.4308 - percent 0.219771
10 of 21 in 21.5887 - percent 0.219746
11 of 21 in 23.7492 - percent 0.219741
12 of 21 in 25.9086 - percent 0.219734
13 of 21 in 28.0666 - percent 0.219726
14 of 21 in 30.2262 - percent 0.219733
15 of 21 in 32.3827 - percent 0.219742
16 of 21 in 34.5418 - percent 0.219747
17 of 21 in 36.6978 - percent 0.219751
18 of 21 in 38.8554 - percent 0.219755
19 of 21 in 41.0097 - percent 0.219694
20 of 21 in 43.1715 - percent 0.219704
21 of 21 in 45.3316 - percent 0.219706
 [vidi] 2 3 /home/kaya/sparyser/matrices/c100.mtx_29 32 6341713 46.3591
Perman: [veni] running with 32 rows:
1 of 21 in 2.47603 - percent 0.390107
2 of 21 in 4.95158 - percent 0.390107
3 of 21 in 7.42689 - percent 0.390107
4 of 21 in 9.90533 - percent 0.390324
5 of 21 in 12.3842 - percent 0.390488
6 of 21 in 14.8631 - percent 0.390597
7 of 21 in 17.3426 - percent 0.390675
8 of 21 in 19.8217 - percent 0.390734
9 of 21 in 22.3011 - percent 0.390779
10 of 21 in 24.7786 - percent 0.390762
11 of 21 in 27.2542 - percent 0.390703
12 of 21 in 29.7293 - percent 0.390653
13 of 21 in 32.206 - percent 0.390639
14 of 21 in 34.6851 - percent 0.390675
15 of 21 in 37.1636 - percent 0.390706
16 of 21 in 39.6419 - percent 0.390721
17 of 21 in 42.1168 - percent 0.390685
18 of 21 in 44.5924 - percent 0.390653
19 of 21 in 47.067 - percent 0.390624
20 of 21 in 49.5329 - percent 0.390598
21 of 21 in 51.9965 - percent 0.390575
 [vidi] 2 3 /home/kaya/sparyser/matrices/c100.mtx_30 32 9467817 53.1707
Perman: [veni] running with 32 rows:
1 of 21 in 1.71982 - percent 0.0878906
2 of 21 in 3.44329 - percent 0.0878906
3 of 21 in 5.16598 - percent 0.0878907
4 of 21 in 6.8884 - percent 0.0878906
5 of 21 in 8.61064 - percent 0.0878906
6 of 21 in 10.3328 - percent 0.0878906
7 of 21 in 12.0564 - percent 0.0878906
8 of 21 in 13.7801 - percent 0.0878906
9 of 21 in 15.5036 - percent 0.0878906
10 of 21 in 17.2263 - percent 0.0878907
11 of 21 in 18.9496 - percent 0.0878906
12 of 21 in 20.672 - percent 0.0878906
13 of 21 in 22.3945 - percent 0.0878906
14 of 21 in 24.1191 - percent 0.0878906
15 of 21 in 25.8415 - percent 0.0878906
16 of 21 in 27.5643 - percent 0.0878906
17 of 21 in 29.2876 - percent 0.0878906
18 of 21 in 31.0098 - percent 0.0878906
19 of 21 in 32.7333 - percent 0.0878906
20 of 21 in 34.4567 - percent 0.0878906
21 of 21 in 36.1785 - percent 0.0878906
 [vidi] 2 3 /home/kaya/sparyser/matrices/c100.mtx_31 32 1640314 36.9965
Perman: [veni] running with 32 rows:
1 of 21 in 1.66019 - percent 0.147456
2 of 21 in 3.26785 - percent 0.138306
3 of 21 in 5.27256 - percent 0.174575
4 of 21 in 7.08018 - percent 0.177766
5 of 21 in 8.40623 - percent 0.152044
6 of 21 in 10.2812 - percent 0.160858
7 of 21 in 11.5794 - percent 0.143806
8 of 21 in 13.4172 - percent 0.149638
9 of 21 in 15.2423 - percent 0.153771
10 of 21 in 16.6056 - percent 0.144425
11 of 21 in 18.4201 - percent 0.148242
12 of 21 in 20.3086 - percent 0.1536
13 of 21 in 21.9713 - percent 0.153127
14 of 21 in 23.1278 - percent 0.14219
15 of 21 in 24.8645 - percent 0.143974
16 of 21 in 26.8204 - percent 0.149455
17 of 21 in 28.6624 - percent 0.151923
18 of 21 in 30.4018 - percent 0.152741
19 of 21 in 31.6387 - percent 0.145861
20 of 21 in 33.211 - percent 0.144425
21 of 21 in 34.9352 - percent 0.145193
 [vidi] 2 3 /home/kaya/sparyser/matrices/c100.mtx_32 32 3942844 35.75
Perman: [veni] running with 32 rows:
1 of 21 in 3.07338 - percent 0.5625
2 of 21 in 6.14772 - percent 0.5625
3 of 21 in 9.22199 - percent 0.5625
4 of 21 in 12.2955 - percent 0.5625
5 of 21 in 15.3701 - percent 0.5625
6 of 21 in 18.4446 - percent 0.5625
7 of 21 in 21.5186 - percent 0.5625
8 of 21 in 24.5937 - percent 0.5625
9 of 21 in 27.6685 - percent 0.5625
10 of 21 in 30.7432 - percent 0.5625
11 of 21 in 33.8167 - percent 0.5625
12 of 21 in 36.8912 - percent 0.5625
13 of 21 in 39.9661 - percent 0.5625
14 of 21 in 43.0407 - percent 0.5625
15 of 21 in 46.1144 - percent 0.5625
16 of 21 in 49.1883 - percent 0.5625
17 of 21 in 52.2625 - percent 0.5625
18 of 21 in 55.3364 - percent 0.5625
19 of 21 in 58.4116 - percent 0.5625
20 of 21 in 61.4857 - percent 0.5625
21 of 21 in 64.5611 - percent 0.5625
 [vidi] 2 3 /home/kaya/sparyser/matrices/c100.mtx_33 32 1494455 66.0212
Perman: [veni] running with 32 rows:
1 of 21 in 2.08049 - percent 0.182868
2 of 21 in 4.16275 - percent 0.183188
3 of 21 in 6.24352 - percent 0.183126
4 of 21 in 8.32544 - percent 0.18318
5 of 21 in 10.4048 - percent 0.183084
6 of 21 in 12.4854 - percent 0.183083
7 of 21 in 14.5677 - percent 0.183144
8 of 21 in 16.6477 - percent 0.183101
9 of 21 in 18.7279 - percent 0.183084
10 of 21 in 20.8092 - percent 0.183085
11 of 21 in 22.8909 - percent 0.183103
12 of 21 in 24.973 - percent 0.183127
13 of 21 in 27.0521 - percent 0.183095
14 of 21 in 29.1333 - percent 0.183099
15 of 21 in 31.2156 - percent 0.183127
16 of 21 in 33.2957 - percent 0.18311
17 of 21 in 35.3767 - percent 0.183115
18 of 21 in 37.457 - percent 0.183091
19 of 21 in 39.5395 - percent 0.183106
20 of 21 in 41.6216 - percent 0.183116
21 of 21 in 43.7013 - percent 0.183097
 [vidi] 2 3 /home/kaya/sparyser/matrices/c100.mtx_34 32 27939464 44.6899
Perman: [veni] running with 32 rows:
1 of 21 in 2.07992 - percent 0.182868
2 of 21 in 4.16207 - percent 0.183188
3 of 21 in 6.24247 - percent 0.183126
4 of 21 in 8.3241 - percent 0.18318
5 of 21 in 10.4035 - percent 0.183084
6 of 21 in 12.4848 - percent 0.183083
7 of 21 in 14.567 - percent 0.183144
8 of 21 in 16.6468 - percent 0.183101
9 of 21 in 18.727 - percent 0.183084
10 of 21 in 20.8078 - percent 0.183085
11 of 21 in 22.8895 - percent 0.183103
12 of 21 in 24.972 - percent 0.183127
13 of 21 in 27.0521 - percent 0.183095
14 of 21 in 29.1333 - percent 0.183099
15 of 21 in 31.2158 - percent 0.183127
16 of 21 in 33.2954 - percent 0.18311
17 of 21 in 35.3764 - percent 0.183115
18 of 21 in 37.4559 - percent 0.183091
19 of 21 in 39.5377 - percent 0.183106
20 of 21 in 41.6193 - percent 0.183116
21 of 21 in 43.6972 - percent 0.183097
 [vidi] 2 3 /home/kaya/sparyser/matrices/c100.mtx_35 32 19638548 44.685
Perman: [veni] running with 32 rows:
1 of 21 in 3.5388 - percent 0.733924
2 of 21 in 6.69726 - percent 0.679529
3 of 21 in 9.64575 - percent 0.639989
4 of 21 in 12.5752 - percent 0.618824
5 of 21 in 15.6567 - percent 0.614728
6 of 21 in 18.8602 - percent 0.61866
7 of 21 in 21.9291 - percent 0.615383
8 of 21 in 25.4821 - percent 0.631032
9 of 21 in 28.8138 - percent 0.63562
10 of 21 in 31.7891 - percent 0.629066
11 of 21 in 34.7117 - percent 0.6221
12 of 21 in 37.6554 - percent 0.616912
13 of 21 in 40.9558 - percent 0.620659
14 of 21 in 44.3023 - percent 0.624745
15 of 21 in 47.6725 - percent 0.628695
16 of 21 in 50.6032 - percent 0.624151
17 of 21 in 53.7816 - percent 0.624481
18 of 21 in 56.8553 - percent 0.622931
19 of 21 in 59.8434 - percent 0.62034
20 of 21 in 62.7714 - percent 0.617073
21 of 21 in 66.2381 - percent 0.621764
 [vidi] 2 3 /home/kaya/sparyser/matrices/c100.mtx_36 32 5203709 67.9059
Perman: [veni] running with 32 rows:
1 of 21 in 2.06354 - percent 0.218088
2 of 21 in 4.1342 - percent 0.218726
3 of 21 in 6.20566 - percent 0.218908
4 of 21 in 8.27727 - percent 0.219317
5 of 21 in 10.3426 - percent 0.219218
6 of 21 in 12.4258 - percent 0.219955
7 of 21 in 14.4991 - percent 0.219827
8 of 21 in 16.5722 - percent 0.219917
9 of 21 in 18.639 - percent 0.219819
