Number of rows/cols is 37
Number of nnz is    233
#d1 vertices: 0
#d2 vertices: 0
min degree: 3
************************************************************************
Algo is 10
Compress matrix 0
Apply Dulmage-Mendehlson 0
Sorting 1
Single run 0
************************************************************************
Perman: [veni] running with 32 rows:
 [vidi] 10 1 /home/kaya/sparyser/matrices/cage5.mtx_0 32 652201381968114 1.32743
Perman: [veni] running with 32 rows:
 [vidi] 10 1 /home/kaya/sparyser/matrices/cage5.mtx_1 32 184661652930783 0.820815
Perman: [veni] running with 32 rows:
 [vidi] 10 1 /home/kaya/sparyser/matrices/cage5.mtx_2 32 205106300136394 0.734366
Perman: [veni] running with 32 rows:
 [vidi] 10 1 /home/kaya/sparyser/matrices/cage5.mtx_3 32 293820238907810 0.771967
Perman: [veni] running with 32 rows:
 [vidi] 10 1 /home/kaya/sparyser/matrices/cage5.mtx_4 32 261166328874808 1.24187
Perman: [veni] running with 32 rows:
 [vidi] 10 1 /home/kaya/sparyser/matrices/cage5.mtx_5 32 88219717835530 0.824261
Perman: [veni] running with 32 rows:
 [vidi] 10 1 /home/kaya/sparyser/matrices/cage5.mtx_6 32 262496211330430 1.36273
Perman: [veni] running with 32 rows:
 [vidi] 10 1 /home/kaya/sparyser/matrices/cage5.mtx_7 32 68609384511880 0.77135
Perman: [veni] running with 32 rows:
 [vidi] 10 1 /home/kaya/sparyser/matrices/cage5.mtx_8 32 88297320094818 0.864848
Perman: [veni] running with 32 rows:
 [vidi] 10 1 /home/kaya/sparyser/matrices/cage5.mtx_9 32 23079021180165 0.356705
Overall perman is: 2127657557770732 in 9.07691
