Number of rows/cols is 39
Number of nnz is    340
#d1 vertices: 0
#d2 vertices: 0
min degree: 3
************************************************************************
Algo is 2
Compress matrix 0
Apply Dulmage-Mendehlson 0
Sorting 1
Single run 0
************************************************************************
Perman: [veni] running with 32 rows:
1 of 21 in 2.10009 - percent 0.128287
2 of 21 in 3.77261 - percent 0.0641437
3 of 21 in 5.71332 - percent 0.0688024
4 of 21 in 7.47011 - percent 0.0574739
5 of 21 in 9.25955 - percent 0.0523883
6 of 21 in 11.1084 - percent 0.051845
7 of 21 in 13.1616 - percent 0.060484
8 of 21 in 15.0766 - percent 0.0620028
9 of 21 in 16.8874 - percent 0.0595136
10 of 21 in 18.8461 - percent 0.0616559
11 of 21 in 20.7274 - percent 0.0614025
12 of 21 in 23.2022 - percent 0.0750897
13 of 21 in 26.0376 - percent 0.0945605
14 of 21 in 29.0682 - percent 0.115706
15 of 21 in 32.4893 - percent 0.142405
16 of 21 in 35.3096 - percent 0.154158
17 of 21 in 37.1231 - percent 0.147445
18 of 21 in 39.3828 - percent 0.14894
19 of 21 in 41.1501 - percent 0.142559
20 of 21 in 43.0829 - percent 0.139137
21 of 21 in 44.9612 - percent 0.135298
 [vidi] 2 1 /home/kaya/sparyser/matrices/chesapeake.mtx_0 32 793094719143 45.7559
Perman: [veni] running with 32 rows:
1 of 21 in 1.66596 - percent 0
2 of 21 in 3.50632 - percent 0.0247254
3 of 21 in 5.41009 - percent 0.0390218
4 of 21 in 7.42193 - percent 0.0541064
5 of 21 in 9.08895 - percent 0.0437313
6 of 21 in 10.748 - percent 0.0364428
7 of 21 in 12.6406 - percent 0.0408689
8 of 21 in 15.0342 - percent 0.0624668
9 of 21 in 17.2212 - percent 0.0718755
10 of 21 in 19.0794 - percent 0.0702723
11 of 21 in 21.036 - percent 0.0712954
12 of 21 in 23.9097 - percent 0.0927997
13 of 21 in 27.131 - percent 0.118613
14 of 21 in 30.3044 - percent 0.140883
15 of 21 in 33.7291 - percent 0.164968
16 of 21 in 36.9191 - percent 0.181417
17 of 21 in 39.5055 - percent 0.185652
18 of 21 in 42.3324 - percent 0.193354
19 of 21 in 44.9667 - percent 0.197481
20 of 21 in 47.6833 - percent 0.201947
21 of 21 in 50.1169 - percent 0.202294
 [vidi] 2 1 /home/kaya/sparyser/matrices/chesapeake.mtx_1 32 91558456923 51.2757
Perman: [veni] running with 32 rows:
1 of 21 in 1.92277 - percent 0.0747859
2 of 21 in 3.72737 - percent 0.0574731
3 of 21 in 5.48634 - percent 0.04708
4 of 21 in 7.1533 - percent 0.03531
5 of 21 in 8.81191 - percent 0.028248
6 of 21 in 10.5468 - percent 0.0268916
7 of 21 in 12.4289 - percent 0.0320412
8 of 21 in 14.4041 - percent 0.0390062
9 of 21 in 16.0678 - percent 0.0347698
10 of 21 in 17.7186 - percent 0.0312928
11 of 21 in 19.4751 - percent 0.0307626
12 of 21 in 21.9796 - percent 0.0478451
13 of 21 in 24.9469 - percent 0.0725939
14 of 21 in 27.3804 - percent 0.0829918
15 of 21 in 30.5829 - percent 0.107413
16 of 21 in 33.1045 - percent 0.116185
17 of 21 in 34.9834 - percent 0.112857
18 of 21 in 37.2517 - percent 0.116441
19 of 21 in 39.2362 - percent 0.115171
20 of 21 in 40.8925 - percent 0.109412
21 of 21 in 42.5436 - percent 0.104202
 [vidi] 2 1 /home/kaya/sparyser/matrices/chesapeake.mtx_2 32 426660699152 43.334
Perman: [veni] running with 32 rows:
1 of 21 in 1.85752 - percent 0.0117835
2 of 21 in 3.71281 - percent 0.0199793
3 of 21 in 5.54216 - percent 0.0191792
4 of 21 in 7.48116 - percent 0.0311896
5 of 21 in 9.32153 - percent 0.0302524
6 of 21 in 11.3037 - percent 0.0347823
7 of 21 in 13.5351 - percent 0.0511059
8 of 21 in 16.1497 - percent 0.0780328
9 of 21 in 18.3236 - percent 0.0827888
10 of 21 in 20.4618 - percent 0.0853797
11 of 21 in 22.4639 - percent 0.0824158
12 of 21 in 24.8877 - percent 0.0908893
13 of 21 in 27.6391 - percent 0.106555
14 of 21 in 30.4633 - percent 0.121768
15 of 21 in 33.5124 - percent 0.139699
16 of 21 in 36.3513 - percent 0.150902
17 of 21 in 38.6978 - percent 0.151707
18 of 21 in 41.2678 - percent 0.1568
19 of 21 in 43.7798 - percent 0.160319
20 of 21 in 46.1873 - percent 0.161728
21 of 21 in 48.3579 - percent 0.159279
 [vidi] 2 1 /home/kaya/sparyser/matrices/chesapeake.mtx_3 32 37380860364 49.3588
Perman: [veni] running with 32 rows:
1 of 21 in 1.925 - percent 0.0747859
2 of 21 in 3.72993 - percent 0.0574731
3 of 21 in 5.49011 - percent 0.04708
4 of 21 in 7.15798 - percent 0.03531
5 of 21 in 8.81705 - percent 0.028248
6 of 21 in 10.5524 - percent 0.0268916
7 of 21 in 12.4339 - percent 0.0320412
8 of 21 in 14.4097 - percent 0.0390062
9 of 21 in 16.0731 - percent 0.0347698
10 of 21 in 17.7241 - percent 0.0312928
11 of 21 in 19.4799 - percent 0.0307626
12 of 21 in 21.9842 - percent 0.0478451
13 of 21 in 24.952 - percent 0.0725939
14 of 21 in 27.3867 - percent 0.0829918
15 of 21 in 30.5892 - percent 0.107413
16 of 21 in 33.1109 - percent 0.116185
17 of 21 in 34.9902 - percent 0.112857
18 of 21 in 37.2587 - percent 0.116441
19 of 21 in 39.2437 - percent 0.115171
20 of 21 in 40.9009 - percent 0.109412
21 of 21 in 42.5516 - percent 0.104202
 [vidi] 2 1 /home/kaya/sparyser/matrices/chesapeake.mtx_4 32 426660699152 43.3422
Perman: [veni] running with 32 rows:
1 of 21 in 1.85792 - percent 0.0117835
2 of 21 in 3.71283 - percent 0.0199793
3 of 21 in 5.54246 - percent 0.0191792
4 of 21 in 7.48125 - percent 0.0311896
5 of 21 in 9.32135 - percent 0.0302524
6 of 21 in 11.3039 - percent 0.0347823
7 of 21 in 13.5354 - percent 0.0511059
8 of 21 in 16.1496 - percent 0.0780328
9 of 21 in 18.3239 - percent 0.0827888
10 of 21 in 20.4623 - percent 0.0853797
11 of 21 in 22.4646 - percent 0.0824158
12 of 21 in 24.8885 - percent 0.0908893
13 of 21 in 27.6399 - percent 0.106555
14 of 21 in 30.4639 - percent 0.121768
15 of 21 in 33.5132 - percent 0.139699
16 of 21 in 36.3523 - percent 0.150902
17 of 21 in 38.6991 - percent 0.151707
18 of 21 in 41.2695 - percent 0.1568
19 of 21 in 43.7817 - percent 0.160319
20 of 21 in 46.1892 - percent 0.161728
21 of 21 in 48.3601 - percent 0.159279
 [vidi] 2 1 /home/kaya/sparyser/matrices/chesapeake.mtx_5 32 37380860364 49.361
Perman: [veni] running with 32 rows:
1 of 21 in 1.88026 - percent 0.0580254
2 of 21 in 3.68077 - percent 0.0474672
3 of 21 in 5.42859 - percent 0.0400777
4 of 21 in 7.07844 - percent 0.0300583
5 of 21 in 8.75049 - percent 0.0240466
6 of 21 in 10.4945 - percent 0.0236631
7 of 21 in 12.3676 - percent 0.0292472
8 of 21 in 14.337 - percent 0.0374033
9 of 21 in 16.0056 - percent 0.0332474
10 of 21 in 17.6893 - percent 0.0299227
11 of 21 in 19.463 - percent 0.0297105
12 of 21 in 22.0281 - percent 0.0495191
13 of 21 in 25.0166 - percent 0.0761045
14 of 21 in 27.5298 - percent 0.0889466
15 of 21 in 30.7654 - percent 0.114366
16 of 21 in 33.3892 - percent 0.125127
17 of 21 in 35.2676 - percent 0.121666
18 of 21 in 37.5612 - percent 0.125471
19 of 21 in 39.5046 - percent 0.123392
20 of 21 in 41.1648 - percent 0.117223
21 of 21 in 42.826 - percent 0.111641
 [vidi] 2 1 /home/kaya/sparyser/matrices/chesapeake.mtx_6 32 197894370594 43.6177
Perman: [veni] running with 32 rows:
1 of 21 in 1.76654 - percent 0.0159081
2 of 21 in 3.55268 - percent 0.0198309
3 of 21 in 5.36739 - percent 0.022557
4 of 21 in 7.27355 - percent 0.0327068
5 of 21 in 9.14404 - percent 0.0351415
6 of 21 in 11.0906 - percent 0.0405108
7 of 21 in 13.5289 - percent 0.0657468
8 of 21 in 16.1328 - percent 0.0920626
9 of 21 in 18.2011 - percent 0.093581
10 of 21 in 20.2896 - percent 0.0952025
11 of 21 in 22.2545 - percent 0.0928179
12 of 21 in 25.0054 - percent 0.109296
13 of 21 in 27.91 - percent 0.127903
14 of 21 in 30.7639 - percent 0.142909
15 of 21 in 33.8624 - percent 0.161213
16 of 21 in 36.8987 - percent 0.175229
17 of 21 in 39.3928 - percent 0.177856
18 of 21 in 42.0948 - percent 0.184062
19 of 21 in 44.6689 - percent 0.187574
20 of 21 in 47.2091 - percent 0.190017
21 of 21 in 49.5689 - percent 0.189616
 [vidi] 2 1 /home/kaya/sparyser/matrices/chesapeake.mtx_7 32 18270550153 50.5965
Perman: [veni] running with 32 rows:
1 of 21 in 1.77796 - percent 0.0329562
2 of 21 in 3.56478 - percent 0.0335032
3 of 21 in 5.32043 - percent 0.0298925
4 of 21 in 7.02176 - percent 0.0247101
5 of 21 in 8.75319 - percent 0.0233541
6 of 21 in 10.5292 - percent 0.024058
7 of 21 in 12.2529 - percent 0.0230214
8 of 21 in 14.136 - percent 0.0278405
9 of 21 in 15.9325 - percent 0.0285231
10 of 21 in 17.6367 - percent 0.0267474
11 of 21 in 19.4507 - percent 0.0280316
12 of 21 in 21.5358 - percent 0.035361
13 of 21 in 23.8404 - percent 0.0463972
14 of 21 in 26.5146 - percent 0.063595
15 of 21 in 29.685 - percent 0.0883307
16 of 21 in 32.3273 - percent 0.1002
17 of 21 in 34.1985 - percent 0.0975755
18 of 21 in 36.0998 - percent 0.0960439
19 of 21 in 38.0551 - percent 0.0953472
20 of 21 in 39.9058 - percent 0.0931866
21 of 21 in 41.6399 - percent 0.0895902
 [vidi] 2 1 /home/kaya/sparyser/matrices/chesapeake.mtx_8 32 213033229544 42.448
Perman: [veni] running with 32 rows:
1 of 21 in 1.88239 - percent 0.0623995
2 of 21 in 3.59577 - percent 0.0397333
3 of 21 in 5.24968 - percent 0.0264889
4 of 21 in 6.89617 - percent 0.0198667
5 of 21 in 8.65014 - percent 0.0215938
6 of 21 in 10.3549 - percent 0.0200528
7 of 21 in 12.0978 - percent 0.0209902
8 of 21 in 14.0456 - percent 0.0290863
9 of 21 in 15.8322 - percent 0.0301468
10 of 21 in 17.5357 - percent 0.0284873
11 of 21 in 19.2779 - percent 0.0276519
12 of 21 in 21.7469 - percent 0.0440957
13 of 21 in 24.2853 - percent 0.0601563
14 of 21 in 26.6733 - percent 0.0707745
15 of 21 in 29.9377 - percent 0.0971156
16 of 21 in 32.6572 - percent 0.109823
17 of 21 in 34.3599 - percent 0.104066
18 of 21 in 36.5051 - percent 0.106376
19 of 21 in 38.4343 - percent 0.105076
20 of 21 in 40.338 - percent 0.103454
21 of 21 in 42.0401 - percent 0.09911
 [vidi] 2 1 /home/kaya/sparyser/matrices/chesapeake.mtx_9 32 105425861417 42.8345
Perman: [veni] running with 32 rows:
1 of 21 in 1.63545 - percent 0.00191715
2 of 21 in 3.29801 - percent 0.00125257
3 of 21 in 5.00157 - percent 0.000942093
4 of 21 in 6.75121 - percent 0.000776773
5 of 21 in 8.49153 - percent 0.000781284
6 of 21 in 10.2326 - percent 0.000846617
7 of 21 in 11.9564 - percent 0.00148949
8 of 21 in 13.6392 - percent 0.00216674
9 of 21 in 15.4221 - percent 0.00212459
10 of 21 in 17.1927 - percent 0.00205991
11 of 21 in 18.992 - percent 0.00192281
12 of 21 in 20.7993 - percent 0.00235577
13 of 21 in 22.5486 - percent 0.00384677
14 of 21 in 24.2712 - percent 0.00477661
15 of 21 in 26.1822 - percent 0.0103471
16 of 21 in 27.9576 - percent 0.0113687
17 of 21 in 29.7317 - percent 0.0108422
18 of 21 in 31.5441 - percent 0.0112806
19 of 21 in 33.3133 - percent 0.0110554
20 of 21 in 35.1054 - percent 0.010754
21 of 21 in 36.813 - percent 0.0102701
 [vidi] 2 1 /home/kaya/sparyser/matrices/chesapeake.mtx_10 32 6922166049 37.5982
Perman: [veni] running with 32 rows:
1 of 21 in 1.54336 - percent 0.007667
2 of 21 in 3.07602 - percent 0.00593155
3 of 21 in 4.6155 - percent 0.00581462
4 of 21 in 6.15618 - percent 0.00545027
5 of 21 in 7.6924 - percent 0.00504387
6 of 21 in 9.23085 - percent 0.00501015
7 of 21 in 10.7902 - percent 0.00588013
8 of 21 in 12.3574 - percent 0.00697158
9 of 21 in 13.8976 - percent 0.00671353
10 of 21 in 15.4346 - percent 0.00638257
11 of 21 in 16.988 - percent 0.00660246
12 of 21 in 18.6442 - percent 0.00913286
13 of 21 in 20.3582 - percent 0.0126455
14 of 21 in 22.1393 - percent 0.0170038
15 of 21 in 24.0075 - percent 0.0224508
16 of 21 in 25.8539 - percent 0.0267663
17 of 21 in 27.4603 - percent 0.0265176
18 of 21 in 29.0842 - percent 0.0266358
19 of 21 in 30.6838 - percent 0.0263629
20 of 21 in 32.264 - percent 0.0259012
21 of 21 in 33.8179 - percent 0.025147
 [vidi] 2 1 /home/kaya/sparyser/matrices/chesapeake.mtx_11 32 3104824203 34.5488
Perman: [veni] running with 32 rows:
1 of 21 in 1.84439 - percent 0.00649605
2 of 21 in 3.6978 - percent 0.0042771
3 of 21 in 5.54492 - percent 0.00422212
4 of 21 in 7.4166 - percent 0.00383398
5 of 21 in 9.2992 - percent 0.00374777
6 of 21 in 11.1468 - percent 0.00365127
7 of 21 in 12.9857 - percent 0.00500132
8 of 21 in 14.7969 - percent 0.00568289
9 of 21 in 16.6392 - percent 0.00544356
10 of 21 in 18.5024 - percent 0.00507591
11 of 21 in 20.3826 - percent 0.00486971
12 of 21 in 22.313 - percent 0.00610258
13 of 21 in 24.2302 - percent 0.00782242
14 of 21 in 26.2412 - percent 0.0106747
15 of 21 in 28.3666 - percent 0.0168126
16 of 21 in 30.4256 - percent 0.0201656
17 of 21 in 32.3369 - percent 0.0199303
18 of 21 in 34.2712 - percent 0.0202568
19 of 21 in 36.1834 - percent 0.0201195
20 of 21 in 38.073 - percent 0.0194633
21 of 21 in 39.9352 - percent 0.018923
 [vidi] 2 1 /home/kaya/sparyser/matrices/chesapeake.mtx_12 32 23672578821 40.78
Perman: [veni] running with 32 rows:
1 of 21 in 1.70747 - percent 0
2 of 21 in 3.4524 - percent 0
3 of 21 in 5.1712 - percent 0
4 of 21 in 6.93847 - percent 0
5 of 21 in 8.68534 - percent 0
6 of 21 in 10.4355 - percent 0.00134515
7 of 21 in 12.1958 - percent 0.00261889
8 of 21 in 14.0553 - percent 0.00657325
9 of 21 in 15.8406 - percent 0.00661432
10 of 21 in 17.6219 - percent 0.00635017
11 of 21 in 19.383 - percent 0.00617999
12 of 21 in 21.1856 - percent 0.00652905
13 of 21 in 22.9942 - percent 0.00720448
14 of 21 in 24.9223 - percent 0.00991841
15 of 21 in 26.8676 - percent 0.0136972
16 of 21 in 28.773 - percent 0.015816
17 of 21 in 30.5286 - percent 0.0148856
18 of 21 in 32.2987 - percent 0.0140586
19 of 21 in 34.0551 - percent 0.0133187
20 of 21 in 35.7953 - percent 0.0126528
21 of 21 in 37.5452 - percent 0.0120503
 [vidi] 2 1 /home/kaya/sparyser/matrices/chesapeake.mtx_13 32 616056992 38.3522
Perman: [veni] running with 32 rows:
1 of 21 in 1.61904 - percent 0.00167904
2 of 21 in 3.30059 - percent 0.00120505
3 of 21 in 4.94463 - percent 0.00112205
4 of 21 in 6.63292 - percent 0.0011359
5 of 21 in 8.31293 - percent 0.000976962
6 of 21 in 9.96786 - percent 0.000967273
7 of 21 in 11.6611 - percent 0.00132355
8 of 21 in 13.3498 - percent 0.00196367
9 of 21 in 15.0399 - percent 0.00190748
10 of 21 in 16.7316 - percent 0.00179878
11 of 21 in 18.3933 - percent 0.00168885
12 of 21 in 20.0325 - percent 0.00189084
13 of 21 in 21.6643 - percent 0.00316623
14 of 21 in 23.4002 - percent 0.00587545
15 of 21 in 25.2611 - percent 0.0113495
16 of 21 in 26.9745 - percent 0.0119869
17 of 21 in 28.6407 - percent 0.0114539
18 of 21 in 30.3247 - percent 0.0118848
19 of 21 in 31.9617 - percent 0.0117961
20 of 21 in 33.5886 - percent 0.0113782
21 of 21 in 35.2454 - percent 0.0108773
 [vidi] 2 1 /home/kaya/sparyser/matrices/chesapeake.mtx_14 32 731619330 36.019
Perman: [veni] running with 32 rows:
1 of 21 in 1.77784 - percent 0.0329562
2 of 21 in 3.56477 - percent 0.0335032
3 of 21 in 5.31995 - percent 0.0298925
4 of 21 in 7.02092 - percent 0.0247101
5 of 21 in 8.75197 - percent 0.0233541
6 of 21 in 10.5279 - percent 0.024058
7 of 21 in 12.2521 - percent 0.0230214
8 of 21 in 14.1353 - percent 0.0278405
9 of 21 in 15.9319 - percent 0.0285231
10 of 21 in 17.6369 - percent 0.0267474
11 of 21 in 19.4506 - percent 0.0280316
12 of 21 in 21.5356 - percent 0.035361
13 of 21 in 23.8403 - percent 0.0463972
14 of 21 in 26.5148 - percent 0.063595
15 of 21 in 29.685 - percent 0.0883307
16 of 21 in 32.3273 - percent 0.1002
17 of 21 in 34.1984 - percent 0.0975755
18 of 21 in 36.0999 - percent 0.0960439
19 of 21 in 38.0554 - percent 0.0953472
20 of 21 in 39.906 - percent 0.0931866
21 of 21 in 41.6398 - percent 0.0895902
 [vidi] 2 1 /home/kaya/sparyser/matrices/chesapeake.mtx_15 32 213033229544 42.4478
Perman: [veni] running with 32 rows:
1 of 21 in 1.88212 - percent 0.0623995
2 of 21 in 3.59597 - percent 0.0397333
3 of 21 in 5.25034 - percent 0.0264889
4 of 21 in 6.89701 - percent 0.0198667
5 of 21 in 8.6509 - percent 0.0215938
6 of 21 in 10.3552 - percent 0.0200528
7 of 21 in 12.0977 - percent 0.0209902
8 of 21 in 14.0459 - percent 0.0290863
9 of 21 in 15.833 - percent 0.0301468
10 of 21 in 17.5369 - percent 0.0284873
11 of 21 in 19.2793 - percent 0.0276519
12 of 21 in 21.7482 - percent 0.0440957
13 of 21 in 24.2867 - percent 0.0601563
14 of 21 in 26.675 - percent 0.0707745
15 of 21 in 29.9393 - percent 0.0971156
16 of 21 in 32.6584 - percent 0.109823
17 of 21 in 34.3616 - percent 0.104066
18 of 21 in 36.5074 - percent 0.106376
19 of 21 in 38.4366 - percent 0.105076
20 of 21 in 40.34 - percent 0.103454
21 of 21 in 42.0415 - percent 0.09911
 [vidi] 2 1 /home/kaya/sparyser/matrices/chesapeake.mtx_16 32 105425861417 42.8355
Perman: [veni] running with 32 rows:
1 of 21 in 1.63973 - percent 0.0203748
2 of 21 in 3.24178 - percent 0.0102145
3 of 21 in 4.82058 - percent 0.00680969
4 of 21 in 6.38996 - percent 0.00510727
5 of 21 in 7.9896 - percent 0.0045171
6 of 21 in 9.59982 - percent 0.00453113
7 of 21 in 11.1566 - percent 0.00436188
8 of 21 in 12.7863 - percent 0.0058529
9 of 21 in 14.391 - percent 0.00585362
10 of 21 in 15.9747 - percent 0.00537658
11 of 21 in 17.5449 - percent 0.0048878
12 of 21 in 19.2818 - percent 0.00806354
13 of 21 in 21.339 - percent 0.0174827
14 of 21 in 23.0683 - percent 0.0191736
15 of 21 in 25.5011 - percent 0.034602
16 of 21 in 27.3287 - percent 0.0368098
17 of 21 in 28.9206 - percent 0.0346445
18 of 21 in 30.7476 - percent 0.0371058
19 of 21 in 32.369 - percent 0.0359465
20 of 21 in 34.0319 - percent 0.0353251
21 of 21 in 35.6282 - percent 0.0337748
 [vidi] 2 1 /home/kaya/sparyser/matrices/chesapeake.mtx_17 32 60613019908 36.37
Perman: [veni] running with 32 rows:
1 of 21 in 1.53007 - percent 0.00466448
2 of 21 in 3.06421 - percent 0.00510116
3 of 21 in 4.59046 - percent 0.00463706
4 of 21 in 6.12203 - percent 0.00437906
5 of 21 in 7.65138 - percent 0.00397974
6 of 21 in 9.18635 - percent 0.00418196
7 of 21 in 10.7465 - percent 0.00533037
8 of 21 in 12.3099 - percent 0.00660989
9 of 21 in 13.8446 - percent 0.00639725
10 of 21 in 15.3863 - percent 0.00632462
11 of 21 in 16.9307 - percent 0.00647515
12 of 21 in 18.6039 - percent 0.00991981
13 of 21 in 20.3391 - percent 0.0142517
14 of 21 in 22.0684 - percent 0.0178132
15 of 21 in 24.0775 - percent 0.0267908
16 of 21 in 25.94 - percent 0.0317315
17 of 21 in 27.5381 - percent 0.0312667
18 of 21 in 29.1835 - percent 0.031682
19 of 21 in 30.7621 - percent 0.0310182
20 of 21 in 32.3408 - percent 0.0304068
21 of 21 in 33.9005 - percent 0.0296233
 [vidi] 2 1 /home/kaya/sparyser/matrices/chesapeake.mtx_18 32 3520331090 34.6295
Perman: [veni] running with 32 rows:
1 of 21 in 1.62188 - percent 0.00529399
2 of 21 in 3.26768 - percent 0.00395177
3 of 21 in 4.91266 - percent 0.00377932
4 of 21 in 6.57166 - percent 0.00384418
5 of 21 in 8.22643 - percent 0.00391075
6 of 21 in 9.87359 - percent 0.00407291
7 of 21 in 11.5341 - percent 0.00488349
8 of 21 in 13.1985 - percent 0.00590801
9 of 21 in 14.8565 - percent 0.00560632
10 of 21 in 16.5052 - percent 0.00533566
11 of 21 in 18.1613 - percent 0.00526681
12 of 21 in 19.9007 - percent 0.00697949
13 of 21 in 21.6371 - percent 0.0087557
14 of 21 in 23.5133 - percent 0.0127279
15 of 21 in 25.5102 - percent 0.0195492
16 of 21 in 27.4465 - percent 0.0237526
17 of 21 in 29.1772 - percent 0.0242227
18 of 21 in 30.9506 - percent 0.025273
19 of 21 in 32.7024 - percent 0.0256447
20 of 21 in 34.3901 - percent 0.0250758
21 of 21 in 36.0393 - percent 0.0243388
 [vidi] 2 1 /home/kaya/sparyser/matrices/chesapeake.mtx_19 32 8044538425 36.8073
Perman: [veni] running with 32 rows:
1 of 21 in 1.64005 - percent 0.00696254
2 of 21 in 3.29447 - percent 0.00456602
3 of 21 in 4.94311 - percent 0.00449966
4 of 21 in 6.61096 - percent 0.00400601
5 of 21 in 8.28785 - percent 0.0038048
6 of 21 in 9.93986 - percent 0.00366277
7 of 21 in 11.5936 - percent 0.0049929
8 of 21 in 13.226 - percent 0.00558694
9 of 21 in 14.8769 - percent 0.00533437
10 of 21 in 16.5363 - percent 0.00496597
11 of 21 in 18.2086 - percent 0.00474934
12 of 21 in 19.931 - percent 0.00579858
13 of 21 in 21.6595 - percent 0.0073681
14 of 21 in 23.4632 - percent 0.00984541
15 of 21 in 25.4049 - percent 0.0157642
16 of 21 in 27.2673 - percent 0.0189353
17 of 21 in 28.974 - percent 0.0187897
18 of 21 in 30.6957 - percent 0.0189872
19 of 21 in 32.4052 - percent 0.018983
20 of 21 in 34.0881 - percent 0.0183766
21 of 21 in 35.753 - percent 0.0179237
 [vidi] 2 1 /home/kaya/sparyser/matrices/chesapeake.mtx_20 32 19289380633 36.509
Perman: [veni] running with 32 rows:
1 of 21 in 1.55963 - percent 0
2 of 21 in 3.15563 - percent 0
3 of 21 in 4.73124 - percent 0
4 of 21 in 6.34023 - percent 0
5 of 21 in 7.92952 - percent 0
6 of 21 in 9.51488 - percent 0.000929825
7 of 21 in 11.1209 - percent 0.00182366
8 of 21 in 12.8087 - percent 0.00531504
9 of 21 in 14.4393 - percent 0.00541432
10 of 21 in 16.0651 - percent 0.00520939
11 of 21 in 17.674 - percent 0.0051305
12 of 21 in 19.3185 - percent 0.00547934
13 of 21 in 20.9587 - percent 0.00615459
14 of 21 in 22.7108 - percent 0.00866305
15 of 21 in 24.4936 - percent 0.0124693
16 of 21 in 26.2207 - percent 0.014275
17 of 21 in 27.8196 - percent 0.0134353
18 of 21 in 29.4284 - percent 0.0126889
19 of 21 in 31.0333 - percent 0.0120211
20 of 21 in 32.6263 - percent 0.01142
21 of 21 in 34.2268 - percent 0.0108762
 [vidi] 2 1 /home/kaya/sparyser/matrices/chesapeake.mtx_21 32 538261023 34.9685
Perman: [veni] running with 32 rows:
1 of 21 in 1.62622 - percent 0.0019014
2 of 21 in 3.33639 - percent 0.00130636
3 of 21 in 5.13011 - percent 0.000944403
4 of 21 in 6.87375 - percent 0.00127844
5 of 21 in 8.60559 - percent 0.00118436
6 of 21 in 10.3359 - percent 0.00114711
7 of 21 in 12.0573 - percent 0.00150393
8 of 21 in 13.7279 - percent 0.00217416
9 of 21 in 15.487 - percent 0.0021304
10 of 21 in 17.2073 - percent 0.00205352
11 of 21 in 18.9049 - percent 0.00188927
12 of 21 in 20.6826 - percent 0.00216008
13 of 21 in 22.4184 - percent 0.00364512
14 of 21 in 24.1321 - percent 0.00457661
15 of 21 in 26.0212 - percent 0.00981808
16 of 21 in 27.8435 - percent 0.0107021
17 of 21 in 29.6195 - percent 0.0102103
18 of 21 in 31.4172 - percent 0.0110199
19 of 21 in 33.165 - percent 0.0109019
20 of 21 in 34.9592 - percent 0.0107057
21 of 21 in 36.6815 - percent 0.0102438
 [vidi] 2 1 /home/kaya/sparyser/matrices/chesapeake.mtx_22 32 8734663592 37.4666
Perman: [veni] running with 32 rows:
1 of 21 in 1.40234 - percent 0
2 of 21 in 2.93538 - percent 0.0154098
3 of 21 in 4.5291 - percent 0.027148
4 of 21 in 6.16557 - percent 0.0344621
5 of 21 in 7.59866 - percent 0.0281964
6 of 21 in 9.02385 - percent 0.023497
7 of 21 in 10.5383 - percent 0.0249254
8 of 21 in 12.4895 - percent 0.0412282
9 of 21 in 14.2615 - percent 0.0467884
10 of 21 in 15.7867 - percent 0.0444108
11 of 21 in 17.2082 - percent 0.0403734
12 of 21 in 18.6424 - percent 0.037009
13 of 21 in 20.5351 - percent 0.0438186
14 of 21 in 22.399 - percent 0.0498915
15 of 21 in 24.2781 - percent 0.0564118
16 of 21 in 25.6656 - percent 0.052886
17 of 21 in 27.0863 - percent 0.0497751
18 of 21 in 28.6835 - percent 0.0502845
19 of 21 in 30.3289 - percent 0.0508574
20 of 21 in 31.9167 - percent 0.0503037
21 of 21 in 33.3875 - percent 0.0485257
 [vidi] 2 1 /home/kaya/sparyser/matrices/chesapeake.mtx_23 32 302833439 34.0588
Perman: [veni] running with 32 rows:
1 of 21 in 1.45736 - percent 0.00948602
2 of 21 in 2.92768 - percent 0.00685308
3 of 21 in 4.3902 - percent 0.0071382
4 of 21 in 5.84313 - percent 0.00681357
5 of 21 in 7.30149 - percent 0.00607216
6 of 21 in 8.77435 - percent 0.00604174
7 of 21 in 10.2466 - percent 0.00782905
8 of 21 in 11.722 - percent 0.00927004
9 of 21 in 13.1823 - percent 0.00882065
10 of 21 in 14.663 - percent 0.00898852
11 of 21 in 16.1517 - percent 0.00902328
12 of 21 in 17.7873 - percent 0.0130078
13 of 21 in 19.473 - percent 0.0178176
14 of 21 in 21.229 - percent 0.0229818
15 of 21 in 23.1401 - percent 0.0315707
16 of 21 in 25.0515 - percent 0.0382932
17 of 21 in 26.5999 - percent 0.0375806
18 of 21 in 28.234 - percent 0.0385936
19 of 21 in 29.7556 - percent 0.0376466
20 of 21 in 31.2776 - percent 0.0369055
21 of 21 in 32.781 - percent 0.0360021
 [vidi] 2 1 /home/kaya/sparyser/matrices/chesapeake.mtx_24 32 650589810 33.4697
Perman: [veni] running with 32 rows:
1 of 21 in 1.5302 - percent 0.0266108
2 of 21 in 2.95821 - percent 0.0142089
3 of 21 in 4.41141 - percent 0.0116594
4 of 21 in 5.80915 - percent 0.00874454
5 of 21 in 7.23969 - percent 0.00699563
6 of 21 in 8.6777 - percent 0.00605765
7 of 21 in 10.1561 - percent 0.00807275
8 of 21 in 11.6761 - percent 0.0115959
9 of 21 in 13.1075 - percent 0.0103248
10 of 21 in 14.529 - percent 0.00929232
11 of 21 in 15.9676 - percent 0.00844756
12 of 21 in 17.5826 - percent 0.0123286
13 of 21 in 19.3301 - percent 0.0191322
14 of 21 in 20.8877 - percent 0.020996
15 of 21 in 23.4379 - percent 0.0424639
16 of 21 in 25.3378 - percent 0.0487383
17 of 21 in 26.7834 - percent 0.0465789
18 of 21 in 28.5696 - percent 0.0503519
19 of 21 in 30.0286 - percent 0.0488124
20 of 21 in 31.4265 - percent 0.0463718
21 of 21 in 32.8345 - percent 0.0441636
 [vidi] 2 1 /home/kaya/sparyser/matrices/chesapeake.mtx_25 32 3104820010 33.5027
Perman: [veni] running with 32 rows:
1 of 21 in 1.36935 - percent 0.0036532
2 of 21 in 2.75215 - percent 0.00533674
3 of 21 in 4.11723 - percent 0.00421557
4 of 21 in 5.48652 - percent 0.00420342
5 of 21 in 6.86629 - percent 0.00463275
6 of 21 in 8.23709 - percent 0.00458584
7 of 21 in 9.62361 - percent 0.00528757
8 of 21 in 11.0127 - percent 0.00597278
9 of 21 in 12.3796 - percent 0.00559316
10 of 21 in 13.7514 - percent 0.00546432
11 of 21 in 15.124 - percent 0.00530569
12 of 21 in 16.5631 - percent 0.00701817
13 of 21 in 18.0195 - percent 0.00870646
14 of 21 in 19.5 - percent 0.0107655
15 of 21 in 21.1635 - percent 0.0162214
16 of 21 in 22.7859 - percent 0.0203198
17 of 21 in 24.2204 - percent 0.0205574
18 of 21 in 25.7388 - percent 0.0221779
19 of 21 in 27.174 - percent 0.0222508
20 of 21 in 28.5776 - percent 0.0218961
21 of 21 in 29.9692 - percent 0.0213322
 [vidi] 2 1 /home/kaya/sparyser/matrices/chesapeake.mtx_26 32 196001401 30.6215
Perman: [veni] running with 32 rows:
1 of 21 in 2.08476 - percent 0.0967034
2 of 21 in 3.83428 - percent 0.0483517
3 of 21 in 5.96543 - percent 0.0685646
4 of 21 in 7.78332 - percent 0.0573535
5 of 21 in 9.60938 - percent 0.0497679
6 of 21 in 11.5434 - percent 0.0500528
7 of 21 in 13.636 - percent 0.0572033
8 of 21 in 15.6399 - percent 0.0598131
9 of 21 in 17.5484 - percent 0.0582773
10 of 21 in 19.5915 - percent 0.0607251
11 of 21 in 21.5457 - percent 0.0604076
12 of 21 in 24.2471 - percent 0.0782803
13 of 21 in 27.1602 - percent 0.0987099
14 of 21 in 30.107 - percent 0.116386
15 of 21 in 33.3925 - percent 0.138768
16 of 21 in 36.522 - percent 0.155196
17 of 21 in 38.4806 - percent 0.149619
18 of 21 in 40.7266 - percent 0.149616
19 of 21 in 42.5562 - percent 0.143151
20 of 21 in 44.5371 - percent 0.139602
21 of 21 in 46.5439 - percent 0.136427
 [vidi] 2 1 /home/kaya/sparyser/matrices/chesapeake.mtx_27 32 1476969582770 47.3776
Perman: [veni] running with 32 rows:
1 of 21 in 1.73601 - percent 0
2 of 21 in 3.47812 - percent 0
3 of 21 in 5.37794 - percent 0.0151421
4 of 21 in 7.68577 - percent 0.054231
5 of 21 in 9.6808 - percent 0.0580664
6 of 21 in 11.6609 - percent 0.0603607
7 of 21 in 13.8547 - percent 0.0718284
8 of 21 in 16.3106 - percent 0.0904685
9 of 21 in 18.0312 - percent 0.0804164
10 of 21 in 19.759 - percent 0.0723748
11 of 21 in 21.6598 - percent 0.0699988
12 of 21 in 24.4692 - percent 0.0898148
13 of 21 in 27.6824 - percent 0.115965
14 of 21 in 30.9333 - percent 0.1396
15 of 21 in 34.3007 - percent 0.162539
16 of 21 in 37.2864 - percent 0.175153
17 of 21 in 39.7853 - percent 0.177721
18 of 21 in 42.9448 - percent 0.191026
19 of 21 in 45.9458 - percent 0.200387
20 of 21 in 48.873 - percent 0.207445
21 of 21 in 51.356 - percent 0.20768
 [vidi] 2 1 /home/kaya/sparyser/matrices/chesapeake.mtx_28 32 107019452902 52.5592
Perman: [veni] running with 32 rows:
1 of 21 in 1.99042 - percent 0.0706085
2 of 21 in 3.94085 - percent 0.0631664
3 of 21 in 5.99728 - percent 0.0699337
4 of 21 in 7.82301 - percent 0.0576599
5 of 21 in 9.68106 - percent 0.0517078
6 of 21 in 11.6923 - percent 0.0556553
7 of 21 in 13.6371 - percent 0.0552322
8 of 21 in 15.7366 - percent 0.0611105
9 of 21 in 17.7347 - percent 0.0621959
10 of 21 in 19.658 - percent 0.0606481
11 of 21 in 21.6483 - percent 0.0612891
12 of 21 in 24.3941 - percent 0.0792354
13 of 21 in 27.6312 - percent 0.10614
14 of 21 in 30.5659 - percent 0.122559
15 of 21 in 33.986 - percent 0.14643
16 of 21 in 36.8765 - percent 0.157264
17 of 21 in 38.8914 - percent 0.152344
18 of 21 in 40.915 - percent 0.148438
19 of 21 in 42.8863 - percent 0.144116
20 of 21 in 44.9728 - percent 0.141945
21 of 21 in 46.9138 - percent 0.137682
 [vidi] 2 1 /home/kaya/sparyser/matrices/chesapeake.mtx_29 32 1101586664697 47.7837
Perman: [veni] running with 32 rows:
1 of 21 in 1.73537 - percent 0
2 of 21 in 3.67361 - percent 0.0284657
3 of 21 in 5.69091 - percent 0.0446692
4 of 21 in 8.06726 - percent 0.0801576
5 of 21 in 9.82109 - percent 0.0647831
6 of 21 in 11.5592 - percent 0.053986
7 of 21 in 13.5361 - percent 0.0561738
8 of 21 in 15.9776 - percent 0.0751928
9 of 21 in 18.0276 - percent 0.0767119
10 of 21 in 19.8951 - percent 0.0727654
11 of 21 in 21.7841 - percent 0.0699911
12 of 21 in 24.5893 - percent 0.088808
13 of 21 in 27.6008 - percent 0.109781
14 of 21 in 30.6648 - percent 0.128807
15 of 21 in 34.0836 - percent 0.152749
16 of 21 in 37.4005 - percent 0.170877
17 of 21 in 40.3319 - percent 0.180285
18 of 21 in 43.4928 - percent 0.193
19 of 21 in 46.5308 - percent 0.202229
20 of 21 in 49.382 - percent 0.207819
21 of 21 in 52.0273 - percent 0.20987
 [vidi] 2 1 /home/kaya/sparyser/matrices/chesapeake.mtx_30 32 78950710027 53.1425
Perman: [veni] running with 32 rows:
1 of 21 in 2.14619 - percent 0.135794
2 of 21 in 3.9288 - percent 0.0832911
3 of 21 in 5.60564 - percent 0.0555274
4 of 21 in 7.27783 - percent 0.0416455
5 of 21 in 9.18191 - percent 0.0464219
6 of 21 in 10.9753 - percent 0.0446813
7 of 21 in 12.8021 - percent 0.0450399
8 of 21 in 14.9241 - percent 0.055812
9 of 21 in 16.7814 - percent 0.0555629
10 of 21 in 18.5747 - percent 0.0535042
11 of 21 in 20.3996 - percent 0.0525332
12 of 21 in 22.8395 - percent 0.0660615
13 of 21 in 25.3137 - percent 0.0784823
14 of 21 in 27.9712 - percent 0.0929584
15 of 21 in 31.1045 - percent 0.115148
16 of 21 in 34.0175 - percent 0.130031
17 of 21 in 35.6996 - percent 0.122686
18 of 21 in 37.8463 - percent 0.123743
19 of 21 in 39.8231 - percent 0.121902
20 of 21 in 41.768 - percent 0.119637
21 of 21 in 43.4605 - percent 0.114194
 [vidi] 2 1 /home/kaya/sparyser/matrices/chesapeake.mtx_31 32 320131684526 44.2566
Perman: [veni] running with 32 rows:
1 of 21 in 2.05267 - percent 0.109628
2 of 21 in 3.81153 - percent 0.06763
3 of 21 in 5.47732 - percent 0.0450866
4 of 21 in 7.14327 - percent 0.033815
5 of 21 in 9.03562 - percent 0.0395857
6 of 21 in 10.8402 - percent 0.0394677
7 of 21 in 12.6363 - percent 0.0391686
8 of 21 in 14.7107 - percent 0.048739
9 of 21 in 16.6028 - percent 0.0503003
10 of 21 in 18.4057 - percent 0.0490206
11 of 21 in 20.2109 - percent 0.0479776
12 of 21 in 22.6752 - percent 0.0622219
13 of 21 in 25.292 - percent 0.0780887
14 of 21 in 27.9334 - percent 0.0919539
15 of 21 in 30.9245 - percent 0.111077
16 of 21 in 33.6617 - percent 0.122676
17 of 21 in 35.3391 - percent 0.115704
18 of 21 in 37.4162 - percent 0.115993
19 of 21 in 39.3539 - percent 0.11395
20 of 21 in 41.3505 - percent 0.113007
21 of 21 in 43.0327 - percent 0.107885
 [vidi] 2 1 /home/kaya/sparyser/matrices/chesapeake.mtx_32 32 236000499622 43.8219
Perman: [veni] running with 32 rows:
1 of 21 in 1.71482 - percent 0.00180512
2 of 21 in 3.54961 - percent 0.00105707
3 of 21 in 5.3144 - percent 0.00103114
4 of 21 in 7.13534 - percent 0.000874262
5 of 21 in 8.90031 - percent 0.000737346
6 of 21 in 10.6882 - percent 0.000747627
7 of 21 in 12.4672 - percent 0.00121791
8 of 21 in 14.2468 - percent 0.00217817
9 of 21 in 16.0598 - percent 0.00210988
10 of 21 in 17.8387 - percent 0.00198156
11 of 21 in 19.6649 - percent 0.00183047
12 of 21 in 21.4 - percent 0.00188717
13 of 21 in 23.0976 - percent 0.00288218
14 of 21 in 24.9724 - percent 0.00604372
15 of 21 in 26.8842 - percent 0.010946
16 of 21 in 28.689 - percent 0.0116123
17 of 21 in 30.4938 - percent 0.0109835
18 of 21 in 32.3391 - percent 0.0108528
19 of 21 in 34.1755 - percent 0.0104516
20 of 21 in 36.0345 - percent 0.0100785
21 of 21 in 37.8805 - percent 0.00962852
 [vidi] 2 1 /home/kaya/sparyser/matrices/chesapeake.mtx_33 32 11639867976 38.7164
Perman: [veni] running with 32 rows:
1 of 21 in 1.60112 - percent 0.0040025
2 of 21 in 3.21166 - percent 0.00374994
3 of 21 in 4.81676 - percent 0.00367088
4 of 21 in 6.44784 - percent 0.00453721
5 of 21 in 8.06317 - percent 0.00413482
6 of 21 in 9.68051 - percent 0.00410239
7 of 21 in 11.2996 - percent 0.00454228
8 of 21 in 12.9469 - percent 0.00592423
9 of 21 in 14.5626 - percent 0.00573447
10 of 21 in 16.1693 - percent 0.00541915
11 of 21 in 17.7771 - percent 0.00528358
12 of 21 in 19.3972 - percent 0.00568037
13 of 21 in 21.0921 - percent 0.00784787
14 of 21 in 22.966 - percent 0.0129871
15 of 21 in 24.8755 - percent 0.0185786
16 of 21 in 26.5951 - percent 0.0198859
17 of 21 in 28.2444 - percent 0.0196218
18 of 21 in 29.9671 - percent 0.020636
19 of 21 in 31.7179 - percent 0.0218914
20 of 21 in 33.4252 - percent 0.0223402
21 of 21 in 35.0522 - percent 0.0216712
 [vidi] 2 1 /home/kaya/sparyser/matrices/chesapeake.mtx_34 32 7750000734 35.8176
Perman: [veni] running with 32 rows:
1 of 21 in 1.70386 - percent 0.0014191
2 of 21 in 3.52194 - percent 0.00085943
3 of 21 in 5.29198 - percent 0.000983513
4 of 21 in 7.0458 - percent 0.00128646
5 of 21 in 8.85039 - percent 0.00111289
6 of 21 in 10.618 - percent 0.000990023
7 of 21 in 12.3606 - percent 0.00163148
8 of 21 in 14.1451 - percent 0.00207331
9 of 21 in 15.9577 - percent 0.00200189
10 of 21 in 17.7586 - percent 0.00191476
11 of 21 in 19.481 - percent 0.00176446
12 of 21 in 21.2443 - percent 0.00200032
13 of 21 in 23.0264 - percent 0.00352405
14 of 21 in 24.9379 - percent 0.00482598
15 of 21 in 26.9506 - percent 0.0116181
16 of 21 in 28.8029 - percent 0.0119703
17 of 21 in 30.587 - percent 0.0114732
18 of 21 in 32.4571 - percent 0.0125284
19 of 21 in 34.3067 - percent 0.0123074
20 of 21 in 36.1116 - percent 0.0119586
21 of 21 in 37.9491 - percent 0.0114554
 [vidi] 2 1 /home/kaya/sparyser/matrices/chesapeake.mtx_35 32 17468100819 38.7321
Perman: [veni] running with 32 rows:
1 of 21 in 1.59811 - percent 0.00553875
2 of 21 in 3.20304 - percent 0.00422392
3 of 21 in 4.81549 - percent 0.00406867
4 of 21 in 6.44072 - percent 0.0041442
5 of 21 in 8.05545 - percent 0.00429546
6 of 21 in 9.66637 - percent 0.00453185
7 of 21 in 11.3027 - percent 0.00532258
8 of 21 in 12.9437 - percent 0.00634716
9 of 21 in 14.5583 - percent 0.0060441
10 of 21 in 16.1662 - percent 0.00575914
11 of 21 in 17.7886 - percent 0.00569139
12 of 21 in 19.4984 - percent 0.0075487
13 of 21 in 21.1993 - percent 0.00948431
14 of 21 in 23.0488 - percent 0.0137555
15 of 21 in 25.034 - percent 0.0207009
16 of 21 in 26.9643 - percent 0.0253282
17 of 21 in 28.6694 - percent 0.0260275
18 of 21 in 30.4273 - percent 0.0272118
19 of 21 in 32.1532 - percent 0.0277399
20 of 21 in 33.8079 - percent 0.0271626
21 of 21 in 35.4324 - percent 0.0263758
 [vidi] 2 1 /home/kaya/sparyser/matrices/chesapeake.mtx_36 32 6408220915 36.1904
Perman: [veni] running with 32 rows:
1 of 21 in 1.77781 - percent 0.100199
2 of 21 in 3.22004 - percent 0.0500995
3 of 21 in 4.86091 - percent 0.0512789
4 of 21 in 6.35845 - percent 0.0419394
5 of 21 in 7.89214 - percent 0.0381304
6 of 21 in 9.46527 - percent 0.0383404
7 of 21 in 11.1678 - percent 0.0429257
8 of 21 in 12.826 - percent 0.04507
9 of 21 in 14.3706 - percent 0.0432234
10 of 21 in 16.0178 - percent 0.044407
11 of 21 in 17.576 - percent 0.0438728
12 of 21 in 19.6391 - percent 0.0542847
13 of 21 in 22.0532 - percent 0.0711044
14 of 21 in 24.4636 - percent 0.0850941
15 of 21 in 27.2057 - percent 0.104244
16 of 21 in 29.4457 - percent 0.111481
17 of 21 in 30.9736 - percent 0.106438
18 of 21 in 32.8695 - percent 0.108026
19 of 21 in 34.3862 - percent 0.103604
20 of 21 in 36.0724 - percent 0.101955
21 of 21 in 37.6636 - percent 0.0990452
 [vidi] 2 1 /home/kaya/sparyser/matrices/chesapeake.mtx_37 32 33537266760 38.3415
Perman: [veni] running with 32 rows:
1 of 21 in 1.62965 - percent 0.00046896
2 of 21 in 3.29407 - percent 0.00033387
3 of 21 in 4.96183 - percent 0.000284133
4 of 21 in 6.63155 - percent 0.000462973
5 of 21 in 8.32504 - percent 0.000414806
6 of 21 in 10.0003 - percent 0.00038569
7 of 21 in 11.6592 - percent 0.000589306
8 of 21 in 13.3052 - percent 0.0011014
9 of 21 in 14.9512 - percent 0.0010716
10 of 21 in 16.6208 - percent 0.00099263
11 of 21 in 18.2732 - percent 0.000983136
12 of 21 in 19.9411 - percent 0.00111946
13 of 21 in 21.5938 - percent 0.00236249
14 of 21 in 23.3265 - percent 0.00421643
15 of 21 in 25.0728 - percent 0.00782214
16 of 21 in 26.7265 - percent 0.00807324
17 of 21 in 28.3925 - percent 0.00771614
18 of 21 in 30.0108 - percent 0.00779154
19 of 21 in 31.6992 - percent 0.00781394
20 of 21 in 33.3697 - percent 0.00761131
21 of 21 in 35.0529 - percent 0.00728518
 [vidi] 2 1 /home/kaya/sparyser/matrices/chesapeake.mtx_38 32 2088230665 35.8339
Perman: [veni] running with 32 rows:
1 of 21 in 1.85753 - percent 0.140526
2 of 21 in 3.33213 - percent 0.0852126
3 of 21 in 4.70069 - percent 0.0568084
4 of 21 in 6.07155 - percent 0.0426063
5 of 21 in 7.72578 - percent 0.0499656
6 of 21 in 9.29388 - percent 0.0511452
7 of 21 in 10.8087 - percent 0.0496933
8 of 21 in 12.6 - percent 0.0584247
9 of 21 in 14.277 - percent 0.0616018
10 of 21 in 15.8348 - percent 0.0606402
11 of 21 in 17.3632 - percent 0.0591289
12 of 21 in 19.8022 - percent 0.0790259
13 of 21 in 22.4813 - percent 0.101466
14 of 21 in 24.9797 - percent 0.116773
15 of 21 in 27.8239 - percent 0.137087
16 of 21 in 30.4835 - percent 0.151001
17 of 21 in 31.8676 - percent 0.142465
18 of 21 in 33.6709 - percent 0.141645
19 of 21 in 35.3386 - percent 0.138646
20 of 21 in 37.1681 - percent 0.13835
21 of 21 in 38.562 - percent 0.132134
 [vidi] 2 1 /home/kaya/sparyser/matrices/chesapeake.mtx_39 32 12134599325 39.2091
Perman: [veni] running with 32 rows:
1 of 21 in 1.59285 - percent 0.00051843
2 of 21 in 3.24083 - percent 0.00030242
3 of 21 in 4.8586 - percent 0.000322007
4 of 21 in 6.52567 - percent 0.00045566
5 of 21 in 8.17949 - percent 0.00040134
6 of 21 in 9.82105 - percent 0.000376757
7 of 21 in 11.4808 - percent 0.000634484
8 of 21 in 13.1317 - percent 0.00102651
9 of 21 in 14.7951 - percent 0.000983796
10 of 21 in 16.4601 - percent 0.000944773
11 of 21 in 18.099 - percent 0.000882575
12 of 21 in 19.7211 - percent 0.00101288
13 of 21 in 21.3164 - percent 0.00180293
14 of 21 in 22.9925 - percent 0.00322596
15 of 21 in 24.7096 - percent 0.0068211
16 of 21 in 26.3475 - percent 0.00720835
17 of 21 in 27.9855 - percent 0.006873
18 of 21 in 29.638 - percent 0.00719067
19 of 21 in 31.2718 - percent 0.00707681
20 of 21 in 32.9123 - percent 0.00684824
21 of 21 in 34.5646 - percent 0.00656125
 [vidi] 2 1 /home/kaya/sparyser/matrices/chesapeake.mtx_40 32 708749696 35.3411
Perman: [veni] running with 32 rows:
1 of 21 in 1.99357 - percent 0.00047485
2 of 21 in 4.06544 - percent 0.0004388
3 of 21 in 6.15158 - percent 0.00033241
4 of 21 in 8.24593 - percent 0.000691027
5 of 21 in 10.3486 - percent 0.00063741
6 of 21 in 12.4109 - percent 0.000583772
7 of 21 in 14.4987 - percent 0.00130386
8 of 21 in 16.5126 - percent 0.00255036
9 of 21 in 18.6347 - percent 0.00247193
10 of 21 in 20.7537 - percent 0.00245609
11 of 21 in 22.8206 - percent 0.00229668
12 of 21 in 24.9971 - percent 0.00347074
13 of 21 in 27.0964 - percent 0.00528411
14 of 21 in 29.3381 - percent 0.00993575
15 of 21 in 31.6118 - percent 0.0171127
16 of 21 in 33.8137 - percent 0.0205109
17 of 21 in 35.9038 - percent 0.0195144
18 of 21 in 37.9867 - percent 0.0198496
19 of 21 in 40.0731 - percent 0.0194935
20 of 21 in 42.2152 - percent 0.0188046
21 of 21 in 44.3385 - percent 0.0179819
 [vidi] 2 1 /home/kaya/sparyser/matrices/chesapeake.mtx_41 32 72226489348 45.3073
Perman: [veni] running with 32 rows:
1 of 21 in 1.72303 - percent 0
2 of 21 in 3.44446 - percent 0
3 of 21 in 5.17933 - percent 0.000202113
4 of 21 in 6.95453 - percent 0.00193869
5 of 21 in 8.7236 - percent 0.00205268
6 of 21 in 10.502 - percent 0.00258813
7 of 21 in 12.2916 - percent 0.00365468
8 of 21 in 14.1062 - percent 0.00587793
9 of 21 in 15.8599 - percent 0.00522483
10 of 21 in 17.6067 - percent 0.00470234
11 of 21 in 19.3574 - percent 0.00427486
12 of 21 in 21.1097 - percent 0.00391862
13 of 21 in 22.8514 - percent 0.00361719
14 of 21 in 24.7716 - percent 0.00729197
15 of 21 in 26.8381 - percent 0.0135383
16 of 21 in 28.7719 - percent 0.0166203
17 of 21 in 30.5602 - percent 0.0163054
18 of 21 in 32.4235 - percent 0.017311
19 of 21 in 34.2646 - percent 0.0177685
20 of 21 in 36.0294 - percent 0.0168801
21 of 21 in 37.7797 - percent 0.0160763
 [vidi] 2 1 /home/kaya/sparyser/matrices/chesapeake.mtx_42 32 31683799587 38.6053
Perman: [veni] running with 32 rows:
1 of 21 in 1.47604 - percent 0.00290862
2 of 21 in 2.98779 - percent 0.00163762
3 of 21 in 4.48653 - percent 0.00152881
4 of 21 in 6.01573 - percent 0.00176149
5 of 21 in 7.54118 - percent 0.00159017
6 of 21 in 9.04245 - percent 0.00143134
7 of 21 in 10.5487 - percent 0.00216998
8 of 21 in 12.0688 - percent 0.00264423
9 of 21 in 13.5768 - percent 0.00262106
10 of 21 in 15.0776 - percent 0.0024462
11 of 21 in 16.5636 - percent 0.00231369
12 of 21 in 18.0836 - percent 0.00275136
13 of 21 in 19.669 - percent 0.00523986
14 of 21 in 21.2576 - percent 0.00644302
15 of 21 in 23.0752 - percent 0.0137688
16 of 21 in 24.6138 - percent 0.0141969
17 of 21 in 26.0979 - percent 0.0134795
18 of 21 in 27.6243 - percent 0.0138747
19 of 21 in 29.1475 - percent 0.0136417
20 of 21 in 30.6692 - percent 0.0132825
21 of 21 in 32.1932 - percent 0.0127286
 [vidi] 2 1 /home/kaya/sparyser/matrices/chesapeake.mtx_43 32 3668046202 32.8989
Perman: [veni] running with 32 rows:
1 of 21 in 1.55016 - percent 0.00991739
2 of 21 in 3.11328 - percent 0.00675818
3 of 21 in 4.65139 - percent 0.00689643
4 of 21 in 6.21194 - percent 0.0063205
5 of 21 in 7.80638 - percent 0.00618788
6 of 21 in 9.37186 - percent 0.0057506
7 of 21 in 10.9136 - percent 0.00692972
8 of 21 in 12.4593 - percent 0.00773028
