Number of rows/cols is 39
Number of nnz is    340
#d1 vertices: 0
#d2 vertices: 0
min degree: 3
************************************************************************
Algo is 2
Compress matrix 0
Apply Dulmage-Mendehlson 0
Sorting 0
Single run 0
************************************************************************
Perman: [veni] running with 32 rows:
1 of 21 in 4.87016 - percent 0.0727872
2 of 21 in 9.61194 - percent 0.0627133
3 of 21 in 14.3914 - percent 0.0618784
4 of 21 in 19.1172 - percent 0.0577457
5 of 21 in 23.8502 - percent 0.0568554
6 of 21 in 28.6389 - percent 0.0573713
7 of 21 in 33.5776 - percent 0.0602903
8 of 21 in 38.5453 - percent 0.063073
9 of 21 in 43.3655 - percent 0.0630516
10 of 21 in 48.2084 - percent 0.0633447
11 of 21 in 53.176 - percent 0.0669699
12 of 21 in 58.9961 - percent 0.0857424
13 of 21 in 65.173 - percent 0.107751
14 of 21 in 71.2772 - percent 0.125429
15 of 21 in 77.5663 - percent 0.144111
16 of 21 in 83.6031 - percent 0.156515
17 of 21 in 88.4142 - percent 0.151468
18 of 21 in 93.3262 - percent 0.147076
19 of 21 in 98.1485 - percent 0.14257
20 of 21 in 102.962 - percent 0.138586
21 of 21 in 107.688 - percent 0.134324
 [vidi] 2 0 /home/kaya/sparyser/matrices/chesapeake.mtx_0 32 793094252538 109.911
Perman: [veni] running with 32 rows:
1 of 21 in 4.13019 - percent 0.0900815
2 of 21 in 8.21132 - percent 0.0835972
3 of 21 in 12.2729 - percent 0.0798989
4 of 21 in 16.2004 - percent 0.0711549
5 of 21 in 20.2424 - percent 0.0705533
6 of 21 in 24.2725 - percent 0.0701208
7 of 21 in 28.2251 - percent 0.0669228
8 of 21 in 32.266 - percent 0.0649167
9 of 21 in 36.2255 - percent 0.0634021
10 of 21 in 40.2845 - percent 0.0640153
11 of 21 in 44.5591 - percent 0.0699583
12 of 21 in 49.6307 - percent 0.0899968
13 of 21 in 54.9289 - percent 0.1116
14 of 21 in 60.2999 - percent 0.131378
15 of 21 in 65.7205 - percent 0.149601
16 of 21 in 71.0854 - percent 0.164445
17 of 21 in 76.173 - percent 0.172797
18 of 21 in 81.51 - percent 0.183446
19 of 21 in 86.7918 - percent 0.192299
20 of 21 in 91.9888 - percent 0.199094
21 of 21 in 96.7532 - percent 0.20106
 [vidi] 2 0 /home/kaya/sparyser/matrices/chesapeake.mtx_1 32 91558475055 99.0678
Perman: [veni] running with 32 rows:
1 of 21 in 3.89515 - percent 0.0726424
2 of 21 in 7.74842 - percent 0.0678621
3 of 21 in 11.5693 - percent 0.0656696
4 of 21 in 15.2835 - percent 0.0583181
5 of 21 in 19.0874 - percent 0.0580846
6 of 21 in 22.8554 - percent 0.0562704
7 of 21 in 26.5766 - percent 0.0533956
8 of 21 in 30.3215 - percent 0.0516367
9 of 21 in 34.0356 - percent 0.0496875
10 of 21 in 37.6952 - percent 0.0472808
11 of 21 in 41.5341 - percent 0.0493493
12 of 21 in 46.249 - percent 0.0660411
13 of 21 in 51.159 - percent 0.0835483
14 of 21 in 56.1324 - percent 0.0994663
15 of 21 in 61.1574 - percent 0.114349
16 of 21 in 66.1336 - percent 0.126337
17 of 21 in 69.8938 - percent 0.121697
18 of 21 in 73.5691 - percent 0.116584
19 of 21 in 77.2612 - percent 0.112099
20 of 21 in 80.9182 - percent 0.107804
21 of 21 in 84.5538 - percent 0.103648
 [vidi] 2 0 /home/kaya/sparyser/matrices/chesapeake.mtx_2 32 426660490891 86.2856
Perman: [veni] running with 32 rows:
1 of 21 in 4.68802 - percent 0.174897
2 of 21 in 9.31838 - percent 0.150089
3 of 21 in 13.9051 - percent 0.142693
4 of 21 in 18.3437 - percent 0.121073
5 of 21 in 22.8165 - percent 0.114104
6 of 21 in 27.2535 - percent 0.108201
7 of 21 in 31.601 - percent 0.0972155
8 of 21 in 35.9074 - percent 0.0879363
9 of 21 in 40.3041 - percent 0.0839936
10 of 21 in 44.7514 - percent 0.0811145
11 of 21 in 49.2284 - percent 0.0834849
12 of 21 in 54.2042 - percent 0.0950008
13 of 21 in 59.3528 - percent 0.108687
14 of 21 in 64.4013 - percent 0.11896
15 of 21 in 69.6578 - percent 0.131536
16 of 21 in 74.8541 - percent 0.141182
17 of 21 in 79.7568 - percent 0.144432
18 of 21 in 84.8259 - percent 0.150451
19 of 21 in 89.7952 - percent 0.154212
20 of 21 in 94.7692 - percent 0.157381
21 of 21 in 99.5852 - percent 0.158097
 [vidi] 2 0 /home/kaya/sparyser/matrices/chesapeake.mtx_3 32 37396257034 101.799
Perman: [veni] running with 32 rows:
1 of 21 in 3.89711 - percent 0.0726424
2 of 21 in 7.75098 - percent 0.0678621
3 of 21 in 11.5705 - percent 0.0656696
4 of 21 in 15.2893 - percent 0.0583181
5 of 21 in 19.0936 - percent 0.0580846
6 of 21 in 22.8604 - percent 0.0562704
7 of 21 in 26.5837 - percent 0.0533956
8 of 21 in 30.3264 - percent 0.0516367
9 of 21 in 34.0409 - percent 0.0496875
10 of 21 in 37.7031 - percent 0.0472808
11 of 21 in 41.5445 - percent 0.0493493
12 of 21 in 46.2547 - percent 0.0660411
13 of 21 in 51.1654 - percent 0.0835483
14 of 21 in 56.1386 - percent 0.0994663
15 of 21 in 61.1624 - percent 0.114349
16 of 21 in 66.1382 - percent 0.126337
17 of 21 in 69.894 - percent 0.121697
18 of 21 in 73.5664 - percent 0.116584
19 of 21 in 77.2601 - percent 0.112099
20 of 21 in 80.9178 - percent 0.107804
21 of 21 in 84.5533 - percent 0.103648
 [vidi] 2 0 /home/kaya/sparyser/matrices/chesapeake.mtx_4 32 426660490891 86.2859
Perman: [veni] running with 32 rows:
1 of 21 in 4.68814 - percent 0.174897
2 of 21 in 9.31857 - percent 0.150089
3 of 21 in 13.9063 - percent 0.142693
4 of 21 in 18.3441 - percent 0.121073
5 of 21 in 22.8166 - percent 0.114104
6 of 21 in 27.2531 - percent 0.108201
7 of 21 in 31.5999 - percent 0.0972155
8 of 21 in 35.9071 - percent 0.0879363
9 of 21 in 40.3055 - percent 0.0839936
10 of 21 in 44.7525 - percent 0.0811145
11 of 21 in 49.2325 - percent 0.0834849
12 of 21 in 54.208 - percent 0.0950008
13 of 21 in 59.3557 - percent 0.108687
14 of 21 in 64.4055 - percent 0.11896
15 of 21 in 69.6621 - percent 0.131536
16 of 21 in 74.8595 - percent 0.141182
17 of 21 in 79.7608 - percent 0.144432
18 of 21 in 84.83 - percent 0.150451
19 of 21 in 89.7999 - percent 0.154212
20 of 21 in 94.7747 - percent 0.157381
21 of 21 in 99.5908 - percent 0.158097
 [vidi] 2 0 /home/kaya/sparyser/matrices/chesapeake.mtx_5 32 37396257034 101.805
Perman: [veni] running with 32 rows:
1 of 21 in 3.5763 - percent 0.0757065
2 of 21 in 7.0998 - percent 0.071443
3 of 21 in 10.5953 - percent 0.0690187
4 of 21 in 13.991 - percent 0.061786
5 of 21 in 17.4808 - percent 0.0616677
6 of 21 in 20.9557 - percent 0.0596101
7 of 21 in 24.4003 - percent 0.0564606
8 of 21 in 27.8587 - percent 0.0545053
9 of 21 in 31.2954 - percent 0.0524265
10 of 21 in 34.6387 - percent 0.0498315
11 of 21 in 38.192 - percent 0.0524401
12 of 21 in 42.6595 - percent 0.0713388
13 of 21 in 47.2909 - percent 0.0905305
14 of 21 in 51.9974 - percent 0.108134
15 of 21 in 56.732 - percent 0.123949
16 of 21 in 61.4319 - percent 0.137185
17 of 21 in 64.8712 - percent 0.131928
18 of 21 in 68.2259 - percent 0.125966
19 of 21 in 71.6114 - percent 0.12074
20 of 21 in 74.9348 - percent 0.115802
21 of 21 in 78.2478 - percent 0.111149
 [vidi] 2 0 /home/kaya/sparyser/matrices/chesapeake.mtx_6 32 197894072959 79.8295
Perman: [veni] running with 32 rows:
1 of 21 in 4.23253 - percent 0.199193
2 of 21 in 8.27668 - percent 0.170555
3 of 21 in 12.3096 - percent 0.161568
4 of 21 in 16.046 - percent 0.137188
5 of 21 in 19.8935 - percent 0.129073
6 of 21 in 23.7009 - percent 0.122026
7 of 21 in 27.3278 - percent 0.109553
8 of 21 in 30.9156 - percent 0.099061
9 of 21 in 34.631 - percent 0.0945029
10 of 21 in 38.3672 - percent 0.0911718
11 of 21 in 42.3355 - percent 0.0942862
12 of 21 in 46.9682 - percent 0.109072
13 of 21 in 51.823 - percent 0.126086
14 of 21 in 56.5742 - percent 0.138935
15 of 21 in 61.5639 - percent 0.154163
16 of 21 in 66.4846 - percent 0.166083
17 of 21 in 71.0184 - percent 0.170652
18 of 21 in 75.7739 - percent 0.178096
19 of 21 in 80.4079 - percent 0.183057
20 of 21 in 85.026 - percent 0.187225
21 of 21 in 89.4376 - percent 0.188613
 [vidi] 2 0 /home/kaya/sparyser/matrices/chesapeake.mtx_7 32 18269389665 91.432
Perman: [veni] running with 32 rows:
1 of 21 in 4.26101 - percent 0.0319773
2 of 21 in 8.57595 - percent 0.0331995
3 of 21 in 12.9308 - percent 0.0338601
4 of 21 in 17.2559 - percent 0.0354681
5 of 21 in 21.621 - percent 0.0355279
6 of 21 in 25.8008 - percent 0.0356411
7 of 21 in 29.9331 - percent 0.0365999
8 of 21 in 34.033 - percent 0.0378349
9 of 21 in 38.1442 - percent 0.0380813
10 of 21 in 42.2558 - percent 0.0379688
11 of 21 in 46.3826 - percent 0.0394275
12 of 21 in 50.8776 - percent 0.0471899
13 of 21 in 55.4627 - percent 0.05569
14 of 21 in 60.0555 - percent 0.0633869
15 of 21 in 64.6829 - percent 0.0707015
16 of 21 in 69.2939 - percent 0.0765382
17 of 21 in 73.9758 - percent 0.0790661
18 of 21 in 78.7527 - percent 0.0825195
19 of 21 in 83.4672 - percent 0.0852759
20 of 21 in 88.2278 - percent 0.087413
21 of 21 in 92.8687 - percent 0.0876136
 [vidi] 2 0 /home/kaya/sparyser/matrices/chesapeake.mtx_8 32 213033102486 95.0552
Perman: [veni] running with 32 rows:
1 of 21 in 3.61072 - percent 0.0466154
2 of 21 in 7.25108 - percent 0.0448106
3 of 21 in 10.8713 - percent 0.0453917
4 of 21 in 14.4725 - percent 0.0432363
5 of 21 in 18.1009 - percent 0.0424126
6 of 21 in 21.7399 - percent 0.0424197
7 of 21 in 25.3313 - percent 0.0410026
8 of 21 in 28.9079 - percent 0.0402243
9 of 21 in 32.5274 - percent 0.0401873
10 of 21 in 36.1474 - percent 0.0399984
11 of 21 in 39.9011 - percent 0.0424812
12 of 21 in 44.0762 - percent 0.0520341
13 of 21 in 48.3098 - percent 0.0612824
14 of 21 in 52.5117 - percent 0.0685457
15 of 21 in 56.7178 - percent 0.0761579
16 of 21 in 60.9525 - percent 0.0826228
17 of 21 in 65.0654 - percent 0.0862326
18 of 21 in 69.2697 - percent 0.0908085
19 of 21 in 73.374 - percent 0.0932346
20 of 21 in 77.479 - percent 0.0952017
21 of 21 in 81.5302 - percent 0.0967947
 [vidi] 2 0 /home/kaya/sparyser/matrices/chesapeake.mtx_9 32 105425718026 83.3853
Perman: [veni] running with 32 rows:
1 of 21 in 4.74771 - percent 0.0067822
2 of 21 in 9.55316 - percent 0.00491617
3 of 21 in 14.3685 - percent 0.00374748
4 of 21 in 19.0937 - percent 0.00297678
5 of 21 in 23.9293 - percent 0.00261226
6 of 21 in 28.8502 - percent 0.00244788
7 of 21 in 33.8047 - percent 0.00227098
8 of 21 in 38.7328 - percent 0.00215945
9 of 21 in 43.7333 - percent 0.00198524
10 of 21 in 48.7661 - percent 0.00189718
11 of 21 in 53.6527 - percent 0.00209674
12 of 21 in 58.4056 - percent 0.00318259
13 of 21 in 63.1722 - percent 0.00511414
14 of 21 in 67.9758 - percent 0.00709553
15 of 21 in 72.7598 - percent 0.00952695
16 of 21 in 77.5318 - percent 0.0106539
17 of 21 in 82.6149 - percent 0.0104649
18 of 21 in 87.7098 - percent 0.0106472
19 of 21 in 92.8369 - percent 0.0106443
20 of 21 in 98.0011 - percent 0.0105309
21 of 21 in 103.167 - percent 0.0102377
 [vidi] 2 0 /home/kaya/sparyser/matrices/chesapeake.mtx_10 32 6922166096 105.57
Perman: [veni] running with 32 rows:
1 of 21 in 3.69638 - percent 0.00833751
2 of 21 in 7.39559 - percent 0.00654289
3 of 21 in 11.1097 - percent 0.00615104
4 of 21 in 14.8642 - percent 0.00617223
5 of 21 in 18.6322 - percent 0.00563447
6 of 21 in 22.3903 - percent 0.00562013
7 of 21 in 26.126 - percent 0.00639077
8 of 21 in 29.8884 - percent 0.00738345
9 of 21 in 33.6067 - percent 0.00688541
10 of 21 in 37.4104 - percent 0.00663697
11 of 21 in 41.1436 - percent 0.00677485
12 of 21 in 45.0706 - percent 0.00932662
13 of 21 in 49.03 - percent 0.0125004
14 of 21 in 53.0585 - percent 0.0160622
15 of 21 in 57.0895 - percent 0.0216339
16 of 21 in 61.1234 - percent 0.0251514
17 of 21 in 65.0135 - percent 0.0252288
18 of 21 in 68.9211 - percent 0.0261111
19 of 21 in 72.8227 - percent 0.0262153
20 of 21 in 76.6658 - percent 0.0257149
21 of 21 in 80.4897 - percent 0.025151
 [vidi] 2 0 /home/kaya/sparyser/matrices/chesapeake.mtx_11 32 3104824211 82.2333
Perman: [veni] running with 32 rows:
1 of 21 in 3.89645 - percent 0.00610358
2 of 21 in 7.86726 - percent 0.00481662
3 of 21 in 11.7875 - percent 0.00441362
4 of 21 in 15.7588 - percent 0.00422123
5 of 21 in 19.7308 - percent 0.00379704
6 of 21 in 23.7027 - percent 0.00393924
7 of 21 in 27.6562 - percent 0.00470669
8 of 21 in 31.6193 - percent 0.00566902
9 of 21 in 35.5814 - percent 0.00528181
10 of 21 in 39.5606 - percent 0.00506974
11 of 21 in 43.5337 - percent 0.0051963
12 of 21 in 47.6064 - percent 0.00711487
13 of 21 in 51.6945 - percent 0.00940087
14 of 21 in 55.8233 - percent 0.0118288
15 of 21 in 59.9467 - percent 0.0154686
16 of 21 in 64.0829 - percent 0.0178714
17 of 21 in 68.1336 - percent 0.0181969
18 of 21 in 72.2081 - percent 0.0190706
19 of 21 in 76.2767 - percent 0.0193614
20 of 21 in 80.3117 - percent 0.0191214
21 of 21 in 84.3197 - percent 0.0188449
 [vidi] 2 0 /home/kaya/sparyser/matrices/chesapeake.mtx_12 32 23672578047 86.1942
Perman: [veni] running with 32 rows:
1 of 21 in 4.44216 - percent 0.00765472
2 of 21 in 9.08074 - percent 0.00819028
3 of 21 in 13.8319 - percent 0.00815863
4 of 21 in 18.5997 - percent 0.00940482
5 of 21 in 23.4472 - percent 0.00942993
6 of 21 in 28.1413 - percent 0.00937152
7 of 21 in 32.9049 - percent 0.00994941
8 of 21 in 37.3067 - percent 0.0105872
9 of 21 in 42.051 - percent 0.0107477
10 of 21 in 46.9001 - percent 0.0107642
11 of 21 in 51.6568 - percent 0.0104828
12 of 21 in 56.4202 - percent 0.0107296
13 of 21 in 60.8745 - percent 0.0110279
14 of 21 in 65.2532 - percent 0.0112594
15 of 21 in 69.5105 - percent 0.0115267
16 of 21 in 73.8851 - percent 0.0117823
17 of 21 in 78.657 - percent 0.0117353
18 of 21 in 83.2759 - percent 0.0119474
19 of 21 in 87.8292 - percent 0.0119301
20 of 21 in 92.5895 - percent 0.0120203
21 of 21 in 97.4467 - percent 0.0118581
 [vidi] 2 0 /home/kaya/sparyser/matrices/chesapeake.mtx_13 32 616056992 99.6524
Perman: [veni] running with 32 rows:
1 of 21 in 4.47532 - percent 0.00625571
2 of 21 in 9.11955 - percent 0.00465879
3 of 21 in 13.7749 - percent 0.00357682
4 of 21 in 18.367 - percent 0.00285287
5 of 21 in 23.0908 - percent 0.00247782
6 of 21 in 27.7868 - percent 0.00228616
7 of 21 in 32.425 - percent 0.00211251
8 of 21 in 37.0099 - percent 0.002046
9 of 21 in 41.7511 - percent 0.00186636
10 of 21 in 46.5576 - percent 0.0017425
11 of 21 in 51.2148 - percent 0.00191068
12 of 21 in 55.6453 - percent 0.00325903
13 of 21 in 60.0048 - percent 0.00552115
14 of 21 in 64.4275 - percent 0.00774336
15 of 21 in 68.7435 - percent 0.010522
16 of 21 in 73.1111 - percent 0.0118909
17 of 21 in 78.1324 - percent 0.0115838
18 of 21 in 83.0471 - percent 0.0115736
19 of 21 in 88.0665 - percent 0.0114256
20 of 21 in 93.1476 - percent 0.0112134
21 of 21 in 98.3419 - percent 0.0108561
 [vidi] 2 0 /home/kaya/sparyser/matrices/chesapeake.mtx_14 32 731619327 100.719
Perman: [veni] running with 32 rows:
1 of 21 in 4.26022 - percent 0.0319773
2 of 21 in 8.57541 - percent 0.0331995
3 of 21 in 12.9294 - percent 0.0338601
4 of 21 in 17.2546 - percent 0.0354681
5 of 21 in 21.6195 - percent 0.0355279
6 of 21 in 25.7993 - percent 0.0356411
7 of 21 in 29.9312 - percent 0.0365999
8 of 21 in 34.0308 - percent 0.0378349
9 of 21 in 38.1411 - percent 0.0380813
10 of 21 in 42.2529 - percent 0.0379688
11 of 21 in 46.379 - percent 0.0394275
12 of 21 in 50.8735 - percent 0.0471899
13 of 21 in 55.4579 - percent 0.05569
14 of 21 in 60.0507 - percent 0.0633869
15 of 21 in 64.68 - percent 0.0707015
16 of 21 in 69.2909 - percent 0.0765382
17 of 21 in 73.9725 - percent 0.0790661
18 of 21 in 78.7496 - percent 0.0825195
19 of 21 in 83.4632 - percent 0.0852759
20 of 21 in 88.2227 - percent 0.087413
21 of 21 in 92.8631 - percent 0.0876136
 [vidi] 2 0 /home/kaya/sparyser/matrices/chesapeake.mtx_15 32 213033102486 95.0495
Perman: [veni] running with 32 rows:
1 of 21 in 3.61019 - percent 0.0466154
2 of 21 in 7.24987 - percent 0.0448106
3 of 21 in 10.8703 - percent 0.0453917
4 of 21 in 14.4722 - percent 0.0432363
5 of 21 in 18.1005 - percent 0.0424126
6 of 21 in 21.7397 - percent 0.0424197
7 of 21 in 25.3315 - percent 0.0410026
8 of 21 in 28.9087 - percent 0.0402243
9 of 21 in 32.5276 - percent 0.0401873
10 of 21 in 36.1478 - percent 0.0399984
11 of 21 in 39.9015 - percent 0.0424812
12 of 21 in 44.0765 - percent 0.0520341
13 of 21 in 48.3106 - percent 0.0612824
14 of 21 in 52.5126 - percent 0.0685457
15 of 21 in 56.7185 - percent 0.0761579
16 of 21 in 60.953 - percent 0.0826228
17 of 21 in 65.0668 - percent 0.0862326
18 of 21 in 69.2708 - percent 0.0908085
19 of 21 in 73.3753 - percent 0.0932346
20 of 21 in 77.48 - percent 0.0952017
21 of 21 in 81.5313 - percent 0.0967947
 [vidi] 2 0 /home/kaya/sparyser/matrices/chesapeake.mtx_16 32 105425718026 83.3865
Perman: [veni] running with 32 rows:
1 of 21 in 5.21207 - percent 0.0159528
2 of 21 in 10.6599 - percent 0.015681
3 of 21 in 16.0727 - percent 0.0158042
4 of 21 in 21.5214 - percent 0.0147048
5 of 21 in 27.0093 - percent 0.0146249
6 of 21 in 32.4577 - percent 0.0147509
7 of 21 in 37.8035 - percent 0.0142164
8 of 21 in 43.0873 - percent 0.0136269
9 of 21 in 48.5636 - percent 0.0136227
10 of 21 in 54.0486 - percent 0.0135302
11 of 21 in 59.3676 - percent 0.0142219
12 of 21 in 64.6583 - percent 0.0173436
13 of 21 in 69.8883 - percent 0.0207399
14 of 21 in 75.1151 - percent 0.0234376
15 of 21 in 80.2483 - percent 0.0262277
16 of 21 in 85.5137 - percent 0.0285742
17 of 21 in 90.7538 - percent 0.0294211
18 of 21 in 95.9814 - percent 0.0310371
19 of 21 in 101.23 - percent 0.0319971
20 of 21 in 106.52 - percent 0.0330038
21 of 21 in 111.692 - percent 0.0331563
 [vidi] 2 0 /home/kaya/sparyser/matrices/chesapeake.mtx_17 32 60613026350 114.066
Perman: [veni] running with 32 rows:
1 of 21 in 3.25012 - percent 0.0144335
2 of 21 in 6.60506 - percent 0.0150773
3 of 21 in 9.95138 - percent 0.0142742
4 of 21 in 13.3588 - percent 0.0144364
5 of 21 in 16.6883 - percent 0.0140598
6 of 21 in 20.0432 - percent 0.0143095
7 of 21 in 23.4917 - percent 0.0159331
8 of 21 in 26.9427 - percent 0.0178997
9 of 21 in 30.359 - percent 0.0181525
10 of 21 in 33.7885 - percent 0.0183238
11 of 21 in 37.1445 - percent 0.0180177
12 of 21 in 40.6683 - percent 0.0200301
13 of 21 in 44.1152 - percent 0.0229518
14 of 21 in 47.539 - percent 0.0251112
15 of 21 in 51.036 - percent 0.0284302
16 of 21 in 54.5968 - percent 0.0302482
17 of 21 in 58.0169 - percent 0.029616
18 of 21 in 61.496 - percent 0.0301202
19 of 21 in 64.9262 - percent 0.0298233
20 of 21 in 68.4002 - percent 0.029851
21 of 21 in 71.8172 - percent 0.0293945
 [vidi] 2 0 /home/kaya/sparyser/matrices/chesapeake.mtx_18 32 3520331184 73.4075
Perman: [veni] running with 32 rows:
1 of 21 in 3.95462 - percent 0.0120897
2 of 21 in 8.02682 - percent 0.0128467
3 of 21 in 12.1067 - percent 0.0123213
4 of 21 in 16.2348 - percent 0.0124527
5 of 21 in 20.2547 - percent 0.0120931
6 of 21 in 24.3232 - percent 0.0123636
