Number of rows/cols is 39
Number of nnz is    340
#d1 vertices: 0
#d2 vertices: 0
min degree: 3
************************************************************************
Algo is 2
Compress matrix 0
Apply Dulmage-Mendehlson 0
Sorting 3
Single run 0
************************************************************************
Perman: [veni] running with 32 rows:
1 of 21 in 2.12301 - percent 0.0736596
2 of 21 in 4.16842 - percent 0.0608722
3 of 21 in 6.25597 - percent 0.0623955
4 of 21 in 8.28428 - percent 0.0580102
5 of 21 in 10.3359 - percent 0.0568198
6 of 21 in 12.3986 - percent 0.0566341
7 of 21 in 14.5694 - percent 0.0608705
8 of 21 in 16.7151 - percent 0.0631134
9 of 21 in 18.781 - percent 0.0624818
10 of 21 in 20.9051 - percent 0.0636457
11 of 21 in 23.0912 - percent 0.066043
12 of 21 in 26.0499 - percent 0.0867039
13 of 21 in 29.2213 - percent 0.109177
14 of 21 in 32.1803 - percent 0.12342
15 of 21 in 35.5048 - percent 0.143515
16 of 21 in 38.608 - percent 0.156708
17 of 21 in 40.7054 - percent 0.151338
18 of 21 in 42.8578 - percent 0.147458
19 of 21 in 44.9164 - percent 0.142549
20 of 21 in 47.0038 - percent 0.13859
21 of 21 in 49.0414 - percent 0.134285
 [vidi] 2 3 /home/kaya/sparyser/matrices/chesapeake.mtx_0 32 793094610694 50.0028
Perman: [veni] running with 32 rows:
1 of 21 in 2.16014 - percent 0.0864772
2 of 21 in 4.29728 - percent 0.0817317
3 of 21 in 6.41427 - percent 0.0776906
4 of 21 in 8.4525 - percent 0.0698524
5 of 21 in 10.5696 - percent 0.0705677
6 of 21 in 12.6683 - percent 0.0703423
7 of 21 in 14.729 - percent 0.0681767
8 of 21 in 16.7648 - percent 0.0653138
9 of 21 in 18.8239 - percent 0.0639651
10 of 21 in 20.9174 - percent 0.0640501
11 of 21 in 23.227 - percent 0.0699789
12 of 21 in 26.2016 - percent 0.0898611
13 of 21 in 29.3934 - percent 0.112523
14 of 21 in 32.6283 - percent 0.132653
15 of 21 in 35.8456 - percent 0.150025
16 of 21 in 39.072 - percent 0.164695
17 of 21 in 41.9494 - percent 0.171914
18 of 21 in 45.0911 - percent 0.182865
19 of 21 in 48.1457 - percent 0.191318
20 of 21 in 51.219 - percent 0.199279
21 of 21 in 53.9343 - percent 0.201214
 [vidi] 2 3 /home/kaya/sparyser/matrices/chesapeake.mtx_1 32 91558179685 55.2551
Perman: [veni] running with 32 rows:
1 of 21 in 2.11267 - percent 0.0735253
2 of 21 in 4.09301 - percent 0.053409
3 of 21 in 6.21994 - percent 0.0617727
4 of 21 in 8.23858 - percent 0.057244
5 of 21 in 10.2893 - percent 0.0565427
6 of 21 in 12.3115 - percent 0.0551047
7 of 21 in 14.3043 - percent 0.0524844
8 of 21 in 16.284 - percent 0.0502038
9 of 21 in 18.2608 - percent 0.0483622
10 of 21 in 20.2608 - percent 0.0475127
11 of 21 in 22.2947 - percent 0.0475974
12 of 21 in 25.2301 - percent 0.0691828
13 of 21 in 28.2633 - percent 0.0897761
14 of 21 in 30.927 - percent 0.0997783
15 of 21 in 34.0743 - percent 0.117941
16 of 21 in 36.9019 - percent 0.127938
17 of 21 in 38.8241 - percent 0.12148
18 of 21 in 40.822 - percent 0.116844
19 of 21 in 42.7593 - percent 0.111864
20 of 21 in 44.7296 - percent 0.107844
21 of 21 in 46.6765 - percent 0.103856
 [vidi] 2 3 /home/kaya/sparyser/matrices/chesapeake.mtx_2 32 426660323503 47.5854
Perman: [veni] running with 32 rows:
1 of 21 in 2.39853 - percent 0.130784
2 of 21 in 4.67733 - percent 0.102894
3 of 21 in 7.19624 - percent 0.10975
4 of 21 in 9.43328 - percent 0.093729
5 of 21 in 11.7762 - percent 0.0934495
6 of 21 in 14.3682 - percent 0.100672
7 of 21 in 16.6182 - percent 0.0904782
8 of 21 in 18.7275 - percent 0.0791684
9 of 21 in 21.1241 - percent 0.078496
10 of 21 in 23.4053 - percent 0.0760209
11 of 21 in 25.9092 - percent 0.0812081
12 of 21 in 28.7434 - percent 0.0937389
13 of 21 in 31.9004 - percent 0.113484
14 of 21 in 34.567 - percent 0.120966
15 of 21 in 37.8181 - percent 0.138632
16 of 21 in 40.7402 - percent 0.146754
17 of 21 in 43.2448 - percent 0.146413
18 of 21 in 46.3405 - percent 0.155848
19 of 21 in 48.986 - percent 0.157871
20 of 21 in 51.893 - percent 0.162497
21 of 21 in 54.3911 - percent 0.161135
 [vidi] 2 3 /home/kaya/sparyser/matrices/chesapeake.mtx_3 32 37379089970 55.3291
Perman: [veni] running with 32 rows:
1 of 21 in 2.11198 - percent 0.0735253
2 of 21 in 4.09127 - percent 0.053409
3 of 21 in 6.21893 - percent 0.0617727
4 of 21 in 8.23916 - percent 0.057244
5 of 21 in 10.2901 - percent 0.0565427
6 of 21 in 12.3128 - percent 0.0551047
7 of 21 in 14.3057 - percent 0.0524844
8 of 21 in 16.287 - percent 0.0502038
9 of 21 in 18.2637 - percent 0.0483622
10 of 21 in 20.2647 - percent 0.0475127
11 of 21 in 22.2993 - percent 0.0475974
12 of 21 in 25.2349 - percent 0.0691828
13 of 21 in 28.2677 - percent 0.0897761
14 of 21 in 30.9314 - percent 0.0997783
15 of 21 in 34.0785 - percent 0.117941
16 of 21 in 36.9064 - percent 0.127938
17 of 21 in 38.8291 - percent 0.12148
18 of 21 in 40.8282 - percent 0.116844
19 of 21 in 42.7662 - percent 0.111864
20 of 21 in 44.7365 - percent 0.107844
21 of 21 in 46.683 - percent 0.103856
 [vidi] 2 3 /home/kaya/sparyser/matrices/chesapeake.mtx_4 32 426660323503 47.5918
Perman: [veni] running with 32 rows:
1 of 21 in 2.39951 - percent 0.130784
2 of 21 in 4.67911 - percent 0.102894
3 of 21 in 7.19847 - percent 0.10975
4 of 21 in 9.43549 - percent 0.093729
5 of 21 in 11.7791 - percent 0.0934495
6 of 21 in 14.371 - percent 0.100672
7 of 21 in 16.6217 - percent 0.0904782
8 of 21 in 18.7319 - percent 0.0791684
9 of 21 in 21.1296 - percent 0.078496
10 of 21 in 23.4108 - percent 0.0760209
11 of 21 in 25.915 - percent 0.0812081
12 of 21 in 28.7496 - percent 0.0937389
13 of 21 in 31.9073 - percent 0.113484
14 of 21 in 34.5749 - percent 0.120966
15 of 21 in 37.8264 - percent 0.138632
16 of 21 in 40.7489 - percent 0.146754
17 of 21 in 43.2545 - percent 0.146413
18 of 21 in 46.3507 - percent 0.155848
19 of 21 in 48.9967 - percent 0.157871
20 of 21 in 51.9036 - percent 0.162497
21 of 21 in 54.4025 - percent 0.161135
 [vidi] 2 3 /home/kaya/sparyser/matrices/chesapeake.mtx_5 32 37379089970 55.3408
Perman: [veni] running with 32 rows:
1 of 21 in 1.92395 - percent 0.0767109
2 of 21 in 3.7102 - percent 0.056404
3 of 21 in 5.6535 - percent 0.0648358
4 of 21 in 7.48914 - percent 0.0606329
5 of 21 in 9.35897 - percent 0.0601602
6 of 21 in 11.198 - percent 0.0585624
7 of 21 in 12.9902 - percent 0.0555886
8 of 21 in 14.7776 - percent 0.0531877
9 of 21 in 16.5738 - percent 0.0511828
10 of 21 in 18.385 - percent 0.0500059
11 of 21 in 20.2448 - percent 0.0503726
12 of 21 in 23.0524 - percent 0.0741858
13 of 21 in 25.9453 - percent 0.0962781
14 of 21 in 28.4953 - percent 0.107908
15 of 21 in 31.5341 - percent 0.127682
16 of 21 in 34.2456 - percent 0.139014
17 of 21 in 35.9825 - percent 0.1317
18 of 21 in 37.7668 - percent 0.125943
19 of 21 in 39.5187 - percent 0.120326
20 of 21 in 41.2876 - percent 0.11574
21 of 21 in 43.037 - percent 0.111302
 [vidi] 2 3 /home/kaya/sparyser/matrices/chesapeake.mtx_6 32 197894620868 43.855
Perman: [veni] running with 32 rows:
1 of 21 in 2.16903 - percent 0.132002
2 of 21 in 4.24416 - percent 0.106944
3 of 21 in 6.56969 - percent 0.121725
4 of 21 in 8.59486 - percent 0.107112
5 of 21 in 10.6955 - percent 0.105136
6 of 21 in 12.9986 - percent 0.111822
7 of 21 in 14.96 - percent 0.10032
8 of 21 in 16.766 - percent 0.0877797
9 of 21 in 18.9365 - percent 0.0894555
10 of 21 in 20.9417 - percent 0.0864732
11 of 21 in 23.1972 - percent 0.0917824
12 of 21 in 26.1539 - percent 0.112425
13 of 21 in 29.2243 - percent 0.133943
14 of 21 in 31.7518 - percent 0.140985
15 of 21 in 34.8903 - percent 0.159447
16 of 21 in 37.8791 - percent 0.171253
17 of 21 in 40.4293 - percent 0.174047
18 of 21 in 43.5115 - percent 0.185936
19 of 21 in 46.0022 - percent 0.187223
20 of 21 in 48.8157 - percent 0.192127
21 of 21 in 51.3104 - percent 0.19246
 [vidi] 2 3 /home/kaya/sparyser/matrices/chesapeake.mtx_7 32 18263632427 52.1508
Perman: [veni] running with 32 rows:
1 of 21 in 1.82854 - percent 0.0328448
2 of 21 in 3.61727 - percent 0.0268038
3 of 21 in 5.4365 - percent 0.0273329
4 of 21 in 7.34559 - percent 0.0349322
5 of 21 in 9.20481 - percent 0.0361517
6 of 21 in 11.0073 - percent 0.0343982
7 of 21 in 12.9694 - percent 0.0407357
8 of 21 in 14.8706 - percent 0.043162
9 of 21 in 16.6287 - percent 0.0404118
10 of 21 in 18.4022 - percent 0.0385944
11 of 21 in 20.1973 - percent 0.0374776
12 of 21 in 22.0012 - percent 0.0368511
13 of 21 in 23.8192 - percent 0.0368253
14 of 21 in 25.9841 - percent 0.0436126
15 of 21 in 28.9463 - percent 0.0652928
16 of 21 in 31.5516 - percent 0.07737
17 of 21 in 33.7581 - percent 0.0811257
18 of 21 in 36.5637 - percent 0.0942824
19 of 21 in 38.7508 - percent 0.0963782
20 of 21 in 40.5613 - percent 0.0929697
21 of 21 in 42.3512 - percent 0.0895327
 [vidi] 2 3 /home/kaya/sparyser/matrices/chesapeake.mtx_8 32 213033113918 43.1846
Perman: [veni] running with 32 rows:
1 of 21 in 1.94539 - percent 0.0733968
2 of 21 in 3.76532 - percent 0.0530062
3 of 21 in 5.73348 - percent 0.0611215
4 of 21 in 7.59269 - percent 0.0562357
5 of 21 in 9.48297 - percent 0.0554917
6 of 21 in 11.3418 - percent 0.053915
7 of 21 in 13.1318 - percent 0.0495983
8 of 21 in 14.9195 - percent 0.0462109
9 of 21 in 16.6997 - percent 0.0435563
10 of 21 in 18.496 - percent 0.0418913
11 of 21 in 20.3475 - percent 0.0419984
12 of 21 in 23.0352 - percent 0.0618392
13 of 21 in 25.8554 - percent 0.0819917
14 of 21 in 28.3117 - percent 0.0915711
15 of 21 in 31.2727 - percent 0.110054
16 of 21 in 33.894 - percent 0.119797
17 of 21 in 35.6565 - percent 0.113859
18 of 21 in 37.5028 - percent 0.110049
19 of 21 in 39.298 - percent 0.105792
20 of 21 in 41.1174 - percent 0.102288
21 of 21 in 42.9201 - percent 0.0987981
 [vidi] 2 3 /home/kaya/sparyser/matrices/chesapeake.mtx_9 32 105425763139 43.7526
Perman: [veni] running with 32 rows:
1 of 21 in 1.79006 - percent 0.00680191
2 of 21 in 3.66659 - percent 0.00404158
3 of 21 in 5.60346 - percent 0.00269439
4 of 21 in 7.46889 - percent 0.00221006
5 of 21 in 9.44475 - percent 0.00221765
6 of 21 in 11.4063 - percent 0.00234005
7 of 21 in 13.3189 - percent 0.00208713
8 of 21 in 15.0881 - percent 0.00211798
9 of 21 in 16.9909 - percent 0.00194656
10 of 21 in 18.9183 - percent 0.00184059
11 of 21 in 20.8355 - percent 0.00189422
12 of 21 in 22.7804 - percent 0.00173636
13 of 21 in 24.7844 - percent 0.00512351
14 of 21 in 26.6318 - percent 0.00669017
15 of 21 in 28.5377 - percent 0.00984113
16 of 21 in 30.6008 - percent 0.0107352
17 of 21 in 32.5423 - percent 0.0101037
18 of 21 in 34.495 - percent 0.0105123
19 of 21 in 36.4394 - percent 0.0105773
20 of 21 in 38.454 - percent 0.0105274
21 of 21 in 40.321 - percent 0.0101731
 [vidi] 2 3 /home/kaya/sparyser/matrices/chesapeake.mtx_10 32 6922166114 41.2038
Perman: [veni] running with 32 rows:
1 of 21 in 1.67988 - percent 0.0063646
2 of 21 in 3.3769 - percent 0.00670388
3 of 21 in 5.07352 - percent 0.00596669
4 of 21 in 6.77521 - percent 0.0063671
5 of 21 in 8.48062 - percent 0.00643287
6 of 21 in 10.1653 - percent 0.00615634
7 of 21 in 11.8646 - percent 0.00636859
8 of 21 in 13.5634 - percent 0.00641071
9 of 21 in 15.2723 - percent 0.00647477
10 of 21 in 16.9706 - percent 0.00652911
11 of 21 in 18.65 - percent 0.00667267
12 of 21 in 20.4255 - percent 0.00910964
13 of 21 in 22.2655 - percent 0.0125283
14 of 21 in 24.0409 - percent 0.0136829
15 of 21 in 25.8959 - percent 0.01698
16 of 21 in 27.7369 - percent 0.0191463
17 of 21 in 29.5311 - percent 0.0201464
18 of 21 in 31.4021 - percent 0.022681
19 of 21 in 33.1879 - percent 0.0233199
20 of 21 in 35.0286 - percent 0.0248377
21 of 21 in 36.7605 - percent 0.0249118
 [vidi] 2 3 /home/kaya/sparyser/matrices/chesapeake.mtx_11 32 3104824249 37.574
Perman: [veni] running with 32 rows:
1 of 21 in 2.1947 - percent 0.00427471
2 of 21 in 4.45505 - percent 0.00500368
3 of 21 in 6.70484 - percent 0.00443697
4 of 21 in 8.93606 - percent 0.00479356
5 of 21 in 11.2226 - percent 0.00494207
6 of 21 in 13.4693 - percent 0.00464018
7 of 21 in 15.7164 - percent 0.00494434
8 of 21 in 17.8623 - percent 0.00498578
9 of 21 in 20.057 - percent 0.00497397
10 of 21 in 22.2873 - percent 0.00503024
11 of 21 in 24.5038 - percent 0.00503639
12 of 21 in 26.8173 - percent 0.00640505
13 of 21 in 29.1668 - percent 0.00924068
14 of 21 in 31.396 - percent 0.0100858
15 of 21 in 33.7557 - percent 0.0132916
16 of 21 in 36.1221 - percent 0.0146779
17 of 21 in 38.4552 - percent 0.0152382
18 of 21 in 40.8935 - percent 0.017479
19 of 21 in 43.1872 - percent 0.0177508
20 of 21 in 45.5815 - percent 0.0187281
21 of 21 in 47.876 - percent 0.0187737
 [vidi] 2 3 /home/kaya/sparyser/matrices/chesapeake.mtx_12 32 23672578522 48.9275
Perman: [veni] running with 32 rows:
1 of 21 in 1.84398 - percent 0.0122398
2 of 21 in 3.65176 - percent 0.00746671
3 of 21 in 5.48068 - percent 0.00739507
4 of 21 in 7.28042 - percent 0.0055463
5 of 21 in 9.08178 - percent 0.00443704
6 of 21 in 10.8884 - percent 0.00369754
7 of 21 in 12.7236 - percent 0.00382117
8 of 21 in 14.6226 - percent 0.00624802
9 of 21 in 16.4332 - percent 0.00565458
10 of 21 in 18.2433 - percent 0.00508912
11 of 21 in 20.0446 - percent 0.00462647
12 of 21 in 21.8532 - percent 0.00424093
13 of 21 in 23.8006 - percent 0.00684707
14 of 21 in 25.747 - percent 0.0088954
15 of 21 in 27.7444 - percent 0.0116414
16 of 21 in 29.746 - percent 0.0140935
17 of 21 in 31.5755 - percent 0.0134879
18 of 21 in 33.4298 - percent 0.0133088
19 of 21 in 35.2986 - percent 0.0133187
20 of 21 in 37.1055 - percent 0.0126528
21 of 21 in 38.9104 - percent 0.0120503
 [vidi] 2 3 /home/kaya/sparyser/matrices/chesapeake.mtx_13 32 616056992 39.7642
Perman: [veni] running with 32 rows:
1 of 21 in 1.44479 - percent 0.00461498
2 of 21 in 2.88278 - percent 0.00300508
3 of 21 in 4.32887 - percent 0.0027394
4 of 21 in 5.77751 - percent 0.00224562
5 of 21 in 7.22766 - percent 0.00191862
6 of 21 in 8.67243 - percent 0.00194468
7 of 21 in 10.1182 - percent 0.00182227
8 of 21 in 11.5476 - percent 0.00195403
9 of 21 in 12.994 - percent 0.00185318
10 of 21 in 14.4457 - percent 0.00171734
11 of 21 in 15.8946 - percent 0.00170735
12 of 21 in 17.3843 - percent 0.00314139
13 of 21 in 18.9233 - percent 0.00572128
14 of 21 in 20.3589 - percent 0.00587327
15 of 21 in 21.9143 - percent 0.00862987
16 of 21 in 23.4451 - percent 0.0105357
17 of 21 in 24.9056 - percent 0.0104218
18 of 21 in 26.4186 - percent 0.0113334
19 of 21 in 27.8749 - percent 0.0112209
20 of 21 in 29.349 - percent 0.0112222
21 of 21 in 30.801 - percent 0.010906
 [vidi] 2 3 /home/kaya/sparyser/matrices/chesapeake.mtx_14 32 731619330 31.4874
Perman: [veni] running with 32 rows:
1 of 21 in 1.82852 - percent 0.0328448
2 of 21 in 3.6174 - percent 0.0268038
3 of 21 in 5.4367 - percent 0.0273329
4 of 21 in 7.34617 - percent 0.0349322
5 of 21 in 9.20558 - percent 0.0361517
6 of 21 in 11.0082 - percent 0.0343982
7 of 21 in 12.9706 - percent 0.0407357
8 of 21 in 14.8723 - percent 0.043162
9 of 21 in 16.6304 - percent 0.0404118
10 of 21 in 18.4041 - percent 0.0385944
11 of 21 in 20.1992 - percent 0.0374776
12 of 21 in 22.0029 - percent 0.0368511
13 of 21 in 23.821 - percent 0.0368253
14 of 21 in 25.9858 - percent 0.0436126
15 of 21 in 28.9477 - percent 0.0652928
16 of 21 in 31.553 - percent 0.07737
17 of 21 in 33.7606 - percent 0.0811257
18 of 21 in 36.5663 - percent 0.0942824
19 of 21 in 38.753 - percent 0.0963782
20 of 21 in 40.5633 - percent 0.0929697
21 of 21 in 42.3531 - percent 0.0895327
 [vidi] 2 3 /home/kaya/sparyser/matrices/chesapeake.mtx_15 32 213033113918 43.1869
Perman: [veni] running with 32 rows:
1 of 21 in 1.94529 - percent 0.0733968
2 of 21 in 3.76553 - percent 0.0530062
3 of 21 in 5.73477 - percent 0.0611215
4 of 21 in 7.59357 - percent 0.0562357
5 of 21 in 9.48383 - percent 0.0554917
6 of 21 in 11.3427 - percent 0.053915
7 of 21 in 13.1327 - percent 0.0495983
8 of 21 in 14.9205 - percent 0.0462109
9 of 21 in 16.7007 - percent 0.0435563
10 of 21 in 18.4962 - percent 0.0418913
11 of 21 in 20.3472 - percent 0.0419984
12 of 21 in 23.0347 - percent 0.0618392
13 of 21 in 25.8548 - percent 0.0819917
14 of 21 in 28.3114 - percent 0.0915711
15 of 21 in 31.2722 - percent 0.110054
16 of 21 in 33.8931 - percent 0.119797
17 of 21 in 35.6554 - percent 0.113859
18 of 21 in 37.5004 - percent 0.110049
19 of 21 in 39.295 - percent 0.105792
20 of 21 in 41.1146 - percent 0.102288
21 of 21 in 42.917 - percent 0.0987981
 [vidi] 2 3 /home/kaya/sparyser/matrices/chesapeake.mtx_16 32 105425763139 43.7495
Perman: [veni] running with 32 rows:
1 of 21 in 1.82808 - percent 0.0514088
2 of 21 in 3.613 - percent 0.0356004
3 of 21 in 5.33457 - percent 0.0237336
4 of 21 in 7.06658 - percent 0.0194949
5 of 21 in 8.87826 - percent 0.0207011
6 of 21 in 10.6654 - percent 0.0200523
7 of 21 in 12.4005 - percent 0.0177351
8 of 21 in 14.1482 - percent 0.0174305
9 of 21 in 15.8916 - percent 0.0157612
10 of 21 in 17.6159 - percent 0.0145377
11 of 21 in 19.315 - percent 0.0134092
12 of 21 in 21.0414 - percent 0.0122917
13 of 21 in 23.2402 - percent 0.0223815
14 of 21 in 25.4496 - percent 0.0323169
15 of 21 in 27.7073 - percent 0.0419854
16 of 21 in 29.6475 - percent 0.0426682
17 of 21 in 31.3754 - percent 0.0401583
18 of 21 in 33.0825 - percent 0.0384394
19 of 21 in 34.7443 - percent 0.0369543
20 of 21 in 36.4556 - percent 0.0353038
21 of 21 in 38.1806 - percent 0.0337096
 [vidi] 2 3 /home/kaya/sparyser/matrices/chesapeake.mtx_17 32 60613010587 38.998
Perman: [veni] running with 32 rows:
1 of 21 in 1.60326 - percent 0.00786814
2 of 21 in 3.19632 - percent 0.00586523
3 of 21 in 4.80354 - percent 0.00681366
4 of 21 in 6.40236 - percent 0.00624747
5 of 21 in 8.00425 - percent 0.00595034
6 of 21 in 9.61809 - percent 0.00637985
7 of 21 in 11.2193 - percent 0.00609268
8 of 21 in 12.8172 - percent 0.00602141
9 of 21 in 14.4195 - percent 0.00614637
10 of 21 in 16.0157 - percent 0.00588655
11 of 21 in 17.6423 - percent 0.00654163
12 of 21 in 19.3675 - percent 0.00968554
13 of 21 in 21.1549 - percent 0.0139902
14 of 21 in 22.824 - percent 0.0149849
15 of 21 in 24.6621 - percent 0.0195333
16 of 21 in 26.4313 - percent 0.0219577
17 of 21 in 28.1426 - percent 0.022995
18 of 21 in 30.008 - percent 0.0267494
19 of 21 in 31.6979 - percent 0.0271226
20 of 21 in 33.4724 - percent 0.0288178
21 of 21 in 35.1757 - percent 0.029368
 [vidi] 2 3 /home/kaya/sparyser/matrices/chesapeake.mtx_18 32 3520331130 35.9552
Perman: [veni] running with 32 rows:
1 of 21 in 1.82774 - percent 0.00730022
2 of 21 in 3.74326 - percent 0.00528436
3 of 21 in 5.71055 - percent 0.00576438
4 of 21 in 7.65123 - percent 0.00527241
5 of 21 in 9.55257 - percent 0.00500126
6 of 21 in 11.5127 - percent 0.00528771
7 of 21 in 13.4751 - percent 0.00504011
8 of 21 in 15.3729 - percent 0.00498571
9 of 21 in 17.3517 - percent 0.00506882
10 of 21 in 19.3084 - percent 0.00487019
11 of 21 in 21.2724 - percent 0.00542868
12 of 21 in 23.3355 - percent 0.00765966
13 of 21 in 25.4183 - percent 0.0109803
14 of 21 in 27.3613 - percent 0.0120596
15 of 21 in 29.4948 - percent 0.0161438
16 of 21 in 31.6659 - percent 0.0178303
17 of 21 in 33.7819 - percent 0.0186367
18 of 21 in 36.0233 - percent 0.0219024
19 of 21 in 38.0647 - percent 0.0223994
20 of 21 in 40.1883 - percent 0.023776
21 of 21 in 42.1943 - percent 0.0241981
 [vidi] 2 3 /home/kaya/sparyser/matrices/chesapeake.mtx_19 32 8044538186 43.1067
Perman: [veni] running with 32 rows:
1 of 21 in 1.93054 - percent 0.00626601
2 of 21 in 3.88687 - percent 0.00479673
3 of 21 in 5.86716 - percent 0.00532346
4 of 21 in 7.82889 - percent 0.00475356
5 of 21 in 9.79095 - percent 0.00458313
6 of 21 in 11.7593 - percent 0.00494138
7 of 21 in 13.7189 - percent 0.0047683
8 of 21 in 15.6547 - percent 0.00467668
9 of 21 in 17.6237 - percent 0.00482643
10 of 21 in 19.5846 - percent 0.00462661
11 of 21 in 21.5313 - percent 0.00490405
12 of 21 in 23.4794 - percent 0.00614213
13 of 21 in 25.5033 - percent 0.00887218
14 of 21 in 27.4549 - percent 0.00965744
15 of 21 in 29.5077 - percent 0.0126559
16 of 21 in 31.5232 - percent 0.0140672
17 of 21 in 33.4849 - percent 0.0146685
18 of 21 in 35.5351 - percent 0.0166611
19 of 21 in 37.4933 - percent 0.0168445
20 of 21 in 39.5046 - percent 0.0176552
21 of 21 in 41.425 - percent 0.017785
 [vidi] 2 3 /home/kaya/sparyser/matrices/chesapeake.mtx_20 32 19289380288 42.313
Perman: [veni] running with 32 rows:
1 of 21 in 1.66786 - percent 0.00992532
2 of 21 in 3.30481 - percent 0.00610951
3 of 21 in 4.96329 - percent 0.00606211
4 of 21 in 6.59869 - percent 0.00454659
5 of 21 in 8.23736 - percent 0.00363727
6 of 21 in 9.86334 - percent 0.00303106
7 of 21 in 11.5133 - percent 0.00315037
8 of 21 in 13.2089 - percent 0.00498476
9 of 21 in 14.8477 - percent 0.00451801
10 of 21 in 16.4877 - percent 0.00406621
11 of 21 in 18.1194 - percent 0.00369655
12 of 21 in 19.7531 - percent 0.00338851
13 of 21 in 21.5089 - percent 0.0059055
14 of 21 in 23.257 - percent 0.00781709
15 of 21 in 25.045 - percent 0.01037
16 of 21 in 26.8392 - percent 0.0126681
17 of 21 in 28.4846 - percent 0.0121153
18 of 21 in 30.1587 - percent 0.0119784
19 of 21 in 31.8451 - percent 0.0120211
20 of 21 in 33.4784 - percent 0.01142
21 of 21 in 35.1123 - percent 0.0108762
 [vidi] 2 3 /home/kaya/sparyser/matrices/chesapeake.mtx_21 32 538261023 35.8835
Perman: [veni] running with 32 rows:
1 of 21 in 1.78239 - percent 0.00676256
2 of 21 in 3.67822 - percent 0.00402135
3 of 21 in 5.63687 - percent 0.0026809
4 of 21 in 7.51583 - percent 0.0022008
5 of 21 in 9.47189 - percent 0.00220547
6 of 21 in 11.4469 - percent 0.0023299
7 of 21 in 13.3713 - percent 0.00207806
8 of 21 in 15.1367 - percent 0.00211193
9 of 21 in 17.0295 - percent 0.00194149
10 of 21 in 18.966 - percent 0.00183561
11 of 21 in 20.9076 - percent 0.00188927
12 of 21 in 22.851 - percent 0.00173183
13 of 21 in 24.8651 - percent 0.00511012
14 of 21 in 26.7237 - percent 0.0066192
15 of 21 in 28.6352 - percent 0.00976703
16 of 21 in 30.6814 - percent 0.0107021
17 of 21 in 32.6453 - percent 0.0100725
18 of 21 in 34.6011 - percent 0.010481
19 of 21 in 36.5329 - percent 0.010538
20 of 21 in 38.5447 - percent 0.0104883
21 of 21 in 40.4354 - percent 0.0101439
 [vidi] 2 3 /home/kaya/sparyser/matrices/chesapeake.mtx_22 32 8734663664 41.3265
Perman: [veni] running with 32 rows:
1 of 21 in 1.59814 - percent 0.0384001
2 of 21 in 3.17348 - percent 0.0351161
3 of 21 in 4.7697 - percent 0.0343178
4 of 21 in 6.40972 - percent 0.0361377
5 of 21 in 8.04903 - percent 0.0366006
6 of 21 in 9.66486 - percent 0.0375672
7 of 21 in 11.3264 - percent 0.040536
8 of 21 in 13.0181 - percent 0.0440615
9 of 21 in 14.649 - percent 0.0433349
10 of 21 in 16.2646 - percent 0.0421019
11 of 21 in 17.8725 - percent 0.041325
12 of 21 in 19.5481 - percent 0.0420579
13 of 21 in 21.2387 - percent 0.0430079
14 of 21 in 22.89 - percent 0.043949
15 of 21 in 24.5666 - percent 0.0460109
16 of 21 in 26.2488 - percent 0.0479031
17 of 21 in 27.9176 - percent 0.0485982
18 of 21 in 29.5879 - percent 0.0491696
19 of 21 in 31.247 - percent 0.049395
20 of 21 in 32.8683 - percent 0.0486613
21 of 21 in 34.4736 - percent 0.047817
 [vidi] 2 3 /home/kaya/sparyser/matrices/chesapeake.mtx_23 32 302833440 35.2279
Perman: [veni] running with 32 rows:
1 of 21 in 1.57766 - percent 0.0099175
2 of 21 in 3.16578 - percent 0.0081984
3 of 21 in 4.78687 - percent 0.00968492
4 of 21 in 6.38445 - percent 0.00872925
5 of 21 in 7.9706 - percent 0.00837251
6 of 21 in 9.60431 - percent 0.0108376
7 of 21 in 11.4481 - percent 0.0218675
8 of 21 in 13.2494 - percent 0.0286352
9 of 21 in 14.9675 - percent 0.0310877
10 of 21 in 16.7525 - percent 0.0352439
11 of 21 in 18.3403 - percent 0.0335112
12 of 21 in 20.0664 - percent 0.0350834
13 of 21 in 21.9159 - percent 0.0393511
14 of 21 in 23.5411 - percent 0.0386335
15 of 21 in 25.4343 - percent 0.0431268
16 of 21 in 27.2145 - percent 0.0446097
17 of 21 in 28.8148 - percent 0.0424939
18 of 21 in 30.4047 - percent 0.0404719
19 of 21 in 32.0069 - percent 0.038901
20 of 21 in 33.6058 - percent 0.0372742
21 of 21 in 35.1968 - percent 0.0358599
 [vidi] 2 3 /home/kaya/sparyser/matrices/chesapeake.mtx_24 32 650589841 35.9619
Perman: [veni] running with 32 rows:
1 of 21 in 1.70537 - percent 0.0695493
2 of 21 in 3.31438 - percent 0.0474758
3 of 21 in 4.85586 - percent 0.0316505
4 of 21 in 6.41727 - percent 0.0253414
5 of 21 in 8.03926 - percent 0.02603
6 of 21 in 9.6577 - percent 0.0246039
7 of 21 in 11.2374 - percent 0.022358
8 of 21 in 12.8343 - percent 0.0237875
9 of 21 in 14.3766 - percent 0.0217346
10 of 21 in 15.9731 - percent 0.0202388
11 of 21 in 17.5674 - percent 0.018688
12 of 21 in 19.1232 - percent 0.0171307
13 of 21 in 21.1678 - percent 0.0275091
14 of 21 in 23.4159 - percent 0.0419771
15 of 21 in 25.6928 - percent 0.055306
16 of 21 in 27.4794 - percent 0.0557786
17 of 21 in 29.0249 - percent 0.0524976
18 of 21 in 30.6198 - percent 0.0502725
19 of 21 in 32.2274 - percent 0.0483833
20 of 21 in 33.8147 - percent 0.0461605
21 of 21 in 35.376 - percent 0.0440839
 [vidi] 2 3 /home/kaya/sparyser/matrices/chesapeake.mtx_25 32 3104819407 36.1197
Perman: [veni] running with 32 rows:
1 of 21 in 1.44897 - percent 0.00654056
2 of 21 in 2.89138 - percent 0.00582678
3 of 21 in 4.32415 - percent 0.00455128
4 of 21 in 5.77382 - percent 0.005164
5 of 21 in 7.22251 - percent 0.00551222
6 of 21 in 8.65659 - percent 0.00494867
7 of 21 in 10.0987 - percent 0.00498322
8 of 21 in 11.5495 - percent 0.00523559
9 of 21 in 12.9966 - percent 0.00534456
10 of 21 in 14.4386 - percent 0.00531947
11 of 21 in 15.8717 - percent 0.00504896
12 of 21 in 17.4044 - percent 0.00769234
13 of 21 in 18.97 - percent 0.0107613
14 of 21 in 20.45 - percent 0.0112396
15 of 21 in 22.002 - percent 0.0134429
16 of 21 in 23.5879 - percent 0.0158345
17 of 21 in 25.1265 - percent 0.0170517
18 of 21 in 26.6858 - percent 0.0187194
19 of 21 in 28.1905 - percent 0.0190887
20 of 21 in 29.7742 - percent 0.0207197
21 of 21 in 31.2793 - percent 0.0211475
 [vidi] 2 3 /home/kaya/sparyser/matrices/chesapeake.mtx_26 32 196001400 31.9779
Perman: [veni] running with 32 rows:
1 of 21 in 2.00549 - percent 0.0759622
2 of 21 in 4.03402 - percent 0.0751203
3 of 21 in 6.05618 - percent 0.0737045
4 of 21 in 8.02001 - percent 0.0680289
5 of 21 in 9.95661 - percent 0.0649072
6 of 21 in 11.8978 - percent 0.0624101
7 of 21 in 13.9096 - percent 0.0627801
8 of 21 in 15.9144 - percent 0.0633058
9 of 21 in 17.8923 - percent 0.0623545
10 of 21 in 19.8658 - percent 0.0615417
11 of 21 in 21.8623 - percent 0.0616347
12 of 21 in 23.8822 - percent 0.0622472
13 of 21 in 25.8913 - percent 0.063271
14 of 21 in 28.4809 - percent 0.0759669
15 of 21 in 31.6748 - percent 0.0985319
16 of 21 in 34.81 - percent 0.116874
17 of 21 in 37.6333 - percent 0.127617
18 of 21 in 40.5271 - percent 0.138474
19 of 21 in 43.1695 - percent 0.144212
20 of 21 in 45.1416 - percent 0.139738
21 of 21 in 47.095 - percent 0.135452
 [vidi] 2 3 /home/kaya/sparyser/matrices/chesapeake.mtx_27 32 1476969600408 48.0061
Perman: [veni] running with 32 rows:
1 of 21 in 2.04522 - percent 0.0877464
2 of 21 in 4.02594 - percent 0.0775322
3 of 21 in 6.06033 - percent 0.0785654
4 of 21 in 8.05918 - percent 0.0742986
5 of 21 in 10.1158 - percent 0.0754793
6 of 21 in 12.5752 - percent 0.0957427
7 of 21 in 15.5075 - percent 0.129656
8 of 21 in 18.4826 - percent 0.156975
9 of 21 in 21.3459 - percent 0.174267
10 of 21 in 24.2422 - percent 0.18889
11 of 21 in 26.9316 - percent 0.195473
12 of 21 in 29.9524 - percent 0.209138
13 of 21 in 33.129 - percent 0.224337
14 of 21 in 36.3116 - percent 0.237494
15 of 21 in 39.5519 - percent 0.250283
16 of 21 in 42.6095 - percent 0.258252
17 of 21 in 44.6975 - percent 0.248119
18 of 21 in 46.6463 - percent 0.23701
19 of 21 in 48.6121 - percent 0.22732
20 of 21 in 50.5769 - percent 0.218538
21 of 21 in 52.5701 - percent 0.211093
 [vidi] 2 3 /home/kaya/sparyser/matrices/chesapeake.mtx_28 32 107019315344 53.5384
Perman: [veni] running with 32 rows:
1 of 21 in 2.02176 - percent 0.0728868
2 of 21 in 4.0497 - percent 0.073203
3 of 21 in 6.06655 - percent 0.0726232
4 of 21 in 8.0314 - percent 0.0684628
5 of 21 in 9.99756 - percent 0.065904
6 of 21 in 11.9469 - percent 0.0636731
7 of 21 in 13.9571 - percent 0.064295
8 of 21 in 15.9549 - percent 0.0646435
9 of 21 in 17.9318 - percent 0.0640536
10 of 21 in 19.9048 - percent 0.0632984
11 of 21 in 21.8898 - percent 0.0632311
12 of 21 in 23.9049 - percent 0.0638028
13 of 21 in 25.9241 - percent 0.0644897
14 of 21 in 28.4976 - percent 0.0760961
15 of 21 in 31.6662 - percent 0.0975606
16 of 21 in 34.844 - percent 0.116386
17 of 21 in 37.7515 - percent 0.12836
18 of 21 in 40.7031 - percent 0.139822
19 of 21 in 43.3726 - percent 0.14581
20 of 21 in 45.3373 - percent 0.141314
21 of 21 in 47.2992 - percent 0.137166
 [vidi] 2 3 /home/kaya/sparyser/matrices/chesapeake.mtx_29 32 1101586718785 48.2127
Perman: [veni] running with 32 rows:
1 of 21 in 2.04598 - percent 0.0854526
2 of 21 in 4.0317 - percent 0.0745057
3 of 21 in 6.06261 - percent 0.0761502
4 of 21 in 8.04098 - percent 0.0722745
5 of 21 in 10.083 - percent 0.0736987
6 of 21 in 12.5595 - percent 0.0949485
7 of 21 in 15.5174 - percent 0.129738
8 of 21 in 18.52 - percent 0.157599
9 of 21 in 21.4679 - percent 0.177192
10 of 21 in 24.4558 - percent 0.19394
11 of 21 in 27.184 - percent 0.2007
12 of 21 in 30.2402 - percent 0.214316
13 of 21 in 33.4431 - percent 0.229508
14 of 21 in 36.5951 - percent 0.241032
15 of 21 in 39.7903 - percent 0.25236
16 of 21 in 42.8071 - percent 0.258745
17 of 21 in 44.8804 - percent 0.248795
18 of 21 in 46.8223 - percent 0.237833
19 of 21 in 48.7833 - percent 0.228317
20 of 21 in 50.727 - percent 0.219451
21 of 21 in 52.7055 - percent 0.211936
 [vidi] 2 3 /home/kaya/sparyser/matrices/chesapeake.mtx_30 32 78950560781 53.6639
Perman: [veni] running with 32 rows:
1 of 21 in 1.94828 - percent 0.0755558
2 of 21 in 3.78968 - percent 0.0603599
3 of 21 in 5.63132 - percent 0.0552946
4 of 21 in 7.61399 - percent 0.062932
5 of 21 in 9.38901 - percent 0.055398
6 of 21 in 11.0955 - percent 0.0471671
7 of 21 in 12.9645 - percent 0.0481056
8 of 21 in 15.1362 - percent 0.0597881
9 of 21 in 16.8209 - percent 0.0531449
10 of 21 in 18.6069 - percent 0.0506731
11 of 21 in 20.5513 - percent 0.0527735
12 of 21 in 22.3943 - percent 0.0521138
13 of 21 in 24.4986 - percent 0.0572629
14 of 21 in 26.9189 - percent 0.0681733
15 of 21 in 29.8271 - percent 0.0869472
16 of 21 in 32.5051 - percent 0.0992638
17 of 21 in 34.5006 - percent 0.0986211
18 of 21 in 37.406 - percent 0.112421
19 of 21 in 40.0511 - percent 0.120824
20 of 21 in 41.9978 - percent 0.118456
21 of 21 in 43.7341 - percent 0.113487
 [vidi] 2 3 /home/kaya/sparyser/matrices/chesapeake.mtx_31 32 320131781141 44.5886
Perman: [veni] running with 32 rows:
1 of 21 in 2.05986 - percent 0.109657
2 of 21 in 3.74639 - percent 0.0552533
3 of 21 in 5.59898 - percent 0.0540867
4 of 21 in 7.52412 - percent 0.0579881
5 of 21 in 9.20532 - percent 0.0463905
6 of 21 in 11.0635 - percent 0.0472843
7 of 21 in 13.8215 - percent 0.084313
8 of 21 in 16.217 - percent 0.0993575
9 of 21 in 18.2653 - percent 0.0999797
10 of 21 in 20.355 - percent 0.101492
11 of 21 in 22.129 - percent 0.0945557
12 of 21 in 24.2544 - percent 0.0972784
13 of 21 in 26.8625 - percent 0.110227
14 of 21 in 28.7309 - percent 0.10617
15 of 21 in 31.5047 - percent 0.119975
16 of 21 in 33.8735 - percent 0.12483
17 of 21 in 35.6679 - percent 0.11944
18 of 21 in 37.5556 - percent 0.116089
19 of 21 in 39.4137 - percent 0.11266
20 of 21 in 41.2423 - percent 0.109172
21 of 21 in 42.9242 - percent 0.103973
 [vidi] 2 3 /home/kaya/sparyser/matrices/chesapeake.mtx_32 32 236000588415 44.0052
Perman: [veni] running with 32 rows:
1 of 21 in 1.56498 - percent 0.0063175
2 of 21 in 3.15236 - percent 0.00402237
3 of 21 in 4.75877 - percent 0.00347609
4 of 21 in 6.3721 - percent 0.00272763
5 of 21 in 7.98208 - percent 0.00230615
6 of 21 in 9.58926 - percent 0.00228432
7 of 21 in 11.2018 - percent 0.00208342
8 of 21 in 12.7978 - percent 0.00217278
9 of 21 in 14.4077 - percent 0.00201911
10 of 21 in 16.0247 - percent 0.00185678
11 of 21 in 17.6314 - percent 0.0018253
12 of 21 in 19.2716 - percent 0.00253993
13 of 21 in 20.9672 - percent 0.00489633
14 of 21 in 22.5563 - percent 0.00506466
15 of 21 in 24.2702 - percent 0.00817265
16 of 21 in 25.9651 - percent 0.00983576
17 of 21 in 27.5823 - percent 0.00944748
18 of 21 in 29.2508 - percent 0.0101542
19 of 21 in 30.8843 - percent 0.0101497
20 of 21 in 32.5169 - percent 0.0099548
21 of 21 in 34.1292 - percent 0.00964909
 [vidi] 2 3 /home/kaya/sparyser/matrices/chesapeake.mtx_33 32 11639867977 34.8878
Perman: [veni] running with 32 rows:
1 of 21 in 1.56532 - percent 0.00893966
2 of 21 in 3.13748 - percent 0.0100776
3 of 21 in 4.684 - percent 0.0075862
4 of 21 in 6.26562 - percent 0.0086491
5 of 21 in 7.81201 - percent 0.0073263
6 of 21 in 9.36528 - percent 0.00646789
7 of 21 in 10.9455 - percent 0.00704674
8 of 21 in 12.6531 - percent 0.0124736
9 of 21 in 14.235 - percent 0.0124822
10 of 21 in 15.7929 - percent 0.0117154
11 of 21 in 17.3424 - percent 0.0107931
12 of 21 in 18.906 - percent 0.0104777
13 of 21 in 20.7058 - percent 0.0157611
14 of 21 in 22.339 - percent 0.0169382
15 of 21 in 24.1898 - percent 0.0224068
16 of 21 in 25.7781 - percent 0.022082
17 of 21 in 27.3352 - percent 0.0209892
18 of 21 in 29.0345 - percent 0.0224195
19 of 21 in 30.6839 - percent 0.0229284
20 of 21 in 32.2955 - percent 0.0228176
21 of 21 in 33.8438 - percent 0.0218071
 [vidi] 2 3 /home/kaya/sparyser/matrices/chesapeake.mtx_34 32 7750000496 34.5786
Perman: [veni] running with 32 rows:
1 of 21 in 1.93063 - percent 0.00686978
2 of 21 in 4.14129 - percent 0.00397334
3 of 21 in 6.42205 - percent 0.00264889
4 of 21 in 8.64168 - percent 0.00212549
5 of 21 in 10.7641 - percent 0.00217225
6 of 21 in 12.9842 - percent 0.00227137
7 of 21 in 15.2144 - percent 0.00319448
8 of 21 in 17.3861 - percent 0.00563266
9 of 21 in 19.6753 - percent 0.00575568
10 of 21 in 21.8792 - percent 0.00605056
11 of 21 in 24.0285 - percent 0.0057697
12 of 21 in 26.2861 - percent 0.00528889
13 of 21 in 28.524 - percent 0.0091593
14 of 21 in 30.4973 - percent 0.0102418
15 of 21 in 32.664 - percent 0.0141387
16 of 21 in 35.0653 - percent 0.0147239
17 of 21 in 37.2746 - percent 0.0138578
18 of 21 in 39.3346 - percent 0.0131337
19 of 21 in 41.2879 - percent 0.0125249
20 of 21 in 43.4313 - percent 0.0119198
21 of 21 in 45.5874 - percent 0.0114145
 [vidi] 2 3 /home/kaya/sparyser/matrices/chesapeake.mtx_35 32 17468101069 46.6037
Perman: [veni] running with 32 rows:
1 of 21 in 1.67075 - percent 0.00750386
2 of 21 in 3.34959 - percent 0.00549965
3 of 21 in 5.05031 - percent 0.00610956
4 of 21 in 6.74429 - percent 0.00564478
5 of 21 in 8.42367 - percent 0.00533884
6 of 21 in 10.114 - percent 0.00564159
7 of 21 in 11.7998 - percent 0.00538853
8 of 21 in 13.4949 - percent 0.00536375
9 of 21 in 15.1952 - percent 0.00547194
10 of 21 in 16.8692 - percent 0.00526695
11 of 21 in 18.5634 - percent 0.00589833
12 of 21 in 20.3565 - percent 0.00859165
13 of 21 in 22.2283 - percent 0.0121709
14 of 21 in 23.9946 - percent 0.0132283
15 of 21 in 25.9277 - percent 0.0173876
16 of 21 in 27.7687 - percent 0.0192344
17 of 21 in 29.5654 - percent 0.0201793
18 of 21 in 31.534 - percent 0.0237371
19 of 21 in 33.3245 - percent 0.0242456
20 of 21 in 35.1971 - percent 0.0257107
21 of 21 in 36.986 - percent 0.026207
 [vidi] 2 3 /home/kaya/sparyser/matrices/chesapeake.mtx_36 32 6408221120 37.8004
Perman: [veni] running with 32 rows:
1 of 21 in 1.8139 - percent 0.0768812
2 of 21 in 3.60314 - percent 0.0640532
3 of 21 in 5.42161 - percent 0.0616672
4 of 21 in 7.18432 - percent 0.0543546
5 of 21 in 8.99048 - percent 0.0520879
6 of 21 in 10.804 - percent 0.0509116
7 of 21 in 12.6233 - percent 0.0517228
8 of 21 in 14.4364 - percent 0.0526941
9 of 21 in 16.1837 - percent 0.0509224
10 of 21 in 17.9218 - percent 0.0493634
11 of 21 in 19.767 - percent 0.0511118
12 of 21 in 22.0979 - percent 0.062472
13 of 21 in 24.6057 - percent 0.0765441
14 of 21 in 27.1531 - percent 0.0898705
15 of 21 in 29.8959 - percent 0.106425
16 of 21 in 32.3985 - percent 0.115429
17 of 21 in 34.1845 - percent 0.111484
18 of 21 in 35.9761 - percent 0.108453
19 of 21 in 37.7551 - percent 0.1052
20 of 21 in 39.545 - percent 0.101846
21 of 21 in 41.2686 - percent 0.0983963
 [vidi] 2 3 /home/kaya/sparyser/matrices/chesapeake.mtx_37 32 33537261681 42.0668
Perman: [veni] running with 32 rows:
1 of 21 in 1.9421 - percent 0.0029325
2 of 21 in 4.06391 - percent 0.0022564
3 of 21 in 6.19944 - percent 0.0020697
4 of 21 in 8.32307 - percent 0.00158817
5 of 21 in 10.4409 - percent 0.00132344
6 of 21 in 12.5598 - percent 0.00134579
7 of 21 in 14.6509 - percent 0.002089
8 of 21 in 16.7541 - percent 0.00368001
9 of 21 in 18.9049 - percent 0.00355241
10 of 21 in 21.0588 - percent 0.00328571
11 of 21 in 23.1352 - percent 0.0031424
12 of 21 in 25.2866 - percent 0.00343994
13 of 21 in 27.404 - percent 0.00520032
14 of 21 in 29.5144 - percent 0.00674212
15 of 21 in 31.4439 - percent 0.00832915
16 of 21 in 33.6038 - percent 0.00944235
17 of 21 in 35.7583 - percent 0.00889486
18 of 21 in 37.7362 - percent 0.00842831
19 of 21 in 39.822 - percent 0.00800552
20 of 21 in 41.9438 - percent 0.00761169
21 of 21 in 44.0609 - percent 0.00725625
 [vidi] 2 3 /home/kaya/sparyser/matrices/chesapeake.mtx_38 32 2088230656 45.0457
Perman: [veni] running with 32 rows:
1 of 21 in 1.72399 - percent 0.0993122
2 of 21 in 3.31645 - percent 0.0801584
3 of 21 in 4.91102 - percent 0.0737739
4 of 21 in 6.59923 - percent 0.0764948
5 of 21 in 8.08473 - percent 0.0664136
6 of 21 in 9.49926 - percent 0.0563924
7 of 21 in 11.0691 - percent 0.0557548
8 of 21 in 12.9406 - percent 0.0660241
9 of 21 in 14.3235 - percent 0.0586881
10 of 21 in 15.8312 - percent 0.0562815
11 of 21 in 17.5537 - percent 0.0599787
12 of 21 in 19.1204 - percent 0.0591377
13 of 21 in 20.9825 - percent 0.0649098
14 of 21 in 23.2302 - percent 0.0777958
15 of 21 in 26.0365 - percent 0.0995718
16 of 21 in 28.609 - percent 0.114553
17 of 21 in 30.361 - percent 0.113976
18 of 21 in 33.166 - percent 0.130033
19 of 21 in 35.6812 - percent 0.139985
20 of 21 in 37.3649 - percent 0.137113
21 of 21 in 38.8084 - percent 0.131296
 [vidi] 2 3 /home/kaya/sparyser/matrices/chesapeake.mtx_39 32 12134595877 39.5321
Perman: [veni] running with 32 rows:
1 of 21 in 1.66375 - percent 0.00356793
2 of 21 in 3.33082 - percent 0.00190002
3 of 21 in 4.99519 - percent 0.0018191
4 of 21 in 6.66748 - percent 0.00138069
5 of 21 in 8.33819 - percent 0.0011494
6 of 21 in 9.98828 - percent 0.00129713
7 of 21 in 11.6571 - percent 0.00274404
8 of 21 in 13.3383 - percent 0.00414242
9 of 21 in 14.9851 - percent 0.00406677
10 of 21 in 16.6167 - percent 0.00399469
11 of 21 in 18.2527 - percent 0.00364495
12 of 21 in 19.9011 - percent 0.00406485
13 of 21 in 21.6095 - percent 0.00559972
14 of 21 in 23.2639 - percent 0.00561319
15 of 21 in 25.0048 - percent 0.00748247
16 of 21 in 26.7084 - percent 0.00846172
17 of 21 in 28.3737 - percent 0.00797818
18 of 21 in 30.0454 - percent 0.00755164
19 of 21 in 31.7173 - percent 0.00721408
20 of 21 in 33.3874 - percent 0.00685683
21 of 21 in 35.0599 - percent 0.00653874
 [vidi] 2 3 /home/kaya/sparyser/matrices/chesapeake.mtx_40 32 708749696 35.8469
Perman: [veni] running with 32 rows:
1 of 21 in 2.10541 - percent 0.00765242
2 of 21 in 4.40854 - percent 0.0058905
3 of 21 in 6.78221 - percent 0.00555758
4 of 21 in 9.26816 - percent 0.00426289
5 of 21 in 11.8144 - percent 0.00354821
6 of 21 in 14.4558 - percent 0.00357094
7 of 21 in 16.8955 - percent 0.00314014
8 of 21 in 19.3159 - percent 0.00281905
9 of 21 in 21.8256 - percent 0.00252935
10 of 21 in 24.2693 - percent 0.00227641
11 of 21 in 26.6542 - percent 0.00224896
12 of 21 in 29.4027 - percent 0.00334858
13 of 21 in 32.1116 - percent 0.00826191
14 of 21 in 34.6884 - percent 0.0122639
