Number of rows/cols is 48
Number of nnz is    306
#d1 vertices: 0
#d2 vertices: 0
min degree: 4
************************************************************************
Algo is 2
Compress matrix 0
Apply Dulmage-Mendehlson 0
Sorting 1
Single run 0
************************************************************************
Perman: [veni] running with 45 rows:
1 of 175921 in 2.14905 - percent 0.0449363
2 of 175921 in 4.15805 - percent 0.0334903
3 of 175921 in 6.17796 - percent 0.0310517
4 of 175921 in 8.09873 - percent 0.0264261
5 of 175921 in 10.0807 - percent 0.0255944
6 of 175921 in 12.0768 - percent 0.0254531
7 of 175921 in 13.9832 - percent 0.0232295
8 of 175921 in 15.8603 - percent 0.0210744
9 of 175921 in 17.7883 - percent 0.0198593
10 of 175921 in 19.739 - percent 0.0191394
11 of 175921 in 21.7575 - percent 0.0197426
12 of 175921 in 23.6788 - percent 0.0192028
13 of 175921 in 25.5538 - percent 0.0181822
14 of 175921 in 27.4325 - percent 0.0173851
15 of 175921 in 29.3073 - percent 0.0165955
16 of 175921 in 31.233 - percent 0.016388
17 of 175921 in 33.2329 - percent 0.0169151
18 of 175921 in 35.162 - percent 0.0167192
19 of 175921 in 37.1 - percent 0.0166959
20 of 175921 in 39.0195 - percent 0.016521
21 of 175921 in 41 - percent 0.016787
22 of 175921 in 42.953 - percent 0.016863
23 of 175921 in 44.8237 - percent 0.0163564
24 of 175921 in 46.6857 - percent 0.0158243
25 of 175921 in 48.5948 - percent 0.0153747
26 of 175921 in 50.5263 - percent 0.0150049
27 of 175921 in 52.4653 - percent 0.0147504
28 of 175921 in 54.3921 - percent 0.0143913
29 of 175921 in 56.3034 - percent 0.0139653
30 of 175921 in 58.1871 - percent 0.0135663
31 of 175921 in 60.036 - percent 0.0131773
32 of 175921 in 61.8988 - percent 0.0128741
33 of 175921 in 63.7929 - percent 0.0127317
34 of 175921 in 65.6564 - percent 0.0124744
35 of 175921 in 67.519 - percent 0.0122199
36 of 175921 in 69.3805 - percent 0.0119586
37 of 175921 in 71.2545 - percent 0.0117743
38 of 175921 in 73.1709 - percent 0.0117692
39 of 175921 in 75.0793 - percent 0.0117453
40 of 175921 in 76.9577 - percent 0.0116044
41 of 175921 in 78.8558 - percent 0.0115526
42 of 175921 in 80.7415 - percent 0.0114599
43 of 175921 in 82.6742 - percent 0.0115372
44 of 175921 in 84.5458 - percent 0.0113983
45 of 175921 in 86.4005 - percent 0.0112017
46 of 175921 in 88.2577 - percent 0.0110168
47 of 175921 in 90.1081 - percent 0.0108219
48 of 175921 in 91.9696 - percent 0.0106741
49 of 175921 in 93.8373 - percent 0.0105384
50 of 175921 in 95.6903 - percent 0.0103614
51 of 175921 in 97.5412 - percent 0.0101842
52 of 175921 in 99.3924 - percent 0.0100201
53 of 175921 in 101.246 - percent 0.00986834
54 of 175921 in 103.11 - percent 0.00975237
55 of 175921 in 104.96 - percent 0.00959993
56 of 175921 in 106.803 - percent 0.00944077
57 of 175921 in 108.684 - percent 0.00929194
58 of 175921 in 110.591 - percent 0.00914857
59 of 175921 in 112.498 - percent 0.00902194
60 of 175921 in 114.402 - percent 0.00891797
61 of 175921 in 116.309 - percent 0.00880256
62 of 175921 in 118.193 - percent 0.00868199
63 of 175921 in 120.039 - percent 0.0085587
64 of 175921 in 121.89 - percent 0.0084585
65 of 175921 in 123.773 - percent 0.00845145
66 of 175921 in 125.658 - percent 0.00843758
67 of 175921 in 127.517 - percent 0.00837197
68 of 175921 in 129.375 - percent 0.00831042
69 of 175921 in 131.245 - percent 0.00826052
70 of 175921 in 133.133 - percent 0.00827061
71 of 175921 in 135 - percent 0.00821267
72 of 175921 in 136.852 - percent 0.00813295
73 of 175921 in 138.706 - percent 0.00806906
74 of 175921 in 140.564 - percent 0.00800326
75 of 175921 in 142.439 - percent 0.00797368
76 of 175921 in 144.37 - percent 0.00801799
77 of 175921 in 146.273 - percent 0.00798435
78 of 175921 in 148.166 - percent 0.00794707
79 of 175921 in 150.023 - percent 0.00787857
80 of 175921 in 151.89 - percent 0.00783024
81 of 175921 in 153.785 - percent 0.00785102
82 of 175921 in 155.669 - percent 0.00784162
83 of 175921 in 157.531 - percent 0.0077911
84 of 175921 in 159.434 - percent 0.00778857
85 of 175921 in 161.354 - percent 0.00779464
86 of 175921 in 163.327 - percent 0.00790648
87 of 175921 in 165.24 - percent 0.00789091
88 of 175921 in 167.137 - percent 0.00784474
89 of 175921 in 169.014 - percent 0.00779617
90 of 175921 in 170.87 - percent 0.00773534
91 of 175921 in 172.744 - percent 0.00771223
92 of 175921 in 174.606 - percent 0.00767306
93 of 175921 in 176.466 - percent 0.00761342
94 of 175921 in 178.32 - percent 0.00755337
95 of 175921 in 180.203 - percent 0.00749369
96 of 175921 in 182.099 - percent 0.00744864
97 of 175921 in 183.986 - percent 0.00742244
98 of 175921 in 185.84 - percent 0.00737022
99 of 175921 in 187.685 - percent 0.00730608
100 of 175921 in 189.533 - percent 0.00725142
101 of 175921 in 191.384 - percent 0.00719239
102 of 175921 in 193.241 - percent 0.00715253
103 of 175921 in 195.107 - percent 0.00713399
104 of 175921 in 196.963 - percent 0.00708669
105 of 175921 in 198.812 - percent 0.0070454
106 of 175921 in 200.659 - percent 0.00699447
107 of 175921 in 202.519 - percent 0.00696413
108 of 175921 in 204.376 - percent 0.00692928
109 of 175921 in 206.22 - percent 0.0068732
110 of 175921 in 208.064 - percent 0.00681496
111 of 175921 in 209.962 - percent 0.00676056
112 of 175921 in 211.869 - percent 0.00671152
113 of 175921 in 213.77 - percent 0.00666584
114 of 175921 in 215.677 - percent 0.00661673
115 of 175921 in 217.584 - percent 0.00656399
116 of 175921 in 219.454 - percent 0.00651141
117 of 175921 in 221.298 - percent 0.00645885
118 of 175921 in 223.144 - percent 0.0064092
119 of 175921 in 224.996 - percent 0.00636876
120 of 175921 in 226.843 - percent 0.00632258
121 of 175921 in 228.692 - percent 0.0062769
122 of 175921 in 230.541 - percent 0.00623191
123 of 175921 in 232.392 - percent 0.00619071
124 of 175921 in 234.252 - percent 0.00616288
125 of 175921 in 236.102 - percent 0.00612764
126 of 175921 in 237.953 - percent 0.00608837
127 of 175921 in 239.802 - percent 0.00605026
128 of 175921 in 241.648 - percent 0.00601321
129 of 175921 in 243.51 - percent 0.00599625
130 of 175921 in 245.389 - percent 0.00599757
131 of 175921 in 247.255 - percent 0.00598064
132 of 175921 in 249.122 - percent 0.00596651
133 of 175921 in 250.982 - percent 0.00594433
134 of 175921 in 252.852 - percent 0.00593612
135 of 175921 in 254.723 - percent 0.00592523
136 of 175921 in 256.578 - percent 0.00589471
137 of 175921 in 258.43 - percent 0.00586232
138 of 175921 in 260.28 - percent 0.00583014
139 of 175921 in 262.14 - percent 0.00580799
140 of 175921 in 264.001 - percent 0.00579032
141 of 175921 in 265.852 - percent 0.00575943
142 of 175921 in 267.698 - percent 0.00572311
143 of 175921 in 269.586 - percent 0.00568932
144 of 175921 in 271.499 - percent 0.00565825
145 of 175921 in 273.409 - percent 0.00563355
146 of 175921 in 275.325 - percent 0.00562026
147 of 175921 in 277.235 - percent 0.00559675
148 of 175921 in 279.123 - percent 0.00557356
149 of 175921 in 280.974 - percent 0.00554665
150 of 175921 in 282.829 - percent 0.00552747
151 of 175921 in 284.738 - percent 0.00556829
152 of 175921 in 286.628 - percent 0.00558374
153 of 175921 in 288.506 - percent 0.0055921
154 of 175921 in 290.381 - percent 0.00559525
155 of 175921 in 292.265 - percent 0.00560117
156 of 175921 in 294.171 - percent 0.00563736
157 of 175921 in 296.044 - percent 0.00563278
158 of 175921 in 297.897 - percent 0.00561052
159 of 175921 in 299.752 - percent 0.00559648
160 of 175921 in 301.613 - percent 0.00558125
161 of 175921 in 303.494 - percent 0.00558894
162 of 175921 in 305.439 - percent 0.00562871
163 of 175921 in 307.349 - percent 0.00562754
164 of 175921 in 309.24 - percent 0.00562401
165 of 175921 in 311.097 - percent 0.00560332
166 of 175921 in 312.974 - percent 0.00559928
167 of 175921 in 314.888 - percent 0.00563835
168 of 175921 in 316.782 - percent 0.00565432
169 of 175921 in 318.662 - percent 0.00565797
170 of 175921 in 320.599 - percent 0.00569352
171 of 175921 in 322.546 - percent 0.00572857
172 of 175921 in 324.556 - percent 0.00582771
173 of 175921 in 326.494 - percent 0.00585599
174 of 175921 in 328.412 - percent 0.00586224
175 of 175921 in 330.308 - percent 0.00587003
176 of 175921 in 332.174 - percent 0.00585954
177 of 175921 in 334.061 - percent 0.00587152
178 of 175921 in 335.932 - percent 0.0058696
179 of 175921 in 337.796 - percent 0.00585027
180 of 175921 in 339.651 - percent 0.0058305
181 of 175921 in 341.538 - percent 0.00581177
182 of 175921 in 343.447 - percent 0.00580838
183 of 175921 in 345.337 - percent 0.00580954
184 of 175921 in 347.191 - percent 0.00579
185 of 175921 in 349.035 - percent 0.00576367
186 of 175921 in 350.877 - percent 0.00573948
187 of 175921 in 352.726 - percent 0.00571564
188 of 175921 in 354.579 - percent 0.00570083
189 of 175921 in 356.445 - percent 0.00569553
190 of 175921 in 358.299 - percent 0.00567797
191 of 175921 in 360.15 - percent 0.00566557
192 of 175921 in 362.005 - percent 0.0056499
193 of 175921 in 363.868 - percent 0.00564233
194 of 175921 in 365.733 - percent 0.0056339
195 of 175921 in 367.582 - percent 0.00561196
196 of 175921 in 369.433 - percent 0.00559052
197 of 175921 in 371.338 - percent 0.00557207
198 of 175921 in 373.237 - percent 0.00555364
199 of 175921 in 375.146 - percent 0.0055433
200 of 175921 in 377.052 - percent 0.00552256
201 of 175921 in 378.958 - percent 0.00549795
202 of 175921 in 380.824 - percent 0.00547457
203 of 175921 in 382.668 - percent 0.00545022
204 of 175921 in 384.52 - percent 0.00543011
205 of 175921 in 386.37 - percent 0.00541025
206 of 175921 in 388.216 - percent 0.00538726
207 of 175921 in 390.063 - percent 0.0053642
208 of 175921 in 391.908 - percent 0.0053404
209 of 175921 in 393.757 - percent 0.00531996
210 of 175921 in 395.611 - percent 0.00530459
211 of 175921 in 397.462 - percent 0.00528774
212 of 175921 in 399.31 - percent 0.00526907
213 of 175921 in 401.16 - percent 0.00525066
214 of 175921 in 403.008 - percent 0.00523345
215 of 175921 in 404.864 - percent 0.00522014
216 of 175921 in 406.709 - percent 0.00519923
217 of 175921 in 408.553 - percent 0.00517745
218 of 175921 in 410.398 - percent 0.00515618
219 of 175921 in 412.243 - percent 0.00513491
220 of 175921 in 414.091 - percent 0.00511646
221 of 175921 in 415.937 - percent 0.00509575
222 of 175921 in 417.784 - percent 0.00507472
223 of 175921 in 419.63 - percent 0.00505348
224 of 175921 in 421.475 - percent 0.00503187
225 of 175921 in 423.322 - percent 0.00501135
226 of 175921 in 425.166 - percent 0.00499187
227 of 175921 in 427.012 - percent 0.00497138
228 of 175921 in 428.857 - percent 0.00495059
229 of 175921 in 430.753 - percent 0.00493116
230 of 175921 in 432.656 - percent 0.00491186
231 of 175921 in 434.559 - percent 0.00489433
232 of 175921 in 436.461 - percent 0.00487998
233 of 175921 in 438.359 - percent 0.00486142
234 of 175921 in 440.234 - percent 0.00484403
235 of 175921 in 442.078 - percent 0.00482514
236 of 175921 in 443.924 - percent 0.00480779
237 of 175921 in 445.771 - percent 0.00479562
238 of 175921 in 447.617 - percent 0.00477988
239 of 175921 in 449.459 - percent 0.00476393
240 of 175921 in 451.302 - percent 0.0047486
241 of 175921 in 453.152 - percent 0.00473431
242 of 175921 in 454.998 - percent 0.00472325
243 of 175921 in 456.845 - percent 0.00470751
244 of 175921 in 458.69 - percent 0.00469094
245 of 175921 in 460.53 - percent 0.00467436
246 of 175921 in 462.373 - percent 0.00465786
247 of 175921 in 464.22 - percent 0.00464437
248 of 175921 in 466.105 - percent 0.00463521
249 of 175921 in 467.992 - percent 0.00462252
250 of 175921 in 469.861 - percent 0.00460999
251 of 175921 in 471.712 - percent 0.00459625
252 of 175921 in 473.569 - percent 0.00458561
253 of 175921 in 475.426 - percent 0.00458123
254 of 175921 in 477.283 - percent 0.00457185
255 of 175921 in 479.134 - percent 0.00456173
256 of 175921 in 481.019 - percent 0.00455304
257 of 175921 in 482.91 - percent 0.00454595
258 of 175921 in 484.827 - percent 0.00455917
259 of 175921 in 486.749 - percent 0.00457384
260 of 175921 in 488.648 - percent 0.00457182
261 of 175921 in 490.522 - percent 0.00456926
262 of 175921 in 492.381 - percent 0.00456175
263 of 175921 in 494.254 - percent 0.00456523
264 of 175921 in 496.115 - percent 0.0045624
265 of 175921 in 497.975 - percent 0.00455269
266 of 175921 in 499.837 - percent 0.00454467
267 of 175921 in 501.726 - percent 0.00453646
268 of 175921 in 503.633 - percent 0.00453902
269 of 175921 in 505.514 - percent 0.00454048
270 of 175921 in 507.366 - percent 0.0045309
271 of 175921 in 509.212 - percent 0.00451794
272 of 175921 in 511.054 - percent 0.0045053
273 of 175921 in 512.906 - percent 0.00449317
274 of 175921 in 514.759 - percent 0.00448668
275 of 175921 in 516.613 - percent 0.00448018
276 of 175921 in 518.461 - percent 0.00446907
277 of 175921 in 520.303 - percent 0.00445956
278 of 175921 in 522.153 - percent 0.0044503
279 of 175921 in 524.009 - percent 0.00444656
280 of 175921 in 525.865 - percent 0.00444075
281 of 175921 in 527.71 - percent 0.00442817
282 of 175921 in 529.561 - percent 0.00441575
283 of 175921 in 531.465 - percent 0.00440336
284 of 175921 in 533.363 - percent 0.00439269
285 of 175921 in 535.273 - percent 0.00438598
286 of 175921 in 537.178 - percent 0.00437403
287 of 175921 in 539.083 - percent 0.00436073
288 of 175921 in 540.942 - percent 0.00434816
289 of 175921 in 542.789 - percent 0.00433507
290 of 175921 in 544.641 - percent 0.00432487
291 of 175921 in 546.491 - percent 0.00431391
292 of 175921 in 548.336 - percent 0.00430117
293 of 175921 in 550.184 - percent 0.00428849
294 of 175921 in 552.031 - percent 0.0042756
295 of 175921 in 553.881 - percent 0.00426387
296 of 175921 in 555.732 - percent 0.00425469
297 of 175921 in 557.578 - percent 0.00424409
298 of 175921 in 559.424 - percent 0.00423208
299 of 175921 in 561.27 - percent 0.00422052
300 of 175921 in 563.116 - percent 0.00421084
301 of 175921 in 564.975 - percent 0.00420811
302 of 175921 in 566.841 - percent 0.00420848
303 of 175921 in 568.697 - percent 0.00420235
304 of 175921 in 570.555 - percent 0.00419778
305 of 175921 in 572.412 - percent 0.00419332
306 of 175921 in 574.28 - percent 0.00419408
307 of 175921 in 576.138 - percent 0.00418866
308 of 175921 in 577.99 - percent 0.00417968
309 of 175921 in 579.84 - percent 0.00416999
310 of 175921 in 581.687 - percent 0.00415954
311 of 175921 in 583.543 - percent 0.00415359
312 of 175921 in 585.405 - percent 0.00415083
313 of 175921 in 587.257 - percent 0.00414285
314 of 175921 in 589.106 - percent 0.00413334
315 of 175921 in 591.012 - percent 0.00412523
316 of 175921 in 592.921 - percent 0.00411756
317 of 175921 in 594.849 - percent 0.00412153
318 of 175921 in 596.773 - percent 0.00412661
319 of 175921 in 598.684 - percent 0.0041231
320 of 175921 in 600.57 - percent 0.00412261
321 of 175921 in 602.423 - percent 0.0041168
322 of 175921 in 604.293 - percent 0.00411964
323 of 175921 in 606.191 - percent 0.00413827
324 of 175921 in 608.065 - percent 0.00414281
325 of 175921 in 609.937 - percent 0.00414962
326 of 175921 in 611.803 - percent 0.00415095
327 of 175921 in 613.687 - percent 0.00416068
328 of 175921 in 615.577 - percent 0.00417441
329 of 175921 in 617.441 - percent 0.00417328
330 of 175921 in 619.291 - percent 0.00416635
331 of 175921 in 621.144 - percent 0.00416161
332 of 175921 in 623 - percent 0.00415739
333 of 175921 in 624.89 - percent 0.00416866
334 of 175921 in 626.846 - percent 0.00419697
335 of 175921 in 628.758 - percent 0.00420174
336 of 175921 in 630.651 - percent 0.00420699
337 of 175921 in 632.515 - percent 0.00420473
338 of 175921 in 634.412 - percent 0.00421688
339 of 175921 in 636.355 - percent 0.00425456
340 of 175921 in 638.261 - percent 0.00427046
341 of 175921 in 640.164 - percent 0.00428811
342 of 175921 in 642.122 - percent 0.00431622
343 of 175921 in 644.104 - percent 0.00435529
344 of 175921 in 646.129 - percent 0.00441473
345 of 175921 in 648.079 - percent 0.00443799
346 of 175921 in 649.996 - percent 0.00444561
347 of 175921 in 651.884 - percent 0.00445161
348 of 175921 in 653.764 - percent 0.00445403
349 of 175921 in 655.659 - percent 0.00446694
350 of 175921 in 657.526 - percent 0.00446717
351 of 175921 in 659.386 - percent 0.00446049
352 of 175921 in 661.251 - percent 0.00445547
353 of 175921 in 663.142 - percent 0.00445023
354 of 175921 in 665.055 - percent 0.00445583
355 of 175921 in 666.929 - percent 0.00445617
356 of 175921 in 668.778 - percent 0.00444783
357 of 175921 in 670.621 - percent 0.00443808
358 of 175921 in 672.463 - percent 0.00442835
359 of 175921 in 674.312 - percent 0.00441928
360 of 175921 in 676.167 - percent 0.00441681
361 of 175921 in 678.028 - percent 0.0044148
362 of 175921 in 679.881 - percent 0.00440829
363 of 175921 in 681.733 - percent 0.00440448
364 of 175921 in 683.587 - percent 0.00439924
365 of 175921 in 685.45 - percent 0.00439998
366 of 175921 in 687.308 - percent 0.00439554
367 of 175921 in 689.162 - percent 0.00438985
368 of 175921 in 691.028 - percent 0.00438213
369 of 175921 in 692.936 - percent 0.00437545
370 of 175921 in 694.847 - percent 0.00437349
371 of 175921 in 696.757 - percent 0.00436857
372 of 175921 in 698.665 - percent 0.00436106
373 of 175921 in 700.572 - percent 0.00435126
374 of 175921 in 702.422 - percent 0.00434109
375 of 175921 in 704.268 - percent 0.00433219
376 of 175921 in 706.117 - percent 0.00432468
377 of 175921 in 707.967 - percent 0.00431752
378 of 175921 in 709.812 - percent 0.00430805
379 of 175921 in 711.66 - percent 0.00429883
380 of 175921 in 713.505 - percent 0.00428934
381 of 175921 in 715.357 - percent 0.00428211
382 of 175921 in 717.217 - percent 0.00427939
383 of 175921 in 719.073 - percent 0.00427395
384 of 175921 in 720.927 - percent 0.00426782
385 of 175921 in 722.781 - percent 0.00426155
386 of 175921 in 724.638 - percent 0.00425751
387 of 175921 in 726.496 - percent 0.004254
388 of 175921 in 728.344 - percent 0.00424608
389 of 175921 in 730.19 - percent 0.00423644
390 of 175921 in 732.037 - percent 0.00422705
391 of 175921 in 733.885 - percent 0.00421811
392 of 175921 in 735.732 - percent 0.00421011
393 of 175921 in 737.579 - percent 0.00420088
394 of 175921 in 739.423 - percent 0.00419106
395 of 175921 in 741.269 - percent 0.00418147
396 of 175921 in 743.114 - percent 0.00417182
397 of 175921 in 744.96 - percent 0.00416303
398 of 175921 in 746.808 - percent 0.00415441
399 of 175921 in 748.653 - percent 0.00414515
400 of 175921 in 750.499 - percent 0.00413543
401 of 175921 in 752.404 - percent 0.00412593
402 of 175921 in 754.308 - percent 0.00411717
403 of 175921 in 756.211 - percent 0.00410916
404 of 175921 in 758.115 - percent 0.00410203
405 of 175921 in 760.018 - percent 0.00409315
406 of 175921 in 761.882 - percent 0.0040842
407 of 175921 in 763.728 - percent 0.00407584
408 of 175921 in 765.579 - percent 0.00406837
409 of 175921 in 767.425 - percent 0.004063
410 of 175921 in 769.27 - percent 0.00405528
411 of 175921 in 771.109 - percent 0.00404761
412 of 175921 in 772.953 - percent 0.00403908
413 of 175921 in 774.799 - percent 0.00403216
414 of 175921 in 776.642 - percent 0.00402581
415 of 175921 in 778.487 - percent 0.00401747
416 of 175921 in 780.327 - percent 0.00400872
417 of 175921 in 782.166 - percent 0.00400036
418 of 175921 in 784.009 - percent 0.00399217
419 of 175921 in 785.867 - percent 0.00398722
420 of 175921 in 787.757 - percent 0.00398453
421 of 175921 in 789.642 - percent 0.00397871
422 of 175921 in 791.503 - percent 0.00397247
423 of 175921 in 793.353 - percent 0.00396517
424 of 175921 in 795.204 - percent 0.00395956
425 of 175921 in 797.058 - percent 0.00395757
426 of 175921 in 798.916 - percent 0.00395265
427 of 175921 in 800.77 - percent 0.00394762
428 of 175921 in 802.656 - percent 0.00394309
429 of 175921 in 804.559 - percent 0.00394454
430 of 175921 in 806.455 - percent 0.00394586
431 of 175921 in 808.34 - percent 0.00394145
432 of 175921 in 810.222 - percent 0.00393487
433 of 175921 in 812.074 - percent 0.00392855
434 of 175921 in 813.931 - percent 0.00392252
435 of 175921 in 815.778 - percent 0.00391795
436 of 175921 in 817.627 - percent 0.00391133
437 of 175921 in 819.474 - percent 0.00390355
438 of 175921 in 821.332 - percent 0.00389642
439 of 175921 in 823.215 - percent 0.0038893
440 of 175921 in 825.096 - percent 0.00388281
441 of 175921 in 826.946 - percent 0.00387598
442 of 175921 in 828.789 - percent 0.00386782
443 of 175921 in 830.628 - percent 0.00385963
444 of 175921 in 832.47 - percent 0.00385162
445 of 175921 in 834.314 - percent 0.00384364
446 of 175921 in 836.154 - percent 0.00383677
447 of 175921 in 837.999 - percent 0.00383001
448 of 175921 in 839.844 - percent 0.0038225
449 of 175921 in 841.683 - percent 0.00381507
450 of 175921 in 843.523 - percent 0.0038076
451 of 175921 in 845.365 - percent 0.00380106
452 of 175921 in 847.21 - percent 0.00379368
453 of 175921 in 849.055 - percent 0.00378608
454 of 175921 in 850.919 - percent 0.00377834
455 of 175921 in 852.824 - percent 0.00377099
456 of 175921 in 854.725 - percent 0.00376463
457 of 175921 in 856.623 - percent 0.00375743
458 of 175921 in 858.529 - percent 0.00374995
459 of 175921 in 860.436 - percent 0.00374237
460 of 175921 in 862.282 - percent 0.00373451
461 of 175921 in 864.128 - percent 0.00372686
462 of 175921 in 865.973 - percent 0.00371947
463 of 175921 in 867.819 - percent 0.00371199
464 of 175921 in 869.662 - percent 0.00370438
465 of 175921 in 871.509 - percent 0.00369691
466 of 175921 in 873.353 - percent 0.00368939
467 of 175921 in 875.2 - percent 0.00368228
468 of 175921 in 877.047 - percent 0.00367584
469 of 175921 in 878.893 - percent 0.00366907
470 of 175921 in 880.739 - percent 0.00366209
471 of 175921 in 882.586 - percent 0.00365489
472 of 175921 in 884.431 - percent 0.00364828
473 of 175921 in 886.279 - percent 0.00364365
474 of 175921 in 888.13 - percent 0.00363887
475 of 175921 in 889.979 - percent 0.00363303
476 of 175921 in 891.828 - percent 0.00362752
477 of 175921 in 893.68 - percent 0.00362239
478 of 175921 in 895.531 - percent 0.00361807
479 of 175921 in 897.38 - percent 0.00361211
480 of 175921 in 899.224 - percent 0.00360526
481 of 175921 in 901.071 - percent 0.00359861
482 of 175921 in 902.913 - percent 0.00359194
483 of 175921 in 904.762 - percent 0.00358604
484 of 175921 in 906.61 - percent 0.00358024
485 of 175921 in 908.454 - percent 0.00357388
486 of 175921 in 910.304 - percent 0.00356707
487 of 175921 in 912.211 - percent 0.00356043
488 of 175921 in 914.115 - percent 0.00355469
489 of 175921 in 916.019 - percent 0.00355004
490 of 175921 in 917.923 - percent 0.00354655
491 of 175921 in 919.832 - percent 0.00354151
492 of 175921 in 921.693 - percent 0.0035358
493 of 175921 in 923.54 - percent 0.00353103
494 of 175921 in 925.392 - percent 0.00352671
495 of 175921 in 927.24 - percent 0.00352403
496 of 175921 in 929.089 - percent 0.00351959
497 of 175921 in 930.934 - percent 0.00351557
498 of 175921 in 932.781 - percent 0.0035107
499 of 175921 in 934.63 - percent 0.00350758
500 of 175921 in 936.476 - percent 0.00350381
501 of 175921 in 938.323 - percent 0.00349797
502 of 175921 in 940.162 - percent 0.00349192
503 of 175921 in 942.001 - percent 0.00348589
504 of 175921 in 943.844 - percent 0.00348052
505 of 175921 in 945.705 - percent 0.00347865
506 of 175921 in 947.598 - percent 0.00347767
507 of 175921 in 949.481 - percent 0.00347312
508 of 175921 in 951.338 - percent 0.00346895
509 of 175921 in 953.189 - percent 0.00346404
510 of 175921 in 955.042 - percent 0.00346176
511 of 175921 in 956.907 - percent 0.00346392
512 of 175921 in 958.77 - percent 0.00346241
513 of 175921 in 960.639 - percent 0.00346257
514 of 175921 in 962.533 - percent 0.00346221
515 of 175921 in 964.442 - percent 0.00346734
516 of 175921 in 966.371 - percent 0.00347992
517 of 175921 in 968.291 - percent 0.00348681
518 of 175921 in 970.194 - percent 0.00348941
519 of 175921 in 972.056 - percent 0.00348937
520 of 175921 in 973.926 - percent 0.00348976
521 of 175921 in 975.795 - percent 0.00349349
522 of 175921 in 977.654 - percent 0.00349156
523 of 175921 in 979.504 - percent 0.00348705
524 of 175921 in 981.37 - percent 0.00348402
525 of 175921 in 983.262 - percent 0.00348161
526 of 175921 in 985.163 - percent 0.0034834
527 of 175921 in 987.03 - percent 0.00348501
528 of 175921 in 988.88 - percent 0.00348191
529 of 175921 in 990.724 - percent 0.00347854
530 of 175921 in 992.571 - percent 0.00347387
531 of 175921 in 994.426 - percent 0.00347154
532 of 175921 in 996.295 - percent 0.00347547
533 of 175921 in 998.164 - percent 0.00347758
534 of 175921 in 1000.02 - percent 0.00347644
535 of 175921 in 1001.89 - percent 0.00347807
536 of 175921 in 1003.75 - percent 0.00347913
537 of 175921 in 1005.63 - percent 0.00348556
538 of 175921 in 1007.49 - percent 0.00348307
539 of 175921 in 1009.34 - percent 0.00347893
540 of 175921 in 1011.21 - percent 0.00347531
541 of 175921 in 1013.11 - percent 0.00347162
542 of 175921 in 1015.02 - percent 0.00346969
543 of 175921 in 1016.92 - percent 0.00346669
544 of 175921 in 1018.83 - percent 0.00346184
545 of 175921 in 1020.73 - percent 0.0034565
546 of 175921 in 1022.57 - percent 0.00345098
547 of 175921 in 1024.42 - percent 0.00344614
548 of 175921 in 1026.27 - percent 0.00344229
549 of 175921 in 1028.12 - percent 0.00343784
550 of 175921 in 1029.96 - percent 0.00343232
551 of 175921 in 1031.8 - percent 0.00342703
552 of 175921 in 1033.65 - percent 0.00342183
553 of 175921 in 1035.5 - percent 0.00341758
554 of 175921 in 1037.35 - percent 0.00341494
555 of 175921 in 1039.2 - percent 0.00341092
556 of 175921 in 1041.05 - percent 0.00340724
557 of 175921 in 1042.9 - percent 0.00340303
558 of 175921 in 1044.76 - percent 0.00340052
559 of 175921 in 1046.61 - percent 0.0033975
560 of 175921 in 1048.45 - percent 0.0033925
561 of 175921 in 1050.3 - percent 0.00338709
562 of 175921 in 1052.15 - percent 0.00338184
563 of 175921 in 1053.99 - percent 0.00337699
564 of 175921 in 1055.84 - percent 0.00337247
565 of 175921 in 1057.69 - percent 0.00336739
566 of 175921 in 1059.53 - percent 0.0033619
567 of 175921 in 1061.38 - percent 0.00335645
568 of 175921 in 1063.22 - percent 0.00335099
569 of 175921 in 1065.06 - percent 0.00334583
570 of 175921 in 1066.91 - percent 0.00334083
571 of 175921 in 1068.75 - percent 0.00333546
572 of 175921 in 1070.61 - percent 0.00333004
573 of 175921 in 1072.51 - percent 0.00332488
574 of 175921 in 1074.42 - percent 0.00332005
575 of 175921 in 1076.32 - percent 0.00331642
576 of 175921 in 1078.22 - percent 0.0033122
577 of 175921 in 1080.12 - percent 0.00330753
578 of 175921 in 1081.98 - percent 0.00330245
579 of 175921 in 1083.82 - percent 0.00329761
580 of 175921 in 1085.67 - percent 0.00329458
581 of 175921 in 1087.52 - percent 0.0032923
582 of 175921 in 1089.37 - percent 0.00328895
583 of 175921 in 1091.21 - percent 0.0032858
584 of 175921 in 1093.06 - percent 0.0032821
585 of 175921 in 1094.92 - percent 0.0032812
586 of 175921 in 1096.77 - percent 0.00327872
587 of 175921 in 1098.62 - percent 0.00327482
588 of 175921 in 1100.46 - percent 0.0032707
589 of 175921 in 1102.3 - percent 0.00326609
590 of 175921 in 1104.15 - percent 0.00326252
591 of 175921 in 1106.01 - percent 0.00326038
592 of 175921 in 1107.89 - percent 0.0032576
593 of 175921 in 1109.77 - percent 0.00325325
594 of 175921 in 1111.62 - percent 0.00324934
595 of 175921 in 1113.48 - percent 0.00324541
596 of 175921 in 1115.32 - percent 0.00324243
597 of 175921 in 1117.18 - percent 0.00324172
598 of 175921 in 1119.03 - percent 0.0032381
599 of 175921 in 1120.89 - percent 0.00323545
600 of 175921 in 1122.77 - percent 0.0032326
601 of 175921 in 1124.66 - percent 0.0032318
602 of 175921 in 1126.58 - percent 0.00323954
603 of 175921 in 1128.48 - percent 0.0032417
604 of 175921 in 1130.37 - percent 0.00324183
605 of 175921 in 1132.22 - percent 0.00323959
606 of 175921 in 1134.08 - percent 0.00323891
607 of 175921 in 1135.94 - percent 0.0032408
608 of 175921 in 1137.79 - percent 0.00323873
609 of 175921 in 1139.64 - percent 0.00323517
610 of 175921 in 1141.51 - percent 0.00323315
611 of 175921 in 1143.39 - percent 0.00323162
612 of 175921 in 1145.29 - percent 0.00323335
613 of 175921 in 1147.15 - percent 0.00323395
614 of 175921 in 1149 - percent 0.00323156
615 of 175921 in 1150.84 - percent 0.00322916
616 of 175921 in 1152.68 - percent 0.00322572
617 of 175921 in 1154.54 - percent 0.00322381
618 of 175921 in 1156.4 - percent 0.0032265
619 of 175921 in 1158.26 - percent 0.0032264
620 of 175921 in 1160.11 - percent 0.00322438
621 of 175921 in 1161.96 - percent 0.00322334
622 of 175921 in 1163.82 - percent 0.00322333
623 of 175921 in 1165.69 - percent 0.00322708
624 of 175921 in 1167.54 - percent 0.00322447
625 of 175921 in 1169.39 - percent 0.00322062
626 of 175921 in 1171.26 - percent 0.00321704
627 of 175921 in 1173.16 - percent 0.00321359
628 of 175921 in 1175.06 - percent 0.00321168
629 of 175921 in 1176.96 - percent 0.00320866
630 of 175921 in 1178.86 - percent 0.00320482
631 of 175921 in 1180.75 - percent 0.0032007
632 of 175921 in 1182.59 - percent 0.00319629
633 of 175921 in 1184.44 - percent 0.00319254
634 of 175921 in 1186.28 - percent 0.00318933
635 of 175921 in 1188.13 - percent 0.00318577
636 of 175921 in 1189.97 - percent 0.00318141
637 of 175921 in 1191.82 - percent 0.00317723
638 of 175921 in 1193.66 - percent 0.00317318
639 of 175921 in 1195.51 - percent 0.00316978
640 of 175921 in 1197.36 - percent 0.00316712
641 of 175921 in 1199.2 - percent 0.00316347
642 of 175921 in 1201.05 - percent 0.00315986
643 of 175921 in 1202.89 - percent 0.00315634
644 of 175921 in 1204.74 - percent 0.00315393
645 of 175921 in 1206.61 - percent 0.00315672
646 of 175921 in 1208.47 - percent 0.00315656
647 of 175921 in 1210.33 - percent 0.0031561
648 of 175921 in 1212.19 - percent 0.00315503
649 of 175921 in 1214.05 - percent 0.00315566
650 of 175921 in 1215.91 - percent 0.00315725
651 of 175921 in 1217.77 - percent 0.00315538
652 of 175921 in 1219.61 - percent 0.00315175
653 of 175921 in 1221.46 - percent 0.00314879
654 of 175921 in 1223.3 - percent 0.00314579
655 of 175921 in 1225.16 - percent 0.00314497
656 of 175921 in 1227.01 - percent 0.00314396
657 of 175921 in 1228.86 - percent 0.00314068
658 of 175921 in 1230.72 - percent 0.00313789
659 of 175921 in 1232.62 - percent 0.00313464
660 of 175921 in 1234.53 - percent 0.00313377
661 of 175921 in 1236.46 - percent 0.00313788
662 of 175921 in 1238.37 - percent 0.0031401
663 of 175921 in 1240.28 - percent 0.00314041
664 of 175921 in 1242.14 - percent 0.00313964
665 of 175921 in 1243.99 - percent 0.00313982
666 of 175921 in 1245.88 - percent 0.00314789
667 of 175921 in 1247.8 - percent 0.00316313
668 of 175921 in 1249.69 - percent 0.00317025
669 of 175921 in 1251.58 - percent 0.00317918
670 of 175921 in 1253.47 - percent 0.00318544
671 of 175921 in 1255.39 - percent 0.00320088
672 of 175921 in 1257.28 - percent 0.00320825
673 of 175921 in 1259.14 - percent 0.00320878
674 of 175921 in 1261 - percent 0.00320904
675 of 175921 in 1262.85 - percent 0.00320832
676 of 175921 in 1264.72 - percent 0.00321282
677 of 175921 in 1266.64 - percent 0.00322308
678 of 175921 in 1268.55 - percent 0.00322962
679 of 175921 in 1270.45 - percent 0.00323047
680 of 175921 in 1272.3 - percent 0.00323033
681 of 175921 in 1274.17 - percent 0.00323082
682 of 175921 in 1276.06 - percent 0.00323852
683 of 175921 in 1277.97 - percent 0.00325101
684 of 175921 in 1279.85 - percent 0.00325589
685 of 175921 in 1281.77 - percent 0.00326596
686 of 175921 in 1283.7 - percent 0.00327714
687 of 175921 in 1285.68 - percent 0.00329898
688 of 175921 in 1287.64 - percent 0.00331473
689 of 175921 in 1289.54 - percent 0.00331859
690 of 175921 in 1291.44 - percent 0.00332169
691 of 175921 in 1293.3 - percent 0.00332147
692 of 175921 in 1295.17 - percent 0.00332352
693 of 175921 in 1297.04 - percent 0.00332678
694 of 175921 in 1298.89 - percent 0.00332479
695 of 175921 in 1300.74 - percent 0.00332174
696 of 175921 in 1302.61 - percent 0.00332032
697 of 175921 in 1304.5 - percent 0.00331918
698 of 175921 in 1306.39 - percent 0.00331989
699 of 175921 in 1308.24 - percent 0.00331892
700 of 175921 in 1310.09 - percent 0.00331662
701 of 175921 in 1311.93 - percent 0.00331459
702 of 175921 in 1313.78 - percent 0.00331201
703 of 175921 in 1315.63 - percent 0.00331038
704 of 175921 in 1317.51 - percent 0.00331545
705 of 175921 in 1319.38 - percent 0.00331694
706 of 175921 in 1321.23 - percent 0.00331752
707 of 175921 in 1323.09 - percent 0.00331834
708 of 175921 in 1324.96 - percent 0.00332045
709 of 175921 in 1326.83 - percent 0.00332516
710 of 175921 in 1328.69 - percent 0.0033235
711 of 175921 in 1330.53 - percent 0.00332046
712 of 175921 in 1332.41 - percent 0.00331814
713 of 175921 in 1334.31 - percent 0.00331591
714 of 175921 in 1336.22 - percent 0.00331578
715 of 175921 in 1338.12 - percent 0.00331278
716 of 175921 in 1340.02 - percent 0.00330932
717 of 175921 in 1341.91 - percent 0.00330571
718 of 175921 in 1343.75 - percent 0.00330182
719 of 175921 in 1345.59 - percent 0.00329829
720 of 175921 in 1347.44 - percent 0.00329509
721 of 175921 in 1349.28 - percent 0.00329153
722 of 175921 in 1351.12 - percent 0.00328774
723 of 175921 in 1352.97 - percent 0.00328392
724 of 175921 in 1354.81 - percent 0.00328025
725 of 175921 in 1356.66 - percent 0.00327761
726 of 175921 in 1358.52 - percent 0.00327605
727 of 175921 in 1360.37 - percent 0.0032732
728 of 175921 in 1362.21 - percent 0.00327069
729 of 175921 in 1364.06 - percent 0.003268
730 of 175921 in 1365.91 - percent 0.00326681
731 of 175921 in 1367.76 - percent 0.00326391
732 of 175921 in 1369.6 - percent 0.00326013
733 of 175921 in 1371.45 - percent 0.00325641
734 of 175921 in 1373.29 - percent 0.00325263
735 of 175921 in 1375.14 - percent 0.00324904
736 of 175921 in 1376.98 - percent 0.00324561
737 of 175921 in 1378.83 - percent 0.00324177
738 of 175921 in 1380.67 - percent 0.00323813
739 of 175921 in 1382.52 - percent 0.00323473
740 of 175921 in 1384.36 - percent 0.003231
741 of 175921 in 1386.2 - percent 0.00322743
742 of 175921 in 1388.04 - percent 0.00322373
743 of 175921 in 1389.89 - percent 0.00322007
744 of 175921 in 1391.75 - percent 0.00321686
745 of 175921 in 1393.66 - percent 0.00321354
746 of 175921 in 1395.56 - percent 0.00320999
747 of 175921 in 1397.45 - percent 0.00320709
748 of 175921 in 1399.35 - percent 0.00320375
749 of 175921 in 1401.24 - percent 0.00320041
750 of 175921 in 1403.09 - percent 0.00319672
751 of 175921 in 1404.93 - percent 0.00319322
752 of 175921 in 1406.77 - percent 0.00319126
753 of 175921 in 1408.62 - percent 0.00318981
754 of 175921 in 1410.47 - percent 0.00318713
755 of 175921 in 1412.31 - percent 0.00318542
756 of 175921 in 1414.16 - percent 0.00318295
757 of 175921 in 1416.01 - percent 0.00318194
758 of 175921 in 1417.85 - percent 0.00317951
759 of 175921 in 1419.7 - percent 0.00317711
760 of 175921 in 1421.55 - percent 0.00317581
761 of 175921 in 1423.4 - percent 0.00317384
762 of 175921 in 1425.24 - percent 0.00317155
763 of 175921 in 1427.11 - percent 0.00317045
764 of 175921 in 1428.99 - percent 0.00316891
765 of 175921 in 1430.88 - percent 0.00316797
766 of 175921 in 1432.73 - percent 0.00316624
767 of 175921 in 1434.58 - percent 0.00316369
768 of 175921 in 1436.42 - percent 0.00316187
769 of 175921 in 1438.27 - percent 0.00316033
770 of 175921 in 1440.12 - percent 0.00315776
771 of 175921 in 1441.98 - percent 0.00315638
772 of 175921 in 1443.86 - percent 0.00315467
773 of 175921 in 1445.75 - percent 0.00315459
774 of 175921 in 1447.63 - percent 0.0031533
775 of 175921 in 1449.52 - percent 0.00315046
776 of 175921 in 1451.39 - percent 0.00314786
777 of 175921 in 1453.24 - percent 0.00314495
778 of 175921 in 1455.08 - percent 0.00314219
779 of 175921 in 1456.93 - percent 0.00313976
780 of 175921 in 1458.77 - percent 0.00313653
781 of 175921 in 1460.62 - percent 0.00313395
782 of 175921 in 1462.5 - percent 0.00313159
783 of 175921 in 1464.38 - percent 0.00312878
784 of 175921 in 1466.25 - percent 0.00312627
785 of 175921 in 1468.1 - percent 0.00312306
786 of 175921 in 1469.94 - percent 0.00312016
787 of 175921 in 1471.79 - percent 0.00311777
788 of 175921 in 1473.63 - percent 0.00311503
789 of 175921 in 1475.48 - percent 0.00311209
790 of 175921 in 1477.32 - percent 0.00310978
791 of 175921 in 1479.17 - percent 0.00310703
792 of 175921 in 1481.02 - percent 0.00310444
793 of 175921 in 1482.86 - percent 0.00310144
794 of 175921 in 1484.71 - percent 0.00309879
795 of 175921 in 1486.55 - percent 0.00309616
796 of 175921 in 1488.4 - percent 0.0030927
797 of 175921 in 1490.24 - percent 0.0030891
798 of 175921 in 1492.13 - percent 0.00308577
799 of 175921 in 1494.03 - percent 0.00308245
800 of 175921 in 1495.93 - percent 0.00307932
801 of 175921 in 1497.83 - percent 0.00307598
802 of 175921 in 1499.73 - percent 0.00307263
803 of 175921 in 1501.61 - percent 0.00306945
804 of 175921 in 1503.46 - percent 0.00306598
805 of 175921 in 1505.3 - percent 0.00306241
806 of 175921 in 1507.15 - percent 0.00305899
807 of 175921 in 1508.99 - percent 0.00305548
808 of 175921 in 1510.84 - percent 0.0030521
809 of 175921 in 1512.69 - percent 0.00304883
810 of 175921 in 1514.53 - percent 0.00304535
811 of 175921 in 1516.37 - percent 0.00304202
812 of 175921 in 1518.22 - percent 0.00303879
813 of 175921 in 1520.06 - percent 0.00303542
814 of 175921 in 1521.91 - percent 0.00303209
815 of 175921 in 1523.75 - percent 0.00302866
816 of 175921 in 1525.6 - percent 0.00302547
817 of 175921 in 1527.45 - percent 0.00302326
818 of 175921 in 1529.29 - percent 0.00302038
819 of 175921 in 1531.14 - percent 0.00301755
820 of 175921 in 1532.99 - percent 0.00301442
821 of 175921 in 1534.83 - percent 0.00301184
822 of 175921 in 1536.68 - percent 0.00300909
823 of 175921 in 1538.52 - percent 0.0030058
824 of 175921 in 1540.37 - percent 0.0030024
825 of 175921 in 1542.21 - percent 0.00299909
826 of 175921 in 1544.06 - percent 0.00299581
827 of 175921 in 1545.9 - percent 0.00299277
828 of 175921 in 1547.75 - percent 0.0029896
829 of 175921 in 1549.59 - percent 0.00298631
830 of 175921 in 1551.47 - percent 0.0029831
831 of 175921 in 1553.37 - percent 0.00297987
832 of 175921 in 1555.28 - percent 0.00297684
833 of 175921 in 1557.18 - percent 0.00297481
834 of 175921 in 1559.08 - percent 0.00297235
835 of 175921 in 1560.97 - percent 0.00296962
836 of 175921 in 1562.82 - percent 0.0029667
837 of 175921 in 1564.66 - percent 0.00296423
838 of 175921 in 1566.52 - percent 0.00296384
839 of 175921 in 1568.38 - percent 0.00296401
840 of 175921 in 1570.23 - percent 0.00296232
841 of 175921 in 1572.07 - percent 0.00296107
842 of 175921 in 1573.93 - percent 0.00295969
843 of 175921 in 1575.78 - percent 0.00295984
844 of 175921 in 1577.63 - percent 0.00295752
845 of 175921 in 1579.48 - percent 0.00295479
846 of 175921 in 1581.32 - percent 0.00295228
847 of 175921 in 1583.16 - percent 0.00294982
848 of 175921 in 1585 - percent 0.00294765
849 of 175921 in 1586.88 - percent 0.0029464
850 of 175921 in 1588.76 - percent 0.00294436
851 of 175921 in 1590.64 - percent 0.0029421
852 of 175921 in 1592.48 - percent 0.0029393
853 of 175921 in 1594.33 - percent 0.00293679
854 of 175921 in 1596.18 - percent 0.00293587
855 of 175921 in 1598.04 - percent 0.00293521
856 of 175921 in 1599.89 - percent 0.00293321
857 of 175921 in 1601.76 - percent 0.00293284
858 of 175921 in 1603.65 - percent 0.00293248
859 of 175921 in 1605.56 - percent 0.00293494
860 of 175921 in 1607.45 - percent 0.0029358
861 of 175921 in 1609.33 - percent 0.00293464
862 of 175921 in 1611.2 - percent 0.00293342
863 of 175921 in 1613.05 - percent 0.0029312
864 of 175921 in 1614.91 - percent 0.00293018
865 of 175921 in 1616.75 - percent 0.00292876
866 of 175921 in 1618.6 - percent 0.00292608
867 of 175921 in 1620.44 - percent 0.00292313
868 of 175921 in 1622.32 - percent 0.00292053
869 of 175921 in 1624.21 - percent 0.00291819
870 of 175921 in 1626.07 - percent 0.00291622
871 of 175921 in 1627.91 - percent 0.00291328
872 of 175921 in 1629.75 - percent 0.00291022
873 of 175921 in 1631.59 - percent 0.00290718
874 of 175921 in 1633.43 - percent 0.00290406
875 of 175921 in 1635.27 - percent 0.00290117
876 of 175921 in 1637.11 - percent 0.00289915
877 of 175921 in 1638.96 - percent 0.00289654
878 of 175921 in 1640.8 - percent 0.00289401
879 of 175921 in 1642.64 - percent 0.00289128
880 of 175921 in 1644.49 - percent 0.00288916
881 of 175921 in 1646.33 - percent 0.00288708
882 of 175921 in 1648.18 - percent 0.00288458
883 of 175921 in 1650.02 - percent 0.00288168
884 of 175921 in 1651.91 - percent 0.00287888
885 of 175921 in 1653.82 - percent 0.00287657
886 of 175921 in 1655.71 - percent 0.00287419
887 of 175921 in 1657.62 - percent 0.00287131
888 of 175921 in 1659.52 - percent 0.00286831
889 of 175921 in 1661.4 - percent 0.00286525
890 of 175921 in 1663.24 - percent 0.00286223
891 of 175921 in 1665.09 - percent 0.00285926
892 of 175921 in 1666.93 - percent 0.00285642
893 of 175921 in 1668.77 - percent 0.00285346
894 of 175921 in 1670.62 - percent 0.00285046
895 of 175921 in 1672.46 - percent 0.00284742
896 of 175921 in 1674.31 - percent 0.00284452
897 of 175921 in 1676.15 - percent 0.00284203
898 of 175921 in 1678 - percent 0.0028397
899 of 175921 in 1679.85 - percent 0.00283696
900 of 175921 in 1681.69 - percent 0.00283437
901 of 175921 in 1683.54 - percent 0.0028318
902 of 175921 in 1685.39 - percent 0.00282968
903 of 175921 in 1687.23 - percent 0.00282703
904 of 175921 in 1689.08 - percent 0.00282416
905 of 175921 in 1690.92 - percent 0.00282142
906 of 175921 in 1692.77 - percent 0.00281868
907 of 175921 in 1694.62 - percent 0.00281611
908 of 175921 in 1696.46 - percent 0.00281338
909 of 175921 in 1698.31 - percent 0.00281056
910 of 175921 in 1700.15 - percent 0.00280788
911 of 175921 in 1702 - percent 0.00280511
912 of 175921 in 1703.84 - percent 0.00280222
913 of 175921 in 1705.69 - percent 0.00279939
914 of 175921 in 1707.53 - percent 0.00279648
915 of 175921 in 1709.38 - percent 0.00279368
916 of 175921 in 1711.26 - percent 0.00279101
917 of 175921 in 1713.16 - percent 0.00278838
918 of 175921 in 1715.06 - percent 0.00278564
919 of 175921 in 1716.96 - percent 0.00278317
920 of 175921 in 1718.86 - percent 0.00278071
921 of 175921 in 1720.75 - percent 0.00277805
922 of 175921 in 1722.59 - percent 0.00277529
923 of 175921 in 1724.44 - percent 0.00277263
924 of 175921 in 1726.28 - percent 0.00277016
925 of 175921 in 1728.12 - percent 0.0027676
926 of 175921 in 1729.96 - percent 0.00276502
927 of 175921 in 1731.8 - percent 0.00276257
928 of 175921 in 1733.65 - percent 0.00276007
929 of 175921 in 1735.49 - percent 0.0027578
930 of 175921 in 1737.33 - percent 0.00275516
931 of 175921 in 1739.18 - percent 0.00275262
932 of 175921 in 1741.01 - percent 0.00275022
933 of 175921 in 1742.86 - percent 0.00274761
934 of 175921 in 1744.7 - percent 0.00274493
935 of 175921 in 1746.57 - percent 0.00274288
936 of 175921 in 1748.45 - percent 0.00274078
937 of 175921 in 1750.32 - percent 0.00273912
938 of 175921 in 1752.17 - percent 0.00273732
939 of 175921 in 1754.02 - percent 0.00273501
940 of 175921 in 1755.87 - percent 0.00273346
941 of 175921 in 1757.72 - percent 0.00273175
942 of 175921 in 1759.56 - percent 0.00272991
943 of 175921 in 1761.44 - percent 0.00272831
944 of 175921 in 1763.32 - percent 0.0027264
945 of 175921 in 1765.2 - percent 0.00272561
946 of 175921 in 1767.09 - percent 0.00272502
947 of 175921 in 1768.97 - percent 0.0027235
948 of 175921 in 1770.84 - percent 0.00272212
949 of 175921 in 1772.68 - percent 0.00272005
950 of 175921 in 1774.53 - percent 0.00271852
951 of 175921 in 1776.37 - percent 0.00271697
952 of 175921 in 1778.22 - percent 0.00271501
953 of 175921 in 1780.07 - percent 0.00271348
954 of 175921 in 1781.96 - percent 0.00271245
955 of 175921 in 1783.84 - percent 0.00271113
956 of 175921 in 1785.71 - percent 0.00270968
957 of 175921 in 1787.55 - percent 0.00270732
958 of 175921 in 1789.39 - percent 0.00270504
959 of 175921 in 1791.23 - percent 0.00270294
960 of 175921 in 1793.07 - percent 0.00270054
961 of 175921 in 1794.91 - percent 0.00269818
962 of 175921 in 1796.75 - percent 0.00269608
963 of 175921 in 1798.59 - percent 0.00269366
