Number of rows/cols is 48
Number of nnz is    306
#d1 vertices: 0
#d2 vertices: 0
min degree: 4
************************************************************************
Algo is 2
Compress matrix 0
Apply Dulmage-Mendehlson 0
Sorting 0
Single run 0
************************************************************************
Perman: [veni] running with 45 rows:
1 of 175921 in 2.17204 - percent 0.0194411
2 of 175921 in 4.29948 - percent 0.0152248
3 of 175921 in 6.40544 - percent 0.0137985
4 of 175921 in 8.41851 - percent 0.0112722
5 of 175921 in 10.439 - percent 0.0100628
6 of 175921 in 12.4846 - percent 0.00964773
7 of 175921 in 14.5072 - percent 0.00874276
8 of 175921 in 16.5182 - percent 0.00785719
9 of 175921 in 18.5491 - percent 0.00766592
10 of 175921 in 20.5893 - percent 0.00767605
11 of 175921 in 22.6803 - percent 0.00836891
12 of 175921 in 24.7142 - percent 0.00821364
13 of 175921 in 26.7334 - percent 0.00792309
14 of 175921 in 28.752 - percent 0.00760101
15 of 175921 in 30.7679 - percent 0.00725317
16 of 175921 in 32.7847 - percent 0.00692113
17 of 175921 in 34.8141 - percent 0.00687997
18 of 175921 in 36.8288 - percent 0.00670908
19 of 175921 in 38.8658 - percent 0.00661722
20 of 175921 in 40.9579 - percent 0.00655251
21 of 175921 in 43.0862 - percent 0.00677084
22 of 175921 in 45.2116 - percent 0.00716858
23 of 175921 in 47.2473 - percent 0.00714001
24 of 175921 in 49.262 - percent 0.00698714
25 of 175921 in 51.2568 - percent 0.00679737
26 of 175921 in 53.2458 - percent 0.0066001
27 of 175921 in 55.2459 - percent 0.00647106
28 of 175921 in 57.2384 - percent 0.00630686
29 of 175921 in 59.2299 - percent 0.00616624
30 of 175921 in 61.2223 - percent 0.00602303
31 of 175921 in 63.2239 - percent 0.0058976
32 of 175921 in 65.2345 - percent 0.00581031
33 of 175921 in 67.2645 - percent 0.00583564
34 of 175921 in 69.2725 - percent 0.00576264
35 of 175921 in 71.277 - percent 0.00568193
36 of 175921 in 73.2737 - percent 0.00557099
37 of 175921 in 75.2723 - percent 0.00550541
38 of 175921 in 77.2837 - percent 0.00547846
39 of 175921 in 79.2753 - percent 0.00539978
40 of 175921 in 81.2635 - percent 0.00530347
41 of 175921 in 83.2905 - percent 0.0053299
42 of 175921 in 85.3211 - percent 0.00535585
43 of 175921 in 87.3966 - percent 0.0055361
44 of 175921 in 89.4401 - percent 0.00559668
45 of 175921 in 91.4599 - percent 0.00557908
46 of 175921 in 93.4738 - percent 0.00555929
47 of 175921 in 95.461 - percent 0.00547326
48 of 175921 in 97.4507 - percent 0.00539859
49 of 175921 in 99.4539 - percent 0.00536037
50 of 175921 in 101.449 - percent 0.0053023
51 of 175921 in 103.434 - percent 0.00522241
52 of 175921 in 105.437 - percent 0.00516539
53 of 175921 in 107.437 - percent 0.00512007
54 of 175921 in 109.45 - percent 0.00511487
55 of 175921 in 111.439 - percent 0.0050451
56 of 175921 in 113.425 - percent 0.00496988
57 of 175921 in 115.41 - percent 0.00489729
58 of 175921 in 117.397 - percent 0.0048309
59 of 175921 in 119.385 - percent 0.00476304
60 of 175921 in 121.372 - percent 0.00470561
61 of 175921 in 123.355 - percent 0.0046412
62 of 175921 in 125.342 - percent 0.00458851
63 of 175921 in 127.339 - percent 0.00453584
64 of 175921 in 129.344 - percent 0.00450778
65 of 175921 in 131.416 - percent 0.00454747
66 of 175921 in 133.506 - percent 0.00455681
67 of 175921 in 135.581 - percent 0.00452904
68 of 175921 in 137.586 - percent 0.00448919
69 of 175921 in 139.583 - percent 0.00444947
70 of 175921 in 141.588 - percent 0.00442872
71 of 175921 in 143.587 - percent 0.00437753
72 of 175921 in 145.584 - percent 0.00433016
73 of 175921 in 147.587 - percent 0.0042934
74 of 175921 in 149.596 - percent 0.00426854
75 of 175921 in 151.609 - percent 0.004252
76 of 175921 in 153.67 - percent 0.0043351
77 of 175921 in 155.699 - percent 0.00435816
78 of 175921 in 157.721 - percent 0.0043644
79 of 175921 in 159.729 - percent 0.00432653
80 of 175921 in 161.746 - percent 0.00430485
81 of 175921 in 163.781 - percent 0.00433099
82 of 175921 in 165.797 - percent 0.00433119
83 of 175921 in 167.801 - percent 0.00430864
84 of 175921 in 169.899 - percent 0.00436186
85 of 175921 in 172.012 - percent 0.00441872
86 of 175921 in 174.173 - percent 0.00456544
87 of 175921 in 176.246 - percent 0.00458757
88 of 175921 in 178.304 - percent 0.00458758
89 of 175921 in 180.344 - percent 0.00457909
90 of 175921 in 182.351 - percent 0.00454747
91 of 175921 in 184.359 - percent 0.0045196
92 of 175921 in 186.377 - percent 0.00450068
93 of 175921 in 188.384 - percent 0.00446592
94 of 175921 in 190.385 - percent 0.00442767
95 of 175921 in 192.388 - percent 0.00440529
96 of 175921 in 194.398 - percent 0.00439728
97 of 175921 in 196.419 - percent 0.00440005
98 of 175921 in 198.414 - percent 0.00436665
99 of 175921 in 200.409 - percent 0.00432884
100 of 175921 in 202.397 - percent 0.00428976
101 of 175921 in 204.38 - percent 0.0042504
102 of 175921 in 206.367 - percent 0.00421175
103 of 175921 in 208.378 - percent 0.00417958
104 of 175921 in 210.383 - percent 0.00414461
105 of 175921 in 212.396 - percent 0.00411218
106 of 175921 in 214.426 - percent 0.00408143
107 of 175921 in 216.461 - percent 0.00406181
108 of 175921 in 218.478 - percent 0.0040447
109 of 175921 in 220.471 - percent 0.004015
110 of 175921 in 222.458 - percent 0.00398378
111 of 175921 in 224.465 - percent 0.00395091
112 of 175921 in 226.471 - percent 0.00391773
113 of 175921 in 228.481 - percent 0.00388726
114 of 175921 in 230.472 - percent 0.00385547
115 of 175921 in 232.463 - percent 0.00382461
116 of 175921 in 234.458 - percent 0.00379441
117 of 175921 in 236.46 - percent 0.00376483
118 of 175921 in 238.464 - percent 0.00373737
119 of 175921 in 240.474 - percent 0.00372566
120 of 175921 in 242.483 - percent 0.00370637
121 of 175921 in 244.489 - percent 0.00368568
122 of 175921 in 246.494 - percent 0.00366061
123 of 175921 in 248.507 - percent 0.00363995
124 of 175921 in 250.515 - percent 0.00362513
125 of 175921 in 252.511 - percent 0.00360436
126 of 175921 in 254.5 - percent 0.00357973
127 of 175921 in 256.507 - percent 0.00357136
128 of 175921 in 258.51 - percent 0.00356471
129 of 175921 in 260.543 - percent 0.00359105
130 of 175921 in 262.578 - percent 0.00362941
131 of 175921 in 264.59 - percent 0.0036411
132 of 175921 in 266.605 - percent 0.00364875
133 of 175921 in 268.604 - percent 0.0036348
134 of 175921 in 270.606 - percent 0.00362491
135 of 175921 in 272.624 - percent 0.00362391
136 of 175921 in 274.636 - percent 0.00361613
137 of 175921 in 276.642 - percent 0.00360222
138 of 175921 in 278.651 - percent 0.0035922
139 of 175921 in 280.666 - percent 0.00359145
140 of 175921 in 282.689 - percent 0.00359924
141 of 175921 in 284.691 - percent 0.0035849
142 of 175921 in 286.69 - percent 0.00356612
143 of 175921 in 288.69 - percent 0.00354678
144 of 175921 in 290.693 - percent 0.00352886
145 of 175921 in 292.696 - percent 0.00351234
146 of 175921 in 294.69 - percent 0.00349606
147 of 175921 in 296.682 - percent 0.00347791
148 of 175921 in 298.681 - percent 0.00346443
149 of 175921 in 300.673 - percent 0.00345206
150 of 175921 in 302.681 - percent 0.00345313
151 of 175921 in 304.744 - percent 0.00348192
152 of 175921 in 306.798 - percent 0.00348819
153 of 175921 in 308.85 - percent 0.00348929
154 of 175921 in 310.85 - percent 0.00347406
155 of 175921 in 312.852 - percent 0.00346212
156 of 175921 in 314.867 - percent 0.00345805
157 of 175921 in 316.87 - percent 0.00344137
158 of 175921 in 318.875 - percent 0.00342515
159 of 175921 in 320.876 - percent 0.00341484
160 of 175921 in 322.875 - percent 0.00340881
161 of 175921 in 324.891 - percent 0.00341263
162 of 175921 in 326.957 - percent 0.00345895
163 of 175921 in 328.99 - percent 0.00347828
164 of 175921 in 331.015 - percent 0.00348867
165 of 175921 in 333.018 - percent 0.00347706
166 of 175921 in 335.032 - percent 0.00347165
167 of 175921 in 337.065 - percent 0.00349204
168 of 175921 in 339.082 - percent 0.0034995
169 of 175921 in 341.085 - percent 0.00349336
170 of 175921 in 343.167 - percent 0.00352938
171 of 175921 in 345.256 - percent 0.00356902
172 of 175921 in 347.4 - percent 0.0036578
173 of 175921 in 349.455 - percent 0.00366698
174 of 175921 in 351.499 - percent 0.00366487
175 of 175921 in 353.525 - percent 0.00366427
176 of 175921 in 355.523 - percent 0.00365357
177 of 175921 in 357.525 - percent 0.0036441
178 of 175921 in 359.533 - percent 0.00363553
179 of 175921 in 361.535 - percent 0.0036219
180 of 175921 in 363.534 - percent 0.0036081
181 of 175921 in 365.541 - percent 0.00359847
182 of 175921 in 367.558 - percent 0.00359649
183 of 175921 in 369.583 - percent 0.00360001
184 of 175921 in 371.583 - percent 0.00358997
185 of 175921 in 373.575 - percent 0.00357591
186 of 175921 in 375.577 - percent 0.0035589
187 of 175921 in 377.581 - percent 0.0035421
188 of 175921 in 379.586 - percent 0.00352747
189 of 175921 in 381.586 - percent 0.00351426
190 of 175921 in 383.585 - percent 0.00349934
191 of 175921 in 385.598 - percent 0.00348582
192 of 175921 in 387.637 - percent 0.00347686
193 of 175921 in 389.687 - percent 0.00347486
194 of 175921 in 391.699 - percent 0.0034701
195 of 175921 in 393.691 - percent 0.00345857
196 of 175921 in 395.682 - percent 0.00344681
197 of 175921 in 397.672 - percent 0.00343086
198 of 175921 in 399.662 - percent 0.003415
199 of 175921 in 401.661 - percent 0.00340123
200 of 175921 in 403.666 - percent 0.00338682
201 of 175921 in 405.668 - percent 0.00337206
202 of 175921 in 407.666 - percent 0.00335759
203 of 175921 in 409.666 - percent 0.00334334
204 of 175921 in 411.671 - percent 0.00333206
205 of 175921 in 413.673 - percent 0.0033254
206 of 175921 in 415.672 - percent 0.00331518
207 of 175921 in 417.668 - percent 0.00330414
208 of 175921 in 419.668 - percent 0.00329142
209 of 175921 in 421.669 - percent 0.00328016
210 of 175921 in 423.667 - percent 0.00327259
211 of 175921 in 425.659 - percent 0.00326111
212 of 175921 in 427.647 - percent 0.00324773
213 of 175921 in 429.642 - percent 0.00324286
214 of 175921 in 431.638 - percent 0.00323989
215 of 175921 in 433.645 - percent 0.00324526
216 of 175921 in 435.654 - percent 0.00325029
217 of 175921 in 437.646 - percent 0.00324274
218 of 175921 in 439.639 - percent 0.00323261
219 of 175921 in 441.633 - percent 0.00322072
220 of 175921 in 443.635 - percent 0.00321224
221 of 175921 in 445.638 - percent 0.00320196
222 of 175921 in 447.643 - percent 0.00319151
223 of 175921 in 449.645 - percent 0.00317957
224 of 175921 in 451.645 - percent 0.00317076
225 of 175921 in 453.647 - percent 0.00316259
226 of 175921 in 455.654 - percent 0.0031579
227 of 175921 in 457.658 - percent 0.00314856
228 of 175921 in 459.663 - percent 0.0031385
229 of 175921 in 461.651 - percent 0.00312684
230 of 175921 in 463.636 - percent 0.00311637
231 of 175921 in 465.627 - percent 0.00310655
232 of 175921 in 467.649 - percent 0.00309695
233 of 175921 in 469.664 - percent 0.00308582
234 of 175921 in 471.672 - percent 0.00307756
235 of 175921 in 473.663 - percent 0.00306983
236 of 175921 in 475.669 - percent 0.0030697
237 of 175921 in 477.715 - percent 0.00307839
238 of 175921 in 479.754 - percent 0.00307734
239 of 175921 in 481.792 - percent 0.00307651
240 of 175921 in 483.8 - percent 0.00306704
241 of 175921 in 485.804 - percent 0.00305868
242 of 175921 in 487.81 - percent 0.0030538
243 of 175921 in 489.797 - percent 0.00304433
244 of 175921 in 491.782 - percent 0.00303396
245 of 175921 in 493.777 - percent 0.00302743
246 of 175921 in 495.775 - percent 0.00302166
247 of 175921 in 497.784 - percent 0.00302285
248 of 175921 in 499.799 - percent 0.00302738
249 of 175921 in 501.797 - percent 0.00302272
250 of 175921 in 503.8 - percent 0.00301677
251 of 175921 in 505.81 - percent 0.0030077
252 of 175921 in 507.82 - percent 0.00299989
253 of 175921 in 509.838 - percent 0.0029972
254 of 175921 in 511.839 - percent 0.00299002
255 of 175921 in 513.841 - percent 0.00298271
256 of 175921 in 515.895 - percent 0.00298494
257 of 175921 in 517.947 - percent 0.00298656
258 of 175921 in 520.03 - percent 0.00300401
259 of 175921 in 522.12 - percent 0.00301163
260 of 175921 in 524.196 - percent 0.00301116
261 of 175921 in 526.227 - percent 0.00300863
262 of 175921 in 528.226 - percent 0.0030026
263 of 175921 in 530.226 - percent 0.00299886
264 of 175921 in 532.237 - percent 0.00299364
265 of 175921 in 534.242 - percent 0.00298601
266 of 175921 in 536.249 - percent 0.00297811
267 of 175921 in 538.25 - percent 0.00297326
268 of 175921 in 540.262 - percent 0.00297376
269 of 175921 in 542.28 - percent 0.00297793
270 of 175921 in 544.285 - percent 0.0029748
271 of 175921 in 546.289 - percent 0.00297052
272 of 175921 in 548.286 - percent 0.00296171
273 of 175921 in 550.284 - percent 0.00295328
274 of 175921 in 552.285 - percent 0.00294647
275 of 175921 in 554.283 - percent 0.00294279
276 of 175921 in 556.277 - percent 0.0029363
277 of 175921 in 558.31 - percent 0.00293212
278 of 175921 in 560.379 - percent 0.00292913
279 of 175921 in 562.47 - percent 0.00293803
280 of 175921 in 564.497 - percent 0.00294072
281 of 175921 in 566.496 - percent 0.00293607
282 of 175921 in 568.494 - percent 0.0029314
283 of 175921 in 570.476 - percent 0.00292301
284 of 175921 in 572.459 - percent 0.00291471
285 of 175921 in 574.447 - percent 0.00290818
286 of 175921 in 576.436 - percent 0.00290069
287 of 175921 in 578.422 - percent 0.00289318
288 of 175921 in 580.407 - percent 0.00288565
289 of 175921 in 582.393 - percent 0.00287821
290 of 175921 in 584.387 - percent 0.0028758
291 of 175921 in 586.386 - percent 0.00287036
292 of 175921 in 588.378 - percent 0.00286343
293 of 175921 in 590.37 - percent 0.00285655
294 of 175921 in 592.359 - percent 0.00284986
295 of 175921 in 594.349 - percent 0.00284302
296 of 175921 in 596.339 - percent 0.00283792
297 of 175921 in 598.32 - percent 0.00283056
298 of 175921 in 600.302 - percent 0.00282372
299 of 175921 in 602.305 - percent 0.00282007
300 of 175921 in 604.308 - percent 0.00281818
301 of 175921 in 606.345 - percent 0.00283183
302 of 175921 in 608.381 - percent 0.00284625
303 of 175921 in 610.387 - percent 0.0028472
304 of 175921 in 612.384 - percent 0.00284677
305 of 175921 in 614.373 - percent 0.00284248
306 of 175921 in 616.367 - percent 0.00284122
307 of 175921 in 618.363 - percent 0.00283982
308 of 175921 in 620.354 - percent 0.00283724
309 of 175921 in 622.343 - percent 0.00283288
310 of 175921 in 624.345 - percent 0.00282956
311 of 175921 in 626.352 - percent 0.00283022
312 of 175921 in 628.362 - percent 0.00283188
313 of 175921 in 630.359 - percent 0.00282648
314 of 175921 in 632.356 - percent 0.00281975
315 of 175921 in 634.341 - percent 0.00281252
316 of 175921 in 636.325 - percent 0.00280677
317 of 175921 in 638.312 - percent 0.00280198
318 of 175921 in 640.293 - percent 0.00279529
319 of 175921 in 642.274 - percent 0.00278852
320 of 175921 in 644.268 - percent 0.0027848
321 of 175921 in 646.269 - percent 0.00278179
322 of 175921 in 648.278 - percent 0.002782
323 of 175921 in 650.366 - percent 0.00279358
324 of 175921 in 652.448 - percent 0.00279653
325 of 175921 in 654.516 - percent 0.00279814
326 of 175921 in 656.51 - percent 0.00279242
327 of 175921 in 658.508 - percent 0.00278871
328 of 175921 in 660.519 - percent 0.0027879
329 of 175921 in 662.527 - percent 0.00278241
330 of 175921 in 664.531 - percent 0.00277566
331 of 175921 in 666.536 - percent 0.00277273
332 of 175921 in 668.547 - percent 0.00277166
333 of 175921 in 670.589 - percent 0.00278102
334 of 175921 in 672.623 - percent 0.00279294
335 of 175921 in 674.645 - percent 0.00279889
336 of 175921 in 676.662 - percent 0.00280076
337 of 175921 in 678.675 - percent 0.00279825
338 of 175921 in 680.69 - percent 0.00279542
339 of 175921 in 682.721 - percent 0.00280493
340 of 175921 in 684.729 - percent 0.00280654
341 of 175921 in 686.749 - percent 0.00280942
342 of 175921 in 688.845 - percent 0.00281856
343 of 175921 in 690.964 - percent 0.00283724
344 of 175921 in 693.111 - percent 0.0028683
345 of 175921 in 695.201 - percent 0.00287549
346 of 175921 in 697.278 - percent 0.00287397
347 of 175921 in 699.3 - percent 0.002871
348 of 175921 in 701.301 - percent 0.00286727
349 of 175921 in 703.306 - percent 0.0028667
350 of 175921 in 705.314 - percent 0.00286105
351 of 175921 in 707.317 - percent 0.00285548
352 of 175921 in 709.324 - percent 0.00285095
353 of 175921 in 711.328 - percent 0.00284814
354 of 175921 in 713.337 - percent 0.00284763
355 of 175921 in 715.358 - percent 0.00285207
356 of 175921 in 717.361 - percent 0.00284896
357 of 175921 in 719.364 - percent 0.00284616
358 of 175921 in 721.36 - percent 0.00283987
359 of 175921 in 723.356 - percent 0.00283375
360 of 175921 in 725.356 - percent 0.00282923
361 of 175921 in 727.353 - percent 0.00282645
362 of 175921 in 729.346 - percent 0.00282178
363 of 175921 in 731.391 - percent 0.00282
364 of 175921 in 733.461 - percent 0.00281781
365 of 175921 in 735.555 - percent 0.00282592
366 of 175921 in 737.577 - percent 0.00282765
367 of 175921 in 739.58 - percent 0.00282319
368 of 175921 in 741.581 - percent 0.00281975
369 of 175921 in 743.563 - percent 0.00281369
370 of 175921 in 745.548 - percent 0.00280811
371 of 175921 in 747.536 - percent 0.00280308
372 of 175921 in 749.525 - percent 0.00279746
373 of 175921 in 751.514 - percent 0.0027919
374 of 175921 in 753.499 - percent 0.00278652
375 of 175921 in 755.485 - percent 0.00278133
376 of 175921 in 757.48 - percent 0.00277916
377 of 175921 in 759.48 - percent 0.00277524
378 of 175921 in 761.475 - percent 0.00277035
379 of 175921 in 763.466 - percent 0.00276531
380 of 175921 in 765.454 - percent 0.00276026
381 of 175921 in 767.441 - percent 0.00275515
382 of 175921 in 769.429 - percent 0.00275145
383 of 175921 in 771.411 - percent 0.00274619
384 of 175921 in 773.396 - percent 0.00274163
385 of 175921 in 775.395 - percent 0.00273827
386 of 175921 in 777.4 - percent 0.00273753
387 of 175921 in 779.429 - percent 0.00274544
388 of 175921 in 781.448 - percent 0.00274962
389 of 175921 in 783.454 - percent 0.00274923
390 of 175921 in 785.443 - percent 0.00274536
391 of 175921 in 787.428 - percent 0.0027409
392 of 175921 in 789.422 - percent 0.0027389
393 of 175921 in 791.415 - percent 0.00273591
394 of 175921 in 793.402 - percent 0.00273202
395 of 175921 in 795.389 - percent 0.00272764
396 of 175921 in 797.379 - percent 0.00272445
397 of 175921 in 799.375 - percent 0.00272382
398 of 175921 in 801.375 - percent 0.00272397
399 of 175921 in 803.363 - percent 0.0027202
400 of 175921 in 805.353 - percent 0.00271675
401 of 175921 in 807.362 - percent 0.00271212
402 of 175921 in 809.373 - percent 0.00270786
403 of 175921 in 811.38 - percent 0.00270433
404 of 175921 in 813.367 - percent 0.0027007
405 of 175921 in 815.351 - percent 0.00269592
406 of 175921 in 817.348 - percent 0.00269455
407 of 175921 in 819.343 - percent 0.00269208
408 of 175921 in 821.363 - percent 0.00269817
409 of 175921 in 823.434 - percent 0.00271193
410 of 175921 in 825.472 - percent 0.00271281
411 of 175921 in 827.506 - percent 0.00271545
412 of 175921 in 829.505 - percent 0.00271256
413 of 175921 in 831.509 - percent 0.00271148
414 of 175921 in 833.505 - percent 0.00270981
415 of 175921 in 835.491 - percent 0.00270587
416 of 175921 in 837.475 - percent 0.0027012
417 of 175921 in 839.475 - percent 0.00270075
418 of 175921 in 841.475 - percent 0.0027003
419 of 175921 in 843.5 - percent 0.00270834
420 of 175921 in 845.522 - percent 0.00271293
421 of 175921 in 847.534 - percent 0.00271361
422 of 175921 in 849.538 - percent 0.00271135
423 of 175921 in 851.538 - percent 0.00270784
424 of 175921 in 853.54 - percent 0.00270469
425 of 175921 in 855.554 - percent 0.00270739
426 of 175921 in 857.555 - percent 0.00270576
427 of 175921 in 859.568 - percent 0.00270483
428 of 175921 in 861.649 - percent 0.00270803
429 of 175921 in 863.751 - percent 0.00271842
430 of 175921 in 865.852 - percent 0.00273516
431 of 175921 in 867.917 - percent 0.00274483
432 of 175921 in 869.964 - percent 0.00274795
433 of 175921 in 871.988 - percent 0.00274661
434 of 175921 in 874.003 - percent 0.00274427
435 of 175921 in 876.025 - percent 0.0027462
436 of 175921 in 878.017 - percent 0.00274297
437 of 175921 in 880.005 - percent 0.00273917
438 of 175921 in 882.001 - percent 0.00273667
439 of 175921 in 884.006 - percent 0.00273699
440 of 175921 in 886.022 - percent 0.00274143
441 of 175921 in 888.043 - percent 0.00274497
442 of 175921 in 890.048 - percent 0.00274223
443 of 175921 in 892.052 - percent 0.00273946
444 of 175921 in 894.042 - percent 0.00273469
445 of 175921 in 896.033 - percent 0.00273022
446 of 175921 in 898.028 - percent 0.00272705
447 of 175921 in 900.023 - percent 0.00272396
448 of 175921 in 902.02 - percent 0.00272051
449 of 175921 in 904.052 - percent 0.00271987
450 of 175921 in 906.094 - percent 0.00271817
451 of 175921 in 908.154 - percent 0.00272416
452 of 175921 in 910.158 - percent 0.00272627
453 of 175921 in 912.145 - percent 0.00272288
454 of 175921 in 914.14 - percent 0.00272014
455 of 175921 in 916.135 - percent 0.00271543
456 of 175921 in 918.131 - percent 0.00271099
457 of 175921 in 920.127 - percent 0.0027068
458 of 175921 in 922.124 - percent 0.0027024
459 of 175921 in 924.118 - percent 0.00269803
460 of 175921 in 926.129 - percent 0.00269372
461 of 175921 in 928.14 - percent 0.00268934
462 of 175921 in 930.153 - percent 0.00268752
463 of 175921 in 932.169 - percent 0.00268717
464 of 175921 in 934.174 - percent 0.00268456
465 of 175921 in 936.171 - percent 0.00268064
466 of 175921 in 938.159 - percent 0.00267714
467 of 175921 in 940.151 - percent 0.00267467
468 of 175921 in 942.175 - percent 0.00267282
469 of 175921 in 944.192 - percent 0.00266898
470 of 175921 in 946.203 - percent 0.00266572
471 of 175921 in 948.206 - percent 0.00266549
472 of 175921 in 950.222 - percent 0.00266918
473 of 175921 in 952.242 - percent 0.00267427
474 of 175921 in 954.244 - percent 0.00267424
475 of 175921 in 956.242 - percent 0.00267332
476 of 175921 in 958.232 - percent 0.00266879
477 of 175921 in 960.223 - percent 0.00266456
478 of 175921 in 962.223 - percent 0.00266157
479 of 175921 in 964.23 - percent 0.00265846
480 of 175921 in 966.235 - percent 0.00265442
481 of 175921 in 968.234 - percent 0.00265048
482 of 175921 in 970.234 - percent 0.0026469
483 of 175921 in 972.24 - percent 0.0026456
484 of 175921 in 974.246 - percent 0.0026435
485 of 175921 in 976.255 - percent 0.00263999
486 of 175921 in 978.261 - percent 0.0026362
487 of 175921 in 980.246 - percent 0.00263185
488 of 175921 in 982.232 - percent 0.00262779
489 of 175921 in 984.232 - percent 0.00262444
490 of 175921 in 986.253 - percent 0.00262053
491 of 175921 in 988.267 - percent 0.0026161
492 of 175921 in 990.267 - percent 0.00261392
493 of 175921 in 992.26 - percent 0.00261123
494 of 175921 in 994.272 - percent 0.0026137
495 of 175921 in 996.324 - percent 0.00261876
496 of 175921 in 998.36 - percent 0.0026177
497 of 175921 in 1000.39 - percent 0.00261735
498 of 175921 in 1002.4 - percent 0.0026142
499 of 175921 in 1004.41 - percent 0.00261214
500 of 175921 in 1006.41 - percent 0.00260942
501 of 175921 in 1008.4 - percent 0.00260548
502 of 175921 in 1010.38 - percent 0.00260138
503 of 175921 in 1012.38 - percent 0.00259969
504 of 175921 in 1014.38 - percent 0.00259823
505 of 175921 in 1016.39 - percent 0.00260028
506 of 175921 in 1018.4 - percent 0.00260229
507 of 175921 in 1020.4 - percent 0.00260153
508 of 175921 in 1022.41 - percent 0.002598
509 of 175921 in 1024.42 - percent 0.00259442
510 of 175921 in 1026.43 - percent 0.00259141
511 of 175921 in 1028.44 - percent 0.00259147
512 of 175921 in 1030.44 - percent 0.00258877
513 of 175921 in 1032.46 - percent 0.00258672
514 of 175921 in 1034.51 - percent 0.00258744
515 of 175921 in 1036.58 - percent 0.00259392
516 of 175921 in 1038.66 - percent 0.00260435
517 of 175921 in 1040.73 - percent 0.00261108
518 of 175921 in 1042.78 - percent 0.00261299
519 of 175921 in 1044.79 - percent 0.00261157
520 of 175921 in 1046.8 - percent 0.00261048
521 of 175921 in 1048.82 - percent 0.00261238
522 of 175921 in 1050.83 - percent 0.0026092
523 of 175921 in 1052.83 - percent 0.00260623
524 of 175921 in 1054.84 - percent 0.00260507
525 of 175921 in 1056.84 - percent 0.00260598
526 of 175921 in 1058.86 - percent 0.00260835
527 of 175921 in 1060.86 - percent 0.00260889
528 of 175921 in 1062.85 - percent 0.00260556
529 of 175921 in 1064.84 - percent 0.00260194
530 of 175921 in 1066.83 - percent 0.00259737
531 of 175921 in 1068.81 - percent 0.00259308
532 of 175921 in 1070.81 - percent 0.00258977
533 of 175921 in 1072.82 - percent 0.00258598
534 of 175921 in 1074.83 - percent 0.00258174
535 of 175921 in 1076.85 - percent 0.00257921
536 of 175921 in 1078.89 - percent 0.00257681
537 of 175921 in 1080.92 - percent 0.0025767
538 of 175921 in 1082.91 - percent 0.0025739
539 of 175921 in 1084.91 - percent 0.00257018
540 of 175921 in 1086.9 - percent 0.0025666
541 of 175921 in 1088.91 - percent 0.00256232
542 of 175921 in 1090.92 - percent 0.00255815
543 of 175921 in 1092.92 - percent 0.00255417
544 of 175921 in 1094.91 - percent 0.00255003
545 of 175921 in 1096.9 - percent 0.00254584
546 of 175921 in 1098.9 - percent 0.00254174
547 of 175921 in 1100.91 - percent 0.00253781
548 of 175921 in 1102.91 - percent 0.00253694
549 of 175921 in 1104.92 - percent 0.00253518
550 of 175921 in 1106.92 - percent 0.00253227
551 of 175921 in 1108.92 - percent 0.00252944
552 of 175921 in 1110.92 - percent 0.00252698
553 of 175921 in 1112.92 - percent 0.00252458
554 of 175921 in 1114.92 - percent 0.00252243
555 of 175921 in 1116.91 - percent 0.00251964
556 of 175921 in 1118.91 - percent 0.00251861
557 of 175921 in 1120.91 - percent 0.00251658
558 of 175921 in 1122.91 - percent 0.00251818
559 of 175921 in 1124.93 - percent 0.00252161
560 of 175921 in 1126.93 - percent 0.00251949
561 of 175921 in 1128.92 - percent 0.00251729
562 of 175921 in 1130.94 - percent 0.00251334
563 of 175921 in 1132.95 - percent 0.00250944
564 of 175921 in 1134.96 - percent 0.00250632
565 of 175921 in 1136.96 - percent 0.00250302
566 of 175921 in 1138.95 - percent 0.00249929
567 of 175921 in 1140.95 - percent 0.00249569
568 of 175921 in 1142.95 - percent 0.00249228
569 of 175921 in 1144.96 - percent 0.00249005
570 of 175921 in 1146.97 - percent 0.00248749
571 of 175921 in 1148.99 - percent 0.00248402
572 of 175921 in 1151 - percent 0.0024805
573 of 175921 in 1152.99 - percent 0.0024771
574 of 175921 in 1154.99 - percent 0.00247382
575 of 175921 in 1156.98 - percent 0.00247082
576 of 175921 in 1158.98 - percent 0.00246721
577 of 175921 in 1160.97 - percent 0.00246357
578 of 175921 in 1162.96 - percent 0.00246153
579 of 175921 in 1164.95 - percent 0.00245971
580 of 175921 in 1166.96 - percent 0.00246125
581 of 175921 in 1169.01 - percent 0.00246288
582 of 175921 in 1171.05 - percent 0.00246155
583 of 175921 in 1173.06 - percent 0.00245994
584 of 175921 in 1175.06 - percent 0.00245741
585 of 175921 in 1177.05 - percent 0.00245509
586 of 175921 in 1179.05 - percent 0.00245248
587 of 175921 in 1181.04 - percent 0.00244932
588 of 175921 in 1183.03 - percent 0.00244616
589 of 175921 in 1185.03 - percent 0.00244378
590 of 175921 in 1187.04 - percent 0.00244214
591 of 175921 in 1189.05 - percent 0.00244248
592 of 175921 in 1191.05 - percent 0.00244144
593 of 175921 in 1193.05 - percent 0.00243945
594 of 175921 in 1195.04 - percent 0.00243623
595 of 175921 in 1197.02 - percent 0.00243283
596 of 175921 in 1199.01 - percent 0.00242971
597 of 175921 in 1201.02 - percent 0.00242823
598 of 175921 in 1203.03 - percent 0.00242545
599 of 175921 in 1205.04 - percent 0.00242301
600 of 175921 in 1207.07 - percent 0.00242163
601 of 175921 in 1209.12 - percent 0.00242365
602 of 175921 in 1211.2 - percent 0.00242878
603 of 175921 in 1213.29 - percent 0.0024308
604 of 175921 in 1215.36 - percent 0.00243173
605 of 175921 in 1217.35 - percent 0.00242889
606 of 175921 in 1219.35 - percent 0.00242713
607 of 175921 in 1221.36 - percent 0.00242725
608 of 175921 in 1223.36 - percent 0.00242438
609 of 175921 in 1225.35 - percent 0.00242142
610 of 175921 in 1227.36 - percent 0.00242003
611 of 175921 in 1229.36 - percent 0.00241931
612 of 175921 in 1231.37 - percent 0.00242005
613 of 175921 in 1233.37 - percent 0.00242046
614 of 175921 in 1235.36 - percent 0.00241797
615 of 175921 in 1237.35 - percent 0.00241546
616 of 175921 in 1239.33 - percent 0.00241218
617 of 175921 in 1241.32 - percent 0.00240902
618 of 175921 in 1243.31 - percent 0.00240687
619 of 175921 in 1245.3 - percent 0.00240415
620 of 175921 in 1247.29 - percent 0.00240117
621 of 175921 in 1249.32 - percent 0.00240004
622 of 175921 in 1251.35 - percent 0.00239869
623 of 175921 in 1253.38 - percent 0.00240013
624 of 175921 in 1255.38 - percent 0.0023996
625 of 175921 in 1257.37 - percent 0.00239689
626 of 175921 in 1259.36 - percent 0.00239405
627 of 175921 in 1261.34 - percent 0.00239075
628 of 175921 in 1263.32 - percent 0.00238793
629 of 175921 in 1265.32 - percent 0.00238487
630 of 175921 in 1267.33 - percent 0.00238178
631 of 175921 in 1269.33 - percent 0.0023785
632 of 175921 in 1271.31 - percent 0.00237561
633 of 175921 in 1273.3 - percent 0.00237293
634 of 175921 in 1275.29 - percent 0.0023719
635 of 175921 in 1277.27 - percent 0.00236999
636 of 175921 in 1279.26 - percent 0.00236741
637 of 175921 in 1281.25 - percent 0.00236459
638 of 175921 in 1283.24 - percent 0.00236234
639 of 175921 in 1285.24 - percent 0.00236051
640 of 175921 in 1287.23 - percent 0.00235807
641 of 175921 in 1289.21 - percent 0.00235535
642 of 175921 in 1291.2 - percent 0.00235375
643 of 175921 in 1293.21 - percent 0.00235297
644 of 175921 in 1295.21 - percent 0.00235351
645 of 175921 in 1297.27 - percent 0.00236422
646 of 175921 in 1299.29 - percent 0.00236943
647 of 175921 in 1301.31 - percent 0.00237375
648 of 175921 in 1303.29 - percent 0.00237165
649 of 175921 in 1305.28 - percent 0.00237083
650 of 175921 in 1307.28 - percent 0.00237289
651 of 175921 in 1309.28 - percent 0.00237289
652 of 175921 in 1311.27 - percent 0.00237165
653 of 175921 in 1313.27 - percent 0.00237147
654 of 175921 in 1315.28 - percent 0.00237188
655 of 175921 in 1317.29 - percent 0.00237503
656 of 175921 in 1319.29 - percent 0.00237403
657 of 175921 in 1321.27 - percent 0.00237217
658 of 175921 in 1323.26 - percent 0.00236998
659 of 175921 in 1325.24 - percent 0.00236745
660 of 175921 in 1327.23 - percent 0.00236507
661 of 175921 in 1329.22 - percent 0.00236384
662 of 175921 in 1331.2 - percent 0.00236156
663 of 175921 in 1333.18 - percent 0.00235861
664 of 175921 in 1335.18 - percent 0.00235807
665 of 175921 in 1337.19 - percent 0.00235796
666 of 175921 in 1339.24 - percent 0.00236446
667 of 175921 in 1341.33 - percent 0.00236841
668 of 175921 in 1343.4 - percent 0.00236866
669 of 175921 in 1345.43 - percent 0.00236971
670 of 175921 in 1347.43 - percent 0.00236886
671 of 175921 in 1349.43 - percent 0.00236846
672 of 175921 in 1351.43 - percent 0.00236735
673 of 175921 in 1353.43 - percent 0.00236546
674 of 175921 in 1355.43 - percent 0.00236388
675 of 175921 in 1357.44 - percent 0.00236282
676 of 175921 in 1359.45 - percent 0.00236356
677 of 175921 in 1361.51 - percent 0.00237488
678 of 175921 in 1363.54 - percent 0.00238165
679 of 175921 in 1365.56 - percent 0.00238436
680 of 175921 in 1367.58 - percent 0.00238467
681 of 175921 in 1369.59 - percent 0.00238496
682 of 175921 in 1371.63 - percent 0.00238864
683 of 175921 in 1373.64 - percent 0.00239176
684 of 175921 in 1375.66 - percent 0.00239404
685 of 175921 in 1377.72 - percent 0.0024014
686 of 175921 in 1379.83 - percent 0.00240898
687 of 175921 in 1381.96 - percent 0.00242356
688 of 175921 in 1384.09 - percent 0.00244075
689 of 175921 in 1386.15 - percent 0.00244392
690 of 175921 in 1388.2 - percent 0.00244514
691 of 175921 in 1390.21 - percent 0.00244431
692 of 175921 in 1392.21 - percent 0.00244329
693 of 175921 in 1394.2 - percent 0.00244172
694 of 175921 in 1396.2 - percent 0.0024401
695 of 175921 in 1398.19 - percent 0.00243873
696 of 175921 in 1400.2 - percent 0.00243802
697 of 175921 in 1402.21 - percent 0.00243999
698 of 175921 in 1404.24 - percent 0.00244549
699 of 175921 in 1406.23 - percent 0.00244492
700 of 175921 in 1408.23 - percent 0.00244389
701 of 175921 in 1410.22 - percent 0.00244148
702 of 175921 in 1412.2 - percent 0.00243892
703 of 175921 in 1414.17 - percent 0.00243589
704 of 175921 in 1416.16 - percent 0.0024333
705 of 175921 in 1418.16 - percent 0.00243101
706 of 175921 in 1420.15 - percent 0.00242852
707 of 175921 in 1422.2 - percent 0.00242683
708 of 175921 in 1424.25 - percent 0.00242651
709 of 175921 in 1426.3 - percent 0.00242934
710 of 175921 in 1428.29 - percent 0.0024279
711 of 175921 in 1430.28 - percent 0.00242536
712 of 175921 in 1432.26 - percent 0.00242286
713 of 175921 in 1434.24 - percent 0.00242005
714 of 175921 in 1436.21 - percent 0.00241698
715 of 175921 in 1438.2 - percent 0.00241393
716 of 175921 in 1440.18 - percent 0.00241146
717 of 175921 in 1442.16 - percent 0.00240886
718 of 175921 in 1444.14 - percent 0.00240621
719 of 175921 in 1446.12 - percent 0.00240377
720 of 175921 in 1448.11 - percent 0.00240449
721 of 175921 in 1450.1 - percent 0.00240345
722 of 175921 in 1452.08 - percent 0.00240141
723 of 175921 in 1454.07 - percent 0.00240017
724 of 175921 in 1456.07 - percent 0.00239915
725 of 175921 in 1458.05 - percent 0.00239679
726 of 175921 in 1460.03 - percent 0.00239415
727 of 175921 in 1462.01 - percent 0.00239233
728 of 175921 in 1464 - percent 0.00239138
729 of 175921 in 1466 - percent 0.00239117
730 of 175921 in 1468.01 - percent 0.00239359
731 of 175921 in 1470.02 - percent 0.00239501
732 of 175921 in 1472.01 - percent 0.00239311
733 of 175921 in 1473.99 - percent 0.00239071
734 of 175921 in 1475.97 - percent 0.00238789
735 of 175921 in 1477.95 - percent 0.00238499
736 of 175921 in 1479.93 - percent 0.00238213
737 of 175921 in 1481.92 - percent 0.00237953
738 of 175921 in 1483.9 - percent 0.00237698
739 of 175921 in 1485.88 - percent 0.00237424
740 of 175921 in 1487.86 - percent 0.00237192
741 of 175921 in 1489.85 - percent 0.00237005
742 of 175921 in 1491.83 - percent 0.00236762
743 of 175921 in 1493.81 - percent 0.00236485
744 of 175921 in 1495.79 - percent 0.00236191
745 of 175921 in 1497.78 - percent 0.00235925
746 of 175921 in 1499.76 - percent 0.00235634
747 of 175921 in 1501.75 - percent 0.00235337
748 of 175921 in 1503.73 - percent 0.00235043
749 of 175921 in 1505.71 - percent 0.00234758
750 of 175921 in 1507.71 - percent 0.00234506
751 of 175921 in 1509.7 - percent 0.00234269
752 of 175921 in 1511.71 - percent 0.00234143
753 of 175921 in 1513.75 - percent 0.00234036
754 of 175921 in 1515.79 - percent 0.0023381
755 of 175921 in 1517.8 - percent 0.00233559
756 of 175921 in 1519.81 - percent 0.00233306
757 of 175921 in 1521.81 - percent 0.00233039
758 of 175921 in 1523.8 - percent 0.00232752
759 of 175921 in 1525.79 - percent 0.00232488
760 of 175921 in 1527.77 - percent 0.00232218
761 of 175921 in 1529.77 - percent 0.00231999
762 of 175921 in 1531.77 - percent 0.00231813
763 of 175921 in 1533.78 - percent 0.00231801
764 of 175921 in 1535.77 - percent 0.00231652
765 of 175921 in 1537.76 - percent 0.00231439
766 of 175921 in 1539.74 - percent 0.0023121
767 of 175921 in 1541.72 - percent 0.00230985
768 of 175921 in 1543.7 - percent 0.00230728
769 of 175921 in 1545.7 - percent 0.00230473
770 of 175921 in 1547.7 - percent 0.00230285
771 of 175921 in 1549.73 - percent 0.00230136
772 of 175921 in 1551.78 - percent 0.00229988
773 of 175921 in 1553.83 - percent 0.00229972
774 of 175921 in 1555.88 - percent 0.00230104
775 of 175921 in 1557.91 - percent 0.00229897
776 of 175921 in 1559.94 - percent 0.00229694
777 of 175921 in 1561.93 - percent 0.00229472
778 of 175921 in 1563.93 - percent 0.00229213
779 of 175921 in 1565.92 - percent 0.00228941
780 of 175921 in 1567.92 - percent 0.00228679
781 of 175921 in 1569.91 - percent 0.00228436
782 of 175921 in 1571.92 - percent 0.00228203
783 of 175921 in 1573.92 - percent 0.00227992
784 of 175921 in 1575.93 - percent 0.00227922
785 of 175921 in 1577.93 - percent 0.00227779
786 of 175921 in 1579.92 - percent 0.00227628
787 of 175921 in 1581.92 - percent 0.00227392
788 of 175921 in 1583.92 - percent 0.00227156
789 of 175921 in 1585.92 - percent 0.00226883
790 of 175921 in 1587.91 - percent 0.00226616
791 of 175921 in 1589.9 - percent 0.00226378
792 of 175921 in 1591.89 - percent 0.0022616
793 of 175921 in 1593.93 - percent 0.00225981
794 of 175921 in 1595.97 - percent 0.00225872
795 of 175921 in 1597.99 - percent 0.00225874
796 of 175921 in 1599.99 - percent 0.00225742
797 of 175921 in 1601.98 - percent 0.00225531
798 of 175921 in 1603.96 - percent 0.00225282
799 of 175921 in 1605.94 - percent 0.00225024
800 of 175921 in 1607.93 - percent 0.00224753
801 of 175921 in 1609.91 - percent 0.00224487
802 of 175921 in 1611.9 - percent 0.00224255
803 of 175921 in 1613.89 - percent 0.00224013
804 of 175921 in 1615.89 - percent 0.00223796
805 of 175921 in 1617.88 - percent 0.00223583
806 of 175921 in 1619.9 - percent 0.00223409
807 of 175921 in 1621.91 - percent 0.00223167
808 of 175921 in 1623.92 - percent 0.00222928
809 of 175921 in 1625.91 - percent 0.00222704
810 of 175921 in 1627.9 - percent 0.00222457
811 of 175921 in 1629.89 - percent 0.00222195
812 of 175921 in 1631.88 - percent 0.00221941
813 of 175921 in 1633.87 - percent 0.00221707
814 of 175921 in 1635.87 - percent 0.00221479
815 of 175921 in 1637.87 - percent 0.00221254
816 of 175921 in 1639.88 - percent 0.00221155
817 of 175921 in 1641.88 - percent 0.00221191
818 of 175921 in 1643.87 - percent 0.00221074
819 of 175921 in 1645.86 - percent 0.00220922
820 of 175921 in 1647.87 - percent 0.00220707
821 of 175921 in 1649.88 - percent 0.00220471
822 of 175921 in 1651.87 - percent 0.00220241
823 of 175921 in 1653.86 - percent 0.00220056
824 of 175921 in 1655.84 - percent 0.00219862
825 of 175921 in 1657.83 - percent 0.0021966
826 of 175921 in 1659.83 - percent 0.00219502
827 of 175921 in 1661.83 - percent 0.00219415
828 of 175921 in 1663.84 - percent 0.00219185
829 of 175921 in 1665.85 - percent 0.0021895
830 of 175921 in 1667.85 - percent 0.00218709
831 of 175921 in 1669.83 - percent 0.00218479
832 of 175921 in 1671.82 - percent 0.00218228
833 of 175921 in 1673.8 - percent 0.00217978
834 of 175921 in 1675.79 - percent 0.0021774
835 of 175921 in 1677.79 - percent 0.00217502
836 of 175921 in 1679.78 - percent 0.00217267
837 of 175921 in 1681.78 - percent 0.00217057
838 of 175921 in 1683.8 - percent 0.00216957
839 of 175921 in 1685.83 - percent 0.00216797
840 of 175921 in 1687.86 - percent 0.00216583
841 of 175921 in 1689.86 - percent 0.00216368
842 of 175921 in 1691.85 - percent 0.00216156
843 of 175921 in 1693.85 - percent 0.00215924
844 of 175921 in 1695.84 - percent 0.0021568
845 of 175921 in 1697.84 - percent 0.00215456
846 of 175921 in 1699.83 - percent 0.00215232
847 of 175921 in 1701.83 - percent 0.0021504
848 of 175921 in 1703.84 - percent 0.00214855
849 of 175921 in 1705.86 - percent 0.00214981
850 of 175921 in 1707.86 - percent 0.00214964
851 of 175921 in 1709.86 - percent 0.00214829
852 of 175921 in 1711.86 - percent 0.00214652
853 of 175921 in 1713.87 - percent 0.0021449
854 of 175921 in 1715.87 - percent 0.00214301
855 of 175921 in 1717.87 - percent 0.00214115
856 of 175921 in 1719.87 - percent 0.00213985
857 of 175921 in 1721.9 - percent 0.00213944
858 of 175921 in 1723.94 - percent 0.00213963
859 of 175921 in 1725.99 - percent 0.00214236
860 of 175921 in 1728.04 - percent 0.00214445
861 of 175921 in 1730.08 - percent 0.0021433
862 of 175921 in 1732.1 - percent 0.00214217
863 of 175921 in 1734.11 - percent 0.00214086
864 of 175921 in 1736.11 - percent 0.00213896
865 of 175921 in 1738.11 - percent 0.00213675
866 of 175921 in 1740.12 - percent 0.00213478
867 of 175921 in 1742.12 - percent 0.00213311
868 of 175921 in 1744.12 - percent 0.00213189
869 of 175921 in 1746.12 - percent 0.00213066
870 of 175921 in 1748.14 - percent 0.00213132
871 of 175921 in 1750.15 - percent 0.00213057
872 of 175921 in 1752.15 - percent 0.00212935
873 of 175921 in 1754.15 - percent 0.00212749
874 of 175921 in 1756.15 - percent 0.00212574
875 of 175921 in 1758.14 - percent 0.00212359
876 of 175921 in 1760.13 - percent 0.00212172
877 of 175921 in 1762.13 - percent 0.0021202
878 of 175921 in 1764.13 - percent 0.00211866
879 of 175921 in 1766.17 - percent 0.00211733
880 of 175921 in 1768.21 - percent 0.00211725
881 of 175921 in 1770.23 - percent 0.00211786
882 of 175921 in 1772.23 - percent 0.00211657
883 of 175921 in 1774.23 - percent 0.00211486
884 of 175921 in 1776.22 - percent 0.00211291
885 of 175921 in 1778.21 - percent 0.00211099
886 of 175921 in 1780.21 - percent 0.00210887
887 of 175921 in 1782.19 - percent 0.0021068
888 of 175921 in 1784.18 - percent 0.00210511
889 of 175921 in 1786.18 - percent 0.0021032
890 of 175921 in 1788.19 - percent 0.00210143
891 of 175921 in 1790.2 - percent 0.00209997
892 of 175921 in 1792.2 - percent 0.00209905
893 of 175921 in 1794.19 - percent 0.00209738
894 of 175921 in 1796.19 - percent 0.00209552
895 of 175921 in 1798.17 - percent 0.00209405
