Number of rows/cols is 48
Number of nnz is    306
#d1 vertices: 0
#d2 vertices: 0
min degree: 4
************************************************************************
Algo is 3
Compress matrix 0
Apply Dulmage-Mendehlson 0
Sorting 3
Single run 0
************************************************************************
Perman: [veni] running with 45 rows:
	3 of 175921 in 0.878984 - percent 0.0231456
	44 of 175921 in 7.00696 - percent 0.0126575
	81 of 175921 in 10.0812 - percent 0.00990409
	322 of 175921 in 25.5457 - percent 0.00632381
	709 of 175921 in 48.5051 - percent 0.00541913
	859 of 175921 in 54.9113 - percent 0.00505056
	940 of 175921 in 58.9629 - percent 0.00495261
	944 of 175921 in 59.547 - percent 0.00497995
	1028 of 175921 in 66.7441 - percent 0.00512108
	1079 of 175921 in 69.8957 - percent 0.00510844
	1369 of 175921 in 87.5671 - percent 0.00502442
	1416 of 175921 in 91.5559 - percent 0.0050778
	1567 of 175921 in 98.5121 - percent 0.00493466
	1635 of 175921 in 99.6697 - percent 0.00478313
	1720 of 175921 in 105.818 - percent 0.00481899
	1762 of 175921 in 110.715 - percent 0.00492015
	2062 of 175921 in 128.47 - percent 0.00487259
	2100 of 175921 in 130.733 - percent 0.0048692
	2192 of 175921 in 134.606 - percent 0.00480312
	2242 of 175921 in 137.075 - percent 0.00478143
	2357 of 175921 in 142.228 - percent 0.00471437
	2633 of 175921 in 157.358 - percent 0.00466677
	2642 of 175921 in 157.942 - percent 0.00466831
	2706 of 175921 in 162.266 - percent 0.0046847
	2732 of 175921 in 165.148 - percent 0.00472364
	2738 of 175921 in 165.584 - percent 0.00472595
	2744 of 175921 in 166.708 - percent 0.00474816
	2834 of 175921 in 173.079 - percent 0.00477582
	2976 of 175921 in 176.459 - percent 0.00463743
	3052 of 175921 in 177.927 - percent 0.00455896
	3069 of 175921 in 178.163 - percent 0.00453973
	3103 of 175921 in 181.348 - percent 0.00456912
	3204 of 175921 in 184.766 - percent 0.00450641
	3221 of 175921 in 186.875 - percent 0.00453244
	3428 of 175921 in 190.534 - percent 0.00434232
	4142 of 175921 in 193.705 - percent 0.00365301
	4300 of 175921 in 202.983 - percent 0.00368469
	4384 of 175921 in 204.26 - percent 0.00363686
	4464 of 175921 in 207.034 - percent 0.00362037
	4467 of 175921 in 207.409 - percent 0.00362454
	4638 of 175921 in 215.703 - percent 0.00363082
	4688 of 175921 in 217.614 - percent 0.00362364
	4768 of 175921 in 220.326 - percent 0.0036075
	5159 of 175921 in 236.831 - percent 0.00358155
	5356 of 175921 in 244.727 - percent 0.00356609
	5363 of 175921 in 245.563 - percent 0.00357366
	5396 of 175921 in 247.868 - percent 0.00358524
	5401 of 175921 in 248.385 - percent 0.0035894
	5412 of 175921 in 248.947 - percent 0.0035903
	5476 of 175921 in 252.832 - percent 0.0036041
	5488 of 175921 in 254.522 - percent 0.00362054
	5715 of 175921 in 268.132 - percent 0.00366458
	5717 of 175921 in 268.246 - percent 0.00366483
	5749 of 175921 in 270.551 - percent 0.0036758
	6216 of 175921 in 285.653 - percent 0.00358845
	6256 of 175921 in 287.125 - percent 0.00358394
	6329 of 175921 in 288.523 - percent 0.00355977
	6403 of 175921 in 289.763 - percent 0.00353361
	6416 of 175921 in 291.956 - percent 0.00355343
	6492 of 175921 in 295.369 - percent 0.00355326
	6729 of 175921 in 304.096 - percent 0.00352936
	6817 of 175921 in 307.486 - percent 0.00352203
	6868 of 175921 in 310.281 - percent 0.00352717
	7782 of 175921 in 318.964 - percent 0.00319922
	7792 of 175921 in 320.876 - percent 0.00321388
	7832 of 175921 in 324.671 - percent 0.00323445
	8060 of 175921 in 333.612 - percent 0.00322831
	8128 of 175921 in 334.723 - percent 0.00321207
	8241 of 175921 in 338.982 - percent 0.00320911
	8246 of 175921 in 339.785 - percent 0.00321492
	8261 of 175921 in 341.829 - percent 0.00322887
	8272 of 175921 in 342.796 - percent 0.00323386
	8296 of 175921 in 343.593 - percent 0.00323216
	8388 of 175921 in 346.784 - percent 0.00322698
	8418 of 175921 in 348.406 - percent 0.00323081
	8591 of 175921 in 352.472 - percent 0.00320261
	8604 of 175921 in 353.471 - percent 0.0032066
	8710 of 175921 in 358.256 - percent 0.00320954
	8853 of 175921 in 361.026 - percent 0.00318211
	9089 of 175921 in 368.582 - percent 0.00316439
	9160 of 175921 in 370.446 - percent 0.00315576
	9272 of 175921 in 376.547 - percent 0.00316911
	9555 of 175921 in 384.855 - percent 0.00314234
	9646 of 175921 in 390.428 - percent 0.0031577
	9661 of 175921 in 390.679 - percent 0.00315477
	9662 of 175921 in 390.812 - percent 0.0031555
	9712 of 175921 in 393.498 - percent 0.00316058
	9790 of 175921 in 399.183 - percent 0.00318008
	9795 of 175921 in 400.028 - percent 0.00318516
	9964 of 175921 in 403.701 - percent 0.00316013
	10049 of 175921 in 408.301 - percent 0.00316936
	10252 of 175921 in 414.908 - percent 0.00315691
	10308 of 175921 in 417.142 - percent 0.0031565
	10636 of 175921 in 430.087 - percent 0.00315343
	10708 of 175921 in 433.839 - percent 0.00316
	10793 of 175921 in 435.563 - percent 0.00314776
	10876 of 175921 in 441.301 - percent 0.00316539
	10884 of 175921 in 442.767 - percent 0.00317369
	10938 of 175921 in 446.467 - percent 0.00318475
	10976 of 175921 in 449.191 - percent 0.00319328
	10990 of 175921 in 450.686 - percent 0.00319994
	11052 of 175921 in 457.276 - percent 0.00322881
	11077 of 175921 in 458.464 - percent 0.00322995
	11134 of 175921 in 460.002 - percent 0.00322422
	11632 of 175921 in 475.135 - percent 0.00318771
	12493 of 175921 in 482.112 - percent 0.00301141
	12613 of 175921 in 486.452 - percent 0.00300896
	12768 of 175921 in 489.98 - percent 0.00299354
	12848 of 175921 in 498.114 - percent 0.00302422
	12949 of 175921 in 502.6 - percent 0.00302764
	13799 of 175921 in 506.06 - percent 0.00286058
	13860 of 175921 in 509.845 - percent 0.00286953
	13930 of 175921 in 515.11 - percent 0.00288495
	13941 of 175921 in 515.597 - percent 0.00288539
	14131 of 175921 in 525.439 - percent 0.00290002
	14143 of 175921 in 526.472 - percent 0.00290308
	14179 of 175921 in 529.65 - percent 0.00291274
	14224 of 175921 in 535.085 - percent 0.0029326
	14232 of 175921 in 536.195 - percent 0.00293689
	14628 of 175921 in 554.303 - percent 0.00295377
	14672 of 175921 in 561.219 - percent 0.00298163
	14688 of 175921 in 563.479 - percent 0.00299033
	14704 of 175921 in 565.027 - percent 0.00299527
	14716 of 175921 in 565.923 - percent 0.00299755
	14877 of 175921 in 577.801 - percent 0.00302645
	14889 of 175921 in 579.057 - percent 0.00303044
	14908 of 175921 in 580.774 - percent 0.00303537
	14976 of 175921 in 584.889 - percent 0.00304272
	15043 of 175921 in 588.205 - percent 0.00304647
	15075 of 175921 in 589.452 - percent 0.00304648
	15215 of 175921 in 593.081 - percent 0.00303674
	15328 of 175921 in 598.003 - percent 0.00303912
	15412 of 175921 in 602.332 - percent 0.00304448
	15534 of 175921 in 605.855 - percent 0.00303833
	15564 of 175921 in 608.401 - percent 0.00304527
	17634 of 175921 in 633.764 - percent 0.00280002
	17858 of 175921 in 642.511 - percent 0.00280258
	17870 of 175921 in 644.411 - percent 0.0028089
	18125 of 175921 in 652.747 - percent 0.00280482
	18146 of 175921 in 654.12 - percent 0.00280733
	18278 of 175921 in 656.873 - percent 0.00279867
	18312 of 175921 in 660.02 - percent 0.00280683
	18432 of 175921 in 666.724 - percent 0.00281683
	19038 of 175921 in 686.754 - percent 0.00280797
	19236 of 175921 in 692.96 - percent 0.00280452
	19933 of 175921 in 694.47 - percent 0.00271241
	20264 of 175921 in 708.788 - percent 0.00272285
	20270 of 175921 in 709.707 - percent 0.00272557
	20463 of 175921 in 716.553 - percent 0.00272542
	20538 of 175921 in 718.047 - percent 0.00272117
	21420 of 175921 in 731.037 - percent 0.00265609
	21500 of 175921 in 735.374 - percent 0.0026618
	21580 of 175921 in 737.211 - percent 0.00265856
	21820 of 175921 in 749.187 - percent 0.00267256
	21828 of 175921 in 750.342 - percent 0.00267573
	21844 of 175921 in 752.292 - percent 0.00268077
	21860 of 175921 in 752.7 - percent 0.00268026
	21903 of 175921 in 755.641 - percent 0.00268554
	21904 of 175921 in 755.863 - percent 0.00268621
	21905 of 175921 in 756.235 - percent 0.00268744
	21950 of 175921 in 760.933 - percent 0.00269877
	21982 of 175921 in 765.156 - percent 0.00270992
	21983 of 175921 in 765.399 - percent 0.00271067
	21985 of 175921 in 765.805 - percent 0.00271187
	22018 of 175921 in 771.847 - percent 0.0027293
	22057 of 175921 in 775.646 - percent 0.00273797
	22071 of 175921 in 777.428 - percent 0.00274257
	22107 of 175921 in 780.751 - percent 0.00274988
	22108 of 175921 in 780.916 - percent 0.00275034
	22162 of 175921 in 785.818 - percent 0.00276094
	22258 of 175921 in 789.227 - percent 0.00276103
	22291 of 175921 in 790.53 - percent 0.00276151
	23397 of 175921 in 814.82 - percent 0.00271189
	23403 of 175921 in 815.082 - percent 0.00271208
	23448 of 175921 in 817.335 - percent 0.00271447
	23901 of 175921 in 834.652 - percent 0.00271998
	23987 of 175921 in 837.165 - percent 0.00271855
	24032 of 175921 in 839.437 - percent 0.00272092
	24912 of 175921 in 847.355 - percent 0.00264978
	24939 of 175921 in 848.023 - percent 0.00264901
	24969 of 175921 in 849.555 - percent 0.00265064
	25024 of 175921 in 851.436 - percent 0.00265066
	25179 of 175921 in 855.24 - percent 0.0026461
	25200 of 175921 in 857.461 - percent 0.00265082
	25300 of 175921 in 861.033 - percent 0.00265136
	25416 of 175921 in 863.43 - percent 0.0026468
	25617 of 175921 in 869.923 - percent 0.00264618
	26255 of 175921 in 898.002 - percent 0.00266573
	26440 of 175921 in 902.779 - percent 0.00266127
	26478 of 175921 in 906.201 - percent 0.00266775
	26580 of 175921 in 910.404 - percent 0.0026702
	26760 of 175921 in 913.944 - percent 0.00266266
	28194 of 175921 in 916.457 - percent 0.00253415
	28396 of 175921 in 923.665 - percent 0.00253645
	28448 of 175921 in 929.834 - percent 0.00254924
	28641 of 175921 in 936.829 - percent 0.00255171
	28746 of 175921 in 940.098 - percent 0.00255134
	28832 of 175921 in 943.631 - percent 0.00255313
	28857 of 175921 in 944.777 - percent 0.00255396
	29071 of 175921 in 954.333 - percent 0.00256111
	29092 of 175921 in 956.253 - percent 0.00256447
	29156 of 175921 in 961.374 - percent 0.00257264
	29206 of 175921 in 963.89 - percent 0.00257496
	29424 of 175921 in 984.921 - percent 0.00261278
	29427 of 175921 in 985.204 - percent 0.00261329
	29440 of 175921 in 986.867 - percent 0.00261667
	29729 of 175921 in 997.386 - percent 0.00261953
	29776 of 175921 in 1001.94 - percent 0.00262739
	29780 of 175921 in 1002.84 - percent 0.00262942
	30101 of 175921 in 1023.76 - percent 0.0026558
	30150 of 175921 in 1027.41 - percent 0.00266102
	31096 of 175921 in 1034.56 - percent 0.00259826
	31126 of 175921 in 1036.11 - percent 0.00259972
	31128 of 175921 in 1036.45 - percent 0.00260041
	31348 of 175921 in 1047.21 - percent 0.00260944
	31592 of 175921 in 1055.68 - percent 0.00261037
	32532 of 175921 in 1065.42 - percent 0.00255815
	32980 of 175921 in 1082.16 - percent 0.00256327
	43986 of 175921 in 1084.84 - percent 0.00192665
	43990 of 175921 in 1085.49 - percent 0.00192763
	43993 of 175921 in 1086.09 - percent 0.00192857
	44008 of 175921 in 1087.94 - percent 0.00193122
	44061 of 175921 in 1093.29 - percent 0.00193843
	44064 of 175921 in 1093.74 - percent 0.00193909
	44344 of 175921 in 1112.17 - percent 0.00195945
	44348 of 175921 in 1112.41 - percent 0.00195972
	44626 of 175921 in 1125.82 - percent 0.00197099
	44820 of 175921 in 1136.5 - percent 0.00198097
	44968 of 175921 in 1146.14 - percent 0.00199157
	45084 of 175921 in 1152.56 - percent 0.00199778
	45209 of 175921 in 1158.95 - percent 0.0020033
	45287 of 175921 in 1163.79 - percent 0.00200804
	45314 of 175921 in 1165.46 - percent 0.00200968
	45353 of 175921 in 1169.96 - percent 0.00201555
	45398 of 175921 in 1173.36 - percent 0.00201943
	45440 of 175921 in 1175.21 - percent 0.00202078
	45613 of 175921 in 1180.63 - percent 0.00202243
	45700 of 175921 in 1186.68 - percent 0.00202886
	45711 of 175921 in 1188.27 - percent 0.00203113
	45865 of 175921 in 1198.46 - percent 0.00204195
	45868 of 175921 in 1198.89 - percent 0.00204254
	45955 of 175921 in 1202.87 - percent 0.00204556
	45967 of 175921 in 1204.16 - percent 0.00204724
	46025 of 175921 in 1207.18 - percent 0.00204988
	46047 of 175921 in 1208.87 - percent 0.00205178
	46060 of 175921 in 1209.67 - percent 0.00205257
	46148 of 175921 in 1213.47 - percent 0.00205519
	46188 of 175921 in 1214.59 - percent 0.00205536
	46212 of 175921 in 1215.83 - percent 0.0020564
	46304 of 175921 in 1219.22 - percent 0.00205801
	46414 of 175921 in 1227.87 - percent 0.00206768
	46459 of 175921 in 1229.61 - percent 0.00206863
	46515 of 175921 in 1230.68 - percent 0.00206792
	46615 of 175921 in 1236.65 - percent 0.00207359
	46643 of 175921 in 1237.81 - percent 0.0020743
	46689 of 175921 in 1241.47 - percent 0.00207841
	46896 of 175921 in 1253.68 - percent 0.00208974
	47080 of 175921 in 1259.31 - percent 0.00209094
	47188 of 175921 in 1264.01 - percent 0.00209396
	47249 of 175921 in 1265.74 - percent 0.00209412
	47272 of 175921 in 1265.99 - percent 0.00209352
	48144 of 175921 in 1273.04 - percent 0.00206705
	48240 of 175921 in 1278.37 - percent 0.00207141
	48273 of 175921 in 1280.35 - percent 0.00207315
	48362 of 175921 in 1282.27 - percent 0.00207246
	48528 of 175921 in 1290.58 - percent 0.00207908
	48640 of 175921 in 1294.36 - percent 0.00208048
	48783 of 175921 in 1299.55 - percent 0.00208282
	48792 of 175921 in 1300.38 - percent 0.00208374
	48812 of 175921 in 1302.27 - percent 0.00208586
	49200 of 175921 in 1317.01 - percent 0.00209282
	49480 of 175921 in 1334.46 - percent 0.00210864
	49639 of 175921 in 1345.87 - percent 0.00212001
	49785 of 175921 in 1349.47 - percent 0.00211943
	49936 of 175921 in 1354.78 - percent 0.00212152
	50137 of 175921 in 1362.29 - percent 0.00212464
	50421 of 175921 in 1374.38 - percent 0.00213176
	50530 of 175921 in 1377.67 - percent 0.00213237
	50717 of 175921 in 1385.34 - percent 0.00213644
	50822 of 175921 in 1389.15 - percent 0.00213779
	51768 of 175921 in 1400.48 - percent 0.00211599
	51772 of 175921 in 1401.45 - percent 0.00211731
	51987 of 175921 in 1411.39 - percent 0.00212355
	52025 of 175921 in 1413.95 - percent 0.00212587
	52195 of 175921 in 1419.29 - percent 0.00212703
	52232 of 175921 in 1422.47 - percent 0.00213032
	52560 of 175921 in 1433.58 - percent 0.00213371
	52669 of 175921 in 1437.29 - percent 0.00213478
	52672 of 175921 in 1437.93 - percent 0.00213563
	52691 of 175921 in 1440.34 - percent 0.00213846
	52916 of 175921 in 1445.98 - percent 0.0021378
	53050 of 175921 in 1449.6 - percent 0.00213783
	53159 of 175921 in 1455.81 - percent 0.00214279
	53248 of 175921 in 1458.77 - percent 0.00214364
	53279 of 175921 in 1461.12 - percent 0.00214581
	53683 of 175921 in 1475.41 - percent 0.00215046
	53723 of 175921 in 1479.23 - percent 0.00215435
	53756 of 175921 in 1481.92 - percent 0.00215689
	53772 of 175921 in 1482.4 - percent 0.00215693
	53859 of 175921 in 1483.95 - percent 0.00215572
	54232 of 175921 in 1497.96 - percent 0.00216147
	54432 of 175921 in 1509.02 - percent 0.00216919
	54548 of 175921 in 1511.47 - percent 0.00216812
	54832 of 175921 in 1521.77 - percent 0.00217174
	54875 of 175921 in 1527.42 - percent 0.00217816
	55018 of 175921 in 1539.97 - percent 0.00219039
	55034 of 175921 in 1541.68 - percent 0.00219221
	55520 of 175921 in 1556.67 - percent 0.00219433
	55527 of 175921 in 1557.59 - percent 0.00219533
	56354 of 175921 in 1562.79 - percent 0.00217021
	56355 of 175921 in 1562.84 - percent 0.00217024
	56792 of 175921 in 1578.09 - percent 0.00217479
	56926 of 175921 in 1587.31 - percent 0.00218265
	57774 of 175921 in 1590.84 - percent 0.00215546
	57821 of 175921 in 1593.3 - percent 0.00215706
	57956 of 175921 in 1603.91 - percent 0.00216653
	57980 of 175921 in 1605.36 - percent 0.00216759
	58183 of 175921 in 1619.14 - percent 0.00217862
	58184 of 175921 in 1619.27 - percent 0.00217877
	58218 of 175921 in 1623.46 - percent 0.00218315
	58295 of 175921 in 1627.07 - percent 0.0021852
	58361 of 175921 in 1630.32 - percent 0.00218722
	58468 of 175921 in 1631.7 - percent 0.00218512
	58569 of 175921 in 1639.29 - percent 0.00219177
	58654 of 175921 in 1649.43 - percent 0.00220244
	58698 of 175921 in 1654.6 - percent 0.00220782
	58752 of 175921 in 1658.94 - percent 0.00221169
	58784 of 175921 in 1660.75 - percent 0.0022129
	58812 of 175921 in 1662.65 - percent 0.00221439
	58816 of 175921 in 1663.47 - percent 0.00221533
	58960 of 175921 in 1674.02 - percent 0.00222407
	59023 of 175921 in 1677.08 - percent 0.00222584
	59187 of 175921 in 1681.74 - percent 0.0022258
	59276 of 175921 in 1685.38 - percent 0.0022272
	59381 of 175921 in 1690.93 - percent 0.00223079
	59676 of 175921 in 1707.02 - percent 0.00224153
	61171 of 175921 in 1710.56 - percent 0.0021913
	61295 of 175921 in 1713 - percent 0.00219002
	61392 of 175921 in 1716.69 - percent 0.00219134
	61480 of 175921 in 1718.97 - percent 0.00219118
	61508 of 175921 in 1721.81 - percent 0.00219388
	61514 of 175921 in 1722.19 - percent 0.00219415
	62080 of 175921 in 1741.58 - percent 0.00219855
	62256 of 175921 in 1746.44 - percent 0.0021985
	62408 of 175921 in 1756.54 - percent 0.00220603
	62420 of 175921 in 1757.43 - percent 0.00220675
	62576 of 175921 in 1762.46 - percent 0.00220766
	62750 of 175921 in 1766.81 - percent 0.00220702
	62761 of 175921 in 1767.61 - percent 0.00220763
	63913 of 175921 in 1784.42 - percent 0.00218848
	63952 of 175921 in 1786.85 - percent 0.00219014
	63977 of 175921 in 1787.9 - percent 0.00219059
