Number of rows/cols is 48
Number of nnz is    306
#d1 vertices: 0
#d2 vertices: 0
min degree: 4
************************************************************************
Algo is 1
Compress matrix 0
Apply Dulmage-Mendehlson 0
Sorting 1
Single run 0
************************************************************************
Perman: [veni] running with 45 rows:
	1 of 175921 in 7.77997 - percent 1
	2 of 175921 in 15.5575 - percent 1
	3 of 175921 in 23.3353 - percent 1
	4 of 175921 in 31.1131 - percent 1
	5 of 175921 in 38.8908 - percent 1
	6 of 175921 in 46.6687 - percent 1
	7 of 175921 in 54.4464 - percent 1
	8 of 175921 in 62.2236 - percent 1
	9 of 175921 in 70.0013 - percent 1
	10 of 175921 in 77.7788 - percent 1
	11 of 175921 in 85.5564 - percent 1
	12 of 175921 in 93.3339 - percent 1
	13 of 175921 in 101.112 - percent 1
	14 of 175921 in 108.889 - percent 1
	15 of 175921 in 116.667 - percent 1
	16 of 175921 in 124.445 - percent 1
	17 of 175921 in 132.222 - percent 1
	18 of 175921 in 139.999 - percent 1
	19 of 175921 in 147.777 - percent 1
	20 of 175921 in 155.555 - percent 1
	21 of 175921 in 163.332 - percent 1
	22 of 175921 in 171.11 - percent 1
	23 of 175921 in 178.887 - percent 1
	24 of 175921 in 186.664 - percent 1
	25 of 175921 in 194.442 - percent 1
	26 of 175921 in 202.219 - percent 1
	27 of 175921 in 209.997 - percent 1
	28 of 175921 in 217.774 - percent 1
	29 of 175921 in 225.551 - percent 1
	30 of 175921 in 233.328 - percent 1
	31 of 175921 in 241.106 - percent 1
	32 of 175921 in 248.884 - percent 1
	33 of 175921 in 256.661 - percent 1
	34 of 175921 in 264.439 - percent 1
	35 of 175921 in 272.216 - percent 1
	36 of 175921 in 279.993 - percent 1
	37 of 175921 in 287.771 - percent 1
	38 of 175921 in 295.548 - percent 1
	39 of 175921 in 303.326 - percent 1
	40 of 175921 in 311.103 - percent 1
	41 of 175921 in 318.881 - percent 1
	42 of 175921 in 326.658 - percent 1
	43 of 175921 in 334.435 - percent 1
	44 of 175921 in 342.213 - percent 1
	45 of 175921 in 349.99 - percent 1
	46 of 175921 in 357.768 - percent 1
	47 of 175921 in 365.545 - percent 1
	48 of 175921 in 373.323 - percent 1
	49 of 175921 in 381.1 - percent 1
	50 of 175921 in 388.878 - percent 1
	51 of 175921 in 396.656 - percent 1
	52 of 175921 in 404.433 - percent 1
	53 of 175921 in 412.211 - percent 1
	54 of 175921 in 419.989 - percent 1
	55 of 175921 in 427.766 - percent 1
	56 of 175921 in 435.544 - percent 1
	57 of 175921 in 443.321 - percent 1
	58 of 175921 in 451.099 - percent 1
	59 of 175921 in 458.877 - percent 1
	60 of 175921 in 466.654 - percent 1
	61 of 175921 in 474.432 - percent 1
	62 of 175921 in 482.21 - percent 1
	63 of 175921 in 489.988 - percent 1
	64 of 175921 in 497.765 - percent 1
	65 of 175921 in 505.543 - percent 1
	66 of 175921 in 513.32 - percent 1
	67 of 175921 in 521.098 - percent 1
	68 of 175921 in 528.875 - percent 1
	69 of 175921 in 536.653 - percent 1
	70 of 175921 in 544.43 - percent 1
	71 of 175921 in 552.207 - percent 1
	72 of 175921 in 559.984 - percent 1
	73 of 175921 in 567.761 - percent 1
	74 of 175921 in 575.539 - percent 1
	75 of 175921 in 583.316 - percent 1
	76 of 175921 in 591.094 - percent 1
	77 of 175921 in 598.872 - percent 1
	78 of 175921 in 606.649 - percent 1
	79 of 175921 in 614.427 - percent 1
	80 of 175921 in 622.204 - percent 1
	81 of 175921 in 629.981 - percent 1
	82 of 175921 in 637.758 - percent 1
	83 of 175921 in 645.536 - percent 1
	84 of 175921 in 653.313 - percent 1
	85 of 175921 in 661.09 - percent 1
	86 of 175921 in 668.868 - percent 1
	87 of 175921 in 676.645 - percent 1
	88 of 175921 in 684.422 - percent 1
	89 of 175921 in 692.2 - percent 1
	90 of 175921 in 699.977 - percent 1
	91 of 175921 in 707.754 - percent 1
	92 of 175921 in 715.531 - percent 1
	93 of 175921 in 723.308 - percent 1
	94 of 175921 in 731.086 - percent 1
	95 of 175921 in 738.863 - percent 1
	96 of 175921 in 746.64 - percent 1
	97 of 175921 in 754.417 - percent 1
	98 of 175921 in 762.195 - percent 1
	99 of 175921 in 769.972 - percent 1
	100 of 175921 in 777.75 - percent 1
	101 of 175921 in 785.528 - percent 1
	102 of 175921 in 793.305 - percent 1
	103 of 175921 in 801.082 - percent 1
	104 of 175921 in 808.86 - percent 1
	105 of 175921 in 816.637 - percent 1
	106 of 175921 in 824.415 - percent 1
	107 of 175921 in 832.192 - percent 1
	108 of 175921 in 839.969 - percent 1
	109 of 175921 in 847.746 - percent 1
	110 of 175921 in 855.523 - percent 1
	111 of 175921 in 863.3 - percent 1
	112 of 175921 in 871.077 - percent 1
	113 of 175921 in 878.855 - percent 1
	114 of 175921 in 886.632 - percent 1
	115 of 175921 in 894.409 - percent 1
	116 of 175921 in 902.186 - percent 1
	117 of 175921 in 909.963 - percent 1
	118 of 175921 in 917.74 - percent 1
	119 of 175921 in 925.517 - percent 1
	120 of 175921 in 933.294 - percent 1
	121 of 175921 in 941.07 - percent 1
	122 of 175921 in 948.847 - percent 1
	123 of 175921 in 956.624 - percent 1
	124 of 175921 in 964.401 - percent 1
	125 of 175921 in 972.178 - percent 1
	126 of 175921 in 979.955 - percent 1
	127 of 175921 in 987.732 - percent 1
	128 of 175921 in 995.509 - percent 1
	129 of 175921 in 1003.29 - percent 1
	130 of 175921 in 1011.06 - percent 1
	131 of 175921 in 1018.84 - percent 1
	132 of 175921 in 1026.62 - percent 1
	133 of 175921 in 1034.4 - percent 1
	134 of 175921 in 1042.17 - percent 1
	135 of 175921 in 1049.95 - percent 1
	136 of 175921 in 1057.73 - percent 1
	137 of 175921 in 1065.51 - percent 1
	138 of 175921 in 1073.28 - percent 1
	139 of 175921 in 1081.06 - percent 1
	140 of 175921 in 1088.84 - percent 1
	141 of 175921 in 1096.61 - percent 1
	142 of 175921 in 1104.39 - percent 1
	143 of 175921 in 1112.17 - percent 1
	144 of 175921 in 1119.95 - percent 1
	145 of 175921 in 1127.72 - percent 1
	146 of 175921 in 1135.5 - percent 1
	147 of 175921 in 1143.28 - percent 1
	148 of 175921 in 1151.06 - percent 1
	149 of 175921 in 1158.83 - percent 1
	150 of 175921 in 1166.61 - percent 1
	151 of 175921 in 1174.39 - percent 1
	152 of 175921 in 1182.16 - percent 1
	153 of 175921 in 1189.94 - percent 1
	154 of 175921 in 1197.72 - percent 1
	155 of 175921 in 1205.5 - percent 1
	156 of 175921 in 1213.27 - percent 1
	157 of 175921 in 1221.05 - percent 1
	158 of 175921 in 1228.83 - percent 1
	159 of 175921 in 1236.61 - percent 1
	160 of 175921 in 1244.38 - percent 1
	161 of 175921 in 1252.16 - percent 1
	162 of 175921 in 1259.94 - percent 1
	163 of 175921 in 1267.71 - percent 1
	164 of 175921 in 1275.49 - percent 1
	165 of 175921 in 1283.27 - percent 1
	166 of 175921 in 1291.05 - percent 1
	167 of 175921 in 1298.82 - percent 1
	168 of 175921 in 1306.6 - percent 1
	169 of 175921 in 1314.38 - percent 1
	170 of 175921 in 1322.16 - percent 1
	171 of 175921 in 1329.93 - percent 1
	172 of 175921 in 1337.71 - percent 1
	173 of 175921 in 1345.49 - percent 1
	174 of 175921 in 1353.27 - percent 1
	175 of 175921 in 1361.04 - percent 1
	176 of 175921 in 1368.82 - percent 1
	177 of 175921 in 1376.6 - percent 1
	178 of 175921 in 1384.38 - percent 1
	179 of 175921 in 1392.15 - percent 1
	180 of 175921 in 1399.93 - percent 1
	181 of 175921 in 1407.71 - percent 1
	182 of 175921 in 1415.48 - percent 1
	183 of 175921 in 1423.26 - percent 1
	184 of 175921 in 1431.04 - percent 1
	185 of 175921 in 1438.82 - percent 1
	186 of 175921 in 1446.59 - percent 1
	187 of 175921 in 1454.37 - percent 1
	188 of 175921 in 1462.15 - percent 1
	189 of 175921 in 1469.93 - percent 1
	190 of 175921 in 1477.7 - percent 1
	191 of 175921 in 1485.48 - percent 1
	192 of 175921 in 1493.26 - percent 1
	193 of 175921 in 1501.03 - percent 1
	194 of 175921 in 1508.81 - percent 1
	195 of 175921 in 1516.59 - percent 1
	196 of 175921 in 1524.37 - percent 1
	197 of 175921 in 1532.15 - percent 1
	198 of 175921 in 1539.92 - percent 1
	199 of 175921 in 1547.7 - percent 1
	200 of 175921 in 1555.48 - percent 1
	201 of 175921 in 1563.26 - percent 1
	202 of 175921 in 1571.03 - percent 1
	203 of 175921 in 1578.81 - percent 1
	204 of 175921 in 1586.59 - percent 1
	205 of 175921 in 1594.37 - percent 1
	206 of 175921 in 1602.14 - percent 1
	207 of 175921 in 1609.92 - percent 1
	208 of 175921 in 1617.7 - percent 1
	209 of 175921 in 1625.48 - percent 1
	210 of 175921 in 1633.25 - percent 1
	211 of 175921 in 1641.03 - percent 1
	212 of 175921 in 1648.81 - percent 1
	213 of 175921 in 1656.59 - percent 1
	214 of 175921 in 1664.36 - percent 1
	215 of 175921 in 1672.14 - percent 1
	216 of 175921 in 1679.92 - percent 1
	217 of 175921 in 1687.7 - percent 1
	218 of 175921 in 1695.47 - percent 1
	219 of 175921 in 1703.25 - percent 1
	220 of 175921 in 1711.03 - percent 1
	221 of 175921 in 1718.81 - percent 1
	222 of 175921 in 1726.58 - percent 1
	223 of 175921 in 1734.36 - percent 1
	224 of 175921 in 1742.14 - percent 1
	225 of 175921 in 1749.92 - percent 1
	226 of 175921 in 1757.69 - percent 1
	227 of 175921 in 1765.47 - percent 1
	228 of 175921 in 1773.25 - percent 1
	229 of 175921 in 1781.02 - percent 1
	230 of 175921 in 1788.8 - percent 1
	231 of 175921 in 1796.58 - percent 1
