Number of rows/cols is 48
Number of nnz is    306
#d1 vertices: 0
#d2 vertices: 0
min degree: 4
************************************************************************
Algo is 2
Compress matrix 0
Apply Dulmage-Mendehlson 0
Sorting 3
Single run 0
************************************************************************
Perman: [veni] running with 45 rows:
1 of 175921 in 2.10519 - percent 0.0130622
2 of 175921 in 4.19942 - percent 0.0110224
3 of 175921 in 6.30292 - percent 0.0105828
4 of 175921 in 8.36337 - percent 0.00898097
5 of 175921 in 10.4334 - percent 0.00839686
6 of 175921 in 12.5379 - percent 0.00942366
7 of 175921 in 14.5823 - percent 0.00834428
8 of 175921 in 16.6647 - percent 0.00822413
9 of 175921 in 18.7473 - percent 0.00811086
10 of 175921 in 20.8195 - percent 0.00787164
11 of 175921 in 22.9413 - percent 0.00857102
12 of 175921 in 25.0029 - percent 0.00820989
13 of 175921 in 27.0652 - percent 0.00810809
14 of 175921 in 29.1104 - percent 0.00767225
15 of 175921 in 31.124 - percent 0.00716077
16 of 175921 in 33.1534 - percent 0.00671322
17 of 175921 in 35.233 - percent 0.00672349
18 of 175921 in 37.2879 - percent 0.00664347
19 of 175921 in 39.3567 - percent 0.00660554
20 of 175921 in 41.4122 - percent 0.00654564
21 of 175921 in 43.4745 - percent 0.00646094
22 of 175921 in 45.583 - percent 0.00667402
23 of 175921 in 47.6331 - percent 0.00652421
24 of 175921 in 49.7044 - percent 0.00657923
25 of 175921 in 51.7369 - percent 0.00635799
26 of 175921 in 53.7566 - percent 0.00611345
27 of 175921 in 55.8001 - percent 0.00595663
28 of 175921 in 57.889 - percent 0.00603032
29 of 175921 in 60.0034 - percent 0.00631209
30 of 175921 in 62.0635 - percent 0.00623747
31 of 175921 in 64.0779 - percent 0.00603626
32 of 175921 in 66.1094 - percent 0.00584763
33 of 175921 in 68.1757 - percent 0.00590721
34 of 175921 in 70.2218 - percent 0.00579212
35 of 175921 in 72.3053 - percent 0.00583134
36 of 175921 in 74.3352 - percent 0.00566936
37 of 175921 in 76.3645 - percent 0.00551614
38 of 175921 in 78.418 - percent 0.00555681
39 of 175921 in 80.459 - percent 0.00546222
40 of 175921 in 82.5263 - percent 0.00546446
41 of 175921 in 84.6243 - percent 0.00555157
42 of 175921 in 86.6966 - percent 0.00555555
43 of 175921 in 88.7994 - percent 0.00573148
44 of 175921 in 90.8693 - percent 0.00577622
45 of 175921 in 92.9289 - percent 0.00573974
46 of 175921 in 95.0119 - percent 0.00576893
47 of 175921 in 97.0677 - percent 0.00572641
48 of 175921 in 99.1085 - percent 0.0056541
49 of 175921 in 101.145 - percent 0.005633
50 of 175921 in 103.178 - percent 0.00552034
51 of 175921 in 105.207 - percent 0.0054121
52 of 175921 in 107.236 - percent 0.00530802
53 of 175921 in 109.267 - percent 0.00520787
54 of 175921 in 111.28 - percent 0.00511143
55 of 175921 in 113.31 - percent 0.00501849
56 of 175921 in 115.323 - percent 0.00492888
57 of 175921 in 117.352 - percent 0.00484241
58 of 175921 in 119.365 - percent 0.00475892
59 of 175921 in 121.395 - percent 0.00467826
60 of 175921 in 123.425 - percent 0.00460029
61 of 175921 in 125.441 - percent 0.00452487
62 of 175921 in 127.477 - percent 0.00447089
63 of 175921 in 129.531 - percent 0.00448986
64 of 175921 in 131.579 - percent 0.00445849
65 of 175921 in 133.672 - percent 0.00452865
66 of 175921 in 135.725 - percent 0.00451752
67 of 175921 in 137.773 - percent 0.0045094
68 of 175921 in 139.836 - percent 0.00452676
69 of 175921 in 141.882 - percent 0.0045107
70 of 175921 in 143.945 - percent 0.00450993
71 of 175921 in 145.975 - percent 0.00444641
72 of 175921 in 147.987 - percent 0.00438465
73 of 175921 in 150.029 - percent 0.00434578
74 of 175921 in 152.08 - percent 0.00435863
75 of 175921 in 154.141 - percent 0.00435696
76 of 175921 in 156.231 - percent 0.00444463
77 of 175921 in 158.293 - percent 0.00444413
78 of 175921 in 160.368 - percent 0.00446631
79 of 175921 in 162.433 - percent 0.0044738
80 of 175921 in 164.471 - percent 0.00443582
81 of 175921 in 166.553 - percent 0.00452457
82 of 175921 in 168.615 - percent 0.00452771
83 of 175921 in 170.668 - percent 0.00451129
84 of 175921 in 172.756 - percent 0.00455107
85 of 175921 in 174.833 - percent 0.00457259
86 of 175921 in 176.926 - percent 0.00466027
87 of 175921 in 179.003 - percent 0.0047068
88 of 175921 in 181.083 - percent 0.00473112
89 of 175921 in 183.169 - percent 0.00475899
90 of 175921 in 185.226 - percent 0.00474793
91 of 175921 in 187.284 - percent 0.00475156
92 of 175921 in 189.32 - percent 0.00474487
93 of 175921 in 191.352 - percent 0.00469385
94 of 175921 in 193.384 - percent 0.00464392
95 of 175921 in 195.413 - percent 0.00459503
96 of 175921 in 197.443 - percent 0.00454717
97 of 175921 in 199.458 - percent 0.00450029
98 of 175921 in 201.488 - percent 0.00445437
99 of 175921 in 203.502 - percent 0.00440937
100 of 175921 in 205.532 - percent 0.00436528
101 of 175921 in 207.546 - percent 0.00432206
102 of 175921 in 209.576 - percent 0.00427969
103 of 175921 in 211.605 - percent 0.00423814
104 of 175921 in 213.619 - percent 0.00419739
105 of 175921 in 215.658 - percent 0.0041695
106 of 175921 in 217.704 - percent 0.00417096
107 of 175921 in 219.76 - percent 0.00416517
108 of 175921 in 221.821 - percent 0.00416662
109 of 175921 in 223.845 - percent 0.00412839
110 of 175921 in 225.863 - percent 0.00409086
111 of 175921 in 227.884 - percent 0.00405401
112 of 175921 in 229.906 - percent 0.00401781
113 of 175921 in 231.951 - percent 0.00400185
114 of 175921 in 234.023 - percent 0.00401668
115 of 175921 in 236.118 - percent 0.00408265
116 of 175921 in 238.176 - percent 0.00407827
117 of 175921 in 240.258 - percent 0.00412488
118 of 175921 in 242.324 - percent 0.00413031
119 of 175921 in 244.338 - percent 0.0040956
120 of 175921 in 246.368 - percent 0.00406147
121 of 175921 in 248.4 - percent 0.0040279
122 of 175921 in 250.472 - percent 0.00404514
123 of 175921 in 252.546 - percent 0.00406269
124 of 175921 in 254.556 - percent 0.00403603
125 of 175921 in 256.586 - percent 0.00400375
126 of 175921 in 258.614 - percent 0.00397197
127 of 175921 in 260.646 - percent 0.00394069
128 of 175921 in 262.677 - percent 0.00390991
129 of 175921 in 264.711 - percent 0.0039064
130 of 175921 in 266.795 - percent 0.00394897
131 of 175921 in 268.86 - percent 0.00395713
132 of 175921 in 270.932 - percent 0.00396893
133 of 175921 in 272.961 - percent 0.00393909
134 of 175921 in 274.982 - percent 0.00390969
135 of 175921 in 276.991 - percent 0.00388073
136 of 175921 in 279.021 - percent 0.0038522
137 of 175921 in 281.054 - percent 0.00382408
138 of 175921 in 283.082 - percent 0.00379637
139 of 175921 in 285.112 - percent 0.00376906
140 of 175921 in 287.126 - percent 0.00374214
141 of 175921 in 289.155 - percent 0.0037156
142 of 175921 in 291.17 - percent 0.00368943
143 of 175921 in 293.198 - percent 0.00366363
144 of 175921 in 295.213 - percent 0.00363819
145 of 175921 in 297.243 - percent 0.0036131
146 of 175921 in 299.316 - percent 0.00362817
147 of 175921 in 301.425 - percent 0.00369398
148 of 175921 in 303.481 - percent 0.00369327
149 of 175921 in 305.495 - percent 0.00366848
150 of 175921 in 307.527 - percent 0.00364403
151 of 175921 in 309.612 - percent 0.0036699
152 of 175921 in 311.671 - percent 0.00367629
153 of 175921 in 313.728 - percent 0.00368567
154 of 175921 in 315.749 - percent 0.0036629
155 of 175921 in 317.772 - percent 0.00363927
156 of 175921 in 319.803 - percent 0.00361594
157 of 175921 in 321.884 - percent 0.0036368
158 of 175921 in 324.006 - percent 0.00370901
159 of 175921 in 326.042 - percent 0.00369052
160 of 175921 in 328.056 - percent 0.00366745
161 of 175921 in 330.086 - percent 0.00364467
162 of 175921 in 332.178 - percent 0.0036925
163 of 175921 in 334.248 - percent 0.00370493
164 of 175921 in 336.325 - percent 0.00372087
165 of 175921 in 338.356 - percent 0.00369832
166 of 175921 in 340.383 - percent 0.00367604
167 of 175921 in 342.448 - percent 0.00370595
168 of 175921 in 344.522 - percent 0.00372069
169 of 175921 in 346.584 - percent 0.00372472
170 of 175921 in 348.689 - percent 0.00376279
171 of 175921 in 350.778 - percent 0.0037867
172 of 175921 in 352.884 - percent 0.00384816
173 of 175921 in 354.952 - percent 0.0038652
174 of 175921 in 357.012 - percent 0.00386814
175 of 175921 in 359.085 - percent 0.0038778
176 of 175921 in 361.134 - percent 0.00387163
177 of 175921 in 363.183 - percent 0.00387418
178 of 175921 in 365.205 - percent 0.00386437
179 of 175921 in 367.238 - percent 0.00384278
180 of 175921 in 369.277 - percent 0.00382763
181 of 175921 in 371.326 - percent 0.00382195
182 of 175921 in 373.383 - percent 0.003823
183 of 175921 in 375.436 - percent 0.00383175
184 of 175921 in 377.465 - percent 0.00381092
185 of 175921 in 379.481 - percent 0.00379032
186 of 175921 in 381.536 - percent 0.00379105
187 of 175921 in 383.6 - percent 0.00380609
188 of 175921 in 385.648 - percent 0.00379823
189 of 175921 in 387.678 - percent 0.00377813
190 of 175921 in 389.691 - percent 0.00375825
191 of 175921 in 391.733 - percent 0.00374718
192 of 175921 in 393.771 - percent 0.00374428
193 of 175921 in 395.823 - percent 0.00374027
194 of 175921 in 397.867 - percent 0.00373211
195 of 175921 in 399.889 - percent 0.00371298
196 of 175921 in 401.91 - percent 0.00369403
197 of 175921 in 403.978 - percent 0.00370983
198 of 175921 in 406.042 - percent 0.0037191
199 of 175921 in 408.076 - percent 0.00370295
200 of 175921 in 410.107 - percent 0.00368444
201 of 175921 in 412.118 - percent 0.00366611
202 of 175921 in 414.148 - percent 0.00364796
203 of 175921 in 416.162 - percent 0.00362999
204 of 175921 in 418.191 - percent 0.00361219
205 of 175921 in 420.205 - percent 0.00359457
206 of 175921 in 422.234 - percent 0.00357712
207 of 175921 in 424.268 - percent 0.00355984
208 of 175921 in 426.295 - percent 0.00354273
209 of 175921 in 428.321 - percent 0.00352578
210 of 175921 in 430.325 - percent 0.00350899
211 of 175921 in 432.355 - percent 0.00349236
212 of 175921 in 434.384 - percent 0.00347588
213 of 175921 in 436.441 - percent 0.00347648
214 of 175921 in 438.495 - percent 0.00347547
215 of 175921 in 440.545 - percent 0.00348948
216 of 175921 in 442.567 - percent 0.00347333
217 of 175921 in 444.596 - percent 0.00345732
218 of 175921 in 446.628 - percent 0.00344146
219 of 175921 in 448.657 - percent 0.00342575
220 of 175921 in 450.675 - percent 0.00341018
221 of 175921 in 452.696 - percent 0.00340125
222 of 175921 in 454.751 - percent 0.00340102
223 of 175921 in 456.795 - percent 0.0033925
224 of 175921 in 458.824 - percent 0.00337735
225 of 175921 in 460.852 - percent 0.00336234
226 of 175921 in 462.872 - percent 0.00334945
227 of 175921 in 464.921 - percent 0.00334753
228 of 175921 in 466.966 - percent 0.00335131
229 of 175921 in 469.017 - percent 0.00335196
230 of 175921 in 471.066 - percent 0.00335558
231 of 175921 in 473.116 - percent 0.00335295
232 of 175921 in 475.146 - percent 0.00333849
233 of 175921 in 477.159 - percent 0.00332416
234 of 175921 in 479.19 - percent 0.00330996
235 of 175921 in 481.205 - percent 0.00329587
236 of 175921 in 483.235 - percent 0.00328191
237 of 175921 in 485.286 - percent 0.00327994
238 of 175921 in 487.32 - percent 0.0032735
239 of 175921 in 489.357 - percent 0.00326794
240 of 175921 in 491.375 - percent 0.00325432
241 of 175921 in 493.4 - percent 0.00324082
242 of 175921 in 495.431 - percent 0.00322743
243 of 175921 in 497.461 - percent 0.00321415
244 of 175921 in 499.476 - percent 0.00320098
245 of 175921 in 501.505 - percent 0.00318791
246 of 175921 in 503.52 - percent 0.00317495
247 of 175921 in 505.548 - percent 0.0031621
248 of 175921 in 507.563 - percent 0.00314935
249 of 175921 in 509.592 - percent 0.0031367
250 of 175921 in 511.626 - percent 0.00312415
251 of 175921 in 513.654 - percent 0.0031117
252 of 175921 in 515.679 - percent 0.00309936
253 of 175921 in 517.709 - percent 0.00310138
254 of 175921 in 519.757 - percent 0.0030975
255 of 175921 in 521.799 - percent 0.00309167
256 of 175921 in 523.856 - percent 0.00309523
257 of 175921 in 525.906 - percent 0.00309326
258 of 175921 in 527.957 - percent 0.00310841
259 of 175921 in 530.006 - percent 0.00310991
260 of 175921 in 532.055 - percent 0.00310908
261 of 175921 in 534.112 - percent 0.00311036
262 of 175921 in 536.157 - percent 0.00310677
263 of 175921 in 538.193 - percent 0.00310582
264 of 175921 in 540.233 - percent 0.00310974
265 of 175921 in 542.272 - percent 0.0031028
266 of 175921 in 544.327 - percent 0.0031031
267 of 175921 in 546.365 - percent 0.0030965
268 of 175921 in 548.414 - percent 0.00309609
269 of 175921 in 550.467 - percent 0.00310328
270 of 175921 in 552.502 - percent 0.00309621
271 of 175921 in 554.54 - percent 0.00309572
272 of 175921 in 556.567 - percent 0.00308559
273 of 175921 in 558.587 - percent 0.00307429
274 of 175921 in 560.625 - percent 0.00306626
275 of 175921 in 562.672 - percent 0.00306296
276 of 175921 in 564.703 - percent 0.00306112
277 of 175921 in 566.747 - percent 0.00305723
278 of 175921 in 568.775 - percent 0.00305339
279 of 175921 in 570.821 - percent 0.00305002
280 of 175921 in 572.876 - percent 0.00305184
281 of 175921 in 574.908 - percent 0.0030471
282 of 175921 in 576.948 - percent 0.00304408
283 of 175921 in 578.963 - percent 0.00303333
284 of 175921 in 580.989 - percent 0.00302265
285 of 175921 in 583.019 - percent 0.00301204
286 of 175921 in 585.048 - percent 0.00300151
287 of 175921 in 587.061 - percent 0.00299105
288 of 175921 in 589.088 - percent 0.00298066
289 of 175921 in 591.103 - percent 0.00297035
290 of 175921 in 593.13 - percent 0.00296011
291 of 175921 in 595.147 - percent 0.00294994
292 of 175921 in 597.176 - percent 0.00293983
293 of 175921 in 599.211 - percent 0.0029298
294 of 175921 in 601.24 - percent 0.00291983
295 of 175921 in 603.263 - percent 0.00290994
296 of 175921 in 605.288 - percent 0.00290978
297 of 175921 in 607.324 - percent 0.00290185
298 of 175921 in 609.378 - percent 0.00290376
299 of 175921 in 611.42 - percent 0.00290016
300 of 175921 in 613.47 - percent 0.00289925
301 of 175921 in 615.529 - percent 0.00291653
302 of 175921 in 617.587 - percent 0.0029228
303 of 175921 in 619.628 - percent 0.00291895
304 of 175921 in 621.692 - percent 0.00292361
305 of 175921 in 623.742 - percent 0.0029231
306 of 175921 in 625.785 - percent 0.00292789
307 of 175921 in 627.803 - percent 0.00292058
308 of 175921 in 629.831 - percent 0.00291109
309 of 175921 in 631.878 - percent 0.00290856
310 of 175921 in 633.924 - percent 0.00290719
311 of 175921 in 635.958 - percent 0.00290112
312 of 175921 in 638.004 - percent 0.00290471
313 of 175921 in 640.029 - percent 0.00289543
314 of 175921 in 642.048 - percent 0.00288621
315 of 175921 in 644.115 - percent 0.00289702
316 of 175921 in 646.18 - percent 0.00290693
317 of 175921 in 648.236 - percent 0.00290927
318 of 175921 in 650.267 - percent 0.00290012
319 of 175921 in 652.28 - percent 0.00289103
320 of 175921 in 654.319 - percent 0.00288558
321 of 175921 in 656.36 - percent 0.00288876
322 of 175921 in 658.415 - percent 0.00289087
323 of 175921 in 660.484 - percent 0.00289904
324 of 175921 in 662.522 - percent 0.00289835
325 of 175921 in 664.574 - percent 0.00290018
326 of 175921 in 666.62 - percent 0.00290461
327 of 175921 in 668.666 - percent 0.00290334
328 of 175921 in 670.711 - percent 0.00290106
329 of 175921 in 672.736 - percent 0.00289225
330 of 175921 in 674.752 - percent 0.00288348
331 of 175921 in 676.797 - percent 0.00288341
332 of 175921 in 678.839 - percent 0.00288387
333 of 175921 in 680.906 - percent 0.00289227
334 of 175921 in 682.964 - percent 0.00290138
335 of 175921 in 685.011 - percent 0.00290023
336 of 175921 in 687.081 - percent 0.00290672
337 of 175921 in 689.129 - percent 0.00290631
338 of 175921 in 691.167 - percent 0.00290484
339 of 175921 in 693.231 - percent 0.00292057
340 of 175921 in 695.286 - percent 0.00292142
341 of 175921 in 697.345 - percent 0.00292437
342 of 175921 in 699.41 - percent 0.00293003
343 of 175921 in 701.473 - percent 0.00293556
344 of 175921 in 703.531 - percent 0.00295142
345 of 175921 in 705.579 - percent 0.00295245
346 of 175921 in 707.625 - percent 0.00295095
347 of 175921 in 709.677 - percent 0.00295096
348 of 175921 in 711.718 - percent 0.00294791
349 of 175921 in 713.752 - percent 0.00294993
350 of 175921 in 715.781 - percent 0.00294892
351 of 175921 in 717.823 - percent 0.00294537
352 of 175921 in 719.872 - percent 0.00294466
353 of 175921 in 721.906 - percent 0.00293934
354 of 175921 in 723.946 - percent 0.00293897
355 of 175921 in 725.989 - percent 0.00294188
356 of 175921 in 728.02 - percent 0.00293673
357 of 175921 in 730.057 - percent 0.00293658
358 of 175921 in 732.077 - percent 0.00292869
359 of 175921 in 734.101 - percent 0.00292053
360 of 175921 in 736.135 - percent 0.00291532
361 of 175921 in 738.177 - percent 0.00291194
362 of 175921 in 740.203 - percent 0.00291038
363 of 175921 in 742.249 - percent 0.0029082
364 of 175921 in 744.273 - percent 0.00290475
365 of 175921 in 746.315 - percent 0.00290281
366 of 175921 in 748.362 - percent 0.00290306
367 of 175921 in 750.392 - percent 0.00290024
368 of 175921 in 752.428 - percent 0.00289601
369 of 175921 in 754.44 - percent 0.00288816
370 of 175921 in 756.467 - percent 0.00288036
371 of 175921 in 758.504 - percent 0.00287659
372 of 175921 in 760.551 - percent 0.00287723
373 of 175921 in 762.599 - percent 0.00288222
374 of 175921 in 764.622 - percent 0.0028752
375 of 175921 in 766.642 - percent 0.00286753
376 of 175921 in 768.672 - percent 0.00286313
377 of 175921 in 770.7 - percent 0.00286008
378 of 175921 in 772.735 - percent 0.0028558
379 of 175921 in 774.778 - percent 0.00285222
380 of 175921 in 776.804 - percent 0.00284472
381 of 175921 in 778.821 - percent 0.00283725
382 of 175921 in 780.845 - percent 0.0028367
383 of 175921 in 782.882 - percent 0.00283245
384 of 175921 in 784.928 - percent 0.00283191
385 of 175921 in 786.965 - percent 0.00282864
386 of 175921 in 789.008 - percent 0.00282745
387 of 175921 in 791.052 - percent 0.00283737
388 of 175921 in 793.099 - percent 0.00283775
389 of 175921 in 795.136 - percent 0.00283438
390 of 175921 in 797.188 - percent 0.00283494
391 of 175921 in 799.229 - percent 0.00283263
392 of 175921 in 801.26 - percent 0.00283441
393 of 175921 in 803.273 - percent 0.0028272
394 of 175921 in 805.298 - percent 0.00282003
395 of 175921 in 807.328 - percent 0.00281289
396 of 175921 in 809.354 - percent 0.00280578
397 of 175921 in 811.374 - percent 0.00279872
398 of 175921 in 813.392 - percent 0.00279168
399 of 175921 in 815.413 - percent 0.00278469
400 of 175921 in 817.436 - percent 0.00277773
401 of 175921 in 819.456 - percent 0.0027708
402 of 175921 in 821.481 - percent 0.00276391
403 of 175921 in 823.507 - percent 0.00275705
404 of 175921 in 825.537 - percent 0.00275022
405 of 175921 in 827.547 - percent 0.00274343
406 of 175921 in 829.583 - percent 0.00273857
407 of 175921 in 831.615 - percent 0.00273901
408 of 175921 in 833.665 - percent 0.00274014
409 of 175921 in 835.715 - percent 0.00274122
410 of 175921 in 837.743 - percent 0.00273916
411 of 175921 in 839.793 - percent 0.00273949
412 of 175921 in 841.824 - percent 0.00273998
413 of 175921 in 843.868 - percent 0.00273789
414 of 175921 in 845.906 - percent 0.00273486
415 of 175921 in 847.931 - percent 0.00272827
416 of 175921 in 849.949 - percent 0.00272171
417 of 175921 in 851.995 - percent 0.00272297
418 of 175921 in 854.029 - percent 0.00272033
419 of 175921 in 856.079 - percent 0.00272475
420 of 175921 in 858.124 - percent 0.00272705
421 of 175921 in 860.162 - percent 0.0027238
422 of 175921 in 862.219 - percent 0.00272524
423 of 175921 in 864.262 - percent 0.00272388
424 of 175921 in 866.294 - percent 0.00272372
425 of 175921 in 868.334 - percent 0.00272905
426 of 175921 in 870.382 - percent 0.00272808
427 of 175921 in 872.434 - percent 0.00272868
428 of 175921 in 874.486 - percent 0.00273055
429 of 175921 in 876.537 - percent 0.00273225
430 of 175921 in 878.589 - percent 0.00274376
431 of 175921 in 880.641 - percent 0.00274542
432 of 175921 in 882.693 - percent 0.00274733
433 of 175921 in 884.743 - percent 0.00274778
434 of 175921 in 886.788 - percent 0.00274679
435 of 175921 in 888.819 - percent 0.00274959
436 of 175921 in 890.832 - percent 0.00274328
437 of 175921 in 892.859 - percent 0.002737
438 of 175921 in 894.888 - percent 0.00273075
439 of 175921 in 896.914 - percent 0.00272453
440 of 175921 in 898.93 - percent 0.00271834
441 of 175921 in 900.948 - percent 0.00271218
442 of 175921 in 902.968 - percent 0.00270604
443 of 175921 in 904.989 - percent 0.00269993
444 of 175921 in 907.005 - percent 0.00269385
445 of 175921 in 909.027 - percent 0.0026878
446 of 175921 in 911.054 - percent 0.00268177
447 of 175921 in 913.082 - percent 0.00267577
448 of 175921 in 915.093 - percent 0.0026698
449 of 175921 in 917.137 - percent 0.00266867
450 of 175921 in 919.164 - percent 0.00266696
451 of 175921 in 921.213 - percent 0.00266762
452 of 175921 in 923.239 - percent 0.00266172
453 of 175921 in 925.25 - percent 0.00265584
454 of 175921 in 927.28 - percent 0.00264999
455 of 175921 in 929.29 - percent 0.00264417
456 of 175921 in 931.319 - percent 0.00263837
457 of 175921 in 933.36 - percent 0.00263682
458 of 175921 in 935.414 - percent 0.00264079
459 of 175921 in 937.472 - percent 0.00264694
460 of 175921 in 939.521 - percent 0.00265045
461 of 175921 in 941.568 - percent 0.0026518
462 of 175921 in 943.594 - percent 0.00264837
463 of 175921 in 945.616 - percent 0.00264266
464 of 175921 in 947.641 - percent 0.00263696
465 of 175921 in 949.676 - percent 0.00263282
466 of 175921 in 951.738 - percent 0.00263659
467 of 175921 in 953.765 - percent 0.00263552
468 of 175921 in 955.769 - percent 0.00262989
469 of 175921 in 957.796 - percent 0.00262428
470 of 175921 in 959.825 - percent 0.0026187
471 of 175921 in 961.851 - percent 0.00261314
472 of 175921 in 963.874 - percent 0.0026076
473 of 175921 in 965.891 - percent 0.00260874
474 of 175921 in 967.935 - percent 0.00260823
475 of 175921 in 969.971 - percent 0.00260605
476 of 175921 in 972.004 - percent 0.00260196
477 of 175921 in 974.033 - percent 0.0025965
478 of 175921 in 976.034 - percent 0.00259107
479 of 175921 in 978.05 - percent 0.00258566
480 of 175921 in 980.077 - percent 0.00258028
481 of 175921 in 982.107 - percent 0.00257491
482 of 175921 in 984.132 - percent 0.00256957
483 of 175921 in 986.147 - percent 0.00256425
484 of 175921 in 988.169 - percent 0.00255895
485 of 175921 in 990.187 - percent 0.00255368
486 of 175921 in 992.21 - percent 0.00254842
487 of 175921 in 994.225 - percent 0.00254319
488 of 175921 in 996.249 - percent 0.00253798
489 of 175921 in 998.276 - percent 0.00253302
490 of 175921 in 1000.32 - percent 0.00253355
491 of 175921 in 1002.37 - percent 0.00253829
492 of 175921 in 1004.4 - percent 0.00253314
493 of 175921 in 1006.42 - percent 0.002528
494 of 175921 in 1008.44 - percent 0.00252371
495 of 175921 in 1010.49 - percent 0.00252305
496 of 175921 in 1012.51 - percent 0.00252129
497 of 175921 in 1014.56 - percent 0.0025193
498 of 175921 in 1016.57 - percent 0.00251424
499 of 175921 in 1018.6 - percent 0.00250921
500 of 175921 in 1020.63 - percent 0.00250547
501 of 175921 in 1022.68 - percent 0.00250772
502 of 175921 in 1024.72 - percent 0.00250969
503 of 175921 in 1026.74 - percent 0.0025047
504 of 175921 in 1028.76 - percent 0.00249973
505 of 175921 in 1030.79 - percent 0.00249971
506 of 175921 in 1032.83 - percent 0.00250019
507 of 175921 in 1034.87 - percent 0.00249713
508 of 175921 in 1036.91 - percent 0.00249529
509 of 175921 in 1038.93 - percent 0.00249039
510 of 175921 in 1040.94 - percent 0.0024855
511 of 175921 in 1042.97 - percent 0.00248701
512 of 175921 in 1045.02 - percent 0.00248584
513 of 175921 in 1047.07 - percent 0.00248676
514 of 175921 in 1049.11 - percent 0.00248666
515 of 175921 in 1051.16 - percent 0.00248825
516 of 175921 in 1053.22 - percent 0.00250027
517 of 175921 in 1055.28 - percent 0.00250543
518 of 175921 in 1057.35 - percent 0.00251052
519 of 175921 in 1059.4 - percent 0.00251356
520 of 175921 in 1061.46 - percent 0.00251524
521 of 175921 in 1063.5 - percent 0.0025217
522 of 175921 in 1065.52 - percent 0.00251687
523 of 175921 in 1067.55 - percent 0.00251206
524 of 175921 in 1069.6 - percent 0.00251363
525 of 175921 in 1071.65 - percent 0.00251473
526 of 175921 in 1073.71 - percent 0.00252082
527 of 175921 in 1075.74 - percent 0.00251978
528 of 175921 in 1077.76 - percent 0.00251501
529 of 175921 in 1079.78 - percent 0.00251026
530 of 175921 in 1081.86 - percent 0.00252042
531 of 175921 in 1083.92 - percent 0.0025258
532 of 175921 in 1085.95 - percent 0.00252151
533 of 175921 in 1087.98 - percent 0.00251678
534 of 175921 in 1089.99 - percent 0.00251207
535 of 175921 in 1092.04 - percent 0.00251324
536 of 175921 in 1094.08 - percent 0.00251382
537 of 175921 in 1096.14 - percent 0.00251765
538 of 175921 in 1098.17 - percent 0.00251297
539 of 175921 in 1100.18 - percent 0.00250831
540 of 175921 in 1102.21 - percent 0.00250495
541 of 175921 in 1104.29 - percent 0.0025169
542 of 175921 in 1106.35 - percent 0.00251937
543 of 175921 in 1108.38 - percent 0.00251473
544 of 175921 in 1110.4 - percent 0.0025101
545 of 175921 in 1112.42 - percent 0.0025055
546 of 175921 in 1114.44 - percent 0.00250091
547 of 175921 in 1116.47 - percent 0.00249634
548 of 175921 in 1118.48 - percent 0.00249178
549 of 175921 in 1120.5 - percent 0.00248724
550 of 175921 in 1122.53 - percent 0.00248272
551 of 175921 in 1124.55 - percent 0.00247822
552 of 175921 in 1126.58 - percent 0.00247373
553 of 175921 in 1128.59 - percent 0.00246925
554 of 175921 in 1130.6 - percent 0.0024648
555 of 175921 in 1132.62 - percent 0.00246035
556 of 175921 in 1134.68 - percent 0.00246094
557 of 175921 in 1136.71 - percent 0.00245957
558 of 175921 in 1138.77 - percent 0.00246431
559 of 175921 in 1140.8 - percent 0.002468
560 of 175921 in 1142.83 - percent 0.0024636
561 of 175921 in 1144.86 - percent 0.00245921
562 of 175921 in 1146.88 - percent 0.00245483
563 of 175921 in 1148.91 - percent 0.00245047
564 of 175921 in 1150.91 - percent 0.00244612
565 of 175921 in 1152.96 - percent 0.0024473
566 of 175921 in 1155.02 - percent 0.00245072
567 of 175921 in 1157.05 - percent 0.00244671
568 of 175921 in 1159.07 - percent 0.0024424
569 of 175921 in 1161.09 - percent 0.00243811
570 of 175921 in 1163.12 - percent 0.00243769
571 of 175921 in 1165.17 - percent 0.00244073
572 of 175921 in 1167.23 - percent 0.00244247
573 of 175921 in 1169.29 - percent 0.00244905
574 of 175921 in 1171.35 - percent 0.00245185
575 of 175921 in 1173.39 - percent 0.00245085
576 of 175921 in 1175.41 - percent 0.0024466
577 of 175921 in 1177.42 - percent 0.00244236
578 of 175921 in 1179.45 - percent 0.00243813
579 of 175921 in 1181.47 - percent 0.00243392
580 of 175921 in 1183.5 - percent 0.00243242
581 of 175921 in 1185.55 - percent 0.00243213
582 of 175921 in 1187.58 - percent 0.00243249
583 of 175921 in 1189.63 - percent 0.00243085
584 of 175921 in 1191.64 - percent 0.00242669
585 of 175921 in 1193.67 - percent 0.00242254
586 of 175921 in 1195.7 - percent 0.0024184
587 of 175921 in 1197.72 - percent 0.00241428
588 of 175921 in 1199.74 - percent 0.00241018
589 of 175921 in 1201.76 - percent 0.00240609
590 of 175921 in 1203.78 - percent 0.00240201
591 of 175921 in 1205.8 - percent 0.00239794
592 of 175921 in 1207.82 - percent 0.00239389
593 of 175921 in 1209.84 - percent 0.00238986
594 of 175921 in 1211.87 - percent 0.00238583
595 of 175921 in 1213.9 - percent 0.00238182
596 of 175921 in 1215.91 - percent 0.00237966
597 of 175921 in 1217.95 - percent 0.00238182
598 of 175921 in 1220 - percent 0.00238201
599 of 175921 in 1222.06 - percent 0.00238527
600 of 175921 in 1224.12 - percent 0.00238706
601 of 175921 in 1226.18 - percent 0.00239108
602 of 175921 in 1228.23 - percent 0.00240031
603 of 175921 in 1230.29 - percent 0.00240218
604 of 175921 in 1232.35 - percent 0.00240567
605 of 175921 in 1234.39 - percent 0.00240531
606 of 175921 in 1236.44 - percent 0.00240558
607 of 175921 in 1238.49 - percent 0.00241393
608 of 175921 in 1240.52 - percent 0.00241134
609 of 175921 in 1242.56 - percent 0.002411
610 of 175921 in 1244.62 - percent 0.00241398
611 of 175921 in 1246.67 - percent 0.00241391
612 of 175921 in 1248.71 - percent 0.00241779
613 of 175921 in 1250.77 - percent 0.0024209
614 of 175921 in 1252.8 - percent 0.00242086
615 of 175921 in 1254.84 - percent 0.00242003
616 of 175921 in 1256.85 - percent 0.0024161
617 of 175921 in 1258.88 - percent 0.00241218
618 of 175921 in 1260.92 - percent 0.00241106
619 of 175921 in 1262.96 - percent 0.00241037
620 of 175921 in 1265.01 - percent 0.00241218
621 of 175921 in 1267.05 - percent 0.00241266
622 of 175921 in 1269.09 - percent 0.00241222
623 of 175921 in 1271.15 - percent 0.0024167
624 of 175921 in 1273.2 - percent 0.00241612
625 of 175921 in 1275.23 - percent 0.00241723
626 of 175921 in 1277.27 - percent 0.00241483
627 of 175921 in 1279.29 - percent 0.00241098
628 of 175921 in 1281.32 - percent 0.00240714
629 of 175921 in 1283.34 - percent 0.00240332
630 of 175921 in 1285.36 - percent 0.0023995
631 of 175921 in 1287.38 - percent 0.0023957
632 of 175921 in 1289.4 - percent 0.00239191
633 of 175921 in 1291.42 - percent 0.00238813
634 of 175921 in 1293.44 - percent 0.00238436
635 of 175921 in 1295.46 - percent 0.00238061
636 of 175921 in 1297.49 - percent 0.00237686
637 of 175921 in 1299.51 - percent 0.00237313
638 of 175921 in 1301.54 - percent 0.00236941
639 of 175921 in 1303.55 - percent 0.00236826
640 of 175921 in 1305.58 - percent 0.00236832
641 of 175921 in 1307.63 - percent 0.00236806
642 of 175921 in 1309.68 - percent 0.00237027
643 of 175921 in 1311.73 - percent 0.00236985
644 of 175921 in 1313.77 - percent 0.00237211
645 of 175921 in 1315.84 - percent 0.00238288
646 of 175921 in 1317.89 - percent 0.00238453
647 of 175921 in 1319.95 - percent 0.00238769
648 of 175921 in 1322.01 - percent 0.00239067
649 of 175921 in 1324.05 - percent 0.00238868
650 of 175921 in 1326.08 - percent 0.00239154
651 of 175921 in 1328.1 - percent 0.00238786
652 of 175921 in 1330.12 - percent 0.0023842
653 of 175921 in 1332.18 - percent 0.00238533
654 of 175921 in 1334.22 - percent 0.0023846
655 of 175921 in 1336.26 - percent 0.00238883
656 of 175921 in 1338.29 - percent 0.00238519
657 of 175921 in 1340.3 - percent 0.00238156
658 of 175921 in 1342.34 - percent 0.0023794
659 of 175921 in 1344.42 - percent 0.0023894
660 of 175921 in 1346.48 - percent 0.00239262
661 of 175921 in 1348.53 - percent 0.00239257
662 of 175921 in 1350.55 - percent 0.00238896
663 of 175921 in 1352.57 - percent 0.00238535
664 of 175921 in 1354.62 - percent 0.00238854
665 of 175921 in 1356.66 - percent 0.0023883
666 of 175921 in 1358.73 - percent 0.00239397
667 of 175921 in 1360.78 - percent 0.00239476
668 of 175921 in 1362.82 - percent 0.00239638
669 of 175921 in 1364.87 - percent 0.00239672
670 of 175921 in 1366.91 - percent 0.00239928
671 of 175921 in 1368.97 - percent 0.00240159
672 of 175921 in 1371.01 - percent 0.00239944
673 of 175921 in 1373.02 - percent 0.00239587
674 of 175921 in 1375.05 - percent 0.00239365
675 of 175921 in 1377.1 - percent 0.00239666
676 of 175921 in 1379.14 - percent 0.00239596
677 of 175921 in 1381.22 - percent 0.00240538
678 of 175921 in 1383.28 - percent 0.00240839
679 of 175921 in 1385.32 - percent 0.00240886
680 of 175921 in 1387.39 - percent 0.00241311
681 of 175921 in 1389.43 - percent 0.00241176
682 of 175921 in 1391.49 - percent 0.00241935
683 of 175921 in 1393.54 - percent 0.00242143
684 of 175921 in 1395.59 - percent 0.0024226
685 of 175921 in 1397.66 - percent 0.00242727
686 of 175921 in 1399.73 - percent 0.0024309
687 of 175921 in 1401.79 - percent 0.00243666
688 of 175921 in 1403.86 - percent 0.00244417
689 of 175921 in 1405.92 - percent 0.00244471
690 of 175921 in 1407.99 - percent 0.00244705
691 of 175921 in 1410.04 - percent 0.00244574
692 of 175921 in 1412.09 - percent 0.00244577
693 of 175921 in 1414.14 - percent 0.00245066
694 of 175921 in 1416.18 - percent 0.00244817
695 of 175921 in 1418.24 - percent 0.00244778
696 of 175921 in 1420.3 - percent 0.00244908
697 of 175921 in 1422.35 - percent 0.00244866
698 of 175921 in 1424.41 - percent 0.00245227
699 of 175921 in 1426.46 - percent 0.00245235
700 of 175921 in 1428.51 - percent 0.00245261
701 of 175921 in 1430.55 - percent 0.00245018
702 of 175921 in 1432.58 - percent 0.00244669
703 of 175921 in 1434.63 - percent 0.00244321
704 of 175921 in 1436.67 - percent 0.00244219
705 of 175921 in 1438.72 - percent 0.00244118
706 of 175921 in 1440.78 - percent 0.00244204
707 of 175921 in 1442.82 - percent 0.00244135
708 of 175921 in 1444.87 - percent 0.00244032
709 of 175921 in 1446.94 - percent 0.00244332
710 of 175921 in 1448.99 - percent 0.00244187
711 of 175921 in 1451.03 - percent 0.00244213
712 of 175921 in 1453.08 - percent 0.00243976
713 of 175921 in 1455.1 - percent 0.00243633
714 of 175921 in 1457.14 - percent 0.00243292
715 of 175921 in 1459.2 - percent 0.00243404
716 of 175921 in 1461.26 - percent 0.00243679
717 of 175921 in 1463.32 - percent 0.00243774
718 of 175921 in 1465.34 - percent 0.00243434
719 of 175921 in 1467.39 - percent 0.00243096
720 of 175921 in 1469.42 - percent 0.00243128
721 of 175921 in 1471.47 - percent 0.00242884
722 of 175921 in 1473.53 - percent 0.00242863
723 of 175921 in 1475.57 - percent 0.00242639
724 of 175921 in 1477.61 - percent 0.00242304
725 of 175921 in 1479.64 - percent 0.00242252
726 of 175921 in 1481.68 - percent 0.00242103
727 of 175921 in 1483.73 - percent 0.0024203
728 of 175921 in 1485.8 - percent 0.00242148
729 of 175921 in 1487.85 - percent 0.00242101
730 of 175921 in 1489.9 - percent 0.00242221
731 of 175921 in 1491.95 - percent 0.00242649
732 of 175921 in 1494.01 - percent 0.00242599
733 of 175921 in 1496.07 - percent 0.00242675
734 of 175921 in 1498.12 - percent 0.00242664
735 of 175921 in 1500.16 - percent 0.00242431
736 of 175921 in 1502.18 - percent 0.00242448
737 of 175921 in 1504.22 - percent 0.00242119
738 of 175921 in 1506.26 - percent 0.00241791
739 of 175921 in 1508.3 - percent 0.00241464
740 of 175921 in 1510.34 - percent 0.00241138
741 of 175921 in 1512.35 - percent 0.00240812
742 of 175921 in 1514.39 - percent 0.00240488
743 of 175921 in 1516.42 - percent 0.00240164
744 of 175921 in 1518.46 - percent 0.00239841
745 of 175921 in 1520.48 - percent 0.00239519
746 of 175921 in 1522.52 - percent 0.00239198
747 of 175921 in 1524.55 - percent 0.00238878
748 of 175921 in 1526.59 - percent 0.00238559
749 of 175921 in 1528.62 - percent 0.00238265
750 of 175921 in 1530.67 - percent 0.00238358
751 of 175921 in 1532.71 - percent 0.00238201
752 of 175921 in 1534.78 - percent 0.00238392
753 of 175921 in 1536.83 - percent 0.00238292
754 of 175921 in 1538.87 - percent 0.00238255
755 of 175921 in 1540.93 - percent 0.00238168
756 of 175921 in 1542.97 - percent 0.00238158
757 of 175921 in 1545.03 - percent 0.00238207
758 of 175921 in 1547.07 - percent 0.00237892
759 of 175921 in 1549.09 - percent 0.00237579
760 of 175921 in 1551.14 - percent 0.0023735
761 of 175921 in 1553.18 - percent 0.00237384
762 of 175921 in 1555.23 - percent 0.00237231
763 of 175921 in 1557.29 - percent 0.00237661
764 of 175921 in 1559.35 - percent 0.0023765
765 of 175921 in 1561.4 - percent 0.00237595
766 of 175921 in 1563.46 - percent 0.00237698
767 of 175921 in 1565.5 - percent 0.00237494
768 of 175921 in 1567.54 - percent 0.00237821
769 of 175921 in 1569.59 - percent 0.00237809
770 of 175921 in 1571.64 - percent 0.0023773
771 of 175921 in 1573.71 - percent 0.00237861
772 of 175921 in 1575.77 - percent 0.00237983
773 of 175921 in 1577.82 - percent 0.00238209
774 of 175921 in 1579.87 - percent 0.00238617
775 of 175921 in 1581.94 - percent 0.00238704
776 of 175921 in 1584 - percent 0.00238856
777 of 175921 in 1586.05 - percent 0.00238744
778 of 175921 in 1588.1 - percent 0.0023873
779 of 175921 in 1590.13 - percent 0.00238795
780 of 175921 in 1592.17 - percent 0.00238488
781 of 175921 in 1594.21 - percent 0.00238183
782 of 175921 in 1596.25 - percent 0.00237879
783 of 175921 in 1598.29 - percent 0.00237575
784 of 175921 in 1600.3 - percent 0.00237272
785 of 175921 in 1602.34 - percent 0.00236969
786 of 175921 in 1604.37 - percent 0.00236668
787 of 175921 in 1606.41 - percent 0.00236367
788 of 175921 in 1608.44 - percent 0.00236067
789 of 175921 in 1610.48 - percent 0.00235768
790 of 175921 in 1612.52 - percent 0.0023547
791 of 175921 in 1614.55 - percent 0.00235172
792 of 175921 in 1616.59 - percent 0.00234919
793 of 175921 in 1618.63 - percent 0.00234842
794 of 175921 in 1620.68 - percent 0.00234777
795 of 175921 in 1622.73 - percent 0.00234782
796 of 175921 in 1624.77 - percent 0.00234487
797 of 175921 in 1626.79 - percent 0.00234193
798 of 175921 in 1628.83 - percent 0.002339
799 of 175921 in 1630.86 - percent 0.00233607
800 of 175921 in 1632.9 - percent 0.00233358
801 of 175921 in 1634.96 - percent 0.00233461
802 of 175921 in 1637.02 - percent 0.00233802
803 of 175921 in 1639.08 - percent 0.00233766
804 of 175921 in 1641.14 - percent 0.00234063
805 of 175921 in 1643.2 - percent 0.00234099
806 of 175921 in 1645.21 - percent 0.00233808
807 of 175921 in 1647.26 - percent 0.00233519
808 of 175921 in 1649.29 - percent 0.0023323
809 of 175921 in 1651.35 - percent 0.00233265
810 of 175921 in 1653.41 - percent 0.00233305
811 of 175921 in 1655.43 - percent 0.00233147
812 of 175921 in 1657.46 - percent 0.0023286
813 of 175921 in 1659.5 - percent 0.00232574
814 of 175921 in 1661.53 - percent 0.00232288
815 of 175921 in 1663.57 - percent 0.00232003
816 of 175921 in 1665.6 - percent 0.00231719
817 of 175921 in 1667.65 - percent 0.00231961
818 of 175921 in 1669.7 - percent 0.00231941
819 of 175921 in 1671.76 - percent 0.00231949
820 of 175921 in 1673.8 - percent 0.00231666
821 of 175921 in 1675.83 - percent 0.00231384
822 of 175921 in 1677.84 - percent 0.00231102
823 of 175921 in 1679.88 - percent 0.00230821
824 of 175921 in 1681.91 - percent 0.00230541
825 of 175921 in 1683.95 - percent 0.00230262
826 of 175921 in 1685.99 - percent 0.00229983
827 of 175921 in 1688.01 - percent 0.00229705
828 of 175921 in 1690.05 - percent 0.00229427
829 of 175921 in 1692.07 - percent 0.00229151
830 of 175921 in 1694.12 - percent 0.00228875
831 of 175921 in 1696.14 - percent 0.00228599
832 of 175921 in 1698.18 - percent 0.00228324
833 of 175921 in 1700.23 - percent 0.0022825
834 of 175921 in 1702.29 - percent 0.00228429
835 of 175921 in 1704.35 - percent 0.00228544
836 of 175921 in 1706.38 - percent 0.0022827
837 of 175921 in 1708.42 - percent 0.00227998
838 of 175921 in 1710.47 - percent 0.00227985
839 of 175921 in 1712.52 - percent 0.00227948
840 of 175921 in 1714.56 - percent 0.00227903
841 of 175921 in 1716.61 - percent 0.00227698
842 of 175921 in 1718.63 - percent 0.00227427
843 of 175921 in 1720.67 - percent 0.00227157
844 of 175921 in 1722.73 - percent 0.00227157
845 of 175921 in 1724.79 - percent 0.00227551
846 of 175921 in 1726.84 - percent 0.00227378
847 of 175921 in 1728.86 - percent 0.0022711
848 of 175921 in 1730.9 - percent 0.00226842
849 of 175921 in 1732.95 - percent 0.00227081
850 of 175921 in 1735.01 - percent 0.00227067
851 of 175921 in 1737.06 - percent 0.0022708
852 of 175921 in 1739.1 - percent 0.00226814
853 of 175921 in 1741.15 - percent 0.00226548
854 of 175921 in 1743.17 - percent 0.00226614
855 of 175921 in 1745.22 - percent 0.00226622
856 of 175921 in 1747.27 - percent 0.00226541
857 of 175921 in 1749.34 - percent 0.00226711
858 of 175921 in 1751.41 - percent 0.00226839
859 of 175921 in 1753.46 - percent 0.00227152
860 of 175921 in 1755.53 - percent 0.00227591
861 of 175921 in 1757.6 - percent 0.00227843
862 of 175921 in 1759.67 - percent 0.00228084
863 of 175921 in 1761.73 - percent 0.00228068
864 of 175921 in 1763.78 - percent 0.0022813
865 of 175921 in 1765.81 - percent 0.00228266
866 of 175921 in 1767.85 - percent 0.00228003
867 of 175921 in 1769.88 - percent 0.0022774
868 of 175921 in 1771.94 - percent 0.00227813
869 of 175921 in 1774 - percent 0.00227856
870 of 175921 in 1776.06 - percent 0.00228205
871 of 175921 in 1778.1 - percent 0.00227943
872 of 175921 in 1780.12 - percent 0.00227681
873 of 175921 in 1782.18 - percent 0.00227617
874 of 175921 in 1784.25 - percent 0.00228123
875 of 175921 in 1786.31 - percent 0.00228198
876 of 175921 in 1788.35 - percent 0.00227938
877 of 175921 in 1790.38 - percent 0.00227678
878 of 175921 in 1792.42 - percent 0.00227477
879 of 175921 in 1794.46 - percent 0.00227535
880 of 175921 in 1796.52 - percent 0.00227511
881 of 175921 in 1798.57 - percent 0.0022757
