Number of rows/cols is 48
Number of nnz is    306
#d1 vertices: 0
#d2 vertices: 0
min degree: 4
************************************************************************
Algo is 3
Compress matrix 0
Apply Dulmage-Mendehlson 0
Sorting 0
Single run 0
************************************************************************
Perman: [veni] running with 45 rows:
	13 of 175921 in 2.13931 - percent 0.0164438
	42 of 175921 in 6.17789 - percent 0.0143153
	43 of 175921 in 6.47233 - percent 0.0146529
	48 of 175921 in 7.14463 - percent 0.0144623
	55 of 175921 in 8.00178 - percent 0.0140936
	65 of 175921 in 8.70853 - percent 0.0129565
	67 of 175921 in 8.86834 - percent 0.0128001
	73 of 175921 in 9.25044 - percent 0.0122413
	77 of 175921 in 9.73701 - percent 0.0122173
	78 of 175921 in 9.85924 - percent 0.0122096
	81 of 175921 in 10.2395 - percent 0.0122109
	83 of 175921 in 10.4237 - percent 0.0121256
	85 of 175921 in 10.7338 - percent 0.0121983
	87 of 175921 in 11.083 - percent 0.0123256
	91 of 175921 in 11.3735 - percent 0.0120866
	96 of 175921 in 11.7699 - percent 0.0118463
	97 of 175921 in 11.8706 - percent 0.0118275
	101 of 175921 in 12.0998 - percent 0.0115687
	107 of 175921 in 12.4277 - percent 0.0112023
	117 of 175921 in 12.9902 - percent 0.010696
	119 of 175921 in 13.151 - percent 0.0106469
	123 of 175921 in 13.4338 - percent 0.0105139
	133 of 175921 in 14.5945 - percent 0.0105509
	139 of 175921 in 15.4127 - percent 0.0106457
	147 of 175921 in 16.075 - percent 0.01049
	155 of 175921 in 16.7378 - percent 0.0103505
	156 of 175921 in 16.8213 - percent 0.0103356
	167 of 175921 in 18.1394 - percent 0.0104089
	169 of 175921 in 18.352 - percent 0.0104031
	171 of 175921 in 18.7027 - percent 0.010481
	175 of 175921 in 19.2335 - percent 0.0105387
	180 of 175921 in 19.5857 - percent 0.0104268
	185 of 175921 in 19.9395 - percent 0.0103215
	189 of 175921 in 20.1167 - percent 0.0101877
	191 of 175921 in 20.186 - percent 0.0101132
	199 of 175921 in 20.5992 - percent 0.00989775
	214 of 175921 in 21.5738 - percent 0.00962205
	221 of 175921 in 22.1237 - percent 0.00954736
	224 of 175921 in 22.3094 - percent 0.0094951
	241 of 175921 in 23.9364 - percent 0.00944724
	247 of 175921 in 24.5511 - percent 0.00944645
	249 of 175921 in 24.7164 - percent 0.00943186
	251 of 175921 in 24.8252 - percent 0.00939621
	253 of 175921 in 24.9774 - percent 0.00937754
	255 of 175921 in 25.0778 - percent 0.00933868
	257 of 175921 in 25.2308 - percent 0.00932145
	261 of 175921 in 25.5676 - percent 0.00930273
	263 of 175921 in 25.6705 - percent 0.00926837
	273 of 175921 in 26.3186 - percent 0.00914715
	277 of 175921 in 26.544 - percent 0.00908852
	285 of 175921 in 27.0979 - percent 0.00901239
	289 of 175921 in 27.3375 - percent 0.00896241
	293 of 175921 in 27.6234 - percent 0.00893068
	304 of 175921 in 28.6085 - percent 0.00890944
	307 of 175921 in 28.9485 - percent 0.00892552
	322 of 175921 in 30.1919 - percent 0.00886541
	323 of 175921 in 30.3102 - percent 0.00887371
	330 of 175921 in 30.7729 - percent 0.00881448
	331 of 175921 in 30.8387 - percent 0.00880579
	341 of 175921 in 31.9662 - percent 0.00885901
	345 of 175921 in 32.5394 - percent 0.00891823
	347 of 175921 in 32.6479 - percent 0.00889519
	355 of 175921 in 33.1726 - percent 0.00883056
	357 of 175921 in 33.3067 - percent 0.00881369
	365 of 175921 in 33.816 - percent 0.00874648
	369 of 175921 in 34.0796 - percent 0.0087161
	370 of 175921 in 34.1453 - percent 0.00870867
	373 of 175921 in 34.321 - percent 0.00868063
	377 of 175921 in 34.6146 - percent 0.0086593
	379 of 175921 in 34.7383 - percent 0.00864316
	381 of 175921 in 34.8592 - percent 0.00862634
	385 of 175921 in 35.0927 - percent 0.00859198
	404 of 175921 in 37.1324 - percent 0.00864921
	405 of 175921 in 37.2255 - percent 0.00864932
	416 of 175921 in 38.6203 - percent 0.00872489
	417 of 175921 in 38.7408 - percent 0.00872921
	421 of 175921 in 39.2463 - percent 0.00875539
	429 of 175921 in 39.973 - percent 0.0087472
	430 of 175921 in 40.1473 - percent 0.00876617
	438 of 175921 in 41.2084 - percent 0.00882535
	445 of 175921 in 42.1649 - percent 0.00887685
	456 of 175921 in 43.5109 - percent 0.00892388
	480 of 175921 in 46.1913 - percent 0.00898321
	481 of 175921 in 46.2462 - percent 0.00897478
	495 of 175921 in 47.6233 - percent 0.00897421
	503 of 175921 in 48.3921 - percent 0.00896704
	509 of 175921 in 48.8917 - percent 0.00894968
	513 of 175921 in 49.1459 - percent 0.00892438
	519 of 175921 in 49.7015 - percent 0.0089225
	523 of 175921 in 50.0064 - percent 0.00890812
	526 of 175921 in 50.2586 - percent 0.00890159
	533 of 175921 in 50.7112 - percent 0.00885945
	537 of 175921 in 50.956 - percent 0.00883334
	541 of 175921 in 51.1804 - percent 0.00880443
	545 of 175921 in 51.4078 - percent 0.00877715
	547 of 175921 in 51.5379 - percent 0.00876623
	554 of 175921 in 52.0756 - percent 0.00874464
	561 of 175921 in 52.6608 - percent 0.00873012
	569 of 175921 in 53.2724 - percent 0.0087038
	576 of 175921 in 53.9707 - percent 0.00870556
	577 of 175921 in 54.0529 - percent 0.00870362
	591 of 175921 in 55.474 - percent 0.00870589
	593 of 175921 in 55.6546 - percent 0.00870278
	601 of 175921 in 56.2645 - percent 0.008676
	603 of 175921 in 56.4464 - percent 0.00867575
	607 of 175921 in 56.6698 - percent 0.00865218
	609 of 175921 in 56.7736 - percent 0.00863905
	611 of 175921 in 56.8939 - percent 0.00862843
	612 of 175921 in 56.9682 - percent 0.00862555
	613 of 175921 in 57.0661 - percent 0.0086258
	619 of 175921 in 57.5077 - percent 0.0086041
	620 of 175921 in 57.5646 - percent 0.00859812
	621 of 175921 in 57.6324 - percent 0.00859368
	628 of 175921 in 58.1483 - percent 0.00857061
	629 of 175921 in 58.2227 - percent 0.00856731
	632 of 175921 in 58.4238 - percent 0.00855496
	633 of 175921 in 58.5173 - percent 0.00855473
	635 of 175921 in 58.6764 - percent 0.00855075
	639 of 175921 in 58.9126 - percent 0.00853069
	643 of 175921 in 59.1355 - percent 0.00850905
	649 of 175921 in 59.9278 - percent 0.00854543
	651 of 175921 in 60.2054 - percent 0.0085586
	655 of 175921 in 60.717 - percent 0.00857973
	675 of 175921 in 62.1603 - percent 0.00852185
	677 of 175921 in 62.4223 - percent 0.00853415
	679 of 175921 in 62.6904 - percent 0.00854594
	681 of 175921 in 62.9208 - percent 0.00855287
	683 of 175921 in 63.1928 - percent 0.00856591
	685 of 175921 in 63.4211 - percent 0.008573
	687 of 175921 in 63.7573 - percent 0.00859575
	689 of 175921 in 64.0673 - percent 0.00861503
	703 of 175921 in 70.4595 - percent 0.00947974
	710 of 175921 in 73.0021 - percent 0.00979464
	719 of 175921 in 76.137 - percent 0.0101765
	720 of 175921 in 76.2503 - percent 0.0101776
	735 of 175921 in 81.2374 - percent 0.0107369
	737 of 175921 in 82.3045 - percent 0.0108794
	743 of 175921 in 83.1414 - percent 0.0109149
	757 of 175921 in 88.3125 - percent 0.011497
	773 of 175921 in 94.8445 - percent 0.0122292
	781 of 175921 in 98.8493 - percent 0.0126929
	785 of 175921 in 99.2616 - percent 0.012678
	789 of 175921 in 101.232 - percent 0.012897
	811 of 175921 in 108.464 - percent 0.0135518
	813 of 175921 in 109.699 - percent 0.0136948
	815 of 175921 in 110.036 - percent 0.0137063
	817 of 175921 in 110.186 - percent 0.0136894
	827 of 175921 in 113.446 - percent 0.013977
	835 of 175921 in 116.733 - percent 0.0143018
	837 of 175921 in 116.814 - percent 0.0142758
	843 of 175921 in 119.135 - percent 0.0144897
	845 of 175921 in 120.675 - percent 0.0146687
	847 of 175921 in 121.189 - percent 0.0147022
	855 of 175921 in 124.567 - percent 0.0150173
	859 of 175921 in 125.763 - percent 0.0151043
	860 of 175921 in 125.844 - percent 0.0150955
	863 of 175921 in 126.886 - percent 0.0151808
	865 of 175921 in 128.329 - percent 0.0153402
	871 of 175921 in 130.106 - percent 0.0154631
	901 of 175921 in 140.712 - percent 0.0162861
	924 of 175921 in 147.754 - percent 0.0167233
	926 of 175921 in 147.945 - percent 0.0167044
	933 of 175921 in 152.204 - percent 0.0170984
	945 of 175921 in 157.024 - percent 0.0174473
	949 of 175921 in 158.281 - percent 0.0175217
	950 of 175921 in 158.961 - percent 0.0175863
	958 of 175921 in 161.617 - percent 0.0177474
	960 of 175921 in 162.946 - percent 0.0178693
	961 of 175921 in 163.682 - percent 0.0179389
	966 of 175921 in 165.902 - percent 0.0181044
	989 of 175921 in 172.527 - percent 0.0184322
	991 of 175921 in 172.934 - percent 0.0184411
	993 of 175921 in 174.311 - percent 0.0185661
	997 of 175921 in 175.8 - percent 0.0186676
	1001 of 175921 in 176.024 - percent 0.0186133
	1009 of 175921 in 179.014 - percent 0.0188096
	1013 of 175921 in 179.866 - percent 0.0188288
	1015 of 175921 in 181.36 - percent 0.0189635
	1023 of 175921 in 183.555 - percent 0.0190578
	1031 of 175921 in 187.679 - percent 0.0193733
	1039 of 175921 in 191.952 - percent 0.0196941
	1041 of 175921 in 192.118 - percent 0.0196706
	1045 of 175921 in 192.951 - percent 0.0196828
	1047 of 175921 in 194.498 - percent 0.0198175
	1059 of 175921 in 199.107 - percent 0.0200941
	1060 of 175921 in 199.557 - percent 0.0201254
	1075 of 175921 in 203.267 - percent 0.0202276
	1088 of 175921 in 207.129 - percent 0.0203952
	1103 of 175921 in 213.582 - percent 0.0207939
	1105 of 175921 in 213.88 - percent 0.0207855
	1107 of 175921 in 214.005 - percent 0.0207581
	1109 of 175921 in 214.374 - percent 0.0207577
	1121 of 175921 in 219.741 - percent 0.0210877
	1133 of 175921 in 225.002 - percent 0.0213937
	1137 of 175921 in 226.912 - percent 0.0215096
	1145 of 175921 in 229.454 - percent 0.0216094
	1148 of 175921 in 230.125 - percent 0.0216176
	1165 of 175921 in 235.33 - percent 0.0218116
	1171 of 175921 in 236.738 - percent 0.0218375
	1173 of 175921 in 236.819 - percent 0.0218064
	1181 of 175921 in 240.036 - percent 0.0219775
	1189 of 175921 in 244.122 - percent 0.0222289
	1190 of 175921 in 244.292 - percent 0.0222261
	1195 of 175921 in 244.899 - percent 0.0221864
	1214 of 175921 in 253.666 - percent 0.0226602
	1216 of 175921 in 253.791 - percent 0.0226318
	1219 of 175921 in 255.994 - percent 0.022786
	1227 of 175921 in 258.201 - percent 0.0228391
	1230 of 175921 in 259.855 - percent 0.0229398
	1239 of 175921 in 261.936 - percent 0.0229597
	1248 of 175921 in 264.573 - percent 0.0230291
	1249 of 175921 in 265.095 - percent 0.0230589
	1255 of 175921 in 267.649 - percent 0.0231859
	1257 of 175921 in 267.781 - percent 0.0231587
	1265 of 175921 in 271.063 - percent 0.0233147
	1273 of 175921 in 273.828 - percent 0.0234161
	1277 of 175921 in 275.533 - percent 0.0234963
	1279 of 175921 in 275.665 - percent 0.0234689
	1285 of 175921 in 279.269 - percent 0.0236843
	1289 of 175921 in 280.173 - percent 0.0236879
	1291 of 175921 in 280.353 - percent 0.0236641
	1293 of 175921 in 281.744 - percent 0.0237513
	1319 of 175921 in 292.296 - percent 0.0242004
	1334 of 175921 in 296.14 - percent 0.0242446
	1343 of 175921 in 299.542 - percent 0.0243664
	1344 of 175921 in 299.659 - percent 0.0243565
	1350 of 175921 in 302.374 - percent 0.0244797
	1354 of 175921 in 302.963 - percent 0.0244512
	1369 of 175921 in 309.841 - percent 0.0247507
	1379 of 175921 in 313.799 - percent 0.0248924
	1383 of 175921 in 316.038 - percent 0.0250057
	1392 of 175921 in 319.12 - percent 0.0250921
	1396 of 175921 in 320.092 - percent 0.0250965
	1418 of 175921 in 326.948 - percent 0.025245
	1421 of 175921 in 327.727 - percent 0.025252
	1428 of 175921 in 330.155 - percent 0.0253209
	1437 of 175921 in 333.16 - percent 0.025404
	1439 of 175921 in 333.276 - percent 0.0253759
	1445 of 175921 in 335.664 - percent 0.0254609
	1450 of 175921 in 337.091 - percent 0.0254845
	1453 of 175921 in 337.747 - percent 0.0254809
	1472 of 175921 in 344.702 - percent 0.0256903
	1477 of 175921 in 347.072 - percent 0.0257893
	1491 of 175921 in 351.909 - percent 0.025922
	1493 of 175921 in 352.026 - percent 0.0258942
	1494 of 175921 in 352.087 - percent 0.0258805
	1501 of 175921 in 354.999 - percent 0.0259857
	1503 of 175921 in 355.087 - percent 0.0259562
	1535 of 175921 in 364.871 - percent 0.0261359
	1537 of 175921 in 365.077 - percent 0.0261145
	1555 of 175921 in 372.442 - percent 0.0263531
	1561 of 175921 in 373.619 - percent 0.0263364
	1566 of 175921 in 376.391 - percent 0.0264587
	1567 of 175921 in 376.424 - percent 0.0264436
	1569 of 175921 in 376.511 - percent 0.0264148
	1575 of 175921 in 379.303 - percent 0.0265221
	1579 of 175921 in 379.783 - percent 0.0264883
	1590 of 175921 in 382.934 - percent 0.0265318
	1597 of 175921 in 385.909 - percent 0.0266319
	1601 of 175921 in 386.266 - percent 0.0265868
	1613 of 175921 in 389.492 - percent 0.0266127
	1614 of 175921 in 389.929 - percent 0.0266271
	1620 of 175921 in 392.824 - percent 0.0267337
	1623 of 175921 in 393.013 - percent 0.0266943
	1627 of 175921 in 394.973 - percent 0.0267682
	1631 of 175921 in 396.532 - percent 0.0268125
	1639 of 175921 in 399.702 - percent 0.0269045
	1644 of 175921 in 400.679 - percent 0.0268889
	1649 of 175921 in 402.937 - percent 0.0269657
	1663 of 175921 in 407.42 - percent 0.0270481
	1665 of 175921 in 407.545 - percent 0.0270224
	1669 of 175921 in 408.594 - percent 0.0270305
	1676 of 175921 in 411.026 - percent 0.0270837
	1684 of 175921 in 414.02 - percent 0.0271576
	1685 of 175921 in 414.118 - percent 0.0271467
	1697 of 175921 in 417.322 - percent 0.0271701
	1701 of 175921 in 418.576 - percent 0.0271904
	1707 of 175921 in 421.031 - percent 0.0272606
	1709 of 175921 in 421.215 - percent 0.0272388
	1718 of 175921 in 424.811 - percent 0.0273338
	1719 of 175921 in 424.871 - percent 0.0273212
	1723 of 175921 in 426.55 - percent 0.0273702
	1725 of 175921 in 427.98 - percent 0.0274355
	1727 of 175921 in 428.738 - percent 0.0274544
	1728 of 175921 in 428.784 - percent 0.0274408
	1729 of 175921 in 428.837 - percent 0.0274277
	1733 of 175921 in 429.979 - percent 0.0274393
	1745 of 175921 in 434.443 - percent 0.0275442
	1750 of 175921 in 435.705 - percent 0.0275483
	1753 of 175921 in 435.895 - percent 0.0275116
	1755 of 175921 in 436.852 - percent 0.0275451
	1759 of 175921 in 439.006 - percent 0.0276253
	1769 of 175921 in 442.071 - percent 0.0276653
	1770 of 175921 in 442.135 - percent 0.0276529
	1786 of 175921 in 446.388 - percent 0.0276668
	1793 of 175921 in 449.364 - percent 0.0277465
	1797 of 175921 in 450.233 - percent 0.0277378
	1813 of 175921 in 456.605 - percent 0.0278908
	1846 of 175921 in 467.388 - percent 0.0280395
	1848 of 175921 in 467.587 - percent 0.0280189
	1857 of 175921 in 470.744 - percent 0.0280792
	1869 of 175921 in 474.017 - percent 0.0280946
	1877 of 175921 in 477.414 - percent 0.0281813
	1883 of 175921 in 478.494 - percent 0.0281539
	1891 of 175921 in 481.313 - percent 0.0282054
	1897 of 175921 in 484.339 - percent 0.028301
	1899 of 175921 in 484.948 - percent 0.0283078
	1907 of 175921 in 487.787 - percent 0.0283597
	1913 of 175921 in 489.09 - percent 0.028347
	1919 of 175921 in 492.094 - percent 0.0284421
	1933 of 175921 in 495.511 - percent 0.0284369
	1940 of 175921 in 498.284 - percent 0.0284991
	1965 of 175921 in 505.726 - percent 0.0285596
	1975 of 175921 in 509.4 - percent 0.0286271
	1979 of 175921 in 510 - percent 0.0286024
	1984 of 175921 in 513.333 - percent 0.0287264
	1997 of 175921 in 517.115 - percent 0.0287539
	2000 of 175921 in 517.37 - percent 0.0287232
	2011 of 175921 in 520.736 - percent 0.028758
	2031 of 175921 in 527.183 - percent 0.0288358
	2036 of 175921 in 529.156 - percent 0.0288784
	2037 of 175921 in 529.8 - percent 0.0289011
	2041 of 175921 in 530.229 - percent 0.0288665
	2044 of 175921 in 531.086 - percent 0.0288717
	2047 of 175921 in 533.067 - percent 0.0289422
	2058 of 175921 in 536.965 - percent 0.0290022
	2060 of 175921 in 537.58 - percent 0.0290076
	2061 of 175921 in 537.676 - percent 0.0289979
	2065 of 175921 in 538.262 - percent 0.0289691
	2079 of 175921 in 539.523 - percent 0.0288301
	2089 of 175921 in 540.163 - percent 0.0287196
	2093 of 175921 in 540.401 - percent 0.0286746
	2096 of 175921 in 540.759 - percent 0.0286491
	2103 of 175921 in 541.5 - percent 0.0285855
	2107 of 175921 in 541.957 - percent 0.0285512
	2113 of 175921 in 542.263 - percent 0.0284829
	2115 of 175921 in 542.394 - percent 0.0284613
	2119 of 175921 in 542.702 - percent 0.0284204
	2123 of 175921 in 542.995 - percent 0.028379
	2125 of 175921 in 543.117 - percent 0.0283571
	2129 of 175921 in 543.399 - percent 0.0283153
	2131 of 175921 in 543.511 - percent 0.0282931
	2135 of 175921 in 543.758 - percent 0.0282501
	2139 of 175921 in 544.024 - percent 0.0282082
	2145 of 175921 in 544.31 - percent 0.0281411
	2149 of 175921 in 544.6 - percent 0.0281009
	2150 of 175921 in 544.664 - percent 0.0280904
	2157 of 175921 in 545.093 - percent 0.0280163
	2168 of 175921 in 546.024 - percent 0.0279112
	2172 of 175921 in 546.432 - percent 0.0278763
	2181 of 175921 in 547.322 - percent 0.027797
	2189 of 175921 in 547.911 - percent 0.0277189
	2191 of 175921 in 548.096 - percent 0.0277012
	2195 of 175921 in 548.342 - percent 0.0276606
	2199 of 175921 in 548.581 - percent 0.0276199
	2209 of 175921 in 549.192 - percent 0.0275192
	2213 of 175921 in 549.42 - percent 0.0274784
	2219 of 175921 in 549.712 - percent 0.0274153
	2231 of 175921 in 550.425 - percent 0.0272963
	2233 of 175921 in 550.564 - percent 0.0272775
	2235 of 175921 in 550.753 - percent 0.0272611
	2241 of 175921 in 551.08 - percent 0.027201
	2242 of 175921 in 551.127 - percent 0.0271907
	2250 of 175921 in 551.78 - percent 0.0271197
	2267 of 175921 in 553.318 - percent 0.0269763
	2271 of 175921 in 553.588 - percent 0.0269392
	2273 of 175921 in 553.718 - percent 0.0269206
	2275 of 175921 in 553.844 - percent 0.0269018
	2304 of 175921 in 557.435 - percent 0.0267017
	2308 of 175921 in 557.861 - percent 0.0266714
	2326 of 175921 in 559.743 - percent 0.0265375
	2328 of 175921 in 559.873 - percent 0.0265197
	2329 of 175921 in 559.956 - percent 0.0265113
	2330 of 175921 in 560.064 - percent 0.0265042
	2336 of 175921 in 560.726 - percent 0.0264614
	2352 of 175921 in 562.621 - percent 0.0263532
	2353 of 175921 in 562.732 - percent 0.0263462
	2367 of 175921 in 563.922 - percent 0.0262354
	2369 of 175921 in 564.065 - percent 0.0262186
	2371 of 175921 in 564.165 - percent 0.0262002
	2373 of 175921 in 564.313 - percent 0.0261837
	2377 of 175921 in 564.584 - percent 0.0261497
	2381 of 175921 in 564.838 - percent 0.0261151
	2385 of 175921 in 565.167 - percent 0.0260839
	2386 of 175921 in 565.226 - percent 0.0260751
	2389 of 175921 in 565.364 - percent 0.0260473
	2393 of 175921 in 565.576 - percent 0.0260116
	2394 of 175921 in 565.645 - percent 0.0260032
	2397 of 175921 in 565.842 - percent 0.0259781
	2401 of 175921 in 566.06 - percent 0.025943
	2403 of 175921 in 566.158 - percent 0.0259251
	2405 of 175921 in 566.303 - percent 0.0259091
	2416 of 175921 in 567.575 - percent 0.0258405
	2428 of 175921 in 568.357 - percent 0.0257418
	2441 of 175921 in 569.338 - percent 0.0256405
	2443 of 175921 in 569.571 - percent 0.025628
	2446 of 175921 in 569.88 - percent 0.0256081
	2460 of 175921 in 571.012 - percent 0.0255038
	2461 of 175921 in 571.08 - percent 0.0254959
	2467 of 175921 in 571.439 - percent 0.0254467
	2469 of 175921 in 571.586 - percent 0.0254313
	2470 of 175921 in 571.684 - percent 0.0254247
	2471 of 175921 in 571.768 - percent 0.0254176
	2478 of 175921 in 572.121 - percent 0.0253582
	2479 of 175921 in 572.179 - percent 0.02535
	2481 of 175921 in 572.333 - percent 0.0253352
	2485 of 175921 in 572.549 - percent 0.0253021
	2489 of 175921 in 572.765 - percent 0.0252693
	2493 of 175921 in 573.079 - percent 0.0252404
	2496 of 175921 in 573.23 - percent 0.0252154
	2501 of 175921 in 573.517 - percent 0.0251751
	2510 of 175921 in 574.252 - percent 0.0251106
	2517 of 175921 in 574.891 - percent 0.0250633
	2519 of 175921 in 575.094 - percent 0.0250504
	2521 of 175921 in 575.236 - percent 0.0250355
	2523 of 175921 in 575.482 - percent 0.0250244
	2525 of 175921 in 575.645 - percent 0.0250103
	2527 of 175921 in 575.78 - percent 0.0249952
	2528 of 175921 in 575.846 - percent 0.0249876
	2533 of 175921 in 576.172 - percent 0.0249497
	2535 of 175921 in 576.388 - percent 0.0249379
	2543 of 175921 in 576.867 - percent 0.0248761
	2545 of 175921 in 577.023 - percent 0.024862
	2551 of 175921 in 577.311 - percent 0.0248134
	2553 of 175921 in 577.388 - percent 0.0247965
	2556 of 175921 in 577.56 - percent 0.0247735
	2557 of 175921 in 577.613 - percent 0.0247656
	2561 of 175921 in 577.758 - percent 0.0247318
	2565 of 175921 in 577.915 - percent 0.0246985
	2567 of 175921 in 578.045 - percent 0.0246839
	2572 of 175921 in 578.362 - percent 0.0246469
	2575 of 175921 in 578.516 - percent 0.0246236
	2609 of 175921 in 581.468 - percent 0.0244071
	2611 of 175921 in 581.766 - percent 0.0243989
	2613 of 175921 in 581.95 - percent 0.0243864
	2619 of 175921 in 582.673 - percent 0.0243555
	2627 of 175921 in 583.33 - percent 0.0243042
	2630 of 175921 in 583.515 - percent 0.0242826
	2633 of 175921 in 583.722 - percent 0.0242619
	2636 of 175921 in 583.884 - percent 0.0242397
	2641 of 175921 in 584.155 - percent 0.0242027
	2651 of 175921 in 584.657 - percent 0.0241276
	2653 of 175921 in 584.798 - percent 0.0241142
	2656 of 175921 in 584.969 - percent 0.0240927
	2657 of 175921 in 585.042 - percent 0.0240861
	2659 of 175921 in 585.175 - percent 0.0240725
	2661 of 175921 in 585.277 - percent 0.0240578
	2663 of 175921 in 585.498 - percent 0.0240477
	2664 of 175921 in 585.67 - percent 0.024045
	2667 of 175921 in 586.005 - percent 0.0240298
	2672 of 175921 in 586.536 - percent 0.0240033
	2675 of 175921 in 586.9 - percent 0.0239891
	2683 of 175921 in 587.339 - percent 0.0239321
	2685 of 175921 in 587.529 - percent 0.023921
	2689 of 175921 in 587.76 - percent 0.0238929
	2700 of 175921 in 588.707 - percent 0.0238269
	2705 of 175921 in 589.293 - percent 0.0238026
	2708 of 175921 in 589.88 - percent 0.0237965
	2716 of 175921 in 590.954 - percent 0.0237623
	2717 of 175921 in 591.144 - percent 0.0237601
	2725 of 175921 in 592.014 - percent 0.0237191
	2727 of 175921 in 592.273 - percent 0.0237104
	2730 of 175921 in 592.772 - percent 0.023702
	2738 of 175921 in 593.626 - percent 0.0236618
	2740 of 175921 in 593.986 - percent 0.0236571
	2742 of 175921 in 594.205 - percent 0.0236473
	2744 of 175921 in 594.526 - percent 0.0236412
	2756 of 175921 in 600.187 - percent 0.0237485
	2759 of 175921 in 602.12 - percent 0.0237948
	2763 of 175921 in 604.798 - percent 0.0238601
	2782 of 175921 in 615.938 - percent 0.0241112
	2811 of 175921 in 631.377 - percent 0.0244336
	2836 of 175921 in 648.42 - percent 0.0248405
	2851 of 175921 in 658.627 - percent 0.0250823
	2855 of 175921 in 661.851 - percent 0.0251641
	2863 of 175921 in 667.071 - percent 0.0252842
	2865 of 175921 in 668.126 - percent 0.0253055
	2868 of 175921 in 669.689 - percent 0.0253363
	2869 of 175921 in 670.142 - percent 0.0253441
	2878 of 175921 in 675.229 - percent 0.0254494
	2910 of 175921 in 693.166 - percent 0.025809
	2923 of 175921 in 701.938 - percent 0.0260038
	2931 of 175921 in 707.33 - percent 0.0261241
	2935 of 175921 in 710.183 - percent 0.0261895
	2955 of 175921 in 722.712 - percent 0.0264562
	2963 of 175921 in 727.07 - percent 0.0265388
	2964 of 175921 in 727.844 - percent 0.0265567
	2997 of 175921 in 747.109 - percent 0.0269312
	3007 of 175921 in 753.834 - percent 0.0270739
	3008 of 175921 in 754.636 - percent 0.0270924
	3011 of 175921 in 757.045 - percent 0.0271484
	3017 of 175921 in 761.059 - percent 0.0272334
	3025 of 175921 in 766.272 - percent 0.0273406
	3029 of 175921 in 769.206 - percent 0.0274045
	3033 of 175921 in 771.62 - percent 0.0274513
	3053 of 175921 in 783.2 - percent 0.0276684
	3059 of 175921 in 786.041 - percent 0.0277111
	3061 of 175921 in 787.067 - percent 0.0277278
	3093 of 175921 in 807.341 - percent 0.0281219
	3099 of 175921 in 811.795 - percent 0.0282171
	3103 of 175921 in 814.587 - percent 0.0282745
	3109 of 175921 in 818.317 - percent 0.0283449
	3117 of 175921 in 824.09 - percent 0.0284637
	3125 of 175921 in 828.131 - percent 0.0285269
	3129 of 175921 in 830.25 - percent 0.028562
	3133 of 175921 in 832.455 - percent 0.0285998
	3138 of 175921 in 836.151 - percent 0.0286757
	3140 of 175921 in 837.131 - percent 0.0286901
	3185 of 175921 in 864.294 - percent 0.029165
	3193 of 175921 in 869.386 - percent 0.0292558
	3197 of 175921 in 872.046 - percent 0.0293049
	3225 of 175921 in 888.391 - percent 0.0295733
	3229 of 175921 in 890.412 - percent 0.0296026
	3230 of 175921 in 890.894 - percent 0.0296092
	3232 of 175921 in 891.929 - percent 0.0296244
	3236 of 175921 in 893.808 - percent 0.0296482
	3241 of 175921 in 896.48 - percent 0.0296881
	3247 of 175921 in 900.661 - percent 0.0297656
	3262 of 175921 in 910.19 - percent 0.0299315
	3267 of 175921 in 913.877 - percent 0.0300024
	3285 of 175921 in 926.565 - percent 0.0302395
	3289 of 175921 in 929.544 - percent 0.0302967
	3313 of 175921 in 942.968 - percent 0.0305017
	3314 of 175921 in 943.478 - percent 0.0305087
	3325 of 175921 in 948.827 - percent 0.0305757
	3329 of 175921 in 951.443 - percent 0.0306198
	3340 of 175921 in 958.565 - percent 0.0307387
	3345 of 175921 in 961.62 - percent 0.0307878
	3349 of 175921 in 964.595 - percent 0.0308427
	3357 of 175921 in 970.498 - percent 0.030952
	3361 of 175921 in 973.378 - percent 0.0310043
	3362 of 175921 in 974.049 - percent 0.0310156
	3381 of 175921 in 985.892 - percent 0.0312057
	3383 of 175921 in 986.951 - percent 0.03122
	3387 of 175921 in 989.04 - percent 0.0312484
	3404 of 175921 in 998.841 - percent 0.0313918
	3415 of 175921 in 1004.9 - percent 0.0314764
	3419 of 175921 in 1007.91 - percent 0.0315306
	3440 of 175921 in 1021.87 - percent 0.031758
	3461 of 175921 in 1035.89 - percent 0.0319844
	3465 of 175921 in 1037.79 - percent 0.0320047
	3471 of 175921 in 1040.73 - percent 0.0320383
	3473 of 175921 in 1041.71 - percent 0.032049
	3481 of 175921 in 1046.81 - percent 0.0321265
	3487 of 175921 in 1050.15 - percent 0.0321714
	3495 of 175921 in 1054.28 - percent 0.0322222
	3497 of 175921 in 1055.3 - percent 0.0322341
	3499 of 175921 in 1056.71 - percent 0.0322571
	3513 of 175921 in 1066.57 - percent 0.0324188
	3519 of 175921 in 1070.62 - percent 0.0324831
	3525 of 175921 in 1075.26 - percent 0.0325638
	3531 of 175921 in 1079.01 - percent 0.0326186
	3539 of 175921 in 1084.28 - percent 0.0326983
	3566 of 175921 in 1100.45 - percent 0.0329198
	3567 of 175921 in 1101.16 - percent 0.0329311
	3571 of 175921 in 1103.23 - percent 0.0329546
	3603 of 175921 in 1123.76 - percent 0.0332554
	3629 of 175921 in 1141.53 - percent 0.0335224
	3633 of 175921 in 1144.24 - percent 0.0335621
	3647 of 175921 in 1151.19 - percent 0.0336318
	3683 of 175921 in 1173.53 - percent 0.0339263
	3701 of 175921 in 1185.31 - percent 0.0340881
	3705 of 175921 in 1187.98 - percent 0.0341257
	3729 of 175921 in 1202.27 - percent 0.0342995
	3753 of 175921 in 1215.72 - percent 0.0344538
	3772 of 175921 in 1228.67 - percent 0.034636
	3773 of 175921 in 1229.22 - percent 0.0346423
	3777 of 175921 in 1232.06 - percent 0.0346835
	3812 of 175921 in 1254.54 - percent 0.0349757
	3823 of 175921 in 1260.65 - percent 0.0350403
	3825 of 175921 in 1262.21 - percent 0.0350643
	3829 of 175921 in 1264.37 - percent 0.0350868
	3831 of 175921 in 1265.47 - percent 0.0350987
	3837 of 175921 in 1268.59 - percent 0.0351295
	3851 of 175921 in 1277.48 - percent 0.0352409
	3853 of 175921 in 1278.7 - percent 0.0352556
	3859 of 175921 in 1283.06 - percent 0.0353183
	3862 of 175921 in 1285.09 - percent 0.0353454
	3863 of 175921 in 1285.94 - percent 0.0353588
	3870 of 175921 in 1291.2 - percent 0.0354355
	3873 of 175921 in 1292.8 - percent 0.0354511
	3903 of 175921 in 1310.88 - percent 0.035657
	3905 of 175921 in 1311.89 - percent 0.0356658
	3917 of 175921 in 1319.14 - percent 0.0357487
	3923 of 175921 in 1322.24 - percent 0.0357776
	3925 of 175921 in 1323.26 - percent 0.0357867
	3927 of 175921 in 1324.32 - percent 0.0357967
	3937 of 175921 in 1331.71 - percent 0.0359007
	3943 of 175921 in 1336.2 - percent 0.0359641
	3948 of 175921 in 1339.28 - percent 0.0359997
	3965 of 175921 in 1351.04 - percent 0.036151
	3975 of 175921 in 1357.31 - percent 0.0362228
	4015 of 175921 in 1379.11 - percent 0.0364269
	4018 of 175921 in 1381.49 - percent 0.0364609
	4027 of 175921 in 1388.02 - percent 0.0365478
	4031 of 175921 in 1390.67 - percent 0.0365797
	4044 of 175921 in 1399.58 - percent 0.0366893
	4047 of 175921 in 1401.52 - percent 0.0367116
	4063 of 175921 in 1412.39 - percent 0.0368441
	4065 of 175921 in 1413.33 - percent 0.0368502
	4114 of 175921 in 1441.61 - percent 0.03712
	4116 of 175921 in 1442.88 - percent 0.0371337
	4125 of 175921 in 1449.24 - percent 0.0372112
	4145 of 175921 in 1465.47 - percent 0.0374336
	4148 of 175921 in 1467.49 - percent 0.0374564
	4163 of 175921 in 1475.13 - percent 0.0375103
	4168 of 175921 in 1478.65 - percent 0.0375523
	4174 of 175921 in 1481.81 - percent 0.037576
	4177 of 175921 in 1483.34 - percent 0.0375872
	4181 of 175921 in 1485.41 - percent 0.0376032
	4183 of 175921 in 1486.36 - percent 0.037609
	4191 of 175921 in 1492.41 - percent 0.0376866
	4195 of 175921 in 1495.31 - percent 0.0377225
	4203 of 175921 in 1501.64 - percent 0.0378065
	4219 of 175921 in 1514.66 - percent 0.0379814
	4225 of 175921 in 1519.27 - percent 0.038041
	4233 of 175921 in 1526.11 - percent 0.0381359
	4239 of 175921 in 1529.44 - percent 0.0381643
	4244 of 175921 in 1532.09 - percent 0.0381852
	4275 of 175921 in 1549.82 - percent 0.0383379
	4280 of 175921 in 1553.69 - percent 0.038386
	4303 of 175921 in 1571.94 - percent 0.0386187
	4315 of 175921 in 1581.73 - percent 0.0387465
	4323 of 175921 in 1587.15 - percent 0.0388055
	4329 of 175921 in 1590.33 - percent 0.0388292
	4331 of 175921 in 1591.38 - percent 0.0388369
	4333 of 175921 in 1592.37 - percent 0.0388426
	4341 of 175921 in 1597.78 - percent 0.0389003
	4347 of 175921 in 1600.7 - percent 0.0389169
	4350 of 175921 in 1602.19 - percent 0.0389261
	4373 of 175921 in 1618.5 - percent 0.0391048
	4377 of 175921 in 1621.12 - percent 0.0391312
	4384 of 175921 in 1627.1 - percent 0.0392098
	4385 of 175921 in 1628.01 - percent 0.0392221
	4391 of 175921 in 1632.49 - percent 0.0392749
	4397 of 175921 in 1636.81 - percent 0.0393233
	4405 of 175921 in 1643.18 - percent 0.0394011
	4415 of 175921 in 1648.21 - percent 0.0394314
	4417 of 175921 in 1649.31 - percent 0.0394397
	4421 of 175921 in 1651.42 - percent 0.0394541
	4422 of 175921 in 1652.21 - percent 0.0394637
	4429 of 175921 in 1656.76 - percent 0.0395075
	4435 of 175921 in 1659.73 - percent 0.0395233
	4464 of 175921 in 1680.52 - percent 0.0397487
	4465 of 175921 in 1681.39 - percent 0.0397597
	4466 of 175921 in 1682.23 - percent 0.0397703
	4471 of 175921 in 1686.62 - percent 0.0398274
	4491 of 175921 in 1701.77 - percent 0.0399999
	4495 of 175921 in 1703.71 - percent 0.0400092
	4507 of 175921 in 1710 - percent 0.0400495
	4509 of 175921 in 1711.6 - percent 0.0400685
	4548 of 175921 in 1737.01 - percent 0.0402997
	4557 of 175921 in 1744.76 - percent 0.0403945
	4565 of 175921 in 1751.1 - percent 0.0404663
	4589 of 175921 in 1766.99 - percent 0.0406101
	4605 of 175921 in 1776.17 - percent 0.0406753
	4621 of 175921 in 1786.16 - percent 0.0407573
