Number of rows/cols is 48
Number of nnz is    306
#d1 vertices: 0
#d2 vertices: 0
min degree: 4
************************************************************************
Algo is 1
Compress matrix 0
Apply Dulmage-Mendehlson 0
Sorting 0
Single run 0
************************************************************************
Perman: [veni] running with 45 rows:
	1 of 175921 in 7.78009 - percent 1
	2 of 175921 in 15.5599 - percent 1
	3 of 175921 in 23.3399 - percent 1
	4 of 175921 in 31.1201 - percent 1
	5 of 175921 in 38.9001 - percent 1
	6 of 175921 in 46.6801 - percent 1
	7 of 175921 in 54.4599 - percent 1
	8 of 175921 in 62.2399 - percent 1
	9 of 175921 in 70.0198 - percent 1
	10 of 175921 in 77.7998 - percent 1
	11 of 175921 in 85.5798 - percent 1
	12 of 175921 in 93.3597 - percent 1
	13 of 175921 in 101.14 - percent 1
	14 of 175921 in 108.919 - percent 1
	15 of 175921 in 116.699 - percent 1
	16 of 175921 in 124.479 - percent 1
	17 of 175921 in 132.259 - percent 1
	18 of 175921 in 140.039 - percent 1
	19 of 175921 in 147.818 - percent 1
	20 of 175921 in 155.598 - percent 1
	21 of 175921 in 163.377 - percent 1
	22 of 175921 in 171.156 - percent 1
	23 of 175921 in 178.935 - percent 1
	24 of 175921 in 186.713 - percent 1
	25 of 175921 in 194.492 - percent 1
	26 of 175921 in 202.271 - percent 1
	27 of 175921 in 210.049 - percent 1
	28 of 175921 in 217.828 - percent 1
	29 of 175921 in 225.606 - percent 1
	30 of 175921 in 233.385 - percent 1
	31 of 175921 in 241.163 - percent 1
	32 of 175921 in 248.942 - percent 1
	33 of 175921 in 256.721 - percent 1
	34 of 175921 in 264.499 - percent 1
	35 of 175921 in 272.277 - percent 1
	36 of 175921 in 280.056 - percent 1
	37 of 175921 in 287.835 - percent 1
	38 of 175921 in 295.614 - percent 1
	39 of 175921 in 303.394 - percent 1
	40 of 175921 in 311.173 - percent 1
	41 of 175921 in 318.953 - percent 1
	42 of 175921 in 326.733 - percent 1
	43 of 175921 in 334.513 - percent 1
	44 of 175921 in 342.293 - percent 1
	45 of 175921 in 350.072 - percent 1
	46 of 175921 in 357.852 - percent 1
	47 of 175921 in 365.632 - percent 1
	48 of 175921 in 373.412 - percent 1
	49 of 175921 in 381.191 - percent 1
	50 of 175921 in 388.971 - percent 1
	51 of 175921 in 396.751 - percent 1
	52 of 175921 in 404.53 - percent 1
	53 of 175921 in 412.308 - percent 1
	54 of 175921 in 420.087 - percent 1
	55 of 175921 in 427.866 - percent 1
	56 of 175921 in 435.644 - percent 1
	57 of 175921 in 443.423 - percent 1
	58 of 175921 in 451.202 - percent 1
	59 of 175921 in 458.981 - percent 1
	60 of 175921 in 466.759 - percent 1
	61 of 175921 in 474.538 - percent 1
	62 of 175921 in 482.317 - percent 1
	63 of 175921 in 490.096 - percent 1
	64 of 175921 in 497.875 - percent 1
	65 of 175921 in 505.653 - percent 1
	66 of 175921 in 513.432 - percent 1
	67 of 175921 in 521.211 - percent 1
	68 of 175921 in 528.989 - percent 1
	69 of 175921 in 536.768 - percent 1
	70 of 175921 in 544.547 - percent 1
	71 of 175921 in 552.325 - percent 1
	72 of 175921 in 560.104 - percent 1
	73 of 175921 in 567.882 - percent 1
	74 of 175921 in 575.661 - percent 1
	75 of 175921 in 583.439 - percent 1
	76 of 175921 in 591.218 - percent 1
	77 of 175921 in 598.997 - percent 1
	78 of 175921 in 606.776 - percent 1
	79 of 175921 in 614.554 - percent 1
	80 of 175921 in 622.333 - percent 1
	81 of 175921 in 630.111 - percent 1
	82 of 175921 in 637.89 - percent 1
	83 of 175921 in 645.668 - percent 1
	84 of 175921 in 653.447 - percent 1
	85 of 175921 in 661.226 - percent 1
	86 of 175921 in 669.003 - percent 1
	87 of 175921 in 676.78 - percent 1
	88 of 175921 in 684.557 - percent 1
	89 of 175921 in 692.335 - percent 1
	90 of 175921 in 700.112 - percent 1
	91 of 175921 in 707.889 - percent 1
	92 of 175921 in 715.666 - percent 1
	93 of 175921 in 723.443 - percent 1
	94 of 175921 in 731.22 - percent 1
	95 of 175921 in 738.997 - percent 1
	96 of 175921 in 746.774 - percent 1
	97 of 175921 in 754.551 - percent 1
	98 of 175921 in 762.328 - percent 1
	99 of 175921 in 770.105 - percent 1
	100 of 175921 in 777.883 - percent 1
	101 of 175921 in 785.66 - percent 1
	102 of 175921 in 793.437 - percent 1
	103 of 175921 in 801.214 - percent 1
	104 of 175921 in 808.991 - percent 1
	105 of 175921 in 816.768 - percent 1
	106 of 175921 in 824.545 - percent 1
	107 of 175921 in 832.322 - percent 1
	108 of 175921 in 840.099 - percent 1
	109 of 175921 in 847.876 - percent 1
	110 of 175921 in 855.653 - percent 1
	111 of 175921 in 863.43 - percent 1
	112 of 175921 in 871.208 - percent 1
	113 of 175921 in 878.985 - percent 1
	114 of 175921 in 886.762 - percent 1
	115 of 175921 in 894.539 - percent 1
	116 of 175921 in 902.316 - percent 1
	117 of 175921 in 910.094 - percent 1
	118 of 175921 in 917.873 - percent 1
	119 of 175921 in 925.651 - percent 1
	120 of 175921 in 933.429 - percent 1
	121 of 175921 in 941.207 - percent 1
	122 of 175921 in 948.985 - percent 1
	123 of 175921 in 956.763 - percent 1
	124 of 175921 in 964.541 - percent 1
	125 of 175921 in 972.32 - percent 1
	126 of 175921 in 980.098 - percent 1
	127 of 175921 in 987.877 - percent 1
	128 of 175921 in 995.655 - percent 1
	129 of 175921 in 1003.43 - percent 1
	130 of 175921 in 1011.21 - percent 1
	131 of 175921 in 1018.99 - percent 1
	132 of 175921 in 1026.77 - percent 1
	133 of 175921 in 1034.55 - percent 1
	134 of 175921 in 1042.33 - percent 1
	135 of 175921 in 1050.1 - percent 1
	136 of 175921 in 1057.88 - percent 1
	137 of 175921 in 1065.66 - percent 1
	138 of 175921 in 1073.44 - percent 1
	139 of 175921 in 1081.22 - percent 1
	140 of 175921 in 1089 - percent 1
	141 of 175921 in 1096.78 - percent 1
	142 of 175921 in 1104.55 - percent 1
	143 of 175921 in 1112.33 - percent 1
	144 of 175921 in 1120.11 - percent 1
	145 of 175921 in 1127.89 - percent 1
	146 of 175921 in 1135.67 - percent 1
	147 of 175921 in 1143.45 - percent 1
	148 of 175921 in 1151.23 - percent 1
	149 of 175921 in 1159 - percent 1
	150 of 175921 in 1166.78 - percent 1
	151 of 175921 in 1174.56 - percent 1
	152 of 175921 in 1182.34 - percent 1
	153 of 175921 in 1190.12 - percent 1
	154 of 175921 in 1197.9 - percent 1
	155 of 175921 in 1205.68 - percent 1
	156 of 175921 in 1213.45 - percent 1
	157 of 175921 in 1221.23 - percent 1
	158 of 175921 in 1229.01 - percent 1
	159 of 175921 in 1236.79 - percent 1
	160 of 175921 in 1244.57 - percent 1
	161 of 175921 in 1252.35 - percent 1
	162 of 175921 in 1260.13 - percent 1
	163 of 175921 in 1267.9 - percent 1
	164 of 175921 in 1275.68 - percent 1
	165 of 175921 in 1283.46 - percent 1
	166 of 175921 in 1291.24 - percent 1
	167 of 175921 in 1299.02 - percent 1
	168 of 175921 in 1306.8 - percent 1
	169 of 175921 in 1314.58 - percent 1
	170 of 175921 in 1322.35 - percent 1
	171 of 175921 in 1330.13 - percent 1
	172 of 175921 in 1337.91 - percent 1
	173 of 175921 in 1345.69 - percent 1
	174 of 175921 in 1353.47 - percent 1
	175 of 175921 in 1361.25 - percent 1
	176 of 175921 in 1369.02 - percent 1
	177 of 175921 in 1376.8 - percent 1
	178 of 175921 in 1384.58 - percent 1
	179 of 175921 in 1392.36 - percent 1
	180 of 175921 in 1400.14 - percent 1
	181 of 175921 in 1407.92 - percent 1
	182 of 175921 in 1415.7 - percent 1
	183 of 175921 in 1423.47 - percent 1
	184 of 175921 in 1431.25 - percent 1
	185 of 175921 in 1439.03 - percent 1
	186 of 175921 in 1446.81 - percent 1
	187 of 175921 in 1454.59 - percent 1
	188 of 175921 in 1462.37 - percent 1
	189 of 175921 in 1470.15 - percent 1
	190 of 175921 in 1477.92 - percent 1
	191 of 175921 in 1485.7 - percent 1
	192 of 175921 in 1493.48 - percent 1
	193 of 175921 in 1501.26 - percent 1
	194 of 175921 in 1509.04 - percent 1
	195 of 175921 in 1516.82 - percent 1
	196 of 175921 in 1524.6 - percent 1
	197 of 175921 in 1532.37 - percent 1
	198 of 175921 in 1540.15 - percent 1
	199 of 175921 in 1547.93 - percent 1
	200 of 175921 in 1555.71 - percent 1
	201 of 175921 in 1563.49 - percent 1
	202 of 175921 in 1571.27 - percent 1
	203 of 175921 in 1579.05 - percent 1
	204 of 175921 in 1586.82 - percent 1
	205 of 175921 in 1594.6 - percent 1
	206 of 175921 in 1602.38 - percent 1
	207 of 175921 in 1610.16 - percent 1
	208 of 175921 in 1617.94 - percent 1
	209 of 175921 in 1625.72 - percent 1
	210 of 175921 in 1633.5 - percent 1
	211 of 175921 in 1641.28 - percent 1
	212 of 175921 in 1649.05 - percent 1
	213 of 175921 in 1656.83 - percent 1
	214 of 175921 in 1664.61 - percent 1
	215 of 175921 in 1672.39 - percent 1
	216 of 175921 in 1680.17 - percent 1
	217 of 175921 in 1687.95 - percent 1
	218 of 175921 in 1695.73 - percent 1
	219 of 175921 in 1703.5 - percent 1
	220 of 175921 in 1711.28 - percent 1
	221 of 175921 in 1719.06 - percent 1
	222 of 175921 in 1726.84 - percent 1
	223 of 175921 in 1734.62 - percent 1
	224 of 175921 in 1742.4 - percent 1
	225 of 175921 in 1750.18 - percent 1
	226 of 175921 in 1757.95 - percent 1
	227 of 175921 in 1765.73 - percent 1
	228 of 175921 in 1773.51 - percent 1
	229 of 175921 in 1781.29 - percent 1
	230 of 175921 in 1789.07 - percent 1
	231 of 175921 in 1796.85 - percent 1
