Number of rows/cols is 48
Number of nnz is    306
#d1 vertices: 0
#d2 vertices: 0
min degree: 4
************************************************************************
Algo is 10
Compress matrix 0
Apply Dulmage-Mendehlson 0
Sorting 1
Single run 0
************************************************************************
Perman: [veni] running with 45 rows:
 [vidi] 10 1 /home/kaya/sparyser/matrices/mesh1em6.mtx_0 45 0 746.407
Perman: [veni] running with 42 rows:
 [vidi] 10 1 /home/kaya/sparyser/matrices/mesh1em6.mtx_1 42 8527204565841421312 166.745
Perman: [veni] running with 42 rows:
 [vidi] 10 1 /home/kaya/sparyser/matrices/mesh1em6.mtx_2 42 7892763068109603840 121.466
Perman: [veni] running with 43 rows:
 [vidi] 10 1 /home/kaya/sparyser/matrices/mesh1em6.mtx_3 43 0 170.036
Perman: [veni] running with 39 rows:
 [vidi] 10 1 /home/kaya/sparyser/matrices/mesh1em6.mtx_4 39 920133808572349952 16.9628
Perman: [veni] running with 32 rows:
 [vidi] 10 1 /home/kaya/sparyser/matrices/mesh1em6.mtx_5 32 1716021481618520 0.447987
Perman: [veni] running with 32 rows:
 [vidi] 10 1 /home/kaya/sparyser/matrices/mesh1em6.mtx_6 32 3492613149507450 0.326485
Perman: [veni] running with 32 rows:
 [vidi] 10 1 /home/kaya/sparyser/matrices/mesh1em6.mtx_7 32 4744968568569856 0.622527
Perman: [veni] running with 32 rows:
 [vidi] 10 1 /home/kaya/sparyser/matrices/mesh1em6.mtx_8 32 5738873234292736 1.26616
Perman: [veni] running with 32 rows:
 [vidi] 10 1 /home/kaya/sparyser/matrices/mesh1em6.mtx_9 32 2231312725397706 0.311399
Perman: [veni] running with 32 rows:
 [vidi] 10 1 /home/kaya/sparyser/matrices/mesh1em6.mtx_10 32 1950440147266434 0.478022
Perman: [veni] running with 32 rows:
 [vidi] 10 1 /home/kaya/sparyser/matrices/mesh1em6.mtx_11 32 1940816407298048 0.836441
Perman: [veni] running with 32 rows:
 [vidi] 10 1 /home/kaya/sparyser/matrices/mesh1em6.mtx_12 32 2836727625564160 1.13612
Perman: [veni] running with 33 rows:
 [vidi] 10 1 /home/kaya/sparyser/matrices/mesh1em6.mtx_13 33 6217847478740992 1.0021
Perman: [veni] running with 32 rows:
 [vidi] 10 1 /home/kaya/sparyser/matrices/mesh1em6.mtx_14 32 3067987633196424 0.385667
Perman: [veni] running with 32 rows:
 [vidi] 10 1 /home/kaya/sparyser/matrices/mesh1em6.mtx_15 32 4706132833802762 0.639748
Perman: [veni] running with 32 rows:
 [vidi] 10 1 /home/kaya/sparyser/matrices/mesh1em6.mtx_16 32 4629943332550162 0.515329
Perman: [veni] running with 32 rows:
 [vidi] 10 1 /home/kaya/sparyser/matrices/mesh1em6.mtx_17 32 4600244364034276 0.707354
Perman: [veni] running with 32 rows:
 [vidi] 10 1 /home/kaya/sparyser/matrices/mesh1em6.mtx_18 32 3685584856381166 0.461373
Perman: [veni] running with 32 rows:
 [vidi] 10 1 /home/kaya/sparyser/matrices/mesh1em6.mtx_19 32 4528780750024049 0.532827
Perman: [veni] running with 32 rows:
 [vidi] 10 1 /home/kaya/sparyser/matrices/mesh1em6.mtx_20 32 3197163789589873 0.378609
Perman: [veni] running with 32 rows:
 [vidi] 10 1 /home/kaya/sparyser/matrices/mesh1em6.mtx_21 32 4546896522067423 0.385765
Perman: [veni] running with 32 rows:
 [vidi] 10 1 /home/kaya/sparyser/matrices/mesh1em6.mtx_22 32 4178997265764844 0.730786
Perman: [veni] running with 32 rows:
 [vidi] 10 1 /home/kaya/sparyser/matrices/mesh1em6.mtx_23 32 2437654790254588 0.568333
Perman: [veni] running with 32 rows:
 [vidi] 10 1 /home/kaya/sparyser/matrices/mesh1em6.mtx_24 32 4858394057856488 0.714325
Perman: [veni] running with 32 rows:
 [vidi] 10 1 /home/kaya/sparyser/matrices/mesh1em6.mtx_25 32 3241990390100027 0.439788
Perman: [veni] running with 32 rows:
 [vidi] 10 1 /home/kaya/sparyser/matrices/mesh1em6.mtx_26 32 2277104446681252 0.462856
Perman: [veni] running with 32 rows:
 [vidi] 10 1 /home/kaya/sparyser/matrices/mesh1em6.mtx_27 32 3077961896627057 0.327733
Perman: [veni] running with 32 rows:
 [vidi] 10 1 /home/kaya/sparyser/matrices/mesh1em6.mtx_28 32 3394347877898416 0.463316
Perman: [veni] running with 32 rows:
 [vidi] 10 1 /home/kaya/sparyser/matrices/mesh1em6.mtx_29 32 4262161715381165 0.470024
Perman: [veni] running with 32 rows:
 [vidi] 10 1 /home/kaya/sparyser/matrices/mesh1em6.mtx_30 32 4111454502680722 0.798435
Perman: [veni] running with 32 rows:
 [vidi] 10 1 /home/kaya/sparyser/matrices/mesh1em6.mtx_31 32 2985580498846915 0.662137
Perman: [veni] running with 32 rows:
 [vidi] 10 1 /home/kaya/sparyser/matrices/mesh1em6.mtx_32 32 2512682880863816 0.780489
Perman: [veni] running with 32 rows:
 [vidi] 10 1 /home/kaya/sparyser/matrices/mesh1em6.mtx_33 32 1868101726012792 0.823794
Perman: [veni] running with 32 rows:
 [vidi] 10 1 /home/kaya/sparyser/matrices/mesh1em6.mtx_34 32 3750952392657100 0.75505
Perman: [veni] running with 32 rows:
 [vidi] 10 1 /home/kaya/sparyser/matrices/mesh1em6.mtx_35 32 3262128145829186 0.575682
Perman: [veni] running with 32 rows:
 [vidi] 10 1 /home/kaya/sparyser/matrices/mesh1em6.mtx_36 32 3317004405131654 0.505327
Perman: [veni] running with 32 rows:
 [vidi] 10 1 /home/kaya/sparyser/matrices/mesh1em6.mtx_37 32 4346544573646880 0.326819
Perman: [veni] running with 32 rows:
 [vidi] 10 1 /home/kaya/sparyser/matrices/mesh1em6.mtx_38 32 1849083027701760 0.647451
Perman: [veni] running with 32 rows:
 [vidi] 10 1 /home/kaya/sparyser/matrices/mesh1em6.mtx_39 32 1921770658617792 0.629512
Perman: [veni] running with 32 rows:
 [vidi] 10 1 /home/kaya/sparyser/matrices/mesh1em6.mtx_40 32 3831832319242240 0.774896
Perman: [veni] running with 32 rows:
 [vidi] 10 1 /home/kaya/sparyser/matrices/mesh1em6.mtx_41 32 5956743732770624 0.595368
Perman: [veni] running with 32 rows:
 [vidi] 10 1 /home/kaya/sparyser/matrices/mesh1em6.mtx_42 32 4719501617318400 0.457762
Perman: [veni] running with 32 rows:
 [vidi] 10 1 /home/kaya/sparyser/matrices/mesh1em6.mtx_43 32 3429292315360348 0.596293
Perman: [veni] running with 32 rows:
 [vidi] 10 1 /home/kaya/sparyser/matrices/mesh1em6.mtx_44 32 6827650859012084 0.472843
Perman: [veni] running with 32 rows:
 [vidi] 10 1 /home/kaya/sparyser/matrices/mesh1em6.mtx_45 32 4728669821828352 0.419714
Perman: [veni] running with 32 rows:
 [vidi] 10 1 /home/kaya/sparyser/matrices/mesh1em6.mtx_46 32 3247517605019040 0.343846
Perman: [veni] running with 32 rows:
 [vidi] 10 1 /home/kaya/sparyser/matrices/mesh1em6.mtx_47 32 4808931374682700 0.495968
Perman: [veni] running with 32 rows:
 [vidi] 10 1 /home/kaya/sparyser/matrices/mesh1em6.mtx_48 32 7551942581370944 0.262096
Perman: [veni] running with 32 rows:
 [vidi] 10 1 /home/kaya/sparyser/matrices/mesh1em6.mtx_49 32 7866598518591040 0.325941
Perman: [veni] running with 32 rows:
 [vidi] 10 1 /home/kaya/sparyser/matrices/mesh1em6.mtx_50 32 4003950046022273 0.328973
Perman: [veni] running with 32 rows:
 [vidi] 10 1 /home/kaya/sparyser/matrices/mesh1em6.mtx_51 32 7010057278903828 0.38683
Perman: [veni] running with 33 rows:
 [vidi] 10 1 /home/kaya/sparyser/matrices/mesh1em6.mtx_52 33 6217172929969408 0.91153
Perman: [veni] running with 32 rows:
 [vidi] 10 1 /home/kaya/sparyser/matrices/mesh1em6.mtx_53 32 2902169084254461 0.405239
Perman: [veni] running with 32 rows:
 [vidi] 10 1 /home/kaya/sparyser/matrices/mesh1em6.mtx_54 32 4863818352788250 0.580546
Perman: [veni] running with 32 rows:
 [vidi] 10 1 /home/kaya/sparyser/matrices/mesh1em6.mtx_55 32 4548170448471958 0.503505
Perman: [veni] running with 32 rows:
 [vidi] 10 1 /home/kaya/sparyser/matrices/mesh1em6.mtx_56 32 4576538045267210 0.523621
Perman: [veni] running with 32 rows:
 [vidi] 10 1 /home/kaya/sparyser/matrices/mesh1em6.mtx_57 32 3531948831015939 0.432702
Perman: [veni] running with 32 rows:
 [vidi] 10 1 /home/kaya/sparyser/matrices/mesh1em6.mtx_58 32 4638039343727045 0.541962
Perman: [veni] running with 32 rows:
 [vidi] 10 1 /home/kaya/sparyser/matrices/mesh1em6.mtx_59 32 4331702577217471 0.447997
Perman: [veni] running with 32 rows:
 [vidi] 10 1 /home/kaya/sparyser/matrices/mesh1em6.mtx_60 32 3709782313544741 0.362241
Perman: [veni] running with 32 rows:
 [vidi] 10 1 /home/kaya/sparyser/matrices/mesh1em6.mtx_61 32 4329196010641408 0.411758
Perman: [veni] running with 32 rows:
 [vidi] 10 1 /home/kaya/sparyser/matrices/mesh1em6.mtx_62 32 1953554807742152 0.590836
Perman: [veni] running with 32 rows:
 [vidi] 10 1 /home/kaya/sparyser/matrices/mesh1em6.mtx_63 32 2711264871490673 0.464348
Perman: [veni] running with 32 rows:
 [vidi] 10 1 /home/kaya/sparyser/matrices/mesh1em6.mtx_64 32 2511679962831944 0.397103
Perman: [veni] running with 32 rows:
 [vidi] 10 1 /home/kaya/sparyser/matrices/mesh1em6.mtx_65 32 1533091745163874 0.401894
Perman: [veni] running with 32 rows:
 [vidi] 10 1 /home/kaya/sparyser/matrices/mesh1em6.mtx_66 32 2564315023499282 0.540531
Perman: [veni] running with 32 rows:
 [vidi] 10 1 /home/kaya/sparyser/matrices/mesh1em6.mtx_67 32 1021167943993856 1.18208
Perman: [veni] running with 32 rows:
 [vidi] 10 1 /home/kaya/sparyser/matrices/mesh1em6.mtx_68 32 1586697935668992 0.56157
Perman: [veni] running with 32 rows:
 [vidi] 10 1 /home/kaya/sparyser/matrices/mesh1em6.mtx_69 32 643549552048231 0.35559
Perman: [veni] running with 32 rows:
 [vidi] 10 1 /home/kaya/sparyser/matrices/mesh1em6.mtx_70 32 934069054312546 0.419357
Perman: [veni] running with 32 rows:
 [vidi] 10 1 /home/kaya/sparyser/matrices/mesh1em6.mtx_71 32 1585687219593109 0.325468
Perman: [veni] running with 32 rows:
 [vidi] 10 1 /home/kaya/sparyser/matrices/mesh1em6.mtx_72 32 1894401045338419 0.388007
Perman: [veni] running with 32 rows:
 [vidi] 10 1 /home/kaya/sparyser/matrices/mesh1em6.mtx_73 32 1878189745484574 0.676114
Perman: [veni] running with 32 rows:
 [vidi] 10 1 /home/kaya/sparyser/matrices/mesh1em6.mtx_74 32 1202317325811455 0.579482
Perman: [veni] running with 32 rows:
 [vidi] 10 1 /home/kaya/sparyser/matrices/mesh1em6.mtx_75 32 1862919045127338 0.377665
Perman: [veni] running with 32 rows:
 [vidi] 10 1 /home/kaya/sparyser/matrices/mesh1em6.mtx_76 32 2503112940485010 0.386287
Perman: [veni] running with 32 rows:
 [vidi] 10 1 /home/kaya/sparyser/matrices/mesh1em6.mtx_77 32 2228429373308260 0.727607
Perman: [veni] running with 32 rows:
 [vidi] 10 1 /home/kaya/sparyser/matrices/mesh1em6.mtx_78 32 1420298511647827 0.568419
Perman: [veni] running with 32 rows:
 [vidi] 10 1 /home/kaya/sparyser/matrices/mesh1em6.mtx_79 32 330484048758547 0.498034
Perman: [veni] running with 32 rows:
 [vidi] 10 1 /home/kaya/sparyser/matrices/mesh1em6.mtx_80 32 762947172110776 0.50461
Perman: [veni] running with 32 rows:
 [vidi] 10 1 /home/kaya/sparyser/matrices/mesh1em6.mtx_81 32 746339140131390 0.528644
Perman: [veni] running with 32 rows:
 [vidi] 10 1 /home/kaya/sparyser/matrices/mesh1em6.mtx_82 32 718001330825212 0.621262
Perman: [veni] running with 32 rows:
 [vidi] 10 1 /home/kaya/sparyser/matrices/mesh1em6.mtx_83 32 1514362451410944 0.683244
Perman: [veni] running with 32 rows:
 [vidi] 10 1 /home/kaya/sparyser/matrices/mesh1em6.mtx_84 32 1451348914516800 0.701807
Perman: [veni] running with 32 rows:
 [vidi] 10 1 /home/kaya/sparyser/matrices/mesh1em6.mtx_85 32 2169729414215424 0.808397
Perman: [veni] running with 32 rows:
 [vidi] 10 1 /home/kaya/sparyser/matrices/mesh1em6.mtx_86 32 702857888518725 0.486237
Perman: [veni] running with 32 rows:
 [vidi] 10 1 /home/kaya/sparyser/matrices/mesh1em6.mtx_87 32 2148096155852466 0.411993
Perman: [veni] running with 32 rows:
 [vidi] 10 1 /home/kaya/sparyser/matrices/mesh1em6.mtx_88 32 1577479661462837 0.494783
Perman: [veni] running with 32 rows:
 [vidi] 10 1 /home/kaya/sparyser/matrices/mesh1em6.mtx_89 32 2866674882349288 0.399
Perman: [veni] running with 32 rows:
 [vidi] 10 1 /home/kaya/sparyser/matrices/mesh1em6.mtx_90 32 1762463981417350 0.426617
Perman: [veni] running with 32 rows:
 [vidi] 10 1 /home/kaya/sparyser/matrices/mesh1em6.mtx_91 32 2064042711592960 0.733231
Perman: [veni] running with 32 rows:
 [vidi] 10 1 /home/kaya/sparyser/matrices/mesh1em6.mtx_92 32 1255021641283117 0.450335
Perman: [veni] running with 32 rows:
 [vidi] 10 1 /home/kaya/sparyser/matrices/mesh1em6.mtx_93 32 1078446458453843 0.363405
Perman: [veni] running with 32 rows:
 [vidi] 10 1 /home/kaya/sparyser/matrices/mesh1em6.mtx_94 32 1651149482030810 0.43791
Perman: [veni] running with 32 rows:
 [vidi] 10 1 /home/kaya/sparyser/matrices/mesh1em6.mtx_95 32 1534456925740584 0.341881
Perman: [veni] running with 32 rows:
 [vidi] 10 1 /home/kaya/sparyser/matrices/mesh1em6.mtx_96 32 800412623275782 0.549449
Perman: [veni] running with 32 rows:
 [vidi] 10 1 /home/kaya/sparyser/matrices/mesh1em6.mtx_97 32 704112393558223 0.375487
Perman: [veni] running with 32 rows:
 [vidi] 10 1 /home/kaya/sparyser/matrices/mesh1em6.mtx_98 32 712189374403659 0.940439
Perman: [veni] running with 32 rows:
 [vidi] 10 1 /home/kaya/sparyser/matrices/mesh1em6.mtx_99 32 841849777520996 1.06162
Perman: [veni] running with 32 rows:
 [vidi] 10 1 /home/kaya/sparyser/matrices/mesh1em6.mtx_100 32 911894680806336 0.913385
Perman: [veni] running with 32 rows:
 [vidi] 10 1 /home/kaya/sparyser/matrices/mesh1em6.mtx_101 32 765623172019448 1.23125
Perman: [veni] running with 32 rows:
 [vidi] 10 1 /home/kaya/sparyser/matrices/mesh1em6.mtx_102 32 904692229619032 0.538373
Perman: [veni] running with 32 rows:
 [vidi] 10 1 /home/kaya/sparyser/matrices/mesh1em6.mtx_103 32 1346093821679027 0.547863
Perman: [veni] running with 32 rows:
 [vidi] 10 1 /home/kaya/sparyser/matrices/mesh1em6.mtx_104 32 772910785412973 0.423929
Perman: [veni] running with 32 rows:
 [vidi] 10 1 /home/kaya/sparyser/matrices/mesh1em6.mtx_105 32 704704627620811 0.361885
Perman: [veni] running with 32 rows:
 [vidi] 10 1 /home/kaya/sparyser/matrices/mesh1em6.mtx_106 32 307150691526770 0.768094
Perman: [veni] running with 32 rows:
 [vidi] 10 1 /home/kaya/sparyser/matrices/mesh1em6.mtx_107 32 678158693617447 0.942025
Perman: [veni] running with 32 rows:
 [vidi] 10 1 /home/kaya/sparyser/matrices/mesh1em6.mtx_108 32 686479772007560 0.749508
Perman: [veni] running with 32 rows:
 [vidi] 10 1 /home/kaya/sparyser/matrices/mesh1em6.mtx_109 32 611766256298615 1.19622
Perman: [veni] running with 32 rows:
 [vidi] 10 1 /home/kaya/sparyser/matrices/mesh1em6.mtx_110 32 593662887099731 0.55248
Perman: [veni] running with 32 rows:
 [vidi] 10 1 /home/kaya/sparyser/matrices/mesh1em6.mtx_111 32 805236455524539 0.703725
Perman: [veni] running with 32 rows:
 [vidi] 10 1 /home/kaya/sparyser/matrices/mesh1em6.mtx_112 32 423618131027066 0.314988
Perman: [veni] running with 32 rows:
 [vidi] 10 1 /home/kaya/sparyser/matrices/mesh1em6.mtx_113 32 418249597329084 0.498002
Perman: [veni] running with 32 rows:
 [vidi] 10 1 /home/kaya/sparyser/matrices/mesh1em6.mtx_114 32 1450143586155664 0.866853
Perman: [veni] running with 32 rows:
 [vidi] 10 1 /home/kaya/sparyser/matrices/mesh1em6.mtx_115 32 1751972631600980 0.474396
Perman: [veni] running with 32 rows:
 [vidi] 10 1 /home/kaya/sparyser/matrices/mesh1em6.mtx_116 32 1699079280009536 0.437066
Perman: [veni] running with 32 rows:
 [vidi] 10 1 /home/kaya/sparyser/matrices/mesh1em6.mtx_117 32 1967985395301572 0.578377
Perman: [veni] running with 32 rows:
 [vidi] 10 1 /home/kaya/sparyser/matrices/mesh1em6.mtx_118 32 775912838911292 0.694106
Perman: [veni] running with 32 rows:
 [vidi] 10 1 /home/kaya/sparyser/matrices/mesh1em6.mtx_119 32 1784730469652725 0.798065
Perman: [veni] running with 33 rows:
 [vidi] 10 1 /home/kaya/sparyser/matrices/mesh1em6.mtx_120 33 3433246814245556 0.650495
Perman: [veni] running with 32 rows:
 [vidi] 10 1 /home/kaya/sparyser/matrices/mesh1em6.mtx_121 32 1946812782129032 0.535295
Perman: [veni] running with 32 rows:
 [vidi] 10 1 /home/kaya/sparyser/matrices/mesh1em6.mtx_122 32 1665313934422051 0.440253
Perman: [veni] running with 32 rows:
 [vidi] 10 1 /home/kaya/sparyser/matrices/mesh1em6.mtx_123 32 2199758865364619 0.560169
Perman: [veni] running with 32 rows:
 [vidi] 10 1 /home/kaya/sparyser/matrices/mesh1em6.mtx_124 32 2560479384637400 0.5647
Perman: [veni] running with 32 rows:
 [vidi] 10 1 /home/kaya/sparyser/matrices/mesh1em6.mtx_125 32 1464982296220650 0.441503
Perman: [veni] running with 32 rows:
 [vidi] 10 1 /home/kaya/sparyser/matrices/mesh1em6.mtx_126 32 385242662005829 0.549821
Perman: [veni] running with 33 rows:
 [vidi] 10 1 /home/kaya/sparyser/matrices/mesh1em6.mtx_127 33 3026300811836556 0.758381
Perman: [veni] running with 40 rows:
 [vidi] 10 1 /home/kaya/sparyser/matrices/mesh1em6.mtx_128 40 2155622907105744896 43.7065
Perman: [veni] running with 40 rows:
 [vidi] 10 1 /home/kaya/sparyser/matrices/mesh1em6.mtx_129 40 1625673669820041216 47.0125
Perman: [veni] running with 40 rows:
 [vidi] 10 1 /home/kaya/sparyser/matrices/mesh1em6.mtx_130 40 1863032627454800896 34.1115
Perman: [veni] running with 39 rows:
 [vidi] 10 1 /home/kaya/sparyser/matrices/mesh1em6.mtx_131 39 579188472510078720 22.0398
Perman: [veni] running with 33 rows:
 [vidi] 10 1 /home/kaya/sparyser/matrices/mesh1em6.mtx_132 33 4484165151382477 0.695231
Perman: [veni] running with 32 rows:
 [vidi] 10 1 /home/kaya/sparyser/matrices/mesh1em6.mtx_133 32 1022985712011456 0.617822
Perman: [veni] running with 32 rows:
 [vidi] 10 1 /home/kaya/sparyser/matrices/mesh1em6.mtx_134 32 4493696555830160 1.00628
Perman: [veni] running with 32 rows:
 [vidi] 10 1 /home/kaya/sparyser/matrices/mesh1em6.mtx_135 32 807983451452001 0.445928
Perman: [veni] running with 32 rows:
 [vidi] 10 1 /home/kaya/sparyser/matrices/mesh1em6.mtx_136 32 523336144633317 0.374664
Perman: [veni] running with 32 rows:
 [vidi] 10 1 /home/kaya/sparyser/matrices/mesh1em6.mtx_137 32 1818676774133600 1.31003
Perman: [veni] running with 32 rows:
 [vidi] 10 1 /home/kaya/sparyser/matrices/mesh1em6.mtx_138 32 3134926407410730 0.935381
Perman: [veni] running with 32 rows:
 [vidi] 10 1 /home/kaya/sparyser/matrices/mesh1em6.mtx_139 32 682946575510327 0.360099
Perman: [veni] running with 32 rows:
 [vidi] 10 1 /home/kaya/sparyser/matrices/mesh1em6.mtx_140 32 583966234127305 0.361663
Perman: [veni] running with 32 rows:
 [vidi] 10 1 /home/kaya/sparyser/matrices/mesh1em6.mtx_141 32 2392921790566688 0.631035
Perman: [veni] running with 32 rows:
 [vidi] 10 1 /home/kaya/sparyser/matrices/mesh1em6.mtx_142 32 2056500232129711 0.684126
Perman: [veni] running with 32 rows:
 [vidi] 10 1 /home/kaya/sparyser/matrices/mesh1em6.mtx_143 32 878907538237200 1.14963
Perman: [veni] running with 32 rows:
 [vidi] 10 1 /home/kaya/sparyser/matrices/mesh1em6.mtx_144 32 3641131954682096 0.961964
Perman: [veni] running with 32 rows:
 [vidi] 10 1 /home/kaya/sparyser/matrices/mesh1em6.mtx_145 32 3169294808353193 0.7018
Perman: [veni] running with 32 rows:
 [vidi] 10 1 /home/kaya/sparyser/matrices/mesh1em6.mtx_146 32 1479554778873886 0.786937
Perman: [veni] running with 32 rows:
 [vidi] 10 1 /home/kaya/sparyser/matrices/mesh1em6.mtx_147 32 1142001468396479 0.298933
Perman: [veni] running with 32 rows:
 [vidi] 10 1 /home/kaya/sparyser/matrices/mesh1em6.mtx_148 32 948693838512860 0.515871
Perman: [veni] running with 32 rows:
 [vidi] 10 1 /home/kaya/sparyser/matrices/mesh1em6.mtx_149 32 1301917486527164 0.346468
Perman: [veni] running with 32 rows:
 [vidi] 10 1 /home/kaya/sparyser/matrices/mesh1em6.mtx_150 32 444633991983666 0.202706
Perman: [veni] running with 32 rows:
 [vidi] 10 1 /home/kaya/sparyser/matrices/mesh1em6.mtx_151 32 2563080395153840 0.53366
Perman: [veni] running with 32 rows:
 [vidi] 10 1 /home/kaya/sparyser/matrices/mesh1em6.mtx_152 32 2461463908392958 0.597134
Perman: [veni] running with 32 rows:
 [vidi] 10 1 /home/kaya/sparyser/matrices/mesh1em6.mtx_153 32 3771926372982784 0.631648
Perman: [veni] running with 32 rows:
 [vidi] 10 1 /home/kaya/sparyser/matrices/mesh1em6.mtx_154 32 3558658544372464 0.58887
Perman: [veni] running with 32 rows:
 [vidi] 10 1 /home/kaya/sparyser/matrices/mesh1em6.mtx_155 32 1354923540179888 0.972824
Perman: [veni] running with 32 rows:
 [vidi] 10 1 /home/kaya/sparyser/matrices/mesh1em6.mtx_156 32 4261673514386328 0.953854
Perman: [veni] running with 32 rows:
 [vidi] 10 1 /home/kaya/sparyser/matrices/mesh1em6.mtx_157 32 2956574984700294 1.13937
Perman: [veni] running with 32 rows:
 [vidi] 10 1 /home/kaya/sparyser/matrices/mesh1em6.mtx_158 32 1436938413921320 1.02516
Perman: [veni] running with 32 rows:
 [vidi] 10 1 /home/kaya/sparyser/matrices/mesh1em6.mtx_159 32 1384885941611336 1.19163
Perman: [veni] running with 32 rows:
 [vidi] 10 1 /home/kaya/sparyser/matrices/mesh1em6.mtx_160 32 4086543774659076 0.938025
Perman: [veni] running with 32 rows:
 [vidi] 10 1 /home/kaya/sparyser/matrices/mesh1em6.mtx_161 32 1829461503599104 0.707611
Perman: [veni] running with 32 rows:
 [vidi] 10 1 /home/kaya/sparyser/matrices/mesh1em6.mtx_162 32 357879303155862 0.882695
Perman: [veni] running with 34 rows:
 [vidi] 10 1 /home/kaya/sparyser/matrices/mesh1em6.mtx_163 34 10544569225721664 2.24716
Perman: [veni] running with 34 rows:
 [vidi] 10 1 /home/kaya/sparyser/matrices/mesh1em6.mtx_164 34 10211413713980340 1.68192
Perman: [veni] running with 32 rows:
 [vidi] 10 1 /home/kaya/sparyser/matrices/mesh1em6.mtx_165 32 4523055583860151 0.697103
Perman: [veni] running with 32 rows:
 [vidi] 10 1 /home/kaya/sparyser/matrices/mesh1em6.mtx_166 32 3960340740308011 0.671062
Perman: [veni] running with 32 rows:
 [vidi] 10 1 /home/kaya/sparyser/matrices/mesh1em6.mtx_167 32 4561492386423888 0.754154
Perman: [veni] running with 32 rows:
 [vidi] 10 1 /home/kaya/sparyser/matrices/mesh1em6.mtx_168 32 3691315007460114 0.855836
Perman: [veni] running with 33 rows:
 [vidi] 10 1 /home/kaya/sparyser/matrices/mesh1em6.mtx_169 33 10033324851931536 1.36196
Perman: [veni] running with 32 rows:
 [vidi] 10 1 /home/kaya/sparyser/matrices/mesh1em6.mtx_170 32 4480045212848244 0.733234
Perman: [veni] running with 32 rows:
 [vidi] 10 1 /home/kaya/sparyser/matrices/mesh1em6.mtx_171 32 1997024190329304 0.652732
Perman: [veni] running with 32 rows:
 [vidi] 10 1 /home/kaya/sparyser/matrices/mesh1em6.mtx_172 32 2259138580854272 0.667
Perman: [veni] running with 32 rows:
 [vidi] 10 1 /home/kaya/sparyser/matrices/mesh1em6.mtx_173 32 1674777929178528 0.770462
Perman: [veni] running with 32 rows:
 [vidi] 10 1 /home/kaya/sparyser/matrices/mesh1em6.mtx_174 32 3106492334865200 0.999176
Perman: [veni] running with 32 rows:
 [vidi] 10 1 /home/kaya/sparyser/matrices/mesh1em6.mtx_175 32 1489581439203406 0.934125
Perman: [veni] running with 32 rows:
 [vidi] 10 1 /home/kaya/sparyser/matrices/mesh1em6.mtx_176 32 621054510759936 0.45495
Perman: [veni] running with 32 rows:
 [vidi] 10 1 /home/kaya/sparyser/matrices/mesh1em6.mtx_177 32 830771799005904 0.389925
Perman: [veni] running with 32 rows:
 [vidi] 10 1 /home/kaya/sparyser/matrices/mesh1em6.mtx_178 32 1615358461047808 0.635739
Perman: [veni] running with 32 rows:
 [vidi] 10 1 /home/kaya/sparyser/matrices/mesh1em6.mtx_179 32 711648418451199 0.79813
Perman: [veni] running with 33 rows:
 [vidi] 10 1 /home/kaya/sparyser/matrices/mesh1em6.mtx_180 33 10355530076140384 1.49483
Perman: [veni] running with 33 rows:
 [vidi] 10 1 /home/kaya/sparyser/matrices/mesh1em6.mtx_181 33 9714118283013412 1.52462
Perman: [veni] running with 32 rows:
 [vidi] 10 1 /home/kaya/sparyser/matrices/mesh1em6.mtx_182 32 8817812644165216 0.765898
Perman: [veni] running with 32 rows:
 [vidi] 10 1 /home/kaya/sparyser/matrices/mesh1em6.mtx_183 32 7889562939855378 0.893389
Perman: [veni] running with 32 rows:
 [vidi] 10 1 /home/kaya/sparyser/matrices/mesh1em6.mtx_184 32 9544308591186348 0.993306
Perman: [veni] running with 32 rows:
 [vidi] 10 1 /home/kaya/sparyser/matrices/mesh1em6.mtx_185 32 5973350084561828 0.685246
Perman: [veni] running with 32 rows:
 [vidi] 10 1 /home/kaya/sparyser/matrices/mesh1em6.mtx_186 32 2793805160322439 1.04728
Perman: [veni] running with 32 rows:
 [vidi] 10 1 /home/kaya/sparyser/matrices/mesh1em6.mtx_187 32 1158352467071760 0.478751
Perman: [veni] running with 32 rows:
 [vidi] 10 1 /home/kaya/sparyser/matrices/mesh1em6.mtx_188 32 2362474291707017 0.73991
Perman: [veni] running with 32 rows:
 [vidi] 10 1 /home/kaya/sparyser/matrices/mesh1em6.mtx_189 32 2935347440528993 0.604657
Perman: [veni] running with 32 rows:
 [vidi] 10 1 /home/kaya/sparyser/matrices/mesh1em6.mtx_190 32 4724209620339533 0.862971
Perman: [veni] running with 32 rows:
 [vidi] 10 1 /home/kaya/sparyser/matrices/mesh1em6.mtx_191 32 2149977606510991 0.686642
Perman: [veni] running with 32 rows:
 [vidi] 10 1 /home/kaya/sparyser/matrices/mesh1em6.mtx_192 32 3145303536373321 0.655124
Perman: [veni] running with 32 rows:
 [vidi] 10 1 /home/kaya/sparyser/matrices/mesh1em6.mtx_193 32 2643788132638286 0.841423
Perman: [veni] running with 32 rows:
 [vidi] 10 1 /home/kaya/sparyser/matrices/mesh1em6.mtx_194 32 3410835548830233 0.550839
Perman: [veni] running with 32 rows:
 [vidi] 10 1 /home/kaya/sparyser/matrices/mesh1em6.mtx_195 32 1286557495903810 0.337515
Perman: [veni] running with 33 rows:
 [vidi] 10 1 /home/kaya/sparyser/matrices/mesh1em6.mtx_196 33 4355122739241784 1.33755
Perman: [veni] running with 32 rows:
 [vidi] 10 1 /home/kaya/sparyser/matrices/mesh1em6.mtx_197 32 1491276029462776 0.780142
Perman: [veni] running with 32 rows:
 [vidi] 10 1 /home/kaya/sparyser/matrices/mesh1em6.mtx_198 32 749118407233469 0.245989
Perman: [veni] running with 32 rows:
 [vidi] 10 1 /home/kaya/sparyser/matrices/mesh1em6.mtx_199 32 4653635558259808 0.559647
Perman: [veni] running with 32 rows:
 [vidi] 10 1 /home/kaya/sparyser/matrices/mesh1em6.mtx_200 32 3741379946877438 0.629308
Perman: [veni] running with 32 rows:
 [vidi] 10 1 /home/kaya/sparyser/matrices/mesh1em6.mtx_201 32 6812471542432872 0.970855
Perman: [veni] running with 32 rows:
 [vidi] 10 1 /home/kaya/sparyser/matrices/mesh1em6.mtx_202 32 9777940783541548 0.73533
Perman: [veni] running with 32 rows:
 [vidi] 10 1 /home/kaya/sparyser/matrices/mesh1em6.mtx_203 32 5799057427421624 1.04107
Perman: [veni] running with 32 rows:
 [vidi] 10 1 /home/kaya/sparyser/matrices/mesh1em6.mtx_204 32 1506095553833186 0.669699
Perman: [veni] running with 33 rows:
 [vidi] 10 1 /home/kaya/sparyser/matrices/mesh1em6.mtx_205 33 12198338284010484 1.14472
Perman: [veni] running with 32 rows:
 [vidi] 10 1 /home/kaya/sparyser/matrices/mesh1em6.mtx_206 32 3040895115406290 0.617425
Perman: [veni] running with 32 rows:
 [vidi] 10 1 /home/kaya/sparyser/matrices/mesh1em6.mtx_207 32 11840557952228916 1.14608
Perman: [veni] running with 32 rows:
 [vidi] 10 1 /home/kaya/sparyser/matrices/mesh1em6.mtx_208 32 2762947209642176 1.18963
Perman: [veni] running with 32 rows:
 [vidi] 10 1 /home/kaya/sparyser/matrices/mesh1em6.mtx_209 32 4011132118738256 0.946095
Perman: [veni] running with 32 rows:
 [vidi] 10 1 /home/kaya/sparyser/matrices/mesh1em6.mtx_210 32 2615512864215078 1.06308
Perman: [veni] running with 32 rows:
 [vidi] 10 1 /home/kaya/sparyser/matrices/mesh1em6.mtx_211 32 607285281018554 0.628839
Perman: [veni] running with 32 rows:
 [vidi] 10 1 /home/kaya/sparyser/matrices/mesh1em6.mtx_212 32 2196108497820610 1.12861
Perman: [veni] running with 32 rows:
 [vidi] 10 1 /home/kaya/sparyser/matrices/mesh1em6.mtx_213 32 2203370811597160 0.572274
Perman: [veni] running with 32 rows:
 [vidi] 10 1 /home/kaya/sparyser/matrices/mesh1em6.mtx_214 32 1273662134576920 0.586004
Perman: [veni] running with 32 rows:
 [vidi] 10 1 /home/kaya/sparyser/matrices/mesh1em6.mtx_215 32 3710924494621172 0.677885
Perman: [veni] running with 32 rows:
 [vidi] 10 1 /home/kaya/sparyser/matrices/mesh1em6.mtx_216 32 735057083031002 0.374528
Perman: [veni] running with 32 rows:
 [vidi] 10 1 /home/kaya/sparyser/matrices/mesh1em6.mtx_217 32 582454719481902 0.297915
Perman: [veni] running with 32 rows:
 [vidi] 10 1 /home/kaya/sparyser/matrices/mesh1em6.mtx_218 32 2751617396425420 0.733694
Perman: [veni] running with 32 rows:
 [vidi] 10 1 /home/kaya/sparyser/matrices/mesh1em6.mtx_219 32 2066171438143227 0.829661
Perman: [veni] running with 32 rows:
 [vidi] 10 1 /home/kaya/sparyser/matrices/mesh1em6.mtx_220 32 1831827646694844 0.841452
Perman: [veni] running with 32 rows:
 [vidi] 10 1 /home/kaya/sparyser/matrices/mesh1em6.mtx_221 32 1933076907934283 1.08306
Perman: [veni] running with 32 rows:
 [vidi] 10 1 /home/kaya/sparyser/matrices/mesh1em6.mtx_222 32 1788595844192688 0.605854
Perman: [veni] running with 32 rows:
 [vidi] 10 1 /home/kaya/sparyser/matrices/mesh1em6.mtx_223 32 1017732809174390 1.33713
Perman: [veni] running with 32 rows:
 [vidi] 10 1 /home/kaya/sparyser/matrices/mesh1em6.mtx_224 32 1942822117424098 0.953748
Perman: [veni] running with 32 rows:
 [vidi] 10 1 /home/kaya/sparyser/matrices/mesh1em6.mtx_225 32 1467385181587399 0.795858
Perman: [veni] running with 33 rows:
 [vidi] 10 1 /home/kaya/sparyser/matrices/mesh1em6.mtx_226 33 2594653181854194 1.13642
Perman: [veni] running with 32 rows:
 [vidi] 10 1 /home/kaya/sparyser/matrices/mesh1em6.mtx_227 32 812215371023823 0.768456
Perman: [veni] running with 32 rows:
 [vidi] 10 1 /home/kaya/sparyser/matrices/mesh1em6.mtx_228 32 426625859828798 0.269086
Perman: [veni] running with 32 rows:
 [vidi] 10 1 /home/kaya/sparyser/matrices/mesh1em6.mtx_229 32 3370155601017400 0.592178
Perman: [veni] running with 32 rows:
 [vidi] 10 1 /home/kaya/sparyser/matrices/mesh1em6.mtx_230 32 2195783059524351 0.631655
Perman: [veni] running with 34 rows:
 [vidi] 10 1 /home/kaya/sparyser/matrices/mesh1em6.mtx_231 34 14726064400796712 1.88537
Perman: [veni] running with 32 rows:
 [vidi] 10 1 /home/kaya/sparyser/matrices/mesh1em6.mtx_232 32 2746188067436874 0.521944
Perman: [veni] running with 32 rows:
 [vidi] 10 1 /home/kaya/sparyser/matrices/mesh1em6.mtx_233 32 1351303014543308 0.327809
Perman: [veni] running with 33 rows:
 [vidi] 10 1 /home/kaya/sparyser/matrices/mesh1em6.mtx_234 33 13951769763328240 1.52364
Perman: [veni] running with 34 rows:
 [vidi] 10 1 /home/kaya/sparyser/matrices/mesh1em6.mtx_235 34 9319697365860712 1.04394
Perman: [veni] running with 32 rows:
 [vidi] 10 1 /home/kaya/sparyser/matrices/mesh1em6.mtx_236 32 1966527606125600 0.33467
Perman: [veni] running with 32 rows:
 [vidi] 10 1 /home/kaya/sparyser/matrices/mesh1em6.mtx_237 32 920918159838604 0.205385
Perman: [veni] running with 33 rows:
 [vidi] 10 1 /home/kaya/sparyser/matrices/mesh1em6.mtx_238 33 7700454414762392 3.04001
Perman: [veni] running with 40 rows:
 [vidi] 10 1 /home/kaya/sparyser/matrices/mesh1em6.mtx_239 40 1386577591252447232 28.7297
Perman: [veni] running with 39 rows:
 [vidi] 10 1 /home/kaya/sparyser/matrices/mesh1em6.mtx_240 39 623784704454099968 18.7327
Perman: [veni] running with 38 rows:
 [vidi] 10 1 /home/kaya/sparyser/matrices/mesh1em6.mtx_241 38 238162861189005632 12.2395
Perman: [veni] running with 38 rows:
 [vidi] 10 1 /home/kaya/sparyser/matrices/mesh1em6.mtx_242 38 221480756042389184 12.1518
Perman: [veni] running with 32 rows:
 [vidi] 10 1 /home/kaya/sparyser/matrices/mesh1em6.mtx_243 32 3275144623916510 0.623072
Perman: [veni] running with 32 rows:
 [vidi] 10 1 /home/kaya/sparyser/matrices/mesh1em6.mtx_244 32 5803915555204752 0.815924
Perman: [veni] running with 32 rows:
 [vidi] 10 1 /home/kaya/sparyser/matrices/mesh1em6.mtx_245 32 4946643987538840 0.805194
Perman: [veni] running with 32 rows:
 [vidi] 10 1 /home/kaya/sparyser/matrices/mesh1em6.mtx_246 32 4865832739475224 0.512341
Perman: [veni] running with 32 rows:
 [vidi] 10 1 /home/kaya/sparyser/matrices/mesh1em6.mtx_247 32 3846273288033152 0.678523
Perman: [veni] running with 32 rows:
 [vidi] 10 1 /home/kaya/sparyser/matrices/mesh1em6.mtx_248 32 3667843411938708 0.89745
Perman: [veni] running with 32 rows:
 [vidi] 10 1 /home/kaya/sparyser/matrices/mesh1em6.mtx_249 32 2552042917061100 0.653546
Perman: [veni] running with 32 rows:
 [vidi] 10 1 /home/kaya/sparyser/matrices/mesh1em6.mtx_250 32 3294939988617046 0.709923
Perman: [veni] running with 35 rows:
 [vidi] 10 1 /home/kaya/sparyser/matrices/mesh1em6.mtx_251 35 48184386532480832 4.96534
Perman: [veni] running with 35 rows:
 [vidi] 10 1 /home/kaya/sparyser/matrices/mesh1em6.mtx_252 35 47970625576447872 4.73424
Perman: [veni] running with 33 rows:
 [vidi] 10 1 /home/kaya/sparyser/matrices/mesh1em6.mtx_253 33 6397571842071426 1.72581
Perman: [veni] running with 32 rows:
 [vidi] 10 1 /home/kaya/sparyser/matrices/mesh1em6.mtx_254 32 3218729088714980 0.357352
Perman: [veni] running with 32 rows:
 [vidi] 10 1 /home/kaya/sparyser/matrices/mesh1em6.mtx_255 32 3659174201228942 0.516494
Perman: [veni] running with 34 rows:
 [vidi] 10 1 /home/kaya/sparyser/matrices/mesh1em6.mtx_256 34 13970188765954616 1.70476
Perman: [veni] running with 35 rows:
 [vidi] 10 1 /home/kaya/sparyser/matrices/mesh1em6.mtx_257 35 27583254190986912 3.33213
Perman: [veni] running with 35 rows:
 [vidi] 10 1 /home/kaya/sparyser/matrices/mesh1em6.mtx_258 35 22742867858807728 3.7914
Perman: [veni] running with 35 rows:
 [vidi] 10 1 /home/kaya/sparyser/matrices/mesh1em6.mtx_259 35 34754552157072000 3.33561
Perman: [veni] running with 33 rows:
 [vidi] 10 1 /home/kaya/sparyser/matrices/mesh1em6.mtx_260 33 5492117844841496 0.852974
Perman: [veni] running with 32 rows:
 [vidi] 10 1 /home/kaya/sparyser/matrices/mesh1em6.mtx_261 32 2616904693424837 0.411795
Perman: [veni] running with 32 rows:
 [vidi] 10 1 /home/kaya/sparyser/matrices/mesh1em6.mtx_262 32 2801577560140900 0.474964
Perman: [veni] running with 32 rows:
 [vidi] 10 1 /home/kaya/sparyser/matrices/mesh1em6.mtx_263 32 1531181727192427 0.485465
Perman: [veni] running with 32 rows:
 [vidi] 10 1 /home/kaya/sparyser/matrices/mesh1em6.mtx_264 32 2362953492911152 0.78654
Perman: [veni] running with 32 rows:
 [vidi] 10 1 /home/kaya/sparyser/matrices/mesh1em6.mtx_265 32 1116880604503510 0.540057
Perman: [veni] running with 32 rows:
 [vidi] 10 1 /home/kaya/sparyser/matrices/mesh1em6.mtx_266 32 1412323941780557 0.492063
Perman: [veni] running with 32 rows:
 [vidi] 10 1 /home/kaya/sparyser/matrices/mesh1em6.mtx_267 32 2440471559862784 0.881161
Perman: [veni] running with 32 rows:
 [vidi] 10 1 /home/kaya/sparyser/matrices/mesh1em6.mtx_268 32 3146935439304832 0.503529
Perman: [veni] running with 32 rows:
 [vidi] 10 1 /home/kaya/sparyser/matrices/mesh1em6.mtx_269 32 1636001956996864 0.884323
Perman: [veni] running with 32 rows:
 [vidi] 10 1 /home/kaya/sparyser/matrices/mesh1em6.mtx_270 32 1918997226406144 0.494076
Perman: [veni] running with 32 rows:
 [vidi] 10 1 /home/kaya/sparyser/matrices/mesh1em6.mtx_271 32 1960130671738470 0.740346
Perman: [veni] running with 32 rows:
 [vidi] 10 1 /home/kaya/sparyser/matrices/mesh1em6.mtx_272 32 3481302723400386 0.626983
Perman: [veni] running with 32 rows:
 [vidi] 10 1 /home/kaya/sparyser/matrices/mesh1em6.mtx_273 32 3677029371299968 0.720689
Perman: [veni] running with 32 rows:
 [vidi] 10 1 /home/kaya/sparyser/matrices/mesh1em6.mtx_274 32 2203458721015843 0.652037
Perman: [veni] running with 32 rows:
 [vidi] 10 1 /home/kaya/sparyser/matrices/mesh1em6.mtx_275 32 2663958259875840 0.678413
Perman: [veni] running with 32 rows:
 [vidi] 10 1 /home/kaya/sparyser/matrices/mesh1em6.mtx_276 32 1206180754922272 0.703151
Perman: [veni] running with 32 rows:
 [vidi] 10 1 /home/kaya/sparyser/matrices/mesh1em6.mtx_277 32 3390271215700992 0.535372
Perman: [veni] running with 32 rows:
 [vidi] 10 1 /home/kaya/sparyser/matrices/mesh1em6.mtx_278 32 2780401304032544 0.451821
Perman: [veni] running with 32 rows:
 [vidi] 10 1 /home/kaya/sparyser/matrices/mesh1em6.mtx_279 32 1233725756244952 0.535029
Perman: [veni] running with 32 rows:
 [vidi] 10 1 /home/kaya/sparyser/matrices/mesh1em6.mtx_280 32 2594543845023438 0.51758
Perman: [veni] running with 32 rows:
 [vidi] 10 1 /home/kaya/sparyser/matrices/mesh1em6.mtx_281 32 2806689509654608 0.747234
Perman: [veni] running with 32 rows:
 [vidi] 10 1 /home/kaya/sparyser/matrices/mesh1em6.mtx_282 32 1703304464920644 0.696686
Perman: [veni] running with 32 rows:
 [vidi] 10 1 /home/kaya/sparyser/matrices/mesh1em6.mtx_283 32 2527291670331687 0.706648
Perman: [veni] running with 32 rows:
 [vidi] 10 1 /home/kaya/sparyser/matrices/mesh1em6.mtx_284 32 2538692263743086 0.747644
Perman: [veni] running with 32 rows:
 [vidi] 10 1 /home/kaya/sparyser/matrices/mesh1em6.mtx_285 32 1676033648710736 0.984282
Perman: [veni] running with 32 rows:
 [vidi] 10 1 /home/kaya/sparyser/matrices/mesh1em6.mtx_286 32 1576407355757715 0.862564
Perman: [veni] running with 33 rows:
 [vidi] 10 1 /home/kaya/sparyser/matrices/mesh1em6.mtx_287 33 3503633767894859 3.12167
Perman: [veni] running with 32 rows:
 [vidi] 10 1 /home/kaya/sparyser/matrices/mesh1em6.mtx_288 32 5858974146979840 1.19762
Perman: [veni] running with 32 rows:
 [vidi] 10 1 /home/kaya/sparyser/matrices/mesh1em6.mtx_289 32 4181566524243460 1.23342
Perman: [veni] running with 33 rows:
 [vidi] 10 1 /home/kaya/sparyser/matrices/mesh1em6.mtx_290 33 3618140797463844 1.42427
Perman: [veni] running with 32 rows:
 [vidi] 10 1 /home/kaya/sparyser/matrices/mesh1em6.mtx_291 32 5560086592736128 0.867658
Perman: [veni] running with 32 rows:
 [vidi] 10 1 /home/kaya/sparyser/matrices/mesh1em6.mtx_292 32 4834838061036376 0.906363
Perman: [veni] running with 32 rows:
 [vidi] 10 1 /home/kaya/sparyser/matrices/mesh1em6.mtx_293 32 936613919901362 0.889198
Perman: [veni] running with 32 rows:
 [vidi] 10 1 /home/kaya/sparyser/matrices/mesh1em6.mtx_294 32 2919937864603836 1.14353
Perman: [veni] running with 32 rows:
 [vidi] 10 1 /home/kaya/sparyser/matrices/mesh1em6.mtx_295 32 1168076092473716 0.802707
Perman: [veni] running with 32 rows:
 [vidi] 10 1 /home/kaya/sparyser/matrices/mesh1em6.mtx_296 32 3050192105707248 0.672406
Perman: [veni] running with 34 rows:
 [vidi] 10 1 /home/kaya/sparyser/matrices/mesh1em6.mtx_297 34 4285568497910135 2.38151
Perman: [veni] running with 32 rows:
 [vidi] 10 1 /home/kaya/sparyser/matrices/mesh1em6.mtx_298 32 1993247908411952 0.928957
Perman: [veni] running with 32 rows:
 [vidi] 10 1 /home/kaya/sparyser/matrices/mesh1em6.mtx_299 32 4137241950116632 0.748025
Perman: [veni] running with 32 rows:
 [vidi] 10 1 /home/kaya/sparyser/matrices/mesh1em6.mtx_300 32 1331268620766850 0.728896
Perman: [veni] running with 32 rows:
 [vidi] 10 1 /home/kaya/sparyser/matrices/mesh1em6.mtx_301 32 4295425943157400 0.678309
Perman: [veni] running with 34 rows:
 [vidi] 10 1 /home/kaya/sparyser/matrices/mesh1em6.mtx_302 34 4882514327777518 2.50946
Perman: [veni] running with 33 rows:
 [vidi] 10 1 /home/kaya/sparyser/matrices/mesh1em6.mtx_303 33 6342926042265600 1.42242
Perman: [veni] running with 32 rows:
 [vidi] 10 1 /home/kaya/sparyser/matrices/mesh1em6.mtx_304 32 1893647070360112 1.0139
Perman: [veni] running with 32 rows:
 [vidi] 10 1 /home/kaya/sparyser/matrices/mesh1em6.mtx_305 32 3215110600601819 0.708055
Perman: [veni] running with 34 rows:
 [vidi] 10 1 /home/kaya/sparyser/matrices/mesh1em6.mtx_306 34 7253528521241332 2.98769
Perman: [veni] running with 33 rows:
 [vidi] 10 1 /home/kaya/sparyser/matrices/mesh1em6.mtx_307 33 9338429195646720 1.54191
Perman: [veni] running with 32 rows:
 [vidi] 10 1 /home/kaya/sparyser/matrices/mesh1em6.mtx_308 32 2346488743129456 0.474911
Perman: [veni] running with 32 rows:
 [vidi] 10 1 /home/kaya/sparyser/matrices/mesh1em6.mtx_309 32 6576323542781940 0.638828
Perman: [veni] running with 32 rows:
 [vidi] 10 1 /home/kaya/sparyser/matrices/mesh1em6.mtx_310 32 1131698623096787 0.774087
Perman: [veni] running with 32 rows:
 [vidi] 10 1 /home/kaya/sparyser/matrices/mesh1em6.mtx_311 32 985921564906083 0.704403
Perman: [veni] running with 32 rows:
 [vidi] 10 1 /home/kaya/sparyser/matrices/mesh1em6.mtx_312 32 2399643598007552 0.794139
Perman: [veni] running with 32 rows:
 [vidi] 10 1 /home/kaya/sparyser/matrices/mesh1em6.mtx_313 32 3338141194730992 0.79356
Perman: [veni] running with 32 rows:
 [vidi] 10 1 /home/kaya/sparyser/matrices/mesh1em6.mtx_314 32 1500222781083232 0.796993
Perman: [veni] running with 32 rows:
 [vidi] 10 1 /home/kaya/sparyser/matrices/mesh1em6.mtx_315 32 951075673306536 0.729576
Perman: [veni] running with 32 rows:
 [vidi] 10 1 /home/kaya/sparyser/matrices/mesh1em6.mtx_316 32 687619815047351 0.571232
Perman: [veni] running with 32 rows:
 [vidi] 10 1 /home/kaya/sparyser/matrices/mesh1em6.mtx_317 32 1064013172048063 0.64177
Perman: [veni] running with 39 rows:
 [vidi] 10 1 /home/kaya/sparyser/matrices/mesh1em6.mtx_318 39 916012454617750016 13.7322
Perman: [veni] running with 37 rows:
 [vidi] 10 1 /home/kaya/sparyser/matrices/mesh1em6.mtx_319 37 161740800756551168 9.0582
Perman: [veni] running with 32 rows:
 [vidi] 10 1 /home/kaya/sparyser/matrices/mesh1em6.mtx_320 32 833502744953521 0.325398
Perman: [veni] running with 32 rows:
 [vidi] 10 1 /home/kaya/sparyser/matrices/mesh1em6.mtx_321 32 1559592606847973 0.429405
Perman: [veni] running with 32 rows:
 [vidi] 10 1 /home/kaya/sparyser/matrices/mesh1em6.mtx_322 32 2405826130334720 0.732281
Perman: [veni] running with 32 rows:
 [vidi] 10 1 /home/kaya/sparyser/matrices/mesh1em6.mtx_323 32 3523862072889024 0.569885
Perman: [veni] running with 32 rows:
 [vidi] 10 1 /home/kaya/sparyser/matrices/mesh1em6.mtx_324 32 2766428092349809 0.578165
Perman: [veni] running with 32 rows:
 [vidi] 10 1 /home/kaya/sparyser/matrices/mesh1em6.mtx_325 32 2810410399714093 0.394356
Perman: [veni] running with 32 rows:
 [vidi] 10 1 /home/kaya/sparyser/matrices/mesh1em6.mtx_326 32 4428882866476544 1.24455
Perman: [veni] running with 32 rows:
 [vidi] 10 1 /home/kaya/sparyser/matrices/mesh1em6.mtx_327 32 1530669182879146 0.776502
Perman: [veni] running with 32 rows:
 [vidi] 10 1 /home/kaya/sparyser/matrices/mesh1em6.mtx_328 32 2205382191708416 0.597032
Perman: [veni] running with 32 rows:
 [vidi] 10 1 /home/kaya/sparyser/matrices/mesh1em6.mtx_329 32 3304448181475904 0.373475
Perman: [veni] running with 32 rows:
 [vidi] 10 1 /home/kaya/sparyser/matrices/mesh1em6.mtx_330 32 3587175254793443 0.435862
Perman: [veni] running with 32 rows:
 [vidi] 10 1 /home/kaya/sparyser/matrices/mesh1em6.mtx_331 32 4742022687275502 0.58185
Perman: [veni] running with 32 rows:
 [vidi] 10 1 /home/kaya/sparyser/matrices/mesh1em6.mtx_332 32 2202953870023232 0.710464
Perman: [veni] running with 32 rows:
 [vidi] 10 1 /home/kaya/sparyser/matrices/mesh1em6.mtx_333 32 2322911566657136 0.51216
Perman: [veni] running with 32 rows:
 [vidi] 10 1 /home/kaya/sparyser/matrices/mesh1em6.mtx_334 32 3697442170616704 0.540417
Perman: [veni] running with 32 rows:
 [vidi] 10 1 /home/kaya/sparyser/matrices/mesh1em6.mtx_335 32 1454678126818916 0.337799
Perman: [veni] running with 32 rows:
 [vidi] 10 1 /home/kaya/sparyser/matrices/mesh1em6.mtx_336 32 958180315860366 1.0961
Perman: [veni] running with 32 rows:
 [vidi] 10 1 /home/kaya/sparyser/matrices/mesh1em6.mtx_337 32 710637499788926 0.90223
Perman: [veni] running with 32 rows:
 [vidi] 10 1 /home/kaya/sparyser/matrices/mesh1em6.mtx_338 32 1178971444311049 0.323493
Perman: [veni] running with 32 rows:
 [vidi] 10 1 /home/kaya/sparyser/matrices/mesh1em6.mtx_339 32 1447669686632328 0.449625
Perman: [veni] running with 32 rows:
 [vidi] 10 1 /home/kaya/sparyser/matrices/mesh1em6.mtx_340 32 1184142415948728 0.499471
Perman: [veni] running with 32 rows:
 [vidi] 10 1 /home/kaya/sparyser/matrices/mesh1em6.mtx_341 32 1617521042807842 0.437369
Perman: [veni] running with 32 rows:
 [vidi] 10 1 /home/kaya/sparyser/matrices/mesh1em6.mtx_342 32 438138680143406 0.466006
Perman: [veni] running with 32 rows:
 [vidi] 10 1 /home/kaya/sparyser/matrices/mesh1em6.mtx_343 32 596059687939193 0.616495
Perman: [veni] running with 32 rows:
 [vidi] 10 1 /home/kaya/sparyser/matrices/mesh1em6.mtx_344 32 1233883182162904 0.697374
Perman: [veni] running with 32 rows:
 [vidi] 10 1 /home/kaya/sparyser/matrices/mesh1em6.mtx_345 32 1083681702160433 0.55224
Perman: [veni] running with 32 rows:
 [vidi] 10 1 /home/kaya/sparyser/matrices/mesh1em6.mtx_346 32 1419422668052026 0.429174
Perman: [veni] running with 32 rows:
 [vidi] 10 1 /home/kaya/sparyser/matrices/mesh1em6.mtx_347 32 1690540020980067 0.456006
Perman: [veni] running with 32 rows:
 [vidi] 10 1 /home/kaya/sparyser/matrices/mesh1em6.mtx_348 32 713999795908724 0.709421
Perman: [veni] running with 32 rows:
 [vidi] 10 1 /home/kaya/sparyser/matrices/mesh1em6.mtx_349 32 762202062947393 0.512962
Perman: [veni] running with 32 rows:
 [vidi] 10 1 /home/kaya/sparyser/matrices/mesh1em6.mtx_350 32 1263807869800518 0.59197
Perman: [veni] running with 32 rows:
 [vidi] 10 1 /home/kaya/sparyser/matrices/mesh1em6.mtx_351 32 507277157923370 0.350704
Perman: [veni] running with 38 rows:
 [vidi] 10 1 /home/kaya/sparyser/matrices/mesh1em6.mtx_352 38 372850608066534144 13.209
Perman: [veni] running with 32 rows:
 [vidi] 10 1 /home/kaya/sparyser/matrices/mesh1em6.mtx_353 32 990819292262208 0.907301
Perman: [veni] running with 32 rows:
 [vidi] 10 1 /home/kaya/sparyser/matrices/mesh1em6.mtx_354 32 1068816232362320 1.79257
Perman: [veni] running with 32 rows:
 [vidi] 10 1 /home/kaya/sparyser/matrices/mesh1em6.mtx_355 32 1377748521395262 0.605978
Perman: [veni] running with 32 rows:
 [vidi] 10 1 /home/kaya/sparyser/matrices/mesh1em6.mtx_356 32 518841284404134 0.982095
Perman: [veni] running with 32 rows:
 [vidi] 10 1 /home/kaya/sparyser/matrices/mesh1em6.mtx_357 32 1226471503027879 0.484578
Perman: [veni] running with 32 rows:
 [vidi] 10 1 /home/kaya/sparyser/matrices/mesh1em6.mtx_358 32 926790857037988 0.531188
Perman: [veni] running with 33 rows:
 [vidi] 10 1 /home/kaya/sparyser/matrices/mesh1em6.mtx_359 33 3574719453426952 1.45234
Perman: [veni] running with 32 rows:
 [vidi] 10 1 /home/kaya/sparyser/matrices/mesh1em6.mtx_360 32 460357768581120 0.88026
Perman: [veni] running with 32 rows:
 [vidi] 10 1 /home/kaya/sparyser/matrices/mesh1em6.mtx_361 32 571434560474688 0.914972
Perman: [veni] running with 32 rows:
 [vidi] 10 1 /home/kaya/sparyser/matrices/mesh1em6.mtx_362 32 519133301136384 0.909114
Perman: [veni] running with 32 rows:
 [vidi] 10 1 /home/kaya/sparyser/matrices/mesh1em6.mtx_363 32 189516586424694 0.822514
Perman: [veni] running with 32 rows:
 [vidi] 10 1 /home/kaya/sparyser/matrices/mesh1em6.mtx_364 32 263041342184832 0.884047
Perman: [veni] running with 32 rows:
 [vidi] 10 1 /home/kaya/sparyser/matrices/mesh1em6.mtx_365 32 269205485699388 0.915157
Perman: [veni] running with 32 rows:
 [vidi] 10 1 /home/kaya/sparyser/matrices/mesh1em6.mtx_366 32 216885295527344 0.909402
Perman: [veni] running with 32 rows:
 [vidi] 10 1 /home/kaya/sparyser/matrices/mesh1em6.mtx_367 32 94159743235456 0.803309
Perman: [veni] running with 32 rows:
 [vidi] 10 1 /home/kaya/sparyser/matrices/mesh1em6.mtx_368 32 1170604262793793 0.453291
Perman: [veni] running with 32 rows:
 [vidi] 10 1 /home/kaya/sparyser/matrices/mesh1em6.mtx_369 32 1753824879948338 0.505799
Perman: [veni] running with 32 rows:
 [vidi] 10 1 /home/kaya/sparyser/matrices/mesh1em6.mtx_370 32 1905789421547424 1.71823
Perman: [veni] running with 32 rows:
 [vidi] 10 1 /home/kaya/sparyser/matrices/mesh1em6.mtx_371 32 2738546754783432 0.828569
Perman: [veni] running with 32 rows:
 [vidi] 10 1 /home/kaya/sparyser/matrices/mesh1em6.mtx_372 32 1564082199746739 0.349903
Perman: [veni] running with 32 rows:
 [vidi] 10 1 /home/kaya/sparyser/matrices/mesh1em6.mtx_373 32 1294892606471617 0.529435
Perman: [veni] running with 33 rows:
 [vidi] 10 1 /home/kaya/sparyser/matrices/mesh1em6.mtx_374 33 4454305078427808 2.09496
Perman: [veni] running with 32 rows:
 [vidi] 10 1 /home/kaya/sparyser/matrices/mesh1em6.mtx_375 32 1606064039793373 0.482776
Perman: [veni] running with 32 rows:
 [vidi] 10 1 /home/kaya/sparyser/matrices/mesh1em6.mtx_376 32 1032664269694973 0.544061
Perman: [veni] running with 33 rows:
 [vidi] 10 1 /home/kaya/sparyser/matrices/mesh1em6.mtx_377 33 4834727292882792 1.46048
Perman: [veni] running with 34 rows:
 [vidi] 10 1 /home/kaya/sparyser/matrices/mesh1em6.mtx_378 34 6698150125717912 1.64036
Perman: [veni] running with 32 rows:
 [vidi] 10 1 /home/kaya/sparyser/matrices/mesh1em6.mtx_379 32 384589280893864 0.453479
Perman: [veni] running with 32 rows:
 [vidi] 10 1 /home/kaya/sparyser/matrices/mesh1em6.mtx_380 32 1060699061441162 0.440878
Perman: [veni] running with 32 rows:
 [vidi] 10 1 /home/kaya/sparyser/matrices/mesh1em6.mtx_381 32 377043916875501 0.462236
Perman: [veni] running with 32 rows:
 [vidi] 10 1 /home/kaya/sparyser/matrices/mesh1em6.mtx_382 32 1295755921601902 0.459152
Perman: [veni] running with 32 rows:
 [vidi] 10 1 /home/kaya/sparyser/matrices/mesh1em6.mtx_383 32 879527810708937 1.07303
Perman: [veni] running with 32 rows:
 [vidi] 10 1 /home/kaya/sparyser/matrices/mesh1em6.mtx_384 32 849862320158030 0.765595
Perman: [veni] running with 32 rows:
 [vidi] 10 1 /home/kaya/sparyser/matrices/mesh1em6.mtx_385 32 814090115205840 0.875236
Perman: [veni] running with 32 rows:
 [vidi] 10 1 /home/kaya/sparyser/matrices/mesh1em6.mtx_386 32 809091660851899 0.642547
Perman: [veni] running with 32 rows:
 [vidi] 10 1 /home/kaya/sparyser/matrices/mesh1em6.mtx_387 32 838268314857860 0.47403
Perman: [veni] running with 32 rows:
 [vidi] 10 1 /home/kaya/sparyser/matrices/mesh1em6.mtx_388 32 656147795851740 0.61305
Perman: [veni] running with 32 rows:
 [vidi] 10 1 /home/kaya/sparyser/matrices/mesh1em6.mtx_389 32 1061008904215244 0.431767
Perman: [veni] running with 32 rows:
 [vidi] 10 1 /home/kaya/sparyser/matrices/mesh1em6.mtx_390 32 1308695246638748 0.605129
Perman: [veni] running with 32 rows:
 [vidi] 10 1 /home/kaya/sparyser/matrices/mesh1em6.mtx_391 32 833020676624915 0.880587
Perman: [veni] running with 32 rows:
 [vidi] 10 1 /home/kaya/sparyser/matrices/mesh1em6.mtx_392 32 1191794755471971 0.734533
Perman: [veni] running with 32 rows:
 [vidi] 10 1 /home/kaya/sparyser/matrices/mesh1em6.mtx_393 32 1318416135717077 0.841007
Perman: [veni] running with 32 rows:
 [vidi] 10 1 /home/kaya/sparyser/matrices/mesh1em6.mtx_394 32 1776993876949464 0.792272
Perman: [veni] running with 32 rows:
 [vidi] 10 1 /home/kaya/sparyser/matrices/mesh1em6.mtx_395 32 1024847237433999 0.527277
Perman: [veni] running with 32 rows:
 [vidi] 10 1 /home/kaya/sparyser/matrices/mesh1em6.mtx_396 32 476114884707890 0.380046
Perman: [veni] running with 32 rows:
 [vidi] 10 1 /home/kaya/sparyser/matrices/mesh1em6.mtx_397 32 1401910148034760 1.37965
Perman: [veni] running with 32 rows:
 [vidi] 10 1 /home/kaya/sparyser/matrices/mesh1em6.mtx_398 32 1037372528706314 0.568339
Perman: [veni] running with 32 rows:
 [vidi] 10 1 /home/kaya/sparyser/matrices/mesh1em6.mtx_399 32 740394337596899 0.554849
Perman: [veni] running with 32 rows:
 [vidi] 10 1 /home/kaya/sparyser/matrices/mesh1em6.mtx_400 32 748058472138416 0.429793
Perman: [veni] running with 32 rows:
 [vidi] 10 1 /home/kaya/sparyser/matrices/mesh1em6.mtx_401 32 964028384538684 0.372929
Perman: [veni] running with 32 rows:
 [vidi] 10 1 /home/kaya/sparyser/matrices/mesh1em6.mtx_402 32 818250715022945 0.383361
Perman: [veni] running with 32 rows:
 [vidi] 10 1 /home/kaya/sparyser/matrices/mesh1em6.mtx_403 32 1304352008004313 0.623172
Perman: [veni] running with 32 rows:
 [vidi] 10 1 /home/kaya/sparyser/matrices/mesh1em6.mtx_404 32 796937692319309 0.458343
Perman: [veni] running with 32 rows:
 [vidi] 10 1 /home/kaya/sparyser/matrices/mesh1em6.mtx_405 32 1417418323805632 0.745046
Perman: [veni] running with 32 rows:
 [vidi] 10 1 /home/kaya/sparyser/matrices/mesh1em6.mtx_406 32 1528366896739296 0.530527
Perman: [veni] running with 32 rows:
 [vidi] 10 1 /home/kaya/sparyser/matrices/mesh1em6.mtx_407 32 1104387852840456 0.705185
Perman: [veni] running with 32 rows:
 [vidi] 10 1 /home/kaya/sparyser/matrices/mesh1em6.mtx_408 32 1605036677466340 0.932484
Perman: [veni] running with 32 rows:
 [vidi] 10 1 /home/kaya/sparyser/matrices/mesh1em6.mtx_409 32 1430365447419568 0.629521
Perman: [veni] running with 32 rows:
 [vidi] 10 1 /home/kaya/sparyser/matrices/mesh1em6.mtx_410 32 2008017804493178 0.611905
Perman: [veni] running with 36 rows:
 [vidi] 10 1 /home/kaya/sparyser/matrices/mesh1em6.mtx_411 36 63747223023383416 3.44323
Perman: [veni] running with 32 rows:
 [vidi] 10 1 /home/kaya/sparyser/matrices/mesh1em6.mtx_412 32 1608303459979522 0.279287
Perman: [veni] running with 32 rows:
 [vidi] 10 1 /home/kaya/sparyser/matrices/mesh1em6.mtx_413 32 2445653022017551 0.308004
Perman: [veni] running with 32 rows:
 [vidi] 10 1 /home/kaya/sparyser/matrices/mesh1em6.mtx_414 32 2805770164895744 0.828836
Perman: [veni] running with 32 rows:
 [vidi] 10 1 /home/kaya/sparyser/matrices/mesh1em6.mtx_415 32 1162950659544076 0.671054
Perman: [veni] running with 32 rows:
 [vidi] 10 1 /home/kaya/sparyser/matrices/mesh1em6.mtx_416 32 2083103697077529 0.464705
Perman: [veni] running with 32 rows:
 [vidi] 10 1 /home/kaya/sparyser/matrices/mesh1em6.mtx_417 32 3092486428380660 0.453525
Perman: [veni] running with 32 rows:
 [vidi] 10 1 /home/kaya/sparyser/matrices/mesh1em6.mtx_418 32 1513318911227904 0.594764
Perman: [veni] running with 32 rows:
 [vidi] 10 1 /home/kaya/sparyser/matrices/mesh1em6.mtx_419 32 1943327808316608 0.552492
Perman: [veni] running with 32 rows:
 [vidi] 10 1 /home/kaya/sparyser/matrices/mesh1em6.mtx_420 32 698674547136320 1.23746
Perman: [veni] running with 32 rows:
 [vidi] 10 1 /home/kaya/sparyser/matrices/mesh1em6.mtx_421 32 877688351263992 1.31434
Perman: [veni] running with 32 rows:
 [vidi] 10 1 /home/kaya/sparyser/matrices/mesh1em6.mtx_422 32 948066950136992 0.821916
Perman: [veni] running with 32 rows:
 [vidi] 10 1 /home/kaya/sparyser/matrices/mesh1em6.mtx_423 32 421030784873840 1.23506
Perman: [veni] running with 32 rows:
 [vidi] 10 1 /home/kaya/sparyser/matrices/mesh1em6.mtx_424 32 745395466094371 0.482871
Perman: [veni] running with 32 rows:
 [vidi] 10 1 /home/kaya/sparyser/matrices/mesh1em6.mtx_425 32 1099268321258174 0.633028
Perman: [veni] running with 32 rows:
 [vidi] 10 1 /home/kaya/sparyser/matrices/mesh1em6.mtx_426 32 604683149370862 0.725211
Perman: [veni] running with 32 rows:
 [vidi] 10 1 /home/kaya/sparyser/matrices/mesh1em6.mtx_427 32 735766678472896 0.531979
Perman: [veni] running with 37 rows:
