Number of rows/cols is 48
Number of nnz is    306
#d1 vertices: 0
#d2 vertices: 0
min degree: 4
************************************************************************
Algo is 1
Compress matrix 0
Apply Dulmage-Mendehlson 0
Sorting 3
Single run 0
************************************************************************
Perman: [veni] running with 45 rows:
	1 of 175921 in 7.77614 - percent 1
	2 of 175921 in 15.5523 - percent 1
	3 of 175921 in 23.3286 - percent 1
	4 of 175921 in 31.1047 - percent 1
	5 of 175921 in 38.8809 - percent 1
	6 of 175921 in 46.6571 - percent 1
	7 of 175921 in 54.4332 - percent 1
	8 of 175921 in 62.2095 - percent 1
	9 of 175921 in 69.986 - percent 1
	10 of 175921 in 77.7624 - percent 1
	11 of 175921 in 85.5387 - percent 1
	12 of 175921 in 93.315 - percent 1
	13 of 175921 in 101.091 - percent 1
	14 of 175921 in 108.867 - percent 1
	15 of 175921 in 116.644 - percent 1
	16 of 175921 in 124.42 - percent 1
	17 of 175921 in 132.196 - percent 1
	18 of 175921 in 139.972 - percent 1
	19 of 175921 in 147.748 - percent 1
	20 of 175921 in 155.525 - percent 1
	21 of 175921 in 163.301 - percent 1
	22 of 175921 in 171.077 - percent 1
	23 of 175921 in 178.853 - percent 1
	24 of 175921 in 186.629 - percent 1
	25 of 175921 in 194.405 - percent 1
	26 of 175921 in 202.181 - percent 1
	27 of 175921 in 209.957 - percent 1
	28 of 175921 in 217.734 - percent 1
	29 of 175921 in 225.51 - percent 1
	30 of 175921 in 233.286 - percent 1
	31 of 175921 in 241.062 - percent 1
	32 of 175921 in 248.838 - percent 1
	33 of 175921 in 256.614 - percent 1
	34 of 175921 in 264.39 - percent 1
	35 of 175921 in 272.166 - percent 1
	36 of 175921 in 279.942 - percent 1
	37 of 175921 in 287.718 - percent 1
	38 of 175921 in 295.494 - percent 1
	39 of 175921 in 303.271 - percent 1
	40 of 175921 in 311.047 - percent 1
	41 of 175921 in 318.823 - percent 1
	42 of 175921 in 326.599 - percent 1
	43 of 175921 in 334.375 - percent 1
	44 of 175921 in 342.152 - percent 1
	45 of 175921 in 349.928 - percent 1
	46 of 175921 in 357.704 - percent 1
	47 of 175921 in 365.481 - percent 1
	48 of 175921 in 373.257 - percent 1
	49 of 175921 in 381.033 - percent 1
	50 of 175921 in 388.809 - percent 1
	51 of 175921 in 396.586 - percent 1
	52 of 175921 in 404.362 - percent 1
	53 of 175921 in 412.138 - percent 1
	54 of 175921 in 419.915 - percent 1
	55 of 175921 in 427.691 - percent 1
	56 of 175921 in 435.467 - percent 1
	57 of 175921 in 443.243 - percent 1
	58 of 175921 in 451.02 - percent 1
	59 of 175921 in 458.796 - percent 1
	60 of 175921 in 466.572 - percent 1
	61 of 175921 in 474.349 - percent 1
	62 of 175921 in 482.125 - percent 1
	63 of 175921 in 489.901 - percent 1
	64 of 175921 in 497.678 - percent 1
	65 of 175921 in 505.454 - percent 1
	66 of 175921 in 513.23 - percent 1
	67 of 175921 in 521.007 - percent 1
	68 of 175921 in 528.783 - percent 1
	69 of 175921 in 536.559 - percent 1
	70 of 175921 in 544.335 - percent 1
	71 of 175921 in 552.111 - percent 1
	72 of 175921 in 559.887 - percent 1
	73 of 175921 in 567.663 - percent 1
	74 of 175921 in 575.439 - percent 1
	75 of 175921 in 583.215 - percent 1
	76 of 175921 in 590.991 - percent 1
	77 of 175921 in 598.768 - percent 1
	78 of 175921 in 606.544 - percent 1
	79 of 175921 in 614.32 - percent 1
	80 of 175921 in 622.096 - percent 1
	81 of 175921 in 629.873 - percent 1
	82 of 175921 in 637.649 - percent 1
	83 of 175921 in 645.425 - percent 1
	84 of 175921 in 653.201 - percent 1
	85 of 175921 in 660.977 - percent 1
	86 of 175921 in 668.753 - percent 1
	87 of 175921 in 676.529 - percent 1
	88 of 175921 in 684.304 - percent 1
	89 of 175921 in 692.08 - percent 1
	90 of 175921 in 699.855 - percent 1
	91 of 175921 in 707.631 - percent 1
	92 of 175921 in 715.406 - percent 1
	93 of 175921 in 723.182 - percent 1
	94 of 175921 in 730.957 - percent 1
	95 of 175921 in 738.733 - percent 1
	96 of 175921 in 746.508 - percent 1
	97 of 175921 in 754.284 - percent 1
	98 of 175921 in 762.06 - percent 1
	99 of 175921 in 769.835 - percent 1
	100 of 175921 in 777.61 - percent 1
	101 of 175921 in 785.386 - percent 1
	102 of 175921 in 793.161 - percent 1
	103 of 175921 in 800.937 - percent 1
	104 of 175921 in 808.713 - percent 1
	105 of 175921 in 816.488 - percent 1
	106 of 175921 in 824.264 - percent 1
	107 of 175921 in 832.039 - percent 1
	108 of 175921 in 839.815 - percent 1
	109 of 175921 in 847.59 - percent 1
	110 of 175921 in 855.366 - percent 1
	111 of 175921 in 863.141 - percent 1
	112 of 175921 in 870.916 - percent 1
	113 of 175921 in 878.692 - percent 1
	114 of 175921 in 886.467 - percent 1
	115 of 175921 in 894.243 - percent 1
	116 of 175921 in 902.018 - percent 1
	117 of 175921 in 909.794 - percent 1
	118 of 175921 in 917.57 - percent 1
	119 of 175921 in 925.346 - percent 1
	120 of 175921 in 933.122 - percent 1
	121 of 175921 in 940.898 - percent 1
	122 of 175921 in 948.674 - percent 1
	123 of 175921 in 956.45 - percent 1
	124 of 175921 in 964.226 - percent 1
	125 of 175921 in 972.002 - percent 1
	126 of 175921 in 979.778 - percent 1
	127 of 175921 in 987.554 - percent 1
	128 of 175921 in 995.33 - percent 1
	129 of 175921 in 1003.11 - percent 1
	130 of 175921 in 1010.88 - percent 1
	131 of 175921 in 1018.66 - percent 1
	132 of 175921 in 1026.43 - percent 1
	133 of 175921 in 1034.21 - percent 1
	134 of 175921 in 1041.99 - percent 1
	135 of 175921 in 1049.76 - percent 1
	136 of 175921 in 1057.54 - percent 1
	137 of 175921 in 1065.32 - percent 1
	138 of 175921 in 1073.09 - percent 1
	139 of 175921 in 1080.87 - percent 1
	140 of 175921 in 1088.64 - percent 1
	141 of 175921 in 1096.42 - percent 1
	142 of 175921 in 1104.2 - percent 1
	143 of 175921 in 1111.97 - percent 1
	144 of 175921 in 1119.75 - percent 1
	145 of 175921 in 1127.52 - percent 1
	146 of 175921 in 1135.3 - percent 1
	147 of 175921 in 1143.08 - percent 1
	148 of 175921 in 1150.85 - percent 1
	149 of 175921 in 1158.63 - percent 1
	150 of 175921 in 1166.41 - percent 1
	151 of 175921 in 1174.18 - percent 1
	152 of 175921 in 1181.96 - percent 1
	153 of 175921 in 1189.73 - percent 1
	154 of 175921 in 1197.51 - percent 1
	155 of 175921 in 1205.29 - percent 1
	156 of 175921 in 1213.06 - percent 1
	157 of 175921 in 1220.84 - percent 1
	158 of 175921 in 1228.61 - percent 1
	159 of 175921 in 1236.39 - percent 1
	160 of 175921 in 1244.17 - percent 1
	161 of 175921 in 1251.94 - percent 1
	162 of 175921 in 1259.72 - percent 1
	163 of 175921 in 1267.5 - percent 1
	164 of 175921 in 1275.27 - percent 1
	165 of 175921 in 1283.05 - percent 1
	166 of 175921 in 1290.82 - percent 1
	167 of 175921 in 1298.6 - percent 1
	168 of 175921 in 1306.38 - percent 1
	169 of 175921 in 1314.15 - percent 1
	170 of 175921 in 1321.93 - percent 1
	171 of 175921 in 1329.71 - percent 1
	172 of 175921 in 1337.48 - percent 1
	173 of 175921 in 1345.26 - percent 1
	174 of 175921 in 1353.03 - percent 1
	175 of 175921 in 1360.81 - percent 1
	176 of 175921 in 1368.59 - percent 1
	177 of 175921 in 1376.36 - percent 1
	178 of 175921 in 1384.14 - percent 1
	179 of 175921 in 1391.91 - percent 1
	180 of 175921 in 1399.69 - percent 1
	181 of 175921 in 1407.47 - percent 1
	182 of 175921 in 1415.24 - percent 1
	183 of 175921 in 1423.02 - percent 1
	184 of 175921 in 1430.79 - percent 1
	185 of 175921 in 1438.57 - percent 1
	186 of 175921 in 1446.35 - percent 1
	187 of 175921 in 1454.12 - percent 1
	188 of 175921 in 1461.9 - percent 1
	189 of 175921 in 1469.68 - percent 1
	190 of 175921 in 1477.45 - percent 1
	191 of 175921 in 1485.23 - percent 1
	192 of 175921 in 1493 - percent 1
	193 of 175921 in 1500.78 - percent 1
	194 of 175921 in 1508.56 - percent 1
	195 of 175921 in 1516.33 - percent 1
	196 of 175921 in 1524.11 - percent 1
	197 of 175921 in 1531.88 - percent 1
	198 of 175921 in 1539.66 - percent 1
	199 of 175921 in 1547.44 - percent 1
	200 of 175921 in 1555.21 - percent 1
	201 of 175921 in 1562.99 - percent 1
	202 of 175921 in 1570.77 - percent 1
	203 of 175921 in 1578.54 - percent 1
	204 of 175921 in 1586.32 - percent 1
	205 of 175921 in 1594.09 - percent 1
	206 of 175921 in 1601.87 - percent 1
	207 of 175921 in 1609.65 - percent 1
	208 of 175921 in 1617.42 - percent 1
	209 of 175921 in 1625.2 - percent 1
	210 of 175921 in 1632.98 - percent 1
	211 of 175921 in 1640.75 - percent 1
	212 of 175921 in 1648.53 - percent 1
	213 of 175921 in 1656.3 - percent 1
	214 of 175921 in 1664.08 - percent 1
	215 of 175921 in 1671.86 - percent 1
	216 of 175921 in 1679.63 - percent 1
	217 of 175921 in 1687.41 - percent 1
	218 of 175921 in 1695.18 - percent 1
	219 of 175921 in 1702.96 - percent 1
	220 of 175921 in 1710.74 - percent 1
	221 of 175921 in 1718.51 - percent 1
	222 of 175921 in 1726.29 - percent 1
	223 of 175921 in 1734.07 - percent 1
	224 of 175921 in 1741.84 - percent 1
	225 of 175921 in 1749.62 - percent 1
	226 of 175921 in 1757.39 - percent 1
	227 of 175921 in 1765.17 - percent 1
	228 of 175921 in 1772.95 - percent 1
	229 of 175921 in 1780.72 - percent 1
	230 of 175921 in 1788.5 - percent 1
	231 of 175921 in 1796.28 - percent 1
