Number of rows/cols is 47
Number of nnz is    472
#d1 vertices: 0
#d2 vertices: 0
min degree: 5
************************************************************************
Algo is 1
Compress matrix 0
Apply Dulmage-Mendehlson 0
Sorting 3
Single run 0
************************************************************************
Perman: [veni] running with 47 rows:
	1 of 703687 in 8.15818 - percent 1
	2 of 703687 in 16.3183 - percent 1
	3 of 703687 in 24.4784 - percent 1
	4 of 703687 in 32.6384 - percent 1
	5 of 703687 in 40.7984 - percent 1
	6 of 703687 in 48.9584 - percent 1
	7 of 703687 in 57.1184 - percent 1
	8 of 703687 in 65.2784 - percent 1
	9 of 703687 in 73.4384 - percent 1
	10 of 703687 in 81.5984 - percent 1
	11 of 703687 in 89.7583 - percent 1
	12 of 703687 in 97.9182 - percent 1
	13 of 703687 in 106.078 - percent 1
	14 of 703687 in 114.238 - percent 1
	15 of 703687 in 122.398 - percent 1
	16 of 703687 in 130.558 - percent 1
	17 of 703687 in 138.718 - percent 1
	18 of 703687 in 146.878 - percent 1
	19 of 703687 in 155.038 - percent 1
	20 of 703687 in 163.198 - percent 1
	21 of 703687 in 171.357 - percent 1
	22 of 703687 in 179.516 - percent 1
	23 of 703687 in 187.675 - percent 1
	24 of 703687 in 195.834 - percent 1
	25 of 703687 in 203.993 - percent 1
	26 of 703687 in 212.152 - percent 1
	27 of 703687 in 220.312 - percent 1
	28 of 703687 in 228.471 - percent 1
	29 of 703687 in 236.63 - percent 1
	30 of 703687 in 244.789 - percent 1
	31 of 703687 in 252.949 - percent 1
	32 of 703687 in 261.108 - percent 1
	33 of 703687 in 269.267 - percent 1
	34 of 703687 in 277.426 - percent 1
	35 of 703687 in 285.586 - percent 1
	36 of 703687 in 293.745 - percent 1
	37 of 703687 in 301.905 - percent 1
	38 of 703687 in 310.065 - percent 1
	39 of 703687 in 318.224 - percent 1
	40 of 703687 in 326.384 - percent 1
	41 of 703687 in 334.544 - percent 1
	42 of 703687 in 342.704 - percent 1
	43 of 703687 in 350.863 - percent 1
	44 of 703687 in 359.023 - percent 1
	45 of 703687 in 367.183 - percent 1
	46 of 703687 in 375.342 - percent 1
	47 of 703687 in 383.502 - percent 1
	48 of 703687 in 391.662 - percent 1
	49 of 703687 in 399.821 - percent 1
	50 of 703687 in 407.98 - percent 1
	51 of 703687 in 416.14 - percent 1
	52 of 703687 in 424.299 - percent 1
	53 of 703687 in 432.458 - percent 1
	54 of 703687 in 440.617 - percent 1
	55 of 703687 in 448.776 - percent 1
	56 of 703687 in 456.935 - percent 1
	57 of 703687 in 465.095 - percent 1
	58 of 703687 in 473.254 - percent 1
	59 of 703687 in 481.413 - percent 1
	60 of 703687 in 489.572 - percent 1
	61 of 703687 in 497.731 - percent 1
	62 of 703687 in 505.89 - percent 1
	63 of 703687 in 514.049 - percent 1
	64 of 703687 in 522.208 - percent 1
	65 of 703687 in 530.368 - percent 1
	66 of 703687 in 538.527 - percent 1
	67 of 703687 in 546.686 - percent 1
	68 of 703687 in 554.845 - percent 1
	69 of 703687 in 563.004 - percent 1
	70 of 703687 in 571.163 - percent 1
	71 of 703687 in 579.323 - percent 1
	72 of 703687 in 587.482 - percent 1
	73 of 703687 in 595.641 - percent 1
	74 of 703687 in 603.8 - percent 1
	75 of 703687 in 611.959 - percent 1
	76 of 703687 in 620.118 - percent 1
	77 of 703687 in 628.277 - percent 1
	78 of 703687 in 636.437 - percent 1
	79 of 703687 in 644.596 - percent 1
	80 of 703687 in 652.755 - percent 1
	81 of 703687 in 660.915 - percent 1
	82 of 703687 in 669.075 - percent 1
	83 of 703687 in 677.236 - percent 1
	84 of 703687 in 685.397 - percent 1
	85 of 703687 in 693.557 - percent 1
	86 of 703687 in 701.718 - percent 1
	87 of 703687 in 709.878 - percent 1
	88 of 703687 in 718.039 - percent 1
	89 of 703687 in 726.2 - percent 1
	90 of 703687 in 734.36 - percent 1
	91 of 703687 in 742.521 - percent 1
	92 of 703687 in 750.682 - percent 1
	93 of 703687 in 758.842 - percent 1
	94 of 703687 in 767.003 - percent 1
	95 of 703687 in 775.164 - percent 1
	96 of 703687 in 783.325 - percent 1
	97 of 703687 in 791.486 - percent 1
	98 of 703687 in 799.646 - percent 1
	99 of 703687 in 807.807 - percent 1
	100 of 703687 in 815.968 - percent 1
	101 of 703687 in 824.129 - percent 1
	102 of 703687 in 832.289 - percent 1
	103 of 703687 in 840.45 - percent 1
	104 of 703687 in 848.61 - percent 1
	105 of 703687 in 856.771 - percent 1
	106 of 703687 in 864.932 - percent 1
	107 of 703687 in 873.092 - percent 1
	108 of 703687 in 881.253 - percent 1
	109 of 703687 in 889.414 - percent 1
	110 of 703687 in 897.574 - percent 1
	111 of 703687 in 905.735 - percent 1
	112 of 703687 in 913.896 - percent 1
	113 of 703687 in 922.056 - percent 1
	114 of 703687 in 930.216 - percent 1
	115 of 703687 in 938.376 - percent 1
	116 of 703687 in 946.537 - percent 1
	117 of 703687 in 954.697 - percent 1
	118 of 703687 in 962.856 - percent 1
	119 of 703687 in 971.015 - percent 1
	120 of 703687 in 979.175 - percent 1
	121 of 703687 in 987.334 - percent 1
	122 of 703687 in 995.493 - percent 1
	123 of 703687 in 1003.65 - percent 1
	124 of 703687 in 1011.81 - percent 1
	125 of 703687 in 1019.97 - percent 1
	126 of 703687 in 1028.13 - percent 1
	127 of 703687 in 1036.29 - percent 1
	128 of 703687 in 1044.45 - percent 1
	129 of 703687 in 1052.61 - percent 1
	130 of 703687 in 1060.77 - percent 1
	131 of 703687 in 1068.93 - percent 1
	132 of 703687 in 1077.09 - percent 1
	133 of 703687 in 1085.24 - percent 1
	134 of 703687 in 1093.4 - percent 1
	135 of 703687 in 1101.56 - percent 1
	136 of 703687 in 1109.72 - percent 1
	137 of 703687 in 1117.88 - percent 1
	138 of 703687 in 1126.04 - percent 1
	139 of 703687 in 1134.2 - percent 1
	140 of 703687 in 1142.36 - percent 1
	141 of 703687 in 1150.52 - percent 1
	142 of 703687 in 1158.68 - percent 1
	143 of 703687 in 1166.84 - percent 1
	144 of 703687 in 1175 - percent 1
	145 of 703687 in 1183.15 - percent 1
	146 of 703687 in 1191.31 - percent 1
	147 of 703687 in 1199.47 - percent 1
	148 of 703687 in 1207.63 - percent 1
	149 of 703687 in 1215.79 - percent 1
	150 of 703687 in 1223.95 - percent 1
	151 of 703687 in 1232.11 - percent 1
	152 of 703687 in 1240.27 - percent 1
	153 of 703687 in 1248.43 - percent 1
	154 of 703687 in 1256.59 - percent 1
	155 of 703687 in 1264.75 - percent 1
	156 of 703687 in 1272.91 - percent 1
	157 of 703687 in 1281.06 - percent 1
	158 of 703687 in 1289.22 - percent 1
	159 of 703687 in 1297.38 - percent 1
	160 of 703687 in 1305.54 - percent 1
	161 of 703687 in 1313.7 - percent 1
	162 of 703687 in 1321.86 - percent 1
	163 of 703687 in 1330.02 - percent 1
	164 of 703687 in 1338.18 - percent 1
	165 of 703687 in 1346.34 - percent 1
	166 of 703687 in 1354.5 - percent 1
	167 of 703687 in 1362.66 - percent 1
	168 of 703687 in 1370.82 - percent 1
	169 of 703687 in 1378.97 - percent 1
	170 of 703687 in 1387.13 - percent 1
	171 of 703687 in 1395.29 - percent 1
	172 of 703687 in 1403.45 - percent 1
	173 of 703687 in 1411.61 - percent 1
	174 of 703687 in 1419.77 - percent 1
	175 of 703687 in 1427.93 - percent 1
	176 of 703687 in 1436.09 - percent 1
	177 of 703687 in 1444.25 - percent 1
	178 of 703687 in 1452.41 - percent 1
	179 of 703687 in 1460.57 - percent 1
	180 of 703687 in 1468.73 - percent 1
	181 of 703687 in 1476.88 - percent 1
	182 of 703687 in 1485.04 - percent 1
	183 of 703687 in 1493.2 - percent 1
	184 of 703687 in 1501.36 - percent 1
	185 of 703687 in 1509.52 - percent 1
	186 of 703687 in 1517.68 - percent 1
	187 of 703687 in 1525.84 - percent 1
	188 of 703687 in 1534 - percent 1
	189 of 703687 in 1542.16 - percent 1
	190 of 703687 in 1550.32 - percent 1
	191 of 703687 in 1558.48 - percent 1
	192 of 703687 in 1566.64 - percent 1
	193 of 703687 in 1574.79 - percent 1
	194 of 703687 in 1582.95 - percent 1
	195 of 703687 in 1591.11 - percent 1
	196 of 703687 in 1599.27 - percent 1
	197 of 703687 in 1607.43 - percent 1
	198 of 703687 in 1615.59 - percent 1
	199 of 703687 in 1623.75 - percent 1
	200 of 703687 in 1631.91 - percent 1
	201 of 703687 in 1640.07 - percent 1
	202 of 703687 in 1648.23 - percent 1
	203 of 703687 in 1656.39 - percent 1
	204 of 703687 in 1664.54 - percent 1
	205 of 703687 in 1672.7 - percent 1
	206 of 703687 in 1680.86 - percent 1
	207 of 703687 in 1689.02 - percent 1
	208 of 703687 in 1697.18 - percent 1
	209 of 703687 in 1705.34 - percent 1
	210 of 703687 in 1713.5 - percent 1
	211 of 703687 in 1721.66 - percent 1
	212 of 703687 in 1729.82 - percent 1
	213 of 703687 in 1737.98 - percent 1
	214 of 703687 in 1746.14 - percent 1
	215 of 703687 in 1754.3 - percent 1
	216 of 703687 in 1762.45 - percent 1
	217 of 703687 in 1770.61 - percent 1
	218 of 703687 in 1778.77 - percent 1
	219 of 703687 in 1786.93 - percent 1
	220 of 703687 in 1795.09 - percent 1
