Number of rows/cols is 47
Number of nnz is    472
#d1 vertices: 0
#d2 vertices: 0
min degree: 5
************************************************************************
Algo is 1
Compress matrix 0
Apply Dulmage-Mendehlson 0
Sorting 0
Single run 0
************************************************************************
Perman: [veni] running with 47 rows:
	1 of 703687 in 8.1503 - percent 1
	2 of 703687 in 16.3007 - percent 1
	3 of 703687 in 24.4512 - percent 1
	4 of 703687 in 32.6017 - percent 1
	5 of 703687 in 40.7523 - percent 1
	6 of 703687 in 48.9029 - percent 1
	7 of 703687 in 57.0534 - percent 1
	8 of 703687 in 65.2037 - percent 1
	9 of 703687 in 73.354 - percent 1
	10 of 703687 in 81.5044 - percent 1
	11 of 703687 in 89.6548 - percent 1
	12 of 703687 in 97.8054 - percent 1
	13 of 703687 in 105.956 - percent 1
	14 of 703687 in 114.106 - percent 1
	15 of 703687 in 122.257 - percent 1
	16 of 703687 in 130.407 - percent 1
	17 of 703687 in 138.557 - percent 1
	18 of 703687 in 146.707 - percent 1
	19 of 703687 in 154.858 - percent 1
	20 of 703687 in 163.008 - percent 1
	21 of 703687 in 171.158 - percent 1
	22 of 703687 in 179.307 - percent 1
	23 of 703687 in 187.456 - percent 1
	24 of 703687 in 195.606 - percent 1
	25 of 703687 in 203.755 - percent 1
	26 of 703687 in 211.905 - percent 1
	27 of 703687 in 220.054 - percent 1
	28 of 703687 in 228.203 - percent 1
	29 of 703687 in 236.353 - percent 1
	30 of 703687 in 244.502 - percent 1
	31 of 703687 in 252.652 - percent 1
	32 of 703687 in 260.801 - percent 1
	33 of 703687 in 268.951 - percent 1
	34 of 703687 in 277.1 - percent 1
	35 of 703687 in 285.25 - percent 1
	36 of 703687 in 293.399 - percent 1
	37 of 703687 in 301.549 - percent 1
	38 of 703687 in 309.7 - percent 1
	39 of 703687 in 317.85 - percent 1
	40 of 703687 in 326 - percent 1
	41 of 703687 in 334.15 - percent 1
	42 of 703687 in 342.301 - percent 1
	43 of 703687 in 350.451 - percent 1
	44 of 703687 in 358.601 - percent 1
	45 of 703687 in 366.751 - percent 1
	46 of 703687 in 374.901 - percent 1
	47 of 703687 in 383.052 - percent 1
	48 of 703687 in 391.202 - percent 1
	49 of 703687 in 399.353 - percent 1
	50 of 703687 in 407.502 - percent 1
	51 of 703687 in 415.652 - percent 1
	52 of 703687 in 423.801 - percent 1
	53 of 703687 in 431.951 - percent 1
	54 of 703687 in 440.1 - percent 1
	55 of 703687 in 448.25 - percent 1
	56 of 703687 in 456.399 - percent 1
	57 of 703687 in 464.549 - percent 1
	58 of 703687 in 472.698 - percent 1
	59 of 703687 in 480.848 - percent 1
	60 of 703687 in 488.997 - percent 1
	61 of 703687 in 497.146 - percent 1
	62 of 703687 in 505.296 - percent 1
	63 of 703687 in 513.445 - percent 1
	64 of 703687 in 521.595 - percent 1
	65 of 703687 in 529.744 - percent 1
	66 of 703687 in 537.893 - percent 1
	67 of 703687 in 546.043 - percent 1
	68 of 703687 in 554.192 - percent 1
	69 of 703687 in 562.341 - percent 1
	70 of 703687 in 570.491 - percent 1
	71 of 703687 in 578.64 - percent 1
	72 of 703687 in 586.79 - percent 1
	73 of 703687 in 594.939 - percent 1
	74 of 703687 in 603.089 - percent 1
	75 of 703687 in 611.238 - percent 1
	76 of 703687 in 619.387 - percent 1
	77 of 703687 in 627.537 - percent 1
	78 of 703687 in 635.686 - percent 1
	79 of 703687 in 643.836 - percent 1
	80 of 703687 in 651.985 - percent 1
	81 of 703687 in 660.134 - percent 1
	82 of 703687 in 668.284 - percent 1
	83 of 703687 in 676.433 - percent 1
	84 of 703687 in 684.582 - percent 1
	85 of 703687 in 692.731 - percent 1
	86 of 703687 in 700.881 - percent 1
	87 of 703687 in 709.03 - percent 1
	88 of 703687 in 717.18 - percent 1
	89 of 703687 in 725.329 - percent 1
	90 of 703687 in 733.478 - percent 1
	91 of 703687 in 741.628 - percent 1
	92 of 703687 in 749.777 - percent 1
	93 of 703687 in 757.926 - percent 1
	94 of 703687 in 766.076 - percent 1
	95 of 703687 in 774.226 - percent 1
	96 of 703687 in 782.375 - percent 1
	97 of 703687 in 790.525 - percent 1
	98 of 703687 in 798.674 - percent 1
	99 of 703687 in 806.824 - percent 1
	100 of 703687 in 814.973 - percent 1
	101 of 703687 in 823.123 - percent 1
	102 of 703687 in 831.272 - percent 1
	103 of 703687 in 839.422 - percent 1
	104 of 703687 in 847.571 - percent 1
	105 of 703687 in 855.72 - percent 1
	106 of 703687 in 863.87 - percent 1
	107 of 703687 in 872.019 - percent 1
	108 of 703687 in 880.169 - percent 1
	109 of 703687 in 888.318 - percent 1
	110 of 703687 in 896.467 - percent 1
	111 of 703687 in 904.617 - percent 1
	112 of 703687 in 912.766 - percent 1
	113 of 703687 in 920.916 - percent 1
	114 of 703687 in 929.065 - percent 1
	115 of 703687 in 937.215 - percent 1
	116 of 703687 in 945.365 - percent 1
	117 of 703687 in 953.514 - percent 1
	118 of 703687 in 961.663 - percent 1
	119 of 703687 in 969.813 - percent 1
	120 of 703687 in 977.962 - percent 1
	121 of 703687 in 986.112 - percent 1
	122 of 703687 in 994.261 - percent 1
	123 of 703687 in 1002.41 - percent 1
	124 of 703687 in 1010.56 - percent 1
	125 of 703687 in 1018.71 - percent 1
	126 of 703687 in 1026.86 - percent 1
	127 of 703687 in 1035.01 - percent 1
	128 of 703687 in 1043.16 - percent 1
	129 of 703687 in 1051.31 - percent 1
	130 of 703687 in 1059.46 - percent 1
	131 of 703687 in 1067.61 - percent 1
	132 of 703687 in 1075.76 - percent 1
	133 of 703687 in 1083.91 - percent 1
	134 of 703687 in 1092.05 - percent 1
	135 of 703687 in 1100.2 - percent 1
	136 of 703687 in 1108.35 - percent 1
	137 of 703687 in 1116.5 - percent 1
	138 of 703687 in 1124.65 - percent 1
	139 of 703687 in 1132.8 - percent 1
	140 of 703687 in 1140.95 - percent 1
	141 of 703687 in 1149.1 - percent 1
	142 of 703687 in 1157.25 - percent 1
	143 of 703687 in 1165.4 - percent 1
	144 of 703687 in 1173.55 - percent 1
	145 of 703687 in 1181.7 - percent 1
	146 of 703687 in 1189.85 - percent 1
	147 of 703687 in 1198 - percent 1
	148 of 703687 in 1206.15 - percent 1
	149 of 703687 in 1214.3 - percent 1
	150 of 703687 in 1222.45 - percent 1
	151 of 703687 in 1230.59 - percent 1
	152 of 703687 in 1238.74 - percent 1
	153 of 703687 in 1246.89 - percent 1
	154 of 703687 in 1255.04 - percent 1
	155 of 703687 in 1263.19 - percent 1
	156 of 703687 in 1271.34 - percent 1
	157 of 703687 in 1279.49 - percent 1
	158 of 703687 in 1287.64 - percent 1
	159 of 703687 in 1295.79 - percent 1
	160 of 703687 in 1303.94 - percent 1
	161 of 703687 in 1312.09 - percent 1
	162 of 703687 in 1320.24 - percent 1
	163 of 703687 in 1328.39 - percent 1
	164 of 703687 in 1336.54 - percent 1
	165 of 703687 in 1344.69 - percent 1
	166 of 703687 in 1352.84 - percent 1
	167 of 703687 in 1360.99 - percent 1
	168 of 703687 in 1369.13 - percent 1
	169 of 703687 in 1377.28 - percent 1
	170 of 703687 in 1385.43 - percent 1
	171 of 703687 in 1393.58 - percent 1
	172 of 703687 in 1401.73 - percent 1
	173 of 703687 in 1409.88 - percent 1
	174 of 703687 in 1418.03 - percent 1
	175 of 703687 in 1426.18 - percent 1
	176 of 703687 in 1434.33 - percent 1
	177 of 703687 in 1442.48 - percent 1
	178 of 703687 in 1450.63 - percent 1
	179 of 703687 in 1458.78 - percent 1
	180 of 703687 in 1466.93 - percent 1
	181 of 703687 in 1475.08 - percent 1
	182 of 703687 in 1483.23 - percent 1
	183 of 703687 in 1491.38 - percent 1
	184 of 703687 in 1499.53 - percent 1
	185 of 703687 in 1507.68 - percent 1
	186 of 703687 in 1515.83 - percent 1
	187 of 703687 in 1523.98 - percent 1
	188 of 703687 in 1532.13 - percent 1
	189 of 703687 in 1540.28 - percent 1
	190 of 703687 in 1548.42 - percent 1
	191 of 703687 in 1556.57 - percent 1
	192 of 703687 in 1564.72 - percent 1
	193 of 703687 in 1572.87 - percent 1
	194 of 703687 in 1581.02 - percent 1
	195 of 703687 in 1589.17 - percent 1
	196 of 703687 in 1597.32 - percent 1
	197 of 703687 in 1605.47 - percent 1
	198 of 703687 in 1613.62 - percent 1
	199 of 703687 in 1621.77 - percent 1
	200 of 703687 in 1629.92 - percent 1
	201 of 703687 in 1638.07 - percent 1
	202 of 703687 in 1646.22 - percent 1
	203 of 703687 in 1654.37 - percent 1
	204 of 703687 in 1662.52 - percent 1
	205 of 703687 in 1670.67 - percent 1
	206 of 703687 in 1678.82 - percent 1
	207 of 703687 in 1686.97 - percent 1
	208 of 703687 in 1695.11 - percent 1
	209 of 703687 in 1703.26 - percent 1
	210 of 703687 in 1711.41 - percent 1
	211 of 703687 in 1719.56 - percent 1
	212 of 703687 in 1727.71 - percent 1
	213 of 703687 in 1735.86 - percent 1
	214 of 703687 in 1744.01 - percent 1
	215 of 703687 in 1752.16 - percent 1
	216 of 703687 in 1760.31 - percent 1
	217 of 703687 in 1768.46 - percent 1
	218 of 703687 in 1776.61 - percent 1
	219 of 703687 in 1784.76 - percent 1
	220 of 703687 in 1792.91 - percent 1
