Number of rows/cols is 47
Number of nnz is    472
#d1 vertices: 0
#d2 vertices: 0
min degree: 5
************************************************************************
Algo is 3
Compress matrix 0
Apply Dulmage-Mendehlson 0
Sorting 0
Single run 0
************************************************************************
Perman: [veni] running with 47 rows:
	5 of 703687 in 24.3529 - percent 0.341102
	8 of 703687 in 37.3911 - percent 0.325477
	9 of 703687 in 42.1207 - percent 0.325822
	11 of 703687 in 51.4288 - percent 0.325496
	13 of 703687 in 59.8234 - percent 0.319563
	14 of 703687 in 64.1455 - percent 0.31762
	15 of 703687 in 68.2359 - percent 0.314706
	16 of 703687 in 72.3973 - percent 0.31245
	19 of 703687 in 85.319 - percent 0.309626
	20 of 703687 in 90.0126 - percent 0.310367
	21 of 703687 in 94.6341 - percent 0.310892
	23 of 703687 in 103.392 - percent 0.30993
	24 of 703687 in 107.648 - percent 0.309019
	25 of 703687 in 111.883 - percent 0.307974
	27 of 703687 in 120.276 - percent 0.305758
	28 of 703687 in 124.705 - percent 0.305354
	29 of 703687 in 129.107 - percent 0.304913
	30 of 703687 in 133.492 - percent 0.304502
	31 of 703687 in 137.653 - percent 0.30357
	32 of 703687 in 141.8 - percent 0.302658
	33 of 703687 in 146.057 - percent 0.302251
	37 of 703687 in 162.838 - percent 0.300073
	41 of 703687 in 180.288 - percent 0.299864
	43 of 703687 in 189.636 - percent 0.300995
	46 of 703687 in 202.474 - percent 0.300325
	47 of 703687 in 206.596 - percent 0.299743
	48 of 703687 in 210.714 - percent 0.299221
	49 of 703687 in 215.17 - percent 0.299164
	54 of 703687 in 236.682 - percent 0.297886
	55 of 703687 in 241.112 - percent 0.297814
	56 of 703687 in 245.511 - percent 0.297695
	57 of 703687 in 250.208 - percent 0.297982
	59 of 703687 in 259.442 - percent 0.298286
	61 of 703687 in 268.262 - percent 0.298085
	62 of 703687 in 272.71 - percent 0.29806
	64 of 703687 in 281.06 - percent 0.29739
	69 of 703687 in 302.192 - percent 0.296466
	70 of 703687 in 306.487 - percent 0.296304
	71 of 703687 in 310.877 - percent 0.296251
	72 of 703687 in 315.226 - percent 0.296144
	73 of 703687 in 319.683 - percent 0.296137
	76 of 703687 in 332.313 - percent 0.295574
	78 of 703687 in 340.907 - percent 0.295454
	79 of 703687 in 345.103 - percent 0.295215
	80 of 703687 in 349.269 - percent 0.294991
	83 of 703687 in 362.147 - percent 0.294832
	85 of 703687 in 371.553 - percent 0.295547
	89 of 703687 in 390.486 - percent 0.296651
	91 of 703687 in 399.024 - percent 0.296314
	93 of 703687 in 407.521 - percent 0.295893
	95 of 703687 in 416.044 - percent 0.295483
	96 of 703687 in 420.341 - percent 0.29536
	97 of 703687 in 424.637 - percent 0.295262
	98 of 703687 in 428.874 - percent 0.295043
	99 of 703687 in 433.053 - percent 0.294747
	100 of 703687 in 437.448 - percent 0.294646
	101 of 703687 in 441.869 - percent 0.294522
	104 of 703687 in 454.76 - percent 0.294031
	107 of 703687 in 467.505 - percent 0.293606
	110 of 703687 in 480.254 - percent 0.293115
	113 of 703687 in 493.692 - percent 0.293021
	119 of 703687 in 520.961 - percent 0.293053
	120 of 703687 in 525.215 - percent 0.292883
	124 of 703687 in 542.807 - percent 0.292597
	127 of 703687 in 555.464 - percent 0.292139
	128 of 703687 in 559.769 - percent 0.29207
	131 of 703687 in 573.7 - percent 0.292495
	132 of 703687 in 578.241 - percent 0.292577
	133 of 703687 in 582.483 - percent 0.292476
	135 of 703687 in 591.058 - percent 0.292341
	137 of 703687 in 599.485 - percent 0.292034
	141 of 703687 in 616.649 - percent 0.291737
	142 of 703687 in 620.929 - percent 0.291601
	147 of 703687 in 642.834 - percent 0.291298
	148 of 703687 in 647.065 - percent 0.291196
	149 of 703687 in 651.389 - percent 0.291142
	150 of 703687 in 655.735 - percent 0.291108
	151 of 703687 in 660.324 - percent 0.291238
	152 of 703687 in 665.095 - percent 0.291417
	153 of 703687 in 669.888 - percent 0.291599
	155 of 703687 in 678.444 - percent 0.291473
	156 of 703687 in 682.73 - percent 0.291435
	157 of 703687 in 686.964 - percent 0.29132
	161 of 703687 in 703.99 - percent 0.291004
	165 of 703687 in 722.445 - percent 0.291412
	169 of 703687 in 740.866 - percent 0.291804
	171 of 703687 in 751.101 - percent 0.292366
	172 of 703687 in 756.249 - percent 0.29269
	175 of 703687 in 771.428 - percent 0.293425
	176 of 703687 in 776.13 - percent 0.293533
	177 of 703687 in 780.893 - percent 0.293674
	179 of 703687 in 789.551 - percent 0.293593
	189 of 703687 in 833.415 - percent 0.293321
	192 of 703687 in 846.828 - percent 0.293363
	193 of 703687 in 851.588 - percent 0.293486
	195 of 703687 in 860.35 - percent 0.293451
	198 of 703687 in 873.038 - percent 0.293137
	199 of 703687 in 877.343 - percent 0.293075
	200 of 703687 in 881.903 - percent 0.293082
	203 of 703687 in 894.895 - percent 0.292844
	204 of 703687 in 899.145 - percent 0.292752
	205 of 703687 in 903.453 - percent 0.292712
	207 of 703687 in 911.995 - percent 0.29259
	209 of 703687 in 920.343 - percent 0.292346
	211 of 703687 in 928.871 - percent 0.292246
	213 of 703687 in 937.856 - percent 0.292292
	217 of 703687 in 955.8 - percent 0.292393
	221 of 703687 in 972.823 - percent 0.292083
	225 of 703687 in 990.133 - percent 0.29182
	226 of 703687 in 994.49 - percent 0.291787
	227 of 703687 in 999.06 - percent 0.291801
	231 of 703687 in 1017.37 - percent 0.291858
	232 of 703687 in 1021.85 - percent 0.291847
	237 of 703687 in 1043.29 - percent 0.291529
	240 of 703687 in 1055.94 - percent 0.291315
	242 of 703687 in 1064.43 - percent 0.291178
	245 of 703687 in 1077.53 - percent 0.291047
	247 of 703687 in 1085.97 - percent 0.29089
	253 of 703687 in 1111.48 - percent 0.290561
	254 of 703687 in 1115.74 - percent 0.290521
	255 of 703687 in 1120 - percent 0.290473
	256 of 703687 in 1124.74 - percent 0.290569
	257 of 703687 in 1129.49 - percent 0.29067
	259 of 703687 in 1139.06 - percent 0.290938
	261 of 703687 in 1148.45 - percent 0.291135
	267 of 703687 in 1174.35 - percent 0.290984
	269 of 703687 in 1183.03 - percent 0.290967
	270 of 703687 in 1187.2 - percent 0.2909
	271 of 703687 in 1191.43 - percent 0.29084
	275 of 703687 in 1209.13 - percent 0.290798
	277 of 703687 in 1217.7 - percent 0.290721
	278 of 703687 in 1221.96 - percent 0.290697
	279 of 703687 in 1226.25 - percent 0.290683
	280 of 703687 in 1230.57 - percent 0.290656
	281 of 703687 in 1234.78 - percent 0.290594
	282 of 703687 in 1239.12 - percent 0.290566
	283 of 703687 in 1243.6 - percent 0.290564
	284 of 703687 in 1248.09 - percent 0.290569
	288 of 703687 in 1266.72 - percent 0.290758
	289 of 703687 in 1271.19 - percent 0.290756
	293 of 703687 in 1288.58 - percent 0.290652
	296 of 703687 in 1301.88 - percent 0.290636
	297 of 703687 in 1306.05 - percent 0.290574
	299 of 703687 in 1314.69 - percent 0.29053
	300 of 703687 in 1318.94 - percent 0.29051
	303 of 703687 in 1332.92 - percent 0.290761
	304 of 703687 in 1337.49 - percent 0.290817
	307 of 703687 in 1350.39 - percent 0.290759
	312 of 703687 in 1371.73 - percent 0.290614
	313 of 703687 in 1375.93 - percent 0.290555
	317 of 703687 in 1393.7 - percent 0.290533
	318 of 703687 in 1397.93 - percent 0.29048
	319 of 703687 in 1402.15 - percent 0.290427
	320 of 703687 in 1406.53 - percent 0.290424
	323 of 703687 in 1419.85 - percent 0.290494
	324 of 703687 in 1424.57 - percent 0.290582
	326 of 703687 in 1433.63 - percent 0.290665
	327 of 703687 in 1437.9 - percent 0.290645
	328 of 703687 in 1442.29 - percent 0.290644
	330 of 703687 in 1450.7 - percent 0.290539
	331 of 703687 in 1455.08 - percent 0.290542
	332 of 703687 in 1459.34 - percent 0.290522
	334 of 703687 in 1468.5 - percent 0.290639
	335 of 703687 in 1473.24 - percent 0.29073
	337 of 703687 in 1482.26 - percent 0.290799
	341 of 703687 in 1501.03 - percent 0.291117
	344 of 703687 in 1516.46 - percent 0.291632
	345 of 703687 in 1521.41 - percent 0.291757
	351 of 703687 in 1549.07 - percent 0.292063
	352 of 703687 in 1553.59 - percent 0.29209
	353 of 703687 in 1558.22 - percent 0.292146
	354 of 703687 in 1562.83 - percent 0.2922
	355 of 703687 in 1567.25 - percent 0.292213
	360 of 703687 in 1588.15 - percent 0.291959
	361 of 703687 in 1592.32 - percent 0.291917
	368 of 703687 in 1623.03 - percent 0.291934
	375 of 703687 in 1652.71 - percent 0.291604
	376 of 703687 in 1656.9 - percent 0.291553
	378 of 703687 in 1665.21 - percent 0.291466
	379 of 703687 in 1669.5 - percent 0.29144
	380 of 703687 in 1673.56 - percent 0.291365
	381 of 703687 in 1677.66 - percent 0.291298
	382 of 703687 in 1681.94 - percent 0.291278
	383 of 703687 in 1686.1 - percent 0.291236
	384 of 703687 in 1690.44 - percent 0.291231
	387 of 703687 in 1704.18 - percent 0.29137
	389 of 703687 in 1712.54 - percent 0.291299
	390 of 703687 in 1716.79 - percent 0.291263
	391 of 703687 in 1720.85 - percent 0.29119
	392 of 703687 in 1725.06 - percent 0.291145
	393 of 703687 in 1729.46 - percent 0.291132
	394 of 703687 in 1733.78 - percent 0.291104
	397 of 703687 in 1746.36 - percent 0.290958
	399 of 703687 in 1755.15 - percent 0.290927
	400 of 703687 in 1759.57 - percent 0.290916
	401 of 703687 in 1764.16 - percent 0.290936
	402 of 703687 in 1768.71 - percent 0.290952
	403 of 703687 in 1773.27 - percent 0.290965
	404 of 703687 in 1777.65 - percent 0.290948
	405 of 703687 in 1782.01 - percent 0.290924
	406 of 703687 in 1786.34 - percent 0.290902
	407 of 703687 in 1790.44 - percent 0.290838
	408 of 703687 in 1794.59 - percent 0.290783
