Number of rows/cols is 47
Number of nnz is    472
#d1 vertices: 0
#d2 vertices: 0
min degree: 5
************************************************************************
Algo is 3
Compress matrix 0
Apply Dulmage-Mendehlson 0
Sorting 3
Single run 0
************************************************************************
Perman: [veni] running with 47 rows:
	1 of 703687 in 7.51193 - percent 0.697604
	2 of 703687 in 14.9751 - percent 0.65437
	3 of 703687 in 23.0885 - percent 0.6593
	4 of 703687 in 28.7559 - percent 0.592002
	5 of 703687 in 35.8273 - percent 0.586864
	6 of 703687 in 42.1541 - percent 0.575272
	12 of 703687 in 75.304 - percent 0.490735
	13 of 703687 in 80.0152 - percent 0.474745
	14 of 703687 in 84.5276 - percent 0.46114
	15 of 703687 in 89.55 - percent 0.44828
	19 of 703687 in 109.489 - percent 0.426325
	20 of 703687 in 114.714 - percent 0.423604
	21 of 703687 in 121.104 - percent 0.428651
	22 of 703687 in 126.854 - percent 0.432288
	23 of 703687 in 130.551 - percent 0.425598
	24 of 703687 in 134.382 - percent 0.417248
	25 of 703687 in 139.283 - percent 0.412438
	26 of 703687 in 144.098 - percent 0.406617
	28 of 703687 in 152.133 - percent 0.394895
	30 of 703687 in 161.384 - percent 0.385001
	34 of 703687 in 179.289 - percent 0.374464
	36 of 703687 in 189.797 - percent 0.370509
	38 of 703687 in 199.709 - percent 0.368325
	43 of 703687 in 226.672 - percent 0.373016
	45 of 703687 in 235.141 - percent 0.369842
	46 of 703687 in 238.746 - percent 0.36699
	47 of 703687 in 243.864 - percent 0.364747
	48 of 703687 in 247.472 - percent 0.361512
	49 of 703687 in 251.28 - percent 0.35907
	50 of 703687 in 256.206 - percent 0.35698
	52 of 703687 in 266.008 - percent 0.353079
	57 of 703687 in 286.896 - percent 0.342784
	60 of 703687 in 298.735 - percent 0.336218
	64 of 703687 in 315.359 - percent 0.329359
	65 of 703687 in 319.948 - percent 0.330144
	66 of 703687 in 324.542 - percent 0.330171
	68 of 703687 in 334.613 - percent 0.328923
	71 of 703687 in 348.59 - percent 0.326145
	72 of 703687 in 353.739 - percent 0.325222
	73 of 703687 in 358.8 - percent 0.324409
	74 of 703687 in 363.761 - percent 0.32364
	75 of 703687 in 367.707 - percent 0.322365
	79 of 703687 in 388.992 - percent 0.323218
	86 of 703687 in 425.658 - percent 0.327412
	89 of 703687 in 436.853 - percent 0.325109
	90 of 703687 in 441.029 - percent 0.323913
	91 of 703687 in 443.952 - percent 0.322207
	92 of 703687 in 446.564 - percent 0.320494
	95 of 703687 in 458.012 - percent 0.316688
	96 of 703687 in 461.605 - percent 0.315526
	97 of 703687 in 464.089 - percent 0.314109
	98 of 703687 in 467.321 - percent 0.312713
	99 of 703687 in 471.036 - percent 0.311542
	100 of 703687 in 474.044 - percent 0.31001
	103 of 703687 in 482.397 - percent 0.305368
	104 of 703687 in 485.94 - percent 0.304233
	109 of 703687 in 501.8 - percent 0.298762
	111 of 703687 in 507.252 - percent 0.296044
	112 of 703687 in 509.663 - percent 0.294582
	114 of 703687 in 514.088 - percent 0.29154
	115 of 703687 in 515.943 - percent 0.289873
	116 of 703687 in 518.306 - percent 0.28848
	117 of 703687 in 520.581 - percent 0.287093
	120 of 703687 in 528.832 - percent 0.283763
	121 of 703687 in 532.078 - percent 0.282872
	123 of 703687 in 537.389 - percent 0.280577
	124 of 703687 in 539.906 - percent 0.279457
	125 of 703687 in 542.769 - percent 0.27847
	126 of 703687 in 546.202 - percent 0.277687
	127 of 703687 in 549.026 - percent 0.276754
	128 of 703687 in 552.18 - percent 0.27597
	129 of 703687 in 554.849 - percent 0.275477
	132 of 703687 in 565.887 - percent 0.275057
	136 of 703687 in 579.719 - percent 0.272769
	140 of 703687 in 593.232 - percent 0.270585
	141 of 703687 in 596.031 - percent 0.269758
	144 of 703687 in 604.665 - percent 0.267357
	147 of 703687 in 613.309 - percent 0.265144
	148 of 703687 in 616.408 - percent 0.264538
	149 of 703687 in 619.995 - percent 0.264069
	151 of 703687 in 626.162 - percent 0.263703
	153 of 703687 in 633.516 - percent 0.263466
	158 of 703687 in 650.994 - percent 0.261349
	166 of 703687 in 680.246 - percent 0.259555
	167 of 703687 in 683.951 - percent 0.259778
	170 of 703687 in 697.925 - percent 0.260936
	171 of 703687 in 703.226 - percent 0.261838
	172 of 703687 in 709.304 - percent 0.263538
	177 of 703687 in 731.721 - percent 0.264455
	178 of 703687 in 734.421 - percent 0.263977
	179 of 703687 in 738.016 - percent 0.263448
	180 of 703687 in 741.595 - percent 0.263028
	182 of 703687 in 748.599 - percent 0.262398
	183 of 703687 in 751.769 - percent 0.262226
	189 of 703687 in 769.132 - percent 0.258557
	192 of 703687 in 779.796 - percent 0.257499
	197 of 703687 in 793.92 - percent 0.255222
	199 of 703687 in 798.959 - percent 0.253936
	202 of 703687 in 806.364 - percent 0.251942
	204 of 703687 in 811.142 - percent 0.250652
	206 of 703687 in 817.281 - percent 0.24986
	207 of 703687 in 820.324 - percent 0.249389
	208 of 703687 in 823.912 - percent 0.248989
	213 of 703687 in 839.441 - percent 0.247034
	214 of 703687 in 842.3 - percent 0.246709
	218 of 703687 in 853.575 - percent 0.245279
	221 of 703687 in 861.174 - percent 0.243633
	222 of 703687 in 863.492 - percent 0.243035
	223 of 703687 in 865.903 - percent 0.242459
	224 of 703687 in 869.133 - percent 0.242062
	225 of 703687 in 871.86 - percent 0.241594
	226 of 703687 in 873.944 - percent 0.241015
	227 of 703687 in 876.063 - percent 0.24043
	228 of 703687 in 878.139 - percent 0.239815
	229 of 703687 in 880.019 - percent 0.239171
	230 of 703687 in 881.697 - percent 0.238486
	231 of 703687 in 883.457 - percent 0.237831
	233 of 703687 in 887.926 - percent 0.236735
	246 of 703687 in 923.986 - percent 0.231543
	250 of 703687 in 936.133 - percent 0.230361
	253 of 703687 in 944.716 - percent 0.229336
	254 of 703687 in 947.73 - percent 0.229007
	255 of 703687 in 951.211 - percent 0.22874
	256 of 703687 in 954.815 - percent 0.228644
	257 of 703687 in 957.807 - percent 0.228475
	258 of 703687 in 962.323 - percent 0.228995
	259 of 703687 in 968.492 - percent 0.229792
	260 of 703687 in 973.141 - percent 0.230003
	264 of 703687 in 991.566 - percent 0.230541
	265 of 703687 in 996.298 - percent 0.230486
	272 of 703687 in 1027.82 - percent 0.230728
	279 of 703687 in 1058.13 - percent 0.230675
	280 of 703687 in 1061.23 - percent 0.230657
	281 of 703687 in 1064.78 - percent 0.230464
	282 of 703687 in 1068.11 - percent 0.23023
	283 of 703687 in 1072.7 - percent 0.230157
	284 of 703687 in 1076.45 - percent 0.229971
	287 of 703687 in 1087.3 - percent 0.229354
	289 of 703687 in 1095.24 - percent 0.229065
	290 of 703687 in 1098.58 - percent 0.228913
	298 of 703687 in 1130.58 - percent 0.228035
	300 of 703687 in 1137.4 - percent 0.227845
	301 of 703687 in 1142.29 - percent 0.228403
	302 of 703687 in 1147.99 - percent 0.229029
	303 of 703687 in 1152.41 - percent 0.229183
	304 of 703687 in 1157.46 - percent 0.229504
	305 of 703687 in 1162.01 - percent 0.229559
	307 of 703687 in 1171 - percent 0.229854
	309 of 703687 in 1180.28 - percent 0.229867
	310 of 703687 in 1184.5 - percent 0.229799
	313 of 703687 in 1196.23 - percent 0.229963
	316 of 703687 in 1209.17 - percent 0.229691
	329 of 703687 in 1265.09 - percent 0.230977
	330 of 703687 in 1270.44 - percent 0.230988
	331 of 703687 in 1273.96 - percent 0.230925
	332 of 703687 in 1278.1 - percent 0.230923
	334 of 703687 in 1289.21 - percent 0.231855
	335 of 703687 in 1294.76 - percent 0.232213
	343 of 703687 in 1343.66 - percent 0.235847
	516 of 703687 in 1351.1 - percent 0.157958
	517 of 703687 in 1356.08 - percent 0.158367
	526 of 703687 in 1388.89 - percent 0.159392
	528 of 703687 in 1394.44 - percent 0.15939
	531 of 703687 in 1403.26 - percent 0.159288
	532 of 703687 in 1405.61 - percent 0.159257
	536 of 703687 in 1418.61 - percent 0.159413
	537 of 703687 in 1422.01 - percent 0.159603
	539 of 703687 in 1426.7 - percent 0.159485
	541 of 703687 in 1432.38 - percent 0.159419
	543 of 703687 in 1437.22 - percent 0.159286
	544 of 703687 in 1439.5 - percent 0.159195
	551 of 703687 in 1458.7 - percent 0.158952
	553 of 703687 in 1464.52 - percent 0.158897
	557 of 703687 in 1476.98 - percent 0.158986
	558 of 703687 in 1479.89 - percent 0.159078
	559 of 703687 in 1482.62 - percent 0.159175
	560 of 703687 in 1485.04 - percent 0.159121
	561 of 703687 in 1487.86 - percent 0.159087
	562 of 703687 in 1490.66 - percent 0.159048
	564 of 703687 in 1495.43 - percent 0.158908
	566 of 703687 in 1500.14 - percent 0.158745
	569 of 703687 in 1508.06 - percent 0.158591
	570 of 703687 in 1510.09 - percent 0.158504
	572 of 703687 in 1514.2 - percent 0.158307
	573 of 703687 in 1515.86 - percent 0.158169
	576 of 703687 in 1521.77 - percent 0.157857
	577 of 703687 in 1523.93 - percent 0.157762
	578 of 703687 in 1526.37 - percent 0.157705
	579 of 703687 in 1528.76 - percent 0.157641
	582 of 703687 in 1536.48 - percent 0.157572
	583 of 703687 in 1539.49 - percent 0.157561
	586 of 703687 in 1547.65 - percent 0.15744
	588 of 703687 in 1552.42 - percent 0.15729
	592 of 703687 in 1563.43 - percent 0.157209
	593 of 703687 in 1567.39 - percent 0.157257
	595 of 703687 in 1573.53 - percent 0.157221
	596 of 703687 in 1576.04 - percent 0.157179
	601 of 703687 in 1591.36 - percent 0.157339
	602 of 703687 in 1596.92 - percent 0.157821
	604 of 703687 in 1607.38 - percent 0.158462
	606 of 703687 in 1615.32 - percent 0.158665
	608 of 703687 in 1623.43 - percent 0.158944
	609 of 703687 in 1628.55 - percent 0.159054
	610 of 703687 in 1632.31 - percent 0.159149
	611 of 703687 in 1636.81 - percent 0.159295
	612 of 703687 in 1641.66 - percent 0.159545
	619 of 703687 in 1670.22 - percent 0.160058
	626 of 703687 in 1697.31 - percent 0.160714
	627 of 703687 in 1701.09 - percent 0.160743
	629 of 703687 in 1708.1 - percent 0.160779
	632 of 703687 in 1719.14 - percent 0.160831
	634 of 703687 in 1725.8 - percent 0.160892
	635 of 703687 in 1728.97 - percent 0.160904
	636 of 703687 in 1733.65 - percent 0.160989
	637 of 703687 in 1737.8 - percent 0.161048
	638 of 703687 in 1742.06 - percent 0.161099
	639 of 703687 in 1745.67 - percent 0.161149
	642 of 703687 in 1756.27 - percent 0.161267
	643 of 703687 in 1759.85 - percent 0.161325
	644 of 703687 in 1763.19 - percent 0.161437
	645 of 703687 in 1768.84 - percent 0.161895
