Number of rows/cols is 47
Number of nnz is    472
#d1 vertices: 0
#d2 vertices: 0
min degree: 5
************************************************************************
Algo is 2
Compress matrix 0
Apply Dulmage-Mendehlson 0
Sorting 1
Single run 0
************************************************************************
Perman: [veni] running with 47 rows:
1 of 703687 in 6.48016 - percent 0.657823
2 of 703687 in 11.739 - percent 0.540105
3 of 703687 in 17.4037 - percent 0.523659
4 of 703687 in 21.9555 - percent 0.456152
5 of 703687 in 26.9149 - percent 0.438984
6 of 703687 in 32.2296 - percent 0.438044
7 of 703687 in 36.4163 - percent 0.405016
8 of 703687 in 40.7465 - percent 0.378653
9 of 703687 in 45.359 - percent 0.367625
10 of 703687 in 49.773 - percent 0.357606
11 of 703687 in 55.3778 - percent 0.369848
12 of 703687 in 59.8892 - percent 0.360364
13 of 703687 in 64.184 - percent 0.346826
14 of 703687 in 68.5646 - percent 0.336278
15 of 703687 in 72.8433 - percent 0.325315
16 of 703687 in 77.0437 - percent 0.316269
17 of 703687 in 81.625 - percent 0.314366
18 of 703687 in 85.8856 - percent 0.30777
19 of 703687 in 90.3508 - percent 0.303804
20 of 703687 in 94.8543 - percent 0.300607
21 of 703687 in 99.8864 - percent 0.304079
22 of 703687 in 105.586 - percent 0.313399
23 of 703687 in 109.936 - percent 0.310942
24 of 703687 in 113.928 - percent 0.304325
25 of 703687 in 117.883 - percent 0.297719
26 of 703687 in 121.668 - percent 0.290572
27 of 703687 in 125.716 - percent 0.287032
28 of 703687 in 129.425 - percent 0.280122
29 of 703687 in 133.216 - percent 0.273376
30 of 703687 in 137.114 - percent 0.268068
31 of 703687 in 140.954 - percent 0.262998
32 of 703687 in 144.932 - percent 0.259935
33 of 703687 in 149.942 - percent 0.263976
34 of 703687 in 153.762 - percent 0.261067
35 of 703687 in 157.855 - percent 0.259139
36 of 703687 in 161.67 - percent 0.25478
37 of 703687 in 165.429 - percent 0.251589
38 of 703687 in 170.179 - percent 0.253878
39 of 703687 in 174.478 - percent 0.254008
40 of 703687 in 178.513 - percent 0.251747
41 of 703687 in 183.584 - percent 0.255117
42 of 703687 in 188.28 - percent 0.256889
43 of 703687 in 194.338 - percent 0.264642
44 of 703687 in 198.558 - percent 0.265004
45 of 703687 in 202.053 - percent 0.261989
46 of 703687 in 205.717 - percent 0.259656
47 of 703687 in 209.132 - percent 0.255576
48 of 703687 in 212.498 - percent 0.252391
49 of 703687 in 215.998 - percent 0.249949
50 of 703687 in 219.291 - percent 0.246213
51 of 703687 in 222.746 - percent 0.242495
52 of 703687 in 226.144 - percent 0.239272
53 of 703687 in 229.391 - percent 0.236289
54 of 703687 in 232.985 - percent 0.234858
55 of 703687 in 236.308 - percent 0.231732
56 of 703687 in 239.802 - percent 0.228602
57 of 703687 in 243.301 - percent 0.225654
58 of 703687 in 246.781 - percent 0.222702
59 of 703687 in 250.156 - percent 0.219808
60 of 703687 in 253.538 - percent 0.217484
61 of 703687 in 256.953 - percent 0.214909
62 of 703687 in 260.451 - percent 0.212672
63 of 703687 in 263.871 - percent 0.210266
64 of 703687 in 267.279 - percent 0.208588
65 of 703687 in 271.618 - percent 0.209731
66 of 703687 in 275.707 - percent 0.209798
67 of 703687 in 279.603 - percent 0.20881
68 of 703687 in 283.517 - percent 0.207768
69 of 703687 in 287.345 - percent 0.20672
70 of 703687 in 291.265 - percent 0.206313
71 of 703687 in 294.972 - percent 0.20489
72 of 703687 in 298.737 - percent 0.203352
73 of 703687 in 302.675 - percent 0.202403
74 of 703687 in 306.554 - percent 0.201486
75 of 703687 in 310.423 - percent 0.200838
76 of 703687 in 314.881 - percent 0.202159
77 of 703687 in 318.595 - percent 0.201448
78 of 703687 in 322.556 - percent 0.201158
79 of 703687 in 326.375 - percent 0.200036
80 of 703687 in 330.171 - percent 0.199436
81 of 703687 in 334.468 - percent 0.200258
82 of 703687 in 338.474 - percent 0.200393
83 of 703687 in 342.417 - percent 0.199836
84 of 703687 in 346.967 - percent 0.201068
85 of 703687 in 351.198 - percent 0.201715
86 of 703687 in 356.845 - percent 0.205402
87 of 703687 in 361.756 - percent 0.206946
88 of 703687 in 366.059 - percent 0.206879
89 of 703687 in 370.556 - percent 0.207076
90 of 703687 in 374.658 - percent 0.206112
91 of 703687 in 378.714 - percent 0.20557
92 of 703687 in 382.995 - percent 0.2055
93 of 703687 in 386.922 - percent 0.204333
94 of 703687 in 391.043 - percent 0.203251
95 of 703687 in 395.113 - percent 0.202272
96 of 703687 in 399.091 - percent 0.201617
97 of 703687 in 403.522 - percent 0.201954
98 of 703687 in 407.516 - percent 0.201021
99 of 703687 in 411.441 - percent 0.199711
100 of 703687 in 415.465 - percent 0.198654
101 of 703687 in 419.335 - percent 0.197386
102 of 703687 in 423.226 - percent 0.196327
103 of 703687 in 427.063 - percent 0.195456
104 of 703687 in 430.984 - percent 0.194494
105 of 703687 in 435.012 - percent 0.193775
106 of 703687 in 438.945 - percent 0.192873
107 of 703687 in 443.023 - percent 0.192534
108 of 703687 in 447.224 - percent 0.192629
109 of 703687 in 450.873 - percent 0.191517
110 of 703687 in 454.515 - percent 0.190234
111 of 703687 in 458.181 - percent 0.188962
112 of 703687 in 461.806 - percent 0.187679
113 of 703687 in 465.379 - percent 0.186575
114 of 703687 in 468.988 - percent 0.185248
115 of 703687 in 472.707 - percent 0.18399
116 of 703687 in 476.464 - percent 0.182789
117 of 703687 in 480.161 - percent 0.181627
118 of 703687 in 483.793 - percent 0.18049
119 of 703687 in 487.58 - percent 0.18003
120 of 703687 in 491.177 - percent 0.179033
121 of 703687 in 494.916 - percent 0.178096
122 of 703687 in 498.709 - percent 0.176924
123 of 703687 in 502.315 - percent 0.175909
124 of 703687 in 506.069 - percent 0.175427
125 of 703687 in 509.66 - percent 0.174625
126 of 703687 in 513.396 - percent 0.173606
127 of 703687 in 517.286 - percent 0.173221
128 of 703687 in 521.003 - percent 0.172722
129 of 703687 in 525.7 - percent 0.173898
130 of 703687 in 530.824 - percent 0.175511
131 of 703687 in 535.469 - percent 0.176132
132 of 703687 in 540.316 - percent 0.176956
133 of 703687 in 544.498 - percent 0.176611
134 of 703687 in 548.804 - percent 0.176818
135 of 703687 in 553.367 - percent 0.177309
136 of 703687 in 557.317 - percent 0.176617
137 of 703687 in 561.523 - percent 0.176122
138 of 703687 in 565.687 - percent 0.175712
139 of 703687 in 569.882 - percent 0.175713
140 of 703687 in 574.658 - percent 0.176538
141 of 703687 in 578.708 - percent 0.176077
142 of 703687 in 582.678 - percent 0.175271
143 of 703687 in 586.713 - percent 0.174593
144 of 703687 in 590.658 - percent 0.173807
145 of 703687 in 594.621 - percent 0.173253
146 of 703687 in 598.547 - percent 0.172858
147 of 703687 in 602.486 - percent 0.172238
148 of 703687 in 606.632 - percent 0.171971
149 of 703687 in 610.618 - percent 0.171504
150 of 703687 in 614.925 - percent 0.171686
151 of 703687 in 620.183 - percent 0.173153
152 of 703687 in 624.829 - percent 0.173579
153 of 703687 in 629.252 - percent 0.173663
154 of 703687 in 633.428 - percent 0.173357
155 of 703687 in 637.703 - percent 0.1732
156 of 703687 in 642.167 - percent 0.173476
157 of 703687 in 646.327 - percent 0.173129
158 of 703687 in 650.56 - percent 0.172711
159 of 703687 in 654.989 - percent 0.172564
160 of 703687 in 659.333 - percent 0.172387
161 of 703687 in 663.881 - percent 0.172587
162 of 703687 in 669.061 - percent 0.173751
163 of 703687 in 673.529 - percent 0.173917
164 of 703687 in 678.204 - percent 0.174225
165 of 703687 in 682.59 - percent 0.173919
166 of 703687 in 686.961 - percent 0.173928
167 of 703687 in 692.122 - percent 0.175067
168 of 703687 in 696.727 - percent 0.175484
169 of 703687 in 701.318 - percent 0.175609
170 of 703687 in 706.545 - percent 0.176689
171 of 703687 in 711.732 - percent 0.177786
172 of 703687 in 717.51 - percent 0.179752
173 of 703687 in 722.259 - percent 0.180445
174 of 703687 in 726.94 - percent 0.180733
175 of 703687 in 731.746 - percent 0.181107
176 of 703687 in 736.132 - percent 0.180882
177 of 703687 in 740.505 - percent 0.180946
178 of 703687 in 745.086 - percent 0.181102
179 of 703687 in 749.222 - percent 0.180607
180 of 703687 in 753.712 - percent 0.180304
181 of 703687 in 758.119 - percent 0.180004
182 of 703687 in 762.473 - percent 0.180007
183 of 703687 in 767.16 - percent 0.18038
184 of 703687 in 771.497 - percent 0.180074
185 of 703687 in 775.815 - percent 0.179529
186 of 703687 in 780.187 - percent 0.179069
187 of 703687 in 784.408 - percent 0.178551
188 of 703687 in 788.695 - percent 0.178206
189 of 703687 in 792.88 - percent 0.177899
190 of 703687 in 797.108 - percent 0.177468
191 of 703687 in 801.56 - percent 0.177289
192 of 703687 in 805.905 - percent 0.177014
193 of 703687 in 810.398 - percent 0.177113
194 of 703687 in 815.033 - percent 0.17752
195 of 703687 in 819.226 - percent 0.177207
196 of 703687 in 823.384 - percent 0.176804
197 of 703687 in 827.416 - percent 0.176153
198 of 703687 in 831.39 - percent 0.175578
199 of 703687 in 835.485 - percent 0.175237
200 of 703687 in 839.446 - percent 0.17459
201 of 703687 in 843.496 - percent 0.173875
202 of 703687 in 847.692 - percent 0.173324
203 of 703687 in 851.784 - percent 0.172763
204 of 703687 in 855.981 - percent 0.172438
205 of 703687 in 860.359 - percent 0.172563
206 of 703687 in 864.358 - percent 0.172148
207 of 703687 in 868.598 - percent 0.171861
208 of 703687 in 872.755 - percent 0.171265
209 of 703687 in 876.724 - percent 0.170817
210 of 703687 in 881.117 - percent 0.170989
211 of 703687 in 885.14 - percent 0.170731
212 of 703687 in 889.393 - percent 0.170401
213 of 703687 in 893.94 - percent 0.170575
214 of 703687 in 898.263 - percent 0.170701
215 of 703687 in 903.074 - percent 0.171474
216 of 703687 in 906.921 - percent 0.171278
217 of 703687 in 910.767 - percent 0.170824
218 of 703687 in 914.699 - percent 0.170428
219 of 703687 in 918.471 - percent 0.169844
220 of 703687 in 922.165 - percent 0.169371
221 of 703687 in 925.948 - percent 0.168885
222 of 703687 in 929.674 - percent 0.168273
223 of 703687 in 933.596 - percent 0.167699
224 of 703687 in 937.467 - percent 0.167099
225 of 703687 in 941.13 - percent 0.166621
226 of 703687 in 944.913 - percent 0.166244
227 of 703687 in 948.706 - percent 0.16567
228 of 703687 in 952.637 - percent 0.165051
229 of 703687 in 956.552 - percent 0.164467
230 of 703687 in 960.346 - percent 0.163878
231 of 703687 in 964.135 - percent 0.163328
232 of 703687 in 967.841 - percent 0.162767
233 of 703687 in 971.635 - percent 0.162214
234 of 703687 in 975.524 - percent 0.161707
235 of 703687 in 979.361 - percent 0.161198
236 of 703687 in 983.111 - percent 0.160754
237 of 703687 in 987.32 - percent 0.160784
238 of 703687 in 991.412 - percent 0.160523
239 of 703687 in 995.487 - percent 0.160214
240 of 703687 in 999.448 - percent 0.159758
241 of 703687 in 1003.38 - percent 0.159381
242 of 703687 in 1007.41 - percent 0.159109
243 of 703687 in 1011.31 - percent 0.15868
244 of 703687 in 1015.25 - percent 0.15817
245 of 703687 in 1019.38 - percent 0.157806
246 of 703687 in 1023.41 - percent 0.157439
247 of 703687 in 1027.52 - percent 0.157209
248 of 703687 in 1031.65 - percent 0.15716
249 of 703687 in 1035.6 - percent 0.156861
250 of 703687 in 1039.74 - percent 0.156615
251 of 703687 in 1043.82 - percent 0.156213
252 of 703687 in 1047.74 - percent 0.155884
253 of 703687 in 1051.94 - percent 0.155926
254 of 703687 in 1055.85 - percent 0.155679
255 of 703687 in 1060.02 - percent 0.15542
256 of 703687 in 1064.34 - percent 0.155423
257 of 703687 in 1068.47 - percent 0.155448
258 of 703687 in 1073.45 - percent 0.156269
259 of 703687 in 1078.04 - percent 0.156845
260 of 703687 in 1082.19 - percent 0.156936
261 of 703687 in 1086.48 - percent 0.157127
262 of 703687 in 1090.31 - percent 0.157
263 of 703687 in 1094.38 - percent 0.15712
264 of 703687 in 1098.35 - percent 0.157098
265 of 703687 in 1102.01 - percent 0.156825
266 of 703687 in 1106 - percent 0.156688
267 of 703687 in 1109.85 - percent 0.156478
268 of 703687 in 1113.75 - percent 0.156493
269 of 703687 in 1117.9 - percent 0.156654
270 of 703687 in 1121.79 - percent 0.156507
271 of 703687 in 1125.71 - percent 0.156205
272 of 703687 in 1129.72 - percent 0.15594
273 of 703687 in 1133.43 - percent 0.155624
274 of 703687 in 1137.41 - percent 0.155513
275 of 703687 in 1141.16 - percent 0.155277
276 of 703687 in 1145.07 - percent 0.155045
277 of 703687 in 1149.15 - percent 0.154949
278 of 703687 in 1153.18 - percent 0.154867
279 of 703687 in 1157.26 - percent 0.154922
280 of 703687 in 1161.2 - percent 0.15498
281 of 703687 in 1164.74 - percent 0.15465
282 of 703687 in 1168.41 - percent 0.154328
283 of 703687 in 1172.12 - percent 0.15392
284 of 703687 in 1175.63 - percent 0.153554
285 of 703687 in 1179.18 - percent 0.153228
286 of 703687 in 1182.71 - percent 0.152831
287 of 703687 in 1186.47 - percent 0.152423
288 of 703687 in 1190.16 - percent 0.152056
289 of 703687 in 1193.7 - percent 0.151686
290 of 703687 in 1197.32 - percent 0.151453
291 of 703687 in 1200.8 - percent 0.151247
292 of 703687 in 1204.27 - percent 0.15093
293 of 703687 in 1207.82 - percent 0.150623
294 of 703687 in 1211.4 - percent 0.150254
295 of 703687 in 1214.83 - percent 0.149916
296 of 703687 in 1218.45 - percent 0.149828
297 of 703687 in 1221.8 - percent 0.149523
298 of 703687 in 1225.45 - percent 0.149258
299 of 703687 in 1229.16 - percent 0.149119
300 of 703687 in 1232.75 - percent 0.149053
301 of 703687 in 1237.64 - percent 0.149831
302 of 703687 in 1242.54 - percent 0.150545
303 of 703687 in 1246.96 - percent 0.150787
304 of 703687 in 1251.56 - percent 0.151141
305 of 703687 in 1255.43 - percent 0.151057
306 of 703687 in 1259.89 - percent 0.151415
307 of 703687 in 1263.98 - percent 0.15145
308 of 703687 in 1267.68 - percent 0.1512
309 of 703687 in 1271.72 - percent 0.151123
310 of 703687 in 1275.66 - percent 0.150987
311 of 703687 in 1279.79 - percent 0.151144
312 of 703687 in 1284.27 - percent 0.151477
313 of 703687 in 1288.15 - percent 0.151324
314 of 703687 in 1292.14 - percent 0.15107
315 of 703687 in 1296.17 - percent 0.150801
316 of 703687 in 1299.95 - percent 0.150517
317 of 703687 in 1304 - percent 0.150456
318 of 703687 in 1307.84 - percent 0.150298
319 of 703687 in 1311.78 - percent 0.15006
320 of 703687 in 1315.98 - percent 0.150052
321 of 703687 in 1320.09 - percent 0.150026
322 of 703687 in 1324.54 - percent 0.150303
323 of 703687 in 1329.82 - percent 0.151061
324 of 703687 in 1334.24 - percent 0.151231
325 of 703687 in 1338.89 - percent 0.151479
326 of 703687 in 1343.11 - percent 0.151365
327 of 703687 in 1347.34 - percent 0.151413
328 of 703687 in 1351.76 - percent 0.151575
329 of 703687 in 1355.95 - percent 0.151534
330 of 703687 in 1360.18 - percent 0.151362
331 of 703687 in 1364.57 - percent 0.151371
332 of 703687 in 1368.73 - percent 0.151332
333 of 703687 in 1373.51 - percent 0.15173
334 of 703687 in 1378.19 - percent 0.152164
335 of 703687 in 1382.47 - percent 0.152268
336 of 703687 in 1386.89 - percent 0.152414
337 of 703687 in 1391.1 - percent 0.152381
338 of 703687 in 1395.3 - percent 0.152461
339 of 703687 in 1400.34 - percent 0.153089
340 of 703687 in 1404.5 - percent 0.153206
341 of 703687 in 1409.29 - percent 0.153541
342 of 703687 in 1414.32 - percent 0.15407
343 of 703687 in 1419.34 - percent 0.154716
344 of 703687 in 1423.82 - percent 0.155204
345 of 703687 in 1426.58 - percent 0.154754
346 of 703687 in 1429.77 - percent 0.154307
347 of 703687 in 1432.99 - percent 0.153862
348 of 703687 in 1436.26 - percent 0.15342
349 of 703687 in 1439.26 - percent 0.15298
350 of 703687 in 1442.54 - percent 0.152543
351 of 703687 in 1445.9 - percent 0.152109
352 of 703687 in 1449.22 - percent 0.151676
353 of 703687 in 1452.54 - percent 0.151247
354 of 703687 in 1455.53 - percent 0.150819
355 of 703687 in 1458.6 - percent 0.150395
356 of 703687 in 1461.98 - percent 0.149972
357 of 703687 in 1465.64 - percent 0.149552
358 of 703687 in 1469.44 - percent 0.149134
359 of 703687 in 1472.97 - percent 0.148719
360 of 703687 in 1476.41 - percent 0.148306
361 of 703687 in 1479.85 - percent 0.147895
362 of 703687 in 1483.62 - percent 0.147486
363 of 703687 in 1487.13 - percent 0.14708
364 of 703687 in 1490.56 - percent 0.146676
365 of 703687 in 1493.69 - percent 0.146274
366 of 703687 in 1496.74 - percent 0.145875
367 of 703687 in 1500.14 - percent 0.145477
368 of 703687 in 1503.66 - percent 0.145082
369 of 703687 in 1507.51 - percent 0.144689
370 of 703687 in 1510.98 - percent 0.144298
371 of 703687 in 1514.4 - percent 0.143909
372 of 703687 in 1517.97 - percent 0.143522
373 of 703687 in 1521.81 - percent 0.143137
374 of 703687 in 1525.45 - percent 0.142754
375 of 703687 in 1528.91 - percent 0.142374
376 of 703687 in 1532.1 - percent 0.141995
377 of 703687 in 1535.1 - percent 0.141618
378 of 703687 in 1538.37 - percent 0.141244
379 of 703687 in 1541.69 - percent 0.140871
380 of 703687 in 1545.16 - percent 0.1405
381 of 703687 in 1548.48 - percent 0.140131
382 of 703687 in 1551.47 - percent 0.139765
383 of 703687 in 1554.69 - percent 0.1394
384 of 703687 in 1558.05 - percent 0.139037
385 of 703687 in 1561.25 - percent 0.138676
386 of 703687 in 1564.07 - percent 0.138316
387 of 703687 in 1566.67 - percent 0.137959
388 of 703687 in 1569.56 - percent 0.137603
389 of 703687 in 1572.87 - percent 0.13725
390 of 703687 in 1576.21 - percent 0.136898
391 of 703687 in 1579.47 - percent 0.136548
392 of 703687 in 1582.58 - percent 0.136199
393 of 703687 in 1585.91 - percent 0.135853
394 of 703687 in 1589.24 - percent 0.135508
395 of 703687 in 1592.58 - percent 0.135165
396 of 703687 in 1595.88 - percent 0.134823
397 of 703687 in 1598.96 - percent 0.134484
398 of 703687 in 1602.13 - percent 0.134146
399 of 703687 in 1605.5 - percent 0.13381
400 of 703687 in 1609.08 - percent 0.133475
401 of 703687 in 1612.8 - percent 0.133142
402 of 703687 in 1616.24 - percent 0.132811
403 of 703687 in 1619.68 - percent 0.132482
404 of 703687 in 1623.14 - percent 0.132154
405 of 703687 in 1626.88 - percent 0.131827
406 of 703687 in 1630.42 - percent 0.131503
407 of 703687 in 1633.84 - percent 0.13118
408 of 703687 in 1637.06 - percent 0.130858
409 of 703687 in 1640.22 - percent 0.130538
410 of 703687 in 1643.6 - percent 0.13022
411 of 703687 in 1647.11 - percent 0.129903
412 of 703687 in 1650.84 - percent 0.129588
413 of 703687 in 1654.26 - percent 0.129274
414 of 703687 in 1657.66 - percent 0.128962
415 of 703687 in 1661.09 - percent 0.128651
416 of 703687 in 1664.79 - percent 0.128342
417 of 703687 in 1668.36 - percent 0.128034
418 of 703687 in 1671.71 - percent 0.127728
419 of 703687 in 1674.88 - percent 0.127423
420 of 703687 in 1677.93 - percent 0.127119
421 of 703687 in 1681.18 - percent 0.126817
422 of 703687 in 1684.49 - percent 0.126517
423 of 703687 in 1687.82 - percent 0.126218
424 of 703687 in 1691.11 - percent 0.12592
425 of 703687 in 1694.18 - percent 0.125624
426 of 703687 in 1697.4 - percent 0.125329
427 of 703687 in 1700.74 - percent 0.125035
428 of 703687 in 1704.01 - percent 0.124743
429 of 703687 in 1706.89 - percent 0.124452
430 of 703687 in 1709.64 - percent 0.124163
431 of 703687 in 1712.78 - percent 0.123875
432 of 703687 in 1716.34 - percent 0.123588
433 of 703687 in 1719.97 - percent 0.123303
434 of 703687 in 1723.49 - percent 0.123019
435 of 703687 in 1726.81 - percent 0.122736
436 of 703687 in 1730.39 - percent 0.122454
437 of 703687 in 1734.04 - percent 0.122174
438 of 703687 in 1737.67 - percent 0.121895
439 of 703687 in 1741.23 - percent 0.121618
440 of 703687 in 1744.58 - percent 0.121341
441 of 703687 in 1748.03 - percent 0.121066
442 of 703687 in 1751.7 - percent 0.120792
443 of 703687 in 1755.49 - percent 0.120519
444 of 703687 in 1759.3 - percent 0.120248
445 of 703687 in 1762.96 - percent 0.119978
446 of 703687 in 1766.6 - percent 0.119709
447 of 703687 in 1770.22 - percent 0.119441
448 of 703687 in 1774.04 - percent 0.119174
449 of 703687 in 1777.77 - percent 0.118909
450 of 703687 in 1781.42 - percent 0.118645
451 of 703687 in 1784.82 - percent 0.118382
452 of 703687 in 1788.3 - percent 0.11812
453 of 703687 in 1791.98 - percent 0.117859
454 of 703687 in 1795.75 - percent 0.117599
455 of 703687 in 1799.59 - percent 0.117341
