Number of rows/cols is 47
Number of nnz is    472
#d1 vertices: 0
#d2 vertices: 0
min degree: 5
************************************************************************
Algo is 2
Compress matrix 0
Apply Dulmage-Mendehlson 0
Sorting 3
Single run 0
************************************************************************
Perman: [veni] running with 47 rows:
1 of 703687 in 6.02977 - percent 0.612994
2 of 703687 in 11.5335 - percent 0.55559
3 of 703687 in 17.2937 - percent 0.552673
4 of 703687 in 21.8804 - percent 0.482751
5 of 703687 in 27.2198 - percent 0.476945
6 of 703687 in 32.2517 - percent 0.466775
7 of 703687 in 36.4703 - percent 0.430492
8 of 703687 in 40.6417 - percent 0.39657
9 of 703687 in 45.6014 - percent 0.392575
10 of 703687 in 50.521 - percent 0.389809
11 of 703687 in 55.9208 - percent 0.399345
12 of 703687 in 60.0476 - percent 0.384478
13 of 703687 in 64.1346 - percent 0.367971
14 of 703687 in 68.277 - percent 0.354597
15 of 703687 in 72.3909 - percent 0.339749
16 of 703687 in 76.1872 - percent 0.326188
17 of 703687 in 80.9892 - percent 0.327722
18 of 703687 in 85.3185 - percent 0.321362
19 of 703687 in 89.8677 - percent 0.31944
20 of 703687 in 94.3155 - percent 0.317124
21 of 703687 in 99.4741 - percent 0.322941
22 of 703687 in 104.561 - percent 0.328341
23 of 703687 in 108.459 - percent 0.323478
24 of 703687 in 112.19 - percent 0.315654
25 of 703687 in 116.288 - percent 0.310452
26 of 703687 in 120.257 - percent 0.303807
27 of 703687 in 124.105 - percent 0.299404
28 of 703687 in 127.973 - percent 0.292742
29 of 703687 in 132.057 - percent 0.286731
30 of 703687 in 135.998 - percent 0.281459
31 of 703687 in 139.9 - percent 0.276662
32 of 703687 in 143.523 - percent 0.271653
33 of 703687 in 148.254 - percent 0.274451
34 of 703687 in 152.346 - percent 0.272193
35 of 703687 in 156.564 - percent 0.270783
36 of 703687 in 160.715 - percent 0.266921
37 of 703687 in 164.64 - percent 0.263685
38 of 703687 in 169.133 - percent 0.264836
39 of 703687 in 173.454 - percent 0.264845
40 of 703687 in 177.442 - percent 0.261966
41 of 703687 in 182.362 - percent 0.265056
42 of 703687 in 186.904 - percent 0.266355
43 of 703687 in 192.211 - percent 0.271379
44 of 703687 in 196.504 - percent 0.271683
45 of 703687 in 200.295 - percent 0.269401
46 of 703687 in 204.068 - percent 0.267172
47 of 703687 in 208.02 - percent 0.26416
48 of 703687 in 211.728 - percent 0.261294
49 of 703687 in 215.549 - percent 0.259242
50 of 703687 in 219.577 - percent 0.256534
51 of 703687 in 223.67 - percent 0.253742
52 of 703687 in 227.641 - percent 0.251501
53 of 703687 in 231.464 - percent 0.249336
54 of 703687 in 235.279 - percent 0.248142
55 of 703687 in 239.056 - percent 0.245816
56 of 703687 in 243.038 - percent 0.243472
57 of 703687 in 247 - percent 0.241139
58 of 703687 in 251.004 - percent 0.238607
59 of 703687 in 254.961 - percent 0.236441
60 of 703687 in 258.663 - percent 0.234439
61 of 703687 in 262.574 - percent 0.232455
62 of 703687 in 266.443 - percent 0.230839
63 of 703687 in 270.267 - percent 0.229117
64 of 703687 in 273.743 - percent 0.227407
65 of 703687 in 278.197 - percent 0.228837
66 of 703687 in 282.434 - percent 0.229203
67 of 703687 in 286.375 - percent 0.22817
68 of 703687 in 290.515 - percent 0.227372
69 of 703687 in 294.607 - percent 0.226209
70 of 703687 in 298.517 - percent 0.225558
71 of 703687 in 302.561 - percent 0.224072
72 of 703687 in 306.733 - percent 0.222568
73 of 703687 in 310.767 - percent 0.221327
74 of 703687 in 314.791 - percent 0.220248
75 of 703687 in 318.57 - percent 0.219099
76 of 703687 in 323.387 - percent 0.221082
77 of 703687 in 327.658 - percent 0.22092
78 of 703687 in 331.815 - percent 0.2207
79 of 703687 in 336.028 - percent 0.219439
80 of 703687 in 339.91 - percent 0.218342
81 of 703687 in 344.27 - percent 0.218955
82 of 703687 in 348.521 - percent 0.219242
83 of 703687 in 352.453 - percent 0.21818
84 of 703687 in 357.262 - percent 0.219906
85 of 703687 in 361.915 - percent 0.221166
86 of 703687 in 367.317 - percent 0.224375
87 of 703687 in 371.371 - percent 0.224748
88 of 703687 in 375.137 - percent 0.224216
89 of 703687 in 378.744 - percent 0.223346
90 of 703687 in 382.478 - percent 0.222111
91 of 703687 in 385.944 - percent 0.220807
92 of 703687 in 389.382 - percent 0.219597
93 of 703687 in 393.143 - percent 0.21824
94 of 703687 in 396.971 - percent 0.216957
95 of 703687 in 400.774 - percent 0.215911
96 of 703687 in 404.396 - percent 0.214965
97 of 703687 in 407.834 - percent 0.21415
98 of 703687 in 411.385 - percent 0.212987
99 of 703687 in 415.24 - percent 0.211866
100 of 703687 in 418.887 - percent 0.210542
101 of 703687 in 422.649 - percent 0.209152
102 of 703687 in 426.227 - percent 0.20781
103 of 703687 in 429.744 - percent 0.206719
104 of 703687 in 433.475 - percent 0.205674
105 of 703687 in 437.074 - percent 0.204758
106 of 703687 in 440.835 - percent 0.204009
107 of 703687 in 444.244 - percent 0.203213
108 of 703687 in 447.585 - percent 0.202568
109 of 703687 in 450.898 - percent 0.201508
110 of 703687 in 454.428 - percent 0.200522
111 of 703687 in 457.934 - percent 0.199304
112 of 703687 in 461.459 - percent 0.198156
113 of 703687 in 464.814 - percent 0.197071
114 of 703687 in 468.322 - percent 0.195802
115 of 703687 in 471.963 - percent 0.194499
116 of 703687 in 475.519 - percent 0.193393
117 of 703687 in 479.02 - percent 0.192322
118 of 703687 in 482.457 - percent 0.191364
119 of 703687 in 485.738 - percent 0.190515
120 of 703687 in 489.357 - percent 0.189732
121 of 703687 in 492.946 - percent 0.188973
122 of 703687 in 496.687 - percent 0.187949
123 of 703687 in 500.256 - percent 0.187062
124 of 703687 in 503.597 - percent 0.186221
125 of 703687 in 507.014 - percent 0.185434
126 of 703687 in 510.724 - percent 0.184687
127 of 703687 in 514.018 - percent 0.183983
128 of 703687 in 517.424 - percent 0.183359
129 of 703687 in 520.916 - percent 0.18331
130 of 703687 in 524.83 - percent 0.183723
131 of 703687 in 528.508 - percent 0.183672
132 of 703687 in 532.222 - percent 0.18356
133 of 703687 in 535.967 - percent 0.183148
134 of 703687 in 539.442 - percent 0.182672
135 of 703687 in 542.902 - percent 0.182255
136 of 703687 in 546.636 - percent 0.181648
137 of 703687 in 550.431 - percent 0.181158
138 of 703687 in 554.159 - percent 0.180705
139 of 703687 in 557.701 - percent 0.180313
140 of 703687 in 561.046 - percent 0.179914
141 of 703687 in 564.449 - percent 0.179252
142 of 703687 in 568.14 - percent 0.178645
143 of 703687 in 571.726 - percent 0.177944
144 of 703687 in 575.397 - percent 0.177193
145 of 703687 in 578.855 - percent 0.176516
146 of 703687 in 582.27 - percent 0.175931
147 of 703687 in 585.913 - percent 0.175396
148 of 703687 in 589.432 - percent 0.174922
149 of 703687 in 592.97 - percent 0.174483
150 of 703687 in 596.184 - percent 0.173961
151 of 703687 in 600.285 - percent 0.174696
152 of 703687 in 603.967 - percent 0.174713
153 of 703687 in 607.782 - percent 0.174735
154 of 703687 in 611.628 - percent 0.174428
155 of 703687 in 615.326 - percent 0.174104
156 of 703687 in 618.819 - percent 0.173876
157 of 703687 in 622.44 - percent 0.173327
158 of 703687 in 626.348 - percent 0.172808
159 of 703687 in 629.941 - percent 0.172359
160 of 703687 in 633.592 - percent 0.171974
161 of 703687 in 637.034 - percent 0.171602
162 of 703687 in 641.256 - percent 0.172253
163 of 703687 in 645.19 - percent 0.172331
164 of 703687 in 648.961 - percent 0.172315
165 of 703687 in 652.922 - percent 0.17194
166 of 703687 in 656.394 - percent 0.171507
167 of 703687 in 660.393 - percent 0.171937
168 of 703687 in 664.379 - percent 0.172222
169 of 703687 in 668.19 - percent 0.172051
170 of 703687 in 672.921 - percent 0.17321
171 of 703687 in 677.496 - percent 0.174194
172 of 703687 in 682.788 - percent 0.176069
173 of 703687 in 687.43 - percent 0.176915
174 of 703687 in 691.677 - percent 0.177196
175 of 703687 in 695.954 - percent 0.177393
176 of 703687 in 699.955 - percent 0.177104
177 of 703687 in 703.988 - percent 0.177013
178 of 703687 in 707.695 - percent 0.17672
179 of 703687 in 711.528 - percent 0.176133
180 of 703687 in 715.474 - percent 0.175701
181 of 703687 in 719.468 - percent 0.175255
182 of 703687 in 723.453 - percent 0.175185
183 of 703687 in 727.358 - percent 0.175183
184 of 703687 in 731.05 - percent 0.174609
185 of 703687 in 735.144 - percent 0.174059
186 of 703687 in 739.083 - percent 0.173488
187 of 703687 in 743.026 - percent 0.172872
188 of 703687 in 746.755 - percent 0.172358
189 of 703687 in 750.582 - percent 0.171892
190 of 703687 in 754.562 - percent 0.171426
191 of 703687 in 758.533 - percent 0.171151
192 of 703687 in 762.452 - percent 0.170859
193 of 703687 in 766.415 - percent 0.170823
194 of 703687 in 770.108 - percent 0.170743
195 of 703687 in 773.759 - percent 0.170252
196 of 703687 in 777.451 - percent 0.169742
197 of 703687 in 781.467 - percent 0.169217
198 of 703687 in 785.322 - percent 0.168696
199 of 703687 in 788.887 - percent 0.168148
200 of 703687 in 792.7 - percent 0.167565
201 of 703687 in 796.65 - percent 0.166935
202 of 703687 in 800.527 - percent 0.166412
203 of 703687 in 804.385 - percent 0.165881
204 of 703687 in 808 - percent 0.165349
205 of 703687 in 811.73 - percent 0.165085
206 of 703687 in 815.579 - percent 0.164689
207 of 703687 in 819.339 - percent 0.16426
208 of 703687 in 823.376 - percent 0.163789
209 of 703687 in 827.158 - percent 0.163322
210 of 703687 in 830.678 - percent 0.163001
211 of 703687 in 834.456 - percent 0.162632
212 of 703687 in 838.373 - percent 0.162219
213 of 703687 in 842.209 - percent 0.162081
214 of 703687 in 845.924 - percent 0.161885
215 of 703687 in 849.884 - percent 0.16216
216 of 703687 in 853.435 - percent 0.161754
217 of 703687 in 857.121 - percent 0.161353
218 of 703687 in 860.719 - percent 0.160903
219 of 703687 in 864.395 - percent 0.160423
220 of 703687 in 868.102 - percent 0.159955
221 of 703687 in 871.719 - percent 0.159489
222 of 703687 in 875.443 - percent 0.158973
223 of 703687 in 879.101 - percent 0.158471
224 of 703687 in 883.138 - percent 0.158059
225 of 703687 in 886.913 - percent 0.157659
226 of 703687 in 890.509 - percent 0.157225
227 of 703687 in 894.299 - percent 0.156764
228 of 703687 in 898.243 - percent 0.156254
229 of 703687 in 901.959 - percent 0.155738
230 of 703687 in 905.7 - percent 0.155197
231 of 703687 in 909.3 - percent 0.154687
232 of 703687 in 913.156 - percent 0.15425
233 of 703687 in 916.854 - percent 0.153779
234 of 703687 in 920.565 - percent 0.15335
235 of 703687 in 924.235 - percent 0.152933
236 of 703687 in 927.922 - percent 0.152552
237 of 703687 in 931.483 - percent 0.15236
238 of 703687 in 935.355 - percent 0.15209
239 of 703687 in 939.09 - percent 0.151768
240 of 703687 in 943.067 - percent 0.151417
241 of 703687 in 946.897 - percent 0.151053
242 of 703687 in 950.548 - percent 0.150676
243 of 703687 in 954.444 - percent 0.150272
244 of 703687 in 958.329 - percent 0.149826
245 of 703687 in 962.233 - percent 0.149475
246 of 703687 in 966.236 - percent 0.149132
247 of 703687 in 970.031 - percent 0.148835
248 of 703687 in 973.851 - percent 0.148633
249 of 703687 in 977.793 - percent 0.148371
250 of 703687 in 981.592 - percent 0.148059
251 of 703687 in 985.475 - percent 0.147703
252 of 703687 in 989.302 - percent 0.147356
253 of 703687 in 992.803 - percent 0.147117
254 of 703687 in 996.518 - percent 0.146801
255 of 703687 in 1000.24 - percent 0.146484
256 of 703687 in 1004.1 - percent 0.146388
257 of 703687 in 1007.89 - percent 0.146303
258 of 703687 in 1012.31 - percent 0.146894
259 of 703687 in 1017.14 - percent 0.14758
260 of 703687 in 1021.38 - percent 0.147721
261 of 703687 in 1025.59 - percent 0.14791
262 of 703687 in 1029.61 - percent 0.147805
263 of 703687 in 1033.87 - percent 0.14795
264 of 703687 in 1037.85 - percent 0.147863
265 of 703687 in 1041.88 - percent 0.147619
266 of 703687 in 1045.91 - percent 0.147474
267 of 703687 in 1050.13 - percent 0.147287
268 of 703687 in 1054.52 - percent 0.147467
269 of 703687 in 1058.86 - percent 0.147713
270 of 703687 in 1062.98 - percent 0.147538
271 of 703687 in 1067.31 - percent 0.147299
272 of 703687 in 1071.45 - percent 0.147086
273 of 703687 in 1075.63 - percent 0.146826
274 of 703687 in 1079.63 - percent 0.146683
275 of 703687 in 1083.73 - percent 0.146483
276 of 703687 in 1087.83 - percent 0.146296
277 of 703687 in 1091.95 - percent 0.146241
278 of 703687 in 1096.11 - percent 0.146231
279 of 703687 in 1100.47 - percent 0.146401
280 of 703687 in 1104.48 - percent 0.146496
281 of 703687 in 1108.43 - percent 0.146274
282 of 703687 in 1112.26 - percent 0.146031
283 of 703687 in 1116.42 - percent 0.145793
284 of 703687 in 1120.41 - percent 0.145545
285 of 703687 in 1124.32 - percent 0.145312
286 of 703687 in 1128.44 - percent 0.145053
287 of 703687 in 1132.51 - percent 0.144738
288 of 703687 in 1136.65 - percent 0.144515
289 of 703687 in 1140.8 - percent 0.144274
290 of 703687 in 1144.81 - percent 0.144139
291 of 703687 in 1148.8 - percent 0.143999
292 of 703687 in 1152.88 - percent 0.143817
293 of 703687 in 1156.92 - percent 0.143626
294 of 703687 in 1160.95 - percent 0.143383
295 of 703687 in 1165.03 - percent 0.143166
296 of 703687 in 1168.81 - percent 0.143076
297 of 703687 in 1172.78 - percent 0.142874
298 of 703687 in 1176.68 - percent 0.142689
299 of 703687 in 1180.6 - percent 0.142574
300 of 703687 in 1184.55 - percent 0.142562
301 of 703687 in 1189.18 - percent 0.143177
302 of 703687 in 1193.9 - percent 0.143769
303 of 703687 in 1198.14 - percent 0.143901
304 of 703687 in 1202.56 - percent 0.144164
305 of 703687 in 1206.75 - percent 0.14414
306 of 703687 in 1211.13 - percent 0.144388
307 of 703687 in 1215.16 - percent 0.144346
308 of 703687 in 1219.26 - percent 0.144175
309 of 703687 in 1223.4 - percent 0.14413
310 of 703687 in 1227.55 - percent 0.143987
311 of 703687 in 1231.83 - percent 0.144145
312 of 703687 in 1236.05 - percent 0.14436
313 of 703687 in 1240.04 - percent 0.144182
314 of 703687 in 1244.2 - percent 0.143968
315 of 703687 in 1248.42 - percent 0.14379
316 of 703687 in 1252.6 - percent 0.143579
317 of 703687 in 1256.51 - percent 0.143465
318 of 703687 in 1260.53 - percent 0.143301
319 of 703687 in 1264.74 - percent 0.143154
320 of 703687 in 1268.85 - percent 0.143106
321 of 703687 in 1272.84 - percent 0.143058
322 of 703687 in 1277.01 - percent 0.1432
323 of 703687 in 1281.83 - percent 0.143868
324 of 703687 in 1286.37 - percent 0.144163
325 of 703687 in 1291.03 - percent 0.144565
326 of 703687 in 1295.29 - percent 0.144423
327 of 703687 in 1299.68 - percent 0.144565
328 of 703687 in 1303.94 - percent 0.144731
329 of 703687 in 1307.96 - percent 0.144543
330 of 703687 in 1312.28 - percent 0.144344
331 of 703687 in 1316.46 - percent 0.144303
332 of 703687 in 1320.7 - percent 0.144263
333 of 703687 in 1325.11 - percent 0.14458
334 of 703687 in 1329.85 - percent 0.145066
335 of 703687 in 1334.43 - percent 0.145341
336 of 703687 in 1338.88 - percent 0.145543
337 of 703687 in 1343.09 - percent 0.145467
338 of 703687 in 1347.23 - percent 0.145499
339 of 703687 in 1351.97 - percent 0.14609
340 of 703687 in 1356.48 - percent 0.146341
341 of 703687 in 1361.09 - percent 0.146662
342 of 703687 in 1365.93 - percent 0.147195
343 of 703687 in 1371.02 - percent 0.147959
344 of 703687 in 1375.08 - percent 0.148349
345 of 703687 in 1377.74 - percent 0.147919
346 of 703687 in 1380.82 - percent 0.147491
347 of 703687 in 1383.87 - percent 0.147066
348 of 703687 in 1387.13 - percent 0.146644
349 of 703687 in 1390.05 - percent 0.146223
350 of 703687 in 1393.19 - percent 0.145806
351 of 703687 in 1396.62 - percent 0.14539
352 of 703687 in 1399.87 - percent 0.144977
353 of 703687 in 1403.31 - percent 0.144567
354 of 703687 in 1406.3 - percent 0.144158
355 of 703687 in 1409.09 - percent 0.143752
356 of 703687 in 1412.57 - percent 0.143348
357 of 703687 in 1416.16 - percent 0.142947
358 of 703687 in 1419.81 - percent 0.142547
359 of 703687 in 1423.42 - percent 0.14215
360 of 703687 in 1426.54 - percent 0.141756
361 of 703687 in 1430.08 - percent 0.141363
362 of 703687 in 1433.89 - percent 0.140972
363 of 703687 in 1437.25 - percent 0.140584
364 of 703687 in 1440.59 - percent 0.140198
365 of 703687 in 1443.61 - percent 0.139814
366 of 703687 in 1446.76 - percent 0.139432
367 of 703687 in 1450.34 - percent 0.139052
368 of 703687 in 1453.93 - percent 0.138674
369 of 703687 in 1457.91 - percent 0.138298
370 of 703687 in 1461.66 - percent 0.137924
371 of 703687 in 1465 - percent 0.137552
372 of 703687 in 1468.69 - percent 0.137183
373 of 703687 in 1472.41 - percent 0.136815
374 of 703687 in 1476.17 - percent 0.136449
375 of 703687 in 1479.86 - percent 0.136085
376 of 703687 in 1483.05 - percent 0.135723
377 of 703687 in 1486.37 - percent 0.135363
378 of 703687 in 1489.97 - percent 0.135005
379 of 703687 in 1493.44 - percent 0.134649
380 of 703687 in 1497.12 - percent 0.134295
381 of 703687 in 1500.58 - percent 0.133942
382 of 703687 in 1503.65 - percent 0.133592
383 of 703687 in 1507.19 - percent 0.133243
384 of 703687 in 1510.63 - percent 0.132896
385 of 703687 in 1514.04 - percent 0.132551
386 of 703687 in 1517.05 - percent 0.132207
387 of 703687 in 1519.89 - percent 0.131866
388 of 703687 in 1523.29 - percent 0.131526
389 of 703687 in 1527.02 - percent 0.131188
390 of 703687 in 1530.6 - percent 0.130851
391 of 703687 in 1534.29 - percent 0.130517
392 of 703687 in 1537.77 - percent 0.130184
393 of 703687 in 1541.43 - percent 0.129852
394 of 703687 in 1545.09 - percent 0.129523
395 of 703687 in 1548.75 - percent 0.129195
396 of 703687 in 1552.61 - percent 0.128869
397 of 703687 in 1556.32 - percent 0.128544
398 of 703687 in 1559.8 - percent 0.128221
399 of 703687 in 1563.69 - percent 0.1279
400 of 703687 in 1567.57 - percent 0.12758
401 of 703687 in 1571.21 - percent 0.127262
402 of 703687 in 1574.94 - percent 0.126945
403 of 703687 in 1578.51 - percent 0.12663
404 of 703687 in 1582.47 - percent 0.126317
405 of 703687 in 1586.35 - percent 0.126005
406 of 703687 in 1590.18 - percent 0.125695
407 of 703687 in 1593.97 - percent 0.125386
408 of 703687 in 1597.6 - percent 0.125078
409 of 703687 in 1600.95 - percent 0.124773
410 of 703687 in 1604.63 - percent 0.124468
411 of 703687 in 1608.25 - percent 0.124165
412 of 703687 in 1612.17 - percent 0.123864
413 of 703687 in 1616.01 - percent 0.123564
414 of 703687 in 1619.42 - percent 0.123266
415 of 703687 in 1623.16 - percent 0.122969
416 of 703687 in 1626.83 - percent 0.122673
417 of 703687 in 1630.67 - percent 0.122379
418 of 703687 in 1634.51 - percent 0.122086
419 of 703687 in 1637.78 - percent 0.121795
420 of 703687 in 1641.23 - percent 0.121505
421 of 703687 in 1644.96 - percent 0.121216
422 of 703687 in 1648.48 - percent 0.120929
423 of 703687 in 1652.11 - percent 0.120643
424 of 703687 in 1655.65 - percent 0.120358
425 of 703687 in 1658.85 - percent 0.120075
426 of 703687 in 1662.38 - percent 0.119793
427 of 703687 in 1665.75 - percent 0.119513
428 of 703687 in 1669.27 - percent 0.119234
429 of 703687 in 1672.35 - percent 0.118956
430 of 703687 in 1675.25 - percent 0.118679
431 of 703687 in 1678.5 - percent 0.118404
432 of 703687 in 1682.14 - percent 0.11813
433 of 703687 in 1685.61 - percent 0.117857
434 of 703687 in 1689.19 - percent 0.117585
435 of 703687 in 1692.54 - percent 0.117315
436 of 703687 in 1696.07 - percent 0.117046
437 of 703687 in 1699.63 - percent 0.116778
438 of 703687 in 1703.19 - percent 0.116511
439 of 703687 in 1706.93 - percent 0.116246
440 of 703687 in 1710.51 - percent 0.115982
441 of 703687 in 1713.9 - percent 0.115719
442 of 703687 in 1717.67 - percent 0.115457
443 of 703687 in 1721.45 - percent 0.115196
444 of 703687 in 1724.97 - percent 0.114937
445 of 703687 in 1728.58 - percent 0.114679
446 of 703687 in 1732.02 - percent 0.114421
447 of 703687 in 1735.85 - percent 0.114165
448 of 703687 in 1739.65 - percent 0.113911
449 of 703687 in 1743.33 - percent 0.113657
450 of 703687 in 1747.04 - percent 0.113404
451 of 703687 in 1750.5 - percent 0.113153
452 of 703687 in 1754.15 - percent 0.112903
453 of 703687 in 1757.85 - percent 0.112653
454 of 703687 in 1761.62 - percent 0.112405
455 of 703687 in 1765.35 - percent 0.112158
456 of 703687 in 1769.19 - percent 0.111912
457 of 703687 in 1772.68 - percent 0.111667
458 of 703687 in 1776.26 - percent 0.111424
459 of 703687 in 1779.77 - percent 0.111181
460 of 703687 in 1783.52 - percent 0.110939
461 of 703687 in 1787.27 - percent 0.110698
462 of 703687 in 1790.75 - percent 0.110459
463 of 703687 in 1794.46 - percent 0.11022
464 of 703687 in 1798.22 - percent 0.109983
