Number of rows/cols is 47
Number of nnz is    472
#d1 vertices: 0
#d2 vertices: 0
min degree: 5
************************************************************************
Algo is 3
Compress matrix 0
Apply Dulmage-Mendehlson 0
Sorting 1
Single run 0
************************************************************************
Perman: [veni] running with 47 rows:
	2 of 703687 in 17.1569 - percent 0.680224
	3 of 703687 in 26.0901 - percent 0.671835
	4 of 703687 in 33.0302 - percent 0.60903
	5 of 703687 in 39.9535 - percent 0.587365
	6 of 703687 in 47.74 - percent 0.58471
	7 of 703687 in 53.9699 - percent 0.552534
	9 of 703687 in 67.8496 - percent 0.520028
	10 of 703687 in 73.9388 - percent 0.507551
	11 of 703687 in 82.4386 - percent 0.519132
	13 of 703687 in 96.3343 - percent 0.499475
	14 of 703687 in 104.064 - percent 0.492655
	15 of 703687 in 111.076 - percent 0.484065
	17 of 703687 in 124.313 - percent 0.472985
	18 of 703687 in 131.266 - percent 0.467571
	19 of 703687 in 138.587 - percent 0.464714
	20 of 703687 in 145.5 - percent 0.461748
	22 of 703687 in 161.592 - percent 0.472829
	23 of 703687 in 166.652 - percent 0.467575
	25 of 703687 in 174.561 - percent 0.449209
	27 of 703687 in 182.492 - percent 0.433943
	32 of 703687 in 200.366 - percent 0.397744
	35 of 703687 in 214.745 - percent 0.392622
	36 of 703687 in 218.161 - percent 0.386954
	38 of 703687 in 227.447 - percent 0.38364
	39 of 703687 in 232.124 - percent 0.382553
	40 of 703687 in 236.06 - percent 0.37922
	41 of 703687 in 242.67 - percent 0.382127
	43 of 703687 in 256.515 - percent 0.390306
	46 of 703687 in 266.561 - percent 0.38082
	47 of 703687 in 268.781 - percent 0.375354
	48 of 703687 in 271.113 - percent 0.37069
	49 of 703687 in 273.945 - percent 0.366956
	51 of 703687 in 278.444 - percent 0.357301
	52 of 703687 in 280.904 - percent 0.353057
	58 of 703687 in 295.84 - percent 0.331265
	59 of 703687 in 297.909 - percent 0.327519
	61 of 703687 in 302.774 - percent 0.321183
	63 of 703687 in 307.84 - percent 0.315306
	64 of 703687 in 310.416 - percent 0.312865
	66 of 703687 in 321.421 - percent 0.314209
	67 of 703687 in 326.23 - percent 0.313443
	70 of 703687 in 340.927 - percent 0.311612
	76 of 703687 in 368.402 - percent 0.307728
	78 of 703687 in 378.237 - percent 0.306959
	79 of 703687 in 382.354 - percent 0.30584
	80 of 703687 in 387.032 - percent 0.305302
	81 of 703687 in 392.776 - percent 0.306181
	82 of 703687 in 397.982 - percent 0.306363
	84 of 703687 in 409.502 - percent 0.307457
	85 of 703687 in 415.061 - percent 0.308109
	86 of 703687 in 423.324 - percent 0.311963
	87 of 703687 in 429.827 - percent 0.31363
	92 of 703687 in 456.575 - percent 0.313122
	93 of 703687 in 460.566 - percent 0.311928
	97 of 703687 in 480.156 - percent 0.310009
	98 of 703687 in 484.66 - percent 0.309172
	99 of 703687 in 488.31 - percent 0.30781
	100 of 703687 in 493.034 - percent 0.306994
	102 of 703687 in 500.454 - percent 0.304556
	103 of 703687 in 504.599 - percent 0.303679
	104 of 703687 in 508.998 - percent 0.302837
	105 of 703687 in 514.338 - percent 0.302456
	110 of 703687 in 533.233 - percent 0.29818
	113 of 703687 in 540.174 - percent 0.29336
	115 of 703687 in 544.234 - percent 0.289989
	118 of 703687 in 550.66 - percent 0.285326
	125 of 703687 in 567.562 - percent 0.276906
	128 of 703687 in 575.23 - percent 0.273973
	129 of 703687 in 580.909 - percent 0.275107
	130 of 703687 in 587.82 - percent 0.276891
	132 of 703687 in 599.561 - percent 0.278597
	133 of 703687 in 603.586 - percent 0.278216
	134 of 703687 in 607.839 - percent 0.278305
	141 of 703687 in 637.397 - percent 0.277216
	142 of 703687 in 640.385 - percent 0.276285
	143 of 703687 in 644.237 - percent 0.275652
	145 of 703687 in 650.842 - percent 0.274151
	150 of 703687 in 670.724 - percent 0.27249
	151 of 703687 in 679.599 - percent 0.274527
	153 of 703687 in 693.458 - percent 0.275953
	154 of 703687 in 699.64 - percent 0.276099
	155 of 703687 in 706.461 - percent 0.276483
	156 of 703687 in 713.48 - percent 0.277209
	157 of 703687 in 719.287 - percent 0.277229
	158 of 703687 in 725.498 - percent 0.277298
	160 of 703687 in 740.014 - percent 0.278176
	162 of 703687 in 753.845 - percent 0.280082
	165 of 703687 in 772.88 - percent 0.281201
	166 of 703687 in 778.812 - percent 0.281451
	168 of 703687 in 793.256 - percent 0.283559
	175 of 703687 in 845.644 - percent 0.291244
	176 of 703687 in 850.946 - percent 0.291171
	177 of 703687 in 856.01 - percent 0.29127
	178 of 703687 in 861.751 - percent 0.291547
	182 of 703687 in 881.254 - percent 0.29077
	184 of 703687 in 892.706 - percent 0.291126
	189 of 703687 in 917.469 - percent 0.289692
	190 of 703687 in 922.808 - percent 0.289476
	193 of 703687 in 939.342 - percent 0.289572
	194 of 703687 in 945.622 - percent 0.290109
	196 of 703687 in 952.507 - percent 0.28911
	200 of 703687 in 963.56 - percent 0.286142
	204 of 703687 in 974.638 - percent 0.283271
	205 of 703687 in 979.007 - percent 0.283289
	206 of 703687 in 981.79 - percent 0.282664
	208 of 703687 in 987.664 - percent 0.281446
	210 of 703687 in 995.102 - percent 0.280921
	211 of 703687 in 998.415 - percent 0.28051
	212 of 703687 in 1001.54 - percent 0.280024
	215 of 703687 in 1018.21 - percent 0.281167
	216 of 703687 in 1020.92 - percent 0.28071
	222 of 703687 in 1032.83 - percent 0.27608
	223 of 703687 in 1034.78 - percent 0.275265
	227 of 703687 in 1042.26 - percent 0.272178
	229 of 703687 in 1045.73 - percent 0.270503
	230 of 703687 in 1047.46 - percent 0.269685
	232 of 703687 in 1050.77 - percent 0.268063
	235 of 703687 in 1056.66 - percent 0.265855
	239 of 703687 in 1071.03 - percent 0.264619
	240 of 703687 in 1073.95 - percent 0.26408
	243 of 703687 in 1084.4 - percent 0.262899
	244 of 703687 in 1086.55 - percent 0.262228
	247 of 703687 in 1097.74 - percent 0.261231
	250 of 703687 in 1109.22 - percent 0.260525
	251 of 703687 in 1112.19 - percent 0.260044
	252 of 703687 in 1115.28 - percent 0.259629
	253 of 703687 in 1119.84 - percent 0.259666
	255 of 703687 in 1127.43 - percent 0.259124
	256 of 703687 in 1131.88 - percent 0.259119
	257 of 703687 in 1136.3 - percent 0.259122
	258 of 703687 in 1143.52 - percent 0.260046
	259 of 703687 in 1149.23 - percent 0.260604
	263 of 703687 in 1168.42 - percent 0.260909
	264 of 703687 in 1173 - percent 0.260892
	265 of 703687 in 1176.38 - percent 0.26056
	268 of 703687 in 1189.29 - percent 0.260228
	271 of 703687 in 1202.04 - percent 0.259913
	273 of 703687 in 1208.73 - percent 0.259235
	279 of 703687 in 1234.51 - percent 0.258577
	280 of 703687 in 1238.11 - percent 0.258507
	281 of 703687 in 1240.17 - percent 0.257987
	282 of 703687 in 1242.64 - percent 0.257525
	283 of 703687 in 1244.73 - percent 0.25697
	285 of 703687 in 1248.9 - percent 0.255935
	286 of 703687 in 1250.77 - percent 0.255368
	291 of 703687 in 1261.59 - percent 0.252988
	293 of 703687 in 1266.06 - percent 0.252058
	295 of 703687 in 1269.8 - percent 0.251007
	297 of 703687 in 1274.49 - percent 0.250277
	298 of 703687 in 1276.72 - percent 0.249854
	299 of 703687 in 1279.17 - percent 0.249546
	300 of 703687 in 1281.85 - percent 0.249314
	301 of 703687 in 1288.05 - percent 0.25007
	302 of 703687 in 1294.41 - percent 0.250805
	303 of 703687 in 1298.98 - percent 0.251005
	304 of 703687 in 1304.18 - percent 0.25135
	305 of 703687 in 1307.7 - percent 0.251201
	306 of 703687 in 1312.58 - percent 0.25152
	310 of 703687 in 1326.04 - percent 0.250802
	312 of 703687 in 1334.93 - percent 0.251174
	314 of 703687 in 1341.29 - percent 0.250642
	315 of 703687 in 1344.37 - percent 0.250326
	317 of 703687 in 1350.82 - percent 0.249857
	318 of 703687 in 1353.65 - percent 0.249596
	321 of 703687 in 1364.7 - percent 0.24921
	322 of 703687 in 1369.23 - percent 0.249437
	325 of 703687 in 1389.84 - percent 0.251053
	326 of 703687 in 1395.15 - percent 0.251079
	327 of 703687 in 1401.11 - percent 0.251281
	329 of 703687 in 1413.25 - percent 0.251724
	330 of 703687 in 1418.54 - percent 0.251709
	331 of 703687 in 1425.16 - percent 0.25194
	332 of 703687 in 1430.95 - percent 0.252053
	333 of 703687 in 1437.71 - percent 0.252571
	337 of 703687 in 1461.75 - percent 0.253675
	339 of 703687 in 1474.35 - percent 0.254557
	341 of 703687 in 1486.71 - percent 0.255222
	343 of 703687 in 1501.32 - percent 0.256617
	516 of 703687 in 1512.15 - percent 0.172048
	517 of 703687 in 1518.96 - percent 0.172536
	518 of 703687 in 1525.68 - percent 0.172949
	520 of 703687 in 1536.88 - percent 0.173455
	524 of 703687 in 1559.3 - percent 0.17441
	526 of 703687 in 1570.11 - percent 0.174886
	529 of 703687 in 1587.47 - percent 0.175506
	531 of 703687 in 1597.76 - percent 0.175705
	533 of 703687 in 1608.54 - percent 0.176068
	535 of 703687 in 1619.32 - percent 0.176387
	536 of 703687 in 1625.02 - percent 0.176616
	537 of 703687 in 1632.23 - percent 0.177085
	542 of 703687 in 1649.21 - percent 0.177141
	543 of 703687 in 1652.63 - percent 0.177143
	544 of 703687 in 1655.16 - percent 0.17703
	545 of 703687 in 1657.96 - percent 0.176936
	546 of 703687 in 1660.48 - percent 0.176829
	547 of 703687 in 1663.67 - percent 0.176791
	548 of 703687 in 1668.41 - percent 0.176996
	549 of 703687 in 1672.05 - percent 0.177074
	550 of 703687 in 1674.88 - percent 0.17702
	552 of 703687 in 1681.12 - percent 0.17694
	553 of 703687 in 1684.48 - percent 0.176976
	555 of 703687 in 1692.2 - percent 0.177168
	556 of 703687 in 1697.37 - percent 0.177401
	558 of 703687 in 1707.35 - percent 0.177888
	559 of 703687 in 1713.48 - percent 0.178301
	561 of 703687 in 1718.25 - percent 0.178169
	569 of 703687 in 1733.84 - percent 0.177088
	570 of 703687 in 1735.91 - percent 0.17697
	576 of 703687 in 1746.79 - percent 0.176019
	579 of 703687 in 1752.66 - percent 0.175594
	583 of 703687 in 1768.59 - percent 0.175802
	584 of 703687 in 1772.16 - percent 0.175782
	590 of 703687 in 1792.48 - percent 0.175598
