Number of rows/cols is 47
Number of nnz is    472
#d1 vertices: 0
#d2 vertices: 0
min degree: 5
************************************************************************
Algo is 2
Compress matrix 0
Apply Dulmage-Mendehlson 0
Sorting 0
Single run 0
************************************************************************
Perman: [veni] running with 47 rows:
1 of 703687 in 8.79526 - percent 0.024398
2 of 703687 in 18.0575 - percent 0.0192253
3 of 703687 in 27.2329 - percent 0.0178561
4 of 703687 in 37.2962 - percent 0.0157917
5 of 703687 in 46.688 - percent 0.0152247
6 of 703687 in 55.6912 - percent 0.0156931
7 of 703687 in 65.3585 - percent 0.014952
8 of 703687 in 75.472 - percent 0.0141881
9 of 703687 in 85.0993 - percent 0.0138748
10 of 703687 in 94.5186 - percent 0.0136261
11 of 703687 in 103.307 - percent 0.0141233
12 of 703687 in 112.748 - percent 0.0138498
13 of 703687 in 122.83 - percent 0.0134872
14 of 703687 in 132.673 - percent 0.0131856
15 of 703687 in 142.841 - percent 0.0128557
16 of 703687 in 152.539 - percent 0.0126034
17 of 703687 in 161.79 - percent 0.012606
18 of 703687 in 171.759 - percent 0.0124035
19 of 703687 in 181.464 - percent 0.0123366
20 of 703687 in 191.43 - percent 0.0121799
21 of 703687 in 200.627 - percent 0.0122094
22 of 703687 in 209.527 - percent 0.0124695
23 of 703687 in 218.865 - percent 0.012372
24 of 703687 in 228.966 - percent 0.0121579
25 of 703687 in 238.925 - percent 0.0119932
26 of 703687 in 248.992 - percent 0.0118137
27 of 703687 in 258.365 - percent 0.011748
28 of 703687 in 268.161 - percent 0.0115197
29 of 703687 in 278.431 - percent 0.0113042
30 of 703687 in 288.385 - percent 0.0111832
31 of 703687 in 298.533 - percent 0.0110428
32 of 703687 in 308.091 - percent 0.0109291
33 of 703687 in 317.096 - percent 0.0110359
34 of 703687 in 326.686 - percent 0.0109327
35 of 703687 in 336.502 - percent 0.0109052
36 of 703687 in 346.827 - percent 0.0108014
37 of 703687 in 356.595 - percent 0.0107222
38 of 703687 in 365.764 - percent 0.0108124
39 of 703687 in 375.293 - percent 0.0108133
40 of 703687 in 385.543 - percent 0.0107542
41 of 703687 in 394.962 - percent 0.010793
42 of 703687 in 404.508 - percent 0.0107884
43 of 703687 in 413.463 - percent 0.0109481
44 of 703687 in 422.829 - percent 0.0109803
45 of 703687 in 432.624 - percent 0.0109435
46 of 703687 in 442.269 - percent 0.0109084
47 of 703687 in 452.629 - percent 0.0108054
48 of 703687 in 462.458 - percent 0.0107786
49 of 703687 in 471.858 - percent 0.0107777
50 of 703687 in 481.907 - percent 0.0106599
51 of 703687 in 492.226 - percent 0.0105342
52 of 703687 in 502.346 - percent 0.0104553
53 of 703687 in 512.109 - percent 0.0103798
54 of 703687 in 521.34 - percent 0.0104109
55 of 703687 in 531.207 - percent 0.0103287
56 of 703687 in 541.609 - percent 0.0102267
57 of 703687 in 551.639 - percent 0.0101122
58 of 703687 in 561.833 - percent 0.00999797
59 of 703687 in 571.72 - percent 0.00989293
60 of 703687 in 581.412 - percent 0.00984384
61 of 703687 in 591.59 - percent 0.00976976
62 of 703687 in 601.545 - percent 0.00971324
63 of 703687 in 611.864 - percent 0.0096637
64 of 703687 in 621.545 - percent 0.00964819
65 of 703687 in 630.644 - percent 0.00971961
66 of 703687 in 640.21 - percent 0.00973395
67 of 703687 in 650.333 - percent 0.00971865
68 of 703687 in 660.353 - percent 0.00967809
69 of 703687 in 670.452 - percent 0.00964582
70 of 703687 in 679.867 - percent 0.00967077
71 of 703687 in 689.885 - percent 0.00962427
72 of 703687 in 700.242 - percent 0.0095537
73 of 703687 in 710.195 - percent 0.00950172
74 of 703687 in 720.323 - percent 0.00947388
75 of 703687 in 730.11 - percent 0.00947696
76 of 703687 in 739.274 - percent 0.00953282
77 of 703687 in 749.098 - percent 0.00952171
78 of 703687 in 758.806 - percent 0.00951811
79 of 703687 in 769.096 - percent 0.00945101
80 of 703687 in 778.9 - percent 0.00944483
81 of 703687 in 788.171 - percent 0.00949852
82 of 703687 in 797.806 - percent 0.00952115
83 of 703687 in 807.997 - percent 0.00948899
84 of 703687 in 817.403 - percent 0.00950867
85 of 703687 in 826.992 - percent 0.0095277
86 of 703687 in 836.008 - percent 0.00962155
87 of 703687 in 845.919 - percent 0.00958075
88 of 703687 in 856.161 - percent 0.0095236
89 of 703687 in 866.33 - percent 0.00946948
90 of 703687 in 877.041 - percent 0.00940194
91 of 703687 in 887.565 - percent 0.00935298
92 of 703687 in 897.809 - percent 0.00933688
93 of 703687 in 908.62 - percent 0.00927383
94 of 703687 in 919.302 - percent 0.00921393
95 of 703687 in 929.917 - percent 0.00914545
96 of 703687 in 940.252 - percent 0.00909872
97 of 703687 in 950.267 - percent 0.00909094
98 of 703687 in 960.905 - percent 0.0090446
99 of 703687 in 971.914 - percent 0.00898213
100 of 703687 in 982.68 - percent 0.0089231
101 of 703687 in 993.763 - percent 0.00886681
102 of 703687 in 1004.61 - percent 0.00882009
103 of 703687 in 1015.21 - percent 0.00878822
104 of 703687 in 1026.16 - percent 0.00873773
105 of 703687 in 1036.76 - percent 0.00869272
106 of 703687 in 1047.56 - percent 0.00864042
107 of 703687 in 1057.9 - percent 0.00860614
108 of 703687 in 1067.95 - percent 0.00860644
109 of 703687 in 1078.46 - percent 0.00856604
110 of 703687 in 1089.33 - percent 0.00851586
111 of 703687 in 1100.25 - percent 0.00846886
112 of 703687 in 1111.23 - percent 0.00841908
113 of 703687 in 1121.76 - percent 0.00838593
114 of 703687 in 1132.71 - percent 0.00833157
115 of 703687 in 1143.79 - percent 0.00828663
116 of 703687 in 1154.69 - percent 0.00823496
117 of 703687 in 1165.64 - percent 0.00819337
118 of 703687 in 1176.34 - percent 0.00815382
119 of 703687 in 1186.62 - percent 0.00813834
120 of 703687 in 1197.19 - percent 0.00809719
121 of 703687 in 1207.85 - percent 0.00805888
122 of 703687 in 1218.97 - percent 0.00801258
123 of 703687 in 1229.83 - percent 0.0079741
124 of 703687 in 1240.28 - percent 0.00796556
125 of 703687 in 1250.97 - percent 0.00793675
126 of 703687 in 1261.97 - percent 0.0078962
127 of 703687 in 1272.38 - percent 0.00786839
128 of 703687 in 1282.81 - percent 0.00783877
129 of 703687 in 1292.63 - percent 0.00784672
130 of 703687 in 1302.44 - percent 0.00783136
131 of 703687 in 1312.59 - percent 0.00780567
132 of 703687 in 1322.78 - percent 0.00778177
133 of 703687 in 1333.48 - percent 0.00775283
134 of 703687 in 1343.81 - percent 0.00773294
135 of 703687 in 1353.97 - percent 0.00773616
136 of 703687 in 1364.69 - percent 0.00770415
137 of 703687 in 1375.47 - percent 0.00767989
138 of 703687 in 1386.06 - percent 0.00764678
139 of 703687 in 1396.19 - percent 0.00762367
140 of 703687 in 1406.13 - percent 0.00762784
141 of 703687 in 1416.45 - percent 0.00760229
142 of 703687 in 1427.38 - percent 0.00756753
143 of 703687 in 1438.22 - percent 0.00753871
144 of 703687 in 1449.18 - percent 0.00750777
145 of 703687 in 1459.65 - percent 0.00748973
146 of 703687 in 1470.11 - percent 0.00746913
147 of 703687 in 1481.02 - percent 0.00744411
148 of 703687 in 1491.57 - percent 0.0074203
149 of 703687 in 1502.2 - percent 0.00739249
150 of 703687 in 1512.26 - percent 0.00737471
151 of 703687 in 1521.85 - percent 0.00739082
152 of 703687 in 1531.87 - percent 0.00737262
153 of 703687 in 1542.22 - percent 0.00734979
154 of 703687 in 1552.95 - percent 0.00732606
155 of 703687 in 1563.52 - percent 0.00730419
156 of 703687 in 1573.58 - percent 0.00730992
157 of 703687 in 1584.23 - percent 0.00728975
158 of 703687 in 1595.27 - percent 0.00726674
159 of 703687 in 1605.83 - percent 0.00724771
160 of 703687 in 1616.35 - percent 0.00723004
161 of 703687 in 1626.47 - percent 0.00722085
162 of 703687 in 1636.13 - percent 0.0072298
163 of 703687 in 1646.26 - percent 0.00721278
164 of 703687 in 1656.36 - percent 0.0071991
165 of 703687 in 1667.21 - percent 0.00717483
166 of 703687 in 1677.59 - percent 0.00716201
167 of 703687 in 1687.4 - percent 0.00717849
168 of 703687 in 1697.55 - percent 0.00716698
169 of 703687 in 1708.11 - percent 0.00714531
170 of 703687 in 1717.9 - percent 0.00713466
171 of 703687 in 1727.63 - percent 0.00712199
172 of 703687 in 1736.88 - percent 0.00714753
173 of 703687 in 1746.85 - percent 0.00713308
174 of 703687 in 1757.1 - percent 0.00711203
175 of 703687 in 1767.43 - percent 0.00709285
176 of 703687 in 1778.21 - percent 0.00707214
177 of 703687 in 1788.79 - percent 0.00705507
178 of 703687 in 1799.25 - percent 0.00705313
