Number of rows/cols is 47
Number of nnz is    472
#d1 vertices: 0
#d2 vertices: 0
min degree: 5
************************************************************************
Algo is 1
Compress matrix 0
Apply Dulmage-Mendehlson 0
Sorting 1
Single run 0
************************************************************************
Perman: [veni] running with 47 rows:
	1 of 703687 in 8.15713 - percent 1
	2 of 703687 in 16.3139 - percent 1
	3 of 703687 in 24.4706 - percent 1
	4 of 703687 in 32.6275 - percent 1
	5 of 703687 in 40.7839 - percent 1
	6 of 703687 in 48.9404 - percent 1
	7 of 703687 in 57.0972 - percent 1
	8 of 703687 in 65.2537 - percent 1
	9 of 703687 in 73.4103 - percent 1
	10 of 703687 in 81.567 - percent 1
	11 of 703687 in 89.7238 - percent 1
	12 of 703687 in 97.8805 - percent 1
	13 of 703687 in 106.037 - percent 1
	14 of 703687 in 114.193 - percent 1
	15 of 703687 in 122.35 - percent 1
	16 of 703687 in 130.506 - percent 1
	17 of 703687 in 138.663 - percent 1
	18 of 703687 in 146.819 - percent 1
	19 of 703687 in 154.976 - percent 1
	20 of 703687 in 163.132 - percent 1
	21 of 703687 in 171.288 - percent 1
	22 of 703687 in 179.445 - percent 1
	23 of 703687 in 187.601 - percent 1
	24 of 703687 in 195.757 - percent 1
	25 of 703687 in 203.913 - percent 1
	26 of 703687 in 212.069 - percent 1
	27 of 703687 in 220.225 - percent 1
	28 of 703687 in 228.382 - percent 1
	29 of 703687 in 236.538 - percent 1
	30 of 703687 in 244.694 - percent 1
	31 of 703687 in 252.85 - percent 1
	32 of 703687 in 261.006 - percent 1
	33 of 703687 in 269.163 - percent 1
	34 of 703687 in 277.319 - percent 1
	35 of 703687 in 285.476 - percent 1
	36 of 703687 in 293.632 - percent 1
	37 of 703687 in 301.788 - percent 1
	38 of 703687 in 309.944 - percent 1
	39 of 703687 in 318.101 - percent 1
	40 of 703687 in 326.257 - percent 1
	41 of 703687 in 334.413 - percent 1
	42 of 703687 in 342.57 - percent 1
	43 of 703687 in 350.726 - percent 1
	44 of 703687 in 358.882 - percent 1
	45 of 703687 in 367.039 - percent 1
	46 of 703687 in 375.195 - percent 1
	47 of 703687 in 383.351 - percent 1
	48 of 703687 in 391.508 - percent 1
	49 of 703687 in 399.664 - percent 1
	50 of 703687 in 407.82 - percent 1
	51 of 703687 in 415.977 - percent 1
	52 of 703687 in 424.133 - percent 1
	53 of 703687 in 432.289 - percent 1
	54 of 703687 in 440.445 - percent 1
	55 of 703687 in 448.601 - percent 1
	56 of 703687 in 456.758 - percent 1
	57 of 703687 in 464.914 - percent 1
	58 of 703687 in 473.07 - percent 1
	59 of 703687 in 481.227 - percent 1
	60 of 703687 in 489.383 - percent 1
	61 of 703687 in 497.539 - percent 1
	62 of 703687 in 505.696 - percent 1
	63 of 703687 in 513.852 - percent 1
	64 of 703687 in 522.008 - percent 1
	65 of 703687 in 530.165 - percent 1
	66 of 703687 in 538.321 - percent 1
	67 of 703687 in 546.478 - percent 1
	68 of 703687 in 554.634 - percent 1
	69 of 703687 in 562.79 - percent 1
	70 of 703687 in 570.947 - percent 1
	71 of 703687 in 579.103 - percent 1
	72 of 703687 in 587.26 - percent 1
	73 of 703687 in 595.416 - percent 1
	74 of 703687 in 603.573 - percent 1
	75 of 703687 in 611.729 - percent 1
	76 of 703687 in 619.885 - percent 1
	77 of 703687 in 628.042 - percent 1
	78 of 703687 in 636.199 - percent 1
	79 of 703687 in 644.355 - percent 1
	80 of 703687 in 652.512 - percent 1
	81 of 703687 in 660.668 - percent 1
	82 of 703687 in 668.824 - percent 1
	83 of 703687 in 676.979 - percent 1
	84 of 703687 in 685.134 - percent 1
	85 of 703687 in 693.289 - percent 1
	86 of 703687 in 701.445 - percent 1
	87 of 703687 in 709.6 - percent 1
	88 of 703687 in 717.755 - percent 1
	89 of 703687 in 725.91 - percent 1
	90 of 703687 in 734.065 - percent 1
	91 of 703687 in 742.22 - percent 1
	92 of 703687 in 750.375 - percent 1
	93 of 703687 in 758.53 - percent 1
	94 of 703687 in 766.684 - percent 1
	95 of 703687 in 774.839 - percent 1
	96 of 703687 in 782.994 - percent 1
	97 of 703687 in 791.149 - percent 1
	98 of 703687 in 799.304 - percent 1
	99 of 703687 in 807.459 - percent 1
	100 of 703687 in 815.613 - percent 1
	101 of 703687 in 823.768 - percent 1
	102 of 703687 in 831.924 - percent 1
	103 of 703687 in 840.08 - percent 1
	104 of 703687 in 848.235 - percent 1
	105 of 703687 in 856.39 - percent 1
	106 of 703687 in 864.545 - percent 1
	107 of 703687 in 872.7 - percent 1
	108 of 703687 in 880.856 - percent 1
	109 of 703687 in 889.011 - percent 1
	110 of 703687 in 897.166 - percent 1
	111 of 703687 in 905.322 - percent 1
	112 of 703687 in 913.478 - percent 1
	113 of 703687 in 921.636 - percent 1
	114 of 703687 in 929.792 - percent 1
	115 of 703687 in 937.948 - percent 1
	116 of 703687 in 946.105 - percent 1
	117 of 703687 in 954.262 - percent 1
	118 of 703687 in 962.419 - percent 1
	119 of 703687 in 970.575 - percent 1
	120 of 703687 in 978.732 - percent 1
	121 of 703687 in 986.888 - percent 1
	122 of 703687 in 995.045 - percent 1
	123 of 703687 in 1003.2 - percent 1
	124 of 703687 in 1011.36 - percent 1
	125 of 703687 in 1019.51 - percent 1
	126 of 703687 in 1027.67 - percent 1
	127 of 703687 in 1035.83 - percent 1
	128 of 703687 in 1043.98 - percent 1
	129 of 703687 in 1052.14 - percent 1
	130 of 703687 in 1060.3 - percent 1
	131 of 703687 in 1068.45 - percent 1
	132 of 703687 in 1076.61 - percent 1
	133 of 703687 in 1084.77 - percent 1
	134 of 703687 in 1092.92 - percent 1
	135 of 703687 in 1101.08 - percent 1
	136 of 703687 in 1109.24 - percent 1
	137 of 703687 in 1117.39 - percent 1
	138 of 703687 in 1125.55 - percent 1
	139 of 703687 in 1133.71 - percent 1
	140 of 703687 in 1141.86 - percent 1
	141 of 703687 in 1150.02 - percent 1
	142 of 703687 in 1158.17 - percent 1
	143 of 703687 in 1166.33 - percent 1
	144 of 703687 in 1174.49 - percent 1
	145 of 703687 in 1182.64 - percent 1
	146 of 703687 in 1190.8 - percent 1
	147 of 703687 in 1198.96 - percent 1
	148 of 703687 in 1207.11 - percent 1
	149 of 703687 in 1215.27 - percent 1
	150 of 703687 in 1223.43 - percent 1
	151 of 703687 in 1231.58 - percent 1
	152 of 703687 in 1239.74 - percent 1
	153 of 703687 in 1247.9 - percent 1
	154 of 703687 in 1256.05 - percent 1
	155 of 703687 in 1264.21 - percent 1
	156 of 703687 in 1272.37 - percent 1
	157 of 703687 in 1280.52 - percent 1
	158 of 703687 in 1288.68 - percent 1
	159 of 703687 in 1296.83 - percent 1
	160 of 703687 in 1304.99 - percent 1
	161 of 703687 in 1313.15 - percent 1
	162 of 703687 in 1321.3 - percent 1
	163 of 703687 in 1329.46 - percent 1
	164 of 703687 in 1337.62 - percent 1
	165 of 703687 in 1345.77 - percent 1
	166 of 703687 in 1353.93 - percent 1
	167 of 703687 in 1362.09 - percent 1
	168 of 703687 in 1370.24 - percent 1
	169 of 703687 in 1378.4 - percent 1
	170 of 703687 in 1386.55 - percent 1
	171 of 703687 in 1394.71 - percent 1
	172 of 703687 in 1402.87 - percent 1
	173 of 703687 in 1411.02 - percent 1
	174 of 703687 in 1419.18 - percent 1
	175 of 703687 in 1427.34 - percent 1
	176 of 703687 in 1435.49 - percent 1
	177 of 703687 in 1443.65 - percent 1
	178 of 703687 in 1451.81 - percent 1
	179 of 703687 in 1459.96 - percent 1
	180 of 703687 in 1468.12 - percent 1
	181 of 703687 in 1476.28 - percent 1
	182 of 703687 in 1484.43 - percent 1
	183 of 703687 in 1492.59 - percent 1
	184 of 703687 in 1500.75 - percent 1
	185 of 703687 in 1508.9 - percent 1
	186 of 703687 in 1517.06 - percent 1
	187 of 703687 in 1525.22 - percent 1
	188 of 703687 in 1533.37 - percent 1
	189 of 703687 in 1541.53 - percent 1
	190 of 703687 in 1549.68 - percent 1
	191 of 703687 in 1557.84 - percent 1
	192 of 703687 in 1566 - percent 1
	193 of 703687 in 1574.15 - percent 1
	194 of 703687 in 1582.31 - percent 1
	195 of 703687 in 1590.47 - percent 1
	196 of 703687 in 1598.62 - percent 1
	197 of 703687 in 1606.78 - percent 1
	198 of 703687 in 1614.94 - percent 1
	199 of 703687 in 1623.09 - percent 1
	200 of 703687 in 1631.25 - percent 1
	201 of 703687 in 1639.4 - percent 1
	202 of 703687 in 1647.56 - percent 1
	203 of 703687 in 1655.72 - percent 1
	204 of 703687 in 1663.87 - percent 1
	205 of 703687 in 1672.03 - percent 1
	206 of 703687 in 1680.19 - percent 1
	207 of 703687 in 1688.34 - percent 1
	208 of 703687 in 1696.5 - percent 1
	209 of 703687 in 1704.66 - percent 1
	210 of 703687 in 1712.81 - percent 1
	211 of 703687 in 1720.97 - percent 1
	212 of 703687 in 1729.12 - percent 1
	213 of 703687 in 1737.28 - percent 1
	214 of 703687 in 1745.44 - percent 1
	215 of 703687 in 1753.59 - percent 1
	216 of 703687 in 1761.75 - percent 1
	217 of 703687 in 1769.91 - percent 1
	218 of 703687 in 1778.06 - percent 1
	219 of 703687 in 1786.22 - percent 1
	220 of 703687 in 1794.38 - percent 1
