Number of rows/cols is 57
Number of nnz is    281
#d1 vertices: 0
#d2 vertices: 8
min degree: 2
************************************************************************
Algo is 2
Compress matrix 0
Apply Dulmage-Mendehlson 0
Sorting 3
Single run 0
************************************************************************
Perman: [veni] running with 32 rows:
1 of 21 in 1.76311 - percent 0.00911903
2 of 21 in 3.53472 - percent 0.0101102
3 of 21 in 5.28504 - percent 0.00845824
4 of 21 in 7.06287 - percent 0.00961464
5 of 21 in 8.80498 - percent 0.00840537
6 of 21 in 10.5708 - percent 0.00865648
7 of 21 in 12.3314 - percent 0.00860928
8 of 21 in 14.0971 - percent 0.00882168
9 of 21 in 15.8518 - percent 0.00861603
10 of 21 in 17.6093 - percent 0.00848467
11 of 21 in 19.3828 - percent 0.00883069
12 of 21 in 21.1354 - percent 0.00858494
13 of 21 in 22.9122 - percent 0.00893605
14 of 21 in 24.6629 - percent 0.00866592
15 of 21 in 26.4342 - percent 0.00882829
16 of 21 in 28.1832 - percent 0.00862344
17 of 21 in 29.95 - percent 0.00871057
18 of 21 in 31.7142 - percent 0.00874913
19 of 21 in 33.4703 - percent 0.00865996
20 of 21 in 35.2422 - percent 0.00878203
21 of 21 in 36.9944 - percent 0.00866592
 [vidi] 2 3 /home/kaya/sparyser/matrices/will57.mtx_0 32 13318596711899488 37.8352
Perman: [veni] running with 32 rows:
1 of 21 in 1.73218 - percent 0.00906239
2 of 21 in 3.46785 - percent 0.00974207
3 of 21 in 5.19364 - percent 0.00891136
4 of 21 in 6.94097 - percent 0.0100819
5 of 21 in 8.67328 - percent 0.00987801
6 of 21 in 10.4113 - percent 0.0100442
7 of 21 in 12.1397 - percent 0.00977444
8 of 21 in 13.8821 - percent 0.0100819
9 of 21 in 15.6225 - percent 0.0102497
10 of 21 in 17.3519 - percent 0.0100593
11 of 21 in 19.0885 - percent 0.0100922
12 of 21 in 20.8133 - percent 0.00981136
13 of 21 in 22.5534 - percent 0.00993378
14 of 21 in 24.2906 - percent 0.00996864
15 of 21 in 26.0227 - percent 0.00990822
16 of 21 in 27.7553 - percent 0.00985536
17 of 21 in 29.4948 - percent 0.00995494
18 of 21 in 31.2311 - percent 0.00997383
19 of 21 in 32.9689 - percent 0.0100163
20 of 21 in 34.7063 - percent 0.0100366
21 of 21 in 36.4324 - percent 0.00990391
 [vidi] 2 3 /home/kaya/sparyser/matrices/will57.mtx_1 32 14031682200797608 37.2597
Perman: [veni] running with 32 rows:
1 of 21 in 1.52875 - percent 0.00596287
2 of 21 in 3.02722 - percent 0.00298144
3 of 21 in 4.52775 - percent 0.00198762
4 of 21 in 6.03562 - percent 0.00149072
5 of 21 in 7.53471 - percent 0.00119257
6 of 21 in 9.0347 - percent 0.000993812
7 of 21 in 10.5859 - percent 0.00255979
8 of 21 in 12.1413 - percent 0.00388652
9 of 21 in 13.6403 - percent 0.00345468
10 of 21 in 15.1391 - percent 0.00310922
11 of 21 in 16.6383 - percent 0.00282656
12 of 21 in 18.1367 - percent 0.00259101
13 of 21 in 19.6924 - percent 0.00334183
14 of 21 in 21.2153 - percent 0.00347801
15 of 21 in 22.7723 - percent 0.00414562
16 of 21 in 24.2979 - percent 0.00428582
17 of 21 in 25.7963 - percent 0.00403371
18 of 21 in 27.3399 - percent 0.00439276
19 of 21 in 28.8734 - percent 0.00459545
20 of 21 in 30.3725 - percent 0.00436568
21 of 21 in 31.8713 - percent 0.00415779
 [vidi] 2 3 /home/kaya/sparyser/matrices/will57.mtx_2 32 13188207064964096 32.5833
Perman: [veni] running with 32 rows:
1 of 21 in 1.56147 - percent 0.0112288
2 of 21 in 3.09985 - percent 0.0085184
3 of 21 in 4.63798 - percent 0.00761493
4 of 21 in 6.15105 - percent 0.0057112
5 of 21 in 7.66432 - percent 0.00456896
6 of 21 in 9.17692 - percent 0.00380747
7 of 21 in 10.7114 - percent 0.00398651
8 of 21 in 12.2757 - percent 0.0049852
9 of 21 in 13.7892 - percent 0.00443129
10 of 21 in 15.3035 - percent 0.00398816
11 of 21 in 16.818 - percent 0.0036256
12 of 21 in 18.3309 - percent 0.00332347
13 of 21 in 19.8927 - percent 0.00393157
14 of 21 in 21.4276 - percent 0.00399154
15 of 21 in 22.994 - percent 0.00454315
16 of 21 in 24.5334 - percent 0.0046222
17 of 21 in 26.0479 - percent 0.00435031
18 of 21 in 27.5752 - percent 0.00427342
19 of 21 in 29.1002 - percent 0.00417768
20 of 21 in 30.6146 - percent 0.0039688
21 of 21 in 32.1292 - percent 0.00377981
 [vidi] 2 3 /home/kaya/sparyser/matrices/will57.mtx_3 32 6594143610994688 32.8481
Perman: [veni] running with 32 rows:
1 of 21 in 1.55929 - percent 0.0112288
2 of 21 in 3.09666 - percent 0.0085184
3 of 21 in 4.63404 - percent 0.00761493
4 of 21 in 6.14606 - percent 0.0057112
5 of 21 in 7.65893 - percent 0.00456896
6 of 21 in 9.17061 - percent 0.00380747
7 of 21 in 10.7031 - percent 0.00398651
8 of 21 in 12.2659 - percent 0.0049852
9 of 21 in 13.7769 - percent 0.00443129
10 of 21 in 15.2881 - percent 0.00398816
11 of 21 in 16.7991 - percent 0.0036256
12 of 21 in 18.3103 - percent 0.00332347
13 of 21 in 19.8692 - percent 0.00393157
14 of 21 in 21.4002 - percent 0.00399154
15 of 21 in 22.9641 - percent 0.00454315
16 of 21 in 24.5002 - percent 0.0046222
17 of 21 in 26.0113 - percent 0.00435031
18 of 21 in 27.5351 - percent 0.00427342
19 of 21 in 29.057 - percent 0.00417768
20 of 21 in 30.5687 - percent 0.0039688
21 of 21 in 32.0793 - percent 0.00377981
 [vidi] 2 3 /home/kaya/sparyser/matrices/will57.mtx_4 32 9553807581118464 32.7969
Perman: [veni] running with 32 rows:
1 of 21 in 1.55818 - percent 0.0112288
2 of 21 in 3.0933 - percent 0.0085184
3 of 21 in 4.62899 - percent 0.00761493
4 of 21 in 6.13954 - percent 0.0057112
5 of 21 in 7.65003 - percent 0.00456896
6 of 21 in 9.16042 - percent 0.00380747
7 of 21 in 10.693 - percent 0.00398651
8 of 21 in 12.2544 - percent 0.0049852
9 of 21 in 13.765 - percent 0.00443129
10 of 21 in 15.2753 - percent 0.00398816
11 of 21 in 16.7856 - percent 0.0036256
12 of 21 in 18.2961 - percent 0.00332347
13 of 21 in 19.8548 - percent 0.00393157
14 of 21 in 21.3856 - percent 0.00399154
15 of 21 in 22.9485 - percent 0.00454315
16 of 21 in 24.4841 - percent 0.0046222
17 of 21 in 25.9946 - percent 0.00435031
18 of 21 in 27.5179 - percent 0.00427342
19 of 21 in 29.0392 - percent 0.00417768
20 of 21 in 30.5506 - percent 0.0039688
21 of 21 in 32.0606 - percent 0.00377981
 [vidi] 2 3 /home/kaya/sparyser/matrices/will57.mtx_5 32 9500089594675200 32.7776
Perman: [veni] running with 32 rows:
1 of 21 in 1.55842 - percent 0.0112288
2 of 21 in 3.09381 - percent 0.0085184
3 of 21 in 4.62893 - percent 0.00761493
4 of 21 in 6.14001 - percent 0.0057112
5 of 21 in 7.65047 - percent 0.00456896
6 of 21 in 9.16048 - percent 0.00380747
7 of 21 in 10.693 - percent 0.00398651
8 of 21 in 12.2542 - percent 0.0049852
9 of 21 in 13.7653 - percent 0.00443129
10 of 21 in 15.2763 - percent 0.00398816
11 of 21 in 16.7861 - percent 0.0036256
12 of 21 in 18.2973 - percent 0.00332347
13 of 21 in 19.8553 - percent 0.00393157
14 of 21 in 21.3859 - percent 0.00399154
15 of 21 in 22.9482 - percent 0.00454315
16 of 21 in 24.4831 - percent 0.0046222
17 of 21 in 25.9935 - percent 0.00435031
18 of 21 in 27.5164 - percent 0.00427342
19 of 21 in 29.0367 - percent 0.00417768
20 of 21 in 30.5479 - percent 0.0039688
21 of 21 in 32.0583 - percent 0.00377981
 [vidi] 2 3 /home/kaya/sparyser/matrices/will57.mtx_6 32 9553807581118464 32.7759
Perman: [veni] running with 32 rows:
1 of 21 in 1.55788 - percent 0.0112288
2 of 21 in 3.09312 - percent 0.0085184
3 of 21 in 4.62837 - percent 0.00761493
4 of 21 in 6.13883 - percent 0.0057112
5 of 21 in 7.64958 - percent 0.00456896
6 of 21 in 9.16018 - percent 0.00380747
7 of 21 in 10.6922 - percent 0.00398651
8 of 21 in 12.2533 - percent 0.0049852
9 of 21 in 13.7635 - percent 0.00443129
10 of 21 in 15.2746 - percent 0.00398816
11 of 21 in 16.7852 - percent 0.0036256
12 of 21 in 18.2962 - percent 0.00332347
13 of 21 in 19.8548 - percent 0.00393157
14 of 21 in 21.3861 - percent 0.00399154
15 of 21 in 22.9496 - percent 0.00454315
16 of 21 in 24.4849 - percent 0.0046222
17 of 21 in 25.9954 - percent 0.00435031
18 of 21 in 27.5181 - percent 0.00427342
19 of 21 in 29.0394 - percent 0.00417768
20 of 21 in 30.5505 - percent 0.0039688
21 of 21 in 32.0613 - percent 0.00377981
 [vidi] 2 3 /home/kaya/sparyser/matrices/will57.mtx_7 32 7851597435502592 32.7788
Perman: [veni] running with 32 rows:
1 of 21 in 1.55806 - percent 0.0112288
2 of 21 in 3.09373 - percent 0.0085184
3 of 21 in 4.62858 - percent 0.00761493
4 of 21 in 6.13878 - percent 0.0057112
5 of 21 in 7.64947 - percent 0.00456896
6 of 21 in 9.16061 - percent 0.00380747
7 of 21 in 10.6936 - percent 0.00398651
8 of 21 in 12.2553 - percent 0.0049852
9 of 21 in 13.7661 - percent 0.00443129
10 of 21 in 15.2765 - percent 0.00398816
11 of 21 in 16.7874 - percent 0.0036256
12 of 21 in 18.2985 - percent 0.00332347
13 of 21 in 19.8564 - percent 0.00393157
14 of 21 in 21.3872 - percent 0.00399154
15 of 21 in 22.9503 - percent 0.00454315
16 of 21 in 24.4854 - percent 0.0046222
17 of 21 in 25.996 - percent 0.00435031
18 of 21 in 27.5195 - percent 0.00427342
19 of 21 in 29.0403 - percent 0.00417768
20 of 21 in 30.5509 - percent 0.0039688
21 of 21 in 32.0613 - percent 0.00377981
 [vidi] 2 3 /home/kaya/sparyser/matrices/will57.mtx_8 32 9224136817115136 32.7791
Perman: [veni] running with 32 rows:
1 of 21 in 1.80633 - percent 0.0155725
2 of 21 in 3.54874 - percent 0.00778623
3 of 21 in 5.29229 - percent 0.00519082
4 of 21 in 7.03588 - percent 0.00389312
5 of 21 in 8.77777 - percent 0.00311449
6 of 21 in 10.5218 - percent 0.00259541
7 of 21 in 12.3857 - percent 0.00668662
8 of 21 in 14.2631 - percent 0.0101499
9 of 21 in 16.0029 - percent 0.00902215
10 of 21 in 17.7433 - percent 0.00811994
11 of 21 in 19.4826 - percent 0.00738176
12 of 21 in 21.2232 - percent 0.00676661
13 of 21 in 23.0943 - percent 0.00872743
14 of 21 in 24.8994 - percent 0.00909719
15 of 21 in 26.7882 - percent 0.0108266
16 of 21 in 28.5966 - percent 0.0111927
17 of 21 in 30.3386 - percent 0.0105343
18 of 21 in 32.1874 - percent 0.0114701
19 of 21 in 34.0147 - percent 0.0120013
20 of 21 in 35.7597 - percent 0.0114013
21 of 21 in 37.5039 - percent 0.0108584
 [vidi] 2 3 /home/kaya/sparyser/matrices/will57.mtx_9 32 11284783904587776 38.3315
Perman: [veni] running with 32 rows:
1 of 21 in 1.44017 - percent 0.0293248
2 of 21 in 2.82871 - percent 0.0222464
3 of 21 in 4.21779 - percent 0.0198869
4 of 21 in 5.54995 - percent 0.0149152
5 of 21 in 6.88326 - percent 0.0119322
6 of 21 in 8.21703 - percent 0.00994346
7 of 21 in 9.5983 - percent 0.0104125
8 of 21 in 11.0452 - percent 0.0130192
9 of 21 in 12.3794 - percent 0.0115726
10 of 21 in 13.7127 - percent 0.0104154
11 of 21 in 15.0462 - percent 0.00946851
12 of 21 in 16.3797 - percent 0.00867947
13 of 21 in 17.8192 - percent 0.0102676
14 of 21 in 19.1972 - percent 0.010437
15 of 21 in 20.6467 - percent 0.0118647
16 of 21 in 22.0341 - percent 0.0120712
17 of 21 in 23.3667 - percent 0.0113611
18 of 21 in 24.7271 - percent 0.0111513
19 of 21 in 26.0847 - percent 0.0109103
20 of 21 in 27.418 - percent 0.0103648
21 of 21 in 28.7513 - percent 0.00987124
 [vidi] 2 3 /home/kaya/sparyser/matrices/will57.mtx_10 32 1841243889860608 29.3849
Perman: [veni] running with 32 rows:
1 of 21 in 1.39699 - percent 0.0190611
2 of 21 in 2.75612 - percent 0.0144602
3 of 21 in 4.11571 - percent 0.0129265
4 of 21 in 5.43437 - percent 0.00969488
5 of 21 in 6.75322 - percent 0.0077559
6 of 21 in 8.07236 - percent 0.00646325
7 of 21 in 9.42654 - percent 0.0067681
8 of 21 in 10.8276 - percent 0.00846248
9 of 21 in 12.1448 - percent 0.0075222
10 of 21 in 13.4634 - percent 0.00676998
11 of 21 in 14.7822 - percent 0.00615453
12 of 21 in 16.1009 - percent 0.00564165
13 of 21 in 17.4973 - percent 0.00667392
14 of 21 in 18.848 - percent 0.00678407
15 of 21 in 20.2525 - percent 0.00771208
16 of 21 in 21.613 - percent 0.00784628
17 of 21 in 22.932 - percent 0.00738473
18 of 21 in 24.2693 - percent 0.00724834
19 of 21 in 25.6032 - percent 0.0070917
20 of 21 in 26.9195 - percent 0.00673712
21 of 21 in 28.2353 - percent 0.0064163
 [vidi] 2 3 /home/kaya/sparyser/matrices/will57.mtx_11 32 1289503801081856 28.8606
Perman: [veni] running with 32 rows:
1 of 21 in 1.39228 - percent 0.0161286
2 of 21 in 2.74957 - percent 0.0122355
3 of 21 in 4.10693 - percent 0.0109378
4 of 21 in 5.4286 - percent 0.00820336
5 of 21 in 6.75028 - percent 0.00656269
6 of 21 in 8.07204 - percent 0.0054689
7 of 21 in 9.42537 - percent 0.00572685
8 of 21 in 10.8219 - percent 0.00716056
9 of 21 in 12.1434 - percent 0.00636494
10 of 21 in 13.4651 - percent 0.00572845
11 of 21 in 14.787 - percent 0.00520768
12 of 21 in 16.1095 - percent 0.00477371
13 of 21 in 17.5012 - percent 0.00564716
14 of 21 in 18.8534 - percent 0.00574037
15 of 21 in 20.2512 - percent 0.00652561
16 of 21 in 21.6094 - percent 0.00663916
17 of 21 in 22.9315 - percent 0.00624862
18 of 21 in 24.2718 - percent 0.00613321
19 of 21 in 25.6099 - percent 0.00600067
20 of 21 in 26.9317 - percent 0.00570064
21 of 21 in 28.2539 - percent 0.00542918
 [vidi] 2 3 /home/kaya/sparyser/matrices/will57.mtx_12 32 1037011263684608 28.8816
Perman: [veni] running with 32 rows:
1 of 21 in 1.39986 - percent 0.0190611
2 of 21 in 2.75971 - percent 0.0144602
3 of 21 in 4.12225 - percent 0.0129265
4 of 21 in 5.44011 - percent 0.00969488
5 of 21 in 6.76917 - percent 0.0077559
6 of 21 in 8.09744 - percent 0.00646325
7 of 21 in 9.45989 - percent 0.0067681
8 of 21 in 10.8636 - percent 0.00846248
9 of 21 in 12.1797 - percent 0.0075222
10 of 21 in 13.4961 - percent 0.00676998
11 of 21 in 14.8123 - percent 0.00615453
12 of 21 in 16.128 - percent 0.00564165
13 of 21 in 17.5265 - percent 0.00667392
14 of 21 in 18.8777 - percent 0.00678407
15 of 21 in 20.2845 - percent 0.00771208
16 of 21 in 21.643 - percent 0.00784628
17 of 21 in 22.9584 - percent 0.00738473
18 of 21 in 24.2958 - percent 0.00724834
19 of 21 in 25.6304 - percent 0.0070917
20 of 21 in 26.9464 - percent 0.00673712
21 of 21 in 28.2699 - percent 0.0064163
 [vidi] 2 3 /home/kaya/sparyser/matrices/will57.mtx_13 32 1188271421915136 28.9008
Perman: [veni] running with 32 rows:
1 of 21 in 1.39154 - percent 0.0175949
2 of 21 in 2.74608 - percent 0.0133478
3 of 21 in 4.10199 - percent 0.0119322
4 of 21 in 5.41974 - percent 0.00894912
5 of 21 in 6.73556 - percent 0.00715929
6 of 21 in 8.05087 - percent 0.00596608
7 of 21 in 9.40057 - percent 0.00624747
8 of 21 in 10.796 - percent 0.00781152
9 of 21 in 12.1125 - percent 0.00694357
10 of 21 in 13.4275 - percent 0.00624921
11 of 21 in 14.7428 - percent 0.0056811
12 of 21 in 16.0573 - percent 0.00520768
13 of 21 in 17.4489 - percent 0.00616054
14 of 21 in 18.7969 - percent 0.00626222
15 of 21 in 20.1952 - percent 0.00711885
16 of 21 in 21.5501 - percent 0.00724272
17 of 21 in 22.8656 - percent 0.00681668
18 of 21 in 24.2005 - percent 0.00669077
19 of 21 in 25.5321 - percent 0.00654619
20 of 21 in 26.8476 - percent 0.00621888
21 of 21 in 28.1624 - percent 0.00592274
 [vidi] 2 3 /home/kaya/sparyser/matrices/will57.mtx_14 32 1692509172400128 28.7866
Perman: [veni] running with 32 rows:
1 of 21 in 1.84472 - percent 0.0322573
2 of 21 in 3.62864 - percent 0.024471
3 of 21 in 5.41225 - percent 0.0218756
4 of 21 in 7.13202 - percent 0.0164067
5 of 21 in 8.85199 - percent 0.0131254
6 of 21 in 10.5718 - percent 0.0109378
7 of 21 in 12.3479 - percent 0.0114526
8 of 21 in 14.2021 - percent 0.0143211
9 of 21 in 15.9221 - percent 0.0127299
10 of 21 in 17.6422 - percent 0.0114569
11 of 21 in 19.3636 - percent 0.0104154
12 of 21 in 21.0831 - percent 0.00954741
13 of 21 in 22.9282 - percent 0.0112943
14 of 21 in 24.7032 - percent 0.0114807
15 of 21 in 26.5573 - percent 0.0130512
16 of 21 in 28.3427 - percent 0.0132783
17 of 21 in 30.0646 - percent 0.0124972
18 of 21 in 31.8164 - percent 0.0122664
19 of 21 in 33.5651 - percent 0.0120013
20 of 21 in 35.2854 - percent 0.0114013
21 of 21 in 37.005 - percent 0.0108584
 [vidi] 2 3 /home/kaya/sparyser/matrices/will57.mtx_15 32 7306004249042944 37.8221
Perman: [veni] running with 32 rows:
1 of 21 in 1.39614 - percent 0.0210336
2 of 21 in 2.73654 - percent 0.0141568
3 of 21 in 4.05878 - percent 0.0102805
4 of 21 in 5.38708 - percent 0.008848
5 of 21 in 6.69706 - percent 0.0070784
6 of 21 in 8.02756 - percent 0.00665706
7 of 21 in 9.37137 - percent 0.006936
8 of 21 in 10.765 - percent 0.0087094
9 of 21 in 12.0963 - percent 0.00827529
10 of 21 in 13.4102 - percent 0.00753344
11 of 21 in 14.7399 - percent 0.00726225
12 of 21 in 16.0613 - percent 0.00686773
13 of 21 in 17.4479 - percent 0.0078312
14 of 21 in 18.8407 - percent 0.00878263
15 of 21 in 20.2337 - percent 0.00960336
16 of 21 in 21.6306 - percent 0.0103252
17 of 21 in 22.9573 - percent 0.00994268
18 of 21 in 24.3166 - percent 0.0100812
19 of 21 in 25.6918 - percent 0.0104313
20 of 21 in 27.0215 - percent 0.0101373
21 of 21 in 28.3326 - percent 0.00965455
 [vidi] 2 3 /home/kaya/sparyser/matrices/will57.mtx_16 32 1489852037582848 28.9743
Perman: [veni] running with 32 rows:
1 of 21 in 1.36187 - percent 0.0136718
2 of 21 in 2.68431 - percent 0.00920192
3 of 21 in 3.9915 - percent 0.00668234
4 of 21 in 5.30248 - percent 0.0057512
5 of 21 in 6.60116 - percent 0.00460096
6 of 21 in 7.91283 - percent 0.00432709
7 of 21 in 9.23533 - percent 0.0045084
8 of 21 in 10.5919 - percent 0.00566111
9 of 21 in 11.9034 - percent 0.00537894
10 of 21 in 13.2044 - percent 0.00489673
11 of 21 in 14.5155 - percent 0.00472046
12 of 21 in 15.8218 - percent 0.00446403
13 of 21 in 17.173 - percent 0.00509028
14 of 21 in 18.5288 - percent 0.00570871
15 of 21 in 19.8854 - percent 0.00624218
16 of 21 in 21.242 - percent 0.00671138
17 of 21 in 22.5514 - percent 0.00646274
18 of 21 in 23.8841 - percent 0.00655281
19 of 21 in 25.2281 - percent 0.00678036
20 of 21 in 26.5389 - percent 0.00658923
21 of 21 in 27.8379 - percent 0.00627546
 [vidi] 2 3 /home/kaya/sparyser/matrices/will57.mtx_17 32 1480804227274752 28.4668
Perman: [veni] running with 32 rows:
1 of 21 in 1.3575 - percent 0.0115685
2 of 21 in 2.681 - percent 0.00778623
3 of 21 in 3.99336 - percent 0.00565429
4 of 21 in 5.31029 - percent 0.0048664
5 of 21 in 6.61822 - percent 0.00389312
6 of 21 in 7.93615 - percent 0.00366139
7 of 21 in 9.26382 - percent 0.0038148
8 of 21 in 10.6204 - percent 0.00479017
9 of 21 in 11.9383 - percent 0.00455141
10 of 21 in 13.2474 - percent 0.00414339
11 of 21 in 14.5659 - percent 0.00399424
12 of 21 in 15.8787 - percent 0.00377725
13 of 21 in 17.2321 - percent 0.00430716
14 of 21 in 18.5884 - percent 0.00483045
15 of 21 in 19.9459 - percent 0.00528185
16 of 21 in 21.3042 - percent 0.00567886
17 of 21 in 22.6214 - percent 0.00546847
18 of 21 in 23.9591 - percent 0.00554468
19 of 21 in 25.3057 - percent 0.00573723
20 of 21 in 26.6225 - percent 0.0055755
21 of 21 in 27.929 - percent 0.00531
 [vidi] 2 3 /home/kaya/sparyser/matrices/will57.mtx_18 32 1489851446418432 28.5606
Perman: [veni] running with 32 rows:
1 of 21 in 1.35963 - percent 0.0136718
2 of 21 in 2.68019 - percent 0.00920192
3 of 21 in 4.00032 - percent 0.00668234
4 of 21 in 5.32684 - percent 0.0057512
5 of 21 in 6.62646 - percent 0.00460096
6 of 21 in 7.93905 - percent 0.00432709
7 of 21 in 9.26261 - percent 0.0045084
8 of 21 in 10.6318 - percent 0.00566111
9 of 21 in 11.9601 - percent 0.00537894
10 of 21 in 13.268 - percent 0.00489673
11 of 21 in 14.5798 - percent 0.00472046
12 of 21 in 15.8862 - percent 0.00446403
13 of 21 in 17.24 - percent 0.00509028
14 of 21 in 18.5992 - percent 0.00570871
15 of 21 in 19.9585 - percent 0.00624218
16 of 21 in 21.3168 - percent 0.00671138
17 of 21 in 22.6263 - percent 0.00646274
18 of 21 in 23.9604 - percent 0.00655281
19 of 21 in 25.3072 - percent 0.00678036
20 of 21 in 26.6204 - percent 0.00658923
21 of 21 in 27.919 - percent 0.00627546
 [vidi] 2 3 /home/kaya/sparyser/matrices/will57.mtx_19 32 1224453244470272 28.5503
Perman: [veni] running with 32 rows:
1 of 21 in 1.35605 - percent 0.0126202
2 of 21 in 2.67437 - percent 0.00849408
3 of 21 in 3.97967 - percent 0.00616832
4 of 21 in 5.29054 - percent 0.0053088
5 of 21 in 6.58896 - percent 0.00424704
6 of 21 in 7.90067 - percent 0.00399424
7 of 21 in 9.22264 - percent 0.0041616
8 of 21 in 10.577 - percent 0.00522564
9 of 21 in 11.8885 - percent 0.00496517
10 of 21 in 13.1896 - percent 0.00452006
11 of 21 in 14.5007 - percent 0.00435735
12 of 21 in 15.8069 - percent 0.00412064
13 of 21 in 17.1563 - percent 0.00469872
14 of 21 in 18.5106 - percent 0.00526958
15 of 21 in 19.8654 - percent 0.00576202
16 of 21 in 21.2203 - percent 0.00619512
17 of 21 in 22.529 - percent 0.00596561
18 of 21 in 23.8601 - percent 0.00604875
19 of 21 in 25.2024 - percent 0.0062588
20 of 21 in 26.5129 - percent 0.00608237
21 of 21 in 27.8118 - percent 0.00579273
 [vidi] 2 3 /home/kaya/sparyser/matrices/will57.mtx_20 32 1438581793618944 28.4404
Perman: [veni] running with 32 rows:
1 of 21 in 1.65675 - percent 0.0322573
2 of 21 in 3.25614 - percent 0.024471
3 of 21 in 4.85498 - percent 0.0218756
4 of 21 in 6.39142 - percent 0.0164067
5 of 21 in 7.92759 - percent 0.0131254
6 of 21 in 9.46311 - percent 0.0109378
7 of 21 in 11.0533 - percent 0.0114526
8 of 21 in 12.7154 - percent 0.0143211
9 of 21 in 14.2526 - percent 0.0127299
10 of 21 in 15.7919 - percent 0.0114569
11 of 21 in 17.3303 - percent 0.0104154
12 of 21 in 18.8684 - percent 0.00954741
13 of 21 in 20.5245 - percent 0.0112943
14 of 21 in 22.1143 - percent 0.0114807
15 of 21 in 23.7792 - percent 0.0130512
16 of 21 in 25.3774 - percent 0.0132783
17 of 21 in 26.9155 - percent 0.0124972
18 of 21 in 28.4834 - percent 0.0122664
19 of 21 in 30.0482 - percent 0.0120013
20 of 21 in 31.5865 - percent 0.0114013
21 of 21 in 33.123 - percent 0.0108584
 [vidi] 2 3 /home/kaya/sparyser/matrices/will57.mtx_21 32 2352397780004864 33.8521
Perman: [veni] running with 32 rows:
1 of 21 in 1.2676 - percent 0.0136718
2 of 21 in 2.50058 - percent 0.00920192
3 of 21 in 3.72171 - percent 0.00668234
4 of 21 in 4.94807 - percent 0.0057512
5 of 21 in 6.16298 - percent 0.00460096
6 of 21 in 7.38908 - percent 0.00432709
7 of 21 in 8.62494 - percent 0.0045084
8 of 21 in 9.89198 - percent 0.00566111
9 of 21 in 11.1182 - percent 0.00537894
10 of 21 in 12.3348 - percent 0.00489673
11 of 21 in 13.5612 - percent 0.00472046
12 of 21 in 14.7824 - percent 0.00446403
13 of 21 in 16.0454 - percent 0.00509028
14 of 21 in 17.3131 - percent 0.00570871
15 of 21 in 18.5801 - percent 0.00624218
16 of 21 in 19.8475 - percent 0.00671138
17 of 21 in 21.0717 - percent 0.00646274
18 of 21 in 22.317 - percent 0.00655281
19 of 21 in 23.5734 - percent 0.00678036
20 of 21 in 24.7989 - percent 0.00658923
21 of 21 in 26.0139 - percent 0.00627546
 [vidi] 2 3 /home/kaya/sparyser/matrices/will57.mtx_22 32 387542377267456 26.6026
Perman: [veni] running with 32 rows:
1 of 21 in 1.26699 - percent 0.0136718
2 of 21 in 2.49954 - percent 0.00920192
3 of 21 in 3.7201 - percent 0.00668234
4 of 21 in 4.94557 - percent 0.0057512
5 of 21 in 6.16056 - percent 0.00460096
6 of 21 in 7.38712 - percent 0.00432709
7 of 21 in 8.62461 - percent 0.0045084
8 of 21 in 9.89755 - percent 0.00566111
9 of 21 in 11.125 - percent 0.00537894
10 of 21 in 12.342 - percent 0.00489673
11 of 21 in 13.5682 - percent 0.00472046
12 of 21 in 14.7893 - percent 0.00446403
13 of 21 in 16.0522 - percent 0.00509028
14 of 21 in 17.3196 - percent 0.00570871
15 of 21 in 18.5871 - percent 0.00624218
16 of 21 in 19.8548 - percent 0.00671138
17 of 21 in 21.0797 - percent 0.00646274
18 of 21 in 22.3295 - percent 0.00655281
19 of 21 in 23.5913 - percent 0.00678036
20 of 21 in 24.8233 - percent 0.00658923
21 of 21 in 26.04 - percent 0.00627546
 [vidi] 2 3 /home/kaya/sparyser/matrices/will57.mtx_23 32 389050418416128 26.6283
Perman: [veni] running with 32 rows:
1 of 21 in 1.26756 - percent 0.0136718
2 of 21 in 2.50078 - percent 0.00920192
3 of 21 in 3.72176 - percent 0.00668234
4 of 21 in 4.94736 - percent 0.0057512
5 of 21 in 6.16266 - percent 0.00460096
6 of 21 in 7.38923 - percent 0.00432709
7 of 21 in 8.62582 - percent 0.0045084
8 of 21 in 9.89324 - percent 0.00566111
9 of 21 in 11.1195 - percent 0.00537894
10 of 21 in 12.3363 - percent 0.00489673
11 of 21 in 13.5621 - percent 0.00472046
12 of 21 in 14.7844 - percent 0.00446403
13 of 21 in 16.0476 - percent 0.00509028
14 of 21 in 17.3153 - percent 0.00570871
15 of 21 in 18.5829 - percent 0.00624218
16 of 21 in 19.8509 - percent 0.00671138
17 of 21 in 21.0755 - percent 0.00646274
18 of 21 in 22.3213 - percent 0.00655281
19 of 21 in 23.5782 - percent 0.00678036
20 of 21 in 24.8106 - percent 0.00658923
21 of 21 in 26.0263 - percent 0.00627546
 [vidi] 2 3 /home/kaya/sparyser/matrices/will57.mtx_24 32 319684867127040 26.6145
Perman: [veni] running with 32 rows:
1 of 21 in 1.26752 - percent 0.0136718
2 of 21 in 2.50321 - percent 0.00920192
3 of 21 in 3.72967 - percent 0.00668234
4 of 21 in 4.9608 - percent 0.0057512
5 of 21 in 6.17747 - percent 0.00460096
6 of 21 in 7.40438 - percent 0.00432709
7 of 21 in 8.64063 - percent 0.0045084
8 of 21 in 9.90766 - percent 0.00566111
9 of 21 in 11.1386 - percent 0.00537894
10 of 21 in 12.3579 - percent 0.00489673
11 of 21 in 13.5838 - percent 0.00472046
12 of 21 in 14.8048 - percent 0.00446403
13 of 21 in 16.0679 - percent 0.00509028
14 of 21 in 17.3369 - percent 0.00570871
15 of 21 in 18.6046 - percent 0.00624218
16 of 21 in 19.8723 - percent 0.00671138
17 of 21 in 21.0962 - percent 0.00646274
18 of 21 in 22.3427 - percent 0.00655281
19 of 21 in 23.5993 - percent 0.00678036
20 of 21 in 24.825 - percent 0.00658923
21 of 21 in 26.0402 - percent 0.00627546
 [vidi] 2 3 /home/kaya/sparyser/matrices/will57.mtx_25 32 375478879855104 26.6282
Perman: [veni] running with 32 rows:
1 of 21 in 1.54603 - percent 0.0269491
2 of 21 in 3.04251 - percent 0.0204442
3 of 21 in 4.53791 - percent 0.0182758
4 of 21 in 5.98027 - percent 0.0137069
5 of 21 in 7.42427 - percent 0.0109655
6 of 21 in 8.8583 - percent 0.00913792
7 of 21 in 10.3377 - percent 0.00956798
8 of 21 in 11.8801 - percent 0.0119645
9 of 21 in 13.3125 - percent 0.0106351
10 of 21 in 14.7442 - percent 0.00957158
11 of 21 in 16.1769 - percent 0.00870144
12 of 21 in 17.6093 - percent 0.00797632
13 of 21 in 19.1452 - percent 0.00943577
14 of 21 in 20.6219 - percent 0.0095915
15 of 21 in 22.1664 - percent 0.0109036
16 of 21 in 23.6515 - percent 0.0110933
17 of 21 in 25.0836 - percent 0.0104407
18 of 21 in 26.5419 - percent 0.0102479
19 of 21 in 27.9961 - percent 0.0100264
20 of 21 in 29.427 - percent 0.00952512
21 of 21 in 30.8581 - percent 0.00907154
 [vidi] 2 3 /home/kaya/sparyser/matrices/will57.mtx_26 32 6243364177444864 31.5377
Perman: [veni] running with 32 rows:
1 of 21 in 1.74748 - percent 0.0167936
2 of 21 in 3.44085 - percent 0.0083968
3 of 21 in 5.13431 - percent 0.00559786
4 of 21 in 6.82829 - percent 0.0041984
5 of 21 in 8.52163 - percent 0.00335872
6 of 21 in 10.2151 - percent 0.00279893
7 of 21 in 12.0195 - percent 0.00728073
8 of 21 in 13.841 - percent 0.0112832
9 of 21 in 15.5344 - percent 0.0100295
10 of 21 in 17.2281 - percent 0.00902656
11 of 21 in 18.9223 - percent 0.00820596
12 of 21 in 20.6159 - percent 0.00752213
13 of 21 in 22.4254 - percent 0.00968861
14 of 21 in 24.1697 - percent 0.0101211
15 of 21 in 25.9894 - percent 0.0120354
16 of 21 in 27.744 - percent 0.012464
17 of 21 in 29.4376 - percent 0.0117308
18 of 21 in 31.2287 - percent 0.0127461
19 of 21 in 33.002 - percent 0.0133686
20 of 21 in 34.6951 - percent 0.0127002
21 of 21 in 36.3891 - percent 0.0120954
 [vidi] 2 3 /home/kaya/sparyser/matrices/will57.mtx_27 32 10224713632579584 37.1935
Perman: [veni] running with 32 rows:
1 of 21 in 1.44626 - percent 0.010496
2 of 21 in 2.84973 - percent 0.00524799
3 of 21 in 4.2532 - percent 0.00349866
4 of 21 in 5.65709 - percent 0.002624
5 of 21 in 7.06093 - percent 0.0020992
6 of 21 in 8.46404 - percent 0.00174933
7 of 21 in 9.94902 - percent 0.00455046
8 of 21 in 11.446 - percent 0.007052
9 of 21 in 12.8494 - percent 0.00626844
10 of 21 in 14.2531 - percent 0.0056416
11 of 21 in 15.6569 - percent 0.00512873
12 of 21 in 17.0606 - percent 0.00470133
13 of 21 in 18.5493 - percent 0.00605538
14 of 21 in 19.99 - percent 0.00632571
15 of 21 in 21.4851 - percent 0.00752213
16 of 21 in 22.9324 - percent 0.00779
17 of 21 in 24.3353 - percent 0.00733176
18 of 21 in 25.8095 - percent 0.00796631
19 of 21 in 27.2712 - percent 0.00835537
20 of 21 in 28.6746 - percent 0.0079376
21 of 21 in 30.0775 - percent 0.00755962
 [vidi] 2 3 /home/kaya/sparyser/matrices/will57.mtx_28 32 3395078462636032 30.7442
Perman: [veni] running with 32 rows:
1 of 21 in 1.44129 - percent 0.010496
2 of 21 in 2.84248 - percent 0.00524799
3 of 21 in 4.24328 - percent 0.00349866
4 of 21 in 5.6443 - percent 0.002624
5 of 21 in 7.04643 - percent 0.0020992
6 of 21 in 8.44743 - percent 0.00174933
7 of 21 in 9.93152 - percent 0.00455046
8 of 21 in 11.4278 - percent 0.007052
9 of 21 in 12.8284 - percent 0.00626844
10 of 21 in 14.229 - percent 0.0056416
11 of 21 in 15.63 - percent 0.00512873
12 of 21 in 17.0307 - percent 0.00470133
13 of 21 in 18.5184 - percent 0.00605538
14 of 21 in 19.9571 - percent 0.00632571
15 of 21 in 21.4519 - percent 0.00752213
16 of 21 in 22.8994 - percent 0.00779
17 of 21 in 24.2997 - percent 0.00733176
18 of 21 in 25.7738 - percent 0.00796631
19 of 21 in 27.2344 - percent 0.00835537
20 of 21 in 28.6347 - percent 0.0079376
21 of 21 in 30.035 - percent 0.00755962
 [vidi] 2 3 /home/kaya/sparyser/matrices/will57.mtx_29 32 3372528986750976 30.6997
Perman: [veni] running with 32 rows:
1 of 21 in 1.4429 - percent 0.010496
2 of 21 in 2.8455 - percent 0.00524799
3 of 21 in 4.24805 - percent 0.00349866
4 of 21 in 5.65127 - percent 0.002624
5 of 21 in 7.05476 - percent 0.0020992
6 of 21 in 8.45705 - percent 0.00174933
7 of 21 in 9.94166 - percent 0.00455046
8 of 21 in 11.4385 - percent 0.007052
9 of 21 in 12.8417 - percent 0.00626844
10 of 21 in 14.2443 - percent 0.0056416
11 of 21 in 15.6473 - percent 0.00512873
12 of 21 in 17.0498 - percent 0.00470133
13 of 21 in 18.5376 - percent 0.00605538
14 of 21 in 19.9774 - percent 0.00632571
15 of 21 in 21.4727 - percent 0.00752213
16 of 21 in 22.9203 - percent 0.00779
17 of 21 in 24.3231 - percent 0.00733176
18 of 21 in 25.7977 - percent 0.00796631
19 of 21 in 27.2591 - percent 0.00835537
20 of 21 in 28.662 - percent 0.0079376
21 of 21 in 30.0648 - percent 0.00755962
 [vidi] 2 3 /home/kaya/sparyser/matrices/will57.mtx_30 32 3395774633213952 30.7309
Perman: [veni] running with 32 rows:
1 of 21 in 1.44249 - percent 0.010496
2 of 21 in 2.84484 - percent 0.00524799
3 of 21 in 4.24894 - percent 0.00349866
4 of 21 in 5.65181 - percent 0.002624
5 of 21 in 7.05499 - percent 0.0020992
6 of 21 in 8.45786 - percent 0.00174933
7 of 21 in 9.94232 - percent 0.00455046
8 of 21 in 11.4389 - percent 0.007052
9 of 21 in 12.842 - percent 0.00626844
10 of 21 in 14.2457 - percent 0.0056416
11 of 21 in 15.6492 - percent 0.00512873
12 of 21 in 17.0519 - percent 0.00470133
13 of 21 in 18.5404 - percent 0.00605538
14 of 21 in 19.9805 - percent 0.00632571
15 of 21 in 21.4764 - percent 0.00752213
16 of 21 in 22.9248 - percent 0.00779
17 of 21 in 24.3279 - percent 0.00733176
18 of 21 in 25.802 - percent 0.00796631
19 of 21 in 27.2634 - percent 0.00835537
20 of 21 in 28.6657 - percent 0.0079376
21 of 21 in 30.0686 - percent 0.00755962
 [vidi] 2 3 /home/kaya/sparyser/matrices/will57.mtx_31 32 2790390268690432 30.7347
Perman: [veni] running with 32 rows:
1 of 21 in 1.44316 - percent 0.010496
2 of 21 in 2.84669 - percent 0.00524799
3 of 21 in 4.24927 - percent 0.00349866
4 of 21 in 5.65363 - percent 0.002624
5 of 21 in 7.05811 - percent 0.0020992
6 of 21 in 8.46307 - percent 0.00174933
7 of 21 in 9.94906 - percent 0.00455046
8 of 21 in 11.4472 - percent 0.007052
9 of 21 in 12.8523 - percent 0.00626844
10 of 21 in 14.2567 - percent 0.0056416
11 of 21 in 15.6613 - percent 0.00512873
12 of 21 in 17.0653 - percent 0.00470133
13 of 21 in 18.5549 - percent 0.00605538
14 of 21 in 19.9958 - percent 0.00632571
15 of 21 in 21.4915 - percent 0.00752213
16 of 21 in 22.9401 - percent 0.00779
17 of 21 in 24.3432 - percent 0.00733176
18 of 21 in 25.8181 - percent 0.00796631
19 of 21 in 27.281 - percent 0.00835537
20 of 21 in 28.6848 - percent 0.0079376
21 of 21 in 30.0887 - percent 0.00755962
 [vidi] 2 3 /home/kaya/sparyser/matrices/will57.mtx_32 32 3280999949533184 30.7554
Perman: [veni] running with 32 rows:
1 of 21 in 1.81014 - percent 0.0359321
2 of 21 in 3.56376 - percent 0.0272589
3 of 21 in 5.31757 - percent 0.0243678
4 of 21 in 7.01042 - percent 0.0182758
5 of 21 in 8.70355 - percent 0.0146207
6 of 21 in 10.3969 - percent 0.0121839
7 of 21 in 12.1426 - percent 0.0127573
8 of 21 in 13.9604 - percent 0.0159526
9 of 21 in 15.6536 - percent 0.0141801
10 of 21 in 17.3473 - percent 0.0127621
11 of 21 in 19.041 - percent 0.0116019
12 of 21 in 20.7346 - percent 0.0106351
13 of 21 in 22.5449 - percent 0.012581
14 of 21 in 24.2885 - percent 0.0127887
15 of 21 in 26.1088 - percent 0.0145381
16 of 21 in 27.8622 - percent 0.014791
17 of 21 in 29.5551 - percent 0.013921
18 of 21 in 31.2782 - percent 0.0136639
19 of 21 in 32.9972 - percent 0.0133686
20 of 21 in 34.6907 - percent 0.0127002
21 of 21 in 36.3843 - percent 0.0120954
 [vidi] 2 3 /home/kaya/sparyser/matrices/will57.mtx_33 32 6065570785001472 37.1882
Perman: [veni] running with 32 rows:
1 of 21 in 1.32844 - percent 0.010496
2 of 21 in 2.61748 - percent 0.00524799
3 of 21 in 3.90669 - percent 0.00349866
4 of 21 in 5.20543 - percent 0.002624
5 of 21 in 6.50761 - percent 0.0020992
6 of 21 in 7.79791 - percent 0.00174933
7 of 21 in 9.16666 - percent 0.00455046
8 of 21 in 10.5468 - percent 0.007052
9 of 21 in 11.8347 - percent 0.00626844
10 of 21 in 13.1237 - percent 0.0056416
11 of 21 in 14.4117 - percent 0.00512873
12 of 21 in 15.7002 - percent 0.00470133
13 of 21 in 17.0821 - percent 0.00605538
14 of 21 in 18.4162 - percent 0.00632571
15 of 21 in 19.7957 - percent 0.00752213
16 of 21 in 21.1278 - percent 0.00779
17 of 21 in 22.4178 - percent 0.00733176
18 of 21 in 23.7887 - percent 0.00796631
19 of 21 in 25.1363 - percent 0.00835537
20 of 21 in 26.4253 - percent 0.0079376
21 of 21 in 27.7274 - percent 0.00755962
 [vidi] 2 3 /home/kaya/sparyser/matrices/will57.mtx_34 32 1199689865101312 28.3462
Perman: [veni] running with 32 rows:
1 of 21 in 1.29867 - percent 0.00682239
2 of 21 in 2.56994 - percent 0.0034112
3 of 21 in 3.84162 - percent 0.00227413
4 of 21 in 5.11342 - percent 0.0017056
5 of 21 in 6.38515 - percent 0.00136448
6 of 21 in 7.6563 - percent 0.00113707
7 of 21 in 8.98405 - percent 0.0029578
8 of 21 in 10.32 - percent 0.0045838
9 of 21 in 11.591 - percent 0.00407449
10 of 21 in 12.8613 - percent 0.00366704
11 of 21 in 14.132 - percent 0.00333367
12 of 21 in 15.4035 - percent 0.00305587
13 of 21 in 16.7333 - percent 0.003936
14 of 21 in 18.0304 - percent 0.00411171
15 of 21 in 19.3654 - percent 0.00488939
16 of 21 in 20.6675 - percent 0.0050635
17 of 21 in 21.9387 - percent 0.00476565
18 of 21 in 23.2599 - percent 0.0051781
19 of 21 in 24.572 - percent 0.00543099
20 of 21 in 25.843 - percent 0.00515944
21 of 21 in 27.1139 - percent 0.00491375
 [vidi] 2 3 /home/kaya/sparyser/matrices/will57.mtx_35 32 1195279596388352 27.7171
Perman: [veni] running with 32 rows:
1 of 21 in 1.29486 - percent 0.00577279
2 of 21 in 2.56537 - percent 0.00288639
3 of 21 in 3.83671 - percent 0.00192426
4 of 21 in 5.10939 - percent 0.0014432
5 of 21 in 6.3883 - percent 0.00115456
6 of 21 in 7.67203 - percent 0.000962132
7 of 21 in 8.99583 - percent 0.00250275
8 of 21 in 10.3257 - percent 0.0038786
9 of 21 in 11.6081 - percent 0.00344764
10 of 21 in 12.8842 - percent 0.00310288
11 of 21 in 14.1569 - percent 0.0028208
12 of 21 in 15.4295 - percent 0.00258573
13 of 21 in 16.7532 - percent 0.00333046
14 of 21 in 18.0483 - percent 0.00347914
15 of 21 in 19.3792 - percent 0.00413717
16 of 21 in 20.6788 - percent 0.0042845
17 of 21 in 21.9492 - percent 0.00403247
18 of 21 in 23.2668 - percent 0.00438147
19 of 21 in 24.579 - percent 0.00459545
20 of 21 in 25.8503 - percent 0.00436568
21 of 21 in 27.121 - percent 0.00415779
 [vidi] 2 3 /home/kaya/sparyser/matrices/will57.mtx_36 32 1200387226861568 27.7317
Perman: [veni] running with 32 rows:
1 of 21 in 1.29759 - percent 0.00682239
2 of 21 in 2.56809 - percent 0.0034112
3 of 21 in 3.83881 - percent 0.00227413
4 of 21 in 5.10936 - percent 0.0017056
5 of 21 in 6.37891 - percent 0.00136448
6 of 21 in 7.64813 - percent 0.00113707
7 of 21 in 8.97365 - percent 0.0029578
8 of 21 in 10.3075 - percent 0.0045838
9 of 21 in 11.5751 - percent 0.00407449
10 of 21 in 12.8431 - percent 0.00366704
11 of 21 in 14.1108 - percent 0.00333367
12 of 21 in 15.3797 - percent 0.00305587
13 of 21 in 16.7077 - percent 0.003936
14 of 21 in 18.0019 - percent 0.00411171
15 of 21 in 19.3354 - percent 0.00488939
16 of 21 in 20.6357 - percent 0.0050635
17 of 21 in 21.9045 - percent 0.00476565
18 of 21 in 23.2233 - percent 0.0051781
19 of 21 in 24.5332 - percent 0.00543099
20 of 21 in 25.8021 - percent 0.00515944
21 of 21 in 27.071 - percent 0.00491375
 [vidi] 2 3 /home/kaya/sparyser/matrices/will57.mtx_37 32 986315678023680 27.6742
Perman: [veni] running with 32 rows:
1 of 21 in 1.29569 - percent 0.00629759
2 of 21 in 2.56532 - percent 0.0031488
3 of 21 in 3.83523 - percent 0.0020992
4 of 21 in 5.105 - percent 0.0015744
5 of 21 in 6.37497 - percent 0.00125952
6 of 21 in 7.64538 - percent 0.0010496
7 of 21 in 8.96871 - percent 0.00273027
8 of 21 in 10.3001 - percent 0.0042312
9 of 21 in 11.5742 - percent 0.00376107
10 of 21 in 12.8435 - percent 0.00338496
11 of 21 in 14.1127 - percent 0.00307724
12 of 21 in 15.3814 - percent 0.0028208
13 of 21 in 16.707 - percent 0.00363323
14 of 21 in 18.0008 - percent 0.00379543
15 of 21 in 19.3314 - percent 0.00451328
16 of 21 in 20.6301 - percent 0.004674
17 of 21 in 21.8991 - percent 0.00439906
18 of 21 in 23.2151 - percent 0.00477979
19 of 21 in 24.5224 - percent 0.00501322
20 of 21 in 25.7917 - percent 0.00476256
21 of 21 in 27.0609 - percent 0.00453577
 [vidi] 2 3 /home/kaya/sparyser/matrices/will57.mtx_38 32 1158404923981824 27.6638
Perman: [veni] running with 32 rows:
1 of 21 in 1.76293 - percent 0.00911903
2 of 21 in 3.53414 - percent 0.0101102
3 of 21 in 5.28527 - percent 0.00845824
4 of 21 in 7.0623 - percent 0.00961464
5 of 21 in 8.80703 - percent 0.00840537
6 of 21 in 10.5723 - percent 0.00865648
7 of 21 in 12.3333 - percent 0.00860928
8 of 21 in 14.1008 - percent 0.00882168
9 of 21 in 15.8556 - percent 0.00861603
10 of 21 in 17.6101 - percent 0.00848467
11 of 21 in 19.3844 - percent 0.00883069
12 of 21 in 21.1371 - percent 0.00858494
13 of 21 in 22.9153 - percent 0.00893605
14 of 21 in 24.6662 - percent 0.00866592
15 of 21 in 26.4369 - percent 0.00882829
16 of 21 in 28.1874 - percent 0.00862344
17 of 21 in 29.9552 - percent 0.00871057
18 of 21 in 31.7199 - percent 0.00874913
19 of 21 in 33.475 - percent 0.00865996
20 of 21 in 35.2467 - percent 0.00878203
21 of 21 in 36.9981 - percent 0.00866592
 [vidi] 2 3 /home/kaya/sparyser/matrices/will57.mtx_39 32 12126877984170768 37.8402
Perman: [veni] running with 32 rows:
1 of 21 in 1.73305 - percent 0.00906239
2 of 21 in 3.46962 - percent 0.00974207
3 of 21 in 5.19551 - percent 0.00891136
4 of 21 in 6.94206 - percent 0.0100819
5 of 21 in 8.67423 - percent 0.00987801
6 of 21 in 10.4125 - percent 0.0100442
7 of 21 in 12.1419 - percent 0.00977444
8 of 21 in 13.8844 - percent 0.0100819
9 of 21 in 15.6248 - percent 0.0102497
10 of 21 in 17.3549 - percent 0.0100593
11 of 21 in 19.0917 - percent 0.0100922
12 of 21 in 20.8163 - percent 0.00981136
13 of 21 in 22.5561 - percent 0.00993378
14 of 21 in 24.2928 - percent 0.00996864
15 of 21 in 26.0248 - percent 0.00990822
16 of 21 in 27.7567 - percent 0.00985536
17 of 21 in 29.4973 - percent 0.00995494
18 of 21 in 31.2337 - percent 0.00997383
19 of 21 in 32.9715 - percent 0.0100163
20 of 21 in 34.708 - percent 0.0100366
21 of 21 in 36.4342 - percent 0.00990391
 [vidi] 2 3 /home/kaya/sparyser/matrices/will57.mtx_40 32 12776158152583728 37.2618
Perman: [veni] running with 32 rows:
1 of 21 in 1.60158 - percent 0.0238515
2 of 21 in 3.18676 - percent 0.0218891
3 of 21 in 4.80513 - percent 0.0238609
4 of 21 in 6.35384 - percent 0.0208322
5 of 21 in 7.9379 - percent 0.0206751
6 of 21 in 9.53613 - percent 0.0210121
7 of 21 in 11.1468 - percent 0.0216349
8 of 21 in 12.7481 - percent 0.0218816
9 of 21 in 14.3383 - percent 0.0217759
10 of 21 in 15.9371 - percent 0.0218923
11 of 21 in 17.4912 - percent 0.0210637
12 of 21 in 19.104 - percent 0.021509
13 of 21 in 20.7092 - percent 0.0217444
14 of 21 in 22.2962 - percent 0.0216395
15 of 21 in 23.9003 - percent 0.0218172
16 of 21 in 25.508 - percent 0.0220414
17 of 21 in 27.015 - percent 0.020845
18 of 21 in 28.5151 - percent 0.019687
19 of 21 in 30.0249 - percent 0.0186508
20 of 21 in 31.5363 - percent 0.0177183
21 of 21 in 33.0464 - percent 0.0168745
 [vidi] 2 3 /home/kaya/sparyser/matrices/will57.mtx_41 32 12008199578419200 33.7639
Perman: [veni] running with 32 rows:
1 of 21 in 1.59313 - percent 0.0212992
2 of 21 in 3.10837 - percent 0.0106496
3 of 21 in 4.62447 - percent 0.00709973
4 of 21 in 6.13922 - percent 0.0053248
5 of 21 in 7.65312 - percent 0.00425984
6 of 21 in 9.16728 - percent 0.00354986
7 of 21 in 10.8405 - percent 0.00922917
8 of 21 in 12.5388 - percent 0.0143104
9 of 21 in 14.0532 - percent 0.0127204
10 of 21 in 15.5665 - percent 0.0114483
11 of 21 in 17.0782 - percent 0.0104076
12 of 21 in 18.5912 - percent 0.00954027
13 of 21 in 20.2686 - percent 0.012288
14 of 21 in 21.8507 - percent 0.0127985
15 of 21 in 23.5457 - percent 0.0152644
16 of 21 in 25.146 - percent 0.015808
17 of 21 in 26.6593 - percent 0.0148781
18 of 21 in 28.3112 - percent 0.0161667
19 of 21 in 29.9386 - percent 0.0169553
20 of 21 in 31.4512 - percent 0.0161075
21 of 21 in 32.9631 - percent 0.0153405
 [vidi] 2 3 /home/kaya/sparyser/matrices/will57.mtx_42 32 6004103133760512 33.681
Perman: [veni] running with 32 rows:
1 of 21 in 1.59233 - percent 0.0212992
2 of 21 in 3.10778 - percent 0.0106496
3 of 21 in 4.62306 - percent 0.00709973
4 of 21 in 6.13743 - percent 0.0053248
5 of 21 in 7.65365 - percent 0.00425984
6 of 21 in 9.1692 - percent 0.00354986
7 of 21 in 10.8407 - percent 0.00922917
8 of 21 in 12.5351 - percent 0.0143104
9 of 21 in 14.0485 - percent 0.0127204
10 of 21 in 15.5643 - percent 0.0114483
11 of 21 in 17.0815 - percent 0.0104076
12 of 21 in 18.5988 - percent 0.00954027
13 of 21 in 20.2773 - percent 0.012288
14 of 21 in 21.8603 - percent 0.0127985
15 of 21 in 23.5558 - percent 0.0152644
16 of 21 in 25.1572 - percent 0.015808
17 of 21 in 26.6723 - percent 0.0148781
18 of 21 in 28.3241 - percent 0.0161667
19 of 21 in 29.9498 - percent 0.0169553
20 of 21 in 31.4641 - percent 0.0161075
21 of 21 in 32.979 - percent 0.0153405
 [vidi] 2 3 /home/kaya/sparyser/matrices/will57.mtx_43 32 8698974391859200 33.6985
Perman: [veni] running with 32 rows:
1 of 21 in 1.59224 - percent 0.0212992
2 of 21 in 3.10802 - percent 0.0106496
3 of 21 in 4.6243 - percent 0.00709973
4 of 21 in 6.14187 - percent 0.0053248
5 of 21 in 7.66057 - percent 0.00425984
6 of 21 in 9.17909 - percent 0.00354986
7 of 21 in 10.8491 - percent 0.00922917
8 of 21 in 12.5447 - percent 0.0143104
9 of 21 in 14.061 - percent 0.0127204
10 of 21 in 15.5787 - percent 0.0114483
11 of 21 in 17.0989 - percent 0.0104076
12 of 21 in 18.6182 - percent 0.00954027
13 of 21 in 20.2971 - percent 0.012288
14 of 21 in 21.8813 - percent 0.0127985
15 of 21 in 23.5751 - percent 0.0152644
16 of 21 in 25.1765 - percent 0.015808
17 of 21 in 26.6934 - percent 0.0148781
18 of 21 in 28.3456 - percent 0.0161667
19 of 21 in 29.9713 - percent 0.0169553
20 of 21 in 31.4844 - percent 0.0161075
21 of 21 in 32.9988 - percent 0.0153405
 [vidi] 2 3 /home/kaya/sparyser/matrices/will57.mtx_44 32 8650105425547264 33.7173
Perman: [veni] running with 32 rows:
1 of 21 in 1.58876 - percent 0.0212992
2 of 21 in 3.09992 - percent 0.0106496
3 of 21 in 4.61148 - percent 0.00709973
4 of 21 in 6.12294 - percent 0.0053248
5 of 21 in 7.63497 - percent 0.00425984
6 of 21 in 9.14641 - percent 0.00354986
7 of 21 in 10.8158 - percent 0.00922917
8 of 21 in 12.509 - percent 0.0143104
9 of 21 in 14.0223 - percent 0.0127204
10 of 21 in 15.5355 - percent 0.0114483
11 of 21 in 17.0492 - percent 0.0104076
12 of 21 in 18.5627 - percent 0.00954027
13 of 21 in 20.24 - percent 0.012288
14 of 21 in 21.824 - percent 0.0127985
15 of 21 in 23.5186 - percent 0.0152644
16 of 21 in 25.1195 - percent 0.015808
17 of 21 in 26.6343 - percent 0.0148781
18 of 21 in 28.2868 - percent 0.0161667
19 of 21 in 29.9137 - percent 0.0169553
20 of 21 in 31.4275 - percent 0.0161075
21 of 21 in 32.9418 - percent 0.0153405
 [vidi] 2 3 /home/kaya/sparyser/matrices/will57.mtx_45 32 8698974391859200 33.6609
Perman: [veni] running with 32 rows:
1 of 21 in 1.59077 - percent 0.0212992
2 of 21 in 3.10394 - percent 0.0106496
3 of 21 in 4.61674 - percent 0.00709973
4 of 21 in 6.12997 - percent 0.0053248
5 of 21 in 7.64332 - percent 0.00425984
6 of 21 in 9.15737 - percent 0.00354986
7 of 21 in 10.8273 - percent 0.00922917
8 of 21 in 12.5217 - percent 0.0143104
9 of 21 in 14.0363 - percent 0.0127204
10 of 21 in 15.5518 - percent 0.0114483
11 of 21 in 17.0674 - percent 0.0104076
12 of 21 in 18.5832 - percent 0.00954027
13 of 21 in 20.2611 - percent 0.012288
14 of 21 in 21.8459 - percent 0.0127985
15 of 21 in 23.5393 - percent 0.0152644
16 of 21 in 25.1389 - percent 0.015808
17 of 21 in 26.6513 - percent 0.0148781
18 of 21 in 28.3021 - percent 0.0161667
19 of 21 in 29.9285 - percent 0.0169553
20 of 21 in 31.4418 - percent 0.0161075
21 of 21 in 32.9559 - percent 0.0153405
 [vidi] 2 3 /home/kaya/sparyser/matrices/will57.mtx_46 32 7149059827531776 33.675
Perman: [veni] running with 32 rows:
1 of 21 in 1.59037 - percent 0.0212992
2 of 21 in 3.10475 - percent 0.0106496
3 of 21 in 4.6214 - percent 0.00709973
4 of 21 in 6.13832 - percent 0.0053248
5 of 21 in 7.65479 - percent 0.00425984
6 of 21 in 9.17185 - percent 0.00354986
7 of 21 in 10.8432 - percent 0.00922917
8 of 21 in 12.5395 - percent 0.0143104
9 of 21 in 14.0559 - percent 0.0127204
10 of 21 in 15.5723 - percent 0.0114483
11 of 21 in 17.0896 - percent 0.0104076
12 of 21 in 18.6062 - percent 0.00954027
13 of 21 in 20.284 - percent 0.012288
14 of 21 in 21.8671 - percent 0.0127985
15 of 21 in 23.5603 - percent 0.0152644
16 of 21 in 25.1615 - percent 0.015808
17 of 21 in 26.6755 - percent 0.0148781
18 of 21 in 28.3274 - percent 0.0161667
19 of 21 in 29.9538 - percent 0.0169553
20 of 21 in 31.4669 - percent 0.0161075
21 of 21 in 32.9806 - percent 0.0153405
 [vidi] 2 3 /home/kaya/sparyser/matrices/will57.mtx_47 32 8398755993123840 33.6991
Perman: [veni] running with 32 rows:
1 of 21 in 1.97647 - percent 0.0622899
2 of 21 in 3.91351 - percent 0.0571375
3 of 21 in 5.92735 - percent 0.0623289
4 of 21 in 7.78198 - percent 0.0543543
5 of 21 in 9.729 - percent 0.0540221
6 of 21 in 11.7011 - percent 0.0548745
7 of 21 in 13.7005 - percent 0.0565027
8 of 21 in 15.6848 - percent 0.0571364
9 of 21 in 17.6426 - percent 0.0568892
10 of 21 in 19.6206 - percent 0.0571732
11 of 21 in 21.495 - percent 0.0550093
12 of 21 in 23.5059 - percent 0.0561722
13 of 21 in 25.4994 - percent 0.0567944
14 of 21 in 27.4363 - percent 0.0565011
15 of 21 in 29.4226 - percent 0.056989
16 of 21 in 31.4215 - percent 0.0575626
17 of 21 in 33.1757 - percent 0.0544382
18 of 21 in 34.9127 - percent 0.0514139
19 of 21 in 36.6497 - percent 0.0487079
20 of 21 in 38.3866 - percent 0.0462725
21 of 21 in 40.1204 - percent 0.0440691
 [vidi] 2 3 /home/kaya/sparyser/matrices/will57.mtx_48 32 7587932680486912 40.9438
Perman: [veni] running with 32 rows:
1 of 21 in 1.54347 - percent 0.053248
2 of 21 in 2.89617 - percent 0.026624
3 of 21 in 4.25184 - percent 0.0177493
4 of 21 in 5.60741 - percent 0.013312
5 of 21 in 6.96203 - percent 0.0106496
6 of 21 in 8.31578 - percent 0.00887467
7 of 21 in 10.0637 - percent 0.0234209
8 of 21 in 11.8961 - percent 0.0372736
9 of 21 in 13.2512 - percent 0.0331321
10 of 21 in 14.6054 - percent 0.0298189
11 of 21 in 15.9599 - percent 0.0271081
12 of 21 in 17.3129 - percent 0.0248491
13 of 21 in 19.0851 - percent 0.0319488
14 of 21 in 20.6224 - percent 0.0333083
15 of 21 in 22.4411 - percent 0.0397585
16 of 21 in 24.029 - percent 0.0412672
17 of 21 in 25.3938 - percent 0.0388397
18 of 21 in 27.0999 - percent 0.042096
19 of 21 in 28.7582 - percent 0.0442799
20 of 21 in 30.1201 - percent 0.0420659
21 of 21 in 31.4835 - percent 0.0400628
 [vidi] 2 3 /home/kaya/sparyser/matrices/will57.mtx_49 32 1538088186675200 32.1314
Perman: [veni] running with 32 rows:
1 of 21 in 1.464 - percent 0.0346112
2 of 21 in 2.78615 - percent 0.0173056
3 of 21 in 4.10815 - percent 0.0115371
4 of 21 in 5.4237 - percent 0.0086528
5 of 21 in 6.73854 - percent 0.00692224
6 of 21 in 8.05384 - percent 0.00576853
7 of 21 in 9.66598 - percent 0.0152236
8 of 21 in 11.3407 - percent 0.0242278
9 of 21 in 12.6523 - percent 0.0215359
10 of 21 in 13.9647 - percent 0.0193823
11 of 21 in 15.2772 - percent 0.0176202
12 of 21 in 16.5937 - percent 0.0161519
13 of 21 in 18.2245 - percent 0.0207667
14 of 21 in 19.677 - percent 0.0216504
15 of 21 in 21.3417 - percent 0.025843
16 of 21 in 22.8298 - percent 0.0268237
17 of 21 in 24.1451 - percent 0.0252458
18 of 21 in 25.724 - percent 0.0273624
19 of 21 in 27.2653 - percent 0.0287819
20 of 21 in 28.5804 - percent 0.0273428
21 of 21 in 29.8959 - percent 0.0260408
 [vidi] 2 3 /home/kaya/sparyser/matrices/will57.mtx_50 32 1532610492760064 30.5204
Perman: [veni] running with 32 rows:
1 of 21 in 1.44446 - percent 0.0292864
2 of 21 in 2.76992 - percent 0.0146432
3 of 21 in 4.09508 - percent 0.00976213
4 of 21 in 5.42012 - percent 0.0073216
5 of 21 in 6.74603 - percent 0.00585728
6 of 21 in 8.07146 - percent 0.00488106
7 of 21 in 9.65083 - percent 0.0128815
8 of 21 in 11.2835 - percent 0.0205005
9 of 21 in 12.5957 - percent 0.0182226
10 of 21 in 13.9124 - percent 0.0164004
11 of 21 in 15.2243 - percent 0.0149094
12 of 21 in 16.5366 - percent 0.013667
13 of 21 in 18.1291 - percent 0.0175718
14 of 21 in 19.5634 - percent 0.0183196
15 of 21 in 21.1863 - percent 0.0218672
16 of 21 in 22.6512 - percent 0.022697
17 of 21 in 23.9632 - percent 0.0213618
18 of 21 in 25.5081 - percent 0.0231528
19 of 21 in 27.0254 - percent 0.024354
20 of 21 in 28.35 - percent 0.0231363
21 of 21 in 29.6739 - percent 0.0220345
 [vidi] 2 3 /home/kaya/sparyser/matrices/will57.mtx_51 32 1555941291982848 30.303
Perman: [veni] running with 32 rows:
1 of 21 in 1.46545 - percent 0.0346112
2 of 21 in 2.78112 - percent 0.0173056
3 of 21 in 4.09646 - percent 0.0115371
4 of 21 in 5.42027 - percent 0.0086528
5 of 21 in 6.74652 - percent 0.00692224
6 of 21 in 8.07312 - percent 0.00576853
7 of 21 in 9.70048 - percent 0.0152236
8 of 21 in 11.3925 - percent 0.0242278
9 of 21 in 12.7069 - percent 0.0215359
10 of 21 in 14.0212 - percent 0.0193823
11 of 21 in 15.3356 - percent 0.0176202
12 of 21 in 16.6499 - percent 0.0161519
13 of 21 in 18.2938 - percent 0.0207667
14 of 21 in 19.7502 - percent 0.0216504
15 of 21 in 21.4305 - percent 0.025843
16 of 21 in 22.925 - percent 0.0268237
17 of 21 in 24.2393 - percent 0.0252458
18 of 21 in 25.8281 - percent 0.0273624
19 of 21 in 27.3773 - percent 0.0287819
20 of 21 in 28.6917 - percent 0.0273428
21 of 21 in 30.0056 - percent 0.0260408
 [vidi] 2 3 /home/kaya/sparyser/matrices/will57.mtx_52 32 1256965397282816 30.6295
Perman: [veni] running with 32 rows:
1 of 21 in 1.45538 - percent 0.0319488
2 of 21 in 2.77132 - percent 0.0159744
3 of 21 in 4.08298 - percent 0.0106496
4 of 21 in 5.39716 - percent 0.0079872
5 of 21 in 6.70881 - percent 0.00638976
6 of 21 in 8.02146 - percent 0.0053248
7 of 21 in 9.62662 - percent 0.0140525
8 of 21 in 11.2929 - percent 0.0223642
9 of 21 in 12.6048 - percent 0.0198793
10 of 21 in 13.922 - percent 0.0178913
11 of 21 in 15.2462 - percent 0.0162648
12 of 21 in 16.564 - percent 0.0149094
13 of 21 in 18.1845 - percent 0.0191693
14 of 21 in 19.6302 - percent 0.019985
15 of 21 in 21.2818 - percent 0.0238551
16 of 21 in 22.7613 - percent 0.0247603
17 of 21 in 24.0729 - percent 0.0233038
18 of 21 in 25.6391 - percent 0.0252576
19 of 21 in 27.1681 - percent 0.0265679
20 of 21 in 28.4795 - percent 0.0252396
21 of 21 in 29.7914 - percent 0.0240377
 [vidi] 2 3 /home/kaya/sparyser/matrices/will57.mtx_53 32 1477602900443136 30.4144
Perman: [veni] running with 32 rows:
1 of 21 in 1.93559 - percent 0.0533913
2 of 21 in 3.76626 - percent 0.0400435
3 of 21 in 5.49416 - percent 0.0266957
4 of 21 in 7.49829 - percent 0.0378189
5 of 21 in 9.38467 - percent 0.0384504
6 of 21 in 11.2293 - percent 0.0370773
7 of 21 in 13.0514 - percent 0.0352085
8 of 21 in 14.9956 - percent 0.0378189
9 of 21 in 16.8897 - percent 0.0385981
10 of 21 in 18.7973 - percent 0.0395986
11 of 21 in 20.7073 - percent 0.040448
12 of 21 in 22.4288 - percent 0.0370773
13 of 21 in 24.4312 - percent 0.0398529
14 of 21 in 26.4409 - percent 0.0423588
15 of 21 in 28.3966 - percent 0.0436029
16 of 21 in 30.2445 - percent 0.0429634
17 of 21 in 31.9909 - percent 0.0408287
18 of 21 in 33.8761 - percent 0.0409466
19 of 21 in 35.8612 - percent 0.0423837
20 of 21 in 37.8539 - percent 0.0437892
21 of 21 in 39.6632 - percent 0.0427978
 [vidi] 2 3 /home/kaya/sparyser/matrices/will57.mtx_54 32 7306004232863744 40.5818
Perman: [veni] running with 32 rows:
1 of 21 in 1.49729 - percent 0.0485376
2 of 21 in 2.90488 - percent 0.0364032
3 of 21 in 4.22444 - percent 0.0242688
4 of 21 in 5.78069 - percent 0.0343808
5 of 21 in 7.2369 - percent 0.0349549
6 of 21 in 8.65631 - percent 0.0337067
7 of 21 in 10.0559 - percent 0.0320078
8 of 21 in 11.5625 - percent 0.0343808
9 of 21 in 13.0312 - percent 0.0350892
10 of 21 in 14.5129 - percent 0.0359987
11 of 21 in 15.9957 - percent 0.0367709
12 of 21 in 17.3166 - percent 0.0337067
13 of 21 in 18.8799 - percent 0.0362299
14 of 21 in 20.4484 - percent 0.038508
15 of 21 in 21.9703 - percent 0.039639
16 of 21 in 23.4018 - percent 0.0390576
17 of 21 in 24.7445 - percent 0.037117
18 of 21 in 26.2072 - percent 0.0372242
19 of 21 in 27.7544 - percent 0.0385306
20 of 21 in 29.3086 - percent 0.0398084
21 of 21 in 30.7057 - percent 0.0389071
 [vidi] 2 3 /home/kaya/sparyser/matrices/will57.mtx_55 32 1489851823673344 31.4211
Perman: [veni] running with 32 rows:
1 of 21 in 1.4364 - percent 0.0315494
2 of 21 in 2.80867 - percent 0.0236621
3 of 21 in 4.11446 - percent 0.0157747
4 of 21 in 5.59604 - percent 0.0223475
5 of 21 in 7.00316 - percent 0.0227207
6 of 21 in 8.38358 - percent 0.0219093
7 of 21 in 9.74856 - percent 0.020805
8 of 21 in 11.1935 - percent 0.0223475
9 of 21 in 12.6098 - percent 0.022808
10 of 21 in 14.0351 - percent 0.0233992
