Number of rows/cols is 57
Number of nnz is    281
#d1 vertices: 0
#d2 vertices: 8
min degree: 2
************************************************************************
Algo is 2
Compress matrix 0
Apply Dulmage-Mendehlson 0
Sorting 0
Single run 0
************************************************************************
Perman: [veni] running with 32 rows:
1 of 21 in 2.07106 - percent 0.00792959
2 of 21 in 4.11272 - percent 0.00396479
3 of 21 in 6.15343 - percent 0.0026432
4 of 21 in 8.19356 - percent 0.0019824
5 of 21 in 10.2322 - percent 0.00158592
6 of 21 in 12.2729 - percent 0.0013216
7 of 21 in 14.4117 - percent 0.00471088
8 of 21 in 16.5787 - percent 0.00812784
9 of 21 in 18.6178 - percent 0.00722475
10 of 21 in 20.6561 - percent 0.00650227
11 of 21 in 22.6975 - percent 0.00591116
12 of 21 in 24.7377 - percent 0.00541856
13 of 21 in 26.884 - percent 0.00707564
14 of 21 in 28.9669 - percent 0.0073632
15 of 21 in 31.1144 - percent 0.00866969
16 of 21 in 33.2296 - percent 0.00931728
17 of 21 in 35.2678 - percent 0.0087692
18 of 21 in 37.3914 - percent 0.00945404
19 of 21 in 39.5001 - percent 0.0098494
20 of 21 in 41.5388 - percent 0.00935693
21 of 21 in 43.5764 - percent 0.00891136
 [vidi] 2 0 /home/kaya/sparyser/matrices/will57.mtx_0 32 13318596711918820 44.5446
Perman: [veni] running with 32 rows:
1 of 21 in 2.03332 - percent 0.0217497
2 of 21 in 4.01796 - percent 0.0154061
3 of 21 in 6.01348 - percent 0.0144998
4 of 21 in 7.96094 - percent 0.0108749
5 of 21 in 9.93917 - percent 0.0102249
6 of 21 in 11.9414 - percent 0.0108749
7 of 21 in 13.9725 - percent 0.0123974
8 of 21 in 16.0023 - percent 0.0135936
9 of 21 in 17.9489 - percent 0.0120832
10 of 21 in 19.8963 - percent 0.0108749
11 of 21 in 21.8472 - percent 0.00988625
12 of 21 in 23.7942 - percent 0.0090624
13 of 21 in 25.8251 - percent 0.0100383
14 of 21 in 27.8014 - percent 0.00981239
15 of 21 in 29.876 - percent 0.0113582
16 of 21 in 31.8741 - percent 0.0114413
17 of 21 in 33.8212 - percent 0.0107683
18 of 21 in 35.8368 - percent 0.0111916
19 of 21 in 37.8312 - percent 0.0112565
20 of 21 in 39.7783 - percent 0.0106936
21 of 21 in 41.7249 - percent 0.0101844
 [vidi] 2 0 /home/kaya/sparyser/matrices/will57.mtx_1 32 14031682200828120 42.65
Perman: [veni] running with 32 rows:
1 of 21 in 1.86249 - percent 0.00596287
2 of 21 in 3.68815 - percent 0.00298144
3 of 21 in 5.51546 - percent 0.00198762
4 of 21 in 7.34145 - percent 0.00149072
5 of 21 in 9.17455 - percent 0.00119257
6 of 21 in 11.0137 - percent 0.000993812
7 of 21 in 12.9082 - percent 0.00255967
8 of 21 in 14.8032 - percent 0.00388652
9 of 21 in 16.6339 - percent 0.00345468
10 of 21 in 18.4598 - percent 0.00310922
11 of 21 in 20.2847 - percent 0.00282656
12 of 21 in 22.1167 - percent 0.00259101
13 of 21 in 24.0128 - percent 0.00334183
14 of 21 in 25.8717 - percent 0.00348342
15 of 21 in 27.7726 - percent 0.00414562
16 of 21 in 29.6304 - percent 0.00428582
17 of 21 in 31.4569 - percent 0.00403371
18 of 21 in 33.3428 - percent 0.00439135
19 of 21 in 35.2188 - percent 0.00459545
20 of 21 in 37.0477 - percent 0.00436568
21 of 21 in 38.8719 - percent 0.00415779
 [vidi] 2 0 /home/kaya/sparyser/matrices/will57.mtx_2 32 13187673637584896 39.7407
Perman: [veni] running with 32 rows:
1 of 21 in 1.86016 - percent 0.00793759
2 of 21 in 3.69821 - percent 0.00561439
3 of 21 in 5.54802 - percent 0.00567893
4 of 21 in 7.3703 - percent 0.0042592
5 of 21 in 9.20451 - percent 0.00379456
6 of 21 in 11.0451 - percent 0.00380747
7 of 21 in 12.9064 - percent 0.00439748
8 of 21 in 14.7683 - percent 0.0048884
9 of 21 in 16.5951 - percent 0.00443129
10 of 21 in 18.4187 - percent 0.00398816
11 of 21 in 20.2409 - percent 0.0036256
12 of 21 in 22.0634 - percent 0.00332347
13 of 21 in 23.9141 - percent 0.00351458
14 of 21 in 25.7629 - percent 0.00362497
15 of 21 in 27.647 - percent 0.00426581
16 of 21 in 29.4899 - percent 0.0042592
17 of 21 in 31.3124 - percent 0.00400866
18 of 21 in 33.1583 - percent 0.00406129
19 of 21 in 35.0107 - percent 0.00417768
20 of 21 in 36.8341 - percent 0.0039688
21 of 21 in 38.6553 - percent 0.00377981
 [vidi] 2 0 /home/kaya/sparyser/matrices/will57.mtx_3 32 6594329213337600 39.5195
Perman: [veni] running with 32 rows:
1 of 21 in 1.86236 - percent 0.00793759
2 of 21 in 3.70142 - percent 0.00561439
3 of 21 in 5.55143 - percent 0.00567893
4 of 21 in 7.37508 - percent 0.0042592
5 of 21 in 9.20464 - percent 0.00379456
6 of 21 in 11.046 - percent 0.00380747
7 of 21 in 12.9104 - percent 0.00439748
8 of 21 in 14.7758 - percent 0.0048884
9 of 21 in 16.6011 - percent 0.00443129
10 of 21 in 18.4235 - percent 0.00398816
11 of 21 in 20.2486 - percent 0.0036256
12 of 21 in 22.0756 - percent 0.00332347
13 of 21 in 23.9274 - percent 0.00351458
14 of 21 in 25.7765 - percent 0.00362497
15 of 21 in 27.6659 - percent 0.00426581
16 of 21 in 29.511 - percent 0.0042592
17 of 21 in 31.3331 - percent 0.00400866
18 of 21 in 33.1798 - percent 0.00406129
19 of 21 in 35.0336 - percent 0.00417768
20 of 21 in 36.856 - percent 0.0039688
21 of 21 in 38.6759 - percent 0.00377981
 [vidi] 2 0 /home/kaya/sparyser/matrices/will57.mtx_4 32 9553422586249216 39.5403
Perman: [veni] running with 32 rows:
1 of 21 in 1.86311 - percent 0.00793759
2 of 21 in 3.70011 - percent 0.00561439
3 of 21 in 5.54936 - percent 0.00567893
4 of 21 in 7.36879 - percent 0.0042592
5 of 21 in 9.19918 - percent 0.00379456
6 of 21 in 11.0393 - percent 0.00380747
7 of 21 in 12.901 - percent 0.00439748
8 of 21 in 14.765 - percent 0.0048884
9 of 21 in 16.5917 - percent 0.00443129
10 of 21 in 18.4126 - percent 0.00398816
11 of 21 in 20.2365 - percent 0.0036256
12 of 21 in 22.0583 - percent 0.00332347
13 of 21 in 23.9099 - percent 0.00351458
14 of 21 in 25.7578 - percent 0.00362497
15 of 21 in 27.6473 - percent 0.00426581
16 of 21 in 29.4922 - percent 0.0042592
17 of 21 in 31.3139 - percent 0.00400866
18 of 21 in 33.1597 - percent 0.00406129
19 of 21 in 35.0138 - percent 0.00417768
20 of 21 in 36.8349 - percent 0.0039688
21 of 21 in 38.6565 - percent 0.00377981
 [vidi] 2 0 /home/kaya/sparyser/matrices/will57.mtx_5 32 9499948967002112 39.5213
Perman: [veni] running with 32 rows:
1 of 21 in 1.86232 - percent 0.00793759
2 of 21 in 3.70089 - percent 0.00561439
3 of 21 in 5.54975 - percent 0.00567893
4 of 21 in 7.37222 - percent 0.0042592
5 of 21 in 9.2027 - percent 0.00379456
6 of 21 in 11.0444 - percent 0.00380747
7 of 21 in 12.9067 - percent 0.00439748
8 of 21 in 14.7724 - percent 0.0048884
9 of 21 in 16.5966 - percent 0.00443129
10 of 21 in 18.4171 - percent 0.00398816
11 of 21 in 20.2383 - percent 0.0036256
12 of 21 in 22.0615 - percent 0.00332347
13 of 21 in 23.9131 - percent 0.00351458
14 of 21 in 25.7618 - percent 0.00362497
15 of 21 in 27.6512 - percent 0.00426581
16 of 21 in 29.4962 - percent 0.0042592
17 of 21 in 31.3191 - percent 0.00400866
18 of 21 in 33.167 - percent 0.00406129
19 of 21 in 35.0211 - percent 0.00417768
20 of 21 in 36.8434 - percent 0.0039688
21 of 21 in 38.6645 - percent 0.00377981
 [vidi] 2 0 /home/kaya/sparyser/matrices/will57.mtx_6 32 9553422586249216 39.5285
Perman: [veni] running with 32 rows:
1 of 21 in 1.86308 - percent 0.00793759
2 of 21 in 3.70129 - percent 0.00561439
3 of 21 in 5.55133 - percent 0.00567893
4 of 21 in 7.37707 - percent 0.0042592
5 of 21 in 9.21455 - percent 0.00379456
6 of 21 in 11.0554 - percent 0.00380747
7 of 21 in 12.9185 - percent 0.00439748
8 of 21 in 14.7829 - percent 0.0048884
9 of 21 in 16.606 - percent 0.00443129
10 of 21 in 18.4264 - percent 0.00398816
11 of 21 in 20.2473 - percent 0.0036256
12 of 21 in 22.0698 - percent 0.00332347
13 of 21 in 23.9214 - percent 0.00351458
14 of 21 in 25.7698 - percent 0.00362497
15 of 21 in 27.6588 - percent 0.00426581
16 of 21 in 29.5038 - percent 0.0042592
17 of 21 in 31.3256 - percent 0.00400866
18 of 21 in 33.1729 - percent 0.00406129
19 of 21 in 35.0272 - percent 0.00417768
20 of 21 in 36.8484 - percent 0.0039688
21 of 21 in 38.6709 - percent 0.00377981
 [vidi] 2 0 /home/kaya/sparyser/matrices/will57.mtx_7 32 7851396042391552 39.5357
Perman: [veni] running with 32 rows:
1 of 21 in 1.86282 - percent 0.00793759
2 of 21 in 3.70035 - percent 0.00561439
3 of 21 in 5.54997 - percent 0.00567893
4 of 21 in 7.37183 - percent 0.0042592
5 of 21 in 9.2064 - percent 0.00379456
6 of 21 in 11.0471 - percent 0.00380747
7 of 21 in 12.9145 - percent 0.00439748
8 of 21 in 14.78 - percent 0.0048884
9 of 21 in 16.6039 - percent 0.00443129
10 of 21 in 18.425 - percent 0.00398816
11 of 21 in 20.2477 - percent 0.0036256
12 of 21 in 22.0697 - percent 0.00332347
13 of 21 in 23.9206 - percent 0.00351458
14 of 21 in 25.7692 - percent 0.00362497
15 of 21 in 27.6587 - percent 0.00426581
16 of 21 in 29.5033 - percent 0.0042592
17 of 21 in 31.3244 - percent 0.00400866
18 of 21 in 33.1709 - percent 0.00406129
19 of 21 in 35.0249 - percent 0.00417768
20 of 21 in 36.846 - percent 0.0039688
21 of 21 in 38.667 - percent 0.00377981
 [vidi] 2 0 /home/kaya/sparyser/matrices/will57.mtx_8 32 9224012847611904 39.5314
Perman: [veni] running with 32 rows:
1 of 21 in 2.59207 - percent 0.0155725
2 of 21 in 5.11908 - percent 0.00778623
3 of 21 in 7.65209 - percent 0.00519082
4 of 21 in 10.1835 - percent 0.00389312
5 of 21 in 12.7153 - percent 0.00311449
6 of 21 in 15.2468 - percent 0.00259541
7 of 21 in 17.907 - percent 0.00667769
8 of 21 in 20.5787 - percent 0.0101499
9 of 21 in 23.109 - percent 0.00902215
10 of 21 in 25.6285 - percent 0.00811994
11 of 21 in 28.1414 - percent 0.00738176
12 of 21 in 30.654 - percent 0.00676661
13 of 21 in 33.3092 - percent 0.00872743
14 of 21 in 35.8858 - percent 0.00909719
15 of 21 in 38.5555 - percent 0.0108266
16 of 21 in 41.1464 - percent 0.0111927
17 of 21 in 43.6652 - percent 0.0105343
18 of 21 in 46.2984 - percent 0.0114686
19 of 21 in 48.9115 - percent 0.0120013
20 of 21 in 51.435 - percent 0.0114013
21 of 21 in 53.9523 - percent 0.0108584
 [vidi] 2 0 /home/kaya/sparyser/matrices/will57.mtx_9 32 6816365537132544 55.1477
Perman: [veni] running with 32 rows:
1 of 21 in 2.54287 - percent 0.0207296
2 of 21 in 5.03643 - percent 0.0146624
3 of 21 in 7.55571 - percent 0.0148309
4 of 21 in 10.014 - percent 0.0111232
5 of 21 in 12.486 - percent 0.00990976
6 of 21 in 14.9898 - percent 0.00994346
7 of 21 in 17.5524 - percent 0.0114843
8 of 21 in 20.1174 - percent 0.0127664
9 of 21 in 22.5847 - percent 0.0115726
10 of 21 in 25.044 - percent 0.0104154
11 of 21 in 27.5054 - percent 0.00946851
12 of 21 in 29.9625 - percent 0.00867947
13 of 21 in 32.4823 - percent 0.00917858
14 of 21 in 34.9926 - percent 0.00946366
15 of 21 in 37.5934 - percent 0.0111401
16 of 21 in 40.0874 - percent 0.0111232
17 of 21 in 42.5328 - percent 0.0104689
18 of 21 in 45.0356 - percent 0.0106066
19 of 21 in 47.5513 - percent 0.0109103
20 of 21 in 49.9969 - percent 0.0103648
21 of 21 in 52.4411 - percent 0.00987124
 [vidi] 2 0 /home/kaya/sparyser/matrices/will57.mtx_10 32 2303866628472832 53.6061
Perman: [veni] running with 32 rows:
1 of 21 in 2.55053 - percent 0.0134742
2 of 21 in 5.0668 - percent 0.00953056
3 of 21 in 7.60493 - percent 0.0096401
4 of 21 in 10.1011 - percent 0.00723008
5 of 21 in 12.6132 - percent 0.00644134
6 of 21 in 15.1435 - percent 0.00646325
7 of 21 in 17.7014 - percent 0.00746482
8 of 21 in 20.2596 - percent 0.00829816
9 of 21 in 22.7633 - percent 0.0075222
10 of 21 in 25.2625 - percent 0.00676998
11 of 21 in 27.7616 - percent 0.00615453
12 of 21 in 30.2641 - percent 0.00564165
13 of 21 in 32.8031 - percent 0.00596608
14 of 21 in 35.342 - percent 0.00615138
15 of 21 in 37.9439 - percent 0.00724103
16 of 21 in 40.481 - percent 0.00723008
17 of 21 in 42.9776 - percent 0.00680478
18 of 21 in 45.5248 - percent 0.00689428
19 of 21 in 48.0704 - percent 0.0070917
20 of 21 in 50.5684 - percent 0.00673712
21 of 21 in 53.0675 - percent 0.0064163
 [vidi] 2 0 /home/kaya/sparyser/matrices/will57.mtx_11 32 1843179846369280 54.2559
Perman: [veni] running with 32 rows:
1 of 21 in 2.60391 - percent 0.0114013
2 of 21 in 5.17476 - percent 0.00806431
3 of 21 in 7.76069 - percent 0.00815701
4 of 21 in 10.3119 - percent 0.00611776
5 of 21 in 12.8817 - percent 0.00545037
6 of 21 in 15.462 - percent 0.0054689
7 of 21 in 18.0653 - percent 0.00631639
8 of 21 in 20.6728 - percent 0.00702152
9 of 21 in 23.2316 - percent 0.00636494
10 of 21 in 25.7812 - percent 0.00572845
11 of 21 in 28.3299 - percent 0.00520768
12 of 21 in 30.8766 - percent 0.00477371
13 of 21 in 33.4656 - percent 0.00504822
14 of 21 in 36.0508 - percent 0.00520501
15 of 21 in 38.6951 - percent 0.00612703
16 of 21 in 41.279 - percent 0.00611776
17 of 21 in 43.8327 - percent 0.00575789
18 of 21 in 46.4181 - percent 0.00583362
19 of 21 in 49.0152 - percent 0.00600067
20 of 21 in 51.5677 - percent 0.00570064
21 of 21 in 54.1243 - percent 0.00542918
 [vidi] 2 0 /home/kaya/sparyser/matrices/will57.mtx_12 32 775890942296064 55.3378
Perman: [veni] running with 32 rows:
1 of 21 in 2.58246 - percent 0.0134742
2 of 21 in 5.13112 - percent 0.00953056
3 of 21 in 7.6984 - percent 0.0096401
4 of 21 in 10.2224 - percent 0.00723008
5 of 21 in 12.7629 - percent 0.00644134
6 of 21 in 15.3151 - percent 0.00646325
7 of 21 in 17.8958 - percent 0.00746482
8 of 21 in 20.4798 - percent 0.00829816
9 of 21 in 23.0102 - percent 0.0075222
10 of 21 in 25.5364 - percent 0.00676998
11 of 21 in 28.0623 - percent 0.00615453
12 of 21 in 30.5897 - percent 0.00564165
13 of 21 in 33.1611 - percent 0.00596608
14 of 21 in 35.7269 - percent 0.00615138
15 of 21 in 38.3498 - percent 0.00724103
16 of 21 in 40.9064 - percent 0.00723008
17 of 21 in 43.4294 - percent 0.00680478
18 of 21 in 45.988 - percent 0.00689428
19 of 21 in 48.5535 - percent 0.0070917
20 of 21 in 51.0782 - percent 0.00673712
21 of 21 in 53.6061 - percent 0.0064163
 [vidi] 2 0 /home/kaya/sparyser/matrices/will57.mtx_13 32 1440769797783552 54.8067
Perman: [veni] running with 32 rows:
1 of 21 in 2.60718 - percent 0.0124377
2 of 21 in 5.183 - percent 0.00879744
3 of 21 in 7.77435 - percent 0.00889856
4 of 21 in 10.3264 - percent 0.00667392
5 of 21 in 12.8942 - percent 0.00594585
6 of 21 in 15.4717 - percent 0.00596608
7 of 21 in 18.0804 - percent 0.0068906
8 of 21 in 20.6904 - percent 0.00765984
9 of 21 in 23.2499 - percent 0.00694357
10 of 21 in 25.8064 - percent 0.00624921
11 of 21 in 28.3622 - percent 0.0056811
12 of 21 in 30.9197 - percent 0.00520768
13 of 21 in 33.5105 - percent 0.00550715
14 of 21 in 36.0974 - percent 0.00567819
15 of 21 in 38.7401 - percent 0.00668403
16 of 21 in 41.3213 - percent 0.00667392
17 of 21 in 43.8765 - percent 0.00628134
18 of 21 in 46.4633 - percent 0.00636395
19 of 21 in 49.0601 - percent 0.00654619
20 of 21 in 51.6145 - percent 0.00621888
21 of 21 in 54.1696 - percent 0.00592274
 [vidi] 2 0 /home/kaya/sparyser/matrices/will57.mtx_14 32 1327215627206656 55.3854
Perman: [veni] running with 32 rows:
1 of 21 in 2.04848 - percent 0.0228026
2 of 21 in 4.05348 - percent 0.0161286
3 of 21 in 6.08483 - percent 0.016314
4 of 21 in 8.05672 - percent 0.0122355
5 of 21 in 10.0469 - percent 0.0109007
6 of 21 in 12.0575 - percent 0.0109378
7 of 21 in 14.1088 - percent 0.0126328
8 of 21 in 16.1661 - percent 0.014043
9 of 21 in 18.1443 - percent 0.0127299
10 of 21 in 20.1146 - percent 0.0114569
11 of 21 in 22.0852 - percent 0.0104154
12 of 21 in 24.056 - percent 0.00954741
13 of 21 in 26.0876 - percent 0.0100964
14 of 21 in 28.111 - percent 0.010421
15 of 21 in 30.2199 - percent 0.0122367
16 of 21 in 32.2347 - percent 0.0122355
17 of 21 in 34.2058 - percent 0.0115158
18 of 21 in 36.2267 - percent 0.0116539
19 of 21 in 38.2633 - percent 0.0120013
20 of 21 in 40.2338 - percent 0.0114013
21 of 21 in 42.2033 - percent 0.0108584
 [vidi] 2 0 /home/kaya/sparyser/matrices/will57.mtx_15 32 7306004388134000 43.1392
Perman: [veni] running with 32 rows:
1 of 21 in 1.9103 - percent 0.0121344
2 of 21 in 3.80819 - percent 0.0103648
3 of 21 in 5.70673 - percent 0.00977493
4 of 21 in 7.57596 - percent 0.0073312
5 of 21 in 9.47014 - percent 0.00748288
6 of 21 in 11.3837 - percent 0.00825813
7 of 21 in 13.2983 - percent 0.00881188
8 of 21 in 15.2072 - percent 0.0090988
9 of 21 in 17.0818 - percent 0.00820195
10 of 21 in 18.9511 - percent 0.00738176
11 of 21 in 20.8205 - percent 0.00671069
12 of 21 in 22.6863 - percent 0.00615147
13 of 21 in 24.6396 - percent 0.00754511
14 of 21 in 26.5869 - percent 0.00870354
15 of 21 in 28.5626 - percent 0.0102131
16 of 21 in 30.496 - percent 0.0108072
17 of 21 in 32.3733 - percent 0.0104094
18 of 21 in 34.2939 - percent 0.01073
19 of 21 in 36.2035 - percent 0.0109103
20 of 21 in 38.0643 - percent 0.0103648
21 of 21 in 39.9251 - percent 0.00987124
 [vidi] 2 0 /home/kaya/sparyser/matrices/will57.mtx_16 32 1489851849145895 40.8099
Perman: [veni] running with 32 rows:
1 of 21 in 1.90769 - percent 0.00788735
2 of 21 in 3.80175 - percent 0.00673711
3 of 21 in 5.68944 - percent 0.0063537
4 of 21 in 7.55242 - percent 0.00476528
5 of 21 in 9.43732 - percent 0.00486387
6 of 21 in 11.3307 - percent 0.00536779
7 of 21 in 13.2245 - percent 0.00572772
8 of 21 in 15.1162 - percent 0.00591422
9 of 21 in 16.9821 - percent 0.00533127
10 of 21 in 18.8456 - percent 0.00479814
11 of 21 in 20.7092 - percent 0.00436195
12 of 21 in 22.5748 - percent 0.00399845
13 of 21 in 24.5011 - percent 0.00490432
14 of 21 in 26.4264 - percent 0.0056573
15 of 21 in 28.3735 - percent 0.00663853
16 of 21 in 30.2882 - percent 0.00702468
17 of 21 in 32.164 - percent 0.00676612
18 of 21 in 34.0695 - percent 0.00697447
19 of 21 in 35.9704 - percent 0.0070917
20 of 21 in 37.8338 - percent 0.00673712
21 of 21 in 39.697 - percent 0.0064163
 [vidi] 2 0 /home/kaya/sparyser/matrices/will57.mtx_17 32 1480804169783077 40.5813
Perman: [veni] running with 32 rows:
1 of 21 in 1.94944 - percent 0.00667391
2 of 21 in 3.88477 - percent 0.00570063
3 of 21 in 5.81805 - percent 0.00537621
4 of 21 in 7.73208 - percent 0.00403216
5 of 21 in 9.66411 - percent 0.00411558
6 of 21 in 11.6046 - percent 0.00454197
7 of 21 in 13.5496 - percent 0.00484654
8 of 21 in 15.4883 - percent 0.00500434
9 of 21 in 17.4026 - percent 0.00451107
10 of 21 in 19.3151 - percent 0.00405997
11 of 21 in 21.2277 - percent 0.00369088
12 of 21 in 23.1384 - percent 0.00338331
13 of 21 in 25.105 - percent 0.00414981
14 of 21 in 27.0695 - percent 0.00478695
15 of 21 in 29.0511 - percent 0.00561722
16 of 21 in 31.0034 - percent 0.00594396
17 of 21 in 32.9183 - percent 0.00572518
18 of 21 in 34.8609 - percent 0.00590147
19 of 21 in 36.8004 - percent 0.00600067
20 of 21 in 38.7055 - percent 0.00570064
21 of 21 in 40.6128 - percent 0.00542918
 [vidi] 2 0 /home/kaya/sparyser/matrices/will57.mtx_18 32 1489851845415584 41.5178
Perman: [veni] running with 32 rows:
1 of 21 in 1.99383 - percent 0.00788735
2 of 21 in 3.97822 - percent 0.00673711
3 of 21 in 5.96496 - percent 0.0063537
4 of 21 in 7.93335 - percent 0.00476528
5 of 21 in 9.91599 - percent 0.00486387
6 of 21 in 11.9072 - percent 0.00536779
7 of 21 in 13.907 - percent 0.00572772
8 of 21 in 15.9027 - percent 0.00591422
9 of 21 in 17.8748 - percent 0.00533127
10 of 21 in 19.844 - percent 0.00479814
11 of 21 in 21.8166 - percent 0.00436195
12 of 21 in 23.789 - percent 0.00399845
13 of 21 in 25.8119 - percent 0.00490432
14 of 21 in 27.831 - percent 0.0056573
15 of 21 in 29.8689 - percent 0.00663853
16 of 21 in 31.8809 - percent 0.00702468
17 of 21 in 33.8602 - percent 0.00676612
18 of 21 in 35.8657 - percent 0.00697447
19 of 21 in 37.8666 - percent 0.0070917
20 of 21 in 39.8336 - percent 0.00673712
21 of 21 in 41.8 - percent 0.0064163
 [vidi] 2 0 /home/kaya/sparyser/matrices/will57.mtx_19 32 1224453133359665 42.7335
Perman: [veni] running with 32 rows:
1 of 21 in 2.00811 - percent 0.00728063
2 of 21 in 4.0141 - percent 0.00621887
3 of 21 in 6.02053 - percent 0.00586496
4 of 21 in 8.0126 - percent 0.00439872
5 of 21 in 10.021 - percent 0.00448973
6 of 21 in 12.0363 - percent 0.00495488
7 of 21 in 14.052 - percent 0.00528713
8 of 21 in 16.0656 - percent 0.00545928
9 of 21 in 18.057 - percent 0.00492117
10 of 21 in 20.0469 - percent 0.00442905
11 of 21 in 22.0357 - percent 0.00402641
12 of 21 in 24.0272 - percent 0.00369088
13 of 21 in 26.0675 - percent 0.00452706
14 of 21 in 28.0996 - percent 0.00522212
15 of 21 in 30.1531 - percent 0.00612787
16 of 21 in 32.1822 - percent 0.00648432
17 of 21 in 34.1774 - percent 0.00624565
18 of 21 in 36.1943 - percent 0.00643797
19 of 21 in 38.2076 - percent 0.00654619
20 of 21 in 40.1875 - percent 0.00621888
21 of 21 in 42.1674 - percent 0.00592274
 [vidi] 2 0 /home/kaya/sparyser/matrices/will57.mtx_20 32 1438581654201657 43.108
Perman: [veni] running with 32 rows:
1 of 21 in 1.90301 - percent 0.0228026
2 of 21 in 3.75804 - percent 0.0161286
3 of 21 in 5.63944 - percent 0.016314
4 of 21 in 7.46063 - percent 0.0122355
5 of 21 in 9.30137 - percent 0.0109007
6 of 21 in 11.1603 - percent 0.0109378
7 of 21 in 13.0595 - percent 0.0126328
8 of 21 in 14.9628 - percent 0.014043
9 of 21 in 16.7899 - percent 0.0127299
10 of 21 in 18.6088 - percent 0.0114569
11 of 21 in 20.4282 - percent 0.0104154
12 of 21 in 22.2468 - percent 0.00954741
13 of 21 in 24.1277 - percent 0.0100964
14 of 21 in 25.9986 - percent 0.010421
15 of 21 in 27.9505 - percent 0.0122367
16 of 21 in 29.8103 - percent 0.0122355
17 of 21 in 31.6253 - percent 0.0115158
18 of 21 in 33.4913 - percent 0.0116539
19 of 21 in 35.3734 - percent 0.0120013
20 of 21 in 37.1886 - percent 0.0114013
21 of 21 in 39.0045 - percent 0.0108584
 [vidi] 2 0 /home/kaya/sparyser/matrices/will57.mtx_21 32 2352397672028356 39.8668
Perman: [veni] running with 32 rows:
1 of 21 in 1.82416 - percent 0.00788735
2 of 21 in 3.64287 - percent 0.00673711
3 of 21 in 5.46668 - percent 0.0063537
4 of 21 in 7.26909 - percent 0.00476528
5 of 21 in 9.0916 - percent 0.00486387
6 of 21 in 10.9216 - percent 0.00536779
7 of 21 in 12.7533 - percent 0.00572772
8 of 21 in 14.5847 - percent 0.00591422
9 of 21 in 16.3876 - percent 0.00533127
10 of 21 in 18.1822 - percent 0.00479814
11 of 21 in 19.9755 - percent 0.00436195
12 of 21 in 21.7684 - percent 0.00399845
13 of 21 in 23.6185 - percent 0.00490432
14 of 21 in 25.4672 - percent 0.0056573
15 of 21 in 27.3379 - percent 0.00663853
16 of 21 in 29.178 - percent 0.00702468
17 of 21 in 30.9873 - percent 0.00676612
18 of 21 in 32.8204 - percent 0.00697447
19 of 21 in 34.6597 - percent 0.0070917
20 of 21 in 36.4662 - percent 0.00673712
21 of 21 in 38.2595 - percent 0.0064163
 [vidi] 2 0 /home/kaya/sparyser/matrices/will57.mtx_22 32 387542435402115 39.1135
Perman: [veni] running with 32 rows:
1 of 21 in 1.82524 - percent 0.00788735
2 of 21 in 3.64786 - percent 0.00673711
3 of 21 in 5.47022 - percent 0.0063537
4 of 21 in 7.2705 - percent 0.00476528
5 of 21 in 9.09011 - percent 0.00486387
6 of 21 in 10.9194 - percent 0.00536779
7 of 21 in 12.7467 - percent 0.00572772
8 of 21 in 14.5691 - percent 0.00591422
9 of 21 in 16.3836 - percent 0.00533127
10 of 21 in 18.1922 - percent 0.00479814
11 of 21 in 19.9962 - percent 0.00436195
12 of 21 in 21.8009 - percent 0.00399845
13 of 21 in 23.6607 - percent 0.00490432
14 of 21 in 25.516 - percent 0.0056573
15 of 21 in 27.3853 - percent 0.00663853
16 of 21 in 29.2262 - percent 0.00702468
17 of 21 in 31.0459 - percent 0.00676612
18 of 21 in 32.881 - percent 0.00697447
19 of 21 in 34.7167 - percent 0.0070917
20 of 21 in 36.5228 - percent 0.00673712
21 of 21 in 38.3193 - percent 0.0064163
 [vidi] 2 0 /home/kaya/sparyser/matrices/will57.mtx_23 32 389050382031658 39.1702
Perman: [veni] running with 32 rows:
1 of 21 in 1.82497 - percent 0.00788735
2 of 21 in 3.64906 - percent 0.00673711
3 of 21 in 5.47233 - percent 0.0063537
4 of 21 in 7.2811 - percent 0.00476528
5 of 21 in 9.09983 - percent 0.00486387
6 of 21 in 10.9274 - percent 0.00536779
7 of 21 in 12.7601 - percent 0.00572772
8 of 21 in 14.5828 - percent 0.00591422
9 of 21 in 16.3908 - percent 0.00533127
10 of 21 in 18.1921 - percent 0.00479814
11 of 21 in 19.9912 - percent 0.00436195
12 of 21 in 21.7888 - percent 0.00399845
13 of 21 in 23.6367 - percent 0.00490432
14 of 21 in 25.492 - percent 0.0056573
15 of 21 in 27.3635 - percent 0.00663853
16 of 21 in 29.2116 - percent 0.00702468
17 of 21 in 31.0183 - percent 0.00676612
18 of 21 in 32.8551 - percent 0.00697447
19 of 21 in 34.6881 - percent 0.0070917
20 of 21 in 36.4858 - percent 0.00673712
21 of 21 in 38.2784 - percent 0.0064163
 [vidi] 2 0 /home/kaya/sparyser/matrices/will57.mtx_24 32 319684807437495 39.1313
Perman: [veni] running with 32 rows:
1 of 21 in 1.82238 - percent 0.00788735
2 of 21 in 3.63487 - percent 0.00673711
3 of 21 in 5.45924 - percent 0.0063537
4 of 21 in 7.268 - percent 0.00476528
5 of 21 in 9.09371 - percent 0.00486387
6 of 21 in 10.9285 - percent 0.00536779
7 of 21 in 12.7615 - percent 0.00572772
8 of 21 in 14.5941 - percent 0.00591422
9 of 21 in 16.4059 - percent 0.00533127
10 of 21 in 18.2122 - percent 0.00479814
11 of 21 in 20.013 - percent 0.00436195
12 of 21 in 21.8119 - percent 0.00399845
13 of 21 in 23.6659 - percent 0.00490432
14 of 21 in 25.5251 - percent 0.0056573
15 of 21 in 27.4015 - percent 0.00663853
16 of 21 in 29.2473 - percent 0.00702468
17 of 21 in 31.0618 - percent 0.00676612
18 of 21 in 32.8981 - percent 0.00697447
19 of 21 in 34.7326 - percent 0.0070917
20 of 21 in 36.5285 - percent 0.00673712
21 of 21 in 38.3243 - percent 0.0064163
 [vidi] 2 0 /home/kaya/sparyser/matrices/will57.mtx_25 32 375478853333255 39.1764
Perman: [veni] running with 32 rows:
1 of 21 in 2.62765 - percent 0.0190502
2 of 21 in 5.19846 - percent 0.0134746
3 of 21 in 7.79261 - percent 0.0136294
4 of 21 in 10.3294 - percent 0.0102221
5 of 21 in 12.8782 - percent 0.00910694
6 of 21 in 15.4475 - percent 0.00913792
7 of 21 in 18.061 - percent 0.010554
8 of 21 in 20.683 - percent 0.0117322
9 of 21 in 23.229 - percent 0.0106351
10 of 21 in 25.7644 - percent 0.00957158
11 of 21 in 28.3023 - percent 0.00870144
12 of 21 in 30.8389 - percent 0.00797632
13 of 21 in 33.433 - percent 0.008435
14 of 21 in 36.0321 - percent 0.00869993
15 of 21 in 38.7244 - percent 0.010238
16 of 21 in 41.3117 - percent 0.0102221
17 of 21 in 43.848 - percent 0.00962078
18 of 21 in 46.434 - percent 0.00974709
19 of 21 in 49.0284 - percent 0.0100264
20 of 21 in 51.5581 - percent 0.00952512
21 of 21 in 54.0993 - percent 0.00907154
 [vidi] 2 0 /home/kaya/sparyser/matrices/will57.mtx_26 32 6254189910949888 55.3073
Perman: [veni] running with 32 rows:
1 of 21 in 2.55444 - percent 0.0148685
2 of 21 in 5.0858 - percent 0.0127002
3 of 21 in 7.61364 - percent 0.0119774
4 of 21 in 10.0985 - percent 0.00898304
5 of 21 in 12.626 - percent 0.00916889
6 of 21 in 15.1746 - percent 0.0101188
7 of 21 in 17.723 - percent 0.0107798
8 of 21 in 20.2672 - percent 0.0111117
9 of 21 in 22.7599 - percent 0.01005
10 of 21 in 25.2426 - percent 0.00904499
11 of 21 in 27.7292 - percent 0.00822272
12 of 21 in 30.2189 - percent 0.00753749
13 of 21 in 32.8334 - percent 0.00923175
14 of 21 in 35.4541 - percent 0.0106646
15 of 21 in 38.1151 - percent 0.0124908
16 of 21 in 40.7152 - percent 0.0132422
17 of 21 in 43.2295 - percent 0.0127548
18 of 21 in 45.8033 - percent 0.0131703
19 of 21 in 48.3598 - percent 0.0133686
20 of 21 in 50.8444 - percent 0.0127002
21 of 21 in 53.3381 - percent 0.0120954
 [vidi] 2 0 /home/kaya/sparyser/matrices/will57.mtx_27 32 10205783832657920 54.5223
Perman: [veni] running with 32 rows:
1 of 21 in 2.55695 - percent 0.00929279
2 of 21 in 5.09078 - percent 0.0079376
3 of 21 in 7.61335 - percent 0.00748586
4 of 21 in 10.1063 - percent 0.0056144
5 of 21 in 12.6196 - percent 0.00573056
6 of 21 in 15.1525 - percent 0.00632427
7 of 21 in 17.6908 - percent 0.00673737
8 of 21 in 20.2297 - percent 0.0069448
9 of 21 in 22.7285 - percent 0.00628124
10 of 21 in 25.2184 - percent 0.00565312
11 of 21 in 27.7162 - percent 0.0051392
12 of 21 in 30.2171 - percent 0.00471093
13 of 21 in 32.8177 - percent 0.00576985
14 of 21 in 35.4303 - percent 0.00666537
15 of 21 in 38.0785 - percent 0.00780672
16 of 21 in 40.6676 - percent 0.0082764
17 of 21 in 43.1859 - percent 0.00797176
18 of 21 in 45.7363 - percent 0.00823147
19 of 21 in 48.274 - percent 0.00835537
20 of 21 in 50.7626 - percent 0.0079376
21 of 21 in 53.2601 - percent 0.00755962
 [vidi] 2 0 /home/kaya/sparyser/matrices/will57.mtx_28 32 3395842341863424 54.4512
Perman: [veni] running with 32 rows:
1 of 21 in 2.59041 - percent 0.00929279
2 of 21 in 5.17272 - percent 0.0079376
3 of 21 in 7.74131 - percent 0.00748586
4 of 21 in 10.2712 - percent 0.0056144
5 of 21 in 12.8248 - percent 0.00573056
6 of 21 in 15.3942 - percent 0.00632427
7 of 21 in 17.9674 - percent 0.00673737
8 of 21 in 20.5424 - percent 0.0069448
9 of 21 in 23.077 - percent 0.00628124
10 of 21 in 25.6031 - percent 0.00565312
11 of 21 in 28.1413 - percent 0.0051392
12 of 21 in 30.6813 - percent 0.00471093
13 of 21 in 33.3135 - percent 0.00576985
14 of 21 in 35.96 - percent 0.00666537
15 of 21 in 38.6382 - percent 0.00780672
16 of 21 in 41.2636 - percent 0.0082764
17 of 21 in 43.8149 - percent 0.00797176
18 of 21 in 46.4014 - percent 0.00823147
19 of 21 in 48.976 - percent 0.00835537
20 of 21 in 51.5008 - percent 0.0079376
21 of 21 in 54.0379 - percent 0.00755962
 [vidi] 2 0 /home/kaya/sparyser/matrices/will57.mtx_29 32 3372385193426944 55.2467
Perman: [veni] running with 32 rows:
1 of 21 in 2.55721 - percent 0.00929279
2 of 21 in 5.09144 - percent 0.0079376
3 of 21 in 7.61458 - percent 0.00748586
4 of 21 in 10.1064 - percent 0.0056144
5 of 21 in 12.621 - percent 0.00573056
6 of 21 in 15.1562 - percent 0.00632427
7 of 21 in 17.6939 - percent 0.00673737
8 of 21 in 20.2332 - percent 0.0069448
9 of 21 in 22.7289 - percent 0.00628124
10 of 21 in 25.2174 - percent 0.00565312
11 of 21 in 27.7154 - percent 0.0051392
12 of 21 in 30.2168 - percent 0.00471093
13 of 21 in 32.8134 - percent 0.00576985
14 of 21 in 35.4287 - percent 0.00666537
15 of 21 in 38.0776 - percent 0.00780672
16 of 21 in 40.6648 - percent 0.0082764
17 of 21 in 43.1809 - percent 0.00797176
18 of 21 in 45.731 - percent 0.00823147
19 of 21 in 48.2679 - percent 0.00835537
20 of 21 in 50.7558 - percent 0.0079376
21 of 21 in 53.254 - percent 0.00755962
 [vidi] 2 0 /home/kaya/sparyser/matrices/will57.mtx_30 32 3395737421348864 54.4443
Perman: [veni] running with 32 rows:
1 of 21 in 2.55721 - percent 0.00929279
2 of 21 in 5.09202 - percent 0.0079376
3 of 21 in 7.61573 - percent 0.00748586
4 of 21 in 10.1086 - percent 0.0056144
5 of 21 in 12.6234 - percent 0.00573056
6 of 21 in 15.158 - percent 0.00632427
7 of 21 in 17.6957 - percent 0.00673737
8 of 21 in 20.2345 - percent 0.0069448
9 of 21 in 22.7309 - percent 0.00628124
10 of 21 in 25.2189 - percent 0.00565312
11 of 21 in 27.7173 - percent 0.0051392
12 of 21 in 30.2218 - percent 0.00471093
13 of 21 in 32.8216 - percent 0.00576985
14 of 21 in 35.4348 - percent 0.00666537
15 of 21 in 38.0817 - percent 0.00780672
16 of 21 in 40.6694 - percent 0.0082764
17 of 21 in 43.1872 - percent 0.00797176
18 of 21 in 45.7382 - percent 0.00823147
19 of 21 in 48.2748 - percent 0.00835537
20 of 21 in 50.7639 - percent 0.0079376
21 of 21 in 53.2607 - percent 0.00755962
 [vidi] 2 0 /home/kaya/sparyser/matrices/will57.mtx_31 32 2790836800585728 54.4516
Perman: [veni] running with 32 rows:
1 of 21 in 2.55653 - percent 0.00929279
2 of 21 in 5.09028 - percent 0.0079376
3 of 21 in 7.61418 - percent 0.00748586
4 of 21 in 10.1037 - percent 0.0056144
5 of 21 in 12.6183 - percent 0.00573056
6 of 21 in 15.1529 - percent 0.00632427
7 of 21 in 17.6895 - percent 0.00673737
8 of 21 in 20.2294 - percent 0.0069448
9 of 21 in 22.7267 - percent 0.00628124
10 of 21 in 25.2134 - percent 0.00565312
11 of 21 in 27.7123 - percent 0.0051392
12 of 21 in 30.2145 - percent 0.00471093
13 of 21 in 32.8137 - percent 0.00576985
14 of 21 in 35.4286 - percent 0.00666537
15 of 21 in 38.0776 - percent 0.00780672
16 of 21 in 40.6663 - percent 0.0082764
17 of 21 in 43.1843 - percent 0.00797176
18 of 21 in 45.7357 - percent 0.00823147
19 of 21 in 48.273 - percent 0.00835537
20 of 21 in 50.7617 - percent 0.0079376
21 of 21 in 53.2587 - percent 0.00755962
 [vidi] 2 0 /home/kaya/sparyser/matrices/will57.mtx_32 32 3279128593694720 54.4493
Perman: [veni] running with 32 rows:
1 of 21 in 2.60123 - percent 0.0254003
2 of 21 in 5.13814 - percent 0.0179661
3 of 21 in 7.70164 - percent 0.0181726
4 of 21 in 10.1959 - percent 0.0136294
5 of 21 in 12.7069 - percent 0.0121426
6 of 21 in 15.2463 - percent 0.0121839
7 of 21 in 17.8426 - percent 0.014072
8 of 21 in 20.4451 - percent 0.0156429
9 of 21 in 22.9434 - percent 0.0141801
10 of 21 in 25.4301 - percent 0.0127621
11 of 21 in 27.9229 - percent 0.0116019
12 of 21 in 30.4184 - percent 0.0106351
13 of 21 in 32.9882 - percent 0.0112467
14 of 21 in 35.5503 - percent 0.0115999
15 of 21 in 38.2292 - percent 0.0136506
16 of 21 in 40.7801 - percent 0.0136294
17 of 21 in 43.2679 - percent 0.0128277
18 of 21 in 45.8224 - percent 0.0129961
19 of 21 in 48.3944 - percent 0.0133686
20 of 21 in 50.879 - percent 0.0127002
21 of 21 in 53.3707 - percent 0.0120954
 [vidi] 2 0 /home/kaya/sparyser/matrices/will57.mtx_33 32 6075641141133312 54.5564
Perman: [veni] running with 32 rows:
1 of 21 in 2.49822 - percent 0.00929279
2 of 21 in 4.97946 - percent 0.0079376
3 of 21 in 7.4525 - percent 0.00748586
4 of 21 in 9.88796 - percent 0.0056144
5 of 21 in 12.3527 - percent 0.00573056
6 of 21 in 14.8314 - percent 0.00632427
7 of 21 in 17.3097 - percent 0.00673737
8 of 21 in 19.7912 - percent 0.0069448
9 of 21 in 22.224 - percent 0.00628124
10 of 21 in 24.6568 - percent 0.00565312
11 of 21 in 27.096 - percent 0.0051392
12 of 21 in 29.5398 - percent 0.00471093
13 of 21 in 32.0699 - percent 0.00576985
14 of 21 in 34.6097 - percent 0.00666537
15 of 21 in 37.1786 - percent 0.00780672
16 of 21 in 39.6982 - percent 0.0082764
17 of 21 in 42.1562 - percent 0.00797176
18 of 21 in 44.6549 - percent 0.00823147
19 of 21 in 47.1387 - percent 0.00835537
20 of 21 in 49.5736 - percent 0.0079376
21 of 21 in 52.0135 - percent 0.00755962
 [vidi] 2 0 /home/kaya/sparyser/matrices/will57.mtx_34 32 1199794229870592 53.172
Perman: [veni] running with 32 rows:
1 of 21 in 2.57617 - percent 0.00604031
2 of 21 in 5.15214 - percent 0.00515943
3 of 21 in 7.72532 - percent 0.00486581
4 of 21 in 10.2703 - percent 0.00364936
5 of 21 in 12.8299 - percent 0.00372486
6 of 21 in 15.3969 - percent 0.00411077
7 of 21 in 17.9657 - percent 0.00437929
8 of 21 in 20.5304 - percent 0.00451412
9 of 21 in 23.0748 - percent 0.00408281
10 of 21 in 25.6208 - percent 0.00367453
11 of 21 in 28.1699 - percent 0.00334048
12 of 21 in 30.7208 - percent 0.00306211
13 of 21 in 33.3198 - percent 0.0037504
14 of 21 in 35.9307 - percent 0.00433249
15 of 21 in 38.5631 - percent 0.00507437
16 of 21 in 41.1676 - percent 0.00537966
17 of 21 in 43.7288 - percent 0.00518165
18 of 21 in 46.309 - percent 0.00535045
19 of 21 in 48.8795 - percent 0.00543099
20 of 21 in 51.4263 - percent 0.00515944
21 of 21 in 53.9723 - percent 0.00491375
 [vidi] 2 0 /home/kaya/sparyser/matrices/will57.mtx_35 32 1196435513016320 55.1802
Perman: [veni] running with 32 rows:
1 of 21 in 2.60945 - percent 0.00511103
2 of 21 in 5.21188 - percent 0.00436568
3 of 21 in 7.80907 - percent 0.00411722
4 of 21 in 10.3868 - percent 0.00308792
5 of 21 in 12.978 - percent 0.00315181
6 of 21 in 15.5709 - percent 0.00347834
7 of 21 in 18.1627 - percent 0.00370555
8 of 21 in 20.7608 - percent 0.00381964
9 of 21 in 23.3398 - percent 0.00345468
10 of 21 in 25.9163 - percent 0.00310922
11 of 21 in 28.4948 - percent 0.00282656
12 of 21 in 31.0709 - percent 0.00259101
13 of 21 in 33.6908 - percent 0.00317341
14 of 21 in 36.3235 - percent 0.00366595
15 of 21 in 38.9734 - percent 0.0042937
16 of 21 in 41.5897 - percent 0.00455202
17 of 21 in 44.1697 - percent 0.00438447
18 of 21 in 46.773 - percent 0.00452731
19 of 21 in 49.3691 - percent 0.00459545
20 of 21 in 51.9424 - percent 0.00436568
21 of 21 in 54.5153 - percent 0.00415779
 [vidi] 2 0 /home/kaya/sparyser/matrices/will57.mtx_36 32 1199888553476096 55.7368
Perman: [veni] running with 32 rows:
1 of 21 in 2.53602 - percent 0.00604031
2 of 21 in 5.0645 - percent 0.00515943
3 of 21 in 7.58594 - percent 0.00486581
4 of 21 in 10.0799 - percent 0.00364936
5 of 21 in 12.5936 - percent 0.00372486
6 of 21 in 15.116 - percent 0.00411077
7 of 21 in 17.6353 - percent 0.00437929
8 of 21 in 20.1553 - percent 0.00451412
9 of 21 in 22.6508 - percent 0.00408281
10 of 21 in 25.1445 - percent 0.00367453
11 of 21 in 27.6417 - percent 0.00334048
12 of 21 in 30.1359 - percent 0.00306211
13 of 21 in 32.6941 - percent 0.0037504
14 of 21 in 35.2611 - percent 0.00433249
15 of 21 in 37.8491 - percent 0.00507437
16 of 21 in 40.4061 - percent 0.00537966
17 of 21 in 42.9111 - percent 0.00518165
18 of 21 in 45.4447 - percent 0.00535045
19 of 21 in 47.9714 - percent 0.00543099
20 of 21 in 50.4704 - percent 0.00515944
21 of 21 in 52.9674 - percent 0.00491375
 [vidi] 2 0 /home/kaya/sparyser/matrices/will57.mtx_37 32 987090149965824 54.1518
Perman: [veni] running with 32 rows:
1 of 21 in 2.54416 - percent 0.00557567
