Number of rows/cols is 57
Number of nnz is    281
#d1 vertices: 0
#d2 vertices: 8
min degree: 2
************************************************************************
Algo is 2
Compress matrix 0
Apply Dulmage-Mendehlson 0
Sorting 1
Single run 0
************************************************************************
Perman: [veni] running with 32 rows:
1 of 21 in 1.43916 - percent 0.0125777
2 of 21 in 2.84631 - percent 0.00866519
3 of 21 in 4.2779 - percent 0.00930386
4 of 21 in 5.69589 - percent 0.00858448
5 of 21 in 7.11804 - percent 0.00843593
6 of 21 in 8.55614 - percent 0.0090939
7 of 21 in 9.96101 - percent 0.00836792
8 of 21 in 11.3749 - percent 0.0081411
9 of 21 in 12.8083 - percent 0.00843796
10 of 21 in 14.2257 - percent 0.00824659
11 of 21 in 15.6652 - percent 0.008611
12 of 21 in 17.0846 - percent 0.00849173
13 of 21 in 18.5206 - percent 0.00866457
14 of 21 in 19.9379 - percent 0.00847759
15 of 21 in 21.3822 - percent 0.00876898
16 of 21 in 22.8095 - percent 0.00873535
17 of 21 in 24.2295 - percent 0.00859305
18 of 21 in 25.685 - percent 0.00892889
19 of 21 in 27.1088 - percent 0.00888376
20 of 21 in 28.5327 - percent 0.00889596
21 of 21 in 29.9471 - percent 0.0088072
 [vidi] 2 1 /home/kaya/sparyser/matrices/will57.mtx_0 32 13318596711862812 30.6138
Perman: [veni] running with 32 rows:
1 of 21 in 1.48509 - percent 0.00507035
2 of 21 in 2.96746 - percent 0.00493944
3 of 21 in 4.46113 - percent 0.00599328
4 of 21 in 5.94749 - percent 0.00620688
5 of 21 in 7.42204 - percent 0.00579059
6 of 21 in 8.93595 - percent 0.00710325
7 of 21 in 10.4513 - percent 0.00819236
8 of 21 in 11.9724 - percent 0.00922251
9 of 21 in 13.4884 - percent 0.00985239
10 of 21 in 14.9914 - percent 0.00997978
11 of 21 in 16.4853 - percent 0.00982283
12 of 21 in 17.9823 - percent 0.009864
13 of 21 in 19.5011 - percent 0.0103853
14 of 21 in 21.0016 - percent 0.0105168
15 of 21 in 22.5221 - percent 0.0109971
16 of 21 in 24.034 - percent 0.0113393
17 of 21 in 25.5054 - percent 0.0109746
18 of 21 in 26.9838 - percent 0.0107534
19 of 21 in 28.466 - percent 0.0105636
20 of 21 in 29.9409 - percent 0.0103116
21 of 21 in 31.4158 - percent 0.0100964
 [vidi] 2 1 /home/kaya/sparyser/matrices/will57.mtx_1 32 14031682200780614 32.1117
Perman: [veni] running with 32 rows:
1 of 21 in 1.38344 - percent 0.00435256
2 of 21 in 2.76374 - percent 0.00403321
3 of 21 in 4.14215 - percent 0.00367749
4 of 21 in 5.51974 - percent 0.00380538
5 of 21 in 6.91316 - percent 0.00480139
6 of 21 in 8.29386 - percent 0.00462073
7 of 21 in 9.67224 - percent 0.00467697
8 of 21 in 11.0542 - percent 0.00462301
9 of 21 in 12.4335 - percent 0.00439993
10 of 21 in 13.8085 - percent 0.00419295
11 of 21 in 15.185 - percent 0.00399436
12 of 21 in 16.5671 - percent 0.00392357
13 of 21 in 17.9533 - percent 0.00395692
14 of 21 in 19.3417 - percent 0.00403187
15 of 21 in 20.7346 - percent 0.0043088
16 of 21 in 22.1194 - percent 0.00434779
17 of 21 in 23.4945 - percent 0.00423149
18 of 21 in 24.8806 - percent 0.00435857
19 of 21 in 26.2589 - percent 0.0042561
20 of 21 in 27.6412 - percent 0.00420111
21 of 21 in 29.0164 - percent 0.0040928
 [vidi] 2 1 /home/kaya/sparyser/matrices/will57.mtx_2 32 13188227409182720 29.6719
Perman: [veni] running with 32 rows:
1 of 21 in 1.35702 - percent 0.00345195
2 of 21 in 2.70771 - percent 0.00284036
3 of 21 in 4.0565 - percent 0.00268386
4 of 21 in 5.40577 - percent 0.00258638
5 of 21 in 6.75655 - percent 0.00267378
6 of 21 in 8.12273 - percent 0.00354086
7 of 21 in 9.47492 - percent 0.00381094
8 of 21 in 10.8267 - percent 0.00394466
9 of 21 in 12.1748 - percent 0.00381022
10 of 21 in 13.5224 - percent 0.00365396
11 of 21 in 14.8742 - percent 0.00365839
12 of 21 in 16.219 - percent 0.0035545
13 of 21 in 17.5701 - percent 0.00356885
14 of 21 in 18.9191 - percent 0.0036222
15 of 21 in 20.2826 - percent 0.00393586
16 of 21 in 21.6298 - percent 0.00397919
17 of 21 in 22.9746 - percent 0.0039074
18 of 21 in 24.3258 - percent 0.00389247
19 of 21 in 25.6708 - percent 0.00382924
20 of 21 in 27.0242 - percent 0.00379983
21 of 21 in 28.3714 - percent 0.00373079
 [vidi] 2 1 /home/kaya/sparyser/matrices/will57.mtx_3 32 6594131434045440 29.011
Perman: [veni] running with 32 rows:
1 of 21 in 1.35695 - percent 0.00345195
2 of 21 in 2.70516 - percent 0.00284036
3 of 21 in 4.05238 - percent 0.00268386
4 of 21 in 5.39925 - percent 0.00258638
5 of 21 in 6.74872 - percent 0.00267378
6 of 21 in 8.11377 - percent 0.00354086
7 of 21 in 9.46574 - percent 0.00381094
8 of 21 in 10.8175 - percent 0.00394466
9 of 21 in 12.1644 - percent 0.00381022
10 of 21 in 13.5091 - percent 0.00365396
11 of 21 in 14.861 - percent 0.00365839
12 of 21 in 16.2085 - percent 0.0035545
13 of 21 in 17.5618 - percent 0.00356885
14 of 21 in 18.9109 - percent 0.0036222
15 of 21 in 20.2747 - percent 0.00393586
16 of 21 in 21.6238 - percent 0.00397919
17 of 21 in 22.9704 - percent 0.0039074
18 of 21 in 24.3228 - percent 0.00389247
19 of 21 in 25.67 - percent 0.00382924
20 of 21 in 27.0263 - percent 0.00379983
21 of 21 in 28.3765 - percent 0.00373079
 [vidi] 2 1 /home/kaya/sparyser/matrices/will57.mtx_4 32 9553823335088128 29.0166
Perman: [veni] running with 32 rows:
1 of 21 in 1.357 - percent 0.00345195
2 of 21 in 2.70609 - percent 0.00284036
3 of 21 in 4.05233 - percent 0.00268386
4 of 21 in 5.39992 - percent 0.00258638
5 of 21 in 6.75011 - percent 0.00267378
6 of 21 in 8.1146 - percent 0.00354086
7 of 21 in 9.46613 - percent 0.00381094
8 of 21 in 10.8176 - percent 0.00394466
9 of 21 in 12.1648 - percent 0.00381022
10 of 21 in 13.5104 - percent 0.00365396
11 of 21 in 14.8624 - percent 0.00365839
12 of 21 in 16.2097 - percent 0.0035545
13 of 21 in 17.5634 - percent 0.00356885
14 of 21 in 18.9136 - percent 0.0036222
15 of 21 in 20.2773 - percent 0.00393586
16 of 21 in 21.6267 - percent 0.00397919
17 of 21 in 22.972 - percent 0.0039074
18 of 21 in 24.326 - percent 0.00389247
19 of 21 in 25.6736 - percent 0.00382924
20 of 21 in 27.0289 - percent 0.00379983
21 of 21 in 28.3789 - percent 0.00373079
 [vidi] 2 1 /home/kaya/sparyser/matrices/will57.mtx_5 32 9500149903884288 29.0192
Perman: [veni] running with 32 rows:
1 of 21 in 1.35682 - percent 0.00345195
2 of 21 in 2.70501 - percent 0.00284036
3 of 21 in 4.04998 - percent 0.00268386
4 of 21 in 5.39821 - percent 0.00258638
5 of 21 in 6.74806 - percent 0.00267378
6 of 21 in 8.11312 - percent 0.00354086
7 of 21 in 9.46533 - percent 0.00381094
8 of 21 in 10.8176 - percent 0.00394466
9 of 21 in 12.1655 - percent 0.00381022
10 of 21 in 13.5117 - percent 0.00365396
11 of 21 in 14.8632 - percent 0.00365839
12 of 21 in 16.2107 - percent 0.0035545
13 of 21 in 17.5641 - percent 0.00356885
14 of 21 in 18.913 - percent 0.0036222
15 of 21 in 20.2766 - percent 0.00393586
16 of 21 in 21.6256 - percent 0.00397919
17 of 21 in 22.972 - percent 0.0039074
18 of 21 in 24.3241 - percent 0.00389247
19 of 21 in 25.6716 - percent 0.00382924
20 of 21 in 27.0266 - percent 0.00379983
21 of 21 in 28.3765 - percent 0.00373079
 [vidi] 2 1 /home/kaya/sparyser/matrices/will57.mtx_6 32 9553823335088128 29.0161
Perman: [veni] running with 32 rows:
1 of 21 in 1.35672 - percent 0.00345195
2 of 21 in 2.70697 - percent 0.00284036
3 of 21 in 4.05358 - percent 0.00268386
4 of 21 in 5.40028 - percent 0.00258638
5 of 21 in 6.74981 - percent 0.00267378
6 of 21 in 8.11503 - percent 0.00354086
7 of 21 in 9.46668 - percent 0.00381094
8 of 21 in 10.8178 - percent 0.00394466
9 of 21 in 12.1655 - percent 0.00381022
10 of 21 in 13.511 - percent 0.00365396
11 of 21 in 14.8636 - percent 0.00365839
12 of 21 in 16.2107 - percent 0.0035545
13 of 21 in 17.5641 - percent 0.00356885
14 of 21 in 18.9138 - percent 0.0036222
15 of 21 in 20.2779 - percent 0.00393586
16 of 21 in 21.6273 - percent 0.00397919
17 of 21 in 22.9733 - percent 0.0039074
18 of 21 in 24.3264 - percent 0.00389247
19 of 21 in 25.6739 - percent 0.00382924
20 of 21 in 27.0298 - percent 0.00379983
21 of 21 in 28.3792 - percent 0.00373079
 [vidi] 2 1 /home/kaya/sparyser/matrices/will57.mtx_7 32 7851590066159616 29.0196
Perman: [veni] running with 32 rows:
1 of 21 in 1.35661 - percent 0.00345195
2 of 21 in 2.70609 - percent 0.00284036
3 of 21 in 4.05305 - percent 0.00268386
4 of 21 in 5.40015 - percent 0.00258638
5 of 21 in 6.75084 - percent 0.00267378
6 of 21 in 8.11631 - percent 0.00354086
7 of 21 in 9.46963 - percent 0.00381094
8 of 21 in 10.8216 - percent 0.00394466
9 of 21 in 12.1692 - percent 0.00381022
10 of 21 in 13.5148 - percent 0.00365396
11 of 21 in 14.8675 - percent 0.00365839
12 of 21 in 16.2147 - percent 0.0035545
13 of 21 in 17.5678 - percent 0.00356885
14 of 21 in 18.9179 - percent 0.0036222
15 of 21 in 20.2817 - percent 0.00393586
16 of 21 in 21.6305 - percent 0.00397919
17 of 21 in 22.9779 - percent 0.0039074
18 of 21 in 24.3315 - percent 0.00389247
19 of 21 in 25.6795 - percent 0.00382924
20 of 21 in 27.0353 - percent 0.00379983
21 of 21 in 28.3849 - percent 0.00373079
 [vidi] 2 1 /home/kaya/sparyser/matrices/will57.mtx_8 32 9224104836579328 29.0248
Perman: [veni] running with 32 rows:
1 of 21 in 1.35288 - percent 0.00767319
2 of 21 in 2.72915 - percent 0.0114738
3 of 21 in 4.08179 - percent 0.0103063
4 of 21 in 5.45524 - percent 0.0115497
5 of 21 in 6.80723 - percent 0.0109141
6 of 21 in 8.15611 - percent 0.0102307
7 of 21 in 9.5176 - percent 0.0103347
8 of 21 in 10.8846 - percent 0.0106765
9 of 21 in 12.2433 - percent 0.0105897
10 of 21 in 13.6124 - percent 0.0108666
11 of 21 in 14.9662 - percent 0.010609
12 of 21 in 16.3179 - percent 0.0103784
13 of 21 in 17.6917 - percent 0.0107077
14 of 21 in 19.0443 - percent 0.0105566
15 of 21 in 20.4173 - percent 0.0108166
16 of 21 in 21.7667 - percent 0.0105759
17 of 21 in 23.1229 - percent 0.0104756
18 of 21 in 24.4961 - percent 0.0107031
19 of 21 in 25.8511 - percent 0.0105941
20 of 21 in 27.2241 - percent 0.0107938
21 of 21 in 28.5797 - percent 0.0107069
 [vidi] 2 1 /home/kaya/sparyser/matrices/will57.mtx_9 32 5551101348675584 29.2198
Perman: [veni] running with 32 rows:
1 of 21 in 1.21323 - percent 0.0117046
2 of 21 in 2.43497 - percent 0.0129434
3 of 21 in 3.63606 - percent 0.0114518
4 of 21 in 4.8334 - percent 0.0104802
5 of 21 in 6.02766 - percent 0.00974291
6 of 21 in 7.22966 - percent 0.00957485
7 of 21 in 8.4202 - percent 0.00901625
8 of 21 in 9.61784 - percent 0.00882272
9 of 21 in 10.8183 - percent 0.0088045
10 of 21 in 12.0395 - percent 0.00932192
11 of 21 in 13.2555 - percent 0.00961358
12 of 21 in 14.4509 - percent 0.00938521
13 of 21 in 15.6524 - percent 0.00931082
14 of 21 in 16.8495 - percent 0.00917661
15 of 21 in 18.0678 - percent 0.00940753
16 of 21 in 19.2878 - percent 0.00964924
17 of 21 in 20.511 - percent 0.0099141
18 of 21 in 21.724 - percent 0.010001
19 of 21 in 22.9282 - percent 0.00993901
20 of 21 in 24.1289 - percent 0.00983302
21 of 21 in 25.327 - percent 0.00969368
 [vidi] 2 1 /home/kaya/sparyser/matrices/will57.mtx_10 32 821313979547648 25.896
Perman: [veni] running with 32 rows:
1 of 21 in 1.19426 - percent 0.00716055
2 of 21 in 2.39543 - percent 0.00808959
3 of 21 in 3.58733 - percent 0.00751026
4 of 21 in 4.77135 - percent 0.00681854
5 of 21 in 5.95597 - percent 0.00637625
6 of 21 in 7.14145 - percent 0.00615939
7 of 21 in 8.32232 - percent 0.00583676
8 of 21 in 9.50814 - percent 0.00572592
9 of 21 in 10.6976 - percent 0.00577545
10 of 21 in 11.8989 - percent 0.00611675
11 of 21 in 13.0938 - percent 0.00624172
12 of 21 in 14.277 - percent 0.00609407
13 of 21 in 15.463 - percent 0.00603609
14 of 21 in 16.6512 - percent 0.00600307
15 of 21 in 17.8463 - percent 0.00612703
16 of 21 in 19.0454 - percent 0.00626834
17 of 21 in 20.2453 - percent 0.00642586
18 of 21 in 21.4392 - percent 0.00647585
19 of 21 in 22.6289 - percent 0.00646568
20 of 21 in 23.8139 - percent 0.00639823
21 of 21 in 24.9969 - percent 0.00631624
 [vidi] 2 1 /home/kaya/sparyser/matrices/will57.mtx_11 32 1439871679856640 25.5584
Perman: [veni] running with 32 rows:
1 of 21 in 1.19077 - percent 0.00666127
2 of 21 in 2.38953 - percent 0.00728064
3 of 21 in 3.57311 - percent 0.00626522
4 of 21 in 4.7572 - percent 0.00576626
5 of 21 in 5.93814 - percent 0.00533977
6 of 21 in 7.12261 - percent 0.00529566
7 of 21 in 8.3006 - percent 0.00495738
8 of 21 in 9.48346 - percent 0.00485692
9 of 21 in 10.6678 - percent 0.00480358
10 of 21 in 11.8657 - percent 0.0050983
11 of 21 in 13.0587 - percent 0.00529946
12 of 21 in 14.2395 - percent 0.00516503
13 of 21 in 15.4257 - percent 0.00512892
14 of 21 in 16.6073 - percent 0.00502799
15 of 21 in 17.8024 - percent 0.00516807
16 of 21 in 18.9961 - percent 0.00529664
17 of 21 in 20.1925 - percent 0.00546191
18 of 21 in 21.386 - percent 0.00552223
19 of 21 in 22.5691 - percent 0.0054638
20 of 21 in 23.7537 - percent 0.00541042
21 of 21 in 24.9334 - percent 0.00532911
 [vidi] 2 1 /home/kaya/sparyser/matrices/will57.mtx_12 32 1301083972435968 25.4943
Perman: [veni] running with 32 rows:
1 of 21 in 1.1934 - percent 0.00716055
2 of 21 in 2.39322 - percent 0.00808959
3 of 21 in 3.58246 - percent 0.00751026
4 of 21 in 4.76649 - percent 0.00681854
5 of 21 in 5.94977 - percent 0.00637625
6 of 21 in 7.13504 - percent 0.00615939
7 of 21 in 8.31513 - percent 0.00583676
8 of 21 in 9.5004 - percent 0.00572592
9 of 21 in 10.6895 - percent 0.00577545
10 of 21 in 11.8902 - percent 0.00611675
11 of 21 in 13.0842 - percent 0.00624172
12 of 21 in 14.2663 - percent 0.00609407
13 of 21 in 15.4521 - percent 0.00603609
14 of 21 in 16.638 - percent 0.00600307
15 of 21 in 17.8342 - percent 0.00612703
16 of 21 in 19.0319 - percent 0.00626834
17 of 21 in 20.2312 - percent 0.00642586
18 of 21 in 21.4253 - percent 0.00647585
19 of 21 in 22.6144 - percent 0.00646568
20 of 21 in 23.7992 - percent 0.00639823
21 of 21 in 24.9815 - percent 0.00631624
 [vidi] 2 1 /home/kaya/sparyser/matrices/will57.mtx_13 32 1259552980860928 25.5427
Perman: [veni] running with 32 rows:
1 of 21 in 1.19058 - percent 0.00635159
2 of 21 in 2.38902 - percent 0.00728064
3 of 21 in 3.57889 - percent 0.00697096
4 of 21 in 4.76293 - percent 0.0062924
5 of 21 in 5.94538 - percent 0.00590793
6 of 21 in 7.12757 - percent 0.00565116
7 of 21 in 8.30834 - percent 0.00538751
8 of 21 in 9.49235 - percent 0.00528036
9 of 21 in 10.6824 - percent 0.00537412
10 of 21 in 11.8808 - percent 0.00567941
11 of 21 in 13.0705 - percent 0.00574904
12 of 21 in 14.2517 - percent 0.00562165
13 of 21 in 15.4355 - percent 0.00556257
14 of 21 in 16.622 - percent 0.00556338
15 of 21 in 17.8157 - percent 0.00566272
16 of 21 in 19.0112 - percent 0.00579632
17 of 21 in 20.2072 - percent 0.005921
18 of 21 in 21.3992 - percent 0.0059541
19 of 21 in 22.5879 - percent 0.00597139
20 of 21 in 23.7719 - percent 0.00590433
21 of 21 in 24.9535 - percent 0.00583396
 [vidi] 2 1 /home/kaya/sparyser/matrices/will57.mtx_14 32 2018803743457280 25.5141
Perman: [veni] running with 32 rows:
1 of 21 in 1.3815 - percent 0.0172838
2 of 21 in 2.77117 - percent 0.0186252
3 of 21 in 4.13972 - percent 0.017043
4 of 21 in 5.4895 - percent 0.0152278
5 of 21 in 6.83101 - percent 0.0136965
6 of 21 in 8.16857 - percent 0.0125784
7 of 21 in 9.5096 - percent 0.0119103
8 of 21 in 10.8525 - percent 0.0114915
9 of 21 in 12.1988 - percent 0.0111957
10 of 21 in 13.5374 - percent 0.0107742
11 of 21 in 14.8817 - percent 0.0105796
12 of 21 in 16.2162 - percent 0.0103026
13 of 21 in 17.5629 - percent 0.010273
14 of 21 in 18.9243 - percent 0.0104881
15 of 21 in 20.308 - percent 0.0110689
16 of 21 in 21.6907 - percent 0.0115402
17 of 21 in 23.026 - percent 0.0112735
18 of 21 in 24.3728 - percent 0.0111993
19 of 21 in 25.7101 - percent 0.0109869
20 of 21 in 27.0481 - percent 0.0108192
21 of 21 in 28.3911 - percent 0.0107251
 [vidi] 2 1 /home/kaya/sparyser/matrices/will57.mtx_15 32 7306004070419072 29.0232
Perman: [veni] running with 32 rows:
1 of 21 in 1.21047 - percent 0.0156979
2 of 21 in 2.4292 - percent 0.0169454
3 of 21 in 3.62893 - percent 0.0154935
4 of 21 in 4.81558 - percent 0.0138462
5 of 21 in 5.99496 - percent 0.0124515
6 of 21 in 7.17314 - percent 0.011435
7 of 21 in 8.35396 - percent 0.0108277
8 of 21 in 9.537 - percent 0.0104474
9 of 21 in 10.7213 - percent 0.0101773
10 of 21 in 11.8993 - percent 0.00979177
11 of 21 in 13.082 - percent 0.00961796
12 of 21 in 14.2592 - percent 0.0093664
13 of 21 in 15.4455 - percent 0.00933792
14 of 21 in 16.6413 - percent 0.00953097
15 of 21 in 17.8566 - percent 0.0100619
16 of 21 in 19.0699 - percent 0.0104917
17 of 21 in 20.2467 - percent 0.0102491
18 of 21 in 21.4332 - percent 0.010181
19 of 21 in 22.6106 - percent 0.00998809
20 of 21 in 23.7903 - percent 0.00983562
21 of 21 in 24.9736 - percent 0.00975013
 [vidi] 2 1 /home/kaya/sparyser/matrices/will57.mtx_16 32 1489851819582344 25.531
Perman: [veni] running with 32 rows:
1 of 21 in 1.21383 - percent 0.0101875
2 of 21 in 2.43414 - percent 0.0109957
3 of 21 in 3.6404 - percent 0.0100707
4 of 21 in 4.83621 - percent 0.00899804
5 of 21 in 6.027 - percent 0.00809305
6 of 21 in 7.21654 - percent 0.00743263
7 of 21 in 8.40755 - percent 0.00703822
8 of 21 in 9.59997 - percent 0.00679127
9 of 21 in 10.7936 - percent 0.00661528
10 of 21 in 11.9827 - percent 0.00636654
11 of 21 in 13.1755 - percent 0.00625187
12 of 21 in 14.3645 - percent 0.00608827
13 of 21 in 15.5596 - percent 0.00606868
14 of 21 in 16.7626 - percent 0.00619275
15 of 21 in 17.9792 - percent 0.00653943
16 of 21 in 19.1942 - percent 0.0068196
17 of 21 in 20.3827 - percent 0.00666041
18 of 21 in 21.5775 - percent 0.00661745
19 of 21 in 22.7664 - percent 0.00649226
20 of 21 in 23.9561 - percent 0.00639323
21 of 21 in 25.1487 - percent 0.00633765
 [vidi] 2 1 /home/kaya/sparyser/matrices/will57.mtx_17 32 1480804176462400 25.7117
Perman: [veni] running with 32 rows:
1 of 21 in 1.20735 - percent 0.00862175
2 of 21 in 2.42015 - percent 0.00931371
3 of 21 in 3.62064 - percent 0.00852142
4 of 21 in 4.81325 - percent 0.00761644
5 of 21 in 6.00142 - percent 0.00684819
6 of 21 in 7.1879 - percent 0.00628921
7 of 21 in 8.37658 - percent 0.00595529
8 of 21 in 9.5659 - percent 0.00574621
9 of 21 in 10.7568 - percent 0.00559747
10 of 21 in 11.9437 - percent 0.0053861
11 of 21 in 13.1335 - percent 0.00528994
12 of 21 in 14.3204 - percent 0.00515162
13 of 21 in 15.5123 - percent 0.00513393
14 of 21 in 16.7108 - percent 0.00524098
15 of 21 in 17.9208 - percent 0.00553378
16 of 21 in 19.1294 - percent 0.00577043
17 of 21 in 20.3155 - percent 0.00563587
18 of 21 in 21.5077 - percent 0.00559948
19 of 21 in 22.6941 - percent 0.00549345
20 of 21 in 23.881 - percent 0.00540962
21 of 21 in 25.0707 - percent 0.00536262
 [vidi] 2 1 /home/kaya/sparyser/matrices/will57.mtx_18 32 1489851848486272 25.6332
Perman: [veni] running with 32 rows:
1 of 21 in 1.20609 - percent 0.0101875
2 of 21 in 2.4181 - percent 0.0109957
3 of 21 in 3.61668 - percent 0.0100707
4 of 21 in 4.80501 - percent 0.00899804
5 of 21 in 5.98832 - percent 0.00809305
6 of 21 in 7.17041 - percent 0.00743263
7 of 21 in 8.35456 - percent 0.00703822
8 of 21 in 9.53979 - percent 0.00679127
9 of 21 in 10.7259 - percent 0.00661528
10 of 21 in 11.9077 - percent 0.00636654
11 of 21 in 13.0933 - percent 0.00625187
12 of 21 in 14.2757 - percent 0.00608827
13 of 21 in 15.4641 - percent 0.00606868
14 of 21 in 16.6598 - percent 0.00619275
15 of 21 in 17.8699 - percent 0.00653943
16 of 21 in 19.0792 - percent 0.0068196
17 of 21 in 20.2606 - percent 0.00666041
18 of 21 in 21.4498 - percent 0.00661745
19 of 21 in 22.6319 - percent 0.00649226
20 of 21 in 23.8149 - percent 0.00639323
21 of 21 in 25.0011 - percent 0.00633765
 [vidi] 2 1 /home/kaya/sparyser/matrices/will57.mtx_19 32 1224453138946188 25.561
Perman: [veni] running with 32 rows:
1 of 21 in 1.20535 - percent 0.00941471
2 of 21 in 2.41723 - percent 0.0101547
3 of 21 in 3.61575 - percent 0.00929608
4 of 21 in 4.80535 - percent 0.00830472
5 of 21 in 5.99027 - percent 0.00747062
6 of 21 in 7.17343 - percent 0.00686092
7 of 21 in 8.35828 - percent 0.00649675
8 of 21 in 9.54471 - percent 0.00626874
9 of 21 in 10.7323 - percent 0.00610645
10 of 21 in 11.916 - percent 0.00587632
11 of 21 in 13.1029 - percent 0.00577091
12 of 21 in 14.2866 - percent 0.00561985
13 of 21 in 15.4753 - percent 0.00560372
14 of 21 in 16.6716 - percent 0.00571726
15 of 21 in 17.881 - percent 0.00603661
16 of 21 in 19.0893 - percent 0.00629502
17 of 21 in 20.272 - percent 0.00614906
18 of 21 in 21.4608 - percent 0.00610847
19 of 21 in 22.6438 - percent 0.00599286
20 of 21 in 23.8278 - percent 0.00590143
21 of 21 in 25.0146 - percent 0.0058501
 [vidi] 2 1 /home/kaya/sparyser/matrices/will57.mtx_20 32 1438581650365684 25.5751
Perman: [veni] running with 32 rows:
1 of 21 in 1.42441 - percent 0.0187126
2 of 21 in 2.83188 - percent 0.0151198
3 of 21 in 4.22563 - percent 0.012572
4 of 21 in 5.61909 - percent 0.0114789
5 of 21 in 7.0193 - percent 0.01085
6 of 21 in 8.41359 - percent 0.0102328
7 of 21 in 9.81258 - percent 0.0100393
8 of 21 in 11.2034 - percent 0.00976165
9 of 21 in 12.6006 - percent 0.00956943
10 of 21 in 14.0213 - percent 0.0101774
11 of 21 in 15.4329 - percent 0.0105196
12 of 21 in 16.8231 - percent 0.0103241
13 of 21 in 18.2142 - percent 0.0101955
14 of 21 in 19.61 - percent 0.0103487
15 of 21 in 21.021 - percent 0.0107968
16 of 21 in 22.412 - percent 0.0106517
17 of 21 in 23.8001 - percent 0.0104872
18 of 21 in 25.2027 - percent 0.0106762
19 of 21 in 26.609 - percent 0.0109451
20 of 21 in 27.9952 - percent 0.0108142
21 of 21 in 29.3878 - percent 0.0107223
 [vidi] 2 1 /home/kaya/sparyser/matrices/will57.mtx_21 32 2352397612938080 30.0445
Perman: [veni] running with 32 rows:
1 of 21 in 1.22511 - percent 0.00943531
2 of 21 in 2.4626 - percent 0.0110956
3 of 21 in 3.68195 - percent 0.0101664
4 of 21 in 4.88697 - percent 0.00891572
5 of 21 in 6.08906 - percent 0.00802333
6 of 21 in 7.29095 - percent 0.00743261
7 of 21 in 8.49343 - percent 0.00706227
8 of 21 in 9.69545 - percent 0.00678153
9 of 21 in 10.8965 - percent 0.00648988
10 of 21 in 12.1039 - percent 0.00642888
11 of 21 in 13.3061 - percent 0.00624301
12 of 21 in 14.5066 - percent 0.00607883
13 of 21 in 15.713 - percent 0.00604969
14 of 21 in 16.9307 - percent 0.00619527
15 of 21 in 18.1663 - percent 0.00663247
16 of 21 in 19.3877 - percent 0.0067651
17 of 21 in 20.5903 - percent 0.0066476
18 of 21 in 21.7971 - percent 0.00660563
19 of 21 in 22.9999 - percent 0.00649721
20 of 21 in 24.2024 - percent 0.00639902
21 of 21 in 25.406 - percent 0.00631472
 [vidi] 2 1 /home/kaya/sparyser/matrices/will57.mtx_22 32 387542433436696 25.9768
Perman: [veni] running with 32 rows:
1 of 21 in 1.22473 - percent 0.00943531
2 of 21 in 2.46132 - percent 0.0110956
3 of 21 in 3.68151 - percent 0.0101664
4 of 21 in 4.88654 - percent 0.00891572
5 of 21 in 6.08887 - percent 0.00802333
6 of 21 in 7.29089 - percent 0.00743261
7 of 21 in 8.49368 - percent 0.00706227
8 of 21 in 9.69603 - percent 0.00678153
9 of 21 in 10.8965 - percent 0.00648988
10 of 21 in 12.105 - percent 0.00642888
11 of 21 in 13.3083 - percent 0.00624301
12 of 21 in 14.5086 - percent 0.00607883
13 of 21 in 15.7149 - percent 0.00604969
14 of 21 in 16.9318 - percent 0.00619527
15 of 21 in 18.1677 - percent 0.00663247
16 of 21 in 19.3892 - percent 0.0067651
17 of 21 in 20.5921 - percent 0.0066476
18 of 21 in 21.7991 - percent 0.00660563
19 of 21 in 23.0017 - percent 0.00649721
20 of 21 in 24.2045 - percent 0.00639902
21 of 21 in 25.4076 - percent 0.00631472
 [vidi] 2 1 /home/kaya/sparyser/matrices/will57.mtx_23 32 389050384280818 25.9785
Perman: [veni] running with 32 rows:
1 of 21 in 1.22531 - percent 0.00943531
2 of 21 in 2.4616 - percent 0.0110956
3 of 21 in 3.6813 - percent 0.0101664
4 of 21 in 4.88556 - percent 0.00891572
5 of 21 in 6.0876 - percent 0.00802333
6 of 21 in 7.28888 - percent 0.00743261
7 of 21 in 8.49183 - percent 0.00706227
8 of 21 in 9.69347 - percent 0.00678153
9 of 21 in 10.8941 - percent 0.00648988
10 of 21 in 12.1014 - percent 0.00642888
11 of 21 in 13.3043 - percent 0.00624301
12 of 21 in 14.5055 - percent 0.00607883
13 of 21 in 15.7118 - percent 0.00604969
14 of 21 in 16.9288 - percent 0.00619527
15 of 21 in 18.1645 - percent 0.00663247
16 of 21 in 19.3855 - percent 0.0067651
17 of 21 in 20.5879 - percent 0.0066476
18 of 21 in 21.7945 - percent 0.00660563
19 of 21 in 22.9973 - percent 0.00649721
20 of 21 in 24.2001 - percent 0.00639902
21 of 21 in 25.4034 - percent 0.00631472
 [vidi] 2 1 /home/kaya/sparyser/matrices/will57.mtx_24 32 319684811258566 25.9738
Perman: [veni] running with 32 rows:
1 of 21 in 1.22514 - percent 0.00943531
2 of 21 in 2.4621 - percent 0.0110956
3 of 21 in 3.68153 - percent 0.0101664
4 of 21 in 4.88659 - percent 0.00891572
5 of 21 in 6.08854 - percent 0.00802333
6 of 21 in 7.29016 - percent 0.00743261
7 of 21 in 8.4928 - percent 0.00706227
8 of 21 in 9.69474 - percent 0.00678153
9 of 21 in 10.8957 - percent 0.00648988
10 of 21 in 12.1034 - percent 0.00642888
11 of 21 in 13.3062 - percent 0.00624301
12 of 21 in 14.5066 - percent 0.00607883
13 of 21 in 15.7129 - percent 0.00604969
14 of 21 in 16.9303 - percent 0.00619527
15 of 21 in 18.1663 - percent 0.00663247
16 of 21 in 19.3875 - percent 0.0067651
17 of 21 in 20.5908 - percent 0.0066476
18 of 21 in 21.7975 - percent 0.00660563
19 of 21 in 23.0005 - percent 0.00649721
20 of 21 in 24.2034 - percent 0.00639902
21 of 21 in 25.4065 - percent 0.00631472
 [vidi] 2 1 /home/kaya/sparyser/matrices/will57.mtx_25 32 375478856211332 25.9773
Perman: [veni] running with 32 rows:
1 of 21 in 1.21219 - percent 0.0101815
2 of 21 in 2.41443 - percent 0.00879662
3 of 21 in 3.60816 - percent 0.00772344
4 of 21 in 4.82634 - percent 0.00843948
5 of 21 in 6.07744 - percent 0.010601
6 of 21 in 7.27864 - percent 0.0100818
7 of 21 in 8.50255 - percent 0.0103601
8 of 21 in 9.70918 - percent 0.010087
9 of 21 in 10.9013 - percent 0.0095311
10 of 21 in 12.0956 - percent 0.00914833
11 of 21 in 13.2891 - percent 0.00881582
12 of 21 in 14.4833 - percent 0.00855595
13 of 21 in 15.6953 - percent 0.00868955
14 of 21 in 16.9082 - percent 0.00880973
15 of 21 in 18.1583 - percent 0.00947201
16 of 21 in 19.371 - percent 0.00948441
17 of 21 in 20.5665 - percent 0.00928495
18 of 21 in 21.7965 - percent 0.00951579
19 of 21 in 22.9939 - percent 0.00934827
20 of 21 in 24.1883 - percent 0.00916564
21 of 21 in 25.3808 - percent 0.00897884
 [vidi] 2 1 /home/kaya/sparyser/matrices/will57.mtx_26 32 6275651627646976 25.9441
Perman: [veni] running with 32 rows:
1 of 21 in 1.41977 - percent 0.0163431
2 of 21 in 2.86098 - percent 0.0194268
3 of 21 in 4.26177 - percent 0.0165497
4 of 21 in 5.67509 - percent 0.0163577
5 of 21 in 7.05875 - percent 0.0142982
6 of 21 in 8.45102 - percent 0.0133352
7 of 21 in 9.83946 - percent 0.0125481
8 of 21 in 11.242 - percent 0.0125185
9 of 21 in 12.6425 - percent 0.0123758
10 of 21 in 14.039 - percent 0.0121877
11 of 21 in 15.4337 - percent 0.0118939
12 of 21 in 16.8136 - percent 0.0114079
13 of 21 in 18.2222 - percent 0.0116156
14 of 21 in 19.6234 - percent 0.0116137
15 of 21 in 21.0631 - percent 0.0123519
16 of 21 in 22.4688 - percent 0.0123966
17 of 21 in 23.8681 - percent 0.012307
18 of 21 in 25.271 - percent 0.0123058
19 of 21 in 26.6609 - percent 0.0120933
20 of 21 in 28.0709 - percent 0.0122145
21 of 21 in 29.4494 - percent 0.0118987
 [vidi] 2 1 /home/kaya/sparyser/matrices/will57.mtx_27 32 10219068552380416 30.111
Perman: [veni] running with 32 rows:
1 of 21 in 1.22121 - percent 0.0101651
2 of 21 in 2.45488 - percent 0.0120623
3 of 21 in 3.66032 - percent 0.0103325
4 of 21 in 4.88239 - percent 0.0102156
5 of 21 in 6.07637 - percent 0.00892805
6 of 21 in 7.27846 - percent 0.00833763
7 of 21 in 8.48094 - percent 0.00787577
8 of 21 in 9.6953 - percent 0.00782657
9 of 21 in 10.9049 - percent 0.00772249
10 of 21 in 12.1126 - percent 0.0076159
11 of 21 in 13.3143 - percent 0.00743407
12 of 21 in 14.5109 - percent 0.00713007
13 of 21 in 15.733 - percent 0.00725925
14 of 21 in 16.9441 - percent 0.00725832
15 of 21 in 18.1877 - percent 0.00771978
16 of 21 in 19.4025 - percent 0.00775144
17 of 21 in 20.61 - percent 0.00767825
18 of 21 in 21.8261 - percent 0.00767901
19 of 21 in 23.0347 - percent 0.00756015
20 of 21 in 24.2632 - percent 0.00763496
21 of 21 in 25.4596 - percent 0.00743696
 [vidi] 2 1 /home/kaya/sparyser/matrices/will57.mtx_28 32 3396929972076544 26.0324
Perman: [veni] running with 32 rows:
1 of 21 in 1.21794 - percent 0.0101651
2 of 21 in 2.45285 - percent 0.0120623
3 of 21 in 3.65749 - percent 0.0103325
4 of 21 in 4.87861 - percent 0.0102156
5 of 21 in 6.07088 - percent 0.00892805
6 of 21 in 7.27341 - percent 0.00833763
7 of 21 in 8.47336 - percent 0.00787577
8 of 21 in 9.6849 - percent 0.00782657
9 of 21 in 10.8922 - percent 0.00772249
10 of 21 in 12.0964 - percent 0.0076159
11 of 21 in 13.3003 - percent 0.00743407
12 of 21 in 14.5002 - percent 0.00713007
13 of 21 in 15.7223 - percent 0.00725925
14 of 21 in 16.9329 - percent 0.00725832
15 of 21 in 18.1719 - percent 0.00771978
16 of 21 in 19.387 - percent 0.00775144
17 of 21 in 20.5981 - percent 0.00767825
18 of 21 in 21.8126 - percent 0.00767901
19 of 21 in 23.0162 - percent 0.00756015
20 of 21 in 24.2416 - percent 0.00763496
21 of 21 in 25.4384 - percent 0.00743696
 [vidi] 2 1 /home/kaya/sparyser/matrices/will57.mtx_29 32 3371658098245632 26.0119
Perman: [veni] running with 32 rows:
1 of 21 in 1.22163 - percent 0.0101651
2 of 21 in 2.45789 - percent 0.0120623
3 of 21 in 3.66559 - percent 0.0103325
4 of 21 in 4.88842 - percent 0.0102156
5 of 21 in 6.08289 - percent 0.00892805
6 of 21 in 7.2839 - percent 0.00833763
7 of 21 in 8.48375 - percent 0.00787577
8 of 21 in 9.69442 - percent 0.00782657
9 of 21 in 10.9014 - percent 0.00772249
10 of 21 in 12.1061 - percent 0.0076159
11 of 21 in 13.3067 - percent 0.00743407
12 of 21 in 14.5044 - percent 0.00713007
13 of 21 in 15.7277 - percent 0.00725925
14 of 21 in 16.9398 - percent 0.00725832
15 of 21 in 18.1797 - percent 0.00771978
16 of 21 in 19.3962 - percent 0.00775144
17 of 21 in 20.6045 - percent 0.00767825
18 of 21 in 21.8231 - percent 0.00767901
19 of 21 in 23.0281 - percent 0.00756015
20 of 21 in 24.249 - percent 0.00763496
21 of 21 in 25.4456 - percent 0.00743696
 [vidi] 2 1 /home/kaya/sparyser/matrices/will57.mtx_30 32 3395174927433728 26.0161
Perman: [veni] running with 32 rows:
1 of 21 in 1.21645 - percent 0.0101651
2 of 21 in 2.44713 - percent 0.0120623
3 of 21 in 3.65311 - percent 0.0103325
4 of 21 in 4.87182 - percent 0.0102156
5 of 21 in 6.06126 - percent 0.00892805
6 of 21 in 7.26071 - percent 0.00833763
7 of 21 in 8.45811 - percent 0.00787577
8 of 21 in 9.6691 - percent 0.00782657
9 of 21 in 10.8742 - percent 0.00772249
10 of 21 in 12.0792 - percent 0.0076159
11 of 21 in 13.2805 - percent 0.00743407
12 of 21 in 14.4748 - percent 0.00713007
13 of 21 in 15.6931 - percent 0.00725925
14 of 21 in 16.9032 - percent 0.00725832
15 of 21 in 18.1408 - percent 0.00771978
16 of 21 in 19.3531 - percent 0.00775144
17 of 21 in 20.5616 - percent 0.00767825
18 of 21 in 21.7778 - percent 0.00767901
19 of 21 in 22.9813 - percent 0.00756015
20 of 21 in 24.2016 - percent 0.00763496
21 of 21 in 25.397 - percent 0.00743696
 [vidi] 2 1 /home/kaya/sparyser/matrices/will57.mtx_31 32 2792152233410560 25.9677
Perman: [veni] running with 32 rows:
1 of 21 in 1.2162 - percent 0.0101651
2 of 21 in 2.45061 - percent 0.0120623
3 of 21 in 3.65384 - percent 0.0103325
4 of 21 in 4.87159 - percent 0.0102156
5 of 21 in 6.06611 - percent 0.00892805
6 of 21 in 7.26613 - percent 0.00833763
7 of 21 in 8.46254 - percent 0.00787577
8 of 21 in 9.67023 - percent 0.00782657
9 of 21 in 10.8742 - percent 0.00772249
10 of 21 in 12.0771 - percent 0.0076159
11 of 21 in 13.2776 - percent 0.00743407
12 of 21 in 14.47 - percent 0.00713007
13 of 21 in 15.6854 - percent 0.00725925
14 of 21 in 16.8957 - percent 0.00725832
15 of 21 in 18.1346 - percent 0.00771978
16 of 21 in 19.3466 - percent 0.00775144
17 of 21 in 20.5512 - percent 0.00767825
18 of 21 in 21.7623 - percent 0.00767901
19 of 21 in 22.966 - percent 0.00756015
20 of 21 in 24.1901 - percent 0.00763496
21 of 21 in 25.3845 - percent 0.00743696
 [vidi] 2 1 /home/kaya/sparyser/matrices/will57.mtx_32 32 3279903001673728 25.9546
Perman: [veni] running with 32 rows:
1 of 21 in 1.39462 - percent 0.0135782
2 of 21 in 2.82762 - percent 0.019657
3 of 21 in 4.21568 - percent 0.0171046
4 of 21 in 5.60808 - percent 0.0163577
5 of 21 in 6.98135 - percent 0.0146138
6 of 21 in 8.35248 - percent 0.0132124
7 of 21 in 9.73187 - percent 0.0127501
8 of 21 in 11.1133 - percent 0.0125185
9 of 21 in 12.4935 - percent 0.0122053
10 of 21 in 13.8804 - percent 0.0121978
11 of 21 in 15.255 - percent 0.0117545
12 of 21 in 16.6268 - percent 0.0114079
13 of 21 in 18.0186 - percent 0.0116056
14 of 21 in 19.4049 - percent 0.0116307
15 of 21 in 20.8366 - percent 0.0125218
16 of 21 in 22.2244 - percent 0.0124475
17 of 21 in 23.6043 - percent 0.0122993
18 of 21 in 24.9942 - percent 0.012391
19 of 21 in 26.3653 - percent 0.0121368
20 of 21 in 27.7501 - percent 0.0121681
21 of 21 in 29.1225 - percent 0.0119718
 [vidi] 2 1 /home/kaya/sparyser/matrices/will57.mtx_33 32 6054734146306048 29.772
Perman: [veni] running with 32 rows:
1 of 21 in 1.21063 - percent 0.0101651
2 of 21 in 2.43276 - percent 0.0120623
3 of 21 in 3.62941 - percent 0.0103325
4 of 21 in 4.83725 - percent 0.0102159
5 of 21 in 6.02494 - percent 0.00892963
6 of 21 in 7.21848 - percent 0.00833293
7 of 21 in 8.40944 - percent 0.00783033
8 of 21 in 9.61078 - percent 0.00782302
9 of 21 in 10.8094 - percent 0.00773842
10 of 21 in 12.0053 - percent 0.00761803
11 of 21 in 13.1974 - percent 0.0074334
12 of 21 in 14.3796 - percent 0.00712993
13 of 21 in 15.5791 - percent 0.00726011
14 of 21 in 16.7733 - percent 0.0072591
15 of 21 in 17.9921 - percent 0.00772055
16 of 21 in 19.1904 - percent 0.00775172
17 of 21 in 20.3826 - percent 0.00768668
18 of 21 in 21.5784 - percent 0.00768698
19 of 21 in 22.7652 - percent 0.00755744
20 of 21 in 23.9652 - percent 0.00763431
21 of 21 in 25.1454 - percent 0.00743701
 [vidi] 2 1 /home/kaya/sparyser/matrices/will57.mtx_34 32 1200040081620992 25.7098
Perman: [veni] running with 32 rows:
1 of 21 in 1.21378 - percent 0.00658223
2 of 21 in 2.43722 - percent 0.00781542
3 of 21 in 3.6427 - percent 0.00671352
4 of 21 in 4.8567 - percent 0.00663818
5 of 21 in 6.05325 - percent 0.00580236
6 of 21 in 7.25472 - percent 0.0054155
7 of 21 in 8.45419 - percent 0.00508117
8 of 21 in 9.66238 - percent 0.0050844
9 of 21 in 10.8684 - percent 0.00502418
10 of 21 in 12.0728 - percent 0.004951
11 of 21 in 13.274 - percent 0.00483165
12 of 21 in 14.4662 - percent 0.00463443
13 of 21 in 15.6719 - percent 0.004719
14 of 21 in 16.8737 - percent 0.00471827
15 of 21 in 18.0932 - percent 0.00501803
16 of 21 in 19.2969 - percent 0.00503551
17 of 21 in 20.4978 - percent 0.00499338
18 of 21 in 21.7009 - percent 0.00499318
19 of 21 in 22.8974 - percent 0.0049118
20 of 21 in 24.1051 - percent 0.00496183
21 of 21 in 25.2968 - percent 0.00483365
 [vidi] 2 1 /home/kaya/sparyser/matrices/will57.mtx_35 32 1195680153993216 25.8655
Perman: [veni] running with 32 rows:
1 of 21 in 1.20983 - percent 0.00558767
2 of 21 in 2.42835 - percent 0.0066233
3 of 21 in 3.63086 - percent 0.00568212
4 of 21 in 4.83957 - percent 0.00561801
5 of 21 in 6.0346 - percent 0.00491057
6 of 21 in 7.23439 - percent 0.00458282
7 of 21 in 8.43275 - percent 0.00430383
8 of 21 in 9.6376 - percent 0.00430247
9 of 21 in 10.8405 - percent 0.0042542
10 of 21 in 12.0421 - percent 0.00418968
11 of 21 in 13.2409 - percent 0.00408835
12 of 21 in 14.4317 - percent 0.00392145
13 of 21 in 15.6336 - percent 0.00399309
14 of 21 in 16.832 - percent 0.00399246
15 of 21 in 18.0466 - percent 0.00424619
16 of 21 in 19.2475 - percent 0.00426241
17 of 21 in 20.445 - percent 0.00422639
18 of 21 in 21.6443 - percent 0.00422662
19 of 21 in 22.8386 - percent 0.00415641
20 of 21 in 24.0411 - percent 0.00419871
21 of 21 in 25.2311 - percent 0.00409022
 [vidi] 2 1 /home/kaya/sparyser/matrices/will57.mtx_36 32 1200550065995776 25.7981
Perman: [veni] running with 32 rows:
1 of 21 in 1.20516 - percent 0.00658223
2 of 21 in 2.42184 - percent 0.00781542
3 of 21 in 3.61826 - percent 0.00671352
4 of 21 in 4.82449 - percent 0.00663818
5 of 21 in 6.01363 - percent 0.00580236
6 of 21 in 7.20711 - percent 0.0054155
7 of 21 in 8.39832 - percent 0.00508117
8 of 21 in 9.59903 - percent 0.0050844
9 of 21 in 10.7967 - percent 0.00502418
10 of 21 in 11.9939 - percent 0.004951
11 of 21 in 13.1859 - percent 0.00483165
12 of 21 in 14.3702 - percent 0.00463443
13 of 21 in 15.5687 - percent 0.004719
14 of 21 in 16.7615 - percent 0.00471827
15 of 21 in 17.9729 - percent 0.00501803
16 of 21 in 19.1674 - percent 0.00503551
17 of 21 in 20.359 - percent 0.00499338
18 of 21 in 21.5538 - percent 0.00499318
19 of 21 in 22.7408 - percent 0.0049118
20 of 21 in 23.9401 - percent 0.00496183
21 of 21 in 25.123 - percent 0.00483365
 [vidi] 2 1 /home/kaya/sparyser/matrices/will57.mtx_37 32 985825487618048 25.6873
Perman: [veni] running with 32 rows:
1 of 21 in 1.20657 - percent 0.00607711
2 of 21 in 2.42199 - percent 0.00722328
3 of 21 in 3.61969 - percent 0.00619764
4 of 21 in 4.82538 - percent 0.0061281
5 of 21 in 6.01519 - percent 0.0053566
6 of 21 in 7.20911 - percent 0.00499914
7 of 21 in 8.40141 - percent 0.0046925
8 of 21 in 9.60192 - percent 0.00469344
9 of 21 in 10.8 - percent 0.00463919
10 of 21 in 11.9967 - percent 0.00457034
11 of 21 in 13.1902 - percent 0.00446
12 of 21 in 14.3751 - percent 0.00427794
13 of 21 in 15.5731 - percent 0.00435596
14 of 21 in 16.7668 - percent 0.00435536
15 of 21 in 17.9777 - percent 0.00463212
16 of 21 in 19.1735 - percent 0.00464896
17 of 21 in 20.3657 - percent 0.00461033
18 of 21 in 21.5606 - percent 0.00461004
19 of 21 in 22.7486 - percent 0.00453411
20 of 21 in 23.9471 - percent 0.00458027
21 of 21 in 25.1315 - percent 0.00446193
 [vidi] 2 1 /home/kaya/sparyser/matrices/will57.mtx_38 32 1158126753808384 25.696
Perman: [veni] running with 32 rows:
1 of 21 in 1.42922 - percent 0.0125777
2 of 21 in 2.83051 - percent 0.00866519
3 of 21 in 4.2537 - percent 0.00930386
4 of 21 in 5.66341 - percent 0.00858448
5 of 21 in 7.07733 - percent 0.00843593
6 of 21 in 8.50508 - percent 0.0090939
7 of 21 in 9.89979 - percent 0.00836792
8 of 21 in 11.3043 - percent 0.0081411
9 of 21 in 12.7259 - percent 0.00843796
10 of 21 in 14.133 - percent 0.00824659
11 of 21 in 15.5597 - percent 0.008611
12 of 21 in 16.9683 - percent 0.00849173
13 of 21 in 18.3909 - percent 0.00866457
14 of 21 in 19.7924 - percent 0.00847759
15 of 21 in 21.2237 - percent 0.00876898
16 of 21 in 22.6353 - percent 0.00873535
17 of 21 in 24.0393 - percent 0.00859305
18 of 21 in 25.4783 - percent 0.00892889
19 of 21 in 26.8918 - percent 0.00888376
20 of 21 in 28.308 - percent 0.00889596
21 of 21 in 29.7178 - percent 0.0088072
 [vidi] 2 1 /home/kaya/sparyser/matrices/will57.mtx_39 32 12126877984105412 30.3814
Perman: [veni] running with 32 rows:
1 of 21 in 1.45402 - percent 0.00507035
2 of 21 in 2.90374 - percent 0.00493944
3 of 21 in 4.36475 - percent 0.00599328
4 of 21 in 5.82016 - percent 0.00620688
5 of 21 in 7.26753 - percent 0.00579059
6 of 21 in 8.75415 - percent 0.00710325
7 of 21 in 10.2457 - percent 0.00819236
8 of 21 in 11.7408 - percent 0.00922251
9 of 21 in 13.2291 - percent 0.00985239
10 of 21 in 14.7038 - percent 0.00997978
11 of 21 in 16.1706 - percent 0.00982283
12 of 21 in 17.6441 - percent 0.009864
13 of 21 in 19.1414 - percent 0.0103853
14 of 21 in 20.6239 - percent 0.0105168
15 of 21 in 22.1253 - percent 0.0109971
16 of 21 in 23.6217 - percent 0.0113393
17 of 21 in 25.0727 - percent 0.0109746
18 of 21 in 26.5321 - percent 0.0107534
19 of 21 in 27.9922 - percent 0.0105636
20 of 21 in 29.4447 - percent 0.0103116
21 of 21 in 30.8974 - percent 0.0100964
 [vidi] 2 1 /home/kaya/sparyser/matrices/will57.mtx_40 32 12776158152560554 31.5838
Perman: [veni] running with 32 rows:
1 of 21 in 1.46881 - percent 0.0217656
2 of 21 in 2.9461 - percent 0.0247723
3 of 21 in 4.41217 - percent 0.0235017
4 of 21 in 5.85366 - percent 0.0225341
5 of 21 in 7.29215 - percent 0.0206255
6 of 21 in 8.71456 - percent 0.0183577
7 of 21 in 10.1505 - percent 0.0175829
8 of 21 in 11.5868 - percent 0.0174803
9 of 21 in 13.0259 - percent 0.0173317
10 of 21 in 14.4641 - percent 0.0171156
11 of 21 in 15.8886 - percent 0.0162544
12 of 21 in 17.3281 - percent 0.0160144
13 of 21 in 18.7635 - percent 0.0161206
14 of 21 in 20.2244 - percent 0.0164144
15 of 21 in 21.7005 - percent 0.0171736
16 of 21 in 23.1743 - percent 0.0175539
17 of 21 in 24.61 - percent 0.0171763
18 of 21 in 26.0429 - percent 0.0171004
19 of 21 in 27.4774 - percent 0.0168776
20 of 21 in 28.9123 - percent 0.016969
21 of 21 in 30.3418 - percent 0.016685
 [vidi] 2 1 /home/kaya/sparyser/matrices/will57.mtx_41 32 12008192249831256 31.0183
Perman: [veni] running with 32 rows:
1 of 21 in 1.47434 - percent 0.0197053
2 of 21 in 2.94736 - percent 0.0224352
3 of 21 in 4.42037 - percent 0.0213197
4 of 21 in 5.86027 - percent 0.0204636
5 of 21 in 7.30961 - percent 0.0187089
6 of 21 in 8.75041 - percent 0.0166888
7 of 21 in 10.1947 - percent 0.0159571
8 of 21 in 11.6335 - percent 0.0158912
9 of 21 in 13.0768 - percent 0.0157321
10 of 21 in 14.521 - percent 0.015547
11 of 21 in 15.9639 - percent 0.0147767
12 of 21 in 17.4153 - percent 0.0145585
13 of 21 in 18.8509 - percent 0.014655
14 of 21 in 20.3185 - percent 0.0149198
15 of 21 in 21.7912 - percent 0.0156066
16 of 21 in 23.2711 - percent 0.0159532
17 of 21 in 24.7194 - percent 0.0156021
18 of 21 in 26.1552 - percent 0.0155353
19 of 21 in 27.5989 - percent 0.0153341
20 of 21 in 29.0314 - percent 0.0154215
21 of 21 in 30.4739 - percent 0.01516
 [vidi] 2 1 /home/kaya/sparyser/matrices/will57.mtx_42 32 6004093648917002 31.1589
Perman: [veni] running with 32 rows:
1 of 21 in 1.4684 - percent 0.0197053
2 of 21 in 2.93923 - percent 0.0224352
3 of 21 in 4.40794 - percent 0.0213197
4 of 21 in 5.84636 - percent 0.0204636
5 of 21 in 7.29336 - percent 0.0187089
6 of 21 in 8.73019 - percent 0.0166888
7 of 21 in 10.1718 - percent 0.0159571
8 of 21 in 11.6086 - percent 0.0158912
9 of 21 in 13.0499 - percent 0.0157321
10 of 21 in 14.4902 - percent 0.015547
11 of 21 in 15.9275 - percent 0.0147767
12 of 21 in 17.373 - percent 0.0145585
13 of 21 in 18.8047 - percent 0.014655
14 of 21 in 20.2653 - percent 0.0149198
15 of 21 in 21.7329 - percent 0.0156066
16 of 21 in 23.2052 - percent 0.0159532
17 of 21 in 24.6486 - percent 0.0156021
18 of 21 in 26.0807 - percent 0.0155353
19 of 21 in 27.5182 - percent 0.0153341
20 of 21 in 28.9472 - percent 0.0154215
21 of 21 in 30.3826 - percent 0.01516
 [vidi] 2 1 /home/kaya/sparyser/matrices/will57.mtx_43 32 8698954302351236 31.0647
Perman: [veni] running with 32 rows:
1 of 21 in 1.47018 - percent 0.0197053
2 of 21 in 2.94076 - percent 0.0224352
3 of 21 in 4.40915 - percent 0.0213197
4 of 21 in 5.84744 - percent 0.0204636
5 of 21 in 7.2928 - percent 0.0187089
6 of 21 in 8.72954 - percent 0.0166888
7 of 21 in 10.171 - percent 0.0159571
8 of 21 in 11.6068 - percent 0.0158912
9 of 21 in 13.0485 - percent 0.0157321
10 of 21 in 14.4892 - percent 0.015547
11 of 21 in 15.9267 - percent 0.0147767
12 of 21 in 17.3715 - percent 0.0145585
13 of 21 in 18.8036 - percent 0.014655
14 of 21 in 20.2616 - percent 0.0149198
15 of 21 in 21.7288 - percent 0.0156066
16 of 21 in 23.201 - percent 0.0159532
17 of 21 in 24.6418 - percent 0.0156021
18 of 21 in 26.0738 - percent 0.0155353
19 of 21 in 27.5126 - percent 0.0153341
20 of 21 in 28.9431 - percent 0.0154215
21 of 21 in 30.3785 - percent 0.01516
 [vidi] 2 1 /home/kaya/sparyser/matrices/will57.mtx_44 32 8650086827969412 31.0601
Perman: [veni] running with 32 rows:
1 of 21 in 1.46907 - percent 0.0197053
2 of 21 in 2.93902 - percent 0.0224352
3 of 21 in 4.40684 - percent 0.0213197
4 of 21 in 5.84519 - percent 0.0204636
5 of 21 in 7.29143 - percent 0.0187089
6 of 21 in 8.72824 - percent 0.0166888
7 of 21 in 10.1691 - percent 0.0159571
8 of 21 in 11.6058 - percent 0.0158912
9 of 21 in 13.0468 - percent 0.0157321
10 of 21 in 14.4872 - percent 0.015547
11 of 21 in 15.9243 - percent 0.0147767
12 of 21 in 17.3693 - percent 0.0145585
13 of 21 in 18.8017 - percent 0.014655
14 of 21 in 20.2623 - percent 0.0149198
15 of 21 in 21.7301 - percent 0.0156066
16 of 21 in 23.2026 - percent 0.0159532
17 of 21 in 24.6451 - percent 0.0156021
18 of 21 in 26.0772 - percent 0.0155353
19 of 21 in 27.5138 - percent 0.0153341
20 of 21 in 28.9435 - percent 0.0154215
21 of 21 in 30.3788 - percent 0.01516
 [vidi] 2 1 /home/kaya/sparyser/matrices/will57.mtx_45 32 8698954302351236 31.0606
Perman: [veni] running with 32 rows:
1 of 21 in 1.46934 - percent 0.0197053
2 of 21 in 2.93977 - percent 0.0224352
3 of 21 in 4.40709 - percent 0.0213197
4 of 21 in 5.84596 - percent 0.0204636
5 of 21 in 7.29216 - percent 0.0187089
6 of 21 in 8.72896 - percent 0.0166888
7 of 21 in 10.1685 - percent 0.0159571
8 of 21 in 11.6047 - percent 0.0158912
9 of 21 in 13.0461 - percent 0.0157321
10 of 21 in 14.4866 - percent 0.015547
11 of 21 in 15.9256 - percent 0.0147767
12 of 21 in 17.3715 - percent 0.0145585
13 of 21 in 18.8039 - percent 0.014655
14 of 21 in 20.2645 - percent 0.0149198
15 of 21 in 21.7332 - percent 0.0156066
16 of 21 in 23.2043 - percent 0.0159532
17 of 21 in 24.6472 - percent 0.0156021
18 of 21 in 26.08 - percent 0.0155353
19 of 21 in 27.5173 - percent 0.0153341
20 of 21 in 28.9466 - percent 0.0154215
21 of 21 in 30.3827 - percent 0.01516
 [vidi] 2 1 /home/kaya/sparyser/matrices/will57.mtx_46 32 7149060890592776 31.0635
Perman: [veni] running with 32 rows:
1 of 21 in 1.46866 - percent 0.0197053
2 of 21 in 2.93875 - percent 0.0224352
3 of 21 in 4.40772 - percent 0.0213197
4 of 21 in 5.84753 - percent 0.0204636
5 of 21 in 7.29462 - percent 0.0187089
6 of 21 in 8.73108 - percent 0.0166888
7 of 21 in 10.1733 - percent 0.0159571
8 of 21 in 11.6087 - percent 0.0158912
9 of 21 in 13.0502 - percent 0.0157321
10 of 21 in 14.4912 - percent 0.015547
11 of 21 in 15.9288 - percent 0.0147767
12 of 21 in 17.3745 - percent 0.0145585
13 of 21 in 18.8069 - percent 0.014655
14 of 21 in 20.2673 - percent 0.0149198
15 of 21 in 21.7365 - percent 0.0156066
16 of 21 in 23.2102 - percent 0.0159532
17 of 21 in 24.652 - percent 0.0156021
18 of 21 in 26.0853 - percent 0.0155353
19 of 21 in 27.5228 - percent 0.0153341
20 of 21 in 28.9512 - percent 0.0154215
21 of 21 in 30.3872 - percent 0.01516
 [vidi] 2 1 /home/kaya/sparyser/matrices/will57.mtx_47 32 8398745575443286 31.0705
Perman: [veni] running with 32 rows:
1 of 21 in 1.47791 - percent 0.0392346
2 of 21 in 2.93373 - percent 0.035885
3 of 21 in 4.39696 - percent 0.0355942
4 of 21 in 5.91912 - percent 0.04047
5 of 21 in 7.42967 - percent 0.0426693
6 of 21 in 8.94931 - percent 0.0444301
7 of 21 in 10.4546 - percent 0.0451164
8 of 21 in 11.9646 - percent 0.0459278
9 of 21 in 13.4359 - percent 0.0450118
10 of 21 in 14.8803 - percent 0.0434283
11 of 21 in 16.3463 - percent 0.0426554
12 of 21 in 17.8193 - percent 0.0422503
13 of 21 in 19.2941 - percent 0.0419643
14 of 21 in 20.7567 - percent 0.0415284
15 of 21 in 22.2761 - percent 0.0423409
16 of 21 in 23.7873 - percent 0.0429529
17 of 21 in 25.3142 - percent 0.0437422
18 of 21 in 26.8276 - percent 0.0441529
19 of 21 in 28.3083 - percent 0.0440451
20 of 21 in 29.7853 - percent 0.0438046
21 of 21 in 31.2458 - percent 0.0433406
 [vidi] 2 1 /home/kaya/sparyser/matrices/will57.mtx_48 32 7857886262198272 31.9372
Perman: [veni] running with 32 rows:
1 of 21 in 1.25464 - percent 0.0230554
2 of 21 in 2.50984 - percent 0.0230554
3 of 21 in 3.76124 - percent 0.0229205
4 of 21 in 5.08279 - percent 0.0283136
5 of 21 in 6.38511 - percent 0.0304371
6 of 21 in 7.74274 - percent 0.034875
7 of 21 in 9.06692 - percent 0.0368325
8 of 21 in 10.3988 - percent 0.0385583
9 of 21 in 11.6996 - percent 0.0385529
10 of 21 in 13.0064 - percent 0.0387054
11 of 21 in 14.3455 - percent 0.0396766
12 of 21 in 15.6478 - percent 0.0395787
13 of 21 in 16.9687 - percent 0.0399346
14 of 21 in 18.2594 - percent 0.0397312
15 of 21 in 19.6146 - percent 0.0408963
16 of 21 in 20.9488 - percent 0.0415239
17 of 21 in 22.2891 - percent 0.0420211
18 of 21 in 23.6089 - percent 0.0421171
19 of 21 in 24.8765 - percent 0.041398
20 of 21 in 26.128 - percent 0.0404809
21 of 21 in 27.3697 - percent 0.0395138
 [vidi] 2 1 /home/kaya/sparyser/matrices/will57.mtx_49 32 1521001551454208 27.9658
Perman: [veni] running with 32 rows:
1 of 21 in 1.23937 - percent 0.0144096
2 of 21 in 2.47978 - percent 0.0144096
3 of 21 in 3.7214 - percent 0.0152691
4 of 21 in 5.00521 - percent 0.0184038
5 of 21 in 6.28137 - percent 0.0200066
6 of 21 in 7.58084 - percent 0.0222049
7 of 21 in 8.87088 - percent 0.0237403
8 of 21 in 10.1656 - percent 0.0250509
9 of 21 in 11.4411 - percent 0.0251676
10 of 21 in 12.7209 - percent 0.0253786
11 of 21 in 14.0142 - percent 0.025701
12 of 21 in 15.2871 - percent 0.025715
13 of 21 in 16.5711 - percent 0.0258595
14 of 21 in 17.8424 - percent 0.0259992
15 of 21 in 19.1461 - percent 0.0266578
16 of 21 in 20.4326 - percent 0.0269848
17 of 21 in 21.7293 - percent 0.0272331
18 of 21 in 23.0151 - percent 0.0272802
19 of 21 in 24.2705 - percent 0.0269239
20 of 21 in 25.5123 - percent 0.0263342
21 of 21 in 26.7476 - percent 0.025732
 [vidi] 2 1 /home/kaya/sparyser/matrices/will57.mtx_50 32 1494813967888384 27.3332
Perman: [veni] running with 32 rows:
1 of 21 in 1.23794 - percent 0.0129686
2 of 21 in 2.4749 - percent 0.0129686
3 of 21 in 3.70801 - percent 0.0124209
4 of 21 in 4.98646 - percent 0.0155725
5 of 21 in 6.24873 - percent 0.0166292
6 of 21 in 7.55133 - percent 0.0193904
7 of 21 in 8.82091 - percent 0.0203238
8 of 21 in 10.0942 - percent 0.0212131
9 of 21 in 11.3565 - percent 0.0211116
10 of 21 in 12.62 - percent 0.0211779
11 of 21 in 13.9129 - percent 0.0218768
12 of 21 in 15.173 - percent 0.0217738
13 of 21 in 16.449 - percent 0.022013
14 of 21 in 17.692 - percent 0.0217652
15 of 21 in 18.9843 - percent 0.0224554
16 of 21 in 20.2604 - percent 0.022782
17 of 21 in 21.5517 - percent 0.0231519
18 of 21 in 22.8253 - percent 0.0232354
19 of 21 in 24.0616 - percent 0.0227613
20 of 21 in 25.295 - percent 0.0222717
21 of 21 in 26.5238 - percent 0.0217258
 [vidi] 2 1 /home/kaya/sparyser/matrices/will57.mtx_51 32 1616378573348864 27.111
Perman: [veni] running with 32 rows:
1 of 21 in 1.23609 - percent 0.0144096
2 of 21 in 2.47483 - percent 0.0144096
3 of 21 in 3.71597 - percent 0.0152691
4 of 21 in 4.99889 - percent 0.0184038
5 of 21 in 6.27484 - percent 0.0200066
6 of 21 in 7.57441 - percent 0.0222049
7 of 21 in 8.86128 - percent 0.0237403
8 of 21 in 10.1533 - percent 0.0250509
9 of 21 in 11.4274 - percent 0.0251676
10 of 21 in 12.7059 - percent 0.0253786
11 of 21 in 13.9967 - percent 0.025701
12 of 21 in 15.269 - percent 0.025715
13 of 21 in 16.549 - percent 0.0258595
14 of 21 in 17.8181 - percent 0.0259992
15 of 21 in 19.119 - percent 0.0266578
16 of 21 in 20.406 - percent 0.0269848
17 of 21 in 21.7003 - percent 0.0272331
18 of 21 in 22.9815 - percent 0.0272802
19 of 21 in 24.2325 - percent 0.0269239
20 of 21 in 25.4708 - percent 0.0263342
21 of 21 in 26.7049 - percent 0.025732
 [vidi] 2 1 /home/kaya/sparyser/matrices/will57.mtx_52 32 1271338780559360 27.2906
Perman: [veni] running with 32 rows:
1 of 21 in 1.23724 - percent 0.0129686
2 of 21 in 2.47286 - percent 0.0129686
3 of 21 in 3.71507 - percent 0.0143085
4 of 21 in 4.98809 - percent 0.0169882
5 of 21 in 6.26056 - percent 0.018596
6 of 21 in 7.5498 - percent 0.020252
7 of 21 in 8.83277 - percent 0.0218326
8 of 21 in 10.1189 - percent 0.023117
9 of 21 in 11.3913 - percent 0.0233325
10 of 21 in 12.667 - percent 0.0235534
11 of 21 in 13.9499 - percent 0.0236625
12 of 21 in 15.218 - percent 0.0237306
13 of 21 in 16.4893 - percent 0.0238138
14 of 21 in 17.7603 - percent 0.0240996
15 of 21 in 19.0504 - percent 0.0246505
16 of 21 in 20.3305 - percent 0.0249648
17 of 21 in 21.6159 - percent 0.0250918
18 of 21 in 22.8875 - percent 0.0251034
19 of 21 in 24.1379 - percent 0.0248615
20 of 21 in 25.3703 - percent 0.0243029
21 of 21 in 26.6039 - percent 0.0237632
 [vidi] 2 1 /home/kaya/sparyser/matrices/will57.mtx_53 32 1493189850732544 27.1897
Perman: [veni] running with 32 rows:
1 of 21 in 1.46507 - percent 0.0264177
2 of 21 in 2.91923 - percent 0.0244963
3 of 21 in 4.36654 - percent 0.0234176
4 of 21 in 5.90671 - percent 0.031145
5 of 21 in 7.42521 - percent 0.0344475
6 of 21 in 8.95689 - percent 0.0374133
7 of 21 in 10.4839 - percent 0.0396785
8 of 21 in 12.0298 - percent 0.0423357
9 of 21 in 13.5548 - percent 0.0431258
10 of 21 in 15.047 - percent 0.0426074
11 of 21 in 16.5525 - percent 0.0424802
12 of 21 in 18.0969 - percent 0.0436586
13 of 21 in 19.6152 - percent 0.0439264
14 of 21 in 21.1157 - percent 0.0439475
15 of 21 in 22.646 - percent 0.0447162
16 of 21 in 24.2026 - percent 0.0459923
17 of 21 in 25.7266 - percent 0.0461545
18 of 21 in 27.2325 - percent 0.0459684
19 of 21 in 28.7276 - percent 0.0456104
20 of 21 in 30.1805 - percent 0.0444738
21 of 21 in 31.6266 - percent 0.0433463
 [vidi] 2 1 /home/kaya/sparyser/matrices/will57.mtx_54 32 7306004432235363 32.3298
Perman: [veni] running with 32 rows:
1 of 21 in 1.24221 - percent 0.0235968
2 of 21 in 2.4732 - percent 0.021984
3 of 21 in 3.73676 - percent 0.0246101
4 of 21 in 5.01034 - percent 0.0267296
5 of 21 in 6.31449 - percent 0.0298317
6 of 21 in 7.68608 - percent 0.0354491
7 of 21 in 8.99719 - percent 0.0369838
8 of 21 in 10.3144 - percent 0.0383757
9 of 21 in 11.6123 - percent 0.0386048
10 of 21 in 12.8962 - percent 0.0383649
11 of 21 in 14.2258 - percent 0.0393926
12 of 21 in 15.5078 - percent 0.0390928
13 of 21 in 16.8365 - percent 0.0399072
14 of 21 in 18.1371 - percent 0.0400644
15 of 21 in 19.4852 - percent 0.0412238
16 of 21 in 20.7992 - percent 0.0415856
17 of 21 in 22.098 - percent 0.0415365
18 of 21 in 23.4115 - percent 0.0417313
19 of 21 in 24.6892 - percent 0.0413423
20 of 21 in 25.9421 - percent 0.040625
21 of 21 in 27.1663 - percent 0.0395764
 [vidi] 2 1 /home/kaya/sparyser/matrices/will57.mtx_55 32 1489851862265342 27.7524
Perman: [veni] running with 32 rows:
1 of 21 in 1.22301 - percent 0.0153408
2 of 21 in 2.4373 - percent 0.0142882
3 of 21 in 3.67349 - percent 0.0159966
4 of 21 in 4.91736 - percent 0.0173742
5 of 21 in 6.18281 - percent 0.0193906
6 of 21 in 7.49298 - percent 0.023038
7 of 21 in 8.76093 - percent 0.0240419
8 of 21 in 10.0342 - percent 0.0249476
9 of 21 in 11.2949 - percent 0.0250934
10 of 21 in 12.5463 - percent 0.0249354
11 of 21 in 13.8276 - percent 0.0256056
12 of 21 in 15.078 - percent 0.02541
13 of 21 in 16.3601 - percent 0.0259368
14 of 21 in 17.6213 - percent 0.0260415
15 of 21 in 18.9168 - percent 0.0267973
16 of 21 in 20.1874 - percent 0.0270306
17 of 21 in 21.4481 - percent 0.0269938
18 of 21 in 22.7204 - percent 0.0271225
19 of 21 in 23.9682 - percent 0.0268725
20 of 21 in 25.1994 - percent 0.0264062
21 of 21 in 26.4106 - percent 0.0257246
 [vidi] 2 1 /home/kaya/sparyser/matrices/will57.mtx_56 32 1480804166759986 26.9883
Perman: [veni] running with 32 rows:
1 of 21 in 1.21536 - percent 0.0129696
2 of 21 in 2.42462 - percent 0.0120883
3 of 21 in 3.65319 - percent 0.0135356
4 of 21 in 4.88615 - percent 0.0147013
5 of 21 in 6.13782 - percent 0.0164074
6 of 21 in 7.42882 - percent 0.0194957
7 of 21 in 8.68226 - percent 0.0203419
8 of 21 in 9.94066 - percent 0.0211111
9 of 21 in 11.1889 - percent 0.0212325
10 of 21 in 12.429 - percent 0.0211016
11 of 21 in 13.6955 - percent 0.0216669
12 of 21 in 14.935 - percent 0.0215023
13 of 21 in 16.2019 - percent 0.0219432
14 of 21 in 17.4503 - percent 0.0220331
15 of 21 in 18.7275 - percent 0.0226721
16 of 21 in 19.9835 - percent 0.0228721
17 of 21 in 21.2318 - percent 0.0228414
18 of 21 in 22.4897 - percent 0.0229508
19 of 21 in 23.7265 - percent 0.0227383
20 of 21 in 24.9476 - percent 0.0223437
21 of 21 in 26.1521 - percent 0.021767
 [vidi] 2 1 /home/kaya/sparyser/matrices/will57.mtx_57 32 1489851848415466 26.7267
Perman: [veni] running with 32 rows:
1 of 21 in 1.22265 - percent 0.0153408
2 of 21 in 2.43263 - percent 0.0142882
3 of 21 in 3.66365 - percent 0.0159966
4 of 21 in 4.90179 - percent 0.0173742
5 of 21 in 6.16153 - percent 0.0193906
6 of 21 in 7.46629 - percent 0.023038
7 of 21 in 8.72927 - percent 0.0240419
8 of 21 in 9.99674 - percent 0.0249476
9 of 21 in 11.2525 - percent 0.0250934
10 of 21 in 12.5003 - percent 0.0249354
11 of 21 in 13.7786 - percent 0.0256056
12 of 21 in 15.0228 - percent 0.02541
13 of 21 in 16.2993 - percent 0.0259368
14 of 21 in 17.5554 - percent 0.0260415
15 of 21 in 18.8447 - percent 0.0267973
16 of 21 in 20.1095 - percent 0.0270306
17 of 21 in 21.3655 - percent 0.0269938
18 of 21 in 22.6322 - percent 0.0271225
19 of 21 in 23.8736 - percent 0.0268725
20 of 21 in 25.0984 - percent 0.0264062
21 of 21 in 26.304 - percent 0.0257246
 [vidi] 2 1 /home/kaya/sparyser/matrices/will57.mtx_58 32 1224453145034846 26.8794
Perman: [veni] running with 32 rows:
1 of 21 in 1.21742 - percent 0.0141696
2 of 21 in 2.42833 - percent 0.0131918
3 of 21 in 3.65867 - percent 0.0147661
4 of 21 in 4.89418 - percent 0.0160378
5 of 21 in 6.14979 - percent 0.017899
6 of 21 in 7.44692 - percent 0.0212668
7 of 21 in 8.70432 - percent 0.0221919
8 of 21 in 9.9663 - percent 0.0230243
9 of 21 in 11.2174 - percent 0.0231633
10 of 21 in 12.4593 - percent 0.0230162
11 of 21 in 13.7328 - percent 0.0236351
12 of 21 in 14.9741 - percent 0.023454
13 of 21 in 16.2485 - percent 0.0239472
14 of 21 in 17.4999 - percent 0.0240406
15 of 21 in 18.783 - percent 0.024737
16 of 21 in 20.0442 - percent 0.0249514
17 of 21 in 21.296 - percent 0.0249207
18 of 21 in 22.5568 - percent 0.0250374
19 of 21 in 23.7942 - percent 0.0248054
20 of 21 in 25.0187 - percent 0.024375
21 of 21 in 26.2237 - percent 0.0237458
 [vidi] 2 1 /home/kaya/sparyser/matrices/will57.mtx_59 32 1438581639072528 26.7989
Perman: [veni] running with 32 rows:
1 of 21 in 1.5426 - percent 0.0266266
2 of 21 in 3.09272 - percent 0.029327
3 of 21 in 4.68644 - percent 0.0358818
4 of 21 in 6.29847 - percent 0.0423156
5 of 21 in 7.89141 - percent 0.0436303
6 of 21 in 9.46029 - percent 0.0428469
7 of 21 in 11.0554 - percent 0.0437833
8 of 21 in 12.6661 - percent 0.04603
9 of 21 in 14.2598 - percent 0.0463329
10 of 21 in 15.8131 - percent 0.0448316
11 of 21 in 17.3296 - percent 0.0424796
12 of 21 in 18.8572 - percent 0.0410174
13 of 21 in 20.447 - percent 0.0416636
14 of 21 in 22.0128 - percent 0.0418458
15 of 21 in 23.5998 - percent 0.042505
16 of 21 in 25.2054 - percent 0.0433805
17 of 21 in 26.7848 - percent 0.0434809
18 of 21 in 28.3498 - percent 0.0435366
19 of 21 in 29.9327 - percent 0.0439136
20 of 21 in 31.547 - percent 0.0446875
21 of 21 in 33.0493 - percent 0.0433164
 [vidi] 2 1 /home/kaya/sparyser/matrices/will57.mtx_60 32 2352397653920627 33.7854
Perman: [veni] running with 32 rows:
1 of 21 in 1.24552 - percent 0.0153296
2 of 21 in 2.48364 - percent 0.0142205
3 of 21 in 3.74217 - percent 0.0159966
4 of 21 in 5.00355 - percent 0.0173742
5 of 21 in 6.28536 - percent 0.0193906
6 of 21 in 7.60489 - percent 0.0230704
7 of 21 in 8.88271 - percent 0.0240078
8 of 21 in 10.1674 - percent 0.024987
9 of 21 in 11.4436 - percent 0.025102
10 of 21 in 12.7132 - percent 0.0249709
11 of 21 in 14.0089 - percent 0.0255586
12 of 21 in 15.2807 - percent 0.0253889
13 of 21 in 16.5845 - percent 0.0259738
14 of 21 in 17.8584 - percent 0.0260007
15 of 21 in 19.1691 - percent 0.0268544
16 of 21 in 20.4524 - percent 0.027098
17 of 21 in 21.732 - percent 0.0270522
18 of 21 in 23.0195 - percent 0.0271236
19 of 21 in 24.2904 - percent 0.0268975
20 of 21 in 25.5442 - percent 0.0263766
21 of 21 in 26.7873 - percent 0.0257472
 [vidi] 2 1 /home/kaya/sparyser/matrices/will57.mtx_61 32 387542434857530 27.3769
Perman: [veni] running with 32 rows:
1 of 21 in 1.24551 - percent 0.0153296
2 of 21 in 2.48367 - percent 0.0142205
3 of 21 in 3.74047 - percent 0.0159966
4 of 21 in 5.00013 - percent 0.0173742
5 of 21 in 6.27978 - percent 0.0193906
6 of 21 in 7.60073 - percent 0.0230704
7 of 21 in 8.87856 - percent 0.0240078
8 of 21 in 10.1621 - percent 0.024987
9 of 21 in 11.4387 - percent 0.025102
10 of 21 in 12.7067 - percent 0.0249709
11 of 21 in 14.0012 - percent 0.0255586
12 of 21 in 15.2726 - percent 0.0253889
13 of 21 in 16.576 - percent 0.0259738
14 of 21 in 17.8498 - percent 0.0260007
15 of 21 in 19.1604 - percent 0.0268544
16 of 21 in 20.4439 - percent 0.027098
17 of 21 in 21.7238 - percent 0.0270522
18 of 21 in 23.0119 - percent 0.0271236
19 of 21 in 24.2825 - percent 0.0268975
20 of 21 in 25.5365 - percent 0.0263766
21 of 21 in 26.7794 - percent 0.0257472
 [vidi] 2 1 /home/kaya/sparyser/matrices/will57.mtx_62 32 389050381012621 27.3687
Perman: [veni] running with 32 rows:
1 of 21 in 1.24483 - percent 0.0153296
2 of 21 in 2.48308 - percent 0.0142205
3 of 21 in 3.74051 - percent 0.0159966
4 of 21 in 5.00251 - percent 0.0173742
5 of 21 in 6.28304 - percent 0.0193906
6 of 21 in 7.60334 - percent 0.0230704
7 of 21 in 8.87984 - percent 0.0240078
8 of 21 in 10.1646 - percent 0.024987
9 of 21 in 11.4415 - percent 0.025102
10 of 21 in 12.7104 - percent 0.0249709
11 of 21 in 14.005 - percent 0.0255586
12 of 21 in 15.2766 - percent 0.0253889
13 of 21 in 16.5799 - percent 0.0259738
14 of 21 in 17.8538 - percent 0.0260007
15 of 21 in 19.1641 - percent 0.0268544
16 of 21 in 20.4476 - percent 0.027098
17 of 21 in 21.7271 - percent 0.0270522
18 of 21 in 23.015 - percent 0.0271236
19 of 21 in 24.2859 - percent 0.0268975
20 of 21 in 25.5399 - percent 0.0263766
21 of 21 in 26.7823 - percent 0.0257472
 [vidi] 2 1 /home/kaya/sparyser/matrices/will57.mtx_63 32 319684811195190 27.3718
Perman: [veni] running with 32 rows:
1 of 21 in 1.24619 - percent 0.0153296
2 of 21 in 2.48398 - percent 0.0142205
3 of 21 in 3.74128 - percent 0.0159966
4 of 21 in 5.0034 - percent 0.0173742
5 of 21 in 6.2849 - percent 0.0193906
6 of 21 in 7.60567 - percent 0.0230704
7 of 21 in 8.88308 - percent 0.0240078
