Number of rows/cols is 100
Number of nnz is    300
#d1 vertices: 0
#d2 vertices: 0
min degree: 3
************************************************************************
Algo is 10
Compress matrix 0
Apply Dulmage-Mendehlson 0
Sorting 3
Single run 0
************************************************************************
Perman: [veni] running with 32 rows:
 [vidi] 10 3 /home/kaya/sparyser/matrices/c100.mtx_0 32 29785128 1.65816
Perman: [veni] running with 32 rows:
 [vidi] 10 3 /home/kaya/sparyser/matrices/c100.mtx_1 32 39257134 1.60619
Perman: [veni] running with 32 rows:
 [vidi] 10 3 /home/kaya/sparyser/matrices/c100.mtx_2 32 6606746 2.71027
Perman: [veni] running with 32 rows:
 [vidi] 10 3 /home/kaya/sparyser/matrices/c100.mtx_3 32 31815500 3.11204
Perman: [veni] running with 32 rows:
 [vidi] 10 3 /home/kaya/sparyser/matrices/c100.mtx_4 32 4255631 1.72206
Perman: [veni] running with 32 rows:
 [vidi] 10 3 /home/kaya/sparyser/matrices/c100.mtx_5 32 4209238 0.970631
Perman: [veni] running with 32 rows:
 [vidi] 10 3 /home/kaya/sparyser/matrices/c100.mtx_6 32 4024428 1.03382
Perman: [veni] running with 32 rows:
 [vidi] 10 3 /home/kaya/sparyser/matrices/c100.mtx_7 32 1233350 2.3867
Perman: [veni] running with 32 rows:
 [vidi] 10 3 /home/kaya/sparyser/matrices/c100.mtx_8 32 1590164 3.99241
Perman: [veni] running with 32 rows:
 [vidi] 10 3 /home/kaya/sparyser/matrices/c100.mtx_9 32 4846244 1.49871
Perman: [veni] running with 32 rows:
 [vidi] 10 3 /home/kaya/sparyser/matrices/c100.mtx_10 32 422746 0.68063
Perman: [veni] running with 32 rows:
 [vidi] 10 3 /home/kaya/sparyser/matrices/c100.mtx_11 32 15545562 2.05127
Perman: [veni] running with 32 rows:
 [vidi] 10 3 /home/kaya/sparyser/matrices/c100.mtx_12 32 10536296 2.09709
Perman: [veni] running with 32 rows:
 [vidi] 10 3 /home/kaya/sparyser/matrices/c100.mtx_13 32 714900 5.34374
Perman: [veni] running with 32 rows:
 [vidi] 10 3 /home/kaya/sparyser/matrices/c100.mtx_14 32 2924440 1.94017
Perman: [veni] running with 32 rows:
 [vidi] 10 3 /home/kaya/sparyser/matrices/c100.mtx_15 32 174420 1.2629
Perman: [veni] running with 32 rows:
 [vidi] 10 3 /home/kaya/sparyser/matrices/c100.mtx_16 32 3377572 2.47733
Perman: [veni] running with 32 rows:
 [vidi] 10 3 /home/kaya/sparyser/matrices/c100.mtx_17 32 7130140 3.53352
Perman: [veni] running with 32 rows:
 [vidi] 10 3 /home/kaya/sparyser/matrices/c100.mtx_18 32 474655 3.48161
Perman: [veni] running with 32 rows:
 [vidi] 10 3 /home/kaya/sparyser/matrices/c100.mtx_19 32 12863940 1.87352
Perman: [veni] running with 32 rows:
 [vidi] 10 3 /home/kaya/sparyser/matrices/c100.mtx_20 32 8894198 2.0741
Perman: [veni] running with 32 rows:
 [vidi] 10 3 /home/kaya/sparyser/matrices/c100.mtx_21 32 1877887 3.75726
Perman: [veni] running with 32 rows:
 [vidi] 10 3 /home/kaya/sparyser/matrices/c100.mtx_22 32 7567788 2.07115
Perman: [veni] running with 32 rows:
 [vidi] 10 3 /home/kaya/sparyser/matrices/c100.mtx_23 32 18007786 3.36152
Perman: [veni] running with 32 rows:
 [vidi] 10 3 /home/kaya/sparyser/matrices/c100.mtx_24 32 4147708 3.29256
Perman: [veni] running with 32 rows:
 [vidi] 10 3 /home/kaya/sparyser/matrices/c100.mtx_25 32 2859149 5.25758
Perman: [veni] running with 32 rows:
 [vidi] 10 3 /home/kaya/sparyser/matrices/c100.mtx_26 32 10900558 2.59901
Perman: [veni] running with 32 rows:
 [vidi] 10 3 /home/kaya/sparyser/matrices/c100.mtx_27 32 7221164 2.59872
Perman: [veni] running with 32 rows:
 [vidi] 10 3 /home/kaya/sparyser/matrices/c100.mtx_28 32 1239555 3.68732
Perman: [veni] running with 32 rows:
 [vidi] 10 3 /home/kaya/sparyser/matrices/c100.mtx_29 32 6341713 2.60282
Perman: [veni] running with 32 rows:
 [vidi] 10 3 /home/kaya/sparyser/matrices/c100.mtx_30 32 9467817 3.42884
Perman: [veni] running with 32 rows:
 [vidi] 10 3 /home/kaya/sparyser/matrices/c100.mtx_31 32 1640314 1.47791
Perman: [veni] running with 32 rows:
 [vidi] 10 3 /home/kaya/sparyser/matrices/c100.mtx_32 32 3942844 1.97963
Perman: [veni] running with 32 rows:
 [vidi] 10 3 /home/kaya/sparyser/matrices/c100.mtx_33 32 1494455 4.66857
Perman: [veni] running with 32 rows:
 [vidi] 10 3 /home/kaya/sparyser/matrices/c100.mtx_34 32 27939464 2.28564
Perman: [veni] running with 32 rows:
 [vidi] 10 3 /home/kaya/sparyser/matrices/c100.mtx_35 32 19638548 2.28447
Perman: [veni] running with 32 rows:
 [vidi] 10 3 /home/kaya/sparyser/matrices/c100.mtx_36 32 5203709 5.38911
Perman: [veni] running with 32 rows:
 [vidi] 10 3 /home/kaya/sparyser/matrices/c100.mtx_37 32 45181143 2.30165
Perman: [veni] running with 32 rows:
 [vidi] 10 3 /home/kaya/sparyser/matrices/c100.mtx_38 32 30956943 2.30309
Perman: [veni] running with 32 rows:
 [vidi] 10 3 /home/kaya/sparyser/matrices/c100.mtx_39 32 8598898 3.69179
Perman: [veni] running with 32 rows:
 [vidi] 10 3 /home/kaya/sparyser/matrices/c100.mtx_40 32 9760490 1.98233
Perman: [veni] running with 32 rows:
 [vidi] 10 3 /home/kaya/sparyser/matrices/c100.mtx_41 32 6454176 1.97196
Perman: [veni] running with 32 rows:
 [vidi] 10 3 /home/kaya/sparyser/matrices/c100.mtx_42 32 1915528 3.89319
Perman: [veni] running with 32 rows:
 [vidi] 10 3 /home/kaya/sparyser/matrices/c100.mtx_43 32 13860150 2.28293
Perman: [veni] running with 32 rows:
 [vidi] 10 3 /home/kaya/sparyser/matrices/c100.mtx_44 32 1949998 1.0529
Perman: [veni] running with 32 rows:
 [vidi] 10 3 /home/kaya/sparyser/matrices/c100.mtx_45 32 7288542 2.64359
Perman: [veni] running with 32 rows:
 [vidi] 10 3 /home/kaya/sparyser/matrices/c100.mtx_46 32 2936952 1.0459
Perman: [veni] running with 32 rows:
 [vidi] 10 3 /home/kaya/sparyser/matrices/c100.mtx_47 32 19915280 1.4775
Perman: [veni] running with 32 rows:
 [vidi] 10 3 /home/kaya/sparyser/matrices/c100.mtx_48 32 5077436 6.4112
Perman: [veni] running with 32 rows:
 [vidi] 10 3 /home/kaya/sparyser/matrices/c100.mtx_49 32 14175580 3.32009
Perman: [veni] running with 32 rows:
 [vidi] 10 3 /home/kaya/sparyser/matrices/c100.mtx_50 32 10215851 3.69907
Perman: [veni] running with 32 rows:
 [vidi] 10 3 /home/kaya/sparyser/matrices/c100.mtx_51 32 3021516 2.51839
Perman: [veni] running with 32 rows:
 [vidi] 10 3 /home/kaya/sparyser/matrices/c100.mtx_52 32 3167748 3.32054
Perman: [veni] running with 32 rows:
 [vidi] 10 3 /home/kaya/sparyser/matrices/c100.mtx_53 32 6344110 3.41517
Perman: [veni] running with 32 rows:
 [vidi] 10 3 /home/kaya/sparyser/matrices/c100.mtx_54 32 11631228 2.32871
Perman: [veni] running with 32 rows:
 [vidi] 10 3 /home/kaya/sparyser/matrices/c100.mtx_55 32 8085401 2.32812
Perman: [veni] running with 32 rows:
 [vidi] 10 3 /home/kaya/sparyser/matrices/c100.mtx_56 32 2299821 3.91409
Perman: [veni] running with 32 rows:
 [vidi] 10 3 /home/kaya/sparyser/matrices/c100.mtx_57 32 26468738 2.85014
Perman: [veni] running with 32 rows:
 [vidi] 10 3 /home/kaya/sparyser/matrices/c100.mtx_58 32 352309 2.79848
Perman: [veni] running with 32 rows:
 [vidi] 10 3 /home/kaya/sparyser/matrices/c100.mtx_59 32 951827 2.41292
Perman: [veni] running with 32 rows:
 [vidi] 10 3 /home/kaya/sparyser/matrices/c100.mtx_60 32 18642160 0.897093
Perman: [veni] running with 32 rows:
 [vidi] 10 3 /home/kaya/sparyser/matrices/c100.mtx_61 32 12535754 0.899032
Perman: [veni] running with 32 rows:
 [vidi] 10 3 /home/kaya/sparyser/matrices/c100.mtx_62 32 3724810 2.41507
Perman: [veni] running with 32 rows:
 [vidi] 10 3 /home/kaya/sparyser/matrices/c100.mtx_63 32 36052798 2.95431
Perman: [veni] running with 32 rows:
 [vidi] 10 3 /home/kaya/sparyser/matrices/c100.mtx_64 32 2800090 1.26296
Perman: [veni] running with 32 rows:
 [vidi] 10 3 /home/kaya/sparyser/matrices/c100.mtx_65 32 478718 1.10374
Perman: [veni] running with 32 rows:
 [vidi] 10 3 /home/kaya/sparyser/matrices/c100.mtx_66 32 8138466 2.82738
Perman: [veni] running with 32 rows:
 [vidi] 10 3 /home/kaya/sparyser/matrices/c100.mtx_67 32 12673297 3.51002
Perman: [veni] running with 32 rows:
 [vidi] 10 3 /home/kaya/sparyser/matrices/c100.mtx_68 32 2019466 1.9662
Perman: [veni] running with 32 rows:
 [vidi] 10 3 /home/kaya/sparyser/matrices/c100.mtx_69 32 9486002 2.95388
Perman: [veni] running with 32 rows:
 [vidi] 10 3 /home/kaya/sparyser/matrices/c100.mtx_70 32 16230466 1.87837
Perman: [veni] running with 32 rows:
 [vidi] 10 3 /home/kaya/sparyser/matrices/c100.mtx_71 32 6655075 2.95276
Perman: [veni] running with 32 rows:
 [vidi] 10 3 /home/kaya/sparyser/matrices/c100.mtx_72 32 11475498 1.82587
Perman: [veni] running with 32 rows:
 [vidi] 10 3 /home/kaya/sparyser/matrices/c100.mtx_73 32 4471885 3.86194
Perman: [veni] running with 32 rows:
 [vidi] 10 3 /home/kaya/sparyser/matrices/c100.mtx_74 32 3233392 2.32598
Perman: [veni] running with 32 rows:
 [vidi] 10 3 /home/kaya/sparyser/matrices/c100.mtx_75 32 6645062 1.785
Perman: [veni] running with 32 rows:
 [vidi] 10 3 /home/kaya/sparyser/matrices/c100.mtx_76 32 2639422 1.74463
Perman: [veni] running with 32 rows:
 [vidi] 10 3 /home/kaya/sparyser/matrices/c100.mtx_77 32 6185604 1.24592
Perman: [veni] running with 32 rows:
 [vidi] 10 3 /home/kaya/sparyser/matrices/c100.mtx_78 32 13311324 3.6996
Perman: [veni] running with 32 rows:
 [vidi] 10 3 /home/kaya/sparyser/matrices/c100.mtx_79 32 3134075 4.69287
Perman: [veni] running with 32 rows:
 [vidi] 10 3 /home/kaya/sparyser/matrices/c100.mtx_80 32 15037004 4.24654
Perman: [veni] running with 32 rows:
 [vidi] 10 3 /home/kaya/sparyser/matrices/c100.mtx_81 32 26322780 1.87304
Perman: [veni] running with 32 rows:
 [vidi] 10 3 /home/kaya/sparyser/matrices/c100.mtx_82 32 10324435 4.23561
Perman: [veni] running with 32 rows:
 [vidi] 10 3 /home/kaya/sparyser/matrices/c100.mtx_83 32 18113964 1.7617
Perman: [veni] running with 32 rows:
 [vidi] 10 3 /home/kaya/sparyser/matrices/c100.mtx_84 32 3701060 2.79631
Perman: [veni] running with 32 rows:
 [vidi] 10 3 /home/kaya/sparyser/matrices/c100.mtx_85 32 2621530 3.22593
Perman: [veni] running with 32 rows:
 [vidi] 10 3 /home/kaya/sparyser/matrices/c100.mtx_86 32 5375956 2.57596
Perman: [veni] running with 32 rows:
 [vidi] 10 3 /home/kaya/sparyser/matrices/c100.mtx_87 32 11086828 1.30425
Perman: [veni] running with 32 rows:
 [vidi] 10 3 /home/kaya/sparyser/matrices/c100.mtx_88 32 13541640 2.5667
Perman: [veni] running with 32 rows:
 [vidi] 10 3 /home/kaya/sparyser/matrices/c100.mtx_89 32 17593824 2.05166
Perman: [veni] running with 32 rows:
 [vidi] 10 3 /home/kaya/sparyser/matrices/c100.mtx_90 32 4281506 2.84027
Perman: [veni] running with 32 rows:
 [vidi] 10 3 /home/kaya/sparyser/matrices/c100.mtx_91 32 5195790 4.06276
Perman: [veni] running with 32 rows:
 [vidi] 10 3 /home/kaya/sparyser/matrices/c100.mtx_92 32 10379064 2.62967
Perman: [veni] running with 32 rows:
 [vidi] 10 3 /home/kaya/sparyser/matrices/c100.mtx_93 32 3672590 4.0647
Perman: [veni] running with 32 rows:
 [vidi] 10 3 /home/kaya/sparyser/matrices/c100.mtx_94 32 7296332 2.65009
Perman: [veni] running with 32 rows:
 [vidi] 10 3 /home/kaya/sparyser/matrices/c100.mtx_95 32 515318 4.91213
Perman: [veni] running with 32 rows:
 [vidi] 10 3 /home/kaya/sparyser/matrices/c100.mtx_96 32 6076564 2.25184
Perman: [veni] running with 32 rows:
 [vidi] 10 3 /home/kaya/sparyser/matrices/c100.mtx_97 32 4528099 2.1192
Perman: [veni] running with 32 rows:
 [vidi] 10 3 /home/kaya/sparyser/matrices/c100.mtx_98 32 7798952 1.4048
Perman: [veni] running with 32 rows:
 [vidi] 10 3 /home/kaya/sparyser/matrices/c100.mtx_99 32 352586 5.55473
Perman: [veni] running with 32 rows:
 [vidi] 10 3 /home/kaya/sparyser/matrices/c100.mtx_100 32 12575420 3.82281
Perman: [veni] running with 32 rows:
 [vidi] 10 3 /home/kaya/sparyser/matrices/c100.mtx_101 32 14332608 2.82535
Perman: [veni] running with 32 rows:
 [vidi] 10 3 /home/kaya/sparyser/matrices/c100.mtx_102 32 3013296 1.17782
Perman: [veni] running with 32 rows:
 [vidi] 10 3 /home/kaya/sparyser/matrices/c100.mtx_103 32 3245088 5.46916
Perman: [veni] running with 32 rows:
 [vidi] 10 3 /home/kaya/sparyser/matrices/c100.mtx_104 32 16066969 3.8145
Perman: [veni] running with 32 rows:
 [vidi] 10 3 /home/kaya/sparyser/matrices/c100.mtx_105 32 18682864 3.5145
Perman: [veni] running with 32 rows:
 [vidi] 10 3 /home/kaya/sparyser/matrices/c100.mtx_106 32 3013295 2.08835
Perman: [veni] running with 32 rows:
 [vidi] 10 3 /home/kaya/sparyser/matrices/c100.mtx_107 32 4056360 8.93336
Perman: [veni] running with 32 rows:
 [vidi] 10 3 /home/kaya/sparyser/matrices/c100.mtx_108 32 2842128 6.77026
Perman: [veni] running with 32 rows:
 [vidi] 10 3 /home/kaya/sparyser/matrices/c100.mtx_109 32 3678047 6.8362
Perman: [veni] running with 32 rows:
 [vidi] 10 3 /home/kaya/sparyser/matrices/c100.mtx_110 32 6476028 3.17729
Perman: [veni] running with 32 rows:
 [vidi] 10 3 /home/kaya/sparyser/matrices/c100.mtx_111 32 20866164 2.37574
Perman: [veni] running with 32 rows:
 [vidi] 10 3 /home/kaya/sparyser/matrices/c100.mtx_112 32 595616 1.04984
Perman: [veni] running with 32 rows:
 [vidi] 10 3 /home/kaya/sparyser/matrices/c100.mtx_113 32 1738439 2.00963
Perman: [veni] running with 32 rows:
 [vidi] 10 3 /home/kaya/sparyser/matrices/c100.mtx_114 32 4056359 9.50245
Perman: [veni] running with 32 rows:
 [vidi] 10 3 /home/kaya/sparyser/matrices/c100.mtx_115 32 2284848 6.76353
Perman: [veni] running with 32 rows:
 [vidi] 10 3 /home/kaya/sparyser/matrices/c100.mtx_116 32 3145791 2.24321
Perman: [veni] running with 32 rows:
 [vidi] 10 3 /home/kaya/sparyser/matrices/c100.mtx_117 32 4671023 3.63936
Perman: [veni] running with 32 rows:
 [vidi] 10 3 /home/kaya/sparyser/matrices/c100.mtx_118 32 3241118 2.61936
Perman: [veni] running with 32 rows:
 [vidi] 10 3 /home/kaya/sparyser/matrices/c100.mtx_119 32 6672889 3.91086
Perman: [veni] running with 32 rows:
 [vidi] 10 3 /home/kaya/sparyser/matrices/c100.mtx_120 32 0 6.46169
Perman: [veni] running with 32 rows:
 [vidi] 10 3 /home/kaya/sparyser/matrices/c100.mtx_121 32 1906540 0.179915
Perman: [veni] running with 32 rows:
 [vidi] 10 3 /home/kaya/sparyser/matrices/c100.mtx_122 32 5338312 0.614546
Perman: [veni] running with 32 rows:
 [vidi] 10 3 /home/kaya/sparyser/matrices/c100.mtx_123 32 29092161 1.28887
Perman: [veni] running with 32 rows:
 [vidi] 10 3 /home/kaya/sparyser/matrices/c100.mtx_124 32 3003146 0.340814
Perman: [veni] running with 32 rows:
 [vidi] 10 3 /home/kaya/sparyser/matrices/c100.mtx_125 32 12975006 1.8943
Perman: [veni] running with 32 rows:
 [vidi] 10 3 /home/kaya/sparyser/matrices/c100.mtx_126 32 5147361 0.740478
Perman: [veni] running with 32 rows:
 [vidi] 10 3 /home/kaya/sparyser/matrices/c100.mtx_127 32 546216 1.11114
Perman: [veni] running with 32 rows:
 [vidi] 10 3 /home/kaya/sparyser/matrices/c100.mtx_128 32 524536 2.56301
Perman: [veni] running with 32 rows:
 [vidi] 10 3 /home/kaya/sparyser/matrices/c100.mtx_129 32 1907801 2.70285
Perman: [veni] running with 32 rows:
 [vidi] 10 3 /home/kaya/sparyser/matrices/c100.mtx_130 32 11265666 2.24695
Perman: [veni] running with 32 rows:
 [vidi] 10 3 /home/kaya/sparyser/matrices/c100.mtx_131 32 430661 0.895742
Perman: [veni] running with 32 rows:
 [vidi] 10 3 /home/kaya/sparyser/matrices/c100.mtx_132 32 1267488 3.01312
Perman: [veni] running with 32 rows:
 [vidi] 10 3 /home/kaya/sparyser/matrices/c100.mtx_133 32 4881144 2.00059
Perman: [veni] running with 32 rows:
 [vidi] 10 3 /home/kaya/sparyser/matrices/c100.mtx_134 32 5057516 1.09664
Perman: [veni] running with 32 rows:
 [vidi] 10 3 /home/kaya/sparyser/matrices/c100.mtx_135 32 3513758 1.64923
Perman: [veni] running with 32 rows:
 [vidi] 10 3 /home/kaya/sparyser/matrices/c100.mtx_136 32 798218 2.36055
Perman: [veni] running with 32 rows:
 [vidi] 10 3 /home/kaya/sparyser/matrices/c100.mtx_137 32 13521756 4.40069
Perman: [veni] running with 32 rows:
 [vidi] 10 3 /home/kaya/sparyser/matrices/c100.mtx_138 32 1417980 2.26064
Perman: [veni] running with 32 rows:
 [vidi] 10 3 /home/kaya/sparyser/matrices/c100.mtx_139 32 4498400 0.954126
Perman: [veni] running with 32 rows:
 [vidi] 10 3 /home/kaya/sparyser/matrices/c100.mtx_140 32 2988513 1.3435
Perman: [veni] running with 32 rows:
 [vidi] 10 3 /home/kaya/sparyser/matrices/c100.mtx_141 32 627691 2.18493
Perman: [veni] running with 32 rows:
 [vidi] 10 3 /home/kaya/sparyser/matrices/c100.mtx_142 32 2803747 1.1337
Perman: [veni] running with 32 rows:
 [vidi] 10 3 /home/kaya/sparyser/matrices/c100.mtx_143 32 6983304 3.3103
Perman: [veni] running with 32 rows:
 [vidi] 10 3 /home/kaya/sparyser/matrices/c100.mtx_144 32 791735 3.41482
Perman: [veni] running with 32 rows:
 [vidi] 10 3 /home/kaya/sparyser/matrices/c100.mtx_145 32 19779783 1.53426
Perman: [veni] running with 32 rows:
 [vidi] 10 3 /home/kaya/sparyser/matrices/c100.mtx_146 32 2336163 1.3877
Perman: [veni] running with 32 rows:
 [vidi] 10 3 /home/kaya/sparyser/matrices/c100.mtx_147 32 32321386 1.53921
Perman: [veni] running with 32 rows:
 [vidi] 10 3 /home/kaya/sparyser/matrices/c100.mtx_148 32 3912966 0.872373
Perman: [veni] running with 32 rows:
 [vidi] 10 3 /home/kaya/sparyser/matrices/c100.mtx_149 32 6088893 0.981533
Perman: [veni] running with 32 rows:
 [vidi] 10 3 /home/kaya/sparyser/matrices/c100.mtx_150 32 814438 0.798513
Perman: [veni] running with 32 rows:
 [vidi] 10 3 /home/kaya/sparyser/matrices/c100.mtx_151 32 6750058 0.984752
Perman: [veni] running with 32 rows:
 [vidi] 10 3 /home/kaya/sparyser/matrices/c100.mtx_152 32 12909528 1.19261
Perman: [veni] running with 32 rows:
 [vidi] 10 3 /home/kaya/sparyser/matrices/c100.mtx_153 32 2309584 4.27965
Perman: [veni] running with 32 rows:
 [vidi] 10 3 /home/kaya/sparyser/matrices/c100.mtx_154 32 10811875 4.07247
Perman: [veni] running with 32 rows:
 [vidi] 10 3 /home/kaya/sparyser/matrices/c100.mtx_155 32 1258380 0.425158
Perman: [veni] running with 32 rows:
 [vidi] 10 3 /home/kaya/sparyser/matrices/c100.mtx_156 32 4201965 5.24051
Perman: [veni] running with 32 rows:
 [vidi] 10 3 /home/kaya/sparyser/matrices/c100.mtx_157 32 7803277 1.15196
Perman: [veni] running with 32 rows:
 [vidi] 10 3 /home/kaya/sparyser/matrices/c100.mtx_158 32 1005965 1.04011
Perman: [veni] running with 32 rows:
 [vidi] 10 3 /home/kaya/sparyser/matrices/c100.mtx_159 32 11803519 2.75311
Perman: [veni] running with 32 rows:
 [vidi] 10 3 /home/kaya/sparyser/matrices/c100.mtx_160 32 640765 3.00572
Perman: [veni] running with 32 rows:
 [vidi] 10 3 /home/kaya/sparyser/matrices/c100.mtx_161 32 12745456 1.0576
Perman: [veni] running with 32 rows:
 [vidi] 10 3 /home/kaya/sparyser/matrices/c100.mtx_162 32 1666634 0.98624
Perman: [veni] running with 32 rows:
 [vidi] 10 3 /home/kaya/sparyser/matrices/c100.mtx_163 32 16195592 2.76109
Perman: [veni] running with 32 rows:
 [vidi] 10 3 /home/kaya/sparyser/matrices/c100.mtx_164 32 1599476 2.3637
Perman: [veni] running with 32 rows:
 [vidi] 10 3 /home/kaya/sparyser/matrices/c100.mtx_165 32 9143428 0.754124
Perman: [veni] running with 32 rows:
 [vidi] 10 3 /home/kaya/sparyser/matrices/c100.mtx_166 32 960424 0.341615
Perman: [veni] running with 32 rows:
 [vidi] 10 3 /home/kaya/sparyser/matrices/c100.mtx_167 32 10461952 2.21949
Perman: [veni] running with 32 rows:
 [vidi] 10 3 /home/kaya/sparyser/matrices/c100.mtx_168 32 7411990 2.29771
Perman: [veni] running with 32 rows:
 [vidi] 10 3 /home/kaya/sparyser/matrices/c100.mtx_169 32 1931475 3.23825
Perman: [veni] running with 32 rows:
 [vidi] 10 3 /home/kaya/sparyser/matrices/c100.mtx_170 32 13279978 2.13768
Perman: [veni] running with 32 rows:
 [vidi] 10 3 /home/kaya/sparyser/matrices/c100.mtx_171 32 1379157 2.0839
Perman: [veni] running with 32 rows:
 [vidi] 10 3 /home/kaya/sparyser/matrices/c100.mtx_172 32 16850432 2.68646
Perman: [veni] running with 32 rows:
 [vidi] 10 3 /home/kaya/sparyser/matrices/c100.mtx_173 32 11655028 3.03775
Perman: [veni] running with 32 rows:
 [vidi] 10 3 /home/kaya/sparyser/matrices/c100.mtx_174 32 2766557 1.97637
Perman: [veni] running with 32 rows:
 [vidi] 10 3 /home/kaya/sparyser/matrices/c100.mtx_175 32 19824212 2.26459
Perman: [veni] running with 32 rows:
 [vidi] 10 3 /home/kaya/sparyser/matrices/c100.mtx_176 32 1901514 1.22919
Perman: [veni] running with 32 rows:
 [vidi] 10 3 /home/kaya/sparyser/matrices/c100.mtx_177 32 6627754 2.78675
Perman: [veni] running with 32 rows:
 [vidi] 10 3 /home/kaya/sparyser/matrices/c100.mtx_178 32 4670056 2.80318
Perman: [veni] running with 32 rows:
 [vidi] 10 3 /home/kaya/sparyser/matrices/c100.mtx_179 32 261478 3.18786
Perman: [veni] running with 32 rows:
 [vidi] 10 3 /home/kaya/sparyser/matrices/c100.mtx_180 32 7905440 3.58988
Perman: [veni] running with 32 rows:
 [vidi] 10 3 /home/kaya/sparyser/matrices/c100.mtx_181 32 178906 1.16259
Perman: [veni] running with 32 rows:
 [vidi] 10 3 /home/kaya/sparyser/matrices/c100.mtx_182 32 10830688 2.38799
Perman: [veni] running with 32 rows:
 [vidi] 10 3 /home/kaya/sparyser/matrices/c100.mtx_183 32 2368008 1.53257
Perman: [veni] running with 32 rows:
 [vidi] 10 3 /home/kaya/sparyser/matrices/c100.mtx_184 32 14148702 2.41256
Perman: [veni] running with 32 rows:
 [vidi] 10 3 /home/kaya/sparyser/matrices/c100.mtx_185 32 2674972 1.50408
Perman: [veni] running with 32 rows:
 [vidi] 10 3 /home/kaya/sparyser/matrices/c100.mtx_186 32 2764008 3.14085
Perman: [veni] running with 32 rows:
 [vidi] 10 3 /home/kaya/sparyser/matrices/c100.mtx_187 32 10803920 2.40304
Perman: [veni] running with 32 rows:
 [vidi] 10 3 /home/kaya/sparyser/matrices/c100.mtx_188 32 2192600 1.50043
Perman: [veni] running with 32 rows:
 [vidi] 10 3 /home/kaya/sparyser/matrices/c100.mtx_189 32 968584 4.07075
Perman: [veni] running with 32 rows:
 [vidi] 10 3 /home/kaya/sparyser/matrices/c100.mtx_190 32 7328586 3.86087
Perman: [veni] running with 32 rows:
 [vidi] 10 3 /home/kaya/sparyser/matrices/c100.mtx_191 32 0 2.33659
Perman: [veni] running with 32 rows:
 [vidi] 10 3 /home/kaya/sparyser/matrices/c100.mtx_192 32 2994476 5.99312
Perman: [veni] running with 32 rows:
 [vidi] 10 3 /home/kaya/sparyser/matrices/c100.mtx_193 32 3092116 3.23142
Perman: [veni] running with 32 rows:
 [vidi] 10 3 /home/kaya/sparyser/matrices/c100.mtx_194 32 2047683 0.972461
Perman: [veni] running with 32 rows:
 [vidi] 10 3 /home/kaya/sparyser/matrices/c100.mtx_195 32 3373879 3.70228
Perman: [veni] running with 32 rows:
 [vidi] 10 3 /home/kaya/sparyser/matrices/c100.mtx_196 32 1783990 1.94022
Perman: [veni] running with 32 rows:
 [vidi] 10 3 /home/kaya/sparyser/matrices/c100.mtx_197 32 1331854 1.84524
Perman: [veni] running with 32 rows:
 [vidi] 10 3 /home/kaya/sparyser/matrices/c100.mtx_198 32 890051 0.508618
Perman: [veni] running with 32 rows:
 [vidi] 10 3 /home/kaya/sparyser/matrices/c100.mtx_199 32 1208271 3.36272
Perman: [veni] running with 32 rows:
 [vidi] 10 3 /home/kaya/sparyser/matrices/c100.mtx_200 32 328100 1.75686
Perman: [veni] running with 32 rows:
 [vidi] 10 3 /home/kaya/sparyser/matrices/c100.mtx_201 32 2222707 5.47901
Perman: [veni] running with 32 rows:
 [vidi] 10 3 /home/kaya/sparyser/matrices/c100.mtx_202 32 674510 2.57396
Perman: [veni] running with 32 rows:
 [vidi] 10 3 /home/kaya/sparyser/matrices/c100.mtx_203 32 449488 4.19482
Perman: [veni] running with 32 rows:
 [vidi] 10 3 /home/kaya/sparyser/matrices/c100.mtx_204 32 336532 3.06957
Perman: [veni] running with 32 rows:
 [vidi] 10 3 /home/kaya/sparyser/matrices/c100.mtx_205 32 1364914 3.47076
Perman: [veni] running with 32 rows:
 [vidi] 10 3 /home/kaya/sparyser/matrices/c100.mtx_206 32 448404 3.34045
Perman: [veni] running with 32 rows:
 [vidi] 10 3 /home/kaya/sparyser/matrices/c100.mtx_207 32 2842166 4.56904
Perman: [veni] running with 32 rows:
 [vidi] 10 3 /home/kaya/sparyser/matrices/c100.mtx_208 32 852985 2.78703
Perman: [veni] running with 32 rows:
 [vidi] 10 3 /home/kaya/sparyser/matrices/c100.mtx_209 32 9700272 1.63556
Perman: [veni] running with 32 rows:
 [vidi] 10 3 /home/kaya/sparyser/matrices/c100.mtx_210 32 1918517 1.87531
Perman: [veni] running with 32 rows:
 [vidi] 10 3 /home/kaya/sparyser/matrices/c100.mtx_211 32 547644 1.21707
Perman: [veni] running with 32 rows:
 [vidi] 10 3 /home/kaya/sparyser/matrices/c100.mtx_212 32 4029251 2.11751
Perman: [veni] running with 32 rows:
 [vidi] 10 3 /home/kaya/sparyser/matrices/c100.mtx_213 32 1316617 3.91417
Perman: [veni] running with 32 rows:
 [vidi] 10 3 /home/kaya/sparyser/matrices/c100.mtx_214 32 3473478 8.05252
Perman: [veni] running with 32 rows:
 [vidi] 10 3 /home/kaya/sparyser/matrices/c100.mtx_215 32 632047 2.20445
Perman: [veni] running with 32 rows:
 [vidi] 10 3 /home/kaya/sparyser/matrices/c100.mtx_216 32 1360606 5.80492
Perman: [veni] running with 32 rows:
 [vidi] 10 3 /home/kaya/sparyser/matrices/c100.mtx_217 32 1233594 1.92211
Perman: [veni] running with 32 rows:
 [vidi] 10 3 /home/kaya/sparyser/matrices/c100.mtx_218 32 384840 2.20801
Perman: [veni] running with 32 rows:
 [vidi] 10 3 /home/kaya/sparyser/matrices/c100.mtx_219 32 1896972 2.55734
Perman: [veni] running with 32 rows:
 [vidi] 10 3 /home/kaya/sparyser/matrices/c100.mtx_220 32 4074564 0.567074
Perman: [veni] running with 32 rows:
 [vidi] 10 3 /home/kaya/sparyser/matrices/c100.mtx_221 32 4331060 0.5048
Perman: [veni] running with 32 rows:
 [vidi] 10 3 /home/kaya/sparyser/matrices/c100.mtx_222 32 1473290 5.13057
Perman: [veni] running with 32 rows:
 [vidi] 10 3 /home/kaya/sparyser/matrices/c100.mtx_223 32 1610024 1.98579
Perman: [veni] running with 32 rows:
 [vidi] 10 3 /home/kaya/sparyser/matrices/c100.mtx_224 32 1570946 3.39144
Perman: [veni] running with 32 rows:
 [vidi] 10 3 /home/kaya/sparyser/matrices/c100.mtx_225 32 1097781 3.51773
Perman: [veni] running with 32 rows:
 [vidi] 10 3 /home/kaya/sparyser/matrices/c100.mtx_226 32 735317 3.78389
Perman: [veni] running with 32 rows:
 [vidi] 10 3 /home/kaya/sparyser/matrices/c100.mtx_227 32 1974021 3.31615
Perman: [veni] running with 32 rows:
 [vidi] 10 3 /home/kaya/sparyser/matrices/c100.mtx_228 32 543129 2.27671
Perman: [veni] running with 32 rows:
 [vidi] 10 3 /home/kaya/sparyser/matrices/c100.mtx_229 32 5983322 1.19301
Perman: [veni] running with 32 rows:
 [vidi] 10 3 /home/kaya/sparyser/matrices/c100.mtx_230 32 1760070 1.35393
Perman: [veni] running with 32 rows:
 [vidi] 10 3 /home/kaya/sparyser/matrices/c100.mtx_231 32 5210204 1.95662
Perman: [veni] running with 32 rows:
 [vidi] 10 3 /home/kaya/sparyser/matrices/c100.mtx_232 32 2369710 4.22126
Perman: [veni] running with 32 rows:
 [vidi] 10 3 /home/kaya/sparyser/matrices/c100.mtx_233 32 673250 2.91071
Perman: [veni] running with 32 rows:
 [vidi] 10 3 /home/kaya/sparyser/matrices/c100.mtx_234 32 2117383 7.5852
Perman: [veni] running with 32 rows:
 [vidi] 10 3 /home/kaya/sparyser/matrices/c100.mtx_235 32 2678336 3.35328
Perman: [veni] running with 32 rows:
 [vidi] 10 3 /home/kaya/sparyser/matrices/c100.mtx_236 32 3451920 3.97035
Perman: [veni] running with 32 rows:
 [vidi] 10 3 /home/kaya/sparyser/matrices/c100.mtx_237 32 1719384 4.64027
Perman: [veni] running with 32 rows:
 [vidi] 10 3 /home/kaya/sparyser/matrices/c100.mtx_238 32 2731848 3.25147
Perman: [veni] running with 32 rows:
 [vidi] 10 3 /home/kaya/sparyser/matrices/c100.mtx_239 32 587064 3.24079
Perman: [veni] running with 32 rows:
 [vidi] 10 3 /home/kaya/sparyser/matrices/c100.mtx_240 32 1563016 2.72025
Perman: [veni] running with 32 rows:
 [vidi] 10 3 /home/kaya/sparyser/matrices/c100.mtx_241 32 406944 2.01102
Perman: [veni] running with 32 rows:
 [vidi] 10 3 /home/kaya/sparyser/matrices/c100.mtx_242 32 925160 3.81436
Perman: [veni] running with 32 rows:
 [vidi] 10 3 /home/kaya/sparyser/matrices/c100.mtx_243 32 4948389 1.01395
Perman: [veni] running with 32 rows:
 [vidi] 10 3 /home/kaya/sparyser/matrices/c100.mtx_244 32 1722262 0.760332
Perman: [veni] running with 32 rows:
 [vidi] 10 3 /home/kaya/sparyser/matrices/c100.mtx_245 32 3940813 1.66111
Perman: [veni] running with 32 rows:
 [vidi] 10 3 /home/kaya/sparyser/matrices/c100.mtx_246 32 6659749 3.40529
Perman: [veni] running with 32 rows:
 [vidi] 10 3 /home/kaya/sparyser/matrices/c100.mtx_247 32 2589295 1.32226
Perman: [veni] running with 32 rows:
 [vidi] 10 3 /home/kaya/sparyser/matrices/c100.mtx_248 32 1077533 1.17022
Perman: [veni] running with 32 rows:
 [vidi] 10 3 /home/kaya/sparyser/matrices/c100.mtx_249 32 1999488 3.60975
Perman: [veni] running with 32 rows:
 [vidi] 10 3 /home/kaya/sparyser/matrices/c100.mtx_250 32 590937 2.63349
Perman: [veni] running with 32 rows:
 [vidi] 10 3 /home/kaya/sparyser/matrices/c100.mtx_251 32 2821703 5.36076
Perman: [veni] running with 32 rows:
 [vidi] 10 3 /home/kaya/sparyser/matrices/c100.mtx_252 32 873127 2.04005
Perman: [veni] running with 32 rows:
 [vidi] 10 3 /home/kaya/sparyser/matrices/c100.mtx_253 32 1205428 2.00312
Perman: [veni] running with 32 rows:
 [vidi] 10 3 /home/kaya/sparyser/matrices/c100.mtx_254 32 813728 3.01226
Perman: [veni] running with 32 rows:
 [vidi] 10 3 /home/kaya/sparyser/matrices/c100.mtx_255 32 690132 1.97838
Perman: [veni] running with 32 rows:
 [vidi] 10 3 /home/kaya/sparyser/matrices/c100.mtx_256 32 708597 2.53889
Perman: [veni] running with 32 rows:
 [vidi] 10 3 /home/kaya/sparyser/matrices/c100.mtx_257 32 1829565 4.77944
Perman: [veni] running with 32 rows:
 [vidi] 10 3 /home/kaya/sparyser/matrices/c100.mtx_258 32 943188 5.48746
Perman: [veni] running with 32 rows:
 [vidi] 10 3 /home/kaya/sparyser/matrices/c100.mtx_259 32 4814115 3.39353
Perman: [veni] running with 32 rows:
 [vidi] 10 3 /home/kaya/sparyser/matrices/c100.mtx_260 32 1611635 6.33971
Perman: [veni] running with 32 rows:
 [vidi] 10 3 /home/kaya/sparyser/matrices/c100.mtx_261 32 12713930 1.3989
Perman: [veni] running with 32 rows:
 [vidi] 10 3 /home/kaya/sparyser/matrices/c100.mtx_262 32 4651572 1.48811
Perman: [veni] running with 32 rows:
 [vidi] 10 3 /home/kaya/sparyser/matrices/c100.mtx_263 32 2298094 1.63977
Perman: [veni] running with 32 rows:
 [vidi] 10 3 /home/kaya/sparyser/matrices/c100.mtx_264 32 825994 3.80755
Perman: [veni] running with 32 rows:
 [vidi] 10 3 /home/kaya/sparyser/matrices/c100.mtx_265 32 2494493 5.15425
Perman: [veni] running with 32 rows:
 [vidi] 10 3 /home/kaya/sparyser/matrices/c100.mtx_266 32 4711163 2.1748
Perman: [veni] running with 32 rows:
 [vidi] 10 3 /home/kaya/sparyser/matrices/c100.mtx_267 32 2650083 5.28116
Perman: [veni] running with 32 rows:
 [vidi] 10 3 /home/kaya/sparyser/matrices/c100.mtx_268 32 5287850 5.36888
Perman: [veni] running with 32 rows:
 [vidi] 10 3 /home/kaya/sparyser/matrices/c100.mtx_269 32 2306798 2.7505
Perman: [veni] running with 32 rows:
 [vidi] 10 3 /home/kaya/sparyser/matrices/c100.mtx_270 32 951833 3.36566
Perman: [veni] running with 32 rows:
 [vidi] 10 3 /home/kaya/sparyser/matrices/c100.mtx_271 32 3032308 6.2319
Perman: [veni] running with 32 rows:
 [vidi] 10 3 /home/kaya/sparyser/matrices/c100.mtx_272 32 2133667 1.88635
Perman: [veni] running with 32 rows:
 [vidi] 10 3 /home/kaya/sparyser/matrices/c100.mtx_273 32 732099 4.05776
Perman: [veni] running with 32 rows:
 [vidi] 10 3 /home/kaya/sparyser/matrices/c100.mtx_274 32 2667999 2.18131
Perman: [veni] running with 32 rows:
 [vidi] 10 3 /home/kaya/sparyser/matrices/c100.mtx_275 32 917637 1.96728
Perman: [veni] running with 32 rows:
 [vidi] 10 3 /home/kaya/sparyser/matrices/c100.mtx_276 32 5295972 0.600381
Perman: [veni] running with 32 rows:
 [vidi] 10 3 /home/kaya/sparyser/matrices/c100.mtx_277 32 1963424 0.897021
Perman: [veni] running with 32 rows:
 [vidi] 10 3 /home/kaya/sparyser/matrices/c100.mtx_278 32 8256936 1.50037
Perman: [veni] running with 32 rows:
 [vidi] 10 3 /home/kaya/sparyser/matrices/c100.mtx_279 32 2247666 5.02406
Perman: [veni] running with 32 rows:
 [vidi] 10 3 /home/kaya/sparyser/matrices/c100.mtx_280 32 1002819 2.06509
Perman: [veni] running with 32 rows:
 [vidi] 10 3 /home/kaya/sparyser/matrices/c100.mtx_281 32 3799650 6.38484
Perman: [veni] running with 32 rows:
 [vidi] 10 3 /home/kaya/sparyser/matrices/c100.mtx_282 32 2533693 3.88212
Perman: [veni] running with 32 rows:
 [vidi] 10 3 /home/kaya/sparyser/matrices/c100.mtx_283 32 1780495 4.0119
Perman: [veni] running with 32 rows:
 [vidi] 10 3 /home/kaya/sparyser/matrices/c100.mtx_284 32 1395998 3.97173
Perman: [veni] running with 32 rows:
 [vidi] 10 3 /home/kaya/sparyser/matrices/c100.mtx_285 32 3300522 2.01367
Perman: [veni] running with 32 rows:
 [vidi] 10 3 /home/kaya/sparyser/matrices/c100.mtx_286 32 1067164 4.74932
Perman: [veni] running with 32 rows:
 [vidi] 10 3 /home/kaya/sparyser/matrices/c100.mtx_287 32 5932862 1.34116
Perman: [veni] running with 32 rows:
 [vidi] 10 3 /home/kaya/sparyser/matrices/c100.mtx_288 32 4101210 1.65329
Perman: [veni] running with 32 rows:
 [vidi] 10 3 /home/kaya/sparyser/matrices/c100.mtx_289 32 3449800 1.50145
Perman: [veni] running with 32 rows:
 [vidi] 10 3 /home/kaya/sparyser/matrices/c100.mtx_290 32 6897156 1.5916
Perman: [veni] running with 32 rows:
 [vidi] 10 3 /home/kaya/sparyser/matrices/c100.mtx_291 32 2387524 0.96008
Perman: [veni] running with 32 rows:
 [vidi] 10 3 /home/kaya/sparyser/matrices/c100.mtx_292 32 2674935 7.17133
Perman: [veni] running with 32 rows:
 [vidi] 10 3 /home/kaya/sparyser/matrices/c100.mtx_293 32 1855765 7.26732
Perman: [veni] running with 32 rows:
 [vidi] 10 3 /home/kaya/sparyser/matrices/c100.mtx_294 32 1702403 7.1254
Perman: [veni] running with 32 rows:
 [vidi] 10 3 /home/kaya/sparyser/matrices/c100.mtx_295 32 3211866 4.83252
Perman: [veni] running with 32 rows:
 [vidi] 10 3 /home/kaya/sparyser/matrices/c100.mtx_296 32 1226965 3.86715
Perman: [veni] running with 32 rows:
 [vidi] 10 3 /home/kaya/sparyser/matrices/c100.mtx_297 32 2534718 5.42278
Perman: [veni] running with 32 rows:
 [vidi] 10 3 /home/kaya/sparyser/matrices/c100.mtx_298 32 1663408 3.50938
Perman: [veni] running with 32 rows:
 [vidi] 10 3 /home/kaya/sparyser/matrices/c100.mtx_299 32 3471226 5.48076
Perman: [veni] running with 32 rows:
 [vidi] 10 3 /home/kaya/sparyser/matrices/c100.mtx_300 32 2013860 3.441
Perman: [veni] running with 32 rows:
 [vidi] 10 3 /home/kaya/sparyser/matrices/c100.mtx_301 32 1394592 7.0246
Perman: [veni] running with 32 rows:
 [vidi] 10 3 /home/kaya/sparyser/matrices/c100.mtx_302 32 1854663 6.80261
Perman: [veni] running with 32 rows:
 [vidi] 10 3 /home/kaya/sparyser/matrices/c100.mtx_303 32 2232492 5.46409
Perman: [veni] running with 32 rows:
 [vidi] 10 3 /home/kaya/sparyser/matrices/c100.mtx_304 32 1668772 3.43766
Perman: [veni] running with 32 rows:
 [vidi] 10 3 /home/kaya/sparyser/matrices/c100.mtx_305 32 1092732 6.69743
Perman: [veni] running with 32 rows:
 [vidi] 10 3 /home/kaya/sparyser/matrices/c100.mtx_306 32 2818300 3.13835
Perman: [veni] running with 32 rows:
 [vidi] 10 3 /home/kaya/sparyser/matrices/c100.mtx_307 32 1006056 7.61049
Perman: [veni] running with 32 rows:
 [vidi] 10 3 /home/kaya/sparyser/matrices/c100.mtx_308 32 1618112 8.83092
Perman: [veni] running with 32 rows:
 [vidi] 10 3 /home/kaya/sparyser/matrices/c100.mtx_309 32 5864968 2.53675
Perman: [veni] running with 32 rows:
 [vidi] 10 3 /home/kaya/sparyser/matrices/c100.mtx_310 32 2197362 2.66908
Perman: [veni] running with 32 rows:
 [vidi] 10 3 /home/kaya/sparyser/matrices/c100.mtx_311 32 904028 0.874886
Perman: [veni] running with 32 rows:
 [vidi] 10 3 /home/kaya/sparyser/matrices/c100.mtx_312 32 382430 3.32572
Perman: [veni] running with 32 rows:
 [vidi] 10 3 /home/kaya/sparyser/matrices/c100.mtx_313 32 2252714 2.4274
Perman: [veni] running with 32 rows:
 [vidi] 10 3 /home/kaya/sparyser/matrices/c100.mtx_314 32 209074 0.489661
Perman: [veni] running with 32 rows:
 [vidi] 10 3 /home/kaya/sparyser/matrices/c100.mtx_315 32 924251 1.67911
Perman: [veni] running with 32 rows:
 [vidi] 10 3 /home/kaya/sparyser/matrices/c100.mtx_316 32 1460986 4.5923
Perman: [veni] running with 32 rows:
 [vidi] 10 3 /home/kaya/sparyser/matrices/c100.mtx_317 32 2536692 3.65139
Perman: [veni] running with 32 rows:
 [vidi] 10 3 /home/kaya/sparyser/matrices/c100.mtx_318 32 1167470 0.959512
Perman: [veni] running with 32 rows:
 [vidi] 10 3 /home/kaya/sparyser/matrices/c100.mtx_319 32 428740 0.927957
Perman: [veni] running with 32 rows:
 [vidi] 10 3 /home/kaya/sparyser/matrices/c100.mtx_320 32 1694322 2.83587
Perman: [veni] running with 32 rows:
 [vidi] 10 3 /home/kaya/sparyser/matrices/c100.mtx_321 32 657536 1.41934
Perman: [veni] running with 32 rows:
 [vidi] 10 3 /home/kaya/sparyser/matrices/c100.mtx_322 32 3880516 1.2959
Perman: [veni] running with 32 rows:
 [vidi] 10 3 /home/kaya/sparyser/matrices/c100.mtx_323 32 11011090 2.82651
Perman: [veni] running with 32 rows:
 [vidi] 10 3 /home/kaya/sparyser/matrices/c100.mtx_324 32 1944133 0.645351
Perman: [veni] running with 32 rows:
 [vidi] 10 3 /home/kaya/sparyser/matrices/c100.mtx_325 32 4443654 2.52012
Perman: [veni] running with 32 rows:
 [vidi] 10 3 /home/kaya/sparyser/matrices/c100.mtx_326 32 1673359 1.5389
Perman: [veni] running with 32 rows:
 [vidi] 10 3 /home/kaya/sparyser/matrices/c100.mtx_327 32 4731103 1.33298
Perman: [veni] running with 32 rows:
 [vidi] 10 3 /home/kaya/sparyser/matrices/c100.mtx_328 32 600808 0.508812
Perman: [veni] running with 32 rows:
 [vidi] 10 3 /home/kaya/sparyser/matrices/c100.mtx_329 32 1887224 2.42934
Perman: [veni] running with 32 rows:
 [vidi] 10 3 /home/kaya/sparyser/matrices/c100.mtx_330 32 1664640 0.939004
Perman: [veni] running with 32 rows:
 [vidi] 10 3 /home/kaya/sparyser/matrices/c100.mtx_331 32 2310860 1.08013
Perman: [veni] running with 32 rows:
 [vidi] 10 3 /home/kaya/sparyser/matrices/c100.mtx_332 32 4507436 1.03678
Perman: [veni] running with 32 rows:
 [vidi] 10 3 /home/kaya/sparyser/matrices/c100.mtx_333 32 5571876 1.22488
Perman: [veni] running with 32 rows:
 [vidi] 10 3 /home/kaya/sparyser/matrices/c100.mtx_334 32 1971842 2.90699
Perman: [veni] running with 32 rows:
 [vidi] 10 3 /home/kaya/sparyser/matrices/c100.mtx_335 32 2475094 1.16305
Perman: [veni] running with 32 rows:
 [vidi] 10 3 /home/kaya/sparyser/matrices/c100.mtx_336 32 2463990 1.08934
Perman: [veni] running with 32 rows:
 [vidi] 10 3 /home/kaya/sparyser/matrices/c100.mtx_337 32 854999 2.88045
Perman: [veni] running with 32 rows:
 [vidi] 10 3 /home/kaya/sparyser/matrices/c100.mtx_338 32 2561699 1.82492
Perman: [veni] running with 32 rows:
 [vidi] 10 3 /home/kaya/sparyser/matrices/c100.mtx_339 32 5981412 0.87309
Perman: [veni] running with 32 rows:
 [vidi] 10 3 /home/kaya/sparyser/matrices/c100.mtx_340 32 2142470 1.21545
Perman: [veni] running with 32 rows:
 [vidi] 10 3 /home/kaya/sparyser/matrices/c100.mtx_341 32 5674598 2.667
Perman: [veni] running with 32 rows:
 [vidi] 10 3 /home/kaya/sparyser/matrices/c100.mtx_342 32 2665943 0.927065
Perman: [veni] running with 32 rows:
 [vidi] 10 3 /home/kaya/sparyser/matrices/c100.mtx_343 32 1046345 1.10058
Perman: [veni] running with 32 rows:
 [vidi] 10 3 /home/kaya/sparyser/matrices/c100.mtx_344 32 2664074 1.53201
Perman: [veni] running with 32 rows:
 [vidi] 10 3 /home/kaya/sparyser/matrices/c100.mtx_345 32 2409808 2.20946
Perman: [veni] running with 32 rows:
 [vidi] 10 3 /home/kaya/sparyser/matrices/c100.mtx_346 32 3153458 1.68783
Perman: [veni] running with 32 rows:
 [vidi] 10 3 /home/kaya/sparyser/matrices/c100.mtx_347 32 1964280 3.01441
Perman: [veni] running with 32 rows:
 [vidi] 10 3 /home/kaya/sparyser/matrices/c100.mtx_348 32 2105636 1.79669
Perman: [veni] running with 32 rows:
 [vidi] 10 3 /home/kaya/sparyser/matrices/c100.mtx_349 32 667120 1.26096
Perman: [veni] running with 32 rows:
 [vidi] 10 3 /home/kaya/sparyser/matrices/c100.mtx_350 32 2249410 1.85315
Perman: [veni] running with 32 rows:
 [vidi] 10 3 /home/kaya/sparyser/matrices/c100.mtx_351 32 904940 2.68677
Perman: [veni] running with 32 rows:
 [vidi] 10 3 /home/kaya/sparyser/matrices/c100.mtx_352 32 75176634 3.28351
Perman: [veni] running with 32 rows:
 [vidi] 10 3 /home/kaya/sparyser/matrices/c100.mtx_353 32 53241539 4.66289
Perman: [veni] running with 32 rows:
 [vidi] 10 3 /home/kaya/sparyser/matrices/c100.mtx_354 32 73404338 3.59288
Perman: [veni] running with 32 rows:
 [vidi] 10 3 /home/kaya/sparyser/matrices/c100.mtx_355 32 21246995 1.96298
Perman: [veni] running with 32 rows:
 [vidi] 10 3 /home/kaya/sparyser/matrices/c100.mtx_356 32 16778126 6.53313
Perman: [veni] running with 32 rows:
 [vidi] 10 3 /home/kaya/sparyser/matrices/c100.mtx_357 32 59607071 6.5292
Perman: [veni] running with 32 rows:
 [vidi] 10 3 /home/kaya/sparyser/matrices/c100.mtx_358 32 7005813 4.98871
Perman: [veni] running with 32 rows:
 [vidi] 10 3 /home/kaya/sparyser/matrices/c100.mtx_359 32 5340768 2.7017
Perman: [veni] running with 32 rows:
 [vidi] 10 3 /home/kaya/sparyser/matrices/c100.mtx_360 32 5703902 4.45457
Perman: [veni] running with 32 rows:
 [vidi] 10 3 /home/kaya/sparyser/matrices/c100.mtx_361 32 17486795 3.09293
Perman: [veni] running with 32 rows:
 [vidi] 10 3 /home/kaya/sparyser/matrices/c100.mtx_362 32 5390928 3.87242
Perman: [veni] running with 32 rows:
 [vidi] 10 3 /home/kaya/sparyser/matrices/c100.mtx_363 32 16566654 1.6864
Perman: [veni] running with 32 rows:
 [vidi] 10 3 /home/kaya/sparyser/matrices/c100.mtx_364 32 9404616 1.2349
Perman: [veni] running with 32 rows:
 [vidi] 10 3 /home/kaya/sparyser/matrices/c100.mtx_365 32 4711182 1.59344
Perman: [veni] running with 32 rows:
 [vidi] 10 3 /home/kaya/sparyser/matrices/c100.mtx_366 32 12667185 1.19296
Perman: [veni] running with 32 rows:
 [vidi] 10 3 /home/kaya/sparyser/matrices/c100.mtx_367 32 3747213 2.69314
Perman: [veni] running with 32 rows:
 [vidi] 10 3 /home/kaya/sparyser/matrices/c100.mtx_368 32 9561639 1.78584
Perman: [veni] running with 32 rows:
 [vidi] 10 3 /home/kaya/sparyser/matrices/c100.mtx_369 32 5502051 2.64593
Perman: [veni] running with 32 rows:
 [vidi] 10 3 /home/kaya/sparyser/matrices/c100.mtx_370 32 10312218 1.47131
Perman: [veni] running with 32 rows:
 [vidi] 10 3 /home/kaya/sparyser/matrices/c100.mtx_371 32 2215458 2.61908
Perman: [veni] running with 32 rows:
 [vidi] 10 3 /home/kaya/sparyser/matrices/c100.mtx_372 32 5375328 1.53209
Perman: [veni] running with 32 rows:
 [vidi] 10 3 /home/kaya/sparyser/matrices/c100.mtx_373 32 3542484 0.566052
Perman: [veni] running with 32 rows:
 [vidi] 10 3 /home/kaya/sparyser/matrices/c100.mtx_374 32 15051048 4.60865
Perman: [veni] running with 32 rows:
 [vidi] 10 3 /home/kaya/sparyser/matrices/c100.mtx_375 32 2885508 3.50447
Perman: [veni] running with 32 rows:
 [vidi] 10 3 /home/kaya/sparyser/matrices/c100.mtx_376 32 8351316 2.52054
Perman: [veni] running with 32 rows:
 [vidi] 10 3 /home/kaya/sparyser/matrices/c100.mtx_377 32 2709132 1.68569
Perman: [veni] running with 32 rows:
 [vidi] 10 3 /home/kaya/sparyser/matrices/c100.mtx_378 32 1132236 3.1882
Perman: [veni] running with 32 rows:
 [vidi] 10 3 /home/kaya/sparyser/matrices/c100.mtx_379 32 55576770 2.31357
Perman: [veni] running with 32 rows:
 [vidi] 10 3 /home/kaya/sparyser/matrices/c100.mtx_380 32 37586655 0.564587
Perman: [veni] running with 32 rows:
 [vidi] 10 3 /home/kaya/sparyser/matrices/c100.mtx_381 32 23266362 4.16845
Perman: [veni] running with 32 rows:
 [vidi] 10 3 /home/kaya/sparyser/matrices/c100.mtx_382 32 11280237 3.64569
Perman: [veni] running with 32 rows:
 [vidi] 10 3 /home/kaya/sparyser/matrices/c100.mtx_383 32 2816829 2.44231
Perman: [veni] running with 32 rows:
 [vidi] 10 3 /home/kaya/sparyser/matrices/c100.mtx_384 32 2011986 1.07556
Perman: [veni] running with 32 rows:
 [vidi] 10 3 /home/kaya/sparyser/matrices/c100.mtx_385 32 8740695 1.86548
Perman: [veni] running with 32 rows:
 [vidi] 10 3 /home/kaya/sparyser/matrices/c100.mtx_386 32 2083074 2.09445
Perman: [veni] running with 32 rows:
 [vidi] 10 3 /home/kaya/sparyser/matrices/c100.mtx_387 32 11889375 1.0558
Perman: [veni] running with 32 rows:
 [vidi] 10 3 /home/kaya/sparyser/matrices/c100.mtx_388 32 8044611 3.58378
Perman: [veni] running with 32 rows:
 [vidi] 10 3 /home/kaya/sparyser/matrices/c100.mtx_389 32 5988387 1.9049
Perman: [veni] running with 32 rows:
 [vidi] 10 3 /home/kaya/sparyser/matrices/c100.mtx_390 32 7265202 0.992117
Perman: [veni] running with 32 rows:
 [vidi] 10 3 /home/kaya/sparyser/matrices/c100.mtx_391 32 1049841 0.342225
Perman: [veni] running with 32 rows:
 [vidi] 10 3 /home/kaya/sparyser/matrices/c100.mtx_392 32 3935244 1.67191
Perman: [veni] running with 32 rows:
 [vidi] 10 3 /home/kaya/sparyser/matrices/c100.mtx_393 32 6854304 2.74777
Perman: [veni] running with 32 rows:
 [vidi] 10 3 /home/kaya/sparyser/matrices/c100.mtx_394 32 1319160 1.71887
Perman: [veni] running with 32 rows:
 [vidi] 10 3 /home/kaya/sparyser/matrices/c100.mtx_395 32 4778436 2.23028
Perman: [veni] running with 32 rows:
 [vidi] 10 3 /home/kaya/sparyser/matrices/c100.mtx_396 32 496188 0.689989
Perman: [veni] running with 32 rows:
 [vidi] 10 3 /home/kaya/sparyser/matrices/c100.mtx_397 32 67576593 1.97705
Perman: [veni] running with 32 rows:
 [vidi] 10 3 /home/kaya/sparyser/matrices/c100.mtx_398 32 51403116 1.66797
Perman: [veni] running with 32 rows:
 [vidi] 10 3 /home/kaya/sparyser/matrices/c100.mtx_399 32 39808590 1.3777
Perman: [veni] running with 32 rows:
 [vidi] 10 3 /home/kaya/sparyser/matrices/c100.mtx_400 32 6470262 2.74867
Perman: [veni] running with 32 rows:
 [vidi] 10 3 /home/kaya/sparyser/matrices/c100.mtx_401 32 12490413 1.89775
Perman: [veni] running with 32 rows:
 [vidi] 10 3 /home/kaya/sparyser/matrices/c100.mtx_402 32 2896740 1.43263
Perman: [veni] running with 32 rows:
 [vidi] 10 3 /home/kaya/sparyser/matrices/c100.mtx_403 32 12775626 1.78606
Perman: [veni] running with 32 rows:
 [vidi] 10 3 /home/kaya/sparyser/matrices/c100.mtx_404 32 8652402 3.07204
Perman: [veni] running with 32 rows:
 [vidi] 10 3 /home/kaya/sparyser/matrices/c100.mtx_405 32 6315834 1.02712
Perman: [veni] running with 32 rows:
 [vidi] 10 3 /home/kaya/sparyser/matrices/c100.mtx_406 32 8679495 1.76401
Perman: [veni] running with 32 rows:
 [vidi] 10 3 /home/kaya/sparyser/matrices/c100.mtx_407 32 11865372 2.60578
Perman: [veni] running with 32 rows:
 [vidi] 10 3 /home/kaya/sparyser/matrices/c100.mtx_408 32 1348476 1.00892
Perman: [veni] running with 32 rows:
 [vidi] 10 3 /home/kaya/sparyser/matrices/c100.mtx_409 32 5522052 2.0903
Perman: [veni] running with 32 rows:
 [vidi] 10 3 /home/kaya/sparyser/matrices/c100.mtx_410 32 530964 0.609598
Perman: [veni] running with 32 rows:
 [vidi] 10 3 /home/kaya/sparyser/matrices/c100.mtx_411 32 52689990 2.94674
Perman: [veni] running with 32 rows:
 [vidi] 10 3 /home/kaya/sparyser/matrices/c100.mtx_412 32 18933714 1.44939
Perman: [veni] running with 32 rows:
 [vidi] 10 3 /home/kaya/sparyser/matrices/c100.mtx_413 32 2779221 0.793609
Perman: [veni] running with 32 rows:
 [vidi] 10 3 /home/kaya/sparyser/matrices/c100.mtx_414 32 6605409 1.30093
Perman: [veni] running with 32 rows:
 [vidi] 10 3 /home/kaya/sparyser/matrices/c100.mtx_415 32 6242175 1.36108
Perman: [veni] running with 32 rows:
 [vidi] 10 3 /home/kaya/sparyser/matrices/c100.mtx_416 32 7339311 1.0723
Perman: [veni] running with 32 rows:
 [vidi] 10 3 /home/kaya/sparyser/matrices/c100.mtx_417 32 4356039 1.05093
Perman: [veni] running with 32 rows:
 [vidi] 10 3 /home/kaya/sparyser/matrices/c100.mtx_418 32 6316212 2.56308
Perman: [veni] running with 32 rows:
 [vidi] 10 3 /home/kaya/sparyser/matrices/c100.mtx_419 32 2802984 0.491924
Perman: [veni] running with 32 rows:
 [vidi] 10 3 /home/kaya/sparyser/matrices/c100.mtx_420 32 187885024 2.2946
Perman: [veni] running with 32 rows:
 [vidi] 10 3 /home/kaya/sparyser/matrices/c100.mtx_421 32 9174594 1.16294
Perman: [veni] running with 32 rows:
 [vidi] 10 3 /home/kaya/sparyser/matrices/c100.mtx_422 32 13509152 1.13418
Perman: [veni] running with 32 rows:
 [vidi] 10 3 /home/kaya/sparyser/matrices/c100.mtx_423 32 16126415 3.02234
Perman: [veni] running with 32 rows:
 [vidi] 10 3 /home/kaya/sparyser/matrices/c100.mtx_424 32 22300882 3.94346
Perman: [veni] running with 32 rows:
 [vidi] 10 3 /home/kaya/sparyser/matrices/c100.mtx_425 32 40060548 1.19432
Perman: [veni] running with 32 rows:
 [vidi] 10 3 /home/kaya/sparyser/matrices/c100.mtx_426 32 50314872 1.22168
Perman: [veni] running with 32 rows:
 [vidi] 10 3 /home/kaya/sparyser/matrices/c100.mtx_427 32 14465848 3.08643
Perman: [veni] running with 32 rows:
 [vidi] 10 3 /home/kaya/sparyser/matrices/c100.mtx_428 32 6399395 2.28185
Perman: [veni] running with 32 rows:
 [vidi] 10 3 /home/kaya/sparyser/matrices/c100.mtx_429 32 6458745 1.1539
Perman: [veni] running with 32 rows:
 [vidi] 10 3 /home/kaya/sparyser/matrices/c100.mtx_430 32 4197908 1.84008
Perman: [veni] running with 32 rows:
 [vidi] 10 3 /home/kaya/sparyser/matrices/c100.mtx_431 32 2785654 2.55383
Perman: [veni] running with 32 rows:
 [vidi] 10 3 /home/kaya/sparyser/matrices/c100.mtx_432 32 2038558 2.28539
Perman: [veni] running with 32 rows:
 [vidi] 10 3 /home/kaya/sparyser/matrices/c100.mtx_433 32 272484 2.2395
Perman: [veni] running with 32 rows:
 [vidi] 10 3 /home/kaya/sparyser/matrices/c100.mtx_434 32 7568333 2.51735
Perman: [veni] running with 32 rows:
 [vidi] 10 3 /home/kaya/sparyser/matrices/c100.mtx_435 32 1140348 1.8297
Perman: [veni] running with 32 rows:
 [vidi] 10 3 /home/kaya/sparyser/matrices/c100.mtx_436 32 26562042 3.71941
Perman: [veni] running with 32 rows:
 [vidi] 10 3 /home/kaya/sparyser/matrices/c100.mtx_437 32 18574984 3.7202
Perman: [veni] running with 32 rows:
 [vidi] 10 3 /home/kaya/sparyser/matrices/c100.mtx_438 32 8781928 4.12344
Perman: [veni] running with 32 rows:
 [vidi] 10 3 /home/kaya/sparyser/matrices/c100.mtx_439 32 3022636 2.1269
Perman: [veni] running with 32 rows:
 [vidi] 10 3 /home/kaya/sparyser/matrices/c100.mtx_440 32 2036568 2.89179
Perman: [veni] running with 32 rows:
 [vidi] 10 3 /home/kaya/sparyser/matrices/c100.mtx_441 32 1055770 3.04517
Perman: [veni] running with 32 rows:
 [vidi] 10 3 /home/kaya/sparyser/matrices/c100.mtx_442 32 5932225 3.7201
Perman: [veni] running with 32 rows:
 [vidi] 10 3 /home/kaya/sparyser/matrices/c100.mtx_443 32 3786856 2.5494
Perman: [veni] running with 32 rows:
 [vidi] 10 3 /home/kaya/sparyser/matrices/c100.mtx_444 32 8659106 1.29307
Perman: [veni] running with 32 rows:
 [vidi] 10 3 /home/kaya/sparyser/matrices/c100.mtx_445 32 3584644 3.99029
Perman: [veni] running with 32 rows:
 [vidi] 10 3 /home/kaya/sparyser/matrices/c100.mtx_446 32 17988876 4.72067
Perman: [veni] running with 32 rows:
 [vidi] 10 3 /home/kaya/sparyser/matrices/c100.mtx_447 32 9878544 2.44317
Perman: [veni] running with 32 rows:
 [vidi] 10 3 /home/kaya/sparyser/matrices/c100.mtx_448 32 9029758 3.54825
Perman: [veni] running with 32 rows:
 [vidi] 10 3 /home/kaya/sparyser/matrices/c100.mtx_449 32 12175428 4.72601
Perman: [veni] running with 32 rows:
 [vidi] 10 3 /home/kaya/sparyser/matrices/c100.mtx_450 32 7080214 2.43978
Perman: [veni] running with 32 rows:
 [vidi] 10 3 /home/kaya/sparyser/matrices/c100.mtx_451 32 6426974 3.55147
Perman: [veni] running with 32 rows:
 [vidi] 10 3 /home/kaya/sparyser/matrices/c100.mtx_452 32 6476604 4.01787
Perman: [veni] running with 32 rows:
 [vidi] 10 3 /home/kaya/sparyser/matrices/c100.mtx_453 32 4572606 4.14065
Perman: [veni] running with 32 rows:
 [vidi] 10 3 /home/kaya/sparyser/matrices/c100.mtx_454 32 10549644 4.71899
Perman: [veni] running with 32 rows:
 [vidi] 10 3 /home/kaya/sparyser/matrices/c100.mtx_455 32 6164182 2.44333
Perman: [veni] running with 32 rows:
 [vidi] 10 3 /home/kaya/sparyser/matrices/c100.mtx_456 32 5420749 3.54954
Perman: [veni] running with 32 rows:
 [vidi] 10 3 /home/kaya/sparyser/matrices/c100.mtx_457 32 25456653 1.64962
Perman: [veni] running with 32 rows:
 [vidi] 10 3 /home/kaya/sparyser/matrices/c100.mtx_458 32 10500262 1.18882
Perman: [veni] running with 32 rows:
 [vidi] 10 3 /home/kaya/sparyser/matrices/c100.mtx_459 32 18490644 2.31334
Perman: [veni] running with 32 rows:
 [vidi] 10 3 /home/kaya/sparyser/matrices/c100.mtx_460 32 9284232 2.55967
Perman: [veni] running with 32 rows:
 [vidi] 10 3 /home/kaya/sparyser/matrices/c100.mtx_461 32 3827496 4.27067
Perman: [veni] running with 32 rows:
 [vidi] 10 3 /home/kaya/sparyser/matrices/c100.mtx_462 32 10845012 4.51211
Perman: [veni] running with 32 rows:
 [vidi] 10 3 /home/kaya/sparyser/matrices/c100.mtx_463 32 11511762 3.56929
Perman: [veni] running with 32 rows:
 [vidi] 10 3 /home/kaya/sparyser/matrices/c100.mtx_464 32 6340338 3.15465
Perman: [veni] running with 32 rows:
 [vidi] 10 3 /home/kaya/sparyser/matrices/c100.mtx_465 32 7578702 3.63165
Perman: [veni] running with 32 rows:
 [vidi] 10 3 /home/kaya/sparyser/matrices/c100.mtx_466 32 7260292 3.56892
Perman: [veni] running with 32 rows:
 [vidi] 10 3 /home/kaya/sparyser/matrices/c100.mtx_467 32 4280010 3.16916
Perman: [veni] running with 32 rows:
 [vidi] 10 3 /home/kaya/sparyser/matrices/c100.mtx_468 32 5237767 3.6345
Perman: [veni] running with 32 rows:
 [vidi] 10 3 /home/kaya/sparyser/matrices/c100.mtx_469 32 4927492 2.61533
Perman: [veni] running with 32 rows:
 [vidi] 10 3 /home/kaya/sparyser/matrices/c100.mtx_470 32 3322586 2.60844
Perman: [veni] running with 32 rows:
 [vidi] 10 3 /home/kaya/sparyser/matrices/c100.mtx_471 32 22366775 3.9963
Perman: [veni] running with 32 rows:
 [vidi] 10 3 /home/kaya/sparyser/matrices/c100.mtx_472 32 14680974 2.01598
Perman: [veni] running with 32 rows:
 [vidi] 10 3 /home/kaya/sparyser/matrices/c100.mtx_473 32 7428369 5.20413
Perman: [veni] running with 32 rows:
 [vidi] 10 3 /home/kaya/sparyser/matrices/c100.mtx_474 32 3800493 1.73541
Perman: [veni] running with 32 rows:
 [vidi] 10 3 /home/kaya/sparyser/matrices/c100.mtx_475 32 1053848 1.37446
Perman: [veni] running with 32 rows:
 [vidi] 10 3 /home/kaya/sparyser/matrices/c100.mtx_476 32 8548914 2.3804
Perman: [veni] running with 32 rows:
 [vidi] 10 3 /home/kaya/sparyser/matrices/c100.mtx_477 32 944162 1.51691
Perman: [veni] running with 32 rows:
 [vidi] 10 3 /home/kaya/sparyser/matrices/c100.mtx_478 32 2712284 4.02066
Perman: [veni] running with 32 rows:
 [vidi] 10 3 /home/kaya/sparyser/matrices/c100.mtx_479 32 2755991 3.14668
Perman: [veni] running with 32 rows:
 [vidi] 10 3 /home/kaya/sparyser/matrices/c100.mtx_480 32 4907999 2.41076
Perman: [veni] running with 32 rows:
 [vidi] 10 3 /home/kaya/sparyser/matrices/c100.mtx_481 32 1518206 3.35777
Perman: [veni] running with 32 rows:
 [vidi] 10 3 /home/kaya/sparyser/matrices/c100.mtx_482 32 887374 2.16136
Perman: [veni] running with 32 rows:
 [vidi] 10 3 /home/kaya/sparyser/matrices/c100.mtx_483 32 2280178 4.17236
Perman: [veni] running with 32 rows:
 [vidi] 10 3 /home/kaya/sparyser/matrices/c100.mtx_484 32 2016060 1.51739
Perman: [veni] running with 32 rows:
 [vidi] 10 3 /home/kaya/sparyser/matrices/c100.mtx_485 32 12082443 3.8193
Perman: [veni] running with 32 rows:
 [vidi] 10 3 /home/kaya/sparyser/matrices/c100.mtx_486 32 3043224 1.62799
Perman: [veni] running with 32 rows:
 [vidi] 10 3 /home/kaya/sparyser/matrices/c100.mtx_487 32 8465080 3.01341
Perman: [veni] running with 32 rows:
 [vidi] 10 3 /home/kaya/sparyser/matrices/c100.mtx_488 32 8284352 1.77485
Perman: [veni] running with 32 rows:
 [vidi] 10 3 /home/kaya/sparyser/matrices/c100.mtx_489 32 2188241 3.19977
Perman: [veni] running with 32 rows:
 [vidi] 10 3 /home/kaya/sparyser/matrices/c100.mtx_490 32 2011931 2.75565
Perman: [veni] running with 32 rows:
 [vidi] 10 3 /home/kaya/sparyser/matrices/c100.mtx_491 32 1636900 1.64986
Perman: [veni] running with 32 rows:
 [vidi] 10 3 /home/kaya/sparyser/matrices/c100.mtx_492 32 892964 0.487566
Perman: [veni] running with 32 rows:
 [vidi] 10 3 /home/kaya/sparyser/matrices/c100.mtx_493 32 15777432 2.71726
Perman: [veni] running with 32 rows:
 [vidi] 10 3 /home/kaya/sparyser/matrices/c100.mtx_494 32 2500362 3.46823
Perman: [veni] running with 32 rows:
 [vidi] 10 3 /home/kaya/sparyser/matrices/c100.mtx_495 32 2507107 2.67347
Perman: [veni] running with 32 rows:
 [vidi] 10 3 /home/kaya/sparyser/matrices/c100.mtx_496 32 2796482 2.0397
Perman: [veni] running with 32 rows:
 [vidi] 10 3 /home/kaya/sparyser/matrices/c100.mtx_497 32 1358972 0.29535
Perman: [veni] running with 32 rows:
 [vidi] 10 3 /home/kaya/sparyser/matrices/c100.mtx_498 32 2524958 2.28387
Perman: [veni] running with 32 rows:
 [vidi] 10 3 /home/kaya/sparyser/matrices/c100.mtx_499 32 2504592 6.58462
Perman: [veni] running with 32 rows:
 [vidi] 10 3 /home/kaya/sparyser/matrices/c100.mtx_500 32 2179993 4.68254
Perman: [veni] running with 32 rows:
 [vidi] 10 3 /home/kaya/sparyser/matrices/c100.mtx_501 32 3828795 4.00454
Perman: [veni] running with 32 rows:
 [vidi] 10 3 /home/kaya/sparyser/matrices/c100.mtx_502 32 2285831 2.40699
Perman: [veni] running with 32 rows:
 [vidi] 10 3 /home/kaya/sparyser/matrices/c100.mtx_503 32 2884244 3.43102
Perman: [veni] running with 32 rows:
 [vidi] 10 3 /home/kaya/sparyser/matrices/c100.mtx_504 32 1700343 5.51418
Perman: [veni] running with 32 rows:
 [vidi] 10 3 /home/kaya/sparyser/matrices/c100.mtx_505 32 1639880 6.57177
Perman: [veni] running with 32 rows:
 [vidi] 10 3 /home/kaya/sparyser/matrices/c100.mtx_506 32 20263083 3.04529
Perman: [veni] running with 32 rows:
 [vidi] 10 3 /home/kaya/sparyser/matrices/c100.mtx_507 32 12763236 0.879445
Perman: [veni] running with 32 rows:
 [vidi] 10 3 /home/kaya/sparyser/matrices/c100.mtx_508 32 16880184 0.359468
Perman: [veni] running with 32 rows:
 [vidi] 10 3 /home/kaya/sparyser/matrices/c100.mtx_509 32 11428400 1.86532
Perman: [veni] running with 32 rows:
 [vidi] 10 3 /home/kaya/sparyser/matrices/c100.mtx_510 32 7925814 1.86641
Perman: [veni] running with 32 rows:
 [vidi] 10 3 /home/kaya/sparyser/matrices/c100.mtx_511 32 3750770 1.41647
Perman: [veni] running with 32 rows:
 [vidi] 10 3 /home/kaya/sparyser/matrices/c100.mtx_512 32 6453174 1.86633
Perman: [veni] running with 32 rows:
 [vidi] 10 3 /home/kaya/sparyser/matrices/c100.mtx_513 32 10054056 1.2244
Perman: [veni] running with 32 rows:
 [vidi] 10 3 /home/kaya/sparyser/matrices/c100.mtx_514 32 8122612 0.68307
Perman: [veni] running with 32 rows:
 [vidi] 10 3 /home/kaya/sparyser/matrices/c100.mtx_515 32 4783740 2.16075
Perman: [veni] running with 32 rows:
 [vidi] 10 3 /home/kaya/sparyser/matrices/c100.mtx_516 32 7874682 2.08268
Perman: [veni] running with 32 rows:
 [vidi] 10 3 /home/kaya/sparyser/matrices/c100.mtx_517 32 5200123 2.08538
Perman: [veni] running with 32 rows:
 [vidi] 10 3 /home/kaya/sparyser/matrices/c100.mtx_518 32 2744310 1.58312
Perman: [veni] running with 32 rows:
 [vidi] 10 3 /home/kaya/sparyser/matrices/c100.mtx_519 32 12936742 1.42001
Perman: [veni] running with 32 rows:
 [vidi] 10 3 /home/kaya/sparyser/matrices/c100.mtx_520 32 1470330 1.23047
Perman: [veni] running with 32 rows:
 [vidi] 10 3 /home/kaya/sparyser/matrices/c100.mtx_521 32 3056622 1.59342
Perman: [veni] running with 32 rows:
 [vidi] 10 3 /home/kaya/sparyser/matrices/c100.mtx_522 32 25766961 4.68309
Perman: [veni] running with 32 rows:
 [vidi] 10 3 /home/kaya/sparyser/matrices/c100.mtx_523 32 12615548 3.11812
Perman: [veni] running with 32 rows:
 [vidi] 10 3 /home/kaya/sparyser/matrices/c100.mtx_524 32 32823716 0.819
Perman: [veni] running with 32 rows:
 [vidi] 10 3 /home/kaya/sparyser/matrices/c100.mtx_525 32 17950426 4.7697
Perman: [veni] running with 32 rows:
 [vidi] 10 3 /home/kaya/sparyser/matrices/c100.mtx_526 32 9170816 3.02312
Perman: [veni] running with 32 rows:
 [vidi] 10 3 /home/kaya/sparyser/matrices/c100.mtx_527 32 22489664 1.7052
Perman: [veni] running with 32 rows:
 [vidi] 10 3 /home/kaya/sparyser/matrices/c100.mtx_528 32 10274151 3.35606
Perman: [veni] running with 32 rows:
 [vidi] 10 3 /home/kaya/sparyser/matrices/c100.mtx_529 32 1571658 1.509
Perman: [veni] running with 32 rows:
 [vidi] 10 3 /home/kaya/sparyser/matrices/c100.mtx_530 32 7379452 3.35602
Perman: [veni] running with 32 rows:
 [vidi] 10 3 /home/kaya/sparyser/matrices/c100.mtx_531 32 981636 1.58795
Perman: [veni] running with 32 rows:
 [vidi] 10 3 /home/kaya/sparyser/matrices/c100.mtx_532 32 8670253 1.24519
Perman: [veni] running with 32 rows:
 [vidi] 10 3 /home/kaya/sparyser/matrices/c100.mtx_533 32 18784062 1.7617
Perman: [veni] running with 32 rows:
 [vidi] 10 3 /home/kaya/sparyser/matrices/c100.mtx_534 32 8053566 2.25896
Perman: [veni] running with 32 rows:
 [vidi] 10 3 /home/kaya/sparyser/matrices/c100.mtx_535 32 17590892 0.878367
Perman: [veni] running with 32 rows:
 [vidi] 10 3 /home/kaya/sparyser/matrices/c100.mtx_536 32 22842230 2.50771
Perman: [veni] running with 32 rows:
 [vidi] 10 3 /home/kaya/sparyser/matrices/c100.mtx_537 32 5545600 1.54814
Perman: [veni] running with 32 rows:
 [vidi] 10 3 /home/kaya/sparyser/matrices/c100.mtx_538 32 4638607 4.08359
Perman: [veni] running with 32 rows:
 [vidi] 10 3 /home/kaya/sparyser/matrices/c100.mtx_539 32 8313240 3.04745
Perman: [veni] running with 32 rows:
 [vidi] 10 3 /home/kaya/sparyser/matrices/c100.mtx_540 32 556984 1.03711
Perman: [veni] running with 32 rows:
 [vidi] 10 3 /home/kaya/sparyser/matrices/c100.mtx_541 32 12824539 2.79807
Perman: [veni] running with 32 rows:
 [vidi] 10 3 /home/kaya/sparyser/matrices/c100.mtx_542 32 1541172 1.50505
Perman: [veni] running with 32 rows:
 [vidi] 10 3 /home/kaya/sparyser/matrices/c100.mtx_543 32 9205375 2.80365
Perman: [veni] running with 32 rows:
 [vidi] 10 3 /home/kaya/sparyser/matrices/c100.mtx_544 32 958708 1.17453
Perman: [veni] running with 32 rows:
 [vidi] 10 3 /home/kaya/sparyser/matrices/c100.mtx_545 32 2718005 2.7989
Perman: [veni] running with 32 rows:
 [vidi] 10 3 /home/kaya/sparyser/matrices/c100.mtx_546 32 1801930 2.11272
Perman: [veni] running with 32 rows:
 [vidi] 10 3 /home/kaya/sparyser/matrices/c100.mtx_547 32 5598469 3.278
Perman: [veni] running with 32 rows:
 [vidi] 10 3 /home/kaya/sparyser/matrices/c100.mtx_548 32 10684119 2.95676
Perman: [veni] running with 32 rows:
 [vidi] 10 3 /home/kaya/sparyser/matrices/c100.mtx_549 32 559936 0.235344
Perman: [veni] running with 32 rows:
 [vidi] 10 3 /home/kaya/sparyser/matrices/c100.mtx_550 32 3025120 4.00072
Perman: [veni] running with 32 rows:
 [vidi] 10 3 /home/kaya/sparyser/matrices/c100.mtx_551 32 9827070 3.0348
Perman: [veni] running with 32 rows:
 [vidi] 10 3 /home/kaya/sparyser/matrices/c100.mtx_552 32 12944119 4.51609
Perman: [veni] running with 32 rows:
 [vidi] 10 3 /home/kaya/sparyser/matrices/c100.mtx_553 32 4219930 2.33422
Perman: [veni] running with 32 rows:
 [vidi] 10 3 /home/kaya/sparyser/matrices/c100.mtx_554 32 11204220 0.818319
Perman: [veni] running with 32 rows:
 [vidi] 10 3 /home/kaya/sparyser/matrices/c100.mtx_555 32 13840800 2.72369
Perman: [veni] running with 32 rows:
 [vidi] 10 3 /home/kaya/sparyser/matrices/c100.mtx_556 32 7394650 2.09634
Perman: [veni] running with 32 rows:
 [vidi] 10 3 /home/kaya/sparyser/matrices/c100.mtx_557 32 1848390 1.55211
Perman: [veni] running with 32 rows:
 [vidi] 10 3 /home/kaya/sparyser/matrices/c100.mtx_558 32 24850960 2.5745
Perman: [veni] running with 32 rows:
 [vidi] 10 3 /home/kaya/sparyser/matrices/c100.mtx_559 32 6062470 5.32281
Perman: [veni] running with 32 rows:
 [vidi] 10 3 /home/kaya/sparyser/matrices/c100.mtx_560 32 7640276 5.32087
Perman: [veni] running with 32 rows:
 [vidi] 10 3 /home/kaya/sparyser/matrices/c100.mtx_561 32 8937424 3.99514
Perman: [veni] running with 32 rows:
 [vidi] 10 3 /home/kaya/sparyser/matrices/c100.mtx_562 32 6532384 3.19326
Perman: [veni] running with 32 rows:
 [vidi] 10 3 /home/kaya/sparyser/matrices/c100.mtx_563 32 7760680 2.5081
Perman: [veni] running with 32 rows:
 [vidi] 10 3 /home/kaya/sparyser/matrices/c100.mtx_564 32 5851170 2.22433
Perman: [veni] running with 32 rows:
 [vidi] 10 3 /home/kaya/sparyser/matrices/c100.mtx_565 32 132280 4.16265
Perman: [veni] running with 32 rows:
 [vidi] 10 3 /home/kaya/sparyser/matrices/c100.mtx_566 32 16081980 1.50751
Perman: [veni] running with 32 rows:
 [vidi] 10 3 /home/kaya/sparyser/matrices/c100.mtx_567 32 7553230 3.48651
Perman: [veni] running with 32 rows:
 [vidi] 10 3 /home/kaya/sparyser/matrices/c100.mtx_568 32 9729531 3.48661
Perman: [veni] running with 32 rows:
 [vidi] 10 3 /home/kaya/sparyser/matrices/c100.mtx_569 32 2895824 4.11151
Perman: [veni] running with 32 rows:
 [vidi] 10 3 /home/kaya/sparyser/matrices/c100.mtx_570 32 8618879 4.29958
Perman: [veni] running with 32 rows:
 [vidi] 10 3 /home/kaya/sparyser/matrices/c100.mtx_571 32 3024896 2.00343
Perman: [veni] running with 32 rows:
 [vidi] 10 3 /home/kaya/sparyser/matrices/c100.mtx_572 32 2204959 3.60336
Perman: [veni] running with 32 rows:
 [vidi] 10 3 /home/kaya/sparyser/matrices/c100.mtx_573 32 10386144 1.19987
Perman: [veni] running with 32 rows:
 [vidi] 10 3 /home/kaya/sparyser/matrices/c100.mtx_574 32 7273028 2.67418
Perman: [veni] running with 32 rows:
 [vidi] 10 3 /home/kaya/sparyser/matrices/c100.mtx_575 32 3548876 1.652
Perman: [veni] running with 32 rows:
 [vidi] 10 3 /home/kaya/sparyser/matrices/c100.mtx_576 32 2223690 1.20789
Perman: [veni] running with 32 rows:
 [vidi] 10 3 /home/kaya/sparyser/matrices/c100.mtx_577 32 2397563 3.30902
Perman: [veni] running with 32 rows:
 [vidi] 10 3 /home/kaya/sparyser/matrices/c100.mtx_578 32 16012740 3.11231
Perman: [veni] running with 32 rows:
 [vidi] 10 3 /home/kaya/sparyser/matrices/c100.mtx_579 32 8218676 1.41719
Perman: [veni] running with 32 rows:
 [vidi] 10 3 /home/kaya/sparyser/matrices/c100.mtx_580 32 6898774 1.39015
Perman: [veni] running with 32 rows:
 [vidi] 10 3 /home/kaya/sparyser/matrices/c100.mtx_581 32 7705508 0.846455
Perman: [veni] running with 32 rows:
 [vidi] 10 3 /home/kaya/sparyser/matrices/c100.mtx_582 32 4162624 2.12366
Perman: [veni] running with 32 rows:
 [vidi] 10 3 /home/kaya/sparyser/matrices/c100.mtx_583 32 4643743 1.12343
Perman: [veni] running with 32 rows:
 [vidi] 10 3 /home/kaya/sparyser/matrices/c100.mtx_584 32 3295046 1.52841
Perman: [veni] running with 32 rows:
 [vidi] 10 3 /home/kaya/sparyser/matrices/c100.mtx_585 32 1564808 1.63406
Perman: [veni] running with 32 rows:
 [vidi] 10 3 /home/kaya/sparyser/matrices/c100.mtx_586 32 4608312 2.02761
Perman: [veni] running with 32 rows:
 [vidi] 10 3 /home/kaya/sparyser/matrices/c100.mtx_587 32 892416 0.538609
Perman: [veni] running with 32 rows:
 [vidi] 10 3 /home/kaya/sparyser/matrices/c100.mtx_588 32 7793439 6.15496
Perman: [veni] running with 32 rows:
 [vidi] 10 3 /home/kaya/sparyser/matrices/c100.mtx_589 32 5614825 2.33224
Perman: [veni] running with 32 rows:
 [vidi] 10 3 /home/kaya/sparyser/matrices/c100.mtx_590 32 8022900 1.3203
Perman: [veni] running with 32 rows:
 [vidi] 10 3 /home/kaya/sparyser/matrices/c100.mtx_591 32 8803000 0.878638
Perman: [veni] running with 32 rows:
 [vidi] 10 3 /home/kaya/sparyser/matrices/c100.mtx_592 32 5325302 2.70333
Perman: [veni] running with 32 rows:
 [vidi] 10 3 /home/kaya/sparyser/matrices/c100.mtx_593 32 2977296 1.78142
Perman: [veni] running with 32 rows:
 [vidi] 10 3 /home/kaya/sparyser/matrices/c100.mtx_594 32 5209504 0.772883
Perman: [veni] running with 32 rows:
 [vidi] 10 3 /home/kaya/sparyser/matrices/c100.mtx_595 32 8217910 4.24285
Perman: [veni] running with 32 rows:
 [vidi] 10 3 /home/kaya/sparyser/matrices/c100.mtx_596 32 5948923 1.27789
Perman: [veni] running with 32 rows:
 [vidi] 10 3 /home/kaya/sparyser/matrices/c100.mtx_597 32 1080720 1.06145
Perman: [veni] running with 32 rows:
 [vidi] 10 3 /home/kaya/sparyser/matrices/c100.mtx_598 32 3030570 1.89832
Perman: [veni] running with 32 rows:
 [vidi] 10 3 /home/kaya/sparyser/matrices/c100.mtx_599 32 22961548 3.23586
Perman: [veni] running with 32 rows:
 [vidi] 10 3 /home/kaya/sparyser/matrices/c100.mtx_600 32 23502772 2.59207
Perman: [veni] running with 32 rows:
 [vidi] 10 3 /home/kaya/sparyser/matrices/c100.mtx_601 32 6025324 2.61742
Perman: [veni] running with 32 rows:
 [vidi] 10 3 /home/kaya/sparyser/matrices/c100.mtx_602 32 31258159 4.86391
Perman: [veni] running with 32 rows:
 [vidi] 10 3 /home/kaya/sparyser/matrices/c100.mtx_603 32 3223106 1.83403
Perman: [veni] running with 32 rows:
 [vidi] 10 3 /home/kaya/sparyser/matrices/c100.mtx_604 32 5603936 2.34185
Perman: [veni] running with 32 rows:
 [vidi] 10 3 /home/kaya/sparyser/matrices/c100.mtx_605 32 1015094 4.19003
Perman: [veni] running with 32 rows:
 [vidi] 10 3 /home/kaya/sparyser/matrices/c100.mtx_606 32 1682604 4.90205
Perman: [veni] running with 32 rows:
 [vidi] 10 3 /home/kaya/sparyser/matrices/c100.mtx_607 32 4389990 3.60752
Perman: [veni] running with 32 rows:
 [vidi] 10 3 /home/kaya/sparyser/matrices/c100.mtx_608 32 13416473 4.55181
Perman: [veni] running with 32 rows:
 [vidi] 10 3 /home/kaya/sparyser/matrices/c100.mtx_609 32 7279472 3.06378
Perman: [veni] running with 32 rows:
 [vidi] 10 3 /home/kaya/sparyser/matrices/c100.mtx_610 32 1443071 5.53251
Perman: [veni] running with 32 rows:
 [vidi] 10 3 /home/kaya/sparyser/matrices/c100.mtx_611 32 3426967 3.39513
Perman: [veni] running with 32 rows:
 [vidi] 10 3 /home/kaya/sparyser/matrices/c100.mtx_612 32 284808 0.988465
Perman: [veni] running with 32 rows:
 [vidi] 10 3 /home/kaya/sparyser/matrices/c100.mtx_613 32 7154291 5.43923
Perman: [veni] running with 32 rows:
 [vidi] 10 3 /home/kaya/sparyser/matrices/c100.mtx_614 32 785122 2.71628
Perman: [veni] running with 32 rows:
 [vidi] 10 3 /home/kaya/sparyser/matrices/c100.mtx_615 32 9812219 4.99206
Perman: [veni] running with 32 rows:
 [vidi] 10 3 /home/kaya/sparyser/matrices/c100.mtx_616 32 6041212 4.19694
Perman: [veni] running with 32 rows:
 [vidi] 10 3 /home/kaya/sparyser/matrices/c100.mtx_617 32 1742932 4.4291
Perman: [veni] running with 32 rows:
 [vidi] 10 3 /home/kaya/sparyser/matrices/c100.mtx_618 32 4225960 5.31962
Perman: [veni] running with 32 rows:
 [vidi] 10 3 /home/kaya/sparyser/matrices/c100.mtx_619 32 13891596 3.9529
Perman: [veni] running with 32 rows:
 [vidi] 10 3 /home/kaya/sparyser/matrices/c100.mtx_620 32 2207190 6.10645
Perman: [veni] running with 32 rows:
 [vidi] 10 3 /home/kaya/sparyser/matrices/c100.mtx_621 32 8524020 4.12769
Perman: [veni] running with 32 rows:
 [vidi] 10 3 /home/kaya/sparyser/matrices/c100.mtx_622 32 5135304 4.26886
Perman: [veni] running with 32 rows:
 [vidi] 10 3 /home/kaya/sparyser/matrices/c100.mtx_623 32 1454574 4.79145
Perman: [veni] running with 32 rows:
 [vidi] 10 3 /home/kaya/sparyser/matrices/c100.mtx_624 32 3846476 4.17035
Perman: [veni] running with 32 rows:
 [vidi] 10 3 /home/kaya/sparyser/matrices/c100.mtx_625 32 6343942 4.36467
Perman: [veni] running with 32 rows:
 [vidi] 10 3 /home/kaya/sparyser/matrices/c100.mtx_626 32 3306596 1.93318
Perman: [veni] running with 32 rows:
 [vidi] 10 3 /home/kaya/sparyser/matrices/c100.mtx_627 32 1508579 5.27785
Perman: [veni] running with 32 rows:
 [vidi] 10 3 /home/kaya/sparyser/matrices/c100.mtx_628 32 22393468 3.52888
Perman: [veni] running with 32 rows:
 [vidi] 10 3 /home/kaya/sparyser/matrices/c100.mtx_629 32 9166536 3.38815
Perman: [veni] running with 32 rows:
 [vidi] 10 3 /home/kaya/sparyser/matrices/c100.mtx_630 32 3790811 8.39202
Perman: [veni] running with 32 rows:
 [vidi] 10 3 /home/kaya/sparyser/matrices/c100.mtx_631 32 35202735 4.13281
Perman: [veni] running with 32 rows:
 [vidi] 10 3 /home/kaya/sparyser/matrices/c100.mtx_632 32 14666144 3.98364
Perman: [veni] running with 32 rows:
 [vidi] 10 3 /home/kaya/sparyser/matrices/c100.mtx_633 32 6313055 4.77352
Perman: [veni] running with 32 rows:
 [vidi] 10 3 /home/kaya/sparyser/matrices/c100.mtx_634 32 10678340 2.4482
Perman: [veni] running with 32 rows:
 [vidi] 10 3 /home/kaya/sparyser/matrices/c100.mtx_635 32 3138812 1.96613
Perman: [veni] running with 32 rows:
 [vidi] 10 3 /home/kaya/sparyser/matrices/c100.mtx_636 32 1849352 3.39237
Perman: [veni] running with 32 rows:
 [vidi] 10 3 /home/kaya/sparyser/matrices/c100.mtx_637 32 8707316 3.20766
Perman: [veni] running with 32 rows:
 [vidi] 10 3 /home/kaya/sparyser/matrices/c100.mtx_638 32 1468160 2.42562
Perman: [veni] running with 32 rows:
 [vidi] 10 3 /home/kaya/sparyser/matrices/c100.mtx_639 32 4532048 2.76241
Perman: [veni] running with 32 rows:
 [vidi] 10 3 /home/kaya/sparyser/matrices/c100.mtx_640 32 9038684 3.25038
Perman: [veni] running with 32 rows:
 [vidi] 10 3 /home/kaya/sparyser/matrices/c100.mtx_641 32 2926620 5.55628
Perman: [veni] running with 32 rows:
 [vidi] 10 3 /home/kaya/sparyser/matrices/c100.mtx_642 32 12666830 5.34114
Perman: [veni] running with 32 rows:
 [vidi] 10 3 /home/kaya/sparyser/matrices/c100.mtx_643 32 5067454 5.22959
Perman: [veni] running with 32 rows:
 [vidi] 10 3 /home/kaya/sparyser/matrices/c100.mtx_644 32 3049092 3.3414
Perman: [veni] running with 32 rows:
 [vidi] 10 3 /home/kaya/sparyser/matrices/c100.mtx_645 32 5345452 4.19263
Perman: [veni] running with 32 rows:
 [vidi] 10 3 /home/kaya/sparyser/matrices/c100.mtx_646 32 8445380 2.78626
Perman: [veni] running with 32 rows:
 [vidi] 10 3 /home/kaya/sparyser/matrices/c100.mtx_647 32 4386484 4.3985
Perman: [veni] running with 32 rows:
 [vidi] 10 3 /home/kaya/sparyser/matrices/c100.mtx_648 32 1656570 5.24088
Perman: [veni] running with 32 rows:
 [vidi] 10 3 /home/kaya/sparyser/matrices/c100.mtx_649 32 14238697 1.7848
Perman: [veni] running with 32 rows:
 [vidi] 10 3 /home/kaya/sparyser/matrices/c100.mtx_650 32 1068810 2.22785
Perman: [veni] running with 32 rows:
