Number of rows/cols is 100
Number of nnz is    300
#d1 vertices: 0
#d2 vertices: 0
min degree: 3
************************************************************************
Algo is 10
Compress matrix 0
Apply Dulmage-Mendehlson 0
Sorting 0
Single run 0
************************************************************************
Perman: [veni] running with 32 rows:
 [vidi] 10 0 /home/kaya/sparyser/matrices/c100.mtx_0 32 29785128 3.34992
Perman: [veni] running with 32 rows:
 [vidi] 10 0 /home/kaya/sparyser/matrices/c100.mtx_1 32 39257134 3.30713
Perman: [veni] running with 32 rows:
 [vidi] 10 0 /home/kaya/sparyser/matrices/c100.mtx_2 32 6606746 6.02708
Perman: [veni] running with 32 rows:
 [vidi] 10 0 /home/kaya/sparyser/matrices/c100.mtx_3 32 31815500 4.29939
Perman: [veni] running with 32 rows:
 [vidi] 10 0 /home/kaya/sparyser/matrices/c100.mtx_4 32 4255630 2.19626
Perman: [veni] running with 32 rows:
 [vidi] 10 0 /home/kaya/sparyser/matrices/c100.mtx_5 32 4209238 2.05588
Perman: [veni] running with 32 rows:
 [vidi] 10 0 /home/kaya/sparyser/matrices/c100.mtx_6 32 4024428 2.1912
Perman: [veni] running with 32 rows:
 [vidi] 10 0 /home/kaya/sparyser/matrices/c100.mtx_7 32 1233349 6.54462
Perman: [veni] running with 32 rows:
 [vidi] 10 0 /home/kaya/sparyser/matrices/c100.mtx_8 32 1590164 3.98773
Perman: [veni] running with 32 rows:
 [vidi] 10 0 /home/kaya/sparyser/matrices/c100.mtx_9 32 4846244 4.59423
Perman: [veni] running with 32 rows:
 [vidi] 10 0 /home/kaya/sparyser/matrices/c100.mtx_10 32 422746 1.56523
Perman: [veni] running with 32 rows:
 [vidi] 10 0 /home/kaya/sparyser/matrices/c100.mtx_11 32 15545562 3.48819
Perman: [veni] running with 32 rows:
 [vidi] 10 0 /home/kaya/sparyser/matrices/c100.mtx_12 32 10536297 3.53349
Perman: [veni] running with 32 rows:
 [vidi] 10 0 /home/kaya/sparyser/matrices/c100.mtx_13 32 714901 7.66014
Perman: [veni] running with 32 rows:
 [vidi] 10 0 /home/kaya/sparyser/matrices/c100.mtx_14 32 2924440 5.26538
Perman: [veni] running with 32 rows:
 [vidi] 10 0 /home/kaya/sparyser/matrices/c100.mtx_15 32 174420 2.96068
Perman: [veni] running with 32 rows:
 [vidi] 10 0 /home/kaya/sparyser/matrices/c100.mtx_16 32 3377572 4.07254
Perman: [veni] running with 32 rows:
 [vidi] 10 0 /home/kaya/sparyser/matrices/c100.mtx_17 32 7130140 3.84716
Perman: [veni] running with 32 rows:
 [vidi] 10 0 /home/kaya/sparyser/matrices/c100.mtx_18 32 474654 5.85381
Perman: [veni] running with 32 rows:
 [vidi] 10 0 /home/kaya/sparyser/matrices/c100.mtx_19 32 12863940 3.46509
Perman: [veni] running with 32 rows:
 [vidi] 10 0 /home/kaya/sparyser/matrices/c100.mtx_20 32 8894198 3.56864
Perman: [veni] running with 32 rows:
 [vidi] 10 0 /home/kaya/sparyser/matrices/c100.mtx_21 32 1877887 6.50047
Perman: [veni] running with 32 rows:
 [vidi] 10 0 /home/kaya/sparyser/matrices/c100.mtx_22 32 7567788 3.55114
Perman: [veni] running with 32 rows:
 [vidi] 10 0 /home/kaya/sparyser/matrices/c100.mtx_23 32 18007786 4.7983
Perman: [veni] running with 32 rows:
 [vidi] 10 0 /home/kaya/sparyser/matrices/c100.mtx_24 32 4147708 4.79346
Perman: [veni] running with 32 rows:
 [vidi] 10 0 /home/kaya/sparyser/matrices/c100.mtx_25 32 2859149 7.57807
Perman: [veni] running with 32 rows:
 [vidi] 10 0 /home/kaya/sparyser/matrices/c100.mtx_26 32 10900558 3.34693
Perman: [veni] running with 32 rows:
 [vidi] 10 0 /home/kaya/sparyser/matrices/c100.mtx_27 32 7221164 3.34851
Perman: [veni] running with 32 rows:
 [vidi] 10 0 /home/kaya/sparyser/matrices/c100.mtx_28 32 1239555 5.85708
Perman: [veni] running with 32 rows:
 [vidi] 10 0 /home/kaya/sparyser/matrices/c100.mtx_29 32 6341713 3.37664
Perman: [veni] running with 32 rows:
 [vidi] 10 0 /home/kaya/sparyser/matrices/c100.mtx_30 32 9467817 4.52227
Perman: [veni] running with 32 rows:
 [vidi] 10 0 /home/kaya/sparyser/matrices/c100.mtx_31 32 1640314 2.01048
Perman: [veni] running with 32 rows:
 [vidi] 10 0 /home/kaya/sparyser/matrices/c100.mtx_32 32 3942844 3.37249
Perman: [veni] running with 32 rows:
 [vidi] 10 0 /home/kaya/sparyser/matrices/c100.mtx_33 32 1494454 6.6884
Perman: [veni] running with 32 rows:
 [vidi] 10 0 /home/kaya/sparyser/matrices/c100.mtx_34 32 27939464 2.17961
Perman: [veni] running with 32 rows:
 [vidi] 10 0 /home/kaya/sparyser/matrices/c100.mtx_35 32 19638548 2.21136
Perman: [veni] running with 32 rows:
 [vidi] 10 0 /home/kaya/sparyser/matrices/c100.mtx_36 32 5203708 8.33988
Perman: [veni] running with 32 rows:
 [vidi] 10 0 /home/kaya/sparyser/matrices/c100.mtx_37 32 45181143 2.32235
Perman: [veni] running with 32 rows:
 [vidi] 10 0 /home/kaya/sparyser/matrices/c100.mtx_38 32 30956944 2.32155
Perman: [veni] running with 32 rows:
 [vidi] 10 0 /home/kaya/sparyser/matrices/c100.mtx_39 32 8598898 5.94293
Perman: [veni] running with 32 rows:
 [vidi] 10 0 /home/kaya/sparyser/matrices/c100.mtx_40 32 9760490 3.21141
Perman: [veni] running with 32 rows:
 [vidi] 10 0 /home/kaya/sparyser/matrices/c100.mtx_41 32 6454176 3.11332
Perman: [veni] running with 32 rows:
 [vidi] 10 0 /home/kaya/sparyser/matrices/c100.mtx_42 32 1915528 6.17409
Perman: [veni] running with 32 rows:
 [vidi] 10 0 /home/kaya/sparyser/matrices/c100.mtx_43 32 13860150 3.35657
Perman: [veni] running with 32 rows:
 [vidi] 10 0 /home/kaya/sparyser/matrices/c100.mtx_44 32 1949998 2.12986
Perman: [veni] running with 32 rows:
 [vidi] 10 0 /home/kaya/sparyser/matrices/c100.mtx_45 32 7288542 3.54808
Perman: [veni] running with 32 rows:
 [vidi] 10 0 /home/kaya/sparyser/matrices/c100.mtx_46 32 2936952 1.81746
Perman: [veni] running with 32 rows:
 [vidi] 10 0 /home/kaya/sparyser/matrices/c100.mtx_47 32 19915280 2.69374
Perman: [veni] running with 32 rows:
 [vidi] 10 0 /home/kaya/sparyser/matrices/c100.mtx_48 32 5077435 7.27603
Perman: [veni] running with 32 rows:
 [vidi] 10 0 /home/kaya/sparyser/matrices/c100.mtx_49 32 14175580 4.80215
Perman: [veni] running with 32 rows:
 [vidi] 10 0 /home/kaya/sparyser/matrices/c100.mtx_50 32 10215851 5.17761
Perman: [veni] running with 32 rows:
 [vidi] 10 0 /home/kaya/sparyser/matrices/c100.mtx_51 32 3021516 5.48525
Perman: [veni] running with 32 rows:
 [vidi] 10 0 /home/kaya/sparyser/matrices/c100.mtx_52 32 3167749 4.77827
Perman: [veni] running with 32 rows:
 [vidi] 10 0 /home/kaya/sparyser/matrices/c100.mtx_53 32 6344110 4.72744
Perman: [veni] running with 32 rows:
 [vidi] 10 0 /home/kaya/sparyser/matrices/c100.mtx_54 32 11631228 2.19892
Perman: [veni] running with 32 rows:
 [vidi] 10 0 /home/kaya/sparyser/matrices/c100.mtx_55 32 8085401 2.3083
Perman: [veni] running with 32 rows:
 [vidi] 10 0 /home/kaya/sparyser/matrices/c100.mtx_56 32 2299820 7.08137
Perman: [veni] running with 32 rows:
 [vidi] 10 0 /home/kaya/sparyser/matrices/c100.mtx_57 32 26468736 4.40095
Perman: [veni] running with 32 rows:
 [vidi] 10 0 /home/kaya/sparyser/matrices/c100.mtx_58 32 352309 2.92816
Perman: [veni] running with 32 rows:
 [vidi] 10 0 /home/kaya/sparyser/matrices/c100.mtx_59 32 951827 3.27313
Perman: [veni] running with 32 rows:
 [vidi] 10 0 /home/kaya/sparyser/matrices/c100.mtx_60 32 18642160 1.2729
Perman: [veni] running with 32 rows:
 [vidi] 10 0 /home/kaya/sparyser/matrices/c100.mtx_61 32 12535754 1.20933
Perman: [veni] running with 32 rows:
 [vidi] 10 0 /home/kaya/sparyser/matrices/c100.mtx_62 32 3724810 3.8954
Perman: [veni] running with 32 rows:
 [vidi] 10 0 /home/kaya/sparyser/matrices/c100.mtx_63 32 36052797 4.54122
Perman: [veni] running with 32 rows:
 [vidi] 10 0 /home/kaya/sparyser/matrices/c100.mtx_64 32 2800090 1.65525
Perman: [veni] running with 32 rows:
 [vidi] 10 0 /home/kaya/sparyser/matrices/c100.mtx_65 32 478718 0.907411
Perman: [veni] running with 32 rows:
 [vidi] 10 0 /home/kaya/sparyser/matrices/c100.mtx_66 32 8138466 3.89888
Perman: [veni] running with 32 rows:
 [vidi] 10 0 /home/kaya/sparyser/matrices/c100.mtx_67 32 12673297 5.18706
Perman: [veni] running with 32 rows:
 [vidi] 10 0 /home/kaya/sparyser/matrices/c100.mtx_68 32 2019466 5.00773
Perman: [veni] running with 32 rows:
 [vidi] 10 0 /home/kaya/sparyser/matrices/c100.mtx_69 32 9486002 3.37102
Perman: [veni] running with 32 rows:
 [vidi] 10 0 /home/kaya/sparyser/matrices/c100.mtx_70 32 16230466 1.74997
Perman: [veni] running with 32 rows:
 [vidi] 10 0 /home/kaya/sparyser/matrices/c100.mtx_71 32 6655075 3.39116
Perman: [veni] running with 32 rows:
 [vidi] 10 0 /home/kaya/sparyser/matrices/c100.mtx_72 32 11475498 1.73375
Perman: [veni] running with 32 rows:
 [vidi] 10 0 /home/kaya/sparyser/matrices/c100.mtx_73 32 4471884 6.43637
Perman: [veni] running with 32 rows:
 [vidi] 10 0 /home/kaya/sparyser/matrices/c100.mtx_74 32 3233392 3.75692
Perman: [veni] running with 32 rows:
 [vidi] 10 0 /home/kaya/sparyser/matrices/c100.mtx_75 32 6645062 1.23713
Perman: [veni] running with 32 rows:
 [vidi] 10 0 /home/kaya/sparyser/matrices/c100.mtx_76 32 2639422 3.08813
Perman: [veni] running with 32 rows:
 [vidi] 10 0 /home/kaya/sparyser/matrices/c100.mtx_77 32 6185604 1.23442
Perman: [veni] running with 32 rows:
 [vidi] 10 0 /home/kaya/sparyser/matrices/c100.mtx_78 32 13311323 5.23559
Perman: [veni] running with 32 rows:
 [vidi] 10 0 /home/kaya/sparyser/matrices/c100.mtx_79 32 3134074 8.41768
Perman: [veni] running with 32 rows:
 [vidi] 10 0 /home/kaya/sparyser/matrices/c100.mtx_80 32 15037003 4.38166
Perman: [veni] running with 32 rows:
 [vidi] 10 0 /home/kaya/sparyser/matrices/c100.mtx_81 32 26322780 1.90595
Perman: [veni] running with 32 rows:
 [vidi] 10 0 /home/kaya/sparyser/matrices/c100.mtx_82 32 10324436 4.37458
Perman: [veni] running with 32 rows:
 [vidi] 10 0 /home/kaya/sparyser/matrices/c100.mtx_83 32 18113964 1.89314
Perman: [veni] running with 32 rows:
 [vidi] 10 0 /home/kaya/sparyser/matrices/c100.mtx_84 32 3701060 5.66467
Perman: [veni] running with 32 rows:
 [vidi] 10 0 /home/kaya/sparyser/matrices/c100.mtx_85 32 2621530 5.76323
Perman: [veni] running with 32 rows:
 [vidi] 10 0 /home/kaya/sparyser/matrices/c100.mtx_86 32 5375956 3.88759
Perman: [veni] running with 32 rows:
 [vidi] 10 0 /home/kaya/sparyser/matrices/c100.mtx_87 32 11086828 1.36201
Perman: [veni] running with 32 rows:
 [vidi] 10 0 /home/kaya/sparyser/matrices/c100.mtx_88 32 13541639 3.68589
Perman: [veni] running with 32 rows:
 [vidi] 10 0 /home/kaya/sparyser/matrices/c100.mtx_89 32 17593824 3.13342
Perman: [veni] running with 32 rows:
 [vidi] 10 0 /home/kaya/sparyser/matrices/c100.mtx_90 32 4281505 5.29259
Perman: [veni] running with 32 rows:
 [vidi] 10 0 /home/kaya/sparyser/matrices/c100.mtx_91 32 5195790 6.42362
Perman: [veni] running with 32 rows:
 [vidi] 10 0 /home/kaya/sparyser/matrices/c100.mtx_92 32 10379064 1.74231
Perman: [veni] running with 32 rows:
 [vidi] 10 0 /home/kaya/sparyser/matrices/c100.mtx_93 32 3672590 6.39204
Perman: [veni] running with 32 rows:
 [vidi] 10 0 /home/kaya/sparyser/matrices/c100.mtx_94 32 7296332 1.74326
Perman: [veni] running with 32 rows:
 [vidi] 10 0 /home/kaya/sparyser/matrices/c100.mtx_95 32 515318 6.42769
Perman: [veni] running with 32 rows:
 [vidi] 10 0 /home/kaya/sparyser/matrices/c100.mtx_96 32 6076564 3.541
Perman: [veni] running with 32 rows:
 [vidi] 10 0 /home/kaya/sparyser/matrices/c100.mtx_97 32 4528100 4.37904
Perman: [veni] running with 32 rows:
 [vidi] 10 0 /home/kaya/sparyser/matrices/c100.mtx_98 32 7798952 2.62078
Perman: [veni] running with 32 rows:
 [vidi] 10 0 /home/kaya/sparyser/matrices/c100.mtx_99 32 352585 7.58296
Perman: [veni] running with 32 rows:
 [vidi] 10 0 /home/kaya/sparyser/matrices/c100.mtx_100 32 12575419 6.61073
Perman: [veni] running with 32 rows:
 [vidi] 10 0 /home/kaya/sparyser/matrices/c100.mtx_101 32 14332608 1.86149
Perman: [veni] running with 32 rows:
 [vidi] 10 0 /home/kaya/sparyser/matrices/c100.mtx_102 32 3013295 3.15233
Perman: [veni] running with 32 rows:
 [vidi] 10 0 /home/kaya/sparyser/matrices/c100.mtx_103 32 3245088 4.75659
Perman: [veni] running with 32 rows:
 [vidi] 10 0 /home/kaya/sparyser/matrices/c100.mtx_104 32 16066969 6.62527
Perman: [veni] running with 32 rows:
 [vidi] 10 0 /home/kaya/sparyser/matrices/c100.mtx_105 32 18682864 2.03458
Perman: [veni] running with 32 rows:
 [vidi] 10 0 /home/kaya/sparyser/matrices/c100.mtx_106 32 3013295 3.61285
Perman: [veni] running with 32 rows:
 [vidi] 10 0 /home/kaya/sparyser/matrices/c100.mtx_107 32 4056359 5.61771
Perman: [veni] running with 32 rows:
 [vidi] 10 0 /home/kaya/sparyser/matrices/c100.mtx_108 32 2842127 8.67367
Perman: [veni] running with 32 rows:
 [vidi] 10 0 /home/kaya/sparyser/matrices/c100.mtx_109 32 3678047 8.67286
Perman: [veni] running with 32 rows:
 [vidi] 10 0 /home/kaya/sparyser/matrices/c100.mtx_110 32 6476028 4.08018
Perman: [veni] running with 32 rows:
 [vidi] 10 0 /home/kaya/sparyser/matrices/c100.mtx_111 32 20866164 3.45955
Perman: [veni] running with 32 rows:
 [vidi] 10 0 /home/kaya/sparyser/matrices/c100.mtx_112 32 595616 1.62849
Perman: [veni] running with 32 rows:
 [vidi] 10 0 /home/kaya/sparyser/matrices/c100.mtx_113 32 1738439 3.50724
Perman: [veni] running with 32 rows:
 [vidi] 10 0 /home/kaya/sparyser/matrices/c100.mtx_114 32 4056359 5.51354
Perman: [veni] running with 32 rows:
 [vidi] 10 0 /home/kaya/sparyser/matrices/c100.mtx_115 32 2284847 8.68557
Perman: [veni] running with 32 rows:
 [vidi] 10 0 /home/kaya/sparyser/matrices/c100.mtx_116 32 3145790 4.11727
Perman: [veni] running with 32 rows:
 [vidi] 10 0 /home/kaya/sparyser/matrices/c100.mtx_117 32 4671023 2.6664
Perman: [veni] running with 32 rows:
 [vidi] 10 0 /home/kaya/sparyser/matrices/c100.mtx_118 32 3241118 4.51621
Perman: [veni] running with 32 rows:
 [vidi] 10 0 /home/kaya/sparyser/matrices/c100.mtx_119 32 6672889 2.87856
Perman: [veni] running with 32 rows:
 [vidi] 10 0 /home/kaya/sparyser/matrices/c100.mtx_120 32 0 8.68102
Perman: [veni] running with 32 rows:
 [vidi] 10 0 /home/kaya/sparyser/matrices/c100.mtx_121 32 1906540 0.290809
Perman: [veni] running with 32 rows:
 [vidi] 10 0 /home/kaya/sparyser/matrices/c100.mtx_122 32 5338312 0.365268
Perman: [veni] running with 32 rows:
 [vidi] 10 0 /home/kaya/sparyser/matrices/c100.mtx_123 32 29092161 3.78489
Perman: [veni] running with 32 rows:
 [vidi] 10 0 /home/kaya/sparyser/matrices/c100.mtx_124 32 3003146 1.48889
Perman: [veni] running with 32 rows:
 [vidi] 10 0 /home/kaya/sparyser/matrices/c100.mtx_125 32 12975006 4.109
Perman: [veni] running with 32 rows:
 [vidi] 10 0 /home/kaya/sparyser/matrices/c100.mtx_126 32 5147361 2.14429
Perman: [veni] running with 32 rows:
 [vidi] 10 0 /home/kaya/sparyser/matrices/c100.mtx_127 32 546216 1.20362
Perman: [veni] running with 32 rows:
 [vidi] 10 0 /home/kaya/sparyser/matrices/c100.mtx_128 32 524536 2.99149
Perman: [veni] running with 32 rows:
 [vidi] 10 0 /home/kaya/sparyser/matrices/c100.mtx_129 32 1907801 3.12762
Perman: [veni] running with 32 rows:
 [vidi] 10 0 /home/kaya/sparyser/matrices/c100.mtx_130 32 11265665 4.37826
Perman: [veni] running with 32 rows:
 [vidi] 10 0 /home/kaya/sparyser/matrices/c100.mtx_131 32 430661 1.40621
Perman: [veni] running with 32 rows:
 [vidi] 10 0 /home/kaya/sparyser/matrices/c100.mtx_132 32 1267488 4.08138
Perman: [veni] running with 32 rows:
 [vidi] 10 0 /home/kaya/sparyser/matrices/c100.mtx_133 32 4881144 4.7049
Perman: [veni] running with 32 rows:
 [vidi] 10 0 /home/kaya/sparyser/matrices/c100.mtx_134 32 5057516 3.23766
Perman: [veni] running with 32 rows:
 [vidi] 10 0 /home/kaya/sparyser/matrices/c100.mtx_135 32 3513758 3.19256
Perman: [veni] running with 32 rows:
 [vidi] 10 0 /home/kaya/sparyser/matrices/c100.mtx_136 32 798218 3.70439
Perman: [veni] running with 32 rows:
 [vidi] 10 0 /home/kaya/sparyser/matrices/c100.mtx_137 32 13521756 3.21879
Perman: [veni] running with 32 rows:
 [vidi] 10 0 /home/kaya/sparyser/matrices/c100.mtx_138 32 1417980 2.15884
Perman: [veni] running with 32 rows:
 [vidi] 10 0 /home/kaya/sparyser/matrices/c100.mtx_139 32 4498400 3.10521
Perman: [veni] running with 32 rows:
 [vidi] 10 0 /home/kaya/sparyser/matrices/c100.mtx_140 32 2988513 3.29013
Perman: [veni] running with 32 rows:
 [vidi] 10 0 /home/kaya/sparyser/matrices/c100.mtx_141 32 627690 3.5068
Perman: [veni] running with 32 rows:
 [vidi] 10 0 /home/kaya/sparyser/matrices/c100.mtx_142 32 2803747 3.26135
Perman: [veni] running with 32 rows:
 [vidi] 10 0 /home/kaya/sparyser/matrices/c100.mtx_143 32 6983304 3.18265
Perman: [veni] running with 32 rows:
 [vidi] 10 0 /home/kaya/sparyser/matrices/c100.mtx_144 32 791735 3.96425
Perman: [veni] running with 32 rows:
 [vidi] 10 0 /home/kaya/sparyser/matrices/c100.mtx_145 32 19779783 2.28614
Perman: [veni] running with 32 rows:
 [vidi] 10 0 /home/kaya/sparyser/matrices/c100.mtx_146 32 2336163 1.4237
Perman: [veni] running with 32 rows:
 [vidi] 10 0 /home/kaya/sparyser/matrices/c100.mtx_147 32 32321386 2.19302
Perman: [veni] running with 32 rows:
 [vidi] 10 0 /home/kaya/sparyser/matrices/c100.mtx_148 32 3912966 1.10689
Perman: [veni] running with 32 rows:
 [vidi] 10 0 /home/kaya/sparyser/matrices/c100.mtx_149 32 6088893 1.97127
Perman: [veni] running with 32 rows:
 [vidi] 10 0 /home/kaya/sparyser/matrices/c100.mtx_150 32 814438 1.18476
Perman: [veni] running with 32 rows:
 [vidi] 10 0 /home/kaya/sparyser/matrices/c100.mtx_151 32 6750058 2.04225
Perman: [veni] running with 32 rows:
 [vidi] 10 0 /home/kaya/sparyser/matrices/c100.mtx_152 32 12909528 2.10064
Perman: [veni] running with 32 rows:
 [vidi] 10 0 /home/kaya/sparyser/matrices/c100.mtx_153 32 2309584 2.70468
Perman: [veni] running with 32 rows:
 [vidi] 10 0 /home/kaya/sparyser/matrices/c100.mtx_154 32 10811875 4.04414
Perman: [veni] running with 32 rows:
 [vidi] 10 0 /home/kaya/sparyser/matrices/c100.mtx_155 32 1258380 1.62667
Perman: [veni] running with 32 rows:
 [vidi] 10 0 /home/kaya/sparyser/matrices/c100.mtx_156 32 4201965 3.93473
Perman: [veni] running with 32 rows:
 [vidi] 10 0 /home/kaya/sparyser/matrices/c100.mtx_157 32 7803277 2.15263
Perman: [veni] running with 32 rows:
 [vidi] 10 0 /home/kaya/sparyser/matrices/c100.mtx_158 32 1005965 1.29675
Perman: [veni] running with 32 rows:
 [vidi] 10 0 /home/kaya/sparyser/matrices/c100.mtx_159 32 11803520 2.78043
Perman: [veni] running with 32 rows:
 [vidi] 10 0 /home/kaya/sparyser/matrices/c100.mtx_160 32 640765 2.55198
Perman: [veni] running with 32 rows:
 [vidi] 10 0 /home/kaya/sparyser/matrices/c100.mtx_161 32 12745456 1.59987
Perman: [veni] running with 32 rows:
 [vidi] 10 0 /home/kaya/sparyser/matrices/c100.mtx_162 32 1666634 0.966102
Perman: [veni] running with 32 rows:
 [vidi] 10 0 /home/kaya/sparyser/matrices/c100.mtx_163 32 16195591 2.78316
Perman: [veni] running with 32 rows:
 [vidi] 10 0 /home/kaya/sparyser/matrices/c100.mtx_164 32 1599476 2.47619
Perman: [veni] running with 32 rows:
 [vidi] 10 0 /home/kaya/sparyser/matrices/c100.mtx_165 32 9143428 3.30639
Perman: [veni] running with 32 rows:
 [vidi] 10 0 /home/kaya/sparyser/matrices/c100.mtx_166 32 960424 2.09004
Perman: [veni] running with 32 rows:
 [vidi] 10 0 /home/kaya/sparyser/matrices/c100.mtx_167 32 10461952 2.07209
Perman: [veni] running with 32 rows:
 [vidi] 10 0 /home/kaya/sparyser/matrices/c100.mtx_168 32 7411990 1.53513
Perman: [veni] running with 32 rows:
 [vidi] 10 0 /home/kaya/sparyser/matrices/c100.mtx_169 32 1931474 2.42766
Perman: [veni] running with 32 rows:
 [vidi] 10 0 /home/kaya/sparyser/matrices/c100.mtx_170 32 13279978 2.22448
Perman: [veni] running with 32 rows:
 [vidi] 10 0 /home/kaya/sparyser/matrices/c100.mtx_171 32 1379157 1.45356
Perman: [veni] running with 32 rows:
 [vidi] 10 0 /home/kaya/sparyser/matrices/c100.mtx_172 32 16850432 2.19931
Perman: [veni] running with 32 rows:
 [vidi] 10 0 /home/kaya/sparyser/matrices/c100.mtx_173 32 11655028 1.86709
Perman: [veni] running with 32 rows:
 [vidi] 10 0 /home/kaya/sparyser/matrices/c100.mtx_174 32 2766558 2.18324
Perman: [veni] running with 32 rows:
 [vidi] 10 0 /home/kaya/sparyser/matrices/c100.mtx_175 32 19824212 2.27087
Perman: [veni] running with 32 rows:
 [vidi] 10 0 /home/kaya/sparyser/matrices/c100.mtx_176 32 1901514 1.08711
Perman: [veni] running with 32 rows:
 [vidi] 10 0 /home/kaya/sparyser/matrices/c100.mtx_177 32 6627754 3.50099
Perman: [veni] running with 32 rows:
 [vidi] 10 0 /home/kaya/sparyser/matrices/c100.mtx_178 32 4670056 2.68489
Perman: [veni] running with 32 rows:
 [vidi] 10 0 /home/kaya/sparyser/matrices/c100.mtx_179 32 261478 4.1368
Perman: [veni] running with 32 rows:
 [vidi] 10 0 /home/kaya/sparyser/matrices/c100.mtx_180 32 7905440 4.30234
Perman: [veni] running with 32 rows:
 [vidi] 10 0 /home/kaya/sparyser/matrices/c100.mtx_181 32 178906 1.47241
Perman: [veni] running with 32 rows:
 [vidi] 10 0 /home/kaya/sparyser/matrices/c100.mtx_182 32 10830688 2.2978
Perman: [veni] running with 32 rows:
 [vidi] 10 0 /home/kaya/sparyser/matrices/c100.mtx_183 32 2368008 1.94677
Perman: [veni] running with 32 rows:
 [vidi] 10 0 /home/kaya/sparyser/matrices/c100.mtx_184 32 14148702 2.38243
Perman: [veni] running with 32 rows:
 [vidi] 10 0 /home/kaya/sparyser/matrices/c100.mtx_185 32 2674972 1.89308
Perman: [veni] running with 32 rows:
 [vidi] 10 0 /home/kaya/sparyser/matrices/c100.mtx_186 32 2764008 5.53341
Perman: [veni] running with 32 rows:
 [vidi] 10 0 /home/kaya/sparyser/matrices/c100.mtx_187 32 10803920 2.37949
Perman: [veni] running with 32 rows:
 [vidi] 10 0 /home/kaya/sparyser/matrices/c100.mtx_188 32 2192600 1.96212
Perman: [veni] running with 32 rows:
 [vidi] 10 0 /home/kaya/sparyser/matrices/c100.mtx_189 32 968584 3.00255
Perman: [veni] running with 32 rows:
 [vidi] 10 0 /home/kaya/sparyser/matrices/c100.mtx_190 32 7328586 3.82189
Perman: [veni] running with 32 rows:
 [vidi] 10 0 /home/kaya/sparyser/matrices/c100.mtx_191 32 0 2.39917
Perman: [veni] running with 32 rows:
 [vidi] 10 0 /home/kaya/sparyser/matrices/c100.mtx_192 32 2994476 4.68901
Perman: [veni] running with 32 rows:
 [vidi] 10 0 /home/kaya/sparyser/matrices/c100.mtx_193 32 3092116 5.89461
Perman: [veni] running with 32 rows:
 [vidi] 10 0 /home/kaya/sparyser/matrices/c100.mtx_194 32 2047683 2.20994
Perman: [veni] running with 32 rows:
 [vidi] 10 0 /home/kaya/sparyser/matrices/c100.mtx_195 32 3373878 6.65049
Perman: [veni] running with 32 rows:
 [vidi] 10 0 /home/kaya/sparyser/matrices/c100.mtx_196 32 1783990 1.76746
Perman: [veni] running with 32 rows:
 [vidi] 10 0 /home/kaya/sparyser/matrices/c100.mtx_197 32 1331854 4.06132
Perman: [veni] running with 32 rows:
 [vidi] 10 0 /home/kaya/sparyser/matrices/c100.mtx_198 32 890051 2.08572
Perman: [veni] running with 32 rows:
 [vidi] 10 0 /home/kaya/sparyser/matrices/c100.mtx_199 32 1208271 6.6993
Perman: [veni] running with 32 rows:
 [vidi] 10 0 /home/kaya/sparyser/matrices/c100.mtx_200 32 328100 3.37579
Perman: [veni] running with 32 rows:
 [vidi] 10 0 /home/kaya/sparyser/matrices/c100.mtx_201 32 2222707 7.89756
Perman: [veni] running with 32 rows:
 [vidi] 10 0 /home/kaya/sparyser/matrices/c100.mtx_202 32 674510 5.91592
Perman: [veni] running with 32 rows:
 [vidi] 10 0 /home/kaya/sparyser/matrices/c100.mtx_203 32 449488 5.36778
Perman: [veni] running with 32 rows:
 [vidi] 10 0 /home/kaya/sparyser/matrices/c100.mtx_204 32 336532 5.60771
Perman: [veni] running with 32 rows:
 [vidi] 10 0 /home/kaya/sparyser/matrices/c100.mtx_205 32 1364914 6.41435
Perman: [veni] running with 32 rows:
 [vidi] 10 0 /home/kaya/sparyser/matrices/c100.mtx_206 32 448404 6.41105
Perman: [veni] running with 32 rows:
 [vidi] 10 0 /home/kaya/sparyser/matrices/c100.mtx_207 32 2842166 5.49538
Perman: [veni] running with 32 rows:
 [vidi] 10 0 /home/kaya/sparyser/matrices/c100.mtx_208 32 852985 2.62385
Perman: [veni] running with 32 rows:
 [vidi] 10 0 /home/kaya/sparyser/matrices/c100.mtx_209 32 9700272 3.74442
Perman: [veni] running with 32 rows:
 [vidi] 10 0 /home/kaya/sparyser/matrices/c100.mtx_210 32 1918517 4.09999
Perman: [veni] running with 32 rows:
 [vidi] 10 0 /home/kaya/sparyser/matrices/c100.mtx_211 32 547644 2.04973
Perman: [veni] running with 32 rows:
 [vidi] 10 0 /home/kaya/sparyser/matrices/c100.mtx_212 32 4029251 3.75581
Perman: [veni] running with 32 rows:
 [vidi] 10 0 /home/kaya/sparyser/matrices/c100.mtx_213 32 1316617 3.74898
Perman: [veni] running with 32 rows:
 [vidi] 10 0 /home/kaya/sparyser/matrices/c100.mtx_214 32 3473477 6.69681
Perman: [veni] running with 32 rows:
 [vidi] 10 0 /home/kaya/sparyser/matrices/c100.mtx_215 32 632047 3.39305
Perman: [veni] running with 32 rows:
 [vidi] 10 0 /home/kaya/sparyser/matrices/c100.mtx_216 32 1360606 6.04701
Perman: [veni] running with 32 rows:
 [vidi] 10 0 /home/kaya/sparyser/matrices/c100.mtx_217 32 1233594 4.12502
Perman: [veni] running with 32 rows:
 [vidi] 10 0 /home/kaya/sparyser/matrices/c100.mtx_218 32 384840 2.02593
Perman: [veni] running with 32 rows:
 [vidi] 10 0 /home/kaya/sparyser/matrices/c100.mtx_219 32 1896972 4.51838
Perman: [veni] running with 32 rows:
 [vidi] 10 0 /home/kaya/sparyser/matrices/c100.mtx_220 32 4074564 3.40232
Perman: [veni] running with 32 rows:
 [vidi] 10 0 /home/kaya/sparyser/matrices/c100.mtx_221 32 4331060 1.72598
Perman: [veni] running with 32 rows:
 [vidi] 10 0 /home/kaya/sparyser/matrices/c100.mtx_222 32 1473290 5.94193
Perman: [veni] running with 32 rows:
 [vidi] 10 0 /home/kaya/sparyser/matrices/c100.mtx_223 32 1610024 3.32274
Perman: [veni] running with 32 rows:
 [vidi] 10 0 /home/kaya/sparyser/matrices/c100.mtx_224 32 1570946 3.82369
Perman: [veni] running with 32 rows:
 [vidi] 10 0 /home/kaya/sparyser/matrices/c100.mtx_225 32 1097781 3.0095
Perman: [veni] running with 32 rows:
 [vidi] 10 0 /home/kaya/sparyser/matrices/c100.mtx_226 32 735317 5.91894
Perman: [veni] running with 32 rows:
 [vidi] 10 0 /home/kaya/sparyser/matrices/c100.mtx_227 32 1974021 4.72465
Perman: [veni] running with 32 rows:
 [vidi] 10 0 /home/kaya/sparyser/matrices/c100.mtx_228 32 543129 2.37136
Perman: [veni] running with 32 rows:
 [vidi] 10 0 /home/kaya/sparyser/matrices/c100.mtx_229 32 5983322 3.57256
Perman: [veni] running with 32 rows:
 [vidi] 10 0 /home/kaya/sparyser/matrices/c100.mtx_230 32 1760070 3.58218
Perman: [veni] running with 32 rows:
 [vidi] 10 0 /home/kaya/sparyser/matrices/c100.mtx_231 32 5210204 3.49639
Perman: [veni] running with 32 rows:
 [vidi] 10 0 /home/kaya/sparyser/matrices/c100.mtx_232 32 2369710 5.97945
Perman: [veni] running with 32 rows:
 [vidi] 10 0 /home/kaya/sparyser/matrices/c100.mtx_233 32 673250 6.01495
Perman: [veni] running with 32 rows:
 [vidi] 10 0 /home/kaya/sparyser/matrices/c100.mtx_234 32 2117383 6.19045
Perman: [veni] running with 32 rows:
 [vidi] 10 0 /home/kaya/sparyser/matrices/c100.mtx_235 32 2678336 4.35048
Perman: [veni] running with 32 rows:
 [vidi] 10 0 /home/kaya/sparyser/matrices/c100.mtx_236 32 3451920 4.3401
Perman: [veni] running with 32 rows:
 [vidi] 10 0 /home/kaya/sparyser/matrices/c100.mtx_237 32 1719384 6.93071
Perman: [veni] running with 32 rows:
 [vidi] 10 0 /home/kaya/sparyser/matrices/c100.mtx_238 32 2731848 4.3332
Perman: [veni] running with 32 rows:
 [vidi] 10 0 /home/kaya/sparyser/matrices/c100.mtx_239 32 587064 4.33334
Perman: [veni] running with 32 rows:
 [vidi] 10 0 /home/kaya/sparyser/matrices/c100.mtx_240 32 1563016 7.13739
Perman: [veni] running with 32 rows:
 [vidi] 10 0 /home/kaya/sparyser/matrices/c100.mtx_241 32 406944 3.6056
Perman: [veni] running with 32 rows:
 [vidi] 10 0 /home/kaya/sparyser/matrices/c100.mtx_242 32 925160 6.91543
Perman: [veni] running with 32 rows:
 [vidi] 10 0 /home/kaya/sparyser/matrices/c100.mtx_243 32 4948389 3.59359
Perman: [veni] running with 32 rows:
 [vidi] 10 0 /home/kaya/sparyser/matrices/c100.mtx_244 32 1722262 1.76841
Perman: [veni] running with 32 rows:
 [vidi] 10 0 /home/kaya/sparyser/matrices/c100.mtx_245 32 3940813 2.59503
Perman: [veni] running with 32 rows:
 [vidi] 10 0 /home/kaya/sparyser/matrices/c100.mtx_246 32 6659750 4.66847
Perman: [veni] running with 32 rows:
 [vidi] 10 0 /home/kaya/sparyser/matrices/c100.mtx_247 32 2589295 4.95658
Perman: [veni] running with 32 rows:
 [vidi] 10 0 /home/kaya/sparyser/matrices/c100.mtx_248 32 1077533 3.6304
Perman: [veni] running with 32 rows:
 [vidi] 10 0 /home/kaya/sparyser/matrices/c100.mtx_249 32 1999488 6.35362
Perman: [veni] running with 32 rows:
 [vidi] 10 0 /home/kaya/sparyser/matrices/c100.mtx_250 32 590937 6.17873
Perman: [veni] running with 32 rows:
 [vidi] 10 0 /home/kaya/sparyser/matrices/c100.mtx_251 32 2821703 7.33083
Perman: [veni] running with 32 rows:
 [vidi] 10 0 /home/kaya/sparyser/matrices/c100.mtx_252 32 873127 3.66909
Perman: [veni] running with 32 rows:
 [vidi] 10 0 /home/kaya/sparyser/matrices/c100.mtx_253 32 1205428 5.4782
Perman: [veni] running with 32 rows:
 [vidi] 10 0 /home/kaya/sparyser/matrices/c100.mtx_254 32 813728 5.75462
Perman: [veni] running with 32 rows:
 [vidi] 10 0 /home/kaya/sparyser/matrices/c100.mtx_255 32 690132 5.31007
Perman: [veni] running with 32 rows:
 [vidi] 10 0 /home/kaya/sparyser/matrices/c100.mtx_256 32 708597 5.92004
Perman: [veni] running with 32 rows:
 [vidi] 10 0 /home/kaya/sparyser/matrices/c100.mtx_257 32 1829565 5.46292
Perman: [veni] running with 32 rows:
 [vidi] 10 0 /home/kaya/sparyser/matrices/c100.mtx_258 32 943188 5.77593
Perman: [veni] running with 32 rows:
 [vidi] 10 0 /home/kaya/sparyser/matrices/c100.mtx_259 32 4814115 5.41234
Perman: [veni] running with 32 rows:
 [vidi] 10 0 /home/kaya/sparyser/matrices/c100.mtx_260 32 1611635 5.2856
Perman: [veni] running with 32 rows:
 [vidi] 10 0 /home/kaya/sparyser/matrices/c100.mtx_261 32 12713930 2.43718
Perman: [veni] running with 32 rows:
 [vidi] 10 0 /home/kaya/sparyser/matrices/c100.mtx_262 32 4651572 1.27615
Perman: [veni] running with 32 rows:
 [vidi] 10 0 /home/kaya/sparyser/matrices/c100.mtx_263 32 2298094 3.83876
Perman: [veni] running with 32 rows:
 [vidi] 10 0 /home/kaya/sparyser/matrices/c100.mtx_264 32 825994 3.83767
Perman: [veni] running with 32 rows:
 [vidi] 10 0 /home/kaya/sparyser/matrices/c100.mtx_265 32 2494492 4.56859
Perman: [veni] running with 32 rows:
 [vidi] 10 0 /home/kaya/sparyser/matrices/c100.mtx_266 32 4711163 4.23926
Perman: [veni] running with 32 rows:
 [vidi] 10 0 /home/kaya/sparyser/matrices/c100.mtx_267 32 2650084 7.35059
Perman: [veni] running with 32 rows:
 [vidi] 10 0 /home/kaya/sparyser/matrices/c100.mtx_268 32 5287851 8.29241
Perman: [veni] running with 32 rows:
 [vidi] 10 0 /home/kaya/sparyser/matrices/c100.mtx_269 32 2306798 4.178
Perman: [veni] running with 32 rows:
 [vidi] 10 0 /home/kaya/sparyser/matrices/c100.mtx_270 32 951833 6.41098
Perman: [veni] running with 32 rows:
 [vidi] 10 0 /home/kaya/sparyser/matrices/c100.mtx_271 32 3032307 7.66311
Perman: [veni] running with 32 rows:
 [vidi] 10 0 /home/kaya/sparyser/matrices/c100.mtx_272 32 2133667 3.74626
Perman: [veni] running with 32 rows:
 [vidi] 10 0 /home/kaya/sparyser/matrices/c100.mtx_273 32 732099 3.70095
Perman: [veni] running with 32 rows:
 [vidi] 10 0 /home/kaya/sparyser/matrices/c100.mtx_274 32 2667999 4.08271
Perman: [veni] running with 32 rows:
 [vidi] 10 0 /home/kaya/sparyser/matrices/c100.mtx_275 32 917637 2.09795
Perman: [veni] running with 32 rows:
 [vidi] 10 0 /home/kaya/sparyser/matrices/c100.mtx_276 32 5295972 2.04576
Perman: [veni] running with 32 rows:
 [vidi] 10 0 /home/kaya/sparyser/matrices/c100.mtx_277 32 1963424 1.07613
Perman: [veni] running with 32 rows:
 [vidi] 10 0 /home/kaya/sparyser/matrices/c100.mtx_278 32 8256936 2.24853
Perman: [veni] running with 32 rows:
 [vidi] 10 0 /home/kaya/sparyser/matrices/c100.mtx_279 32 2247666 7.12863
Perman: [veni] running with 32 rows:
 [vidi] 10 0 /home/kaya/sparyser/matrices/c100.mtx_280 32 1002819 3.75902
Perman: [veni] running with 32 rows:
 [vidi] 10 0 /home/kaya/sparyser/matrices/c100.mtx_281 32 3799650 8.15704
Perman: [veni] running with 32 rows:
 [vidi] 10 0 /home/kaya/sparyser/matrices/c100.mtx_282 32 2533693 3.76342
Perman: [veni] running with 32 rows:
 [vidi] 10 0 /home/kaya/sparyser/matrices/c100.mtx_283 32 1780495 3.19971
Perman: [veni] running with 32 rows:
 [vidi] 10 0 /home/kaya/sparyser/matrices/c100.mtx_284 32 1395998 6.05422
Perman: [veni] running with 32 rows:
 [vidi] 10 0 /home/kaya/sparyser/matrices/c100.mtx_285 32 3300522 4.25661
Perman: [veni] running with 32 rows:
 [vidi] 10 0 /home/kaya/sparyser/matrices/c100.mtx_286 32 1067164 4.26761
Perman: [veni] running with 32 rows:
 [vidi] 10 0 /home/kaya/sparyser/matrices/c100.mtx_287 32 5932862 2.39245
Perman: [veni] running with 32 rows:
 [vidi] 10 0 /home/kaya/sparyser/matrices/c100.mtx_288 32 4101210 1.93927
Perman: [veni] running with 32 rows:
 [vidi] 10 0 /home/kaya/sparyser/matrices/c100.mtx_289 32 3449800 3.05357
Perman: [veni] running with 32 rows:
 [vidi] 10 0 /home/kaya/sparyser/matrices/c100.mtx_290 32 6897156 2.27253
Perman: [veni] running with 32 rows:
 [vidi] 10 0 /home/kaya/sparyser/matrices/c100.mtx_291 32 2387524 1.16145
Perman: [veni] running with 32 rows:
 [vidi] 10 0 /home/kaya/sparyser/matrices/c100.mtx_292 32 2674935 7.61937
Perman: [veni] running with 32 rows:
 [vidi] 10 0 /home/kaya/sparyser/matrices/c100.mtx_293 32 1855765 5.56985
Perman: [veni] running with 32 rows:
 [vidi] 10 0 /home/kaya/sparyser/matrices/c100.mtx_294 32 1702403 7.0924
Perman: [veni] running with 32 rows:
 [vidi] 10 0 /home/kaya/sparyser/matrices/c100.mtx_295 32 3211865 7.59648
Perman: [veni] running with 32 rows:
 [vidi] 10 0 /home/kaya/sparyser/matrices/c100.mtx_296 32 1226965 3.81714
Perman: [veni] running with 32 rows:
 [vidi] 10 0 /home/kaya/sparyser/matrices/c100.mtx_297 32 2534718 5.57974
Perman: [veni] running with 32 rows:
 [vidi] 10 0 /home/kaya/sparyser/matrices/c100.mtx_298 32 1663408 4.56321
Perman: [veni] running with 32 rows:
 [vidi] 10 0 /home/kaya/sparyser/matrices/c100.mtx_299 32 3471226 5.58274
Perman: [veni] running with 32 rows:
 [vidi] 10 0 /home/kaya/sparyser/matrices/c100.mtx_300 32 2013860 4.56482
Perman: [veni] running with 32 rows:
 [vidi] 10 0 /home/kaya/sparyser/matrices/c100.mtx_301 32 1394592 8.89364
Perman: [veni] running with 32 rows:
 [vidi] 10 0 /home/kaya/sparyser/matrices/c100.mtx_302 32 1854664 8.77613
Perman: [veni] running with 32 rows:
 [vidi] 10 0 /home/kaya/sparyser/matrices/c100.mtx_303 32 2232492 5.58607
Perman: [veni] running with 32 rows:
 [vidi] 10 0 /home/kaya/sparyser/matrices/c100.mtx_304 32 1668772 4.56549
Perman: [veni] running with 32 rows:
 [vidi] 10 0 /home/kaya/sparyser/matrices/c100.mtx_305 32 1092732 8.89244
Perman: [veni] running with 32 rows:
 [vidi] 10 0 /home/kaya/sparyser/matrices/c100.mtx_306 32 2818300 9.01224
Perman: [veni] running with 32 rows:
 [vidi] 10 0 /home/kaya/sparyser/matrices/c100.mtx_307 32 1006056 9.08888
Perman: [veni] running with 32 rows:
 [vidi] 10 0 /home/kaya/sparyser/matrices/c100.mtx_308 32 1618111 8.75788
Perman: [veni] running with 32 rows:
 [vidi] 10 0 /home/kaya/sparyser/matrices/c100.mtx_309 32 5864967 6.55956
Perman: [veni] running with 32 rows:
 [vidi] 10 0 /home/kaya/sparyser/matrices/c100.mtx_310 32 2197362 3.50122
Perman: [veni] running with 32 rows:
 [vidi] 10 0 /home/kaya/sparyser/matrices/c100.mtx_311 32 904028 2.41366
Perman: [veni] running with 32 rows:
 [vidi] 10 0 /home/kaya/sparyser/matrices/c100.mtx_312 32 382430 2.94134
Perman: [veni] running with 32 rows:
 [vidi] 10 0 /home/kaya/sparyser/matrices/c100.mtx_313 32 2252715 4.41757
Perman: [veni] running with 32 rows:
 [vidi] 10 0 /home/kaya/sparyser/matrices/c100.mtx_314 32 209074 1.60802
Perman: [veni] running with 32 rows:
 [vidi] 10 0 /home/kaya/sparyser/matrices/c100.mtx_315 32 924251 3.94138
Perman: [veni] running with 32 rows:
 [vidi] 10 0 /home/kaya/sparyser/matrices/c100.mtx_316 32 1460986 6.77668
Perman: [veni] running with 32 rows:
 [vidi] 10 0 /home/kaya/sparyser/matrices/c100.mtx_317 32 2536691 3.6774
Perman: [veni] running with 32 rows:
 [vidi] 10 0 /home/kaya/sparyser/matrices/c100.mtx_318 32 1167470 3.54789
Perman: [veni] running with 32 rows:
 [vidi] 10 0 /home/kaya/sparyser/matrices/c100.mtx_319 32 428740 3.71377
Perman: [veni] running with 32 rows:
 [vidi] 10 0 /home/kaya/sparyser/matrices/c100.mtx_320 32 1694322 4.06544
Perman: [veni] running with 32 rows:
 [vidi] 10 0 /home/kaya/sparyser/matrices/c100.mtx_321 32 657536 2.03476
Perman: [veni] running with 32 rows:
 [vidi] 10 0 /home/kaya/sparyser/matrices/c100.mtx_322 32 3880516 3.27478
Perman: [veni] running with 32 rows:
 [vidi] 10 0 /home/kaya/sparyser/matrices/c100.mtx_323 32 11011090 2.69665
Perman: [veni] running with 32 rows:
 [vidi] 10 0 /home/kaya/sparyser/matrices/c100.mtx_324 32 1944133 2.06004
Perman: [veni] running with 32 rows:
 [vidi] 10 0 /home/kaya/sparyser/matrices/c100.mtx_325 32 4443654 2.20397
Perman: [veni] running with 32 rows:
 [vidi] 10 0 /home/kaya/sparyser/matrices/c100.mtx_326 32 1673359 1.1317
Perman: [veni] running with 32 rows:
 [vidi] 10 0 /home/kaya/sparyser/matrices/c100.mtx_327 32 4731103 3.55273
Perman: [veni] running with 32 rows:
 [vidi] 10 0 /home/kaya/sparyser/matrices/c100.mtx_328 32 600808 1.55404
Perman: [veni] running with 32 rows:
 [vidi] 10 0 /home/kaya/sparyser/matrices/c100.mtx_329 32 1887224 3.44087
Perman: [veni] running with 32 rows:
 [vidi] 10 0 /home/kaya/sparyser/matrices/c100.mtx_330 32 1664640 2.48263
Perman: [veni] running with 32 rows:
 [vidi] 10 0 /home/kaya/sparyser/matrices/c100.mtx_331 32 2310860 1.37428
Perman: [veni] running with 32 rows:
 [vidi] 10 0 /home/kaya/sparyser/matrices/c100.mtx_332 32 4507436 2.83778
Perman: [veni] running with 32 rows:
 [vidi] 10 0 /home/kaya/sparyser/matrices/c100.mtx_333 32 5571876 1.34393
Perman: [veni] running with 32 rows:
 [vidi] 10 0 /home/kaya/sparyser/matrices/c100.mtx_334 32 1971842 3.76073
Perman: [veni] running with 32 rows:
 [vidi] 10 0 /home/kaya/sparyser/matrices/c100.mtx_335 32 2475094 1.71485
Perman: [veni] running with 32 rows:
 [vidi] 10 0 /home/kaya/sparyser/matrices/c100.mtx_336 32 2463990 2.36471
Perman: [veni] running with 32 rows:
 [vidi] 10 0 /home/kaya/sparyser/matrices/c100.mtx_337 32 854999 2.27275
Perman: [veni] running with 32 rows:
 [vidi] 10 0 /home/kaya/sparyser/matrices/c100.mtx_338 32 2561699 2.77324
Perman: [veni] running with 32 rows:
 [vidi] 10 0 /home/kaya/sparyser/matrices/c100.mtx_339 32 5981412 3.46981
Perman: [veni] running with 32 rows:
 [vidi] 10 0 /home/kaya/sparyser/matrices/c100.mtx_340 32 2142470 1.75806
Perman: [veni] running with 32 rows:
 [vidi] 10 0 /home/kaya/sparyser/matrices/c100.mtx_341 32 5674598 4.0118
Perman: [veni] running with 32 rows:
 [vidi] 10 0 /home/kaya/sparyser/matrices/c100.mtx_342 32 2665943 3.55288
Perman: [veni] running with 32 rows:
 [vidi] 10 0 /home/kaya/sparyser/matrices/c100.mtx_343 32 1046345 1.83297
Perman: [veni] running with 32 rows:
 [vidi] 10 0 /home/kaya/sparyser/matrices/c100.mtx_344 32 2664074 4.17067
Perman: [veni] running with 32 rows:
 [vidi] 10 0 /home/kaya/sparyser/matrices/c100.mtx_345 32 2409808 2.44369
Perman: [veni] running with 32 rows:
 [vidi] 10 0 /home/kaya/sparyser/matrices/c100.mtx_346 32 3153458 1.87184
Perman: [veni] running with 32 rows:
 [vidi] 10 0 /home/kaya/sparyser/matrices/c100.mtx_347 32 1964280 4.01911
Perman: [veni] running with 32 rows:
 [vidi] 10 0 /home/kaya/sparyser/matrices/c100.mtx_348 32 2105636 2.48428
Perman: [veni] running with 32 rows:
 [vidi] 10 0 /home/kaya/sparyser/matrices/c100.mtx_349 32 667120 1.24297
Perman: [veni] running with 32 rows:
 [vidi] 10 0 /home/kaya/sparyser/matrices/c100.mtx_350 32 2249410 4.07045
Perman: [veni] running with 32 rows:
 [vidi] 10 0 /home/kaya/sparyser/matrices/c100.mtx_351 32 904940 4.01176
Perman: [veni] running with 32 rows:
 [vidi] 10 0 /home/kaya/sparyser/matrices/c100.mtx_352 32 75176634 5.62938
Perman: [veni] running with 32 rows:
 [vidi] 10 0 /home/kaya/sparyser/matrices/c100.mtx_353 32 53241539 5.55093
Perman: [veni] running with 32 rows:
 [vidi] 10 0 /home/kaya/sparyser/matrices/c100.mtx_354 32 73404339 6.60434
Perman: [veni] running with 32 rows:
 [vidi] 10 0 /home/kaya/sparyser/matrices/c100.mtx_355 32 21246995 3.34578
Perman: [veni] running with 32 rows:
 [vidi] 10 0 /home/kaya/sparyser/matrices/c100.mtx_356 32 16778127 7.19428
Perman: [veni] running with 32 rows:
 [vidi] 10 0 /home/kaya/sparyser/matrices/c100.mtx_357 32 59607072 6.7319
Perman: [veni] running with 32 rows:
 [vidi] 10 0 /home/kaya/sparyser/matrices/c100.mtx_358 32 7005813 4.17662
Perman: [veni] running with 32 rows:
 [vidi] 10 0 /home/kaya/sparyser/matrices/c100.mtx_359 32 5340768 4.28001
Perman: [veni] running with 32 rows:
 [vidi] 10 0 /home/kaya/sparyser/matrices/c100.mtx_360 32 5703902 5.67116
Perman: [veni] running with 32 rows:
 [vidi] 10 0 /home/kaya/sparyser/matrices/c100.mtx_361 32 17486796 5.61805
Perman: [veni] running with 32 rows:
 [vidi] 10 0 /home/kaya/sparyser/matrices/c100.mtx_362 32 5390928 5.62546
Perman: [veni] running with 32 rows:
 [vidi] 10 0 /home/kaya/sparyser/matrices/c100.mtx_363 32 16566654 4.65488
Perman: [veni] running with 32 rows:
 [vidi] 10 0 /home/kaya/sparyser/matrices/c100.mtx_364 32 9404616 2.84887
Perman: [veni] running with 32 rows:
 [vidi] 10 0 /home/kaya/sparyser/matrices/c100.mtx_365 32 4711182 4.68107
Perman: [veni] running with 32 rows:
 [vidi] 10 0 /home/kaya/sparyser/matrices/c100.mtx_366 32 12667185 4.51175
Perman: [veni] running with 32 rows:
 [vidi] 10 0 /home/kaya/sparyser/matrices/c100.mtx_367 32 3747213 4.38522
Perman: [veni] running with 32 rows:
 [vidi] 10 0 /home/kaya/sparyser/matrices/c100.mtx_368 32 9561639 4.0129
Perman: [veni] running with 32 rows:
 [vidi] 10 0 /home/kaya/sparyser/matrices/c100.mtx_369 32 5502051 3.92838
Perman: [veni] running with 32 rows:
 [vidi] 10 0 /home/kaya/sparyser/matrices/c100.mtx_370 32 10312218 1.45313
Perman: [veni] running with 32 rows:
 [vidi] 10 0 /home/kaya/sparyser/matrices/c100.mtx_371 32 2215458 6.50467
Perman: [veni] running with 32 rows:
 [vidi] 10 0 /home/kaya/sparyser/matrices/c100.mtx_372 32 5375328 3.46437
Perman: [veni] running with 32 rows:
 [vidi] 10 0 /home/kaya/sparyser/matrices/c100.mtx_373 32 3542484 3.00178
Perman: [veni] running with 32 rows:
 [vidi] 10 0 /home/kaya/sparyser/matrices/c100.mtx_374 32 15051048 4.0549
Perman: [veni] running with 32 rows:
 [vidi] 10 0 /home/kaya/sparyser/matrices/c100.mtx_375 32 2885508 4.68219
Perman: [veni] running with 32 rows:
 [vidi] 10 0 /home/kaya/sparyser/matrices/c100.mtx_376 32 8351316 3.92425
Perman: [veni] running with 32 rows:
 [vidi] 10 0 /home/kaya/sparyser/matrices/c100.mtx_377 32 2709132 4.01854
Perman: [veni] running with 32 rows:
 [vidi] 10 0 /home/kaya/sparyser/matrices/c100.mtx_378 32 1132236 4.66493
Perman: [veni] running with 32 rows:
 [vidi] 10 0 /home/kaya/sparyser/matrices/c100.mtx_379 32 55576769 2.87574
Perman: [veni] running with 32 rows:
 [vidi] 10 0 /home/kaya/sparyser/matrices/c100.mtx_380 32 37586655 2.26509
Perman: [veni] running with 32 rows:
 [vidi] 10 0 /home/kaya/sparyser/matrices/c100.mtx_381 32 23266361 6.2678
Perman: [veni] running with 32 rows:
 [vidi] 10 0 /home/kaya/sparyser/matrices/c100.mtx_382 32 11280236 6.44069
Perman: [veni] running with 32 rows:
 [vidi] 10 0 /home/kaya/sparyser/matrices/c100.mtx_383 32 2816829 5.13898
Perman: [veni] running with 32 rows:
 [vidi] 10 0 /home/kaya/sparyser/matrices/c100.mtx_384 32 2011986 1.26014
Perman: [veni] running with 32 rows:
 [vidi] 10 0 /home/kaya/sparyser/matrices/c100.mtx_385 32 8740694 3.42615
Perman: [veni] running with 32 rows:
 [vidi] 10 0 /home/kaya/sparyser/matrices/c100.mtx_386 32 2083074 3.59377
Perman: [veni] running with 32 rows:
 [vidi] 10 0 /home/kaya/sparyser/matrices/c100.mtx_387 32 11889375 3.21579
Perman: [veni] running with 32 rows:
 [vidi] 10 0 /home/kaya/sparyser/matrices/c100.mtx_388 32 8044610 5.54899
Perman: [veni] running with 32 rows:
 [vidi] 10 0 /home/kaya/sparyser/matrices/c100.mtx_389 32 5988386 4.15492
Perman: [veni] running with 32 rows:
 [vidi] 10 0 /home/kaya/sparyser/matrices/c100.mtx_390 32 7265202 4.04014
Perman: [veni] running with 32 rows:
 [vidi] 10 0 /home/kaya/sparyser/matrices/c100.mtx_391 32 1049841 0.923497
Perman: [veni] running with 32 rows:
 [vidi] 10 0 /home/kaya/sparyser/matrices/c100.mtx_392 32 3935244 1.83341
Perman: [veni] running with 32 rows:
 [vidi] 10 0 /home/kaya/sparyser/matrices/c100.mtx_393 32 6854304 1.35309
Perman: [veni] running with 32 rows:
 [vidi] 10 0 /home/kaya/sparyser/matrices/c100.mtx_394 32 1319160 3.81915
Perman: [veni] running with 32 rows:
 [vidi] 10 0 /home/kaya/sparyser/matrices/c100.mtx_395 32 4778436 2.37275
Perman: [veni] running with 32 rows:
 [vidi] 10 0 /home/kaya/sparyser/matrices/c100.mtx_396 32 496188 2.20268
Perman: [veni] running with 32 rows:
 [vidi] 10 0 /home/kaya/sparyser/matrices/c100.mtx_397 32 67576593 6.59563
Perman: [veni] running with 32 rows:
 [vidi] 10 0 /home/kaya/sparyser/matrices/c100.mtx_398 32 51403115 3.9562
Perman: [veni] running with 32 rows:
 [vidi] 10 0 /home/kaya/sparyser/matrices/c100.mtx_399 32 39808590 2.58102
Perman: [veni] running with 32 rows:
 [vidi] 10 0 /home/kaya/sparyser/matrices/c100.mtx_400 32 6470261 8.13042
Perman: [veni] running with 32 rows:
 [vidi] 10 0 /home/kaya/sparyser/matrices/c100.mtx_401 32 12490413 5.24313
Perman: [veni] running with 32 rows:
 [vidi] 10 0 /home/kaya/sparyser/matrices/c100.mtx_402 32 2896740 2.5691
Perman: [veni] running with 32 rows:
 [vidi] 10 0 /home/kaya/sparyser/matrices/c100.mtx_403 32 12775626 5.42476
Perman: [veni] running with 32 rows:
 [vidi] 10 0 /home/kaya/sparyser/matrices/c100.mtx_404 32 8652402 3.74988
Perman: [veni] running with 32 rows:
 [vidi] 10 0 /home/kaya/sparyser/matrices/c100.mtx_405 32 6315834 2.79155
Perman: [veni] running with 32 rows:
 [vidi] 10 0 /home/kaya/sparyser/matrices/c100.mtx_406 32 8679495 5.89781
Perman: [veni] running with 32 rows:
 [vidi] 10 0 /home/kaya/sparyser/matrices/c100.mtx_407 32 11865372 3.73413
Perman: [veni] running with 32 rows:
 [vidi] 10 0 /home/kaya/sparyser/matrices/c100.mtx_408 32 1348476 3.18622
Perman: [veni] running with 32 rows:
 [vidi] 10 0 /home/kaya/sparyser/matrices/c100.mtx_409 32 5522052 5.36981
Perman: [veni] running with 32 rows:
 [vidi] 10 0 /home/kaya/sparyser/matrices/c100.mtx_410 32 530964 1.58061
Perman: [veni] running with 32 rows:
 [vidi] 10 0 /home/kaya/sparyser/matrices/c100.mtx_411 32 52689990 4.5528
Perman: [veni] running with 32 rows:
 [vidi] 10 0 /home/kaya/sparyser/matrices/c100.mtx_412 32 18933713 2.98192
Perman: [veni] running with 32 rows:
 [vidi] 10 0 /home/kaya/sparyser/matrices/c100.mtx_413 32 2779221 3.41074
Perman: [veni] running with 32 rows:
 [vidi] 10 0 /home/kaya/sparyser/matrices/c100.mtx_414 32 6605409 1.90627
Perman: [veni] running with 32 rows:
 [vidi] 10 0 /home/kaya/sparyser/matrices/c100.mtx_415 32 6242175 3.67932
Perman: [veni] running with 32 rows:
 [vidi] 10 0 /home/kaya/sparyser/matrices/c100.mtx_416 32 7339311 3.53618
Perman: [veni] running with 32 rows:
 [vidi] 10 0 /home/kaya/sparyser/matrices/c100.mtx_417 32 4356039 1.78054
Perman: [veni] running with 32 rows:
 [vidi] 10 0 /home/kaya/sparyser/matrices/c100.mtx_418 32 6316212 3.41652
Perman: [veni] running with 32 rows:
 [vidi] 10 0 /home/kaya/sparyser/matrices/c100.mtx_419 32 2802984 3.17235
Perman: [veni] running with 32 rows:
 [vidi] 10 0 /home/kaya/sparyser/matrices/c100.mtx_420 32 187885024 4.74473
Perman: [veni] running with 32 rows:
 [vidi] 10 0 /home/kaya/sparyser/matrices/c100.mtx_421 32 9174594 4.52969
Perman: [veni] running with 32 rows:
 [vidi] 10 0 /home/kaya/sparyser/matrices/c100.mtx_422 32 13509152 2.16829
Perman: [veni] running with 32 rows:
 [vidi] 10 0 /home/kaya/sparyser/matrices/c100.mtx_423 32 16126415 5.31389
Perman: [veni] running with 32 rows:
 [vidi] 10 0 /home/kaya/sparyser/matrices/c100.mtx_424 32 22300882 5.5038
Perman: [veni] running with 32 rows:
 [vidi] 10 0 /home/kaya/sparyser/matrices/c100.mtx_425 32 40060548 2.80509
Perman: [veni] running with 32 rows:
 [vidi] 10 0 /home/kaya/sparyser/matrices/c100.mtx_426 32 50314872 2.86547
Perman: [veni] running with 32 rows:
 [vidi] 10 0 /home/kaya/sparyser/matrices/c100.mtx_427 32 14465848 5.34091
Perman: [veni] running with 32 rows:
 [vidi] 10 0 /home/kaya/sparyser/matrices/c100.mtx_428 32 6399395 2.95134
Perman: [veni] running with 32 rows:
 [vidi] 10 0 /home/kaya/sparyser/matrices/c100.mtx_429 32 6458745 2.82796
Perman: [veni] running with 32 rows:
 [vidi] 10 0 /home/kaya/sparyser/matrices/c100.mtx_430 32 4197908 2.76832
Perman: [veni] running with 32 rows:
 [vidi] 10 0 /home/kaya/sparyser/matrices/c100.mtx_431 32 2785654 4.90884
Perman: [veni] running with 32 rows:
 [vidi] 10 0 /home/kaya/sparyser/matrices/c100.mtx_432 32 2038558 2.70908
Perman: [veni] running with 32 rows:
 [vidi] 10 0 /home/kaya/sparyser/matrices/c100.mtx_433 32 272484 1.84282
Perman: [veni] running with 32 rows:
 [vidi] 10 0 /home/kaya/sparyser/matrices/c100.mtx_434 32 7568333 2.76705
Perman: [veni] running with 32 rows:
 [vidi] 10 0 /home/kaya/sparyser/matrices/c100.mtx_435 32 1140348 1.84738
Perman: [veni] running with 32 rows:
 [vidi] 10 0 /home/kaya/sparyser/matrices/c100.mtx_436 32 26562041 4.22874
Perman: [veni] running with 32 rows:
 [vidi] 10 0 /home/kaya/sparyser/matrices/c100.mtx_437 32 18574984 4.30487
Perman: [veni] running with 32 rows:
 [vidi] 10 0 /home/kaya/sparyser/matrices/c100.mtx_438 32 8781928 6.36369
Perman: [veni] running with 32 rows:
 [vidi] 10 0 /home/kaya/sparyser/matrices/c100.mtx_439 32 3022636 4.29015
Perman: [veni] running with 32 rows:
 [vidi] 10 0 /home/kaya/sparyser/matrices/c100.mtx_440 32 2036568 4.33926
Perman: [veni] running with 32 rows:
 [vidi] 10 0 /home/kaya/sparyser/matrices/c100.mtx_441 32 1055770 5.54281
Perman: [veni] running with 32 rows:
 [vidi] 10 0 /home/kaya/sparyser/matrices/c100.mtx_442 32 5932225 4.77948
Perman: [veni] running with 32 rows:
 [vidi] 10 0 /home/kaya/sparyser/matrices/c100.mtx_443 32 3786856 4.35123
Perman: [veni] running with 32 rows:
 [vidi] 10 0 /home/kaya/sparyser/matrices/c100.mtx_444 32 8659106 2.38179
Perman: [veni] running with 32 rows:
 [vidi] 10 0 /home/kaya/sparyser/matrices/c100.mtx_445 32 3584644 5.90577
Perman: [veni] running with 32 rows:
 [vidi] 10 0 /home/kaya/sparyser/matrices/c100.mtx_446 32 17988875 5.44829
Perman: [veni] running with 32 rows:
 [vidi] 10 0 /home/kaya/sparyser/matrices/c100.mtx_447 32 9878544 2.17994
Perman: [veni] running with 32 rows:
 [vidi] 10 0 /home/kaya/sparyser/matrices/c100.mtx_448 32 9029757 5.46516
Perman: [veni] running with 32 rows:
 [vidi] 10 0 /home/kaya/sparyser/matrices/c100.mtx_449 32 12175427 5.48445
Perman: [veni] running with 32 rows:
 [vidi] 10 0 /home/kaya/sparyser/matrices/c100.mtx_450 32 7080214 2.37836
Perman: [veni] running with 32 rows:
 [vidi] 10 0 /home/kaya/sparyser/matrices/c100.mtx_451 32 6426974 5.45395
Perman: [veni] running with 32 rows:
 [vidi] 10 0 /home/kaya/sparyser/matrices/c100.mtx_452 32 6476604 5.90978
Perman: [veni] running with 32 rows:
 [vidi] 10 0 /home/kaya/sparyser/matrices/c100.mtx_453 32 4572605 6.52816
Perman: [veni] running with 32 rows:
 [vidi] 10 0 /home/kaya/sparyser/matrices/c100.mtx_454 32 10549643 5.47773
Perman: [veni] running with 32 rows:
 [vidi] 10 0 /home/kaya/sparyser/matrices/c100.mtx_455 32 6164182 2.39971
Perman: [veni] running with 32 rows:
